[29.06.2020 23:45:48, поток 0] [DEBUG] Start...
[29.06.2020 23:45:48, поток 0] Парсим куки...
[29.06.2020 23:45:50, поток 0] Спарсили куки
[29.06.2020 23:45:52, поток 0] Вошли в аккаунт.
[29.06.2020 23:45:58, поток 0] Сообщение отправлено.
[29.06.2020 23:49:50, поток 0] [DEBUG] Start...
[29.06.2020 23:49:50, поток 0] Парсим куки...
[29.06.2020 23:49:51, поток 0] Спарсили куки
[29.06.2020 23:49:53, поток 0] Вошли в аккаунт.
[29.06.2020 23:49:54, поток 0] 24872342822 - это ID в чёрном списке.
[29.06.2020 23:49:54, поток 0] [DEBUG] Start...
[29.06.2020 23:49:54, поток 0] Парсим куки...
[29.06.2020 23:49:54, поток 0] Спарсили куки
[29.06.2020 23:49:56, поток 0] Вошли в аккаунт.
[29.06.2020 23:50:01, поток 0] Сообщение отправлено.
[29.06.2020 23:52:00, поток 0] [DEBUG] Start...
[29.06.2020 23:52:00, поток 0] Парсим куки...
[29.06.2020 23:52:00, поток 0] Спарсили куки
[29.06.2020 23:52:03, поток 0] Вошли в аккаунт.
[29.06.2020 23:52:03, поток 0] (Ошибка) Текст ошибки: Newtonsoft.Json.JsonReaderException: Unexpected character encountered while parsing value: <. Path '', line 0, position 0.
   в Newtonsoft.Json.JsonTextReader.ParseValue()
   в Newtonsoft.Json.JsonTextReader.Read()
   в Newtonsoft.Json.JsonReader.ReadForType(JsonContract contract, Boolean hasConverter)
   в Newtonsoft.Json.Serialization.JsonSerializerInternalReader.Deserialize(JsonReader reader, Type objectType, Boolean checkAdditionalContent)
   в Newtonsoft.Json.JsonSerializer.DeserializeInternal(JsonReader reader, Type objectType)
   в Newtonsoft.Json.JsonConvert.DeserializeObject(String value, Type type, JsonSerializerSettings settings)
   в Newtonsoft.Json.JsonConvert.DeserializeObject[T](String value, JsonSerializerSettings settings)
   в InstaDirectMessage_ButDev.InstagramDirectMessage.DoWorkPost(String postlink, WebProxy proxy, String UserAgent, String cookie) в D:\MaXiMAA\MaXiMAAOld\C#Готово\KWORK\InstaDirectMessage_ButDev\InstaDirectMessage_ButDev\InstagramDirectMessage.cs:строка 421
[29.06.2020 23:52:03, поток 0] [Ошибка] Что-то не так. Переделываем.
[29.06.2020 23:52:04, поток 0] Спарсили куки
[29.06.2020 23:52:05, поток 0] Вошли в аккаунт.
[29.06.2020 23:52:05, поток 0] (Ошибка) Текст ошибки: Newtonsoft.Json.JsonReaderException: Unexpected character encountered while parsing value: <. Path '', line 0, position 0.
   в Newtonsoft.Json.JsonTextReader.ParseValue()
   в Newtonsoft.Json.JsonTextReader.Read()
   в Newtonsoft.Json.JsonReader.ReadForType(JsonContract contract, Boolean hasConverter)
   в Newtonsoft.Json.Serialization.JsonSerializerInternalReader.Deserialize(JsonReader reader, Type objectType, Boolean checkAdditionalContent)
   в Newtonsoft.Json.JsonSerializer.DeserializeInternal(JsonReader reader, Type objectType)
   в Newtonsoft.Json.JsonConvert.DeserializeObject(String value, Type type, JsonSerializerSettings settings)
   в Newtonsoft.Json.JsonConvert.DeserializeObject[T](String value, JsonSerializerSettings settings)
   в InstaDirectMessage_ButDev.InstagramDirectMessage.DoWorkPost(String postlink, WebProxy proxy, String UserAgent, String cookie) в D:\MaXiMAA\MaXiMAAOld\C#Готово\KWORK\InstaDirectMessage_ButDev\InstaDirectMessage_ButDev\InstagramDirectMessage.cs:строка 421
[29.06.2020 23:52:10, поток 0] [DEBUG] Start...
[29.06.2020 23:52:10, поток 0] Парсим куки...
[29.06.2020 23:52:11, поток 0] Спарсили куки
[29.06.2020 23:52:12, поток 0] Вошли в аккаунт.
[29.06.2020 23:52:12, поток 0] (Ошибка) Текст ошибки: Newtonsoft.Json.JsonReaderException: Unexpected character encountered while parsing value: <. Path '', line 0, position 0.
   в Newtonsoft.Json.JsonTextReader.ParseValue()
   в Newtonsoft.Json.JsonTextReader.Read()
   в Newtonsoft.Json.JsonReader.ReadForType(JsonContract contract, Boolean hasConverter)
   в Newtonsoft.Json.Serialization.JsonSerializerInternalReader.Deserialize(JsonReader reader, Type objectType, Boolean checkAdditionalContent)
   в Newtonsoft.Json.JsonSerializer.DeserializeInternal(JsonReader reader, Type objectType)
   в Newtonsoft.Json.JsonConvert.DeserializeObject(String value, Type type, JsonSerializerSettings settings)
   в Newtonsoft.Json.JsonConvert.DeserializeObject[T](String value, JsonSerializerSettings settings)
   в InstaDirectMessage_ButDev.InstagramDirectMessage.DoWorkPost(String postlink, WebProxy proxy, String UserAgent, String cookie) в D:\MaXiMAA\MaXiMAAOld\C#Готово\KWORK\InstaDirectMessage_ButDev\InstaDirectMessage_ButDev\InstagramDirectMessage.cs:строка 421
[29.06.2020 23:52:12, поток 0] [Ошибка] Что-то не так. Переделываем.
[29.06.2020 23:52:13, поток 0] Спарсили куки
[29.06.2020 23:52:14, поток 0] Вошли в аккаунт.
[29.06.2020 23:52:14, поток 0] (Ошибка) Текст ошибки: Newtonsoft.Json.JsonReaderException: Unexpected character encountered while parsing value: <. Path '', line 0, position 0.
   в Newtonsoft.Json.JsonTextReader.ParseValue()
   в Newtonsoft.Json.JsonTextReader.Read()
   в Newtonsoft.Json.JsonReader.ReadForType(JsonContract contract, Boolean hasConverter)
   в Newtonsoft.Json.Serialization.JsonSerializerInternalReader.Deserialize(JsonReader reader, Type objectType, Boolean checkAdditionalContent)
   в Newtonsoft.Json.JsonSerializer.DeserializeInternal(JsonReader reader, Type objectType)
   в Newtonsoft.Json.JsonConvert.DeserializeObject(String value, Type type, JsonSerializerSettings settings)
   в Newtonsoft.Json.JsonConvert.DeserializeObject[T](String value, JsonSerializerSettings settings)
   в InstaDirectMessage_ButDev.InstagramDirectMessage.DoWorkPost(String postlink, WebProxy proxy, String UserAgent, String cookie) в D:\MaXiMAA\MaXiMAAOld\C#Готово\KWORK\InstaDirectMessage_ButDev\InstaDirectMessage_ButDev\InstagramDirectMessage.cs:строка 421
[29.06.2020 23:54:40, поток 0] [DEBUG] Start...
[29.06.2020 23:54:40, поток 0] Парсим куки...
[29.06.2020 23:54:41, поток 0] Спарсили куки
[29.06.2020 23:54:44, поток 0] Вошли в аккаунт.
[29.06.2020 23:54:44, поток 0] (Ошибка) Текст ошибки: Newtonsoft.Json.JsonReaderException: Unexpected character encountered while parsing value: <. Path '', line 0, position 0.
   в Newtonsoft.Json.JsonTextReader.ParseValue()
   в Newtonsoft.Json.JsonTextReader.Read()
   в Newtonsoft.Json.JsonReader.ReadForType(JsonContract contract, Boolean hasConverter)
   в Newtonsoft.Json.Serialization.JsonSerializerInternalReader.Deserialize(JsonReader reader, Type objectType, Boolean checkAdditionalContent)
   в Newtonsoft.Json.JsonSerializer.DeserializeInternal(JsonReader reader, Type objectType)
   в Newtonsoft.Json.JsonConvert.DeserializeObject(String value, Type type, JsonSerializerSettings settings)
   в Newtonsoft.Json.JsonConvert.DeserializeObject[T](String value, JsonSerializerSettings settings)
   в InstaDirectMessage_ButDev.InstagramDirectMessage.DoWorkPost(String postlink, WebProxy proxy, String UserAgent, String cookie) в D:\MaXiMAA\MaXiMAAOld\C#Готово\KWORK\InstaDirectMessage_ButDev\InstaDirectMessage_ButDev\InstagramDirectMessage.cs:строка 420
[29.06.2020 23:54:44, поток 0] [Ошибка] Что-то не так. Переделываем.
[29.06.2020 23:54:44, поток 0] Спарсили куки
[29.06.2020 23:54:46, поток 0] Вошли в аккаунт.
[29.06.2020 23:54:46, поток 0] (Ошибка) Текст ошибки: Newtonsoft.Json.JsonReaderException: Unexpected character encountered while parsing value: <. Path '', line 0, position 0.
   в Newtonsoft.Json.JsonTextReader.ParseValue()
   в Newtonsoft.Json.JsonTextReader.Read()
   в Newtonsoft.Json.JsonReader.ReadForType(JsonContract contract, Boolean hasConverter)
   в Newtonsoft.Json.Serialization.JsonSerializerInternalReader.Deserialize(JsonReader reader, Type objectType, Boolean checkAdditionalContent)
   в Newtonsoft.Json.JsonSerializer.DeserializeInternal(JsonReader reader, Type objectType)
   в Newtonsoft.Json.JsonConvert.DeserializeObject(String value, Type type, JsonSerializerSettings settings)
   в Newtonsoft.Json.JsonConvert.DeserializeObject[T](String value, JsonSerializerSettings settings)
   в InstaDirectMessage_ButDev.InstagramDirectMessage.DoWorkPost(String postlink, WebProxy proxy, String UserAgent, String cookie) в D:\MaXiMAA\MaXiMAAOld\C#Готово\KWORK\InstaDirectMessage_ButDev\InstaDirectMessage_ButDev\InstagramDirectMessage.cs:строка 420
[29.06.2020 23:54:51, поток 0] [DEBUG] Start...
[29.06.2020 23:54:51, поток 0] Парсим куки...
[29.06.2020 23:54:51, поток 0] Спарсили куки
[29.06.2020 23:54:53, поток 0] Вошли в аккаунт.
[29.06.2020 23:54:53, поток 0] (Ошибка) Текст ошибки: Newtonsoft.Json.JsonReaderException: Unexpected character encountered while parsing value: <. Path '', line 0, position 0.
   в Newtonsoft.Json.JsonTextReader.ParseValue()
   в Newtonsoft.Json.JsonTextReader.Read()
   в Newtonsoft.Json.JsonReader.ReadForType(JsonContract contract, Boolean hasConverter)
   в Newtonsoft.Json.Serialization.JsonSerializerInternalReader.Deserialize(JsonReader reader, Type objectType, Boolean checkAdditionalContent)
   в Newtonsoft.Json.JsonSerializer.DeserializeInternal(JsonReader reader, Type objectType)
   в Newtonsoft.Json.JsonConvert.DeserializeObject(String value, Type type, JsonSerializerSettings settings)
   в Newtonsoft.Json.JsonConvert.DeserializeObject[T](String value, JsonSerializerSettings settings)
   в InstaDirectMessage_ButDev.InstagramDirectMessage.DoWorkPost(String postlink, WebProxy proxy, String UserAgent, String cookie) в D:\MaXiMAA\MaXiMAAOld\C#Готово\KWORK\InstaDirectMessage_ButDev\InstaDirectMessage_ButDev\InstagramDirectMessage.cs:строка 420
[29.06.2020 23:54:53, поток 0] [Ошибка] Что-то не так. Переделываем.
[29.06.2020 23:54:53, поток 0] Спарсили куки
[29.06.2020 23:54:55, поток 0] Вошли в аккаунт.
[29.06.2020 23:54:55, поток 0] (Ошибка) Текст ошибки: Newtonsoft.Json.JsonReaderException: Unexpected character encountered while parsing value: <. Path '', line 0, position 0.
   в Newtonsoft.Json.JsonTextReader.ParseValue()
   в Newtonsoft.Json.JsonTextReader.Read()
   в Newtonsoft.Json.JsonReader.ReadForType(JsonContract contract, Boolean hasConverter)
   в Newtonsoft.Json.Serialization.JsonSerializerInternalReader.Deserialize(JsonReader reader, Type objectType, Boolean checkAdditionalContent)
   в Newtonsoft.Json.JsonSerializer.DeserializeInternal(JsonReader reader, Type objectType)
   в Newtonsoft.Json.JsonConvert.DeserializeObject(String value, Type type, JsonSerializerSettings settings)
   в Newtonsoft.Json.JsonConvert.DeserializeObject[T](String value, JsonSerializerSettings settings)
   в InstaDirectMessage_ButDev.InstagramDirectMessage.DoWorkPost(String postlink, WebProxy proxy, String UserAgent, String cookie) в D:\MaXiMAA\MaXiMAAOld\C#Готово\KWORK\InstaDirectMessage_ButDev\InstaDirectMessage_ButDev\InstagramDirectMessage.cs:строка 420
[29.06.2020 23:55:51, поток 0] [DEBUG] Start...
[29.06.2020 23:55:51, поток 0] Парсим куки...
[29.06.2020 23:55:52, поток 0] Спарсили куки
[29.06.2020 23:55:54, поток 0] Вошли в аккаунт.
[29.06.2020 23:55:55, поток 0] (Ошибка) Текст ошибки: Newtonsoft.Json.JsonSerializationException: Error converting value {null} to type 'System.Boolean'. Path 'graphql.shortcode_media.owner.restricted_by_viewer', line 1, position 6825. ---> System.InvalidCastException: Невозможно преобразовать тип данного объекта к типу значения.
   в System.Convert.ChangeType(Object value, Type conversionType, IFormatProvider provider)
   в Newtonsoft.Json.Serialization.JsonSerializerInternalReader.EnsureType(JsonReader reader, Object value, CultureInfo culture, JsonContract contract, Type targetType)
   --- Конец трассировки внутреннего стека исключений ---
   в Newtonsoft.Json.Serialization.JsonSerializerInternalReader.EnsureType(JsonReader reader, Object value, CultureInfo culture, JsonContract contract, Type targetType)
   в Newtonsoft.Json.Serialization.JsonSerializerInternalReader.CreateValueInternal(JsonReader reader, Type objectType, JsonContract contract, JsonProperty member, JsonContainerContract containerContract, JsonProperty containerMember, Object existingValue)
   в Newtonsoft.Json.Serialization.JsonSerializerInternalReader.SetPropertyValue(JsonProperty property, JsonConverter propertyConverter, JsonContainerContract containerContract, JsonProperty containerProperty, JsonReader reader, Object target)
   в Newtonsoft.Json.Serialization.JsonSerializerInternalReader.PopulateObject(Object newObject, JsonReader reader, JsonObjectContract contract, JsonProperty member, String id)
   в Newtonsoft.Json.Serialization.JsonSerializerInternalReader.CreateObject(JsonReader reader, Type objectType, JsonContract contract, JsonProperty member, JsonContainerContract containerContract, JsonProperty containerMember, Object existingValue)
   в Newtonsoft.Json.Serialization.JsonSerializerInternalReader.CreateValueInternal(JsonReader reader, Type objectType, JsonContract contract, JsonProperty member, JsonContainerContract containerContract, JsonProperty containerMember, Object existingValue)
   в Newtonsoft.Json.Serialization.JsonSerializerInternalReader.SetPropertyValue(JsonProperty property, JsonConverter propertyConverter, JsonContainerContract containerContract, JsonProperty containerProperty, JsonReader reader, Object target)
   в Newtonsoft.Json.Serialization.JsonSerializerInternalReader.PopulateObject(Object newObject, JsonReader reader, JsonObjectContract contract, JsonProperty member, String id)
   в Newtonsoft.Json.Serialization.JsonSerializerInternalReader.CreateObject(JsonReader reader, Type objectType, JsonContract contract, JsonProperty member, JsonContainerContract containerContract, JsonProperty containerMember, Object existingValue)
   в Newtonsoft.Json.Serialization.JsonSerializerInternalReader.CreateValueInternal(JsonReader reader, Type objectType, JsonContract contract, JsonProperty member, JsonContainerContract containerContract, JsonProperty containerMember, Object existingValue)
   в Newtonsoft.Json.Serialization.JsonSerializerInternalReader.SetPropertyValue(JsonProperty property, JsonConverter propertyConverter, JsonContainerContract containerContract, JsonProperty containerProperty, JsonReader reader, Object target)
   в Newtonsoft.Json.Serialization.JsonSerializerInternalReader.PopulateObject(Object newObject, JsonReader reader, JsonObjectContract contract, JsonProperty member, String id)
   в Newtonsoft.Json.Serialization.JsonSerializerInternalReader.CreateObject(JsonReader reader, Type objectType, JsonContract contract, JsonProperty member, JsonContainerContract containerContract, JsonProperty containerMember, Object existingValue)
   в Newtonsoft.Json.Serialization.JsonSerializerInternalReader.CreateValueInternal(JsonReader reader, Type objectType, JsonContract contract, JsonProperty member, JsonContainerContract containerContract, JsonProperty containerMember, Object existingValue)
   в Newtonsoft.Json.Serialization.JsonSerializerInternalReader.SetPropertyValue(JsonProperty property, JsonConverter propertyConverter, JsonContainerContract containerContract, JsonProperty containerProperty, JsonReader reader, Object target)
   в Newtonsoft.Json.Serialization.JsonSerializerInternalReader.PopulateObject(Object newObject, JsonReader reader, JsonObjectContract contract, JsonProperty member, String id)
   в Newtonsoft.Json.Serialization.JsonSerializerInternalReader.CreateObject(JsonReader reader, Type objectType, JsonContract contract, JsonProperty member, JsonContainerContract containerContract, JsonProperty containerMember, Object existingValue)
   в Newtonsoft.Json.Serialization.JsonSerializerInternalReader.CreateValueInternal(JsonReader reader, Type objectType, JsonContract contract, JsonProperty member, JsonContainerContract containerContract, JsonProperty containerMember, Object existingValue)
   в Newtonsoft.Json.Serialization.JsonSerializerInternalReader.Deserialize(JsonReader reader, Type objectType, Boolean checkAdditionalContent)
   в Newtonsoft.Json.JsonSerializer.DeserializeInternal(JsonReader reader, Type objectType)
   в Newtonsoft.Json.JsonConvert.DeserializeObject(String value, Type type, JsonSerializerSettings settings)
   в Newtonsoft.Json.JsonConvert.DeserializeObject[T](String value, JsonSerializerSettings settings)
   в InstaDirectMessage_ButDev.InstagramDirectMessage.DoWorkPost(String postlink, WebProxy proxy, String UserAgent, String cookie) в D:\MaXiMAA\MaXiMAAOld\C#Готово\KWORK\InstaDirectMessage_ButDev\InstaDirectMessage_ButDev\InstagramDirectMessage.cs:строка 420
[29.06.2020 23:55:55, поток 0] [Ошибка] Что-то не так. Переделываем.
[29.06.2020 23:55:55, поток 0] Спарсили куки
[29.06.2020 23:55:57, поток 0] Вошли в аккаунт.
[29.06.2020 23:55:57, поток 0] (Ошибка) Текст ошибки: Newtonsoft.Json.JsonSerializationException: Error converting value {null} to type 'System.Boolean'. Path 'graphql.shortcode_media.owner.restricted_by_viewer', line 1, position 6825. ---> System.InvalidCastException: Невозможно преобразовать тип данного объекта к типу значения.
   в System.Convert.ChangeType(Object value, Type conversionType, IFormatProvider provider)
   в Newtonsoft.Json.Serialization.JsonSerializerInternalReader.EnsureType(JsonReader reader, Object value, CultureInfo culture, JsonContract contract, Type targetType)
   --- Конец трассировки внутреннего стека исключений ---
   в Newtonsoft.Json.Serialization.JsonSerializerInternalReader.EnsureType(JsonReader reader, Object value, CultureInfo culture, JsonContract contract, Type targetType)
   в Newtonsoft.Json.Serialization.JsonSerializerInternalReader.CreateValueInternal(JsonReader reader, Type objectType, JsonContract contract, JsonProperty member, JsonContainerContract containerContract, JsonProperty containerMember, Object existingValue)
   в Newtonsoft.Json.Serialization.JsonSerializerInternalReader.SetPropertyValue(JsonProperty property, JsonConverter propertyConverter, JsonContainerContract containerContract, JsonProperty containerProperty, JsonReader reader, Object target)
   в Newtonsoft.Json.Serialization.JsonSerializerInternalReader.PopulateObject(Object newObject, JsonReader reader, JsonObjectContract contract, JsonProperty member, String id)
   в Newtonsoft.Json.Serialization.JsonSerializerInternalReader.CreateObject(JsonReader reader, Type objectType, JsonContract contract, JsonProperty member, JsonContainerContract containerContract, JsonProperty containerMember, Object existingValue)
   в Newtonsoft.Json.Serialization.JsonSerializerInternalReader.CreateValueInternal(JsonReader reader, Type objectType, JsonContract contract, JsonProperty member, JsonContainerContract containerContract, JsonProperty containerMember, Object existingValue)
   в Newtonsoft.Json.Serialization.JsonSerializerInternalReader.SetPropertyValue(JsonProperty property, JsonConverter propertyConverter, JsonContainerContract containerContract, JsonProperty containerProperty, JsonReader reader, Object target)
   в Newtonsoft.Json.Serialization.JsonSerializerInternalReader.PopulateObject(Object newObject, JsonReader reader, JsonObjectContract contract, JsonProperty member, String id)
   в Newtonsoft.Json.Serialization.JsonSerializerInternalReader.CreateObject(JsonReader reader, Type objectType, JsonContract contract, JsonProperty member, JsonContainerContract containerContract, JsonProperty containerMember, Object existingValue)
   в Newtonsoft.Json.Serialization.JsonSerializerInternalReader.CreateValueInternal(JsonReader reader, Type objectType, JsonContract contract, JsonProperty member, JsonContainerContract containerContract, JsonProperty containerMember, Object existingValue)
   в Newtonsoft.Json.Serialization.JsonSerializerInternalReader.SetPropertyValue(JsonProperty property, JsonConverter propertyConverter, JsonContainerContract containerContract, JsonProperty containerProperty, JsonReader reader, Object target)
   в Newtonsoft.Json.Serialization.JsonSerializerInternalReader.PopulateObject(Object newObject, JsonReader reader, JsonObjectContract contract, JsonProperty member, String id)
   в Newtonsoft.Json.Serialization.JsonSerializerInternalReader.CreateObject(JsonReader reader, Type objectType, JsonContract contract, JsonProperty member, JsonContainerContract containerContract, JsonProperty containerMember, Object existingValue)
   в Newtonsoft.Json.Serialization.JsonSerializerInternalReader.CreateValueInternal(JsonReader reader, Type objectType, JsonContract contract, JsonProperty member, JsonContainerContract containerContract, JsonProperty containerMember, Object existingValue)
   в Newtonsoft.Json.Serialization.JsonSerializerInternalReader.SetPropertyValue(JsonProperty property, JsonConverter propertyConverter, JsonContainerContract containerContract, JsonProperty containerProperty, JsonReader reader, Object target)
   в Newtonsoft.Json.Serialization.JsonSerializerInternalReader.PopulateObject(Object newObject, JsonReader reader, JsonObjectContract contract, JsonProperty member, String id)
   в Newtonsoft.Json.Serialization.JsonSerializerInternalReader.CreateObject(JsonReader reader, Type objectType, JsonContract contract, JsonProperty member, JsonContainerContract containerContract, JsonProperty containerMember, Object existingValue)
   в Newtonsoft.Json.Serialization.JsonSerializerInternalReader.CreateValueInternal(JsonReader reader, Type objectType, JsonContract contract, JsonProperty member, JsonContainerContract containerContract, JsonProperty containerMember, Object existingValue)
   в Newtonsoft.Json.Serialization.JsonSerializerInternalReader.Deserialize(JsonReader reader, Type objectType, Boolean checkAdditionalContent)
   в Newtonsoft.Json.JsonSerializer.DeserializeInternal(JsonReader reader, Type objectType)
   в Newtonsoft.Json.JsonConvert.DeserializeObject(String value, Type type, JsonSerializerSettings settings)
   в Newtonsoft.Json.JsonConvert.DeserializeObject[T](String value, JsonSerializerSettings settings)
   в InstaDirectMessage_ButDev.InstagramDirectMessage.DoWorkPost(String postlink, WebProxy proxy, String UserAgent, String cookie) в D:\MaXiMAA\MaXiMAAOld\C#Готово\KWORK\InstaDirectMessage_ButDev\InstaDirectMessage_ButDev\InstagramDirectMessage.cs:строка 420
[29.06.2020 23:56:02, поток 0] [DEBUG] Start...
[29.06.2020 23:56:02, поток 0] Парсим куки...
[29.06.2020 23:56:02, поток 0] Спарсили куки
[29.06.2020 23:56:04, поток 0] Вошли в аккаунт.
[29.06.2020 23:56:04, поток 0] (Ошибка) Текст ошибки: Newtonsoft.Json.JsonSerializationException: Error converting value {null} to type 'System.Boolean'. Path 'graphql.shortcode_media.owner.restricted_by_viewer', line 1, position 6825. ---> System.InvalidCastException: Невозможно преобразовать тип данного объекта к типу значения.
   в System.Convert.ChangeType(Object value, Type conversionType, IFormatProvider provider)
   в Newtonsoft.Json.Serialization.JsonSerializerInternalReader.EnsureType(JsonReader reader, Object value, CultureInfo culture, JsonContract contract, Type targetType)
   --- Конец трассировки внутреннего стека исключений ---
   в Newtonsoft.Json.Serialization.JsonSerializerInternalReader.EnsureType(JsonReader reader, Object value, CultureInfo culture, JsonContract contract, Type targetType)
   в Newtonsoft.Json.Serialization.JsonSerializerInternalReader.CreateValueInternal(JsonReader reader, Type objectType, JsonContract contract, JsonProperty member, JsonContainerContract containerContract, JsonProperty containerMember, Object existingValue)
   в Newtonsoft.Json.Serialization.JsonSerializerInternalReader.SetPropertyValue(JsonProperty property, JsonConverter propertyConverter, JsonContainerContract containerContract, JsonProperty containerProperty, JsonReader reader, Object target)
   в Newtonsoft.Json.Serialization.JsonSerializerInternalReader.PopulateObject(Object newObject, JsonReader reader, JsonObjectContract contract, JsonProperty member, String id)
   в Newtonsoft.Json.Serialization.JsonSerializerInternalReader.CreateObject(JsonReader reader, Type objectType, JsonContract contract, JsonProperty member, JsonContainerContract containerContract, JsonProperty containerMember, Object existingValue)
   в Newtonsoft.Json.Serialization.JsonSerializerInternalReader.CreateValueInternal(JsonReader reader, Type objectType, JsonContract contract, JsonProperty member, JsonContainerContract containerContract, JsonProperty containerMember, Object existingValue)
   в Newtonsoft.Json.Serialization.JsonSerializerInternalReader.SetPropertyValue(JsonProperty property, JsonConverter propertyConverter, JsonContainerContract containerContract, JsonProperty containerProperty, JsonReader reader, Object target)
   в Newtonsoft.Json.Serialization.JsonSerializerInternalReader.PopulateObject(Object newObject, JsonReader reader, JsonObjectContract contract, JsonProperty member, String id)
   в Newtonsoft.Json.Serialization.JsonSerializerInternalReader.CreateObject(JsonReader reader, Type objectType, JsonContract contract, JsonProperty member, JsonContainerContract containerContract, JsonProperty containerMember, Object existingValue)
   в Newtonsoft.Json.Serialization.JsonSerializerInternalReader.CreateValueInternal(JsonReader reader, Type objectType, JsonContract contract, JsonProperty member, JsonContainerContract containerContract, JsonProperty containerMember, Object existingValue)
   в Newtonsoft.Json.Serialization.JsonSerializerInternalReader.SetPropertyValue(JsonProperty property, JsonConverter propertyConverter, JsonContainerContract containerContract, JsonProperty containerProperty, JsonReader reader, Object target)
   в Newtonsoft.Json.Serialization.JsonSerializerInternalReader.PopulateObject(Object newObject, JsonReader reader, JsonObjectContract contract, JsonProperty member, String id)
   в Newtonsoft.Json.Serialization.JsonSerializerInternalReader.CreateObject(JsonReader reader, Type objectType, JsonContract contract, JsonProperty member, JsonContainerContract containerContract, JsonProperty containerMember, Object existingValue)
   в Newtonsoft.Json.Serialization.JsonSerializerInternalReader.CreateValueInternal(JsonReader reader, Type objectType, JsonContract contract, JsonProperty member, JsonContainerContract containerContract, JsonProperty containerMember, Object existingValue)
   в Newtonsoft.Json.Serialization.JsonSerializerInternalReader.SetPropertyValue(JsonProperty property, JsonConverter propertyConverter, JsonContainerContract containerContract, JsonProperty containerProperty, JsonReader reader, Object target)
   в Newtonsoft.Json.Serialization.JsonSerializerInternalReader.PopulateObject(Object newObject, JsonReader reader, JsonObjectContract contract, JsonProperty member, String id)
   в Newtonsoft.Json.Serialization.JsonSerializerInternalReader.CreateObject(JsonReader reader, Type objectType, JsonContract contract, JsonProperty member, JsonContainerContract containerContract, JsonProperty containerMember, Object existingValue)
   в Newtonsoft.Json.Serialization.JsonSerializerInternalReader.CreateValueInternal(JsonReader reader, Type objectType, JsonContract contract, JsonProperty member, JsonContainerContract containerContract, JsonProperty containerMember, Object existingValue)
   в Newtonsoft.Json.Serialization.JsonSerializerInternalReader.Deserialize(JsonReader reader, Type objectType, Boolean checkAdditionalContent)
   в Newtonsoft.Json.JsonSerializer.DeserializeInternal(JsonReader reader, Type objectType)
   в Newtonsoft.Json.JsonConvert.DeserializeObject(String value, Type type, JsonSerializerSettings settings)
   в Newtonsoft.Json.JsonConvert.DeserializeObject[T](String value, JsonSerializerSettings settings)
   в InstaDirectMessage_ButDev.InstagramDirectMessage.DoWorkPost(String postlink, WebProxy proxy, String UserAgent, String cookie) в D:\MaXiMAA\MaXiMAAOld\C#Готово\KWORK\InstaDirectMessage_ButDev\InstaDirectMessage_ButDev\InstagramDirectMessage.cs:строка 420
[29.06.2020 23:56:04, поток 0] [Ошибка] Что-то не так. Переделываем.
[29.06.2020 23:56:04, поток 0] Спарсили куки
[29.06.2020 23:56:06, поток 0] Вошли в аккаунт.
[29.06.2020 23:56:06, поток 0] (Ошибка) Текст ошибки: Newtonsoft.Json.JsonSerializationException: Error converting value {null} to type 'System.Boolean'. Path 'graphql.shortcode_media.owner.restricted_by_viewer', line 1, position 6825. ---> System.InvalidCastException: Невозможно преобразовать тип данного объекта к типу значения.
   в System.Convert.ChangeType(Object value, Type conversionType, IFormatProvider provider)
   в Newtonsoft.Json.Serialization.JsonSerializerInternalReader.EnsureType(JsonReader reader, Object value, CultureInfo culture, JsonContract contract, Type targetType)
   --- Конец трассировки внутреннего стека исключений ---
   в Newtonsoft.Json.Serialization.JsonSerializerInternalReader.EnsureType(JsonReader reader, Object value, CultureInfo culture, JsonContract contract, Type targetType)
   в Newtonsoft.Json.Serialization.JsonSerializerInternalReader.CreateValueInternal(JsonReader reader, Type objectType, JsonContract contract, JsonProperty member, JsonContainerContract containerContract, JsonProperty containerMember, Object existingValue)
   в Newtonsoft.Json.Serialization.JsonSerializerInternalReader.SetPropertyValue(JsonProperty property, JsonConverter propertyConverter, JsonContainerContract containerContract, JsonProperty containerProperty, JsonReader reader, Object target)
   в Newtonsoft.Json.Serialization.JsonSerializerInternalReader.PopulateObject(Object newObject, JsonReader reader, JsonObjectContract contract, JsonProperty member, String id)
   в Newtonsoft.Json.Serialization.JsonSerializerInternalReader.CreateObject(JsonReader reader, Type objectType, JsonContract contract, JsonProperty member, JsonContainerContract containerContract, JsonProperty containerMember, Object existingValue)
   в Newtonsoft.Json.Serialization.JsonSerializerInternalReader.CreateValueInternal(JsonReader reader, Type objectType, JsonContract contract, JsonProperty member, JsonContainerContract containerContract, JsonProperty containerMember, Object existingValue)
   в Newtonsoft.Json.Serialization.JsonSerializerInternalReader.SetPropertyValue(JsonProperty property, JsonConverter propertyConverter, JsonContainerContract containerContract, JsonProperty containerProperty, JsonReader reader, Object target)
   в Newtonsoft.Json.Serialization.JsonSerializerInternalReader.PopulateObject(Object newObject, JsonReader reader, JsonObjectContract contract, JsonProperty member, String id)
   в Newtonsoft.Json.Serialization.JsonSerializerInternalReader.CreateObject(JsonReader reader, Type objectType, JsonContract contract, JsonProperty member, JsonContainerContract containerContract, JsonProperty containerMember, Object existingValue)
   в Newtonsoft.Json.Serialization.JsonSerializerInternalReader.CreateValueInternal(JsonReader reader, Type objectType, JsonContract contract, JsonProperty member, JsonContainerContract containerContract, JsonProperty containerMember, Object existingValue)
   в Newtonsoft.Json.Serialization.JsonSerializerInternalReader.SetPropertyValue(JsonProperty property, JsonConverter propertyConverter, JsonContainerContract containerContract, JsonProperty containerProperty, JsonReader reader, Object target)
   в Newtonsoft.Json.Serialization.JsonSerializerInternalReader.PopulateObject(Object newObject, JsonReader reader, JsonObjectContract contract, JsonProperty member, String id)
   в Newtonsoft.Json.Serialization.JsonSerializerInternalReader.CreateObject(JsonReader reader, Type objectType, JsonContract contract, JsonProperty member, JsonContainerContract containerContract, JsonProperty containerMember, Object existingValue)
   в Newtonsoft.Json.Serialization.JsonSerializerInternalReader.CreateValueInternal(JsonReader reader, Type objectType, JsonContract contract, JsonProperty member, JsonContainerContract containerContract, JsonProperty containerMember, Object existingValue)
   в Newtonsoft.Json.Serialization.JsonSerializerInternalReader.SetPropertyValue(JsonProperty property, JsonConverter propertyConverter, JsonContainerContract containerContract, JsonProperty containerProperty, JsonReader reader, Object target)
   в Newtonsoft.Json.Serialization.JsonSerializerInternalReader.PopulateObject(Object newObject, JsonReader reader, JsonObjectContract contract, JsonProperty member, String id)
   в Newtonsoft.Json.Serialization.JsonSerializerInternalReader.CreateObject(JsonReader reader, Type objectType, JsonContract contract, JsonProperty member, JsonContainerContract containerContract, JsonProperty containerMember, Object existingValue)
   в Newtonsoft.Json.Serialization.JsonSerializerInternalReader.CreateValueInternal(JsonReader reader, Type objectType, JsonContract contract, JsonProperty member, JsonContainerContract containerContract, JsonProperty containerMember, Object existingValue)
   в Newtonsoft.Json.Serialization.JsonSerializerInternalReader.Deserialize(JsonReader reader, Type objectType, Boolean checkAdditionalContent)
   в Newtonsoft.Json.JsonSerializer.DeserializeInternal(JsonReader reader, Type objectType)
   в Newtonsoft.Json.JsonConvert.DeserializeObject(String value, Type type, JsonSerializerSettings settings)
   в Newtonsoft.Json.JsonConvert.DeserializeObject[T](String value, JsonSerializerSettings settings)
   в InstaDirectMessage_ButDev.InstagramDirectMessage.DoWorkPost(String postlink, WebProxy proxy, String UserAgent, String cookie) в D:\MaXiMAA\MaXiMAAOld\C#Готово\KWORK\InstaDirectMessage_ButDev\InstaDirectMessage_ButDev\InstagramDirectMessage.cs:строка 420
