[15.07.2020 16:56:50, поток 0] [DEBUG] Start...
[15.07.2020 16:56:50, поток 0] Парсим куки...
[15.07.2020 16:56:51, поток 0] Спарсили куки
[15.07.2020 16:56:53, поток 0] Наткнулись на чекпойнт!
[15.07.2020 16:56:53, поток 0] [DEBUG] Start...
[15.07.2020 16:56:53, поток 0] Парсим куки...
[15.07.2020 16:56:54, поток 0] Спарсили куки
[15.07.2020 16:56:55, поток 0] Наткнулись на чекпойнт!
[15.07.2020 16:58:26, поток 0] [DEBUG] Start...
[15.07.2020 16:58:26, поток 0] Берём заданные куки...
[15.07.2020 16:58:27, поток 0] (Ошибка) Текст ошибки: System.NullReferenceException: Ссылка на объект не указывает на экземпляр объекта.
   в InstaDirectMessage_ButDev.InstagramDirectMessage.DoWorkPost(String postlink, WebProxy proxy, String UserAgent, String cookie) в D:\MaXiMAA\MaXiMAAOld\C#Готово\KWORK\InstaDirectMessage_ButDev\InstaDirectMessage_ButDev\InstagramDirectMessage.cs:строка 423
[15.07.2020 16:58:27, поток 0] [Ошибка] Что-то не так. Переделываем.
[15.07.2020 16:58:28, поток 0] Спарсили куки
[15.07.2020 16:58:30, поток 0] Наткнулись на чекпойнт!
[15.07.2020 16:58:30, поток 0] [DEBUG] Start...
[15.07.2020 16:58:30, поток 0] Берём заданные куки...
[15.07.2020 16:58:30, поток 0] (Ошибка) Текст ошибки: System.NullReferenceException: Ссылка на объект не указывает на экземпляр объекта.
   в InstaDirectMessage_ButDev.InstagramDirectMessage.DoWorkPost(String postlink, WebProxy proxy, String UserAgent, String cookie) в D:\MaXiMAA\MaXiMAAOld\C#Готово\KWORK\InstaDirectMessage_ButDev\InstaDirectMessage_ButDev\InstagramDirectMessage.cs:строка 423
[15.07.2020 16:58:32, поток 0] [DEBUG] Start...
[15.07.2020 16:58:32, поток 0] Берём заданные куки...
[15.07.2020 16:58:32, поток 0] (Ошибка) Текст ошибки: System.NullReferenceException: Ссылка на объект не указывает на экземпляр объекта.
   в InstaDirectMessage_ButDev.InstagramDirectMessage.DoWorkPost(String postlink, WebProxy proxy, String UserAgent, String cookie) в D:\MaXiMAA\MaXiMAAOld\C#Готово\KWORK\InstaDirectMessage_ButDev\InstaDirectMessage_ButDev\InstagramDirectMessage.cs:строка 423
[15.07.2020 16:58:32, поток 0] [Ошибка] Что-то не так. Переделываем.
[15.07.2020 16:58:33, поток 0] Спарсили куки
[15.07.2020 16:58:34, поток 0] Наткнулись на чекпойнт!
[15.07.2020 16:58:34, поток 0] [DEBUG] Start...
[15.07.2020 16:58:34, поток 0] Берём заданные куки...
[15.07.2020 16:58:35, поток 0] (Ошибка) Текст ошибки: System.NullReferenceException: Ссылка на объект не указывает на экземпляр объекта.
   в InstaDirectMessage_ButDev.InstagramDirectMessage.DoWorkPost(String postlink, WebProxy proxy, String UserAgent, String cookie) в D:\MaXiMAA\MaXiMAAOld\C#Готово\KWORK\InstaDirectMessage_ButDev\InstaDirectMessage_ButDev\InstagramDirectMessage.cs:строка 423
[15.07.2020 17:00:18, поток 0] [DEBUG] Start...
[15.07.2020 17:00:18, поток 0] Берём заданные куки...
[15.07.2020 17:00:19, поток 0] (Ошибка) Текст ошибки: System.NullReferenceException: Ссылка на объект не указывает на экземпляр объекта.
   в InstaDirectMessage_ButDev.InstagramDirectMessage.DoWorkPost(String postlink, WebProxy proxy, String UserAgent, String cookie) в D:\MaXiMAA\MaXiMAAOld\C#Готово\KWORK\InstaDirectMessage_ButDev\InstaDirectMessage_ButDev\InstagramDirectMessage.cs:строка 423
[15.07.2020 17:00:19, поток 0] [Ошибка] Что-то не так. Переделываем.
[15.07.2020 17:00:19, поток 0] Спарсили куки
[15.07.2020 17:00:21, поток 0] Наткнулись на чекпойнт!
[15.07.2020 17:00:21, поток 0] [DEBUG] Start...
[15.07.2020 17:00:21, поток 0] Берём заданные куки...
[15.07.2020 17:00:22, поток 0] (Ошибка) Текст ошибки: System.NullReferenceException: Ссылка на объект не указывает на экземпляр объекта.
   в InstaDirectMessage_ButDev.InstagramDirectMessage.DoWorkPost(String postlink, WebProxy proxy, String UserAgent, String cookie) в D:\MaXiMAA\MaXiMAAOld\C#Готово\KWORK\InstaDirectMessage_ButDev\InstaDirectMessage_ButDev\InstagramDirectMessage.cs:строка 423
[15.07.2020 17:00:23, поток 0] [DEBUG] Start...
[15.07.2020 17:00:23, поток 0] Берём заданные куки...
[15.07.2020 17:00:24, поток 0] (Ошибка) Текст ошибки: System.NullReferenceException: Ссылка на объект не указывает на экземпляр объекта.
   в InstaDirectMessage_ButDev.InstagramDirectMessage.DoWorkPost(String postlink, WebProxy proxy, String UserAgent, String cookie) в D:\MaXiMAA\MaXiMAAOld\C#Готово\KWORK\InstaDirectMessage_ButDev\InstaDirectMessage_ButDev\InstagramDirectMessage.cs:строка 423
[15.07.2020 17:00:24, поток 0] [Ошибка] Что-то не так. Переделываем.
[15.07.2020 17:00:25, поток 0] Спарсили куки
[15.07.2020 17:00:27, поток 0] Наткнулись на чекпойнт!
[15.07.2020 17:00:27, поток 0] [DEBUG] Start...
[15.07.2020 17:00:27, поток 0] Берём заданные куки...
[15.07.2020 17:00:27, поток 0] (Ошибка) Текст ошибки: System.NullReferenceException: Ссылка на объект не указывает на экземпляр объекта.
   в InstaDirectMessage_ButDev.InstagramDirectMessage.DoWorkPost(String postlink, WebProxy proxy, String UserAgent, String cookie) в D:\MaXiMAA\MaXiMAAOld\C#Готово\KWORK\InstaDirectMessage_ButDev\InstaDirectMessage_ButDev\InstagramDirectMessage.cs:строка 423
[15.07.2020 17:01:17, поток 0] [DEBUG] Start...
[15.07.2020 17:01:17, поток 0] Берём заданные куки...
[15.07.2020 17:01:18, поток 0] (Ошибка) Текст ошибки: System.NullReferenceException: Ссылка на объект не указывает на экземпляр объекта.
   в InstaDirectMessage_ButDev.InstagramDirectMessage.DoWorkPost(String postlink, WebProxy proxy, String UserAgent, String cookie) в D:\MaXiMAA\MaXiMAAOld\C#Готово\KWORK\InstaDirectMessage_ButDev\InstaDirectMessage_ButDev\InstagramDirectMessage.cs:строка 423
[15.07.2020 17:01:18, поток 0] [Ошибка] Что-то не так. Переделываем.
[15.07.2020 17:01:18, поток 0] Спарсили куки
[15.07.2020 17:01:21, поток 0] Наткнулись на чекпойнт!
[15.07.2020 17:01:21, поток 0] [DEBUG] Start...
[15.07.2020 17:01:21, поток 0] Берём заданные куки...
[15.07.2020 17:01:22, поток 0] (Ошибка) Текст ошибки: System.NullReferenceException: Ссылка на объект не указывает на экземпляр объекта.
   в InstaDirectMessage_ButDev.InstagramDirectMessage.DoWorkPost(String postlink, WebProxy proxy, String UserAgent, String cookie) в D:\MaXiMAA\MaXiMAAOld\C#Готово\KWORK\InstaDirectMessage_ButDev\InstaDirectMessage_ButDev\InstagramDirectMessage.cs:строка 423
[15.07.2020 17:01:23, поток 0] [DEBUG] Start...
[15.07.2020 17:01:23, поток 0] Берём заданные куки...
[15.07.2020 17:01:24, поток 0] (Ошибка) Текст ошибки: System.NullReferenceException: Ссылка на объект не указывает на экземпляр объекта.
   в InstaDirectMessage_ButDev.InstagramDirectMessage.DoWorkPost(String postlink, WebProxy proxy, String UserAgent, String cookie) в D:\MaXiMAA\MaXiMAAOld\C#Готово\KWORK\InstaDirectMessage_ButDev\InstaDirectMessage_ButDev\InstagramDirectMessage.cs:строка 423
[15.07.2020 17:01:24, поток 0] [Ошибка] Что-то не так. Переделываем.
[15.07.2020 17:01:24, поток 0] Спарсили куки
[15.07.2020 17:01:26, поток 0] Наткнулись на чекпойнт!
[15.07.2020 17:01:26, поток 0] [DEBUG] Start...
[15.07.2020 17:01:26, поток 0] Берём заданные куки...
[15.07.2020 17:01:27, поток 0] (Ошибка) Текст ошибки: System.NullReferenceException: Ссылка на объект не указывает на экземпляр объекта.
   в InstaDirectMessage_ButDev.InstagramDirectMessage.DoWorkPost(String postlink, WebProxy proxy, String UserAgent, String cookie) в D:\MaXiMAA\MaXiMAAOld\C#Готово\KWORK\InstaDirectMessage_ButDev\InstaDirectMessage_ButDev\InstagramDirectMessage.cs:строка 423
