[09.06.2020 18:23:59, поток 0] Парсим куки...
[09.06.2020 18:23:59, поток 1] Парсим куки...
[09.06.2020 18:24:00, поток 0] Спарсили куки
[09.06.2020 18:24:00, поток 0] Получили куки...
[09.06.2020 18:24:00, поток 1] Спарсили куки
[09.06.2020 18:24:00, поток 1] Получили куки...
[09.06.2020 18:24:01, поток 0] Начинаем парсинг...
[09.06.2020 18:24:01, поток 1] [DEBUG] Сменили прокси.
[09.06.2020 18:24:01, поток 1] Парсим куки...
[09.06.2020 18:24:04, поток 1] Спарсили куки
[09.06.2020 18:24:04, поток 1] Получили куки...
[09.06.2020 18:24:08, поток 1] [DEBUG] Сменили прокси.
[09.06.2020 18:24:08, поток 1] Парсим куки...
[09.06.2020 18:24:09, поток 1] Спарсили куки
[09.06.2020 18:24:09, поток 1] Получили куки...
[09.06.2020 18:24:10, поток 1] [DEBUG] Сменили прокси.
[09.06.2020 18:24:16, поток 0] Спарсили часть...
[09.06.2020 18:24:22, поток 0] Спарсили часть...
[09.06.2020 18:24:28, поток 0] Спарсили часть...
[09.06.2020 18:24:34, поток 0] Спарсили часть...
[09.06.2020 18:24:41, поток 0] Спарсили часть...
[09.06.2020 18:24:48, поток 0] Спарсили часть...
[09.06.2020 18:24:56, поток 0] Спарсили часть...
[09.06.2020 18:25:06, поток 0] Спарсили часть...
[09.06.2020 18:25:18, поток 0] Спарсили часть...
[09.06.2020 18:25:27, поток 0] Спарсили часть...
[09.06.2020 18:25:38, поток 0] Спарсили часть...
[09.06.2020 18:25:47, поток 0] Спарсили часть...
[09.06.2020 18:25:59, поток 0] Спарсили часть...
[09.06.2020 18:26:12, поток 0] Спарсили часть...
[09.06.2020 18:26:21, поток 0] Спарсили часть...
[09.06.2020 18:26:32, поток 0] Спарсили часть...
[09.06.2020 18:26:41, поток 0] Спарсили часть...
[09.06.2020 18:26:48, поток 0] Спарсили часть...
[09.06.2020 18:26:55, поток 0] Спарсили часть...
[09.06.2020 18:27:02, поток 0] Спарсили часть...
[09.06.2020 18:27:09, поток 0] Спарсили часть...
[09.06.2020 18:27:16, поток 0] Спарсили часть...
[09.06.2020 18:27:23, поток 0] Спарсили часть...
