[15.04.2020 22:47:25, поток 0] Парсим куки...
[15.04.2020 22:47:25, поток 1] Парсим куки...
[15.04.2020 22:47:27, поток 0] Спарсили куки
[15.04.2020 22:47:27, поток 0] Получили куки...
[15.04.2020 22:47:27, поток 1] Спарсили куки
[15.04.2020 22:47:27, поток 1] Получили куки...
[15.04.2020 22:47:28, поток 0] Начинаем парсинг...
[15.04.2020 22:47:29, поток 1] Начинаем парсинг...
[15.04.2020 22:47:53, поток 0] (Ошибка) Текст ошибки: xNet.HttpException: Не удалось соединиться с HTTP-сервером 'i.instagram.com'. ---> xNet.ProxyException: Получен неверный код статуса 'ServiceUnavailable' от прокси-сервера '51.38.22.57:8068'.
   в xNet.HttpProxyClient.CreateConnection(String destinationHost, Int32 destinationPort, TcpClient tcpClient)
   в xNet.HttpRequest.CreateTcpConnection(String host, Int32 port)
   --- Конец трассировки внутреннего стека исключений ---
   в xNet.HttpRequest.CreateTcpConnection(String host, Int32 port)
   в xNet.HttpRequest.CreateConnection(Uri address)
   в xNet.HttpRequest.TryCreateConnectionOrUseExisting(Uri address, Uri previousAddress)
   в xNet.HttpRequest.Request(HttpMethod method, Uri address, HttpContent content)
   в xNet.HttpRequest.Raw(HttpMethod method, Uri address, HttpContent content)
   в xNet.HttpRequest.Raw(HttpMethod method, String address, HttpContent content)
   в xNet.HttpRequest.Get(String address, RequestParams urlParams)
   в InstaDirectMessage_ButDev.InstagramGeoParser.GetNicknameByID(String id) в D:\MaXiMAA\MaXiMAAOld\C#Готово\KWORK\InstaDirectMessage_ButDev\InstaDirectMessage_ButDev\InstagramGeoParser.cs:строка 64
   в InstaDirectMessage_ButDev.InstagramGeoParser.DoResult(String s) в D:\MaXiMAA\MaXiMAAOld\C#Готово\KWORK\InstaDirectMessage_ButDev\InstaDirectMessage_ButDev\InstagramGeoParser.cs:строка 30
   в InstaDirectMessage_ButDev.InstagramGeoParser.GetFirstData(String cookie) в D:\MaXiMAA\MaXiMAAOld\C#Готово\KWORK\InstaDirectMessage_ButDev\InstaDirectMessage_ButDev\InstagramGeoParser.cs:строка 283
[15.04.2020 22:47:53, поток 0] [DEBUG] Сменили прокси.
[15.04.2020 22:47:53, поток 0] Что-то не так, пытаемся спарсить снова.
[15.04.2020 22:47:53, поток 0] Парсим куки...
[15.04.2020 22:47:54, поток 0] Спарсили куки
[15.04.2020 22:47:54, поток 0] Получили куки...
[15.04.2020 22:47:56, поток 0] Начинаем парсинг...
[15.04.2020 22:48:01, поток 1] (Ошибка) Текст ошибки: System.NullReferenceException: Ссылка на объект не указывает на экземпляр объекта.
   в InstaDirectMessage_ButDev.InstagramGeoParser.GetData(String cookie) в D:\MaXiMAA\MaXiMAAOld\C#Готово\KWORK\InstaDirectMessage_ButDev\InstaDirectMessage_ButDev\InstagramGeoParser.cs:строка 330
[15.04.2020 22:48:01, поток 1] Спарсили часть...
[15.04.2020 22:48:01, поток 1] [DEBUG] Сменили прокси.
[15.04.2020 22:48:01, поток 1] Что-то не так, пытаемся спарсить снова.
[15.04.2020 22:48:01, поток 1] Парсим куки...
[15.04.2020 22:48:01, поток 1] [DEBUG] Сменили прокси.
[15.04.2020 22:48:01, поток 1] Парсим куки...
[15.04.2020 22:48:02, поток 1] [DEBUG] Сменили прокси.
[15.04.2020 22:50:50, поток 0] Парсим куки...
[15.04.2020 22:50:50, поток 1] Парсим куки...
[15.04.2020 22:50:51, поток 0] Спарсили куки
[15.04.2020 22:50:51, поток 0] Получили куки...
[15.04.2020 22:50:52, поток 1] Спарсили куки
[15.04.2020 22:50:52, поток 1] Получили куки...
[15.04.2020 22:50:53, поток 0] Начинаем парсинг...
[15.04.2020 22:50:53, поток 1] Начинаем парсинг...
[15.04.2020 22:51:23, поток 1] Парсинг геопозиции "Минск" закончен!
[15.04.2020 22:51:37, поток 0] (Ошибка) Текст ошибки: System.NullReferenceException: Ссылка на объект не указывает на экземпляр объекта.
   в InstaDirectMessage_ButDev.InstagramGeoParser.GetData(String cookie) в D:\MaXiMAA\MaXiMAAOld\C#Готово\KWORK\InstaDirectMessage_ButDev\InstaDirectMessage_ButDev\InstagramGeoParser.cs:строка 330
[15.04.2020 22:51:37, поток 0] Спарсили часть...
[15.04.2020 22:51:37, поток 0] [DEBUG] Сменили прокси.
[15.04.2020 22:51:37, поток 0] Что-то не так, пытаемся спарсить снова.
[15.04.2020 22:51:37, поток 0] Парсим куки...
[15.04.2020 22:51:39, поток 0] Спарсили куки
[15.04.2020 22:51:39, поток 0] Получили куки...
[15.04.2020 22:51:44, поток 0] Начинаем парсинг...
[15.04.2020 22:54:43, поток 0] Парсим куки...
[15.04.2020 22:54:45, поток 0] Спарсили куки
[15.04.2020 22:54:45, поток 0] Получили куки...
[15.04.2020 22:56:28, поток 0] Начинаем парсинг...
[15.04.2020 22:57:36, поток 0] (Ошибка) Текст ошибки: System.NullReferenceException: Ссылка на объект не указывает на экземпляр объекта.
   в InstaDirectMessage_ButDev.InstagramGeoParser.GetData(String cookie) в D:\MaXiMAA\MaXiMAAOld\C#Готово\KWORK\InstaDirectMessage_ButDev\InstaDirectMessage_ButDev\InstagramGeoParser.cs:строка 340
[15.04.2020 22:57:36, поток 0] Спарсили часть...
[15.04.2020 22:57:36, поток 0] [DEBUG] Сменили прокси.
[15.04.2020 22:57:36, поток 0] Что-то не так, пытаемся спарсить снова.
[15.04.2020 22:57:36, поток 0] Парсим куки...
[15.04.2020 22:57:51, поток 0] [DEBUG] Сменили прокси.
[15.04.2020 22:57:51, поток 0] Парсим куки...
[15.04.2020 22:57:52, поток 0] [DEBUG] Сменили прокси.
[15.04.2020 22:57:53, поток 0] Парсим куки...
[15.04.2020 22:57:54, поток 0] Спарсили куки
[15.04.2020 22:57:54, поток 0] Получили куки...
[15.04.2020 22:58:00, поток 0] [DEBUG] Сменили прокси.
[15.04.2020 22:58:00, поток 0] Парсим куки...
[15.04.2020 22:58:00, поток 0] [DEBUG] Сменили прокси.
[15.04.2020 22:58:00, поток 0] Парсим куки...
[15.04.2020 22:58:01, поток 0] [DEBUG] Сменили прокси.
[15.04.2020 22:59:06, поток 0] Парсим куки...
[15.04.2020 22:59:08, поток 0] Спарсили куки
[15.04.2020 22:59:08, поток 0] Получили куки...
[15.04.2020 23:02:17, поток 0] Парсим куки...
[15.04.2020 23:02:17, поток 1] Парсим куки...
[15.04.2020 23:02:19, поток 0] Спарсили куки
[15.04.2020 23:02:19, поток 0] Получили куки...
[15.04.2020 23:02:19, поток 1] Спарсили куки
[15.04.2020 23:02:19, поток 1] Получили куки...
[15.04.2020 23:06:49, поток 0] Парсим куки...
[15.04.2020 23:06:49, поток 1] Парсим куки...
[15.04.2020 23:06:50, поток 0] Спарсили куки
[15.04.2020 23:06:50, поток 0] Получили куки...
[15.04.2020 23:06:51, поток 1] Спарсили куки
[15.04.2020 23:06:51, поток 1] Получили куки...
[15.04.2020 23:07:21, поток 0] Начинаем парсинг...
[15.04.2020 23:08:39, поток 0] (Ошибка) Текст ошибки: System.NullReferenceException: Ссылка на объект не указывает на экземпляр объекта.
   в InstaDirectMessage_ButDev.InstagramGeoParser.GetData(String cookie) в D:\MaXiMAA\MaXiMAAOld\C#Готово\KWORK\InstaDirectMessage_ButDev\InstaDirectMessage_ButDev\InstagramGeoParser.cs:строка 347
[15.04.2020 23:08:39, поток 0] Спарсили часть...
[15.04.2020 23:08:39, поток 0] [DEBUG] Сменили прокси.
[15.04.2020 23:08:39, поток 0] Что-то не так, пытаемся спарсить снова.
[15.04.2020 23:08:39, поток 0] Парсим куки...
[15.04.2020 23:08:40, поток 0] Спарсили куки
[15.04.2020 23:08:40, поток 0] Получили куки...
[15.04.2020 23:08:44, поток 0] Начинаем парсинг...
[15.04.2020 23:10:00, поток 0] (Ошибка) Текст ошибки: System.NullReferenceException: Ссылка на объект не указывает на экземпляр объекта.
   в InstaDirectMessage_ButDev.InstagramGeoParser.GetData(String cookie) в D:\MaXiMAA\MaXiMAAOld\C#Готово\KWORK\InstaDirectMessage_ButDev\InstaDirectMessage_ButDev\InstagramGeoParser.cs:строка 347
[15.04.2020 23:10:00, поток 0] Спарсили часть...
[15.04.2020 23:10:00, поток 0] [DEBUG] Сменили прокси.
[15.04.2020 23:10:00, поток 0] Что-то не так, пытаемся спарсить снова.
[15.04.2020 23:10:00, поток 0] Парсим куки...
[15.04.2020 23:10:00, поток 0] [DEBUG] Сменили прокси.
[15.04.2020 23:10:09, поток 1] Начинаем парсинг...
[15.04.2020 23:10:50, поток 1] Парсинг геопозиции "Минск" закончен!
[15.04.2020 23:22:48, поток 0] Парсим куки...
[15.04.2020 23:22:50, поток 0] Спарсили куки
[15.04.2020 23:22:50, поток 0] Получили куки...
[15.04.2020 23:25:59, поток 0] Парсим куки...
[15.04.2020 23:26:01, поток 0] Спарсили куки
[15.04.2020 23:26:01, поток 0] Получили куки...
[15.04.2020 23:26:16, поток 0] Начинаем парсинг...
[15.04.2020 23:29:43, поток 0] Парсим куки...
[15.04.2020 23:29:45, поток 0] Спарсили куки
[15.04.2020 23:29:45, поток 0] Получили куки...
[15.04.2020 23:31:05, поток 0] Начинаем парсинг...
[15.04.2020 23:32:11, поток 0] (Ошибка) Текст ошибки: System.NullReferenceException: Ссылка на объект не указывает на экземпляр объекта.
   в InstaDirectMessage_ButDev.InstagramGeoParser.GetData(String cookie) в D:\MaXiMAA\MaXiMAAOld\C#Готово\KWORK\InstaDirectMessage_ButDev\InstaDirectMessage_ButDev\InstagramGeoParser.cs:строка 349
[15.04.2020 23:32:11, поток 0] Спарсили часть...
[15.04.2020 23:32:11, поток 0] [DEBUG] Сменили прокси.
[15.04.2020 23:32:11, поток 0] Что-то не так, пытаемся спарсить снова.
[15.04.2020 23:32:11, поток 0] Парсим куки...
[15.04.2020 23:32:12, поток 0] Спарсили куки
[15.04.2020 23:32:12, поток 0] Получили куки...
[15.04.2020 23:36:18, поток 0] Начинаем парсинг...
[15.04.2020 23:37:32, поток 0] (Ошибка) Текст ошибки: System.NullReferenceException: Ссылка на объект не указывает на экземпляр объекта.
   в InstaDirectMessage_ButDev.InstagramGeoParser.GetData(String cookie) в D:\MaXiMAA\MaXiMAAOld\C#Готово\KWORK\InstaDirectMessage_ButDev\InstaDirectMessage_ButDev\InstagramGeoParser.cs:строка 349
[15.04.2020 23:37:32, поток 0] Спарсили часть...
[15.04.2020 23:37:32, поток 0] [DEBUG] Сменили прокси.
[15.04.2020 23:37:32, поток 0] Что-то не так, пытаемся спарсить снова.
[15.04.2020 23:37:32, поток 0] Парсим куки...
[15.04.2020 23:37:32, поток 0] [DEBUG] Сменили прокси.
[15.04.2020 23:52:30, поток 0] Парсим куки...
[15.04.2020 23:53:35, поток 0] [DEBUG] Сменили прокси.
[15.04.2020 23:53:35, поток 0] Парсим куки...
[15.04.2020 23:53:50, поток 0] [DEBUG] Сменили прокси.
[15.04.2020 23:53:50, поток 0] Парсим куки...
[15.04.2020 23:53:50, поток 0] [DEBUG] Сменили прокси.
[15.04.2020 23:56:11, поток 0] Парсим куки...
[15.04.2020 23:56:13, поток 0] Спарсили куки
[15.04.2020 23:56:13, поток 0] Получили куки...
[15.04.2020 23:56:21, поток 0] Начинаем парсинг...
[15.04.2020 23:56:56, поток 0] (Ошибка) Текст ошибки: xNet.HttpException: Не удалось соединиться с HTTP-сервером 'i.instagram.com'. ---> xNet.ProxyException: Получен неверный код статуса 'ServiceUnavailable' от прокси-сервера '51.38.22.57:8068'.
   в xNet.HttpProxyClient.CreateConnection(String destinationHost, Int32 destinationPort, TcpClient tcpClient)
   в xNet.HttpRequest.CreateTcpConnection(String host, Int32 port)
   --- Конец трассировки внутреннего стека исключений ---
   в xNet.HttpRequest.CreateTcpConnection(String host, Int32 port)
   в xNet.HttpRequest.CreateConnection(Uri address)
   в xNet.HttpRequest.TryCreateConnectionOrUseExisting(Uri address, Uri previousAddress)
   в xNet.HttpRequest.Request(HttpMethod method, Uri address, HttpContent content)
   в xNet.HttpRequest.Raw(HttpMethod method, Uri address, HttpContent content)
   в xNet.HttpRequest.Raw(HttpMethod method, String address, HttpContent content)
   в xNet.HttpRequest.Get(String address, RequestParams urlParams)
   в InstaDirectMessage_ButDev.InstagramGeoParser.GetNicknameByID(String id) в D:\MaXiMAA\MaXiMAAOld\C#Готово\KWORK\InstaDirectMessage_ButDev\InstaDirectMessage_ButDev\InstagramGeoParser.cs:строка 64
   в InstaDirectMessage_ButDev.InstagramGeoParser.DoResult(String s) в D:\MaXiMAA\MaXiMAAOld\C#Готово\KWORK\InstaDirectMessage_ButDev\InstaDirectMessage_ButDev\InstagramGeoParser.cs:строка 30
   в InstaDirectMessage_ButDev.InstagramGeoParser.GetFirstData(String cookie) в D:\MaXiMAA\MaXiMAAOld\C#Готово\KWORK\InstaDirectMessage_ButDev\InstaDirectMessage_ButDev\InstagramGeoParser.cs:строка 299
[15.04.2020 23:56:56, поток 0] [DEBUG] Сменили прокси.
[15.04.2020 23:56:56, поток 0] Что-то не так, пытаемся спарсить снова.
[15.04.2020 23:56:56, поток 0] Парсим куки...
[15.04.2020 23:56:57, поток 0] Спарсили куки
[15.04.2020 23:56:57, поток 0] Получили куки...
[15.04.2020 23:57:07, поток 0] Начинаем парсинг...
