[20.04.2020 19:02:27, поток 0] Парсим куки...
[20.04.2020 19:02:30, поток 0] Спарсили куки
[20.04.2020 19:02:30, поток 0] Получили куки...
[20.04.2020 19:02:32, поток 0] Начинаем парсинг...
[20.04.2020 19:04:23, поток 0] (Ошибка) Текст ошибки: xNet.HttpException: Не удалось установить SSL-соединение с HTTP-сервером 'i.instagram.com'. ---> System.IO.IOException: Аутентификация не пройдена из-за закрытия транспортного потока удаленной стороной.
   в System.Net.Security.SslState.StartReadFrame(Byte[] buffer, Int32 readBytes, AsyncProtocolRequest asyncRequest)
   в System.Net.Security.SslState.StartReceiveBlob(Byte[] buffer, AsyncProtocolRequest asyncRequest)
   в System.Net.Security.SslState.CheckCompletionBeforeNextReceive(ProtocolToken message, AsyncProtocolRequest asyncRequest)
   в System.Net.Security.SslState.StartSendBlob(Byte[] incoming, Int32 count, AsyncProtocolRequest asyncRequest)
   в System.Net.Security.SslState.ForceAuthentication(Boolean receiveFirst, Byte[] buffer, AsyncProtocolRequest asyncRequest)
   в System.Net.Security.SslState.ProcessAuthentication(LazyAsyncResult lazyResult)
   в System.Net.Security.SslStream.AuthenticateAsClient(String targetHost, X509CertificateCollection clientCertificates, SslProtocols enabledSslProtocols, Boolean checkCertificateRevocation)
   в System.Net.Security.SslStream.AuthenticateAsClient(String targetHost)
   в xNet.HttpRequest.CreateConnection(Uri address)
   --- Конец трассировки внутреннего стека исключений ---
   в xNet.HttpRequest.CreateConnection(Uri address)
   в xNet.HttpRequest.TryCreateConnectionOrUseExisting(Uri address, Uri previousAddress)
   в xNet.HttpRequest.Request(HttpMethod method, Uri address, HttpContent content)
   в xNet.HttpRequest.Raw(HttpMethod method, Uri address, HttpContent content)
   в xNet.HttpRequest.Raw(HttpMethod method, String address, HttpContent content)
   в xNet.HttpRequest.Get(String address, RequestParams urlParams)
   в InstaDirectMessage_ButDev.InstagramGeoParser.GetNicknameByID(String id) в D:\MaXiMAA\MaXiMAAOld\C#Готово\KWORK\InstaDirectMessage_ButDev\InstaDirectMessage_ButDev\InstagramGeoParser.cs:строка 66
   в InstaDirectMessage_ButDev.InstagramGeoParser.DoResult(String s) в D:\MaXiMAA\MaXiMAAOld\C#Готово\KWORK\InstaDirectMessage_ButDev\InstaDirectMessage_ButDev\InstagramGeoParser.cs:строка 32
   в InstaDirectMessage_ButDev.InstagramGeoParser.GetData(String cookie) в D:\MaXiMAA\MaXiMAAOld\C#Готово\KWORK\InstaDirectMessage_ButDev\InstaDirectMessage_ButDev\InstagramGeoParser.cs:строка 371
[20.04.2020 19:04:23, поток 0] Спарсили часть...
[20.04.2020 19:04:23, поток 0] Что-то не так, пытаемся спарсить снова.
[20.04.2020 19:04:23, поток 0] [DEBUG] Сменили прокси.
[20.04.2020 19:04:23, поток 0] Что-то не так, пытаемся спарсить снова.
[20.04.2020 19:04:23, поток 0] [DEBUG] Сменили прокси.
[20.04.2020 19:04:23, поток 0] Что-то не так, пытаемся спарсить снова.
[20.04.2020 19:04:23, поток 0] [DEBUG] Сменили прокси.
[20.04.2020 19:04:23, поток 0] Что-то не так, пытаемся спарсить снова.
[20.04.2020 19:04:23, поток 0] [DEBUG] Сменили прокси.
[20.04.2020 19:04:23, поток 0] Что-то не так, пытаемся спарсить снова.
[20.04.2020 19:04:23, поток 0] [DEBUG] Сменили прокси.
[20.04.2020 19:04:23, поток 0] Что-то не так, пытаемся спарсить снова.
[20.04.2020 19:04:23, поток 0] [DEBUG] Сменили прокси.
[20.04.2020 19:04:23, поток 0] Что-то не так, пытаемся спарсить снова.
[20.04.2020 19:04:23, поток 0] [DEBUG] Сменили прокси.
[20.04.2020 19:04:23, поток 0] Что-то не так, пытаемся спарсить снова.
[20.04.2020 19:04:23, поток 0] [DEBUG] Сменили прокси.
[20.04.2020 19:04:23, поток 0] Что-то не так, пытаемся спарсить снова.
[20.04.2020 19:04:23, поток 0] [DEBUG] Сменили прокси.
[20.04.2020 19:04:23, поток 0] Что-то не так, пытаемся спарсить снова.
[20.04.2020 19:04:23, поток 0] [DEBUG] Сменили прокси.
[20.04.2020 20:40:41, поток 0] Парсим куки...
[20.04.2020 20:40:46, поток 0] Спарсили куки
[20.04.2020 20:40:46, поток 0] Получили куки...
[20.04.2020 20:40:50, поток 0] Начинаем парсинг...
[20.04.2020 20:42:08, поток 0] Спарсили часть...
[20.04.2020 20:43:35, поток 0] (Ошибка) Текст ошибки: xNet.HttpException: Не удалось соединиться с HTTP-сервером 'i.instagram.com'. ---> xNet.ProxyException: Вышло время ожидания данных от прокси-сервера '95.165.151.65:47881'.
   в xNet.HttpProxyClient.WaitData(NetworkStream nStream)
   в xNet.HttpProxyClient.ReceiveResponse(NetworkStream nStream)
   в xNet.HttpProxyClient.CreateConnection(String destinationHost, Int32 destinationPort, TcpClient tcpClient)
   в xNet.HttpRequest.CreateTcpConnection(String host, Int32 port)
   --- Конец трассировки внутреннего стека исключений ---
   в xNet.HttpRequest.CreateTcpConnection(String host, Int32 port)
   в xNet.HttpRequest.CreateConnection(Uri address)
   в xNet.HttpRequest.TryCreateConnectionOrUseExisting(Uri address, Uri previousAddress)
   в xNet.HttpRequest.Request(HttpMethod method, Uri address, HttpContent content)
   в xNet.HttpRequest.Raw(HttpMethod method, Uri address, HttpContent content)
   в xNet.HttpRequest.Raw(HttpMethod method, String address, HttpContent content)
   в xNet.HttpRequest.Get(String address, RequestParams urlParams)
   в InstaDirectMessage_ButDev.InstagramGeoParser.GetNicknameByID(String id) в D:\MaXiMAA\MaXiMAAOld\C#Готово\KWORK\InstaDirectMessage_ButDev\InstaDirectMessage_ButDev\InstagramGeoParser.cs:строка 66
   в InstaDirectMessage_ButDev.InstagramGeoParser.DoResult(String s) в D:\MaXiMAA\MaXiMAAOld\C#Готово\KWORK\InstaDirectMessage_ButDev\InstaDirectMessage_ButDev\InstagramGeoParser.cs:строка 32
   в InstaDirectMessage_ButDev.InstagramGeoParser.GetData(String cookie) в D:\MaXiMAA\MaXiMAAOld\C#Готово\KWORK\InstaDirectMessage_ButDev\InstaDirectMessage_ButDev\InstagramGeoParser.cs:строка 375
[20.04.2020 20:43:35, поток 0] Спарсили часть...
[20.04.2020 20:44:16, поток 0] Спарсили часть...
[20.04.2020 20:46:04, поток 0] (Ошибка) Текст ошибки: xNet.HttpException: Не удалось соединиться с HTTP-сервером 'i.instagram.com'. ---> xNet.ProxyException: Вышло время ожидания данных от прокси-сервера '95.165.151.65:47881'.
   в xNet.HttpProxyClient.WaitData(NetworkStream nStream)
   в xNet.HttpProxyClient.ReceiveResponse(NetworkStream nStream)
   в xNet.HttpProxyClient.CreateConnection(String destinationHost, Int32 destinationPort, TcpClient tcpClient)
   в xNet.HttpRequest.CreateTcpConnection(String host, Int32 port)
   --- Конец трассировки внутреннего стека исключений ---
   в xNet.HttpRequest.CreateTcpConnection(String host, Int32 port)
   в xNet.HttpRequest.CreateConnection(Uri address)
   в xNet.HttpRequest.TryCreateConnectionOrUseExisting(Uri address, Uri previousAddress)
   в xNet.HttpRequest.Request(HttpMethod method, Uri address, HttpContent content)
   в xNet.HttpRequest.Raw(HttpMethod method, Uri address, HttpContent content)
   в xNet.HttpRequest.Raw(HttpMethod method, String address, HttpContent content)
   в xNet.HttpRequest.Get(String address, RequestParams urlParams)
   в InstaDirectMessage_ButDev.InstagramGeoParser.GetNicknameByID(String id) в D:\MaXiMAA\MaXiMAAOld\C#Готово\KWORK\InstaDirectMessage_ButDev\InstaDirectMessage_ButDev\InstagramGeoParser.cs:строка 66
   в InstaDirectMessage_ButDev.InstagramGeoParser.DoResult(String s) в D:\MaXiMAA\MaXiMAAOld\C#Готово\KWORK\InstaDirectMessage_ButDev\InstaDirectMessage_ButDev\InstagramGeoParser.cs:строка 32
   в InstaDirectMessage_ButDev.InstagramGeoParser.GetData(String cookie) в D:\MaXiMAA\MaXiMAAOld\C#Готово\KWORK\InstaDirectMessage_ButDev\InstaDirectMessage_ButDev\InstagramGeoParser.cs:строка 375
[20.04.2020 20:46:04, поток 0] Спарсили часть...
[20.04.2020 20:46:51, поток 0] Спарсили часть...
[20.04.2020 20:47:03, поток 0] (Ошибка) Текст ошибки: xNet.HttpException: Получен пустой ответ от HTTP-сервера 'i.instagram.com'.
   в xNet.HttpResponse.ReceiveStartingLine()
   в xNet.HttpResponse.LoadResponse(HttpMethod method)
   в xNet.HttpRequest.Request(HttpMethod method, Uri address, HttpContent content)
   в xNet.HttpRequest.Raw(HttpMethod method, Uri address, HttpContent content)
   в xNet.HttpRequest.Raw(HttpMethod method, String address, HttpContent content)
   в xNet.HttpRequest.Get(String address, RequestParams urlParams)
   в InstaDirectMessage_ButDev.InstagramGeoParser.GetNicknameByID(String id) в D:\MaXiMAA\MaXiMAAOld\C#Готово\KWORK\InstaDirectMessage_ButDev\InstaDirectMessage_ButDev\InstagramGeoParser.cs:строка 66
   в InstaDirectMessage_ButDev.InstagramGeoParser.DoResult(String s) в D:\MaXiMAA\MaXiMAAOld\C#Готово\KWORK\InstaDirectMessage_ButDev\InstaDirectMessage_ButDev\InstagramGeoParser.cs:строка 32
   в InstaDirectMessage_ButDev.InstagramGeoParser.GetData(String cookie) в D:\MaXiMAA\MaXiMAAOld\C#Готово\KWORK\InstaDirectMessage_ButDev\InstaDirectMessage_ButDev\InstagramGeoParser.cs:строка 375
[20.04.2020 20:47:03, поток 0] Спарсили часть...
[20.04.2020 20:47:44, поток 0] Спарсили часть...
[20.04.2020 20:48:21, поток 0] Спарсили часть...
[20.04.2020 20:48:59, поток 0] Спарсили часть...
[20.04.2020 20:49:08, поток 0] (Ошибка) Текст ошибки: xNet.HttpException: Не удалось установить SSL-соединение с HTTP-сервером 'i.instagram.com'. ---> System.IO.IOException: Аутентификация не пройдена из-за закрытия транспортного потока удаленной стороной.
   в System.Net.Security.SslState.StartReadFrame(Byte[] buffer, Int32 readBytes, AsyncProtocolRequest asyncRequest)
   в System.Net.Security.SslState.StartReceiveBlob(Byte[] buffer, AsyncProtocolRequest asyncRequest)
   в System.Net.Security.SslState.CheckCompletionBeforeNextReceive(ProtocolToken message, AsyncProtocolRequest asyncRequest)
   в System.Net.Security.SslState.StartSendBlob(Byte[] incoming, Int32 count, AsyncProtocolRequest asyncRequest)
   в System.Net.Security.SslState.ForceAuthentication(Boolean receiveFirst, Byte[] buffer, AsyncProtocolRequest asyncRequest)
   в System.Net.Security.SslState.ProcessAuthentication(LazyAsyncResult lazyResult)
   в System.Net.Security.SslStream.AuthenticateAsClient(String targetHost, X509CertificateCollection clientCertificates, SslProtocols enabledSslProtocols, Boolean checkCertificateRevocation)
   в System.Net.Security.SslStream.AuthenticateAsClient(String targetHost)
   в xNet.HttpRequest.CreateConnection(Uri address)
   --- Конец трассировки внутреннего стека исключений ---
   в xNet.HttpRequest.CreateConnection(Uri address)
   в xNet.HttpRequest.TryCreateConnectionOrUseExisting(Uri address, Uri previousAddress)
   в xNet.HttpRequest.Request(HttpMethod method, Uri address, HttpContent content)
   в xNet.HttpRequest.Raw(HttpMethod method, Uri address, HttpContent content)
   в xNet.HttpRequest.Raw(HttpMethod method, String address, HttpContent content)
   в xNet.HttpRequest.Get(String address, RequestParams urlParams)
   в InstaDirectMessage_ButDev.InstagramGeoParser.GetNicknameByID(String id) в D:\MaXiMAA\MaXiMAAOld\C#Готово\KWORK\InstaDirectMessage_ButDev\InstaDirectMessage_ButDev\InstagramGeoParser.cs:строка 66
   в InstaDirectMessage_ButDev.InstagramGeoParser.DoResult(String s) в D:\MaXiMAA\MaXiMAAOld\C#Готово\KWORK\InstaDirectMessage_ButDev\InstaDirectMessage_ButDev\InstagramGeoParser.cs:строка 32
   в InstaDirectMessage_ButDev.InstagramGeoParser.GetData(String cookie) в D:\MaXiMAA\MaXiMAAOld\C#Готово\KWORK\InstaDirectMessage_ButDev\InstaDirectMessage_ButDev\InstagramGeoParser.cs:строка 375
[20.04.2020 20:49:08, поток 0] Спарсили часть...
[20.04.2020 20:49:52, поток 0] Спарсили часть...
[20.04.2020 20:50:00, поток 0] (Ошибка) Текст ошибки: System.NullReferenceException: Ссылка на объект не указывает на экземпляр объекта.
   в InstaDirectMessage_ButDev.InstagramGeoParser.GetData(String cookie) в D:\MaXiMAA\MaXiMAAOld\C#Готово\KWORK\InstaDirectMessage_ButDev\InstaDirectMessage_ButDev\InstagramGeoParser.cs:строка 372
[20.04.2020 20:50:00, поток 0] Спарсили часть...
[20.04.2020 20:51:22, поток 0] (Ошибка) Текст ошибки: xNet.HttpException: Не удалось соединиться с HTTP-сервером 'i.instagram.com'. ---> xNet.ProxyException: Вышло время ожидания данных от прокси-сервера '95.165.151.65:47881'.
   в xNet.HttpProxyClient.WaitData(NetworkStream nStream)
   в xNet.HttpProxyClient.ReceiveResponse(NetworkStream nStream)
   в xNet.HttpProxyClient.CreateConnection(String destinationHost, Int32 destinationPort, TcpClient tcpClient)
   в xNet.HttpRequest.CreateTcpConnection(String host, Int32 port)
   --- Конец трассировки внутреннего стека исключений ---
   в xNet.HttpRequest.CreateTcpConnection(String host, Int32 port)
   в xNet.HttpRequest.CreateConnection(Uri address)
   в xNet.HttpRequest.TryCreateConnectionOrUseExisting(Uri address, Uri previousAddress)
   в xNet.HttpRequest.Request(HttpMethod method, Uri address, HttpContent content)
   в xNet.HttpRequest.Raw(HttpMethod method, Uri address, HttpContent content)
   в xNet.HttpRequest.Raw(HttpMethod method, String address, HttpContent content)
   в xNet.HttpRequest.Get(String address, RequestParams urlParams)
   в InstaDirectMessage_ButDev.InstagramGeoParser.GetNicknameByID(String id) в D:\MaXiMAA\MaXiMAAOld\C#Готово\KWORK\InstaDirectMessage_ButDev\InstaDirectMessage_ButDev\InstagramGeoParser.cs:строка 66
   в InstaDirectMessage_ButDev.InstagramGeoParser.DoResult(String s) в D:\MaXiMAA\MaXiMAAOld\C#Готово\KWORK\InstaDirectMessage_ButDev\InstaDirectMessage_ButDev\InstagramGeoParser.cs:строка 32
   в InstaDirectMessage_ButDev.InstagramGeoParser.GetData(String cookie) в D:\MaXiMAA\MaXiMAAOld\C#Готово\KWORK\InstaDirectMessage_ButDev\InstaDirectMessage_ButDev\InstagramGeoParser.cs:строка 375
[20.04.2020 20:51:22, поток 0] Спарсили часть...
[20.04.2020 20:52:01, поток 0] Спарсили часть...
[20.04.2020 20:52:41, поток 0] Спарсили часть...
[20.04.2020 20:53:17, поток 0] (Ошибка) Текст ошибки: xNet.HttpException: Получен пустой ответ от HTTP-сервера 'i.instagram.com'.
   в xNet.HttpResponse.ReceiveStartingLine()
   в xNet.HttpResponse.LoadResponse(HttpMethod method)
   в xNet.HttpRequest.Request(HttpMethod method, Uri address, HttpContent content)
   в xNet.HttpRequest.Raw(HttpMethod method, Uri address, HttpContent content)
   в xNet.HttpRequest.Raw(HttpMethod method, String address, HttpContent content)
   в xNet.HttpRequest.Get(String address, RequestParams urlParams)
   в InstaDirectMessage_ButDev.InstagramGeoParser.GetNicknameByID(String id) в D:\MaXiMAA\MaXiMAAOld\C#Готово\KWORK\InstaDirectMessage_ButDev\InstaDirectMessage_ButDev\InstagramGeoParser.cs:строка 66
   в InstaDirectMessage_ButDev.InstagramGeoParser.DoResult(String s) в D:\MaXiMAA\MaXiMAAOld\C#Готово\KWORK\InstaDirectMessage_ButDev\InstaDirectMessage_ButDev\InstagramGeoParser.cs:строка 32
   в InstaDirectMessage_ButDev.InstagramGeoParser.GetData(String cookie) в D:\MaXiMAA\MaXiMAAOld\C#Готово\KWORK\InstaDirectMessage_ButDev\InstaDirectMessage_ButDev\InstagramGeoParser.cs:строка 375
[20.04.2020 20:53:17, поток 0] Спарсили часть...
[20.04.2020 20:54:04, поток 0] Спарсили часть...
[20.04.2020 20:54:48, поток 0] Спарсили часть...
[20.04.2020 20:56:20, поток 0] (Ошибка) Текст ошибки: xNet.HttpException: Не удалось соединиться с HTTP-сервером 'i.instagram.com'. ---> xNet.ProxyException: Вышло время ожидания данных от прокси-сервера '95.165.151.65:47881'.
   в xNet.HttpProxyClient.WaitData(NetworkStream nStream)
   в xNet.HttpProxyClient.ReceiveResponse(NetworkStream nStream)
   в xNet.HttpProxyClient.CreateConnection(String destinationHost, Int32 destinationPort, TcpClient tcpClient)
   в xNet.HttpRequest.CreateTcpConnection(String host, Int32 port)
   --- Конец трассировки внутреннего стека исключений ---
   в xNet.HttpRequest.CreateTcpConnection(String host, Int32 port)
   в xNet.HttpRequest.CreateConnection(Uri address)
   в xNet.HttpRequest.TryCreateConnectionOrUseExisting(Uri address, Uri previousAddress)
   в xNet.HttpRequest.Request(HttpMethod method, Uri address, HttpContent content)
   в xNet.HttpRequest.Raw(HttpMethod method, Uri address, HttpContent content)
   в xNet.HttpRequest.Raw(HttpMethod method, String address, HttpContent content)
   в xNet.HttpRequest.Get(String address, RequestParams urlParams)
   в InstaDirectMessage_ButDev.InstagramGeoParser.GetNicknameByID(String id) в D:\MaXiMAA\MaXiMAAOld\C#Готово\KWORK\InstaDirectMessage_ButDev\InstaDirectMessage_ButDev\InstagramGeoParser.cs:строка 66
   в InstaDirectMessage_ButDev.InstagramGeoParser.DoResult(String s) в D:\MaXiMAA\MaXiMAAOld\C#Готово\KWORK\InstaDirectMessage_ButDev\InstaDirectMessage_ButDev\InstagramGeoParser.cs:строка 32
   в InstaDirectMessage_ButDev.InstagramGeoParser.GetData(String cookie) в D:\MaXiMAA\MaXiMAAOld\C#Готово\KWORK\InstaDirectMessage_ButDev\InstaDirectMessage_ButDev\InstagramGeoParser.cs:строка 375
[20.04.2020 20:56:20, поток 0] Спарсили часть...
