[04.06.2020 13:51:57, thread 0] Defined proxy region - be-BY
[04.06.2020 13:51:58, thread 0] Cookie parsing
[04.06.2020 13:52:30, thread 0] Took number in the service - +79093110945, id: 269487820
[04.06.2020 13:52:31, thread 0] Requested SMS from Instagram.
[04.06.2020 13:53:15, thread 0] Received a code 346057 on number +79093110945, id: 269487820
[04.06.2020 13:53:15, thread 0] Starting registration...
[04.06.2020 13:53:18, thread 0] Checkpoint - Helena9_Borghi961:Brr_nKsu7D9CBFiKgxz8:127.0.0.1:8888:mozilla/5.0 (linux; Android 6.0.1; 5015D Build/LMY47I; wv) AppleWebKit/537.36 (KHTML, like Gecko) Version/4.0  Chrome/61.0.3163.98 Mobile Safari/537.36 [FB_IAB/FB4A;FBAV/153.0.0.54.88;]:Helena9Borghi75520@gmail.com:be-BY
[04.06.2020 13:53:18, thread 0] We are waiting for another SMS to this number.
[04.06.2020 13:53:29, thread 0] Defined proxy region - be-BY
[04.06.2020 13:53:30, thread 0] Cookie parsing
[04.06.2020 13:53:30, thread 0] Requested SMS from Instagram.
[04.06.2020 13:53:50, thread 0] Received a code 346057 on number +79093110945, id: 269487820
[04.06.2020 13:53:50, thread 0] Starting registration...
[04.06.2020 13:53:51, thread 0] Error registering - Petrova50_Lang355:qnoJrnLuj4SirFlp6ZEO:127.0.0.1:8888:Mozilla/5.0 (Windows NT 6.1; WOW64) AppleWebKit/537.36 (KHTML, like Gecko) coc_coc_browser/82.0.144 Chrome/76.0.3809.144 Safari/537.36:Petrova50Lang46445@gmail.com:be-BY
[04.06.2020 13:53:51, thread 0] We are waiting for another SMS to this number.
[04.06.2020 13:54:01, thread 0] Defined proxy region - be-BY
[04.06.2020 13:54:02, thread 0] Cookie parsing
[04.06.2020 13:54:02, thread 0] Requested SMS from Instagram.
[04.06.2020 13:54:23, thread 0] Received a code 398425 on number +79093110945, id: 269487820
[04.06.2020 13:54:23, thread 0] Starting registration...
[04.06.2020 13:54:23, thread 0] Error registering - Kristina9658_Jalil921:MtJ9aVM8Ugu9vAvfbuGp:127.0.0.1:8888:Mozilla/5.0 (Windows NT 6.1; WOW64) AppleWebKit/537.36 (KHTML, like Gecko) Chrome/68.0.3440.106 YaBrowser/18.9.1.954 Yowser/2.5 Safari/537.36:Kristina9658Jalil24980@gmail.com:be-BY
[04.06.2020 13:54:23, thread 0] We are waiting for another SMS to this number.
[04.06.2020 13:54:34, thread 0] Defined proxy region - be-BY
[04.06.2020 13:54:35, thread 0] Cookie parsing
[04.06.2020 13:54:35, thread 0] Requested SMS from Instagram.
[04.06.2020 13:54:55, thread 0] Received a code 179350 on number +79093110945, id: 269487820
[04.06.2020 13:54:55, thread 0] Starting registration...
[04.06.2020 13:54:56, thread 0] Error registering - Kathryn89058_Esmeralda242:YPQqYykn215RNLGKT61G:127.0.0.1:8888:Mozilla/5.0 (Windows NT 6.1) AppleWebKit/537.36 (KHTML, like Gecko) Chrome/72.0.3626.121 Safari/537.36:Kathryn89058Esmeralda81129@gmail.com:be-BY
[04.06.2020 13:54:56, thread 0] We are waiting for another SMS to this number.
[04.06.2020 13:55:06, thread 0] Defined proxy region - be-BY
[04.06.2020 13:55:07, thread 0] Cookie parsing
[04.06.2020 13:55:08, thread 0] Requested SMS from Instagram.
[04.06.2020 13:55:28, thread 0] Received a code 208413 on number +79093110945, id: 269487820
[04.06.2020 13:55:28, thread 0] Starting registration...
[04.06.2020 13:55:28, thread 0] Error registering - Gladys96_Gilmore930:3rxluTVLG9Jj3RNimgPt:127.0.0.1:8888:Mozilla/5.0 (Windows NT 10.0; WOW64) AppleWebKit/537.36 (KHTML, like Gecko) Chrome/67.0.3381.1 Safari/537.36:Gladys96Gilmore17509@gmail.com:be-BY
[04.06.2020 13:55:28, thread 0] We are waiting for another SMS to this number.
[04.06.2020 13:55:39, thread 0] Defined proxy region - be-BY
[04.06.2020 13:55:40, thread 0] Cookie parsing
[04.06.2020 13:55:40, thread 0] Requested SMS from Instagram.
[04.06.2020 13:56:00, thread 0] Received a code 208413 on number +79093110945, id: 269487820
[04.06.2020 13:56:00, thread 0] Starting registration...
[04.06.2020 13:56:01, thread 0] Error registering - Bathsheba868_Pozzi920:C8XwUtBsjf0it5AuFdH1:127.0.0.1:8888:Mozilla/5.0 (Windows NT 10.0; WOW64) AppleWebKit/537.36 (KHTML, like Gecko) Chrome/76.0.3809.132 Safari/537.36 OPR/63.0.3368.71 (Edition Yx):Bathsheba868Pozzi76868@gmail.com:be-BY
[04.06.2020 13:56:01, thread 0] We are waiting for another SMS to this number.
[04.06.2020 13:56:11, thread 0] Defined proxy region - be-BY
[04.06.2020 13:56:12, thread 0] Cookie parsing
[04.06.2020 13:56:12, thread 0] Requested SMS from Instagram.
[04.06.2020 13:56:33, thread 0] Received a code 208413 on number +79093110945, id: 269487820
[04.06.2020 13:56:33, thread 0] Starting registration...
[04.06.2020 13:56:33, thread 0] Error registering - Davydova695956_Esther927:dWFRt9H4A0D6P5lyK7Ac:127.0.0.1:8888:Mozilla/5.0 (Windows NT 6.1; WOW64) AppleWebKit/537.36 (KHTML, like Gecko) Chrome/66.0.3359.170 Safari/537.36 OPR/53.0.2907.99:Davydova695956Esther41351@gmail.com:be-BY
[04.06.2020 13:56:33, thread 0] We are waiting for another SMS to this number.
[04.06.2020 13:56:43, thread 0] Defined proxy region - be-BY
[04.06.2020 13:56:44, thread 0] Cookie parsing
[04.06.2020 13:56:45, thread 0] Requested SMS from Instagram.
[04.06.2020 13:57:05, thread 0] Received a code 208413 on number +79093110945, id: 269487820
[04.06.2020 13:57:05, thread 0] Starting registration...
[04.06.2020 13:57:05, thread 0] Error registering - Orlov5666_Efimov644:NCRL2Ziaj3uYmlpmwfSP:127.0.0.1:8888:Mozilla/5.0 (Windows NT 10.0; WOW64) AppleWebKit/537.36 (KHTML, like Gecko) Chrome/64.0.3282.186 YaBrowser/18.3.1.1232 Yowser/2.5 Safari/537.36:Orlov5666Efimov39112@gmail.com:be-BY
[04.06.2020 13:57:05, thread 0] We are waiting for another SMS to this number.
[04.06.2020 13:57:16, thread 0] Defined proxy region - be-BY
[04.06.2020 13:57:17, thread 0] Cookie parsing
[04.06.2020 13:57:17, thread 0] Requested SMS from Instagram.
[04.06.2020 13:57:37, thread 0] Received a code 208413 on number +79093110945, id: 269487820
[04.06.2020 13:57:37, thread 0] Starting registration...
[04.06.2020 13:57:37, thread 0] Error registering - Pamela6589_Carrara344:hQL1TZuRlKwAvIddniSo:127.0.0.1:8888:Mozilla/5.0 (Windows NT 10.0; Win64; x64) AppleWebKit/537.36 (KHTML, like Gecko) Chrome/76.0.3809.87 Safari/537.36:Pamela6589Carrara13704@gmail.com:be-BY
[04.06.2020 13:57:38, thread 0] We are waiting for another SMS to this number.
[04.06.2020 13:57:48, thread 0] Defined proxy region - be-BY
[04.06.2020 13:57:49, thread 0] Cookie parsing
[04.06.2020 13:57:50, thread 0] Requested SMS from Instagram.
[04.06.2020 13:58:11, thread 0] Received a code 208413 on number +79093110945, id: 269487820
[04.06.2020 13:58:11, thread 0] Starting registration...
[04.06.2020 13:58:11, thread 0] Error registering - Angela9686_Form232:T8_T8T0F_e77YHZ4kkE4:127.0.0.1:8888:Mozilla/5.0 (Windows NT 6.1; Win64; x64) AppleWebKit/537.36 (KHTML, like Gecko) Chrome/78.0.3904.87 Safari/537.36:Angela9686Form86499@gmail.com:be-BY
[04.06.2020 13:58:11, thread 0] We are waiting for another SMS to this number.
[04.06.2020 13:58:21, thread 0] Defined proxy region - be-BY
[04.06.2020 13:58:22, thread 0] Cookie parsing
[04.06.2020 13:58:23, thread 0] Requested SMS from Instagram.
[04.06.2020 13:58:43, thread 0] Received a code 208413 on number +79093110945, id: 269487820
[04.06.2020 13:58:43, thread 0] Starting registration...
[04.06.2020 13:58:43, thread 0] Error registering - Andreeva8508_Sutton100:XcMT2JzSGi3jAgfmn4U4:127.0.0.1:8888:mozilla/5.0 (linux; Android 8.0.0; Aquaris E5 FHD Build/KOT49H) AppleWebKit/537.36 (KHTML, like Gecko) Version/4.0 Chrome/30.0.0.0 Mobile Safari/537.36 [FB_IAB/FB4A;FBAV/170.0.0.52.95;]:Andreeva8508Sutton98014@gmail.com:be-BY
[04.06.2020 13:58:43, thread 0] We are waiting for another SMS to this number.
