[23.05.2020 20:46:53, поток 1] [DEBUG] Не удалось спарсить Cookie. Плохие прокси?
[23.05.2020 20:46:53, поток 1] [DEBUG] Сменили прокси.
[23.05.2020 20:46:59, поток 1] [DEBUG] Не удалось спарсить Cookie. Плохие прокси?
[23.05.2020 20:46:59, поток 1] [DEBUG] Сменили прокси.
[23.05.2020 20:47:15, поток 1] [DEBUG] Не удалось спарсить Cookie. Плохие прокси?
[23.05.2020 20:47:15, поток 1] [DEBUG] Сменили прокси.
[23.05.2020 20:47:21, поток 1] [DEBUG] Не удалось спарсить Cookie. Плохие прокси?
[23.05.2020 20:47:21, поток 1] [DEBUG] Сменили прокси.
[23.05.2020 20:47:37, поток 1] [DEBUG] Не удалось спарсить Cookie. Плохие прокси?
[23.05.2020 20:47:37, поток 1] [DEBUG] Сменили прокси.
[23.05.2020 20:47:43, поток 1] [DEBUG] Не удалось спарсить Cookie. Плохие прокси?
[23.05.2020 20:47:43, поток 1] [DEBUG] Сменили прокси.
[23.05.2020 20:48:00, поток 1] [DEBUG] Не удалось спарсить Cookie. Плохие прокси?
[23.05.2020 20:48:00, поток 1] [DEBUG] Сменили прокси.
[23.05.2020 20:48:05, поток 1] [DEBUG] Не удалось спарсить Cookie. Плохие прокси?
[23.05.2020 20:48:05, поток 1] [DEBUG] Сменили прокси.
[23.05.2020 20:48:22, поток 1] [DEBUG] Не удалось спарсить Cookie. Плохие прокси?
[23.05.2020 20:48:22, поток 1] [DEBUG] Сменили прокси.
[23.05.2020 20:48:27, поток 1] [DEBUG] Не удалось спарсить Cookie. Плохие прокси?
[23.05.2020 20:48:27, поток 1] [DEBUG] Сменили прокси.
[23.05.2020 21:12:32, поток 1] (Ошибка) Текст ошибки: System.ArgumentException: Значение параметра не может быть строкой нулевой длины.
Имя параметра: value
   в xNet.HttpRequest.AddHeader(String name, String value)
   в InstaDirectMessage_ButDev.InstagramWebRegistrator.Register(String Name, String Surname, String cookie) в D:\MaXiMAA\MaXiMAAOld\C#Готово\KWORK\InstaDirectMessage_ButDev\InstaDirectMessage_ButDev\InstagramWebRegistrator.cs:строка 271
[23.05.2020 21:12:50, поток 1] (Ошибка) Текст ошибки: System.ArgumentException: Значение параметра не может быть строкой нулевой длины.
Имя параметра: value
   в xNet.HttpRequest.AddHeader(String name, String value)
   в InstaDirectMessage_ButDev.InstagramWebRegistrator.Register(String Name, String Surname, String cookie) в D:\MaXiMAA\MaXiMAAOld\C#Готово\KWORK\InstaDirectMessage_ButDev\InstaDirectMessage_ButDev\InstagramWebRegistrator.cs:строка 271
[23.05.2020 21:15:25, поток 1] Ошибка при регистрации - Gwen869059_Weaver438:sYKYUPafLB23nzeLMvzq:185.86.151.217:8011:l3ntvv:NGJKov:Mozilla/5.0 (Windows NT 6.1; WOW64; rv:29.0) Gecko/20120101 Firefox/29.0:Gwen869059Weaver17806@gmail.com:en-US
[23.05.2020 21:17:12, поток 1] [DEBUG] Не удалось спарсить Cookie. Плохие прокси?
[23.05.2020 21:17:12, поток 1] [DEBUG] Сменили прокси.
[23.05.2020 21:17:18, поток 1] [DEBUG] Не удалось спарсить Cookie. Плохие прокси?
[23.05.2020 21:17:18, поток 1] [DEBUG] Сменили прокси.
[23.05.2020 21:17:33, поток 1] [DEBUG] Не удалось спарсить Cookie. Плохие прокси?
[23.05.2020 21:17:33, поток 1] [DEBUG] Сменили прокси.
[23.05.2020 21:17:39, поток 1] [DEBUG] Не удалось спарсить Cookie. Плохие прокси?
[23.05.2020 21:17:39, поток 1] [DEBUG] Сменили прокси.
[23.05.2020 21:17:55, поток 1] [DEBUG] Не удалось спарсить Cookie. Плохие прокси?
[23.05.2020 21:17:55, поток 1] [DEBUG] Сменили прокси.
[23.05.2020 21:18:00, поток 1] [DEBUG] Не удалось спарсить Cookie. Плохие прокси?
[23.05.2020 21:18:00, поток 1] [DEBUG] Сменили прокси.
[23.05.2020 21:18:16, поток 1] [DEBUG] Не удалось спарсить Cookie. Плохие прокси?
[23.05.2020 21:18:16, поток 1] [DEBUG] Сменили прокси.
[23.05.2020 21:18:22, поток 1] [DEBUG] Не удалось спарсить Cookie. Плохие прокси?
[23.05.2020 21:18:22, поток 1] [DEBUG] Сменили прокси.
[23.05.2020 21:18:37, поток 1] [DEBUG] Не удалось спарсить Cookie. Плохие прокси?
[23.05.2020 21:18:37, поток 1] [DEBUG] Сменили прокси.
[23.05.2020 21:18:43, поток 1] [DEBUG] Не удалось спарсить Cookie. Плохие прокси?
[23.05.2020 21:18:43, поток 1] [DEBUG] Сменили прокси.
[23.05.2020 21:18:59, поток 1] [DEBUG] Не удалось спарсить Cookie. Плохие прокси?
[23.05.2020 21:18:59, поток 1] [DEBUG] Сменили прокси.
[23.05.2020 21:19:05, поток 1] [DEBUG] Не удалось спарсить Cookie. Плохие прокси?
[23.05.2020 21:19:05, поток 1] [DEBUG] Сменили прокси.
[23.05.2020 21:19:20, поток 1] [DEBUG] Не удалось спарсить Cookie. Плохие прокси?
[23.05.2020 21:19:20, поток 1] [DEBUG] Сменили прокси.
[23.05.2020 21:19:26, поток 1] [DEBUG] Не удалось спарсить Cookie. Плохие прокси?
[23.05.2020 21:19:26, поток 1] [DEBUG] Сменили прокси.
[23.05.2020 21:19:42, поток 1] [DEBUG] Не удалось спарсить Cookie. Плохие прокси?
[23.05.2020 21:19:42, поток 1] [DEBUG] Сменили прокси.
[23.05.2020 21:19:48, поток 1] [DEBUG] Не удалось спарсить Cookie. Плохие прокси?
[23.05.2020 21:19:48, поток 1] [DEBUG] Сменили прокси.
[23.05.2020 21:20:03, поток 1] [DEBUG] Не удалось спарсить Cookie. Плохие прокси?
[23.05.2020 21:20:03, поток 1] [DEBUG] Сменили прокси.
[23.05.2020 21:20:09, поток 1] [DEBUG] Не удалось спарсить Cookie. Плохие прокси?
[23.05.2020 21:20:09, поток 1] [DEBUG] Сменили прокси.
[23.05.2020 21:20:25, поток 1] [DEBUG] Не удалось спарсить Cookie. Плохие прокси?
[23.05.2020 21:20:25, поток 1] [DEBUG] Сменили прокси.
[23.05.2020 21:20:31, поток 1] [DEBUG] Не удалось спарсить Cookie. Плохие прокси?
[23.05.2020 21:20:31, поток 1] [DEBUG] Сменили прокси.
[23.05.2020 21:20:46, поток 1] [DEBUG] Не удалось спарсить Cookie. Плохие прокси?
[23.05.2020 21:20:46, поток 1] [DEBUG] Сменили прокси.
[23.05.2020 21:20:52, поток 1] [DEBUG] Не удалось спарсить Cookie. Плохие прокси?
[23.05.2020 21:20:52, поток 1] [DEBUG] Сменили прокси.
[23.05.2020 21:21:08, поток 1] [DEBUG] Не удалось спарсить Cookie. Плохие прокси?
[23.05.2020 21:21:08, поток 1] [DEBUG] Сменили прокси.
[23.05.2020 21:21:14, поток 1] [DEBUG] Не удалось спарсить Cookie. Плохие прокси?
[23.05.2020 21:21:14, поток 1] [DEBUG] Сменили прокси.
[23.05.2020 21:21:29, поток 1] [DEBUG] Не удалось спарсить Cookie. Плохие прокси?
[23.05.2020 21:21:29, поток 1] [DEBUG] Сменили прокси.
[23.05.2020 21:21:35, поток 1] [DEBUG] Не удалось спарсить Cookie. Плохие прокси?
[23.05.2020 21:21:35, поток 1] [DEBUG] Сменили прокси.
[23.05.2020 21:21:51, поток 1] [DEBUG] Не удалось спарсить Cookie. Плохие прокси?
[23.05.2020 21:21:51, поток 1] [DEBUG] Сменили прокси.
[23.05.2020 21:21:57, поток 1] [DEBUG] Не удалось спарсить Cookie. Плохие прокси?
[23.05.2020 21:21:57, поток 1] [DEBUG] Сменили прокси.
[23.05.2020 21:22:13, поток 1] [DEBUG] Не удалось спарсить Cookie. Плохие прокси?
[23.05.2020 21:22:13, поток 1] [DEBUG] Сменили прокси.
[23.05.2020 21:22:18, поток 1] [DEBUG] Не удалось спарсить Cookie. Плохие прокси?
[23.05.2020 21:22:18, поток 1] [DEBUG] Сменили прокси.
[23.05.2020 21:22:34, поток 1] [DEBUG] Не удалось спарсить Cookie. Плохие прокси?
[23.05.2020 21:22:34, поток 1] [DEBUG] Сменили прокси.
[23.05.2020 21:22:40, поток 1] [DEBUG] Не удалось спарсить Cookie. Плохие прокси?
[23.05.2020 21:22:40, поток 1] [DEBUG] Сменили прокси.
[23.05.2020 21:22:56, поток 1] [DEBUG] Не удалось спарсить Cookie. Плохие прокси?
[23.05.2020 21:22:56, поток 1] [DEBUG] Сменили прокси.
[23.05.2020 21:23:01, поток 1] [DEBUG] Не удалось спарсить Cookie. Плохие прокси?
[23.05.2020 21:23:01, поток 1] [DEBUG] Сменили прокси.
[23.05.2020 21:23:17, поток 1] [DEBUG] Не удалось спарсить Cookie. Плохие прокси?
[23.05.2020 21:23:17, поток 1] [DEBUG] Сменили прокси.
[23.05.2020 21:23:23, поток 1] [DEBUG] Не удалось спарсить Cookie. Плохие прокси?
[23.05.2020 21:23:23, поток 1] [DEBUG] Сменили прокси.
[23.05.2020 21:23:39, поток 1] [DEBUG] Не удалось спарсить Cookie. Плохие прокси?
[23.05.2020 21:23:39, поток 1] [DEBUG] Сменили прокси.
[23.05.2020 21:23:45, поток 1] [DEBUG] Не удалось спарсить Cookie. Плохие прокси?
[23.05.2020 21:23:45, поток 1] [DEBUG] Сменили прокси.
[23.05.2020 21:24:01, поток 1] [DEBUG] Не удалось спарсить Cookie. Плохие прокси?
[23.05.2020 21:24:01, поток 1] [DEBUG] Сменили прокси.
[23.05.2020 21:24:07, поток 1] [DEBUG] Не удалось спарсить Cookie. Плохие прокси?
[23.05.2020 21:24:07, поток 1] [DEBUG] Сменили прокси.
[23.05.2020 21:24:24, поток 1] [DEBUG] Не удалось спарсить Cookie. Плохие прокси?
[23.05.2020 21:24:24, поток 1] [DEBUG] Сменили прокси.
[23.05.2020 21:24:30, поток 1] [DEBUG] Не удалось спарсить Cookie. Плохие прокси?
[23.05.2020 21:24:30, поток 1] [DEBUG] Сменили прокси.
[23.05.2020 21:24:46, поток 1] [DEBUG] Не удалось спарсить Cookie. Плохие прокси?
[23.05.2020 21:24:46, поток 1] [DEBUG] Сменили прокси.
[23.05.2020 21:24:51, поток 1] [DEBUG] Не удалось спарсить Cookie. Плохие прокси?
[23.05.2020 21:24:51, поток 1] [DEBUG] Сменили прокси.
[23.05.2020 21:25:07, поток 1] [DEBUG] Не удалось спарсить Cookie. Плохие прокси?
[23.05.2020 21:25:07, поток 1] [DEBUG] Сменили прокси.
[23.05.2020 21:25:13, поток 1] [DEBUG] Не удалось спарсить Cookie. Плохие прокси?
[23.05.2020 21:25:13, поток 1] [DEBUG] Сменили прокси.
[23.05.2020 21:25:29, поток 1] [DEBUG] Не удалось спарсить Cookie. Плохие прокси?
[23.05.2020 21:25:29, поток 1] [DEBUG] Сменили прокси.
[23.05.2020 21:25:35, поток 1] [DEBUG] Не удалось спарсить Cookie. Плохие прокси?
[23.05.2020 21:25:35, поток 1] [DEBUG] Сменили прокси.
[23.05.2020 21:25:52, поток 1] [DEBUG] Не удалось спарсить Cookie. Плохие прокси?
[23.05.2020 21:25:52, поток 1] [DEBUG] Сменили прокси.
[23.05.2020 21:25:58, поток 1] [DEBUG] Не удалось спарсить Cookie. Плохие прокси?
[23.05.2020 21:25:58, поток 1] [DEBUG] Сменили прокси.
[23.05.2020 21:26:15, поток 1] [DEBUG] Не удалось спарсить Cookie. Плохие прокси?
[23.05.2020 21:26:15, поток 1] [DEBUG] Сменили прокси.
[23.05.2020 21:26:21, поток 1] [DEBUG] Не удалось спарсить Cookie. Плохие прокси?
[23.05.2020 21:26:21, поток 1] [DEBUG] Сменили прокси.
[23.05.2020 21:26:37, поток 1] [DEBUG] Не удалось спарсить Cookie. Плохие прокси?
[23.05.2020 21:26:37, поток 1] [DEBUG] Сменили прокси.
[23.05.2020 21:26:43, поток 1] [DEBUG] Не удалось спарсить Cookie. Плохие прокси?
[23.05.2020 21:26:43, поток 1] [DEBUG] Сменили прокси.
[23.05.2020 21:26:59, поток 1] [DEBUG] Не удалось спарсить Cookie. Плохие прокси?
[23.05.2020 21:26:59, поток 1] [DEBUG] Сменили прокси.
[23.05.2020 21:27:06, поток 1] [DEBUG] Не удалось спарсить Cookie. Плохие прокси?
[23.05.2020 21:27:06, поток 1] [DEBUG] Сменили прокси.
[23.05.2020 21:27:22, поток 1] [DEBUG] Не удалось спарсить Cookie. Плохие прокси?
[23.05.2020 21:27:22, поток 1] [DEBUG] Сменили прокси.
[23.05.2020 21:27:29, поток 1] [DEBUG] Не удалось спарсить Cookie. Плохие прокси?
[23.05.2020 21:27:29, поток 1] [DEBUG] Сменили прокси.
[23.05.2020 21:27:45, поток 1] [DEBUG] Не удалось спарсить Cookie. Плохие прокси?
[23.05.2020 21:27:45, поток 1] [DEBUG] Сменили прокси.
[23.05.2020 21:27:52, поток 1] [DEBUG] Не удалось спарсить Cookie. Плохие прокси?
[23.05.2020 21:27:52, поток 1] [DEBUG] Сменили прокси.
[23.05.2020 21:28:08, поток 1] [DEBUG] Не удалось спарсить Cookie. Плохие прокси?
[23.05.2020 21:28:08, поток 1] [DEBUG] Сменили прокси.
[23.05.2020 21:28:15, поток 1] [DEBUG] Не удалось спарсить Cookie. Плохие прокси?
[23.05.2020 21:28:15, поток 1] [DEBUG] Сменили прокси.
[23.05.2020 21:28:32, поток 1] [DEBUG] Не удалось спарсить Cookie. Плохие прокси?
[23.05.2020 21:28:32, поток 1] [DEBUG] Сменили прокси.
[23.05.2020 21:28:38, поток 1] [DEBUG] Не удалось спарсить Cookie. Плохие прокси?
[23.05.2020 21:28:38, поток 1] [DEBUG] Сменили прокси.
[23.05.2020 21:28:55, поток 1] [DEBUG] Не удалось спарсить Cookie. Плохие прокси?
[23.05.2020 21:28:55, поток 1] [DEBUG] Сменили прокси.
[23.05.2020 21:29:01, поток 1] [DEBUG] Не удалось спарсить Cookie. Плохие прокси?
[23.05.2020 21:29:01, поток 1] [DEBUG] Сменили прокси.
[23.05.2020 21:29:18, поток 1] [DEBUG] Не удалось спарсить Cookie. Плохие прокси?
[23.05.2020 21:29:18, поток 1] [DEBUG] Сменили прокси.
[23.05.2020 21:29:24, поток 1] [DEBUG] Не удалось спарсить Cookie. Плохие прокси?
[23.05.2020 21:29:24, поток 1] [DEBUG] Сменили прокси.
[23.05.2020 21:29:41, поток 1] [DEBUG] Не удалось спарсить Cookie. Плохие прокси?
[23.05.2020 21:29:41, поток 1] [DEBUG] Сменили прокси.
[23.05.2020 21:29:47, поток 1] [DEBUG] Не удалось спарсить Cookie. Плохие прокси?
[23.05.2020 21:29:47, поток 1] [DEBUG] Сменили прокси.
[23.05.2020 21:30:04, поток 1] [DEBUG] Не удалось спарсить Cookie. Плохие прокси?
[23.05.2020 21:30:04, поток 1] [DEBUG] Сменили прокси.
[23.05.2020 21:30:12, поток 1] [DEBUG] Не удалось спарсить Cookie. Плохие прокси?
[23.05.2020 21:30:12, поток 1] [DEBUG] Сменили прокси.
[23.05.2020 21:30:29, поток 1] [DEBUG] Не удалось спарсить Cookie. Плохие прокси?
[23.05.2020 21:30:29, поток 1] [DEBUG] Сменили прокси.
[23.05.2020 21:30:36, поток 1] [DEBUG] Не удалось спарсить Cookie. Плохие прокси?
[23.05.2020 21:30:36, поток 1] [DEBUG] Сменили прокси.
[23.05.2020 21:30:54, поток 1] [DEBUG] Не удалось спарсить Cookie. Плохие прокси?
[23.05.2020 21:30:54, поток 1] [DEBUG] Сменили прокси.
[23.05.2020 21:31:02, поток 1] [DEBUG] Не удалось спарсить Cookie. Плохие прокси?
[23.05.2020 21:31:02, поток 1] [DEBUG] Сменили прокси.
[23.05.2020 21:31:19, поток 1] [DEBUG] Не удалось спарсить Cookie. Плохие прокси?
[23.05.2020 21:31:19, поток 1] [DEBUG] Сменили прокси.
[23.05.2020 21:31:26, поток 1] [DEBUG] Не удалось спарсить Cookie. Плохие прокси?
[23.05.2020 21:31:26, поток 1] [DEBUG] Сменили прокси.
[23.05.2020 21:31:43, поток 1] [DEBUG] Не удалось спарсить Cookie. Плохие прокси?
[23.05.2020 21:31:43, поток 1] [DEBUG] Сменили прокси.
[23.05.2020 21:31:50, поток 1] [DEBUG] Не удалось спарсить Cookie. Плохие прокси?
[23.05.2020 21:31:50, поток 1] [DEBUG] Сменили прокси.
[23.05.2020 21:32:06, поток 1] [DEBUG] Не удалось спарсить Cookie. Плохие прокси?
[23.05.2020 21:32:06, поток 1] [DEBUG] Сменили прокси.
[23.05.2020 21:32:13, поток 1] [DEBUG] Не удалось спарсить Cookie. Плохие прокси?
[23.05.2020 21:32:13, поток 1] [DEBUG] Сменили прокси.
[23.05.2020 21:32:30, поток 1] [DEBUG] Не удалось спарсить Cookie. Плохие прокси?
[23.05.2020 21:32:30, поток 1] [DEBUG] Сменили прокси.
[23.05.2020 21:32:37, поток 1] [DEBUG] Не удалось спарсить Cookie. Плохие прокси?
[23.05.2020 21:32:37, поток 1] [DEBUG] Сменили прокси.
[23.05.2020 21:32:54, поток 1] [DEBUG] Не удалось спарсить Cookie. Плохие прокси?
[23.05.2020 21:32:54, поток 1] [DEBUG] Сменили прокси.
[23.05.2020 21:33:01, поток 1] [DEBUG] Не удалось спарсить Cookie. Плохие прокси?
[23.05.2020 21:33:01, поток 1] [DEBUG] Сменили прокси.
[23.05.2020 21:33:18, поток 1] [DEBUG] Не удалось спарсить Cookie. Плохие прокси?
[23.05.2020 21:33:18, поток 1] [DEBUG] Сменили прокси.
[23.05.2020 21:33:24, поток 1] [DEBUG] Не удалось спарсить Cookie. Плохие прокси?
[23.05.2020 21:33:24, поток 1] [DEBUG] Сменили прокси.
[23.05.2020 21:33:42, поток 1] [DEBUG] Не удалось спарсить Cookie. Плохие прокси?
[23.05.2020 21:33:42, поток 1] [DEBUG] Сменили прокси.
[23.05.2020 21:33:49, поток 1] [DEBUG] Не удалось спарсить Cookie. Плохие прокси?
[23.05.2020 21:33:49, поток 1] [DEBUG] Сменили прокси.
[23.05.2020 21:34:06, поток 1] [DEBUG] Не удалось спарсить Cookie. Плохие прокси?
[23.05.2020 21:34:06, поток 1] [DEBUG] Сменили прокси.
[23.05.2020 21:34:13, поток 1] [DEBUG] Не удалось спарсить Cookie. Плохие прокси?
[23.05.2020 21:34:13, поток 1] [DEBUG] Сменили прокси.
[23.05.2020 21:34:30, поток 1] [DEBUG] Не удалось спарсить Cookie. Плохие прокси?
[23.05.2020 21:34:30, поток 1] [DEBUG] Сменили прокси.
[23.05.2020 21:34:36, поток 1] [DEBUG] Не удалось спарсить Cookie. Плохие прокси?
[23.05.2020 21:34:36, поток 1] [DEBUG] Сменили прокси.
[23.05.2020 21:34:53, поток 1] [DEBUG] Не удалось спарсить Cookie. Плохие прокси?
[23.05.2020 21:34:53, поток 1] [DEBUG] Сменили прокси.
[23.05.2020 21:35:00, поток 1] [DEBUG] Не удалось спарсить Cookie. Плохие прокси?
[23.05.2020 21:35:00, поток 1] [DEBUG] Сменили прокси.
[23.05.2020 21:35:17, поток 1] [DEBUG] Не удалось спарсить Cookie. Плохие прокси?
[23.05.2020 21:35:17, поток 1] [DEBUG] Сменили прокси.
[23.05.2020 21:35:24, поток 1] [DEBUG] Не удалось спарсить Cookie. Плохие прокси?
[23.05.2020 21:35:24, поток 1] [DEBUG] Сменили прокси.
[23.05.2020 21:35:41, поток 1] [DEBUG] Не удалось спарсить Cookie. Плохие прокси?
[23.05.2020 21:35:41, поток 1] [DEBUG] Сменили прокси.
[23.05.2020 21:35:48, поток 1] [DEBUG] Не удалось спарсить Cookie. Плохие прокси?
[23.05.2020 21:35:48, поток 1] [DEBUG] Сменили прокси.
[23.05.2020 21:36:05, поток 1] [DEBUG] Не удалось спарсить Cookie. Плохие прокси?
[23.05.2020 21:36:05, поток 1] [DEBUG] Сменили прокси.
[23.05.2020 21:36:11, поток 1] [DEBUG] Не удалось спарсить Cookie. Плохие прокси?
[23.05.2020 21:36:11, поток 1] [DEBUG] Сменили прокси.
[23.05.2020 21:36:29, поток 1] [DEBUG] Не удалось спарсить Cookie. Плохие прокси?
[23.05.2020 21:36:29, поток 1] [DEBUG] Сменили прокси.
[23.05.2020 21:36:36, поток 1] [DEBUG] Не удалось спарсить Cookie. Плохие прокси?
[23.05.2020 21:36:36, поток 1] [DEBUG] Сменили прокси.
[23.05.2020 21:36:53, поток 1] [DEBUG] Не удалось спарсить Cookie. Плохие прокси?
[23.05.2020 21:36:53, поток 1] [DEBUG] Сменили прокси.
[23.05.2020 21:37:00, поток 1] [DEBUG] Не удалось спарсить Cookie. Плохие прокси?
[23.05.2020 21:37:00, поток 1] [DEBUG] Сменили прокси.
[23.05.2020 21:37:17, поток 1] [DEBUG] Не удалось спарсить Cookie. Плохие прокси?
[23.05.2020 21:37:17, поток 1] [DEBUG] Сменили прокси.
[23.05.2020 21:37:24, поток 1] [DEBUG] Не удалось спарсить Cookie. Плохие прокси?
[23.05.2020 21:37:24, поток 1] [DEBUG] Сменили прокси.
[23.05.2020 21:37:41, поток 1] [DEBUG] Не удалось спарсить Cookie. Плохие прокси?
[23.05.2020 21:37:41, поток 1] [DEBUG] Сменили прокси.
[23.05.2020 21:37:48, поток 1] [DEBUG] Не удалось спарсить Cookie. Плохие прокси?
[23.05.2020 21:37:48, поток 1] [DEBUG] Сменили прокси.
[23.05.2020 21:38:05, поток 1] [DEBUG] Не удалось спарсить Cookie. Плохие прокси?
[23.05.2020 21:38:05, поток 1] [DEBUG] Сменили прокси.
[23.05.2020 21:38:12, поток 1] [DEBUG] Не удалось спарсить Cookie. Плохие прокси?
[23.05.2020 21:38:12, поток 1] [DEBUG] Сменили прокси.
[23.05.2020 21:38:29, поток 1] [DEBUG] Не удалось спарсить Cookie. Плохие прокси?
[23.05.2020 21:38:29, поток 1] [DEBUG] Сменили прокси.
[23.05.2020 21:38:36, поток 1] [DEBUG] Не удалось спарсить Cookie. Плохие прокси?
[23.05.2020 21:38:36, поток 1] [DEBUG] Сменили прокси.
[23.05.2020 21:38:53, поток 1] [DEBUG] Не удалось спарсить Cookie. Плохие прокси?
[23.05.2020 21:38:53, поток 1] [DEBUG] Сменили прокси.
[23.05.2020 21:39:00, поток 1] [DEBUG] Не удалось спарсить Cookie. Плохие прокси?
[23.05.2020 21:39:00, поток 1] [DEBUG] Сменили прокси.
[23.05.2020 21:39:17, поток 1] [DEBUG] Не удалось спарсить Cookie. Плохие прокси?
[23.05.2020 21:39:17, поток 1] [DEBUG] Сменили прокси.
[23.05.2020 21:39:24, поток 1] [DEBUG] Не удалось спарсить Cookie. Плохие прокси?
[23.05.2020 21:39:24, поток 1] [DEBUG] Сменили прокси.
[23.05.2020 21:39:42, поток 1] [DEBUG] Не удалось спарсить Cookie. Плохие прокси?
[23.05.2020 21:39:42, поток 1] [DEBUG] Сменили прокси.
[23.05.2020 21:39:49, поток 1] [DEBUG] Не удалось спарсить Cookie. Плохие прокси?
[23.05.2020 21:39:49, поток 1] [DEBUG] Сменили прокси.
[23.05.2020 21:40:06, поток 1] [DEBUG] Не удалось спарсить Cookie. Плохие прокси?
[23.05.2020 21:40:06, поток 1] [DEBUG] Сменили прокси.
[23.05.2020 21:40:13, поток 1] [DEBUG] Не удалось спарсить Cookie. Плохие прокси?
[23.05.2020 21:40:13, поток 1] [DEBUG] Сменили прокси.
[23.05.2020 21:40:30, поток 1] [DEBUG] Не удалось спарсить Cookie. Плохие прокси?
[23.05.2020 21:40:30, поток 1] [DEBUG] Сменили прокси.
[23.05.2020 21:40:37, поток 1] [DEBUG] Не удалось спарсить Cookie. Плохие прокси?
[23.05.2020 21:40:37, поток 1] [DEBUG] Сменили прокси.
[23.05.2020 21:40:55, поток 1] [DEBUG] Не удалось спарсить Cookie. Плохие прокси?
[23.05.2020 21:40:55, поток 1] [DEBUG] Сменили прокси.
[23.05.2020 21:41:02, поток 1] [DEBUG] Не удалось спарсить Cookie. Плохие прокси?
[23.05.2020 21:41:02, поток 1] [DEBUG] Сменили прокси.
[23.05.2020 21:41:19, поток 1] [DEBUG] Не удалось спарсить Cookie. Плохие прокси?
[23.05.2020 21:41:19, поток 1] [DEBUG] Сменили прокси.
[23.05.2020 21:41:26, поток 1] [DEBUG] Не удалось спарсить Cookie. Плохие прокси?
[23.05.2020 21:41:26, поток 1] [DEBUG] Сменили прокси.
[23.05.2020 21:41:44, поток 1] [DEBUG] Не удалось спарсить Cookie. Плохие прокси?
[23.05.2020 21:41:44, поток 1] [DEBUG] Сменили прокси.
[23.05.2020 21:41:51, поток 1] [DEBUG] Не удалось спарсить Cookie. Плохие прокси?
[23.05.2020 21:41:51, поток 1] [DEBUG] Сменили прокси.
[23.05.2020 21:42:08, поток 1] [DEBUG] Не удалось спарсить Cookie. Плохие прокси?
[23.05.2020 21:42:08, поток 1] [DEBUG] Сменили прокси.
[23.05.2020 21:42:15, поток 1] [DEBUG] Не удалось спарсить Cookie. Плохие прокси?
[23.05.2020 21:42:15, поток 1] [DEBUG] Сменили прокси.
[23.05.2020 21:42:32, поток 1] [DEBUG] Не удалось спарсить Cookie. Плохие прокси?
[23.05.2020 21:42:32, поток 1] [DEBUG] Сменили прокси.
[23.05.2020 21:42:39, поток 1] [DEBUG] Не удалось спарсить Cookie. Плохие прокси?
[23.05.2020 21:42:39, поток 1] [DEBUG] Сменили прокси.
[23.05.2020 21:42:56, поток 1] [DEBUG] Не удалось спарсить Cookie. Плохие прокси?
[23.05.2020 21:42:56, поток 1] [DEBUG] Сменили прокси.
[23.05.2020 21:43:04, поток 1] [DEBUG] Не удалось спарсить Cookie. Плохие прокси?
[23.05.2020 21:43:04, поток 1] [DEBUG] Сменили прокси.
[23.05.2020 21:43:22, поток 1] [DEBUG] Не удалось спарсить Cookie. Плохие прокси?
[23.05.2020 21:43:22, поток 1] [DEBUG] Сменили прокси.
[23.05.2020 21:43:29, поток 1] [DEBUG] Не удалось спарсить Cookie. Плохие прокси?
[23.05.2020 21:43:29, поток 1] [DEBUG] Сменили прокси.
[23.05.2020 21:43:46, поток 1] [DEBUG] Не удалось спарсить Cookie. Плохие прокси?
[23.05.2020 21:43:46, поток 1] [DEBUG] Сменили прокси.
[23.05.2020 21:43:54, поток 1] [DEBUG] Не удалось спарсить Cookie. Плохие прокси?
[23.05.2020 21:43:54, поток 1] [DEBUG] Сменили прокси.
[23.05.2020 21:44:11, поток 1] [DEBUG] Не удалось спарсить Cookie. Плохие прокси?
[23.05.2020 21:44:11, поток 1] [DEBUG] Сменили прокси.
[23.05.2020 21:44:19, поток 1] [DEBUG] Не удалось спарсить Cookie. Плохие прокси?
[23.05.2020 21:44:19, поток 1] [DEBUG] Сменили прокси.
[23.05.2020 21:44:36, поток 1] [DEBUG] Не удалось спарсить Cookie. Плохие прокси?
[23.05.2020 21:44:36, поток 1] [DEBUG] Сменили прокси.
[23.05.2020 21:44:43, поток 1] [DEBUG] Не удалось спарсить Cookie. Плохие прокси?
[23.05.2020 21:44:43, поток 1] [DEBUG] Сменили прокси.
[23.05.2020 21:45:01, поток 1] [DEBUG] Не удалось спарсить Cookie. Плохие прокси?
[23.05.2020 21:45:01, поток 1] [DEBUG] Сменили прокси.
[23.05.2020 21:45:08, поток 1] [DEBUG] Не удалось спарсить Cookie. Плохие прокси?
[23.05.2020 21:45:08, поток 1] [DEBUG] Сменили прокси.
[23.05.2020 21:45:25, поток 1] [DEBUG] Не удалось спарсить Cookie. Плохие прокси?
[23.05.2020 21:45:25, поток 1] [DEBUG] Сменили прокси.
[23.05.2020 21:45:32, поток 1] [DEBUG] Не удалось спарсить Cookie. Плохие прокси?
[23.05.2020 21:45:32, поток 1] [DEBUG] Сменили прокси.
[23.05.2020 21:45:49, поток 1] [DEBUG] Не удалось спарсить Cookie. Плохие прокси?
[23.05.2020 21:45:49, поток 1] [DEBUG] Сменили прокси.
[23.05.2020 21:45:56, поток 1] [DEBUG] Не удалось спарсить Cookie. Плохие прокси?
[23.05.2020 21:45:56, поток 1] [DEBUG] Сменили прокси.
[23.05.2020 21:46:13, поток 1] [DEBUG] Не удалось спарсить Cookie. Плохие прокси?
[23.05.2020 21:46:13, поток 1] [DEBUG] Сменили прокси.
[23.05.2020 21:46:20, поток 1] [DEBUG] Не удалось спарсить Cookie. Плохие прокси?
[23.05.2020 21:46:20, поток 1] [DEBUG] Сменили прокси.
[23.05.2020 21:46:38, поток 1] [DEBUG] Не удалось спарсить Cookie. Плохие прокси?
[23.05.2020 21:46:38, поток 1] [DEBUG] Сменили прокси.
[23.05.2020 21:46:45, поток 1] [DEBUG] Не удалось спарсить Cookie. Плохие прокси?
[23.05.2020 21:46:45, поток 1] [DEBUG] Сменили прокси.
[23.05.2020 21:47:03, поток 1] [DEBUG] Не удалось спарсить Cookie. Плохие прокси?
[23.05.2020 21:47:03, поток 1] [DEBUG] Сменили прокси.
[23.05.2020 21:47:10, поток 1] [DEBUG] Не удалось спарсить Cookie. Плохие прокси?
[23.05.2020 21:47:10, поток 1] [DEBUG] Сменили прокси.
[23.05.2020 21:47:27, поток 1] [DEBUG] Не удалось спарсить Cookie. Плохие прокси?
[23.05.2020 21:47:27, поток 1] [DEBUG] Сменили прокси.
[23.05.2020 21:47:35, поток 1] [DEBUG] Не удалось спарсить Cookie. Плохие прокси?
[23.05.2020 21:47:35, поток 1] [DEBUG] Сменили прокси.
[23.05.2020 21:47:52, поток 1] [DEBUG] Не удалось спарсить Cookie. Плохие прокси?
[23.05.2020 21:47:52, поток 1] [DEBUG] Сменили прокси.
[23.05.2020 21:48:00, поток 1] [DEBUG] Не удалось спарсить Cookie. Плохие прокси?
[23.05.2020 21:48:00, поток 1] [DEBUG] Сменили прокси.
[23.05.2020 21:48:17, поток 1] [DEBUG] Не удалось спарсить Cookie. Плохие прокси?
[23.05.2020 21:48:17, поток 1] [DEBUG] Сменили прокси.
[23.05.2020 21:48:24, поток 1] [DEBUG] Не удалось спарсить Cookie. Плохие прокси?
[23.05.2020 21:48:24, поток 1] [DEBUG] Сменили прокси.
[23.05.2020 21:48:42, поток 1] [DEBUG] Не удалось спарсить Cookie. Плохие прокси?
[23.05.2020 21:48:42, поток 1] [DEBUG] Сменили прокси.
[23.05.2020 21:48:49, поток 1] [DEBUG] Не удалось спарсить Cookie. Плохие прокси?
[23.05.2020 21:48:49, поток 1] [DEBUG] Сменили прокси.
[23.05.2020 21:49:07, поток 1] [DEBUG] Не удалось спарсить Cookie. Плохие прокси?
[23.05.2020 21:49:07, поток 1] [DEBUG] Сменили прокси.
[23.05.2020 21:49:14, поток 1] [DEBUG] Не удалось спарсить Cookie. Плохие прокси?
[23.05.2020 21:49:14, поток 1] [DEBUG] Сменили прокси.
[23.05.2020 21:49:32, поток 1] [DEBUG] Не удалось спарсить Cookie. Плохие прокси?
[23.05.2020 21:49:32, поток 1] [DEBUG] Сменили прокси.
[23.05.2020 21:49:39, поток 1] [DEBUG] Не удалось спарсить Cookie. Плохие прокси?
[23.05.2020 21:49:39, поток 1] [DEBUG] Сменили прокси.
[23.05.2020 21:49:56, поток 1] [DEBUG] Не удалось спарсить Cookie. Плохие прокси?
[23.05.2020 21:49:56, поток 1] [DEBUG] Сменили прокси.
[23.05.2020 21:50:04, поток 1] [DEBUG] Не удалось спарсить Cookie. Плохие прокси?
[23.05.2020 21:50:04, поток 1] [DEBUG] Сменили прокси.
[23.05.2020 21:50:21, поток 1] [DEBUG] Не удалось спарсить Cookie. Плохие прокси?
[23.05.2020 21:50:21, поток 1] [DEBUG] Сменили прокси.
[23.05.2020 21:50:29, поток 1] [DEBUG] Не удалось спарсить Cookie. Плохие прокси?
[23.05.2020 21:50:29, поток 1] [DEBUG] Сменили прокси.
[23.05.2020 21:50:46, поток 1] [DEBUG] Не удалось спарсить Cookie. Плохие прокси?
[23.05.2020 21:50:46, поток 1] [DEBUG] Сменили прокси.
[23.05.2020 21:50:54, поток 1] [DEBUG] Не удалось спарсить Cookie. Плохие прокси?
[23.05.2020 21:50:54, поток 1] [DEBUG] Сменили прокси.
[23.05.2020 21:51:11, поток 1] [DEBUG] Не удалось спарсить Cookie. Плохие прокси?
[23.05.2020 21:51:11, поток 1] [DEBUG] Сменили прокси.
[23.05.2020 21:51:19, поток 1] [DEBUG] Не удалось спарсить Cookie. Плохие прокси?
[23.05.2020 21:51:19, поток 1] [DEBUG] Сменили прокси.
[23.05.2020 21:51:36, поток 1] [DEBUG] Не удалось спарсить Cookie. Плохие прокси?
[23.05.2020 21:51:36, поток 1] [DEBUG] Сменили прокси.
[23.05.2020 21:51:44, поток 1] [DEBUG] Не удалось спарсить Cookie. Плохие прокси?
[23.05.2020 21:51:44, поток 1] [DEBUG] Сменили прокси.
[23.05.2020 21:52:02, поток 1] [DEBUG] Не удалось спарсить Cookie. Плохие прокси?
[23.05.2020 21:52:02, поток 1] [DEBUG] Сменили прокси.
[23.05.2020 21:52:09, поток 1] [DEBUG] Не удалось спарсить Cookie. Плохие прокси?
[23.05.2020 21:52:09, поток 1] [DEBUG] Сменили прокси.
[23.05.2020 21:52:27, поток 1] [DEBUG] Не удалось спарсить Cookie. Плохие прокси?
[23.05.2020 21:52:27, поток 1] [DEBUG] Сменили прокси.
[23.05.2020 21:52:34, поток 1] [DEBUG] Не удалось спарсить Cookie. Плохие прокси?
[23.05.2020 21:52:34, поток 1] [DEBUG] Сменили прокси.
[23.05.2020 21:52:52, поток 1] [DEBUG] Не удалось спарсить Cookie. Плохие прокси?
[23.05.2020 21:52:52, поток 1] [DEBUG] Сменили прокси.
[23.05.2020 21:53:00, поток 1] [DEBUG] Не удалось спарсить Cookie. Плохие прокси?
[23.05.2020 21:53:00, поток 1] [DEBUG] Сменили прокси.
[23.05.2020 21:53:18, поток 1] [DEBUG] Не удалось спарсить Cookie. Плохие прокси?
[23.05.2020 21:53:18, поток 1] [DEBUG] Сменили прокси.
[23.05.2020 21:53:25, поток 1] [DEBUG] Не удалось спарсить Cookie. Плохие прокси?
[23.05.2020 21:53:25, поток 1] [DEBUG] Сменили прокси.
[23.05.2020 21:53:43, поток 1] [DEBUG] Не удалось спарсить Cookie. Плохие прокси?
[23.05.2020 21:53:43, поток 1] [DEBUG] Сменили прокси.
[23.05.2020 21:53:50, поток 1] [DEBUG] Не удалось спарсить Cookie. Плохие прокси?
[23.05.2020 21:53:50, поток 1] [DEBUG] Сменили прокси.
[23.05.2020 21:54:08, поток 1] [DEBUG] Не удалось спарсить Cookie. Плохие прокси?
[23.05.2020 21:54:08, поток 1] [DEBUG] Сменили прокси.
[23.05.2020 21:54:16, поток 1] [DEBUG] Не удалось спарсить Cookie. Плохие прокси?
[23.05.2020 21:54:16, поток 1] [DEBUG] Сменили прокси.
[23.05.2020 21:54:34, поток 1] [DEBUG] Не удалось спарсить Cookie. Плохие прокси?
[23.05.2020 21:54:34, поток 1] [DEBUG] Сменили прокси.
[23.05.2020 21:54:41, поток 1] [DEBUG] Не удалось спарсить Cookie. Плохие прокси?
[23.05.2020 21:54:41, поток 1] [DEBUG] Сменили прокси.
[23.05.2020 21:54:59, поток 1] [DEBUG] Не удалось спарсить Cookie. Плохие прокси?
[23.05.2020 21:54:59, поток 1] [DEBUG] Сменили прокси.
[23.05.2020 21:55:07, поток 1] [DEBUG] Не удалось спарсить Cookie. Плохие прокси?
[23.05.2020 21:55:07, поток 1] [DEBUG] Сменили прокси.
[23.05.2020 21:55:25, поток 1] [DEBUG] Не удалось спарсить Cookie. Плохие прокси?
[23.05.2020 21:55:25, поток 1] [DEBUG] Сменили прокси.
[23.05.2020 21:55:32, поток 1] [DEBUG] Не удалось спарсить Cookie. Плохие прокси?
[23.05.2020 21:55:32, поток 1] [DEBUG] Сменили прокси.
