[23.03.2020 16:50:11, поток 0] [DEBUG] Start...
[23.03.2020 16:50:11, поток 0] Берём заданные куки...
[23.03.2020 16:50:11, поток 1] [DEBUG] Start...
[23.03.2020 16:50:11, поток 1] Берём заданные куки...
[23.03.2020 16:50:12, поток 0] [Ошибка] Что-то не так. Переделываем.
[23.03.2020 16:50:12, поток 1] [Ошибка] Что-то не так. Переделываем.
[23.03.2020 16:50:12, поток 0] [DEBUG, ERROR] xNet.HttpException: Не удалось соединиться с HTTP-сервером 'www.instagram.com'. ---> xNet.ProxyException: Получен неверный код статуса 'ProxyAuthenticationRequired' от прокси-сервера '188.32.135.96:7844'.
   в xNet.HttpProxyClient.CreateConnection(String destinationHost, Int32 destinationPort, TcpClient tcpClient)
   в xNet.HttpRequest.CreateTcpConnection(String host, Int32 port)
   --- Конец трассировки внутреннего стека исключений ---
   в xNet.HttpRequest.CreateTcpConnection(String host, Int32 port)
   в xNet.HttpRequest.CreateConnection(Uri address)
   в xNet.HttpRequest.TryCreateConnectionOrUseExisting(Uri address, Uri previousAddress)
   в xNet.HttpRequest.Request(HttpMethod method, Uri address, HttpContent content)
   в xNet.HttpRequest.Raw(HttpMethod method, Uri address, HttpContent content)
   в xNet.HttpRequest.Raw(HttpMethod method, String address, HttpContent content)
   в xNet.HttpRequest.Get(String address, RequestParams urlParams)
   в InstaDirectMessage_ButDev.Instagram.GetCookie() в D:\MaXiMAA\MaXiMAAOld\C#Готово\KWORK\InstaDirectMessage_ButDev\InstaDirectMessage_ButDev\Instagram.cs:строка 73
   в InstaDirectMessage_ButDev.Instagram..ctor(String Mail, String password, String id, String cookies, String DEVICEID, String ADID, String GUID, String PHONE_ID, Int32 Index, String Time, Int32 tt, String type, String text, Int32 delay, String link) в D:\MaXiMAA\MaXiMAAOld\C#Готово\KWORK\InstaDirectMessage_ButDev\InstaDirectMessage_ButDev\Instagram.cs:строка 181
[23.03.2020 16:50:12, поток 0] [DEBUG] Сменили прокси.
[23.03.2020 16:50:12, поток 1] [DEBUG, ERROR] xNet.HttpException: Не удалось соединиться с HTTP-сервером 'www.instagram.com'. ---> xNet.ProxyException: Получен неверный код статуса 'ServiceUnavailable' от прокси-сервера '194.183.168.4:20562'.
   в xNet.HttpProxyClient.CreateConnection(String destinationHost, Int32 destinationPort, TcpClient tcpClient)
   в xNet.HttpRequest.CreateTcpConnection(String host, Int32 port)
   --- Конец трассировки внутреннего стека исключений ---
   в xNet.HttpRequest.CreateTcpConnection(String host, Int32 port)
   в xNet.HttpRequest.CreateConnection(Uri address)
   в xNet.HttpRequest.TryCreateConnectionOrUseExisting(Uri address, Uri previousAddress)
   в xNet.HttpRequest.Request(HttpMethod method, Uri address, HttpContent content)
   в xNet.HttpRequest.Raw(HttpMethod method, Uri address, HttpContent content)
   в xNet.HttpRequest.Raw(HttpMethod method, String address, HttpContent content)
   в xNet.HttpRequest.Get(String address, RequestParams urlParams)
   в InstaDirectMessage_ButDev.Instagram.GetCookie() в D:\MaXiMAA\MaXiMAAOld\C#Готово\KWORK\InstaDirectMessage_ButDev\InstaDirectMessage_ButDev\Instagram.cs:строка 73
   в InstaDirectMessage_ButDev.Instagram..ctor(String Mail, String password, String id, String cookies, String DEVICEID, String ADID, String GUID, String PHONE_ID, Int32 Index, String Time, Int32 tt, String type, String text, Int32 delay, String link) в D:\MaXiMAA\MaXiMAAOld\C#Готово\KWORK\InstaDirectMessage_ButDev\InstaDirectMessage_ButDev\Instagram.cs:строка 181
[23.03.2020 16:50:12, поток 1] [DEBUG] Сменили прокси.
[23.03.2020 16:50:12, поток 2] [DEBUG] Start...
[23.03.2020 16:50:12, поток 2] Берём заданные куки...
[23.03.2020 16:50:12, поток 2] [Ошибка] Что-то не так. Переделываем.
[23.03.2020 16:50:12, поток 2] [DEBUG, ERROR] xNet.HttpException: Не удалось соединиться с HTTP-сервером 'www.instagram.com'. ---> xNet.ProxyException: Получен неверный код статуса 'ProxyAuthenticationRequired' от прокси-сервера '194.183.168.4:20569'.
   в xNet.HttpProxyClient.CreateConnection(String destinationHost, Int32 destinationPort, TcpClient tcpClient)
   в xNet.HttpRequest.CreateTcpConnection(String host, Int32 port)
   --- Конец трассировки внутреннего стека исключений ---
   в xNet.HttpRequest.CreateTcpConnection(String host, Int32 port)
   в xNet.HttpRequest.CreateConnection(Uri address)
   в xNet.HttpRequest.TryCreateConnectionOrUseExisting(Uri address, Uri previousAddress)
   в xNet.HttpRequest.Request(HttpMethod method, Uri address, HttpContent content)
   в xNet.HttpRequest.Raw(HttpMethod method, Uri address, HttpContent content)
   в xNet.HttpRequest.Raw(HttpMethod method, String address, HttpContent content)
   в xNet.HttpRequest.Get(String address, RequestParams urlParams)
   в InstaDirectMessage_ButDev.Instagram.GetCookie() в D:\MaXiMAA\MaXiMAAOld\C#Готово\KWORK\InstaDirectMessage_ButDev\InstaDirectMessage_ButDev\Instagram.cs:строка 73
   в InstaDirectMessage_ButDev.Instagram..ctor(String Mail, String password, String id, String cookies, String DEVICEID, String ADID, String GUID, String PHONE_ID, Int32 Index, String Time, Int32 tt, String type, String text, Int32 delay, String link) в D:\MaXiMAA\MaXiMAAOld\C#Готово\KWORK\InstaDirectMessage_ButDev\InstaDirectMessage_ButDev\Instagram.cs:строка 181
[23.03.2020 16:50:12, поток 2] [DEBUG] Сменили прокси.
[23.03.2020 16:51:12, поток 0] [DEBUG] Start...
[23.03.2020 16:51:12, поток 0] Берём заданные куки...
[23.03.2020 16:51:12, поток 1] [DEBUG] Start...
[23.03.2020 16:51:12, поток 1] Берём заданные куки...
[23.03.2020 16:51:12, поток 0] [Ошибка] Что-то не так. Переделываем.
[23.03.2020 16:51:12, поток 1] [Ошибка] Что-то не так. Переделываем.
[23.03.2020 16:51:12, поток 1] [DEBUG, ERROR] xNet.HttpException: Не удалось соединиться с HTTP-сервером 'www.instagram.com'. ---> xNet.ProxyException: Получен неверный код статуса 'ProxyAuthenticationRequired' от прокси-сервера '95.165.151.65:47861'.
   в xNet.HttpProxyClient.CreateConnection(String destinationHost, Int32 destinationPort, TcpClient tcpClient)
   в xNet.HttpRequest.CreateTcpConnection(String host, Int32 port)
   --- Конец трассировки внутреннего стека исключений ---
   в xNet.HttpRequest.CreateTcpConnection(String host, Int32 port)
   в xNet.HttpRequest.CreateConnection(Uri address)
   в xNet.HttpRequest.TryCreateConnectionOrUseExisting(Uri address, Uri previousAddress)
   в xNet.HttpRequest.Request(HttpMethod method, Uri address, HttpContent content)
   в xNet.HttpRequest.Raw(HttpMethod method, Uri address, HttpContent content)
   в xNet.HttpRequest.Raw(HttpMethod method, String address, HttpContent content)
   в xNet.HttpRequest.Get(String address, RequestParams urlParams)
   в InstaDirectMessage_ButDev.Instagram.GetCookie() в D:\MaXiMAA\MaXiMAAOld\C#Готово\KWORK\InstaDirectMessage_ButDev\InstaDirectMessage_ButDev\Instagram.cs:строка 73
   в InstaDirectMessage_ButDev.Instagram..ctor(String Mail, String password, String id, String cookies, String DEVICEID, String ADID, String GUID, String PHONE_ID, Int32 Index, String Time, Int32 tt, String type, String text, Int32 delay, String link) в D:\MaXiMAA\MaXiMAAOld\C#Готово\KWORK\InstaDirectMessage_ButDev\InstaDirectMessage_ButDev\Instagram.cs:строка 181
[23.03.2020 16:51:12, поток 1] [DEBUG] Сменили прокси.
[23.03.2020 16:51:12, поток 0] [DEBUG, ERROR] xNet.HttpException: Не удалось соединиться с HTTP-сервером 'www.instagram.com'. ---> xNet.ProxyException: Получен неверный код статуса 'ProxyAuthenticationRequired' от прокси-сервера '194.183.168.4:20569'.
   в xNet.HttpProxyClient.CreateConnection(String destinationHost, Int32 destinationPort, TcpClient tcpClient)
   в xNet.HttpRequest.CreateTcpConnection(String host, Int32 port)
   --- Конец трассировки внутреннего стека исключений ---
   в xNet.HttpRequest.CreateTcpConnection(String host, Int32 port)
   в xNet.HttpRequest.CreateConnection(Uri address)
   в xNet.HttpRequest.TryCreateConnectionOrUseExisting(Uri address, Uri previousAddress)
   в xNet.HttpRequest.Request(HttpMethod method, Uri address, HttpContent content)
   в xNet.HttpRequest.Raw(HttpMethod method, Uri address, HttpContent content)
   в xNet.HttpRequest.Raw(HttpMethod method, String address, HttpContent content)
   в xNet.HttpRequest.Get(String address, RequestParams urlParams)
   в InstaDirectMessage_ButDev.Instagram.GetCookie() в D:\MaXiMAA\MaXiMAAOld\C#Готово\KWORK\InstaDirectMessage_ButDev\InstaDirectMessage_ButDev\Instagram.cs:строка 73
   в InstaDirectMessage_ButDev.Instagram..ctor(String Mail, String password, String id, String cookies, String DEVICEID, String ADID, String GUID, String PHONE_ID, Int32 Index, String Time, Int32 tt, String type, String text, Int32 delay, String link) в D:\MaXiMAA\MaXiMAAOld\C#Готово\KWORK\InstaDirectMessage_ButDev\InstaDirectMessage_ButDev\Instagram.cs:строка 181
[23.03.2020 16:51:12, поток 0] [DEBUG] Сменили прокси.
[23.03.2020 16:51:12, поток 2] [DEBUG] Start...
[23.03.2020 16:51:12, поток 2] Берём заданные куки...
[23.03.2020 16:51:13, поток 2] [Ошибка] Что-то не так. Переделываем.
[23.03.2020 16:51:13, поток 2] [DEBUG, ERROR] xNet.HttpException: Не удалось соединиться с HTTP-сервером 'www.instagram.com'. ---> xNet.ProxyException: Получен неверный код статуса 'ProxyAuthenticationRequired' от прокси-сервера '79.132.125.253:6005'.
   в xNet.HttpProxyClient.CreateConnection(String destinationHost, Int32 destinationPort, TcpClient tcpClient)
   в xNet.HttpRequest.CreateTcpConnection(String host, Int32 port)
   --- Конец трассировки внутреннего стека исключений ---
   в xNet.HttpRequest.CreateTcpConnection(String host, Int32 port)
   в xNet.HttpRequest.CreateConnection(Uri address)
   в xNet.HttpRequest.TryCreateConnectionOrUseExisting(Uri address, Uri previousAddress)
   в xNet.HttpRequest.Request(HttpMethod method, Uri address, HttpContent content)
   в xNet.HttpRequest.Raw(HttpMethod method, Uri address, HttpContent content)
   в xNet.HttpRequest.Raw(HttpMethod method, String address, HttpContent content)
   в xNet.HttpRequest.Get(String address, RequestParams urlParams)
   в InstaDirectMessage_ButDev.Instagram.GetCookie() в D:\MaXiMAA\MaXiMAAOld\C#Готово\KWORK\InstaDirectMessage_ButDev\InstaDirectMessage_ButDev\Instagram.cs:строка 73
   в InstaDirectMessage_ButDev.Instagram..ctor(String Mail, String password, String id, String cookies, String DEVICEID, String ADID, String GUID, String PHONE_ID, Int32 Index, String Time, Int32 tt, String type, String text, Int32 delay, String link) в D:\MaXiMAA\MaXiMAAOld\C#Готово\KWORK\InstaDirectMessage_ButDev\InstaDirectMessage_ButDev\Instagram.cs:строка 181
[23.03.2020 16:51:13, поток 2] [DEBUG] Сменили прокси.
[23.03.2020 16:52:12, поток 1] [DEBUG] Start...
[23.03.2020 16:52:12, поток 1] Берём заданные куки...
[23.03.2020 16:52:13, поток 0] [DEBUG] Start...
[23.03.2020 16:52:13, поток 0] Берём заданные куки...
[23.03.2020 16:52:13, поток 1] [Ошибка] Что-то не так. Переделываем.
[23.03.2020 16:52:13, поток 1] [DEBUG, ERROR] xNet.HttpException: Не удалось соединиться с HTTP-сервером 'www.instagram.com'. ---> xNet.ProxyException: Получен неверный код статуса 'ProxyAuthenticationRequired' от прокси-сервера '95.165.151.65:47861'.
   в xNet.HttpProxyClient.CreateConnection(String destinationHost, Int32 destinationPort, TcpClient tcpClient)
   в xNet.HttpRequest.CreateTcpConnection(String host, Int32 port)
   --- Конец трассировки внутреннего стека исключений ---
   в xNet.HttpRequest.CreateTcpConnection(String host, Int32 port)
   в xNet.HttpRequest.CreateConnection(Uri address)
   в xNet.HttpRequest.TryCreateConnectionOrUseExisting(Uri address, Uri previousAddress)
   в xNet.HttpRequest.Request(HttpMethod method, Uri address, HttpContent content)
   в xNet.HttpRequest.Raw(HttpMethod method, Uri address, HttpContent content)
   в xNet.HttpRequest.Raw(HttpMethod method, String address, HttpContent content)
   в xNet.HttpRequest.Get(String address, RequestParams urlParams)
   в InstaDirectMessage_ButDev.Instagram.GetCookie() в D:\MaXiMAA\MaXiMAAOld\C#Готово\KWORK\InstaDirectMessage_ButDev\InstaDirectMessage_ButDev\Instagram.cs:строка 73
   в InstaDirectMessage_ButDev.Instagram..ctor(String Mail, String password, String id, String cookies, String DEVICEID, String ADID, String GUID, String PHONE_ID, Int32 Index, String Time, Int32 tt, String type, String text, Int32 delay, String link) в D:\MaXiMAA\MaXiMAAOld\C#Готово\KWORK\InstaDirectMessage_ButDev\InstaDirectMessage_ButDev\Instagram.cs:строка 181
[23.03.2020 16:52:13, поток 1] [DEBUG] Сменили прокси.
[23.03.2020 16:52:13, поток 0] [Ошибка] Что-то не так. Переделываем.
[23.03.2020 16:52:13, поток 0] [DEBUG, ERROR] xNet.HttpException: Не удалось соединиться с HTTP-сервером 'www.instagram.com'. ---> xNet.ProxyException: Получен неверный код статуса 'ProxyAuthenticationRequired' от прокси-сервера '194.183.168.4:20569'.
   в xNet.HttpProxyClient.CreateConnection(String destinationHost, Int32 destinationPort, TcpClient tcpClient)
   в xNet.HttpRequest.CreateTcpConnection(String host, Int32 port)
   --- Конец трассировки внутреннего стека исключений ---
   в xNet.HttpRequest.CreateTcpConnection(String host, Int32 port)
   в xNet.HttpRequest.CreateConnection(Uri address)
   в xNet.HttpRequest.TryCreateConnectionOrUseExisting(Uri address, Uri previousAddress)
   в xNet.HttpRequest.Request(HttpMethod method, Uri address, HttpContent content)
   в xNet.HttpRequest.Raw(HttpMethod method, Uri address, HttpContent content)
   в xNet.HttpRequest.Raw(HttpMethod method, String address, HttpContent content)
   в xNet.HttpRequest.Get(String address, RequestParams urlParams)
   в InstaDirectMessage_ButDev.Instagram.GetCookie() в D:\MaXiMAA\MaXiMAAOld\C#Готово\KWORK\InstaDirectMessage_ButDev\InstaDirectMessage_ButDev\Instagram.cs:строка 73
   в InstaDirectMessage_ButDev.Instagram..ctor(String Mail, String password, String id, String cookies, String DEVICEID, String ADID, String GUID, String PHONE_ID, Int32 Index, String Time, Int32 tt, String type, String text, Int32 delay, String link) в D:\MaXiMAA\MaXiMAAOld\C#Готово\KWORK\InstaDirectMessage_ButDev\InstaDirectMessage_ButDev\Instagram.cs:строка 181
[23.03.2020 16:52:13, поток 0] [DEBUG] Сменили прокси.
[23.03.2020 16:52:13, поток 2] [DEBUG] Start...
[23.03.2020 16:52:13, поток 2] Берём заданные куки...
[23.03.2020 16:52:13, поток 2] [Ошибка] Что-то не так. Переделываем.
[23.03.2020 16:52:13, поток 2] [DEBUG, ERROR] xNet.HttpException: Не удалось соединиться с HTTP-сервером 'www.instagram.com'. ---> xNet.ProxyException: Получен неверный код статуса 'ProxyAuthenticationRequired' от прокси-сервера '79.132.125.253:6005'.
   в xNet.HttpProxyClient.CreateConnection(String destinationHost, Int32 destinationPort, TcpClient tcpClient)
   в xNet.HttpRequest.CreateTcpConnection(String host, Int32 port)
   --- Конец трассировки внутреннего стека исключений ---
   в xNet.HttpRequest.CreateTcpConnection(String host, Int32 port)
   в xNet.HttpRequest.CreateConnection(Uri address)
   в xNet.HttpRequest.TryCreateConnectionOrUseExisting(Uri address, Uri previousAddress)
   в xNet.HttpRequest.Request(HttpMethod method, Uri address, HttpContent content)
   в xNet.HttpRequest.Raw(HttpMethod method, Uri address, HttpContent content)
   в xNet.HttpRequest.Raw(HttpMethod method, String address, HttpContent content)
   в xNet.HttpRequest.Get(String address, RequestParams urlParams)
   в InstaDirectMessage_ButDev.Instagram.GetCookie() в D:\MaXiMAA\MaXiMAAOld\C#Готово\KWORK\InstaDirectMessage_ButDev\InstaDirectMessage_ButDev\Instagram.cs:строка 73
   в InstaDirectMessage_ButDev.Instagram..ctor(String Mail, String password, String id, String cookies, String DEVICEID, String ADID, String GUID, String PHONE_ID, Int32 Index, String Time, Int32 tt, String type, String text, Int32 delay, String link) в D:\MaXiMAA\MaXiMAAOld\C#Готово\KWORK\InstaDirectMessage_ButDev\InstaDirectMessage_ButDev\Instagram.cs:строка 181
[23.03.2020 16:52:13, поток 2] [DEBUG] Сменили прокси.
[23.03.2020 16:53:13, поток 1] [DEBUG] Start...
[23.03.2020 16:53:13, поток 1] Берём заданные куки...
[23.03.2020 16:53:13, поток 1] [Ошибка] Что-то не так. Переделываем.
[23.03.2020 16:53:13, поток 0] [DEBUG] Start...
[23.03.2020 16:53:13, поток 0] Берём заданные куки...
[23.03.2020 16:53:13, поток 1] [DEBUG, ERROR] xNet.HttpException: Не удалось соединиться с HTTP-сервером 'www.instagram.com'. ---> xNet.ProxyException: Получен неверный код статуса 'ProxyAuthenticationRequired' от прокси-сервера '194.183.168.4:20567'.
   в xNet.HttpProxyClient.CreateConnection(String destinationHost, Int32 destinationPort, TcpClient tcpClient)
   в xNet.HttpRequest.CreateTcpConnection(String host, Int32 port)
   --- Конец трассировки внутреннего стека исключений ---
   в xNet.HttpRequest.CreateTcpConnection(String host, Int32 port)
   в xNet.HttpRequest.CreateConnection(Uri address)
   в xNet.HttpRequest.TryCreateConnectionOrUseExisting(Uri address, Uri previousAddress)
   в xNet.HttpRequest.Request(HttpMethod method, Uri address, HttpContent content)
   в xNet.HttpRequest.Raw(HttpMethod method, Uri address, HttpContent content)
   в xNet.HttpRequest.Raw(HttpMethod method, String address, HttpContent content)
   в xNet.HttpRequest.Get(String address, RequestParams urlParams)
   в InstaDirectMessage_ButDev.Instagram.GetCookie() в D:\MaXiMAA\MaXiMAAOld\C#Готово\KWORK\InstaDirectMessage_ButDev\InstaDirectMessage_ButDev\Instagram.cs:строка 73
   в InstaDirectMessage_ButDev.Instagram..ctor(String Mail, String password, String id, String cookies, String DEVICEID, String ADID, String GUID, String PHONE_ID, Int32 Index, String Time, Int32 tt, String type, String text, Int32 delay, String link) в D:\MaXiMAA\MaXiMAAOld\C#Готово\KWORK\InstaDirectMessage_ButDev\InstaDirectMessage_ButDev\Instagram.cs:строка 181
[23.03.2020 16:53:13, поток 1] [DEBUG] Сменили прокси.
[23.03.2020 16:53:13, поток 0] [Ошибка] Что-то не так. Переделываем.
[23.03.2020 16:53:13, поток 0] [DEBUG, ERROR] xNet.HttpException: Не удалось соединиться с HTTP-сервером 'www.instagram.com'. ---> xNet.ProxyException: Получен неверный код статуса 'ProxyAuthenticationRequired' от прокси-сервера '79.132.125.253:6005'.
   в xNet.HttpProxyClient.CreateConnection(String destinationHost, Int32 destinationPort, TcpClient tcpClient)
   в xNet.HttpRequest.CreateTcpConnection(String host, Int32 port)
   --- Конец трассировки внутреннего стека исключений ---
   в xNet.HttpRequest.CreateTcpConnection(String host, Int32 port)
   в xNet.HttpRequest.CreateConnection(Uri address)
   в xNet.HttpRequest.TryCreateConnectionOrUseExisting(Uri address, Uri previousAddress)
   в xNet.HttpRequest.Request(HttpMethod method, Uri address, HttpContent content)
   в xNet.HttpRequest.Raw(HttpMethod method, Uri address, HttpContent content)
   в xNet.HttpRequest.Raw(HttpMethod method, String address, HttpContent content)
   в xNet.HttpRequest.Get(String address, RequestParams urlParams)
   в InstaDirectMessage_ButDev.Instagram.GetCookie() в D:\MaXiMAA\MaXiMAAOld\C#Готово\KWORK\InstaDirectMessage_ButDev\InstaDirectMessage_ButDev\Instagram.cs:строка 73
   в InstaDirectMessage_ButDev.Instagram..ctor(String Mail, String password, String id, String cookies, String DEVICEID, String ADID, String GUID, String PHONE_ID, Int32 Index, String Time, Int32 tt, String type, String text, Int32 delay, String link) в D:\MaXiMAA\MaXiMAAOld\C#Готово\KWORK\InstaDirectMessage_ButDev\InstaDirectMessage_ButDev\Instagram.cs:строка 181
[23.03.2020 16:53:13, поток 0] [DEBUG] Сменили прокси.
[23.03.2020 16:53:14, поток 2] [DEBUG] Start...
[23.03.2020 16:53:14, поток 2] Берём заданные куки...
[23.03.2020 16:53:14, поток 2] [Ошибка] Что-то не так. Переделываем.
[23.03.2020 16:53:14, поток 2] [DEBUG, ERROR] xNet.HttpException: Не удалось соединиться с HTTP-сервером 'www.instagram.com'. ---> xNet.ProxyException: Получен неверный код статуса 'ProxyAuthenticationRequired' от прокси-сервера '194.183.168.4:20564'.
   в xNet.HttpProxyClient.CreateConnection(String destinationHost, Int32 destinationPort, TcpClient tcpClient)
   в xNet.HttpRequest.CreateTcpConnection(String host, Int32 port)
   --- Конец трассировки внутреннего стека исключений ---
   в xNet.HttpRequest.CreateTcpConnection(String host, Int32 port)
   в xNet.HttpRequest.CreateConnection(Uri address)
   в xNet.HttpRequest.TryCreateConnectionOrUseExisting(Uri address, Uri previousAddress)
   в xNet.HttpRequest.Request(HttpMethod method, Uri address, HttpContent content)
   в xNet.HttpRequest.Raw(HttpMethod method, Uri address, HttpContent content)
   в xNet.HttpRequest.Raw(HttpMethod method, String address, HttpContent content)
   в xNet.HttpRequest.Get(String address, RequestParams urlParams)
   в InstaDirectMessage_ButDev.Instagram.GetCookie() в D:\MaXiMAA\MaXiMAAOld\C#Готово\KWORK\InstaDirectMessage_ButDev\InstaDirectMessage_ButDev\Instagram.cs:строка 73
   в InstaDirectMessage_ButDev.Instagram..ctor(String Mail, String password, String id, String cookies, String DEVICEID, String ADID, String GUID, String PHONE_ID, Int32 Index, String Time, Int32 tt, String type, String text, Int32 delay, String link) в D:\MaXiMAA\MaXiMAAOld\C#Готово\KWORK\InstaDirectMessage_ButDev\InstaDirectMessage_ButDev\Instagram.cs:строка 181
[23.03.2020 16:53:14, поток 2] [DEBUG] Сменили прокси.
[23.03.2020 17:00:11, поток 0] [DEBUG] Start...
[23.03.2020 17:00:11, поток 0] Берём заданные куки...
[23.03.2020 17:00:12, поток 1] [DEBUG] Start...
[23.03.2020 17:00:12, поток 1] Парсим куки...
[23.03.2020 17:00:12, поток 0] [Ошибка] Что-то не так. Переделываем.
[23.03.2020 17:00:18, поток 1] [DEBUG, ERROR] xNet.HttpException: Не удалось соединиться с HTTP-сервером 'www.instagram.com'. ---> xNet.ProxyException: Получен неверный код статуса 'ProxyAuthenticationRequired' от прокси-сервера '95.174.101.169:50010'.
   в xNet.HttpProxyClient.CreateConnection(String destinationHost, Int32 destinationPort, TcpClient tcpClient)
   в xNet.HttpRequest.CreateTcpConnection(String host, Int32 port)
   --- Конец трассировки внутреннего стека исключений ---
   в xNet.HttpRequest.CreateTcpConnection(String host, Int32 port)
   в xNet.HttpRequest.CreateConnection(Uri address)
   в xNet.HttpRequest.TryCreateConnectionOrUseExisting(Uri address, Uri previousAddress)
   в xNet.HttpRequest.Request(HttpMethod method, Uri address, HttpContent content)
   в xNet.HttpRequest.Raw(HttpMethod method, Uri address, HttpContent content)
   в xNet.HttpRequest.Raw(HttpMethod method, String address, HttpContent content)
   в xNet.HttpRequest.Get(String address, RequestParams urlParams)
   в InstaDirectMessage_ButDev.Instagram.GetCookie() в D:\MaXiMAA\MaXiMAAOld\C#Готово\KWORK\InstaDirectMessage_ButDev\InstaDirectMessage_ButDev\Instagram.cs:строка 74
   в InstaDirectMessage_ButDev.Instagram..ctor(String Mail, String password, String id, String cookies, String DEVICEID, String ADID, String GUID, String PHONE_ID, Int32 Index, String Time, Int32 tt, String type, String text, Int32 delay, String link) в D:\MaXiMAA\MaXiMAAOld\C#Готово\KWORK\InstaDirectMessage_ButDev\InstaDirectMessage_ButDev\Instagram.cs:строка 165
[23.03.2020 17:00:18, поток 1] [DEBUG] Сменили прокси.
[23.03.2020 17:00:47, поток 0] [DEBUG, ERROR] xNet.HttpException: Не удалось соединиться с HTTP-сервером 'www.instagram.com'. ---> xNet.ProxyException: Получен неверный код статуса 'ProxyAuthenticationRequired' от прокси-сервера '188.32.135.96:7844'.
   в xNet.HttpProxyClient.CreateConnection(String destinationHost, Int32 destinationPort, TcpClient tcpClient)
   в xNet.HttpRequest.CreateTcpConnection(String host, Int32 port)
   --- Конец трассировки внутреннего стека исключений ---
   в xNet.HttpRequest.CreateTcpConnection(String host, Int32 port)
   в xNet.HttpRequest.CreateConnection(Uri address)
   в xNet.HttpRequest.TryCreateConnectionOrUseExisting(Uri address, Uri previousAddress)
   в xNet.HttpRequest.Request(HttpMethod method, Uri address, HttpContent content)
   в xNet.HttpRequest.Raw(HttpMethod method, Uri address, HttpContent content)
   в xNet.HttpRequest.Raw(HttpMethod method, String address, HttpContent content)
   в xNet.HttpRequest.Get(String address, RequestParams urlParams)
   в InstaDirectMessage_ButDev.Instagram.GetCookie() в D:\MaXiMAA\MaXiMAAOld\C#Готово\KWORK\InstaDirectMessage_ButDev\InstaDirectMessage_ButDev\Instagram.cs:строка 74
   в InstaDirectMessage_ButDev.Instagram..ctor(String Mail, String password, String id, String cookies, String DEVICEID, String ADID, String GUID, String PHONE_ID, Int32 Index, String Time, Int32 tt, String type, String text, Int32 delay, String link) в D:\MaXiMAA\MaXiMAAOld\C#Готово\KWORK\InstaDirectMessage_ButDev\InstaDirectMessage_ButDev\Instagram.cs:строка 182
[23.03.2020 17:00:47, поток 0] [DEBUG] Сменили прокси.
[23.03.2020 17:01:18, поток 1] [DEBUG] Start...
[23.03.2020 17:01:18, поток 1] Парсим куки...
[23.03.2020 17:01:40, поток 1] [DEBUG, ERROR] xNet.HttpException: Не удалось соединиться с HTTP-сервером 'www.instagram.com'. ---> xNet.ProxyException: Получен неверный код статуса 'ProxyAuthenticationRequired' от прокси-сервера '109.195.195.102:9043'.
   в xNet.HttpProxyClient.CreateConnection(String destinationHost, Int32 destinationPort, TcpClient tcpClient)
   в xNet.HttpRequest.CreateTcpConnection(String host, Int32 port)
   --- Конец трассировки внутреннего стека исключений ---
   в xNet.HttpRequest.CreateTcpConnection(String host, Int32 port)
   в xNet.HttpRequest.CreateConnection(Uri address)
   в xNet.HttpRequest.TryCreateConnectionOrUseExisting(Uri address, Uri previousAddress)
   в xNet.HttpRequest.Request(HttpMethod method, Uri address, HttpContent content)
   в xNet.HttpRequest.Raw(HttpMethod method, Uri address, HttpContent content)
   в xNet.HttpRequest.Raw(HttpMethod method, String address, HttpContent content)
   в xNet.HttpRequest.Get(String address, RequestParams urlParams)
   в InstaDirectMessage_ButDev.Instagram.GetCookie() в D:\MaXiMAA\MaXiMAAOld\C#Готово\KWORK\InstaDirectMessage_ButDev\InstaDirectMessage_ButDev\Instagram.cs:строка 74
   в InstaDirectMessage_ButDev.Instagram..ctor(String Mail, String password, String id, String cookies, String DEVICEID, String ADID, String GUID, String PHONE_ID, Int32 Index, String Time, Int32 tt, String type, String text, Int32 delay, String link) в D:\MaXiMAA\MaXiMAAOld\C#Готово\KWORK\InstaDirectMessage_ButDev\InstaDirectMessage_ButDev\Instagram.cs:строка 165
[23.03.2020 17:01:40, поток 1] [DEBUG] Сменили прокси.
[23.03.2020 17:01:47, поток 0] [DEBUG] Start...
[23.03.2020 17:01:47, поток 0] Берём заданные куки...
[23.03.2020 17:01:47, поток 0] [Ошибка] Что-то не так. Переделываем.
[23.03.2020 17:01:49, поток 0] [DEBUG, ERROR] xNet.HttpException: Не удалось соединиться с HTTP-сервером 'www.instagram.com'. ---> xNet.ProxyException: Получен неверный код статуса 'ProxyAuthenticationRequired' от прокси-сервера '194.183.168.4:20569'.
   в xNet.HttpProxyClient.CreateConnection(String destinationHost, Int32 destinationPort, TcpClient tcpClient)
   в xNet.HttpRequest.CreateTcpConnection(String host, Int32 port)
   --- Конец трассировки внутреннего стека исключений ---
   в xNet.HttpRequest.CreateTcpConnection(String host, Int32 port)
   в xNet.HttpRequest.CreateConnection(Uri address)
   в xNet.HttpRequest.TryCreateConnectionOrUseExisting(Uri address, Uri previousAddress)
   в xNet.HttpRequest.Request(HttpMethod method, Uri address, HttpContent content)
   в xNet.HttpRequest.Raw(HttpMethod method, Uri address, HttpContent content)
   в xNet.HttpRequest.Raw(HttpMethod method, String address, HttpContent content)
   в xNet.HttpRequest.Get(String address, RequestParams urlParams)
   в InstaDirectMessage_ButDev.Instagram.GetCookie() в D:\MaXiMAA\MaXiMAAOld\C#Готово\KWORK\InstaDirectMessage_ButDev\InstaDirectMessage_ButDev\Instagram.cs:строка 74
   в InstaDirectMessage_ButDev.Instagram..ctor(String Mail, String password, String id, String cookies, String DEVICEID, String ADID, String GUID, String PHONE_ID, Int32 Index, String Time, Int32 tt, String type, String text, Int32 delay, String link) в D:\MaXiMAA\MaXiMAAOld\C#Готово\KWORK\InstaDirectMessage_ButDev\InstaDirectMessage_ButDev\Instagram.cs:строка 182
[23.03.2020 17:01:49, поток 0] [DEBUG] Сменили прокси.
[23.03.2020 18:58:01, поток 0] [DEBUG] Start...
[23.03.2020 18:58:01, поток 0] Берём заданные куки...
[23.03.2020 18:58:01, поток 1] [DEBUG] Start...
[23.03.2020 18:58:01, поток 1] Парсим куки...
[23.03.2020 18:58:02, поток 1] Спарсили куки
[23.03.2020 18:58:07, поток 1] [ERROR] Не удаётся связаться с Instagram по защищённому соединению.
[23.03.2020 18:58:07, поток 1] (Ошибка) Текст ошибки: xNet.HttpException: Не удалось установить SSL-соединение с HTTP-сервером 'i.instagram.com'. ---> System.Security.Authentication.AuthenticationException: Удаленный сертификат недействителен согласно результатам проверки подлинности.
   в System.Net.Security.SslState.StartSendAuthResetSignal(ProtocolToken message, AsyncProtocolRequest asyncRequest, Exception exception)
   в System.Net.Security.SslState.CheckCompletionBeforeNextReceive(ProtocolToken message, AsyncProtocolRequest asyncRequest)
   в System.Net.Security.SslState.StartSendBlob(Byte[] incoming, Int32 count, AsyncProtocolRequest asyncRequest)
   в System.Net.Security.SslState.ProcessReceivedBlob(Byte[] buffer, Int32 count, AsyncProtocolRequest asyncRequest)
   в System.Net.Security.SslState.StartReadFrame(Byte[] buffer, Int32 readBytes, AsyncProtocolRequest asyncRequest)
   в System.Net.Security.SslState.StartReceiveBlob(Byte[] buffer, AsyncProtocolRequest asyncRequest)
   в System.Net.Security.SslState.CheckCompletionBeforeNextReceive(ProtocolToken message, AsyncProtocolRequest asyncRequest)
   в System.Net.Security.SslState.StartSendBlob(Byte[] incoming, Int32 count, AsyncProtocolRequest asyncRequest)
   в System.Net.Security.SslState.ProcessReceivedBlob(Byte[] buffer, Int32 count, AsyncProtocolRequest asyncRequest)
   в System.Net.Security.SslState.StartReadFrame(Byte[] buffer, Int32 readBytes, AsyncProtocolRequest asyncRequest)
   в System.Net.Security.SslState.StartReceiveBlob(Byte[] buffer, AsyncProtocolRequest asyncRequest)
   в System.Net.Security.SslState.CheckCompletionBeforeNextReceive(ProtocolToken message, AsyncProtocolRequest asyncRequest)
   в System.Net.Security.SslState.StartSendBlob(Byte[] incoming, Int32 count, AsyncProtocolRequest asyncRequest)
   в System.Net.Security.SslState.ProcessReceivedBlob(Byte[] buffer, Int32 count, AsyncProtocolRequest asyncRequest)
   в System.Net.Security.SslState.StartReadFrame(Byte[] buffer, Int32 readBytes, AsyncProtocolRequest asyncRequest)
   в System.Net.Security.SslState.StartReceiveBlob(Byte[] buffer, AsyncProtocolRequest asyncRequest)
   в System.Net.Security.SslState.CheckCompletionBeforeNextReceive(ProtocolToken message, AsyncProtocolRequest asyncRequest)
   в System.Net.Security.SslState.StartSendBlob(Byte[] incoming, Int32 count, AsyncProtocolRequest asyncRequest)
   в System.Net.Security.SslState.ForceAuthentication(Boolean receiveFirst, Byte[] buffer, AsyncProtocolRequest asyncRequest)
   в System.Net.Security.SslState.ProcessAuthentication(LazyAsyncResult lazyResult)
   в System.Net.Security.SslStream.AuthenticateAsClient(String targetHost, X509CertificateCollection clientCertificates, SslProtocols enabledSslProtocols, Boolean checkCertificateRevocation)
   в System.Net.Security.SslStream.AuthenticateAsClient(String targetHost)
   в xNet.HttpRequest.CreateConnection(Uri address)
   --- Конец трассировки внутреннего стека исключений ---
   в xNet.HttpRequest.CreateConnection(Uri address)
   в xNet.HttpRequest.TryCreateConnectionOrUseExisting(Uri address, Uri previousAddress)
   в xNet.HttpRequest.Request(HttpMethod method, Uri address, HttpContent content)
   в xNet.HttpRequest.Raw(HttpMethod method, Uri address, HttpContent content)
   в xNet.HttpRequest.Raw(HttpMethod method, String address, HttpContent content)
   в xNet.HttpRequest.Post(String address, RequestParams reqParams, Boolean dontEscape)
   в InstaDirectMessage_ButDev.Instagram.DoLogin(String email, WebProxy proxy, String UserAgent, String cookie) в D:\MaXiMAA\MaXiMAAOld\C#Готово\KWORK\InstaDirectMessage_ButDev\InstaDirectMessage_ButDev\Instagram.cs:строка 238
[23.03.2020 18:58:07, поток 1] [DEBUG] Start...
[23.03.2020 18:58:07, поток 1] Парсим куки...
[23.03.2020 18:58:08, поток 1] Спарсили куки
[23.03.2020 18:58:11, поток 0] [ERROR] Не удаётся связаться с Instagram по защищённому соединению.
[23.03.2020 18:58:11, поток 0] [Ошибка] Что-то не так. Переделываем.
[23.03.2020 18:58:12, поток 0] Спарсили куки
[23.03.2020 18:59:48, поток 0] [DEBUG] Start...
[23.03.2020 18:59:48, поток 0] Берём заданные куки...
[23.03.2020 18:59:49, поток 0] Сообщение отправлено.
[23.03.2020 18:59:49, поток 1] [DEBUG] Start...
[23.03.2020 18:59:49, поток 1] Парсим куки...
[23.03.2020 18:59:49, поток 1] [ERROR] Не удаётся связаться с Instagram по защищённому соединению.
[23.03.2020 18:59:49, поток 1] [DEBUG, ERROR] xNet.HttpException: Не удалось установить SSL-соединение с HTTP-сервером 'www.instagram.com'. ---> System.Security.Authentication.AuthenticationException: Удаленный сертификат недействителен согласно результатам проверки подлинности.
   в System.Net.Security.SslState.StartSendAuthResetSignal(ProtocolToken message, AsyncProtocolRequest asyncRequest, Exception exception)
   в System.Net.Security.SslState.CheckCompletionBeforeNextReceive(ProtocolToken message, AsyncProtocolRequest asyncRequest)
   в System.Net.Security.SslState.StartSendBlob(Byte[] incoming, Int32 count, AsyncProtocolRequest asyncRequest)
   в System.Net.Security.SslState.ProcessReceivedBlob(Byte[] buffer, Int32 count, AsyncProtocolRequest asyncRequest)
   в System.Net.Security.SslState.StartReadFrame(Byte[] buffer, Int32 readBytes, AsyncProtocolRequest asyncRequest)
   в System.Net.Security.SslState.StartReceiveBlob(Byte[] buffer, AsyncProtocolRequest asyncRequest)
   в System.Net.Security.SslState.CheckCompletionBeforeNextReceive(ProtocolToken message, AsyncProtocolRequest asyncRequest)
   в System.Net.Security.SslState.StartSendBlob(Byte[] incoming, Int32 count, AsyncProtocolRequest asyncRequest)
   в System.Net.Security.SslState.ProcessReceivedBlob(Byte[] buffer, Int32 count, AsyncProtocolRequest asyncRequest)
   в System.Net.Security.SslState.StartReadFrame(Byte[] buffer, Int32 readBytes, AsyncProtocolRequest asyncRequest)
   в System.Net.Security.SslState.StartReceiveBlob(Byte[] buffer, AsyncProtocolRequest asyncRequest)
   в System.Net.Security.SslState.CheckCompletionBeforeNextReceive(ProtocolToken message, AsyncProtocolRequest asyncRequest)
   в System.Net.Security.SslState.StartSendBlob(Byte[] incoming, Int32 count, AsyncProtocolRequest asyncRequest)
   в System.Net.Security.SslState.ProcessReceivedBlob(Byte[] buffer, Int32 count, AsyncProtocolRequest asyncRequest)
   в System.Net.Security.SslState.StartReadFrame(Byte[] buffer, Int32 readBytes, AsyncProtocolRequest asyncRequest)
   в System.Net.Security.SslState.StartReceiveBlob(Byte[] buffer, AsyncProtocolRequest asyncRequest)
   в System.Net.Security.SslState.CheckCompletionBeforeNextReceive(ProtocolToken message, AsyncProtocolRequest asyncRequest)
   в System.Net.Security.SslState.StartSendBlob(Byte[] incoming, Int32 count, AsyncProtocolRequest asyncRequest)
   в System.Net.Security.SslState.ProcessReceivedBlob(Byte[] buffer, Int32 count, AsyncProtocolRequest asyncRequest)
   в System.Net.Security.SslState.StartReadFrame(Byte[] buffer, Int32 readBytes, AsyncProtocolRequest asyncRequest)
   в System.Net.Security.SslState.StartReceiveBlob(Byte[] buffer, AsyncProtocolRequest asyncRequest)
   в System.Net.Security.SslState.CheckCompletionBeforeNextReceive(ProtocolToken message, AsyncProtocolRequest asyncRequest)
   в System.Net.Security.SslState.StartSendBlob(Byte[] incoming, Int32 count, AsyncProtocolRequest asyncRequest)
   в System.Net.Security.SslState.ProcessReceivedBlob(Byte[] buffer, Int32 count, AsyncProtocolRequest asyncRequest)
   в System.Net.Security.SslState.StartReadFrame(Byte[] buffer, Int32 readBytes, AsyncProtocolRequest asyncRequest)
   в System.Net.Security.SslState.StartReceiveBlob(Byte[] buffer, AsyncProtocolRequest asyncRequest)
   в System.Net.Security.SslState.CheckCompletionBeforeNextReceive(ProtocolToken message, AsyncProtocolRequest asyncRequest)
   в System.Net.Security.SslState.StartSendBlob(Byte[] incoming, Int32 count, AsyncProtocolRequest asyncRequest)
   в System.Net.Security.SslState.ProcessReceivedBlob(Byte[] buffer, Int32 count, AsyncProtocolRequest asyncRequest)
   в System.Net.Security.SslState.StartReadFrame(Byte[] buffer, Int32 readBytes, AsyncProtocolRequest asyncRequest)
   в System.Net.Security.SslState.StartReceiveBlob(Byte[] buffer, AsyncProtocolRequest asyncRequest)
   в System.Net.Security.SslState.CheckCompletionBeforeNextReceive(ProtocolToken message, AsyncProtocolRequest asyncRequest)
   в System.Net.Security.SslState.StartSendBlob(Byte[] incoming, Int32 count, AsyncProtocolRequest asyncRequest)
   в System.Net.Security.SslState.ProcessReceivedBlob(Byte[] buffer, Int32 count, AsyncProtocolRequest asyncRequest)
   в System.Net.Security.SslState.StartReadFrame(Byte[] buffer, Int32 readBytes, AsyncProtocolRequest asyncRequest)
   в System.Net.Security.SslState.StartReceiveBlob(Byte[] buffer, AsyncProtocolRequest asyncRequest)
   в System.Net.Security.SslState.CheckCompletionBeforeNextReceive(ProtocolToken message, AsyncProtocolRequest asyncRequest)
   в System.Net.Security.SslState.StartSendBlob(Byte[] incoming, Int32 count, AsyncProtocolRequest asyncRequest)
   в System.Net.Security.SslState.ForceAuthentication(Boolean receiveFirst, Byte[] buffer, AsyncProtocolRequest asyncRequest)
   в System.Net.Security.SslState.ProcessAuthentication(LazyAsyncResult lazyResult)
   в System.Net.Security.SslStream.AuthenticateAsClient(String targetHost, X509CertificateCollection clientCertificates, SslProtocols enabledSslProtocols, Boolean checkCertificateRevocation)
   в System.Net.Security.SslStream.AuthenticateAsClient(String targetHost)
   в xNet.HttpRequest.CreateConnection(Uri address)
   --- Конец трассировки внутреннего стека исключений ---
   в xNet.HttpRequest.CreateConnection(Uri address)
   в xNet.HttpRequest.TryCreateConnectionOrUseExisting(Uri address, Uri previousAddress)
   в xNet.HttpRequest.Request(HttpMethod method, Uri address, HttpContent content)
   в xNet.HttpRequest.Raw(HttpMethod method, Uri address, HttpContent content)
   в xNet.HttpRequest.Raw(HttpMethod method, String address, HttpContent content)
   в xNet.HttpRequest.Get(String address, RequestParams urlParams)
   в InstaDirectMessage_ButDev.Instagram.GetCookie() в D:\MaXiMAA\MaXiMAAOld\C#Готово\KWORK\InstaDirectMessage_ButDev\InstaDirectMessage_ButDev\Instagram.cs:строка 73
   в InstaDirectMessage_ButDev.Instagram..ctor(String Mail, String password, String id, String cookies, String DEVICEID, String ADID, String GUID, String PHONE_ID, Int32 Index, String Time, Int32 tt, String type, String text, Int32 delay, String link) в D:\MaXiMAA\MaXiMAAOld\C#Готово\KWORK\InstaDirectMessage_ButDev\InstaDirectMessage_ButDev\Instagram.cs:строка 164
[23.03.2020 18:59:49, поток 1] [DEBUG] Сменили прокси.
[23.03.2020 18:59:54, поток 0] [DEBUG] Start...
[23.03.2020 18:59:54, поток 0] Парсим куки...
[23.03.2020 18:59:54, поток 0] [ERROR] Не удаётся связаться с Instagram по защищённому соединению.
[23.03.2020 18:59:54, поток 0] [DEBUG, ERROR] xNet.HttpException: Не удалось установить SSL-соединение с HTTP-сервером 'www.instagram.com'. ---> System.Security.Authentication.AuthenticationException: Удаленный сертификат недействителен согласно результатам проверки подлинности.
   в System.Net.Security.SslState.StartSendAuthResetSignal(ProtocolToken message, AsyncProtocolRequest asyncRequest, Exception exception)
   в System.Net.Security.SslState.CheckCompletionBeforeNextReceive(ProtocolToken message, AsyncProtocolRequest asyncRequest)
   в System.Net.Security.SslState.StartSendBlob(Byte[] incoming, Int32 count, AsyncProtocolRequest asyncRequest)
   в System.Net.Security.SslState.ProcessReceivedBlob(Byte[] buffer, Int32 count, AsyncProtocolRequest asyncRequest)
   в System.Net.Security.SslState.StartReadFrame(Byte[] buffer, Int32 readBytes, AsyncProtocolRequest asyncRequest)
   в System.Net.Security.SslState.StartReceiveBlob(Byte[] buffer, AsyncProtocolRequest asyncRequest)
   в System.Net.Security.SslState.CheckCompletionBeforeNextReceive(ProtocolToken message, AsyncProtocolRequest asyncRequest)
   в System.Net.Security.SslState.StartSendBlob(Byte[] incoming, Int32 count, AsyncProtocolRequest asyncRequest)
   в System.Net.Security.SslState.ProcessReceivedBlob(Byte[] buffer, Int32 count, AsyncProtocolRequest asyncRequest)
   в System.Net.Security.SslState.StartReadFrame(Byte[] buffer, Int32 readBytes, AsyncProtocolRequest asyncRequest)
   в System.Net.Security.SslState.StartReceiveBlob(Byte[] buffer, AsyncProtocolRequest asyncRequest)
   в System.Net.Security.SslState.CheckCompletionBeforeNextReceive(ProtocolToken message, AsyncProtocolRequest asyncRequest)
   в System.Net.Security.SslState.StartSendBlob(Byte[] incoming, Int32 count, AsyncProtocolRequest asyncRequest)
   в System.Net.Security.SslState.ProcessReceivedBlob(Byte[] buffer, Int32 count, AsyncProtocolRequest asyncRequest)
   в System.Net.Security.SslState.StartReadFrame(Byte[] buffer, Int32 readBytes, AsyncProtocolRequest asyncRequest)
   в System.Net.Security.SslState.StartReceiveBlob(Byte[] buffer, AsyncProtocolRequest asyncRequest)
   в System.Net.Security.SslState.CheckCompletionBeforeNextReceive(ProtocolToken message, AsyncProtocolRequest asyncRequest)
   в System.Net.Security.SslState.StartSendBlob(Byte[] incoming, Int32 count, AsyncProtocolRequest asyncRequest)
   в System.Net.Security.SslState.ForceAuthentication(Boolean receiveFirst, Byte[] buffer, AsyncProtocolRequest asyncRequest)
   в System.Net.Security.SslState.ProcessAuthentication(LazyAsyncResult lazyResult)
   в System.Net.Security.SslStream.AuthenticateAsClient(String targetHost, X509CertificateCollection clientCertificates, SslProtocols enabledSslProtocols, Boolean checkCertificateRevocation)
   в System.Net.Security.SslStream.AuthenticateAsClient(String targetHost)
   в xNet.HttpRequest.CreateConnection(Uri address)
   --- Конец трассировки внутреннего стека исключений ---
   в xNet.HttpRequest.CreateConnection(Uri address)
   в xNet.HttpRequest.TryCreateConnectionOrUseExisting(Uri address, Uri previousAddress)
   в xNet.HttpRequest.Request(HttpMethod method, Uri address, HttpContent content)
   в xNet.HttpRequest.Raw(HttpMethod method, Uri address, HttpContent content)
   в xNet.HttpRequest.Raw(HttpMethod method, String address, HttpContent content)
   в xNet.HttpRequest.Get(String address, RequestParams urlParams)
   в InstaDirectMessage_ButDev.Instagram.GetCookie() в D:\MaXiMAA\MaXiMAAOld\C#Готово\KWORK\InstaDirectMessage_ButDev\InstaDirectMessage_ButDev\Instagram.cs:строка 73
   в InstaDirectMessage_ButDev.Instagram..ctor(String Mail, String password, String id, String cookies, String DEVICEID, String ADID, String GUID, String PHONE_ID, Int32 Index, String Time, Int32 tt, String type, String text, Int32 delay, String link) в D:\MaXiMAA\MaXiMAAOld\C#Готово\KWORK\InstaDirectMessage_ButDev\InstaDirectMessage_ButDev\Instagram.cs:строка 164
[23.03.2020 18:59:54, поток 0] [DEBUG] Сменили прокси.
[23.03.2020 22:09:28, поток 0] [DEBUG] Start...
[23.03.2020 22:09:28, поток 0] Берём заданные куки...
[23.03.2020 22:09:28, поток 1] [DEBUG] Start...
[23.03.2020 22:09:28, поток 1] Парсим куки...
[23.03.2020 22:09:29, поток 1] [ERROR] Не удаётся связаться с Instagram по защищённому соединению.
[23.03.2020 22:09:29, поток 1] [DEBUG, ERROR] xNet.HttpException: Не удалось установить SSL-соединение с HTTP-сервером 'www.instagram.com'. ---> System.Security.Authentication.AuthenticationException: Удаленный сертификат недействителен согласно результатам проверки подлинности.
   в System.Net.Security.SslState.StartSendAuthResetSignal(ProtocolToken message, AsyncProtocolRequest asyncRequest, Exception exception)
   в System.Net.Security.SslState.CheckCompletionBeforeNextReceive(ProtocolToken message, AsyncProtocolRequest asyncRequest)
   в System.Net.Security.SslState.StartSendBlob(Byte[] incoming, Int32 count, AsyncProtocolRequest asyncRequest)
   в System.Net.Security.SslState.ProcessReceivedBlob(Byte[] buffer, Int32 count, AsyncProtocolRequest asyncRequest)
   в System.Net.Security.SslState.StartReadFrame(Byte[] buffer, Int32 readBytes, AsyncProtocolRequest asyncRequest)
   в System.Net.Security.SslState.StartReceiveBlob(Byte[] buffer, AsyncProtocolRequest asyncRequest)
   в System.Net.Security.SslState.CheckCompletionBeforeNextReceive(ProtocolToken message, AsyncProtocolRequest asyncRequest)
   в System.Net.Security.SslState.StartSendBlob(Byte[] incoming, Int32 count, AsyncProtocolRequest asyncRequest)
   в System.Net.Security.SslState.ProcessReceivedBlob(Byte[] buffer, Int32 count, AsyncProtocolRequest asyncRequest)
   в System.Net.Security.SslState.StartReadFrame(Byte[] buffer, Int32 readBytes, AsyncProtocolRequest asyncRequest)
   в System.Net.Security.SslState.StartReceiveBlob(Byte[] buffer, AsyncProtocolRequest asyncRequest)
   в System.Net.Security.SslState.CheckCompletionBeforeNextReceive(ProtocolToken message, AsyncProtocolRequest asyncRequest)
   в System.Net.Security.SslState.StartSendBlob(Byte[] incoming, Int32 count, AsyncProtocolRequest asyncRequest)
   в System.Net.Security.SslState.ProcessReceivedBlob(Byte[] buffer, Int32 count, AsyncProtocolRequest asyncRequest)
   в System.Net.Security.SslState.StartReadFrame(Byte[] buffer, Int32 readBytes, AsyncProtocolRequest asyncRequest)
   в System.Net.Security.SslState.StartReceiveBlob(Byte[] buffer, AsyncProtocolRequest asyncRequest)
   в System.Net.Security.SslState.CheckCompletionBeforeNextReceive(ProtocolToken message, AsyncProtocolRequest asyncRequest)
   в System.Net.Security.SslState.StartSendBlob(Byte[] incoming, Int32 count, AsyncProtocolRequest asyncRequest)
   в System.Net.Security.SslState.ProcessReceivedBlob(Byte[] buffer, Int32 count, AsyncProtocolRequest asyncRequest)
   в System.Net.Security.SslState.StartReadFrame(Byte[] buffer, Int32 readBytes, AsyncProtocolRequest asyncRequest)
   в System.Net.Security.SslState.StartReceiveBlob(Byte[] buffer, AsyncProtocolRequest asyncRequest)
   в System.Net.Security.SslState.CheckCompletionBeforeNextReceive(ProtocolToken message, AsyncProtocolRequest asyncRequest)
   в System.Net.Security.SslState.StartSendBlob(Byte[] incoming, Int32 count, AsyncProtocolRequest asyncRequest)
   в System.Net.Security.SslState.ProcessReceivedBlob(Byte[] buffer, Int32 count, AsyncProtocolRequest asyncRequest)
   в System.Net.Security.SslState.StartReadFrame(Byte[] buffer, Int32 readBytes, AsyncProtocolRequest asyncRequest)
   в System.Net.Security.SslState.StartReceiveBlob(Byte[] buffer, AsyncProtocolRequest asyncRequest)
   в System.Net.Security.SslState.CheckCompletionBeforeNextReceive(ProtocolToken message, AsyncProtocolRequest asyncRequest)
   в System.Net.Security.SslState.StartSendBlob(Byte[] incoming, Int32 count, AsyncProtocolRequest asyncRequest)
   в System.Net.Security.SslState.ProcessReceivedBlob(Byte[] buffer, Int32 count, AsyncProtocolRequest asyncRequest)
   в System.Net.Security.SslState.StartReadFrame(Byte[] buffer, Int32 readBytes, AsyncProtocolRequest asyncRequest)
   в System.Net.Security.SslState.StartReceiveBlob(Byte[] buffer, AsyncProtocolRequest asyncRequest)
   в System.Net.Security.SslState.CheckCompletionBeforeNextReceive(ProtocolToken message, AsyncProtocolRequest asyncRequest)
   в System.Net.Security.SslState.StartSendBlob(Byte[] incoming, Int32 count, AsyncProtocolRequest asyncRequest)
   в System.Net.Security.SslState.ProcessReceivedBlob(Byte[] buffer, Int32 count, AsyncProtocolRequest asyncRequest)
   в System.Net.Security.SslState.StartReadFrame(Byte[] buffer, Int32 readBytes, AsyncProtocolRequest asyncRequest)
   в System.Net.Security.SslState.StartReceiveBlob(Byte[] buffer, AsyncProtocolRequest asyncRequest)
   в System.Net.Security.SslState.CheckCompletionBeforeNextReceive(ProtocolToken message, AsyncProtocolRequest asyncRequest)
   в System.Net.Security.SslState.StartSendBlob(Byte[] incoming, Int32 count, AsyncProtocolRequest asyncRequest)
   в System.Net.Security.SslState.ForceAuthentication(Boolean receiveFirst, Byte[] buffer, AsyncProtocolRequest asyncRequest)
   в System.Net.Security.SslState.ProcessAuthentication(LazyAsyncResult lazyResult)
   в System.Net.Security.SslStream.AuthenticateAsClient(String targetHost, X509CertificateCollection clientCertificates, SslProtocols enabledSslProtocols, Boolean checkCertificateRevocation)
   в System.Net.Security.SslStream.AuthenticateAsClient(String targetHost)
   в xNet.HttpRequest.CreateConnection(Uri address)
   --- Конец трассировки внутреннего стека исключений ---
   в xNet.HttpRequest.CreateConnection(Uri address)
   в xNet.HttpRequest.TryCreateConnectionOrUseExisting(Uri address, Uri previousAddress)
   в xNet.HttpRequest.Request(HttpMethod method, Uri address, HttpContent content)
   в xNet.HttpRequest.Raw(HttpMethod method, Uri address, HttpContent content)
   в xNet.HttpRequest.Raw(HttpMethod method, String address, HttpContent content)
   в xNet.HttpRequest.Get(String address, RequestParams urlParams)
   в InstaDirectMessage_ButDev.Instagram.GetCookie() в D:\MaXiMAA\MaXiMAAOld\C#Готово\KWORK\InstaDirectMessage_ButDev\InstaDirectMessage_ButDev\Instagram.cs:строка 73
   в InstaDirectMessage_ButDev.Instagram..ctor(String Mail, String password, String id, String cookies, String DEVICEID, String ADID, String GUID, String PHONE_ID, Int32 Index, String Time, Int32 tt, String type, String text, Int32 delay, String link) в D:\MaXiMAA\MaXiMAAOld\C#Готово\KWORK\InstaDirectMessage_ButDev\InstaDirectMessage_ButDev\Instagram.cs:строка 164
[23.03.2020 22:09:29, поток 1] [DEBUG] Сменили прокси.
[23.03.2020 22:09:29, поток 0] Сообщение отправлено.
[23.03.2020 22:09:35, поток 0] [DEBUG] Start...
[23.03.2020 22:09:35, поток 0] Парсим куки...
[23.03.2020 22:09:35, поток 0] [ERROR] Не удаётся связаться с Instagram по защищённому соединению.
[23.03.2020 22:09:35, поток 0] [DEBUG, ERROR] xNet.HttpException: Не удалось установить SSL-соединение с HTTP-сервером 'www.instagram.com'. ---> System.Security.Authentication.AuthenticationException: Удаленный сертификат недействителен согласно результатам проверки подлинности.
   в System.Net.Security.SslState.StartSendAuthResetSignal(ProtocolToken message, AsyncProtocolRequest asyncRequest, Exception exception)
   в System.Net.Security.SslState.CheckCompletionBeforeNextReceive(ProtocolToken message, AsyncProtocolRequest asyncRequest)
   в System.Net.Security.SslState.StartSendBlob(Byte[] incoming, Int32 count, AsyncProtocolRequest asyncRequest)
   в System.Net.Security.SslState.ProcessReceivedBlob(Byte[] buffer, Int32 count, AsyncProtocolRequest asyncRequest)
   в System.Net.Security.SslState.StartReadFrame(Byte[] buffer, Int32 readBytes, AsyncProtocolRequest asyncRequest)
   в System.Net.Security.SslState.StartReceiveBlob(Byte[] buffer, AsyncProtocolRequest asyncRequest)
   в System.Net.Security.SslState.CheckCompletionBeforeNextReceive(ProtocolToken message, AsyncProtocolRequest asyncRequest)
   в System.Net.Security.SslState.StartSendBlob(Byte[] incoming, Int32 count, AsyncProtocolRequest asyncRequest)
   в System.Net.Security.SslState.ProcessReceivedBlob(Byte[] buffer, Int32 count, AsyncProtocolRequest asyncRequest)
   в System.Net.Security.SslState.StartReadFrame(Byte[] buffer, Int32 readBytes, AsyncProtocolRequest asyncRequest)
   в System.Net.Security.SslState.StartReceiveBlob(Byte[] buffer, AsyncProtocolRequest asyncRequest)
   в System.Net.Security.SslState.CheckCompletionBeforeNextReceive(ProtocolToken message, AsyncProtocolRequest asyncRequest)
   в System.Net.Security.SslState.StartSendBlob(Byte[] incoming, Int32 count, AsyncProtocolRequest asyncRequest)
   в System.Net.Security.SslState.ProcessReceivedBlob(Byte[] buffer, Int32 count, AsyncProtocolRequest asyncRequest)
   в System.Net.Security.SslState.StartReadFrame(Byte[] buffer, Int32 readBytes, AsyncProtocolRequest asyncRequest)
   в System.Net.Security.SslState.StartReceiveBlob(Byte[] buffer, AsyncProtocolRequest asyncRequest)
   в System.Net.Security.SslState.CheckCompletionBeforeNextReceive(ProtocolToken message, AsyncProtocolRequest asyncRequest)
   в System.Net.Security.SslState.StartSendBlob(Byte[] incoming, Int32 count, AsyncProtocolRequest asyncRequest)
   в System.Net.Security.SslState.ForceAuthentication(Boolean receiveFirst, Byte[] buffer, AsyncProtocolRequest asyncRequest)
   в System.Net.Security.SslState.ProcessAuthentication(LazyAsyncResult lazyResult)
   в System.Net.Security.SslStream.AuthenticateAsClient(String targetHost, X509CertificateCollection clientCertificates, SslProtocols enabledSslProtocols, Boolean checkCertificateRevocation)
   в System.Net.Security.SslStream.AuthenticateAsClient(String targetHost)
   в xNet.HttpRequest.CreateConnection(Uri address)
   --- Конец трассировки внутреннего стека исключений ---
   в xNet.HttpRequest.CreateConnection(Uri address)
   в xNet.HttpRequest.TryCreateConnectionOrUseExisting(Uri address, Uri previousAddress)
   в xNet.HttpRequest.Request(HttpMethod method, Uri address, HttpContent content)
   в xNet.HttpRequest.Raw(HttpMethod method, Uri address, HttpContent content)
   в xNet.HttpRequest.Raw(HttpMethod method, String address, HttpContent content)
   в xNet.HttpRequest.Get(String address, RequestParams urlParams)
   в InstaDirectMessage_ButDev.Instagram.GetCookie() в D:\MaXiMAA\MaXiMAAOld\C#Готово\KWORK\InstaDirectMessage_ButDev\InstaDirectMessage_ButDev\Instagram.cs:строка 73
   в InstaDirectMessage_ButDev.Instagram..ctor(String Mail, String password, String id, String cookies, String DEVICEID, String ADID, String GUID, String PHONE_ID, Int32 Index, String Time, Int32 tt, String type, String text, Int32 delay, String link) в D:\MaXiMAA\MaXiMAAOld\C#Готово\KWORK\InstaDirectMessage_ButDev\InstaDirectMessage_ButDev\Instagram.cs:строка 164
[23.03.2020 22:09:35, поток 0] [DEBUG] Сменили прокси.
