[06.06.2020 22:59:30, thread 0] Defined proxy region - ru-RU
[06.06.2020 22:59:31, thread 0] Defined proxy region - ru-RU
[06.06.2020 22:59:33, thread 0] Cookie parsing
[06.06.2020 22:59:40, thread 0] (Error) Error text: xNet.HttpException: Не удалось соединиться с HTTP-сервером 'stubs'. ---> System.Net.Sockets.SocketException: Этот хост неизвестен
   at System.Net.Sockets.Socket.InternalEndConnect(IAsyncResult asyncResult)
   at System.Net.Sockets.Socket.EndConnect(IAsyncResult asyncResult)
   at System.Net.Sockets.TcpClient.EndConnect(IAsyncResult asyncResult)
   at xNet.HttpRequest.<>c__DisplayClass208_1.<CreateTcpConnection>b__0(IAsyncResult ar)
   --- End of inner exception stack trace ---
   at xNet.HttpRequest.CreateTcpConnection(String host, Int32 port)
   at xNet.HttpRequest.CreateConnection(Uri address)
   at xNet.HttpRequest.TryCreateConnectionOrUseExisting(Uri address, Uri previousAddress)
   at xNet.HttpRequest.Request(HttpMethod method, Uri address, HttpContent content)
   at xNet.HttpRequest.Raw(HttpMethod method, Uri address, HttpContent content)
   at xNet.HttpRequest.Raw(HttpMethod method, String address, HttpContent content)
   at InstaDirectMessage_ButDev.InstagramSMSApiRegistrator.GetPhoneNumber() in D:\MaXiMAA\MaXiMAAOld\C#Готово\KWORK\InstaDirectMessage_ButDev\InstaDirectMessage_ButDev\InstagramSMSApiRegistrator.cs:line 202
[06.06.2020 22:59:45, thread 0] Defined proxy region - ru-RU
[06.06.2020 23:04:15, thread 0] Defined proxy region - ru-RU
[06.06.2020 23:04:16, thread 0] Defined proxy region - ru-RU
[06.06.2020 23:04:18, thread 0] Cookie parsing
[06.06.2020 23:04:25, thread 0] (Error) Error text: xNet.HttpException: Не удалось соединиться с HTTP-сервером 'stubs'. ---> System.Net.Sockets.SocketException: Этот хост неизвестен
   at System.Net.Sockets.Socket.InternalEndConnect(IAsyncResult asyncResult)
   at System.Net.Sockets.Socket.EndConnect(IAsyncResult asyncResult)
   at System.Net.Sockets.TcpClient.EndConnect(IAsyncResult asyncResult)
   at xNet.HttpRequest.<>c__DisplayClass208_1.<CreateTcpConnection>b__0(IAsyncResult ar)
   --- End of inner exception stack trace ---
   at xNet.HttpRequest.CreateTcpConnection(String host, Int32 port)
   at xNet.HttpRequest.CreateConnection(Uri address)
   at xNet.HttpRequest.TryCreateConnectionOrUseExisting(Uri address, Uri previousAddress)
   at xNet.HttpRequest.Request(HttpMethod method, Uri address, HttpContent content)
   at xNet.HttpRequest.Raw(HttpMethod method, Uri address, HttpContent content)
   at xNet.HttpRequest.Raw(HttpMethod method, String address, HttpContent content)
   at InstaDirectMessage_ButDev.InstagramSMSApiRegistrator.GetPhoneNumber() in D:\MaXiMAA\MaXiMAAOld\C#Готово\KWORK\InstaDirectMessage_ButDev\InstaDirectMessage_ButDev\InstagramSMSApiRegistrator.cs:line 202
[06.06.2020 23:04:48, thread 0] Defined proxy region - ru-RU
[06.06.2020 23:05:10, thread 0] Defined proxy region - ru-RU
[06.06.2020 23:05:11, thread 0] Defined proxy region - ru-RU
[06.06.2020 23:05:12, thread 0] Cookie parsing
[06.06.2020 23:05:19, thread 0] (Error) Error text: xNet.HttpException: Не удалось соединиться с HTTP-сервером 'stubs'. ---> System.Net.Sockets.SocketException: Этот хост неизвестен
   at System.Net.Sockets.Socket.InternalEndConnect(IAsyncResult asyncResult)
   at System.Net.Sockets.Socket.EndConnect(IAsyncResult asyncResult)
   at System.Net.Sockets.TcpClient.EndConnect(IAsyncResult asyncResult)
   at xNet.HttpRequest.<>c__DisplayClass208_1.<CreateTcpConnection>b__0(IAsyncResult ar)
   --- End of inner exception stack trace ---
   at xNet.HttpRequest.CreateTcpConnection(String host, Int32 port)
   at xNet.HttpRequest.CreateConnection(Uri address)
   at xNet.HttpRequest.TryCreateConnectionOrUseExisting(Uri address, Uri previousAddress)
   at xNet.HttpRequest.Request(HttpMethod method, Uri address, HttpContent content)
   at xNet.HttpRequest.Raw(HttpMethod method, Uri address, HttpContent content)
   at xNet.HttpRequest.Raw(HttpMethod method, String address, HttpContent content)
   at InstaDirectMessage_ButDev.InstagramSMSApiRegistrator.GetPhoneNumber() in D:\MaXiMAA\MaXiMAAOld\C#Готово\KWORK\InstaDirectMessage_ButDev\InstaDirectMessage_ButDev\InstagramSMSApiRegistrator.cs:line 202
[06.06.2020 23:05:25, thread 0] Defined proxy region - ru-RU
[06.06.2020 23:05:26, thread 0] Defined proxy region - ru-RU
[06.06.2020 23:05:28, thread 0] Cookie parsing
[06.06.2020 23:05:31, thread 0] (Error) Error text: xNet.HttpException: Не удалось соединиться с HTTP-сервером 'stubs'. ---> System.Net.Sockets.SocketException: Этот хост неизвестен
   at System.Net.Sockets.Socket.InternalEndConnect(IAsyncResult asyncResult)
   at System.Net.Sockets.Socket.EndConnect(IAsyncResult asyncResult)
   at System.Net.Sockets.TcpClient.EndConnect(IAsyncResult asyncResult)
   at xNet.HttpRequest.<>c__DisplayClass208_1.<CreateTcpConnection>b__0(IAsyncResult ar)
   --- End of inner exception stack trace ---
   at xNet.HttpRequest.CreateTcpConnection(String host, Int32 port)
   at xNet.HttpRequest.CreateConnection(Uri address)
   at xNet.HttpRequest.TryCreateConnectionOrUseExisting(Uri address, Uri previousAddress)
   at xNet.HttpRequest.Request(HttpMethod method, Uri address, HttpContent content)
   at xNet.HttpRequest.Raw(HttpMethod method, Uri address, HttpContent content)
   at xNet.HttpRequest.Raw(HttpMethod method, String address, HttpContent content)
   at InstaDirectMessage_ButDev.InstagramSMSApiRegistrator.GetPhoneNumber() in D:\MaXiMAA\MaXiMAAOld\C#Готово\KWORK\InstaDirectMessage_ButDev\InstaDirectMessage_ButDev\InstagramSMSApiRegistrator.cs:line 202
[06.06.2020 23:09:16, thread 0] Defined proxy region - ru-RU
[06.06.2020 23:09:16, thread 0] Defined proxy region - ru-RU
[06.06.2020 23:09:18, thread 0] Cookie parsing
[06.06.2020 23:09:25, thread 0] (Error) Error text: xNet.HttpException: Не удалось соединиться с HTTP-сервером 'stubs'. ---> System.Net.Sockets.SocketException: Этот хост неизвестен
   at System.Net.Sockets.Socket.InternalEndConnect(IAsyncResult asyncResult)
   at System.Net.Sockets.Socket.EndConnect(IAsyncResult asyncResult)
   at System.Net.Sockets.TcpClient.EndConnect(IAsyncResult asyncResult)
   at xNet.HttpRequest.<>c__DisplayClass208_1.<CreateTcpConnection>b__0(IAsyncResult ar)
   --- End of inner exception stack trace ---
   at xNet.HttpRequest.CreateTcpConnection(String host, Int32 port)
   at xNet.HttpRequest.CreateConnection(Uri address)
   at xNet.HttpRequest.TryCreateConnectionOrUseExisting(Uri address, Uri previousAddress)
   at xNet.HttpRequest.Request(HttpMethod method, Uri address, HttpContent content)
   at xNet.HttpRequest.Raw(HttpMethod method, Uri address, HttpContent content)
   at xNet.HttpRequest.Raw(HttpMethod method, String address, HttpContent content)
   at InstaDirectMessage_ButDev.InstagramSMSApiRegistrator.GetPhoneNumber() in D:\MaXiMAA\MaXiMAAOld\C#Готово\KWORK\InstaDirectMessage_ButDev\InstaDirectMessage_ButDev\InstagramSMSApiRegistrator.cs:line 202
[06.06.2020 23:09:31, thread 0] Defined proxy region - ru-RU
[06.06.2020 23:13:17, thread 0] Defined proxy region - ru-RU
[06.06.2020 23:13:18, thread 0] Defined proxy region - ru-RU
[06.06.2020 23:13:20, thread 0] Cookie parsing
[06.06.2020 23:13:27, thread 0] (Error) Error text: xNet.HttpException: Не удалось соединиться с HTTP-сервером 'stubs'. ---> System.Net.Sockets.SocketException: Этот хост неизвестен
   at System.Net.Sockets.Socket.InternalEndConnect(IAsyncResult asyncResult)
   at System.Net.Sockets.Socket.EndConnect(IAsyncResult asyncResult)
   at System.Net.Sockets.TcpClient.EndConnect(IAsyncResult asyncResult)
   at xNet.HttpRequest.<>c__DisplayClass208_1.<CreateTcpConnection>b__0(IAsyncResult ar)
   --- End of inner exception stack trace ---
   at xNet.HttpRequest.CreateTcpConnection(String host, Int32 port)
   at xNet.HttpRequest.CreateConnection(Uri address)
   at xNet.HttpRequest.TryCreateConnectionOrUseExisting(Uri address, Uri previousAddress)
   at xNet.HttpRequest.Request(HttpMethod method, Uri address, HttpContent content)
   at xNet.HttpRequest.Raw(HttpMethod method, Uri address, HttpContent content)
   at xNet.HttpRequest.Raw(HttpMethod method, String address, HttpContent content)
   at InstaDirectMessage_ButDev.InstagramSMSApiRegistrator.GetPhoneNumber() in D:\MaXiMAA\MaXiMAAOld\C#Готово\KWORK\InstaDirectMessage_ButDev\InstaDirectMessage_ButDev\InstagramSMSApiRegistrator.cs:line 202
[06.06.2020 23:13:32, thread 0] Defined proxy region - ru-RU
[06.06.2020 23:13:33, thread 0] Defined proxy region - ru-RU
[06.06.2020 23:13:36, thread 0] Cookie parsing
[06.06.2020 23:13:38, thread 0] (Error) Error text: xNet.HttpException: Не удалось соединиться с HTTP-сервером 'stubs'. ---> System.Net.Sockets.SocketException: Этот хост неизвестен
   at System.Net.Sockets.Socket.InternalEndConnect(IAsyncResult asyncResult)
   at System.Net.Sockets.Socket.EndConnect(IAsyncResult asyncResult)
   at System.Net.Sockets.TcpClient.EndConnect(IAsyncResult asyncResult)
   at xNet.HttpRequest.<>c__DisplayClass208_1.<CreateTcpConnection>b__0(IAsyncResult ar)
   --- End of inner exception stack trace ---
   at xNet.HttpRequest.CreateTcpConnection(String host, Int32 port)
   at xNet.HttpRequest.CreateConnection(Uri address)
   at xNet.HttpRequest.TryCreateConnectionOrUseExisting(Uri address, Uri previousAddress)
   at xNet.HttpRequest.Request(HttpMethod method, Uri address, HttpContent content)
   at xNet.HttpRequest.Raw(HttpMethod method, Uri address, HttpContent content)
   at xNet.HttpRequest.Raw(HttpMethod method, String address, HttpContent content)
   at InstaDirectMessage_ButDev.InstagramSMSApiRegistrator.GetPhoneNumber() in D:\MaXiMAA\MaXiMAAOld\C#Готово\KWORK\InstaDirectMessage_ButDev\InstaDirectMessage_ButDev\InstagramSMSApiRegistrator.cs:line 202
[06.06.2020 23:19:31, thread 0] Defined proxy region - ru-RU
[06.06.2020 23:19:32, thread 0] Defined proxy region - ru-RU
[06.06.2020 23:19:34, thread 0] Cookie parsing
[06.06.2020 23:20:16, thread 0] (Error) Error text: xNet.HttpException: Не удалось соединиться с HTTP-сервером 'sms-activate.ru'. ---> System.Net.Sockets.SocketException: Попытка установить соединение была безуспешной, т.к. от другого компьютера за требуемое время не получен нужный отклик, или было разорвано уже установленное соединение из-за неверного отклика уже подключенного компьютера 172.64.130.22:443
   at System.Net.Sockets.Socket.InternalEndConnect(IAsyncResult asyncResult)
   at System.Net.Sockets.Socket.EndConnect(IAsyncResult asyncResult)
   at System.Net.Sockets.TcpClient.EndConnect(IAsyncResult asyncResult)
   at xNet.HttpRequest.<>c__DisplayClass208_1.<CreateTcpConnection>b__0(IAsyncResult ar)
   --- End of inner exception stack trace ---
   at xNet.HttpRequest.CreateTcpConnection(String host, Int32 port)
   at xNet.HttpRequest.CreateConnection(Uri address)
   at xNet.HttpRequest.TryCreateConnectionOrUseExisting(Uri address, Uri previousAddress)
   at xNet.HttpRequest.Request(HttpMethod method, Uri address, HttpContent content)
   at xNet.HttpRequest.Raw(HttpMethod method, Uri address, HttpContent content)
   at xNet.HttpRequest.Raw(HttpMethod method, String address, HttpContent content)
   at InstaDirectMessage_ButDev.InstagramSMSApiRegistrator.GetPhoneNumber() in D:\MaXiMAA\MaXiMAAOld\C#Готово\KWORK\InstaDirectMessage_ButDev\InstaDirectMessage_ButDev\InstagramSMSApiRegistrator.cs:line 202
[06.06.2020 23:20:22, thread 0] Defined proxy region - ru-RU
[06.06.2020 23:20:22, thread 0] Defined proxy region - ru-RU
[06.06.2020 23:20:24, thread 0] Cookie parsing
[06.06.2020 23:21:06, thread 0] (Error) Error text: xNet.HttpException: Не удалось соединиться с HTTP-сервером 'sms-activate.ru'. ---> System.Net.Sockets.SocketException: Попытка установить соединение была безуспешной, т.к. от другого компьютера за требуемое время не получен нужный отклик, или было разорвано уже установленное соединение из-за неверного отклика уже подключенного компьютера 172.64.130.22:443
   at System.Net.Sockets.Socket.InternalEndConnect(IAsyncResult asyncResult)
   at System.Net.Sockets.Socket.EndConnect(IAsyncResult asyncResult)
   at System.Net.Sockets.TcpClient.EndConnect(IAsyncResult asyncResult)
   at xNet.HttpRequest.<>c__DisplayClass208_1.<CreateTcpConnection>b__0(IAsyncResult ar)
   --- End of inner exception stack trace ---
   at xNet.HttpRequest.CreateTcpConnection(String host, Int32 port)
   at xNet.HttpRequest.CreateConnection(Uri address)
   at xNet.HttpRequest.TryCreateConnectionOrUseExisting(Uri address, Uri previousAddress)
   at xNet.HttpRequest.Request(HttpMethod method, Uri address, HttpContent content)
   at xNet.HttpRequest.Raw(HttpMethod method, Uri address, HttpContent content)
   at xNet.HttpRequest.Raw(HttpMethod method, String address, HttpContent content)
   at InstaDirectMessage_ButDev.InstagramSMSApiRegistrator.GetPhoneNumber() in D:\MaXiMAA\MaXiMAAOld\C#Готово\KWORK\InstaDirectMessage_ButDev\InstaDirectMessage_ButDev\InstagramSMSApiRegistrator.cs:line 202
[06.06.2020 23:32:18, thread 0] Defined proxy region - ru-RU
[06.06.2020 23:32:18, thread 0] Defined proxy region - ru-RU
[06.06.2020 23:32:21, thread 0] Cookie parsing
[06.06.2020 23:32:27, thread 0] Defined proxy region - ru-RU
[06.06.2020 23:32:27, thread 0] Defined proxy region - ru-RU
[06.06.2020 23:32:29, thread 0] Cookie parsing
[06.06.2020 23:32:35, thread 0] Defined proxy region - ru-RU
[06.06.2020 23:32:36, thread 0] Defined proxy region - ru-RU
[06.06.2020 23:32:38, thread 0] Cookie parsing
[06.06.2020 23:32:43, thread 0] Defined proxy region - ru-RU
[06.06.2020 23:32:45, thread 0] Defined proxy region - ru-RU
[06.06.2020 23:32:48, thread 0] Cookie parsing
[06.06.2020 23:32:54, thread 0] Defined proxy region - ru-RU
[06.06.2020 23:32:54, thread 0] Defined proxy region - ru-RU
[06.06.2020 23:32:56, thread 0] Cookie parsing
[06.06.2020 23:33:02, thread 0] Defined proxy region - ru-RU
[06.06.2020 23:33:03, thread 0] Defined proxy region - ru-RU
[06.06.2020 23:33:05, thread 0] Cookie parsing
