[06.06.2020 23:34:45, thread 0] Defined proxy region - ru-RU
[06.06.2020 23:34:46, thread 0] Defined proxy region - ru-RU
[06.06.2020 23:34:48, thread 0] Cookie parsing
[06.06.2020 23:34:54, thread 0] Defined proxy region - ru-RU
[06.06.2020 23:34:55, thread 0] Defined proxy region - ru-RU
[06.06.2020 23:34:57, thread 0] Cookie parsing
[06.06.2020 23:35:03, thread 0] Defined proxy region - ru-RU
[06.06.2020 23:35:03, thread 0] Defined proxy region - ru-RU
[06.06.2020 23:35:05, thread 0] Cookie parsing
[06.06.2020 23:35:11, thread 0] Defined proxy region - ru-RU
[06.06.2020 23:35:12, thread 0] Defined proxy region - ru-RU
[06.06.2020 23:35:14, thread 0] Cookie parsing
[06.06.2020 23:35:20, thread 0] Defined proxy region - ru-RU
[06.06.2020 23:35:20, thread 0] Defined proxy region - ru-RU
[06.06.2020 23:35:22, thread 0] Cookie parsing
[06.06.2020 23:35:28, thread 0] Defined proxy region - ru-RU
[06.06.2020 23:35:29, thread 0] Defined proxy region - ru-RU
[06.06.2020 23:35:31, thread 0] Cookie parsing
[06.06.2020 23:40:42, thread 0] Defined proxy region - be-BY
[06.06.2020 23:40:42, thread 0] Defined proxy region - be-BY
[06.06.2020 23:40:43, thread 0] Cookie parsing
[06.06.2020 23:40:49, thread 0] Defined proxy region - be-BY
[06.06.2020 23:40:49, thread 0] Defined proxy region - be-BY
[06.06.2020 23:40:50, thread 0] Cookie parsing
[06.06.2020 23:40:56, thread 0] Defined proxy region - be-BY
[06.06.2020 23:40:56, thread 0] Defined proxy region - be-BY
[06.06.2020 23:40:57, thread 0] Cookie parsing
[06.06.2020 23:41:02, thread 0] Defined proxy region - be-BY
[06.06.2020 23:41:03, thread 0] Defined proxy region - be-BY
[06.06.2020 23:41:04, thread 0] Cookie parsing
[06.06.2020 23:41:10, thread 0] Defined proxy region - be-BY
[06.06.2020 23:41:10, thread 0] Defined proxy region - be-BY
[06.06.2020 23:41:11, thread 0] Cookie parsing
[06.06.2020 23:41:17, thread 0] Defined proxy region - be-BY
[06.06.2020 23:41:17, thread 0] Defined proxy region - be-BY
[06.06.2020 23:41:18, thread 0] Cookie parsing
[06.06.2020 23:41:24, thread 0] Defined proxy region - be-BY
[06.06.2020 23:41:24, thread 0] Defined proxy region - be-BY
[06.06.2020 23:41:25, thread 0] Cookie parsing
[06.06.2020 23:41:31, thread 0] Defined proxy region - be-BY
[06.06.2020 23:41:31, thread 0] Defined proxy region - be-BY
[06.06.2020 23:41:32, thread 0] Cookie parsing
[06.06.2020 23:41:38, thread 0] Defined proxy region - be-BY
[06.06.2020 23:41:38, thread 0] Defined proxy region - be-BY
[06.06.2020 23:41:39, thread 0] Cookie parsing
[06.06.2020 23:41:44, thread 0] Defined proxy region - be-BY
[06.06.2020 23:41:45, thread 0] Defined proxy region - be-BY
[06.06.2020 23:41:46, thread 0] Cookie parsing
[06.06.2020 23:41:51, thread 0] Defined proxy region - be-BY
[06.06.2020 23:41:52, thread 0] Defined proxy region - be-BY
[06.06.2020 23:41:53, thread 0] Cookie parsing
[06.06.2020 23:41:58, thread 0] Defined proxy region - be-BY
[06.06.2020 23:41:59, thread 0] Defined proxy region - be-BY
[06.06.2020 23:42:00, thread 0] Cookie parsing
[06.06.2020 23:45:03, thread 0] Defined proxy region - be-BY
[06.06.2020 23:45:03, thread 0] Defined proxy region - be-BY
[06.06.2020 23:45:04, thread 0] Cookie parsing
[06.06.2020 23:45:10, thread 0] Defined proxy region - be-BY
[06.06.2020 23:45:10, thread 0] Defined proxy region - be-BY
[06.06.2020 23:45:11, thread 0] Cookie parsing
[06.06.2020 23:45:17, thread 0] Defined proxy region - be-BY
[06.06.2020 23:45:17, thread 0] Defined proxy region - be-BY
[06.06.2020 23:45:18, thread 0] Cookie parsing
[06.06.2020 23:45:23, thread 0] Defined proxy region - be-BY
[06.06.2020 23:45:23, thread 0] Defined proxy region - be-BY
[06.06.2020 23:45:24, thread 0] Cookie parsing
[06.06.2020 23:46:49, thread 0] Defined proxy region - be-BY
[06.06.2020 23:46:49, thread 0] Defined proxy region - be-BY
[06.06.2020 23:46:50, thread 0] Cookie parsing
[06.06.2020 23:46:50, thread 0] Took number in the service - +79111713306, id: 270540546
[06.06.2020 23:46:52, thread 0] Requested SMS from Instagram.
[06.06.2020 23:47:53, thread 0] Requested another SMS from Instagram.
[06.06.2020 23:48:54, thread 0] Failed to get SMS from Instagram!
[06.06.2020 23:48:59, thread 0] Defined proxy region - be-BY
[06.06.2020 23:49:00, thread 0] Defined proxy region - be-BY
[06.06.2020 23:49:01, thread 0] Cookie parsing
[06.06.2020 23:49:01, thread 0] Requested SMS from Instagram.
[06.06.2020 23:49:21, thread 0] Phone number canceled!
[06.06.2020 23:49:26, thread 0] Defined proxy region - be-BY
[06.06.2020 23:49:27, thread 0] Defined proxy region - be-BY
[06.06.2020 23:49:28, thread 0] Cookie parsing
[06.06.2020 23:49:28, thread 0] Took number in the service - +79111716164, id: 270541215
[06.06.2020 23:49:28, thread 0] Requested SMS from Instagram.
[06.06.2020 23:50:30, thread 0] Requested another SMS from Instagram.
[06.06.2020 23:51:30, thread 0] Failed to get SMS from Instagram!
[06.06.2020 23:54:40, thread 0] Defined proxy region - be-BY
[06.06.2020 23:54:40, thread 0] Defined proxy region - be-BY
[06.06.2020 23:54:41, thread 0] Cookie parsing
[06.06.2020 23:54:41, thread 0] Took number in the service - +79055338581, id: 270542597
[06.06.2020 23:54:43, thread 0] Requested SMS from Instagram.
[06.06.2020 23:55:04, thread 0] Received a code 635718 on number +79055338581, id: 270542597
[06.06.2020 23:55:04, thread 0] Starting registration...
[06.06.2020 23:56:15, thread 0] Error registering - Amelia850_Willis930:UDP7nvKpkstIlBsHbOi_:127.0.0.1:8888:Instagram 138.0.0.28.117 Android (21/7.1.1; 480dpi; 480x320; samsung; sm-a520f; a5y17lte; samsungexy; en_US):Amelia850Willis17509@gmail.com:
[06.06.2020 23:56:21, thread 0] Defined proxy region - be-BY
[06.06.2020 23:56:21, thread 0] Defined proxy region - be-BY
[06.06.2020 23:56:22, thread 0] Cookie parsing
[06.06.2020 23:56:23, thread 0] Requested SMS from Instagram.
[06.06.2020 23:56:44, thread 0] Received a code 635718 on number +79055338581, id: 270542597
[06.06.2020 23:56:44, thread 0] Starting registration...
