[13.08.2021 22:20:51, поток 0] Parsing cookies...
[13.08.2021 22:20:54, поток 0] Cookie parsing
[13.08.2021 22:20:54, поток 0] Got cookies...
[13.08.2021 22:20:54, поток 0] We start parsing...
[13.08.2021 22:20:55, поток 0] [DEBUG] Change account.
[13.08.2021 22:20:55, поток 0] Parsing cookies...
[13.08.2021 22:20:55, поток 0] Cookie parsing
[13.08.2021 22:20:55, поток 0] Got cookies...
[13.08.2021 22:20:55, поток 0] We start parsing...
[13.08.2021 22:20:55, поток 0] [DEBUG] Change account.
[13.08.2021 22:20:55, поток 0] Parsing cookies...
[13.08.2021 22:20:56, поток 0] Cookie parsing
[13.08.2021 22:20:56, поток 0] Got cookies...
[13.08.2021 22:20:56, поток 0] We start parsing...
[13.08.2021 22:20:56, поток 0] [DEBUG] Change account.
[13.08.2021 22:20:56, поток 0] Parsing cookies...
[13.08.2021 22:20:56, поток 0] Cookie parsing
[13.08.2021 22:20:56, поток 0] Got cookies...
[13.08.2021 22:20:56, поток 0] We start parsing...
[13.08.2021 22:20:56, поток 0] [DEBUG] Change account.
[13.08.2021 22:20:56, поток 0] Parsing cookies...
[13.08.2021 22:20:57, поток 0] Cookie parsing
[13.08.2021 22:20:57, поток 0] Got cookies...
[13.08.2021 22:20:57, поток 0] We start parsing...
[13.08.2021 22:20:57, поток 0] [DEBUG] Change account.
[13.08.2021 22:20:57, поток 0] Parsing cookies...
[13.08.2021 22:20:57, поток 0] Cookie parsing
[13.08.2021 22:20:57, поток 0] Got cookies...
[13.08.2021 22:20:57, поток 0] We start parsing...
[13.08.2021 22:20:58, поток 0] [DEBUG] Change account.
[13.08.2021 22:20:58, поток 0] Parsing cookies...
[13.08.2021 22:20:58, поток 0] Cookie parsing
[13.08.2021 22:20:58, поток 0] Got cookies...
[13.08.2021 22:20:58, поток 0] We start parsing...
[13.08.2021 22:20:58, поток 0] [DEBUG] Change account.
[13.08.2021 22:20:58, поток 0] Parsing cookies...
[13.08.2021 22:20:59, поток 0] Cookie parsing
[13.08.2021 22:20:59, поток 0] Got cookies...
[13.08.2021 22:20:59, поток 0] We start parsing...
[13.08.2021 22:20:59, поток 0] [DEBUG] Change account.
[13.08.2021 22:20:59, поток 0] Parsing cookies...
[13.08.2021 22:21:00, поток 0] Cookie parsing
[13.08.2021 22:21:00, поток 0] Got cookies...
[13.08.2021 22:21:00, поток 0] We start parsing...
[13.08.2021 22:21:00, поток 0] [DEBUG] Change account.
[13.08.2021 22:21:00, поток 0] Parsing cookies...
[13.08.2021 22:21:00, поток 0] Cookie parsing
[13.08.2021 22:21:00, поток 0] Got cookies...
[13.08.2021 22:21:00, поток 0] We start parsing...
[13.08.2021 22:21:01, поток 0] [DEBUG] Change account.
[13.08.2021 22:21:01, поток 0] Parsing cookies...
[13.08.2021 22:21:01, поток 0] Cookie parsing
[13.08.2021 22:21:01, поток 0] Got cookies...
[13.08.2021 22:21:01, поток 0] We start parsing...
[13.08.2021 22:21:01, поток 0] [DEBUG] Change account.
[13.08.2021 22:21:01, поток 0] Parsing cookies...
[13.08.2021 22:21:02, поток 0] Cookie parsing
[13.08.2021 22:21:02, поток 0] Got cookies...
[13.08.2021 22:21:02, поток 0] We start parsing...
[13.08.2021 22:21:02, поток 0] [DEBUG] Change account.
[13.08.2021 22:21:02, поток 0] Parsing cookies...
[13.08.2021 22:21:02, поток 0] Cookie parsing
[13.08.2021 22:21:02, поток 0] Got cookies...
[13.08.2021 22:21:02, поток 0] We start parsing...
[13.08.2021 22:21:03, поток 0] [DEBUG] Change account.
[13.08.2021 22:21:03, поток 0] Parsing cookies...
[13.08.2021 22:21:03, поток 0] Cookie parsing
[13.08.2021 22:21:03, поток 0] Got cookies...
[13.08.2021 22:21:03, поток 0] We start parsing...
[13.08.2021 22:21:04, поток 0] [DEBUG] Change account.
[13.08.2021 22:21:04, поток 0] Parsing cookies...
[13.08.2021 22:21:04, поток 0] Cookie parsing
[13.08.2021 22:21:04, поток 0] Got cookies...
[13.08.2021 22:21:04, поток 0] We start parsing...
[13.08.2021 22:21:04, поток 0] [DEBUG] Change account.
[13.08.2021 22:21:04, поток 0] Parsing cookies...
[13.08.2021 22:21:05, поток 0] Cookie parsing
[13.08.2021 22:21:05, поток 0] Got cookies...
[13.08.2021 22:21:05, поток 0] We start parsing...
[13.08.2021 22:21:05, поток 0] [DEBUG] Change account.
[13.08.2021 22:21:05, поток 0] Parsing cookies...
[13.08.2021 22:21:05, поток 0] Cookie parsing
[13.08.2021 22:21:05, поток 0] Got cookies...
[13.08.2021 22:21:05, поток 0] We start parsing...
[13.08.2021 22:21:06, поток 0] [DEBUG] Change account.
[13.08.2021 22:21:06, поток 0] Parsing cookies...
[13.08.2021 22:21:06, поток 0] Cookie parsing
[13.08.2021 22:21:06, поток 0] Got cookies...
[13.08.2021 22:21:06, поток 0] We start parsing...
[13.08.2021 22:21:07, поток 0] [DEBUG] Change account.
[13.08.2021 22:21:07, поток 0] Parsing cookies...
[13.08.2021 22:21:07, поток 0] Cookie parsing
[13.08.2021 22:21:07, поток 0] Got cookies...
[13.08.2021 22:21:07, поток 0] We start parsing...
[13.08.2021 22:21:07, поток 0] [DEBUG] Change account.
[13.08.2021 22:21:07, поток 0] Parsing cookies...
[13.08.2021 22:21:08, поток 0] Cookie parsing
[13.08.2021 22:21:08, поток 0] Got cookies...
[13.08.2021 22:21:08, поток 0] We start parsing...
[13.08.2021 22:21:08, поток 0] [DEBUG] Change account.
[13.08.2021 22:21:08, поток 0] Parsing cookies...
[13.08.2021 22:21:08, поток 0] Cookie parsing
[13.08.2021 22:21:08, поток 0] Got cookies...
[13.08.2021 22:21:08, поток 0] We start parsing...
[13.08.2021 22:21:09, поток 0] [DEBUG] Change account.
[13.08.2021 22:21:09, поток 0] Parsing cookies...
[13.08.2021 22:21:09, поток 0] Cookie parsing
[13.08.2021 22:21:09, поток 0] Got cookies...
[13.08.2021 22:21:09, поток 0] We start parsing...
[13.08.2021 22:21:09, поток 0] [DEBUG] Change account.
[13.08.2021 22:21:09, поток 0] Parsing cookies...
[13.08.2021 22:21:10, поток 0] Cookie parsing
[13.08.2021 22:21:10, поток 0] Got cookies...
[13.08.2021 22:21:10, поток 0] We start parsing...
[13.08.2021 22:21:10, поток 0] [DEBUG] Change account.
[13.08.2021 22:21:10, поток 0] Parsing cookies...
[13.08.2021 22:21:10, поток 0] Cookie parsing
[13.08.2021 22:21:10, поток 0] Got cookies...
[13.08.2021 22:21:10, поток 0] We start parsing...
[13.08.2021 22:21:10, поток 0] [DEBUG] Change account.
[13.08.2021 22:21:10, поток 0] Parsing cookies...
[13.08.2021 22:21:11, поток 0] Cookie parsing
[13.08.2021 22:21:11, поток 0] Got cookies...
[13.08.2021 22:21:11, поток 0] We start parsing...
[13.08.2021 22:21:11, поток 0] [DEBUG] Change account.
[13.08.2021 22:21:11, поток 0] Parsing cookies...
[13.08.2021 22:21:12, поток 0] Cookie parsing
[13.08.2021 22:21:12, поток 0] Got cookies...
[13.08.2021 22:21:12, поток 0] We start parsing...
[13.08.2021 22:21:12, поток 0] [DEBUG] Change account.
[13.08.2021 22:21:12, поток 0] Parsing cookies...
[13.08.2021 22:21:13, поток 0] Cookie parsing
[13.08.2021 22:21:13, поток 0] Got cookies...
[13.08.2021 22:21:13, поток 0] We start parsing...
[13.08.2021 22:21:13, поток 0] [DEBUG] Change account.
[13.08.2021 22:21:13, поток 0] Parsing cookies...
[13.08.2021 22:21:14, поток 0] Cookie parsing
[13.08.2021 22:21:14, поток 0] Got cookies...
[13.08.2021 22:21:14, поток 0] We start parsing...
[13.08.2021 22:21:14, поток 0] [DEBUG] Change account.
[13.08.2021 22:21:14, поток 0] Parsing cookies...
[13.08.2021 22:21:14, поток 0] Cookie parsing
[13.08.2021 22:21:14, поток 0] Got cookies...
[13.08.2021 22:21:14, поток 0] We start parsing...
[13.08.2021 22:21:15, поток 0] [DEBUG] Change account.
[13.08.2021 22:21:15, поток 0] Parsing cookies...
[13.08.2021 22:21:15, поток 0] Cookie parsing
[13.08.2021 22:21:15, поток 0] Got cookies...
[13.08.2021 22:21:15, поток 0] We start parsing...
[13.08.2021 22:21:15, поток 0] [DEBUG] Change account.
[13.08.2021 22:21:15, поток 0] Parsing cookies...
[13.08.2021 22:21:16, поток 0] Cookie parsing
[13.08.2021 22:21:16, поток 0] Got cookies...
[13.08.2021 22:21:16, поток 0] We start parsing...
[13.08.2021 22:21:16, поток 0] [DEBUG] Change account.
[13.08.2021 22:21:16, поток 0] Parsing cookies...
[13.08.2021 22:21:16, поток 0] Cookie parsing
[13.08.2021 22:21:16, поток 0] Got cookies...
[13.08.2021 22:21:16, поток 0] We start parsing...
[13.08.2021 22:21:16, поток 0] [DEBUG] Change account.
[13.08.2021 22:21:16, поток 0] Parsing cookies...
[13.08.2021 22:21:17, поток 0] Cookie parsing
[13.08.2021 22:21:17, поток 0] Got cookies...
[13.08.2021 22:21:17, поток 0] We start parsing...
[13.08.2021 22:21:17, поток 0] [DEBUG] Change account.
[13.08.2021 22:21:17, поток 0] Parsing cookies...
[13.08.2021 22:21:17, поток 0] Cookie parsing
[13.08.2021 22:21:17, поток 0] Got cookies...
[13.08.2021 22:21:17, поток 0] We start parsing...
[13.08.2021 22:21:18, поток 0] [DEBUG] Change account.
[13.08.2021 22:21:18, поток 0] Parsing cookies...
[13.08.2021 22:21:18, поток 0] Cookie parsing
[13.08.2021 22:21:18, поток 0] Got cookies...
[13.08.2021 22:21:18, поток 0] We start parsing...
[13.08.2021 22:21:18, поток 0] [DEBUG] Change account.
[13.08.2021 22:21:18, поток 0] Parsing cookies...
[13.08.2021 22:21:19, поток 0] Cookie parsing
[13.08.2021 22:21:19, поток 0] Got cookies...
[13.08.2021 22:21:19, поток 0] We start parsing...
[13.08.2021 22:21:19, поток 0] [DEBUG] Change account.
[13.08.2021 22:21:19, поток 0] Parsing cookies...
[13.08.2021 22:21:19, поток 0] Cookie parsing
[13.08.2021 22:21:19, поток 0] Got cookies...
[13.08.2021 22:21:19, поток 0] We start parsing...
[13.08.2021 22:21:19, поток 0] [DEBUG] Change account.
[13.08.2021 22:21:19, поток 0] Parsing cookies...
[13.08.2021 22:21:20, поток 0] Cookie parsing
[13.08.2021 22:21:20, поток 0] Got cookies...
[13.08.2021 22:21:20, поток 0] We start parsing...
[13.08.2021 22:21:20, поток 0] [DEBUG] Change account.
[13.08.2021 22:21:20, поток 0] Parsing cookies...
[13.08.2021 22:21:21, поток 0] Cookie parsing
[13.08.2021 22:21:21, поток 0] Got cookies...
[13.08.2021 22:21:21, поток 0] We start parsing...
[13.08.2021 22:21:21, поток 0] [DEBUG] Change account.
[13.08.2021 22:21:21, поток 0] Parsing cookies...
[13.08.2021 22:21:22, поток 0] Cookie parsing
[13.08.2021 22:21:22, поток 0] Got cookies...
[13.08.2021 22:21:22, поток 0] We start parsing...
[13.08.2021 22:21:22, поток 0] [DEBUG] Change account.
[13.08.2021 22:21:22, поток 0] Parsing cookies...
[13.08.2021 22:21:22, поток 0] Cookie parsing
[13.08.2021 22:21:22, поток 0] Got cookies...
[13.08.2021 22:21:22, поток 0] We start parsing...
[13.08.2021 22:21:22, поток 0] [DEBUG] Change account.
[13.08.2021 22:21:22, поток 0] Parsing cookies...
[13.08.2021 22:21:23, поток 0] Cookie parsing
[13.08.2021 22:21:23, поток 0] Got cookies...
[13.08.2021 22:21:23, поток 0] We start parsing...
[13.08.2021 22:21:23, поток 0] [DEBUG] Change account.
[13.08.2021 22:21:23, поток 0] Parsing cookies...
[13.08.2021 22:21:24, поток 0] Cookie parsing
[13.08.2021 22:21:24, поток 0] Got cookies...
[13.08.2021 22:21:24, поток 0] We start parsing...
[13.08.2021 22:21:24, поток 0] [DEBUG] Change account.
[13.08.2021 22:21:24, поток 0] Parsing cookies...
[13.08.2021 22:21:24, поток 0] Cookie parsing
[13.08.2021 22:21:24, поток 0] Got cookies...
[13.08.2021 22:21:24, поток 0] We start parsing...
[13.08.2021 22:21:25, поток 0] [DEBUG] Change account.
[13.08.2021 22:21:25, поток 0] Parsing cookies...
[13.08.2021 22:21:25, поток 0] Cookie parsing
[13.08.2021 22:21:25, поток 0] Got cookies...
[13.08.2021 22:21:25, поток 0] We start parsing...
[13.08.2021 22:21:25, поток 0] [DEBUG] Change account.
[13.08.2021 22:21:25, поток 0] Parsing cookies...
[13.08.2021 22:21:26, поток 0] Cookie parsing
[13.08.2021 22:21:26, поток 0] Got cookies...
[13.08.2021 22:21:26, поток 0] We start parsing...
[13.08.2021 22:21:26, поток 0] [DEBUG] Change account.
[13.08.2021 22:21:26, поток 0] Parsing cookies...
[13.08.2021 22:21:27, поток 0] Cookie parsing
[13.08.2021 22:21:27, поток 0] Got cookies...
[13.08.2021 22:21:27, поток 0] We start parsing...
[13.08.2021 22:21:27, поток 0] [DEBUG] Change account.
[13.08.2021 22:21:27, поток 0] Parsing cookies...
[13.08.2021 22:21:27, поток 0] Cookie parsing
[13.08.2021 22:21:27, поток 0] Got cookies...
[13.08.2021 22:21:27, поток 0] We start parsing...
[13.08.2021 22:21:28, поток 0] [DEBUG] Change account.
[13.08.2021 22:21:28, поток 0] Parsing cookies...
[13.08.2021 22:21:28, поток 0] Cookie parsing
[13.08.2021 22:21:28, поток 0] Got cookies...
[13.08.2021 22:21:28, поток 0] We start parsing...
[13.08.2021 22:21:28, поток 0] [DEBUG] Change account.
[13.08.2021 22:21:28, поток 0] Parsing cookies...
[13.08.2021 22:21:29, поток 0] Cookie parsing
[13.08.2021 22:21:29, поток 0] Got cookies...
[13.08.2021 22:21:29, поток 0] We start parsing...
[13.08.2021 22:21:29, поток 0] [DEBUG] Change account.
[13.08.2021 22:21:29, поток 0] Parsing cookies...
[13.08.2021 22:21:29, поток 0] Cookie parsing
[13.08.2021 22:21:29, поток 0] Got cookies...
[13.08.2021 22:21:29, поток 0] We start parsing...
[13.08.2021 22:21:29, поток 0] [DEBUG] Change account.
[13.08.2021 22:21:29, поток 0] Parsing cookies...
[13.08.2021 22:21:30, поток 0] Cookie parsing
[13.08.2021 22:21:30, поток 0] Got cookies...
[13.08.2021 22:21:30, поток 0] We start parsing...
[13.08.2021 22:21:30, поток 0] [DEBUG] Change account.
[13.08.2021 22:21:30, поток 0] Parsing cookies...
[13.08.2021 22:21:30, поток 0] Cookie parsing
[13.08.2021 22:21:30, поток 0] Got cookies...
[13.08.2021 22:21:30, поток 0] We start parsing...
[13.08.2021 22:21:31, поток 0] [DEBUG] Change account.
[13.08.2021 22:21:31, поток 0] Parsing cookies...
[13.08.2021 22:21:31, поток 0] Cookie parsing
[13.08.2021 22:21:31, поток 0] Got cookies...
[13.08.2021 22:21:31, поток 0] We start parsing...
[13.08.2021 22:21:31, поток 0] [DEBUG] Change account.
[13.08.2021 22:21:31, поток 0] Parsing cookies...
[13.08.2021 22:21:31, поток 0] Cookie parsing
[13.08.2021 22:21:31, поток 0] Got cookies...
[13.08.2021 22:21:31, поток 0] We start parsing...
[13.08.2021 22:21:32, поток 0] [DEBUG] Change account.
[13.08.2021 22:21:32, поток 0] Parsing cookies...
[13.08.2021 22:21:32, поток 0] Cookie parsing
[13.08.2021 22:21:32, поток 0] Got cookies...
[13.08.2021 22:21:32, поток 0] We start parsing...
[13.08.2021 22:21:32, поток 0] [DEBUG] Change account.
[13.08.2021 22:21:32, поток 0] Parsing cookies...
[13.08.2021 22:21:33, поток 0] Cookie parsing
[13.08.2021 22:21:33, поток 0] Got cookies...
[13.08.2021 22:21:33, поток 0] We start parsing...
[13.08.2021 22:21:33, поток 0] [DEBUG] Change account.
[13.08.2021 22:21:33, поток 0] Parsing cookies...
[13.08.2021 22:21:34, поток 0] Cookie parsing
[13.08.2021 22:21:34, поток 0] Got cookies...
[13.08.2021 22:21:34, поток 0] We start parsing...
[13.08.2021 22:21:34, поток 0] [DEBUG] Change account.
[13.08.2021 22:21:34, поток 0] Parsing cookies...
[13.08.2021 22:21:34, поток 0] Cookie parsing
[13.08.2021 22:21:34, поток 0] Got cookies...
[13.08.2021 22:21:34, поток 0] We start parsing...
[13.08.2021 22:21:35, поток 0] [DEBUG] Change account.
[13.08.2021 22:21:35, поток 0] Parsing cookies...
[13.08.2021 22:21:35, поток 0] Cookie parsing
[13.08.2021 22:21:35, поток 0] Got cookies...
[13.08.2021 22:21:35, поток 0] We start parsing...
[13.08.2021 22:21:35, поток 0] [DEBUG] Change account.
[13.08.2021 22:21:35, поток 0] Parsing cookies...
[13.08.2021 22:21:36, поток 0] Cookie parsing
[13.08.2021 22:21:36, поток 0] Got cookies...
[13.08.2021 22:21:36, поток 0] We start parsing...
[13.08.2021 22:21:36, поток 0] [DEBUG] Change account.
[13.08.2021 22:21:36, поток 0] Parsing cookies...
[13.08.2021 22:21:37, поток 0] Cookie parsing
[13.08.2021 22:21:37, поток 0] Got cookies...
[13.08.2021 22:21:37, поток 0] We start parsing...
[13.08.2021 22:21:37, поток 0] [DEBUG] Change account.
[13.08.2021 22:21:37, поток 0] Parsing cookies...
[13.08.2021 22:21:37, поток 0] Cookie parsing
[13.08.2021 22:21:37, поток 0] Got cookies...
[13.08.2021 22:21:37, поток 0] We start parsing...
[13.08.2021 22:21:37, поток 0] [DEBUG] Change account.
[13.08.2021 22:21:37, поток 0] Parsing cookies...
[13.08.2021 22:21:38, поток 0] Cookie parsing
[13.08.2021 22:21:38, поток 0] Got cookies...
[13.08.2021 22:21:38, поток 0] We start parsing...
[13.08.2021 22:21:38, поток 0] [DEBUG] Change account.
[13.08.2021 22:21:38, поток 0] Parsing cookies...
[13.08.2021 22:21:38, поток 0] Cookie parsing
[13.08.2021 22:21:38, поток 0] Got cookies...
[13.08.2021 22:21:38, поток 0] We start parsing...
[13.08.2021 22:21:39, поток 0] [DEBUG] Change account.
[13.08.2021 22:21:39, поток 0] Parsing cookies...
[13.08.2021 22:21:39, поток 0] Cookie parsing
[13.08.2021 22:21:39, поток 0] Got cookies...
[13.08.2021 22:21:39, поток 0] We start parsing...
[13.08.2021 22:21:39, поток 0] [DEBUG] Change account.
[13.08.2021 22:21:39, поток 0] Parsing cookies...
[13.08.2021 22:21:40, поток 0] Cookie parsing
[13.08.2021 22:21:40, поток 0] Got cookies...
[13.08.2021 22:21:40, поток 0] We start parsing...
[13.08.2021 22:21:40, поток 0] [DEBUG] Change account.
[13.08.2021 22:21:40, поток 0] Parsing cookies...
[13.08.2021 22:21:41, поток 0] Cookie parsing
[13.08.2021 22:21:41, поток 0] Got cookies...
[13.08.2021 22:21:41, поток 0] We start parsing...
[13.08.2021 22:21:41, поток 0] [DEBUG] Change account.
[13.08.2021 22:21:41, поток 0] Parsing cookies...
[13.08.2021 22:21:41, поток 0] Cookie parsing
[13.08.2021 22:21:41, поток 0] Got cookies...
[13.08.2021 22:21:41, поток 0] We start parsing...
[13.08.2021 22:21:42, поток 0] [DEBUG] Change account.
[13.08.2021 22:21:42, поток 0] Parsing cookies...
[13.08.2021 22:21:42, поток 0] Cookie parsing
[13.08.2021 22:21:42, поток 0] Got cookies...
[13.08.2021 22:21:42, поток 0] We start parsing...
[13.08.2021 22:21:42, поток 0] [DEBUG] Change account.
[13.08.2021 22:21:42, поток 0] Parsing cookies...
[13.08.2021 22:21:42, поток 0] Cookie parsing
[13.08.2021 22:21:42, поток 0] Got cookies...
[13.08.2021 22:21:42, поток 0] We start parsing...
[13.08.2021 22:21:43, поток 0] [DEBUG] Change account.
[13.08.2021 22:21:43, поток 0] Parsing cookies...
[13.08.2021 22:21:43, поток 0] Cookie parsing
[13.08.2021 22:21:43, поток 0] Got cookies...
[13.08.2021 22:21:43, поток 0] We start parsing...
[13.08.2021 22:21:43, поток 0] [DEBUG] Change account.
[13.08.2021 22:21:43, поток 0] Parsing cookies...
[13.08.2021 22:21:44, поток 0] Cookie parsing
[13.08.2021 22:21:44, поток 0] Got cookies...
[13.08.2021 22:21:44, поток 0] We start parsing...
[13.08.2021 22:21:44, поток 0] [DEBUG] Change account.
[13.08.2021 22:21:44, поток 0] Parsing cookies...
[13.08.2021 22:21:45, поток 0] Cookie parsing
[13.08.2021 22:21:45, поток 0] Got cookies...
[13.08.2021 22:21:45, поток 0] We start parsing...
[13.08.2021 22:21:45, поток 0] [DEBUG] Change account.
[13.08.2021 22:21:45, поток 0] Parsing cookies...
[13.08.2021 22:21:45, поток 0] Cookie parsing
[13.08.2021 22:21:45, поток 0] Got cookies...
[13.08.2021 22:21:45, поток 0] We start parsing...
[13.08.2021 22:21:45, поток 0] [DEBUG] Change account.
[13.08.2021 22:21:45, поток 0] Parsing cookies...
[13.08.2021 22:21:46, поток 0] Cookie parsing
[13.08.2021 22:21:46, поток 0] Got cookies...
[13.08.2021 22:21:46, поток 0] We start parsing...
[13.08.2021 22:21:46, поток 0] [DEBUG] Change account.
[13.08.2021 22:21:46, поток 0] Parsing cookies...
[13.08.2021 22:21:47, поток 0] Cookie parsing
[13.08.2021 22:21:47, поток 0] Got cookies...
[13.08.2021 22:21:47, поток 0] We start parsing...
[13.08.2021 22:21:47, поток 0] [DEBUG] Change account.
[13.08.2021 22:21:47, поток 0] Parsing cookies...
[13.08.2021 22:21:47, поток 0] Cookie parsing
[13.08.2021 22:21:47, поток 0] Got cookies...
[13.08.2021 22:21:47, поток 0] We start parsing...
[13.08.2021 22:21:48, поток 0] [DEBUG] Change account.
[13.08.2021 22:21:48, поток 0] Parsing cookies...
[13.08.2021 22:21:48, поток 0] Cookie parsing
[13.08.2021 22:21:48, поток 0] Got cookies...
[13.08.2021 22:21:48, поток 0] We start parsing...
[13.08.2021 22:21:48, поток 0] [DEBUG] Change account.
[13.08.2021 22:21:48, поток 0] Parsing cookies...
[13.08.2021 22:21:49, поток 0] Cookie parsing
[13.08.2021 22:21:49, поток 0] Got cookies...
[13.08.2021 22:21:49, поток 0] We start parsing...
[13.08.2021 22:21:49, поток 0] [DEBUG] Change account.
[13.08.2021 22:21:49, поток 0] Parsing cookies...
[13.08.2021 22:21:49, поток 0] Cookie parsing
[13.08.2021 22:21:49, поток 0] Got cookies...
[13.08.2021 22:21:49, поток 0] We start parsing...
[13.08.2021 22:21:50, поток 0] [DEBUG] Change account.
[13.08.2021 22:21:50, поток 0] Parsing cookies...
[13.08.2021 22:21:50, поток 0] Cookie parsing
[13.08.2021 22:21:50, поток 0] Got cookies...
[13.08.2021 22:21:50, поток 0] We start parsing...
[13.08.2021 22:21:51, поток 0] [DEBUG] Change account.
[13.08.2021 22:21:51, поток 0] Parsing cookies...
[13.08.2021 22:21:51, поток 0] Cookie parsing
[13.08.2021 22:21:51, поток 0] Got cookies...
[13.08.2021 22:21:51, поток 0] We start parsing...
[13.08.2021 22:21:51, поток 0] [DEBUG] Change account.
[13.08.2021 22:21:51, поток 0] Parsing cookies...
[13.08.2021 22:21:51, поток 0] Cookie parsing
[13.08.2021 22:21:51, поток 0] Got cookies...
[13.08.2021 22:21:51, поток 0] We start parsing...
[13.08.2021 22:21:52, поток 0] [DEBUG] Change account.
[13.08.2021 22:21:52, поток 0] Parsing cookies...
[13.08.2021 22:21:52, поток 0] Cookie parsing
[13.08.2021 22:21:52, поток 0] Got cookies...
[13.08.2021 22:21:52, поток 0] We start parsing...
[13.08.2021 22:21:52, поток 0] [DEBUG] Change account.
[13.08.2021 22:21:52, поток 0] Parsing cookies...
[13.08.2021 22:21:53, поток 0] Cookie parsing
[13.08.2021 22:21:53, поток 0] Got cookies...
[13.08.2021 22:21:53, поток 0] We start parsing...
[13.08.2021 22:21:53, поток 0] [DEBUG] Change account.
[13.08.2021 22:21:53, поток 0] Parsing cookies...
[13.08.2021 22:21:53, поток 0] Cookie parsing
[13.08.2021 22:21:53, поток 0] Got cookies...
[13.08.2021 22:21:53, поток 0] We start parsing...
[13.08.2021 22:21:53, поток 0] [DEBUG] Change account.
[13.08.2021 22:21:53, поток 0] Parsing cookies...
[13.08.2021 22:21:54, поток 0] Cookie parsing
[13.08.2021 22:21:54, поток 0] Got cookies...
[13.08.2021 22:21:54, поток 0] We start parsing...
[13.08.2021 22:21:54, поток 0] [DEBUG] Change account.
[13.08.2021 22:21:54, поток 0] Parsing cookies...
[13.08.2021 22:21:54, поток 0] Cookie parsing
[13.08.2021 22:21:54, поток 0] Got cookies...
[13.08.2021 22:21:54, поток 0] We start parsing...
[13.08.2021 22:21:55, поток 0] [DEBUG] Change account.
[13.08.2021 22:21:55, поток 0] Parsing cookies...
[13.08.2021 22:21:55, поток 0] Cookie parsing
[13.08.2021 22:21:55, поток 0] Got cookies...
[13.08.2021 22:21:55, поток 0] We start parsing...
[13.08.2021 22:21:56, поток 0] [DEBUG] Change account.
[13.08.2021 22:21:56, поток 0] Parsing cookies...
[13.08.2021 22:21:56, поток 0] Cookie parsing
[13.08.2021 22:21:56, поток 0] Got cookies...
[13.08.2021 22:21:56, поток 0] We start parsing...
[13.08.2021 22:21:56, поток 0] [DEBUG] Change account.
[13.08.2021 22:21:56, поток 0] Parsing cookies...
[13.08.2021 22:21:57, поток 0] Cookie parsing
[13.08.2021 22:21:57, поток 0] Got cookies...
[13.08.2021 22:21:57, поток 0] We start parsing...
[13.08.2021 22:21:57, поток 0] [DEBUG] Change account.
[13.08.2021 22:21:57, поток 0] Parsing cookies...
[13.08.2021 22:21:58, поток 0] Cookie parsing
[13.08.2021 22:21:58, поток 0] Got cookies...
[13.08.2021 22:21:58, поток 0] We start parsing...
[13.08.2021 22:21:58, поток 0] [DEBUG] Change account.
[13.08.2021 22:21:58, поток 0] Parsing cookies...
[13.08.2021 22:21:58, поток 0] Cookie parsing
[13.08.2021 22:21:58, поток 0] Got cookies...
[13.08.2021 22:21:58, поток 0] We start parsing...
[13.08.2021 22:21:58, поток 0] [DEBUG] Change account.
[13.08.2021 22:21:58, поток 0] Parsing cookies...
[13.08.2021 22:21:59, поток 0] Cookie parsing
[13.08.2021 22:21:59, поток 0] Got cookies...
[13.08.2021 22:21:59, поток 0] We start parsing...
[13.08.2021 22:21:59, поток 0] [DEBUG] Change account.
[13.08.2021 22:21:59, поток 0] Parsing cookies...
[13.08.2021 22:21:59, поток 0] Cookie parsing
[13.08.2021 22:21:59, поток 0] Got cookies...
[13.08.2021 22:21:59, поток 0] We start parsing...
[13.08.2021 22:22:00, поток 0] [DEBUG] Change account.
[13.08.2021 22:22:00, поток 0] Parsing cookies...
[13.08.2021 22:22:00, поток 0] Cookie parsing
[13.08.2021 22:22:00, поток 0] Got cookies...
[13.08.2021 22:22:00, поток 0] We start parsing...
[13.08.2021 22:22:00, поток 0] [DEBUG] Change account.
[13.08.2021 22:22:00, поток 0] Parsing cookies...
[13.08.2021 22:22:01, поток 0] Cookie parsing
[13.08.2021 22:22:01, поток 0] Got cookies...
[13.08.2021 22:22:01, поток 0] We start parsing...
[13.08.2021 22:22:01, поток 0] [DEBUG] Change account.
[13.08.2021 22:22:01, поток 0] Parsing cookies...
[13.08.2021 22:22:01, поток 0] Cookie parsing
[13.08.2021 22:22:01, поток 0] Got cookies...
[13.08.2021 22:22:01, поток 0] We start parsing...
[13.08.2021 22:22:02, поток 0] [DEBUG] Change account.
[13.08.2021 22:22:02, поток 0] Parsing cookies...
[13.08.2021 22:22:02, поток 0] Cookie parsing
[13.08.2021 22:22:02, поток 0] Got cookies...
[13.08.2021 22:22:02, поток 0] We start parsing...
[13.08.2021 22:22:02, поток 0] [DEBUG] Change account.
[13.08.2021 22:22:02, поток 0] Parsing cookies...
[13.08.2021 22:22:03, поток 0] Cookie parsing
[13.08.2021 22:22:03, поток 0] Got cookies...
[13.08.2021 22:22:03, поток 0] We start parsing...
[13.08.2021 22:22:03, поток 0] [DEBUG] Change account.
[13.08.2021 22:22:03, поток 0] Parsing cookies...
[13.08.2021 22:22:03, поток 0] Cookie parsing
[13.08.2021 22:22:03, поток 0] Got cookies...
[13.08.2021 22:22:03, поток 0] We start parsing...
[13.08.2021 22:22:04, поток 0] [DEBUG] Change account.
[13.08.2021 22:22:04, поток 0] Parsing cookies...
[13.08.2021 22:22:49, поток 0] Parsing cookies...
[13.08.2021 22:22:49, поток 0] Cookie parsing
[13.08.2021 22:22:49, поток 0] Got cookies...
[13.08.2021 22:22:49, поток 0] We start parsing...
[13.08.2021 22:22:51, поток 0] [DEBUG] Change account.
[13.08.2021 22:22:51, поток 0] Parsing cookies...
[13.08.2021 22:22:52, поток 0] Cookie parsing
[13.08.2021 22:22:52, поток 0] Got cookies...
[13.08.2021 22:22:52, поток 0] We start parsing...
[13.08.2021 22:22:54, поток 0] [DEBUG] Change account.
[13.08.2021 22:22:54, поток 0] Parsing cookies...
[13.08.2021 22:22:54, поток 0] Cookie parsing
[13.08.2021 22:22:54, поток 0] Got cookies...
[13.08.2021 22:22:54, поток 0] We start parsing...
[13.08.2021 22:22:56, поток 0] [DEBUG] Change account.
[13.08.2021 22:22:56, поток 0] Parsing cookies...
[13.08.2021 22:22:56, поток 0] Cookie parsing
[13.08.2021 22:22:56, поток 0] Got cookies...
[13.08.2021 22:22:56, поток 0] We start parsing...
[13.08.2021 22:22:58, поток 0] [DEBUG] Change account.
[13.08.2021 22:22:58, поток 0] Parsing cookies...
[13.08.2021 22:22:58, поток 0] Cookie parsing
[13.08.2021 22:22:58, поток 0] Got cookies...
[13.08.2021 22:22:58, поток 0] We start parsing...
[13.08.2021 22:23:00, поток 0] [DEBUG] Change account.
[13.08.2021 22:23:00, поток 0] Parsing cookies...
[13.08.2021 22:23:01, поток 0] Cookie parsing
[13.08.2021 22:23:01, поток 0] Got cookies...
[13.08.2021 22:23:01, поток 0] We start parsing...
[13.08.2021 22:23:02, поток 0] [DEBUG] Change account.
[13.08.2021 22:23:02, поток 0] Parsing cookies...
[13.08.2021 22:23:03, поток 0] Cookie parsing
[13.08.2021 22:23:03, поток 0] Got cookies...
[13.08.2021 22:23:03, поток 0] We start parsing...
[13.08.2021 22:23:05, поток 0] [DEBUG] Change account.
[13.08.2021 22:23:05, поток 0] Parsing cookies...
[13.08.2021 22:23:05, поток 0] Cookie parsing
[13.08.2021 22:23:05, поток 0] Got cookies...
[13.08.2021 22:23:05, поток 0] We start parsing...
[13.08.2021 22:23:07, поток 0] [DEBUG] Change account.
[13.08.2021 22:23:07, поток 0] Parsing cookies...
[13.08.2021 22:23:07, поток 0] Cookie parsing
[13.08.2021 22:23:07, поток 0] Got cookies...
[13.08.2021 22:23:07, поток 0] We start parsing...
[13.08.2021 22:23:09, поток 0] [DEBUG] Change account.
[13.08.2021 22:23:09, поток 0] Parsing cookies...
[13.08.2021 22:23:09, поток 0] Cookie parsing
[13.08.2021 22:23:09, поток 0] Got cookies...
[13.08.2021 22:23:09, поток 0] We start parsing...
[13.08.2021 22:23:10, поток 0] [DEBUG] Change account.
[13.08.2021 22:23:10, поток 0] Parsing cookies...
[13.08.2021 22:23:10, поток 0] Cookie parsing
[13.08.2021 22:23:10, поток 0] Got cookies...
[13.08.2021 22:23:10, поток 0] We start parsing...
[13.08.2021 22:23:11, поток 0] [DEBUG] Change account.
[13.08.2021 22:23:11, поток 0] Parsing cookies...
[13.08.2021 22:23:11, поток 0] Cookie parsing
[13.08.2021 22:23:11, поток 0] Got cookies...
[13.08.2021 22:23:11, поток 0] We start parsing...
[13.08.2021 22:23:12, поток 0] [DEBUG] Change account.
[13.08.2021 22:23:12, поток 0] Parsing cookies...
[13.08.2021 22:23:12, поток 0] Cookie parsing
[13.08.2021 22:23:12, поток 0] Got cookies...
[13.08.2021 22:23:12, поток 0] We start parsing...
[13.08.2021 22:23:13, поток 0] [DEBUG] Change account.
[13.08.2021 22:23:13, поток 0] Parsing cookies...
[13.08.2021 22:23:13, поток 0] Cookie parsing
[13.08.2021 22:23:13, поток 0] Got cookies...
[13.08.2021 22:23:13, поток 0] We start parsing...
[13.08.2021 22:23:13, поток 0] [DEBUG] Change account.
[13.08.2021 22:23:13, поток 0] Parsing cookies...
[13.08.2021 22:23:14, поток 0] Cookie parsing
[13.08.2021 22:23:14, поток 0] Got cookies...
[13.08.2021 22:23:14, поток 0] We start parsing...
[13.08.2021 22:23:14, поток 0] [DEBUG] Change account.
[13.08.2021 22:23:14, поток 0] Parsing cookies...
[13.08.2021 22:23:14, поток 0] Cookie parsing
[13.08.2021 22:23:14, поток 0] Got cookies...
[13.08.2021 22:23:14, поток 0] We start parsing...
[13.08.2021 22:23:15, поток 0] [DEBUG] Change account.
[13.08.2021 22:23:15, поток 0] Parsing cookies...
[13.08.2021 22:23:15, поток 0] Cookie parsing
[13.08.2021 22:23:15, поток 0] Got cookies...
[13.08.2021 22:23:15, поток 0] We start parsing...
[13.08.2021 22:23:16, поток 0] [DEBUG] Change account.
[13.08.2021 22:23:16, поток 0] Parsing cookies...
[13.08.2021 22:23:16, поток 0] Cookie parsing
[13.08.2021 22:23:16, поток 0] Got cookies...
[13.08.2021 22:23:16, поток 0] We start parsing...
[13.08.2021 22:23:16, поток 0] [DEBUG] Change account.
[13.08.2021 22:23:16, поток 0] Parsing cookies...
[13.08.2021 22:23:17, поток 0] Cookie parsing
[13.08.2021 22:23:17, поток 0] Got cookies...
[13.08.2021 22:23:17, поток 0] We start parsing...
[13.08.2021 22:23:17, поток 0] [DEBUG] Change account.
[13.08.2021 22:23:17, поток 0] Parsing cookies...
[13.08.2021 22:23:17, поток 0] Cookie parsing
[13.08.2021 22:23:17, поток 0] Got cookies...
[13.08.2021 22:23:17, поток 0] We start parsing...
[13.08.2021 22:23:18, поток 0] [DEBUG] Change account.
[13.08.2021 22:23:18, поток 0] Parsing cookies...
[13.08.2021 22:23:18, поток 0] Cookie parsing
[13.08.2021 22:23:18, поток 0] Got cookies...
[13.08.2021 22:23:18, поток 0] We start parsing...
[13.08.2021 22:23:18, поток 0] [DEBUG] Change account.
[13.08.2021 22:23:18, поток 0] Parsing cookies...
[13.08.2021 22:23:19, поток 0] Cookie parsing
[13.08.2021 22:23:19, поток 0] Got cookies...
[13.08.2021 22:23:19, поток 0] We start parsing...
[13.08.2021 22:23:19, поток 0] [DEBUG] Change account.
[13.08.2021 22:23:19, поток 0] Parsing cookies...
[13.08.2021 22:23:19, поток 0] Cookie parsing
[13.08.2021 22:23:19, поток 0] Got cookies...
[13.08.2021 22:23:19, поток 0] We start parsing...
[13.08.2021 22:23:20, поток 0] [DEBUG] Change account.
[13.08.2021 22:23:20, поток 0] Parsing cookies...
[13.08.2021 22:23:20, поток 0] Cookie parsing
[13.08.2021 22:23:20, поток 0] Got cookies...
[13.08.2021 22:23:20, поток 0] We start parsing...
[13.08.2021 22:23:20, поток 0] [DEBUG] Change account.
[13.08.2021 22:23:20, поток 0] Parsing cookies...
[13.08.2021 22:23:21, поток 0] Cookie parsing
[13.08.2021 22:23:21, поток 0] Got cookies...
[13.08.2021 22:23:21, поток 0] We start parsing...
[13.08.2021 22:23:21, поток 0] [DEBUG] Change account.
[13.08.2021 22:23:21, поток 0] Parsing cookies...
[13.08.2021 22:23:22, поток 0] Cookie parsing
[13.08.2021 22:23:22, поток 0] Got cookies...
[13.08.2021 22:23:22, поток 0] We start parsing...
[13.08.2021 22:23:22, поток 0] [DEBUG] Change account.
[13.08.2021 22:23:22, поток 0] Parsing cookies...
[13.08.2021 22:23:23, поток 0] Cookie parsing
[13.08.2021 22:23:23, поток 0] Got cookies...
[13.08.2021 22:23:23, поток 0] We start parsing...
[13.08.2021 22:23:23, поток 0] [DEBUG] Change account.
[13.08.2021 22:23:23, поток 0] Parsing cookies...
[13.08.2021 22:23:23, поток 0] Cookie parsing
[13.08.2021 22:23:23, поток 0] Got cookies...
[13.08.2021 22:23:23, поток 0] We start parsing...
[13.08.2021 22:23:24, поток 0] [DEBUG] Change account.
[13.08.2021 22:23:24, поток 0] Parsing cookies...
[13.08.2021 22:23:24, поток 0] Cookie parsing
[13.08.2021 22:23:24, поток 0] Got cookies...
[13.08.2021 22:23:24, поток 0] We start parsing...
[13.08.2021 22:23:24, поток 0] [DEBUG] Change account.
[13.08.2021 22:23:24, поток 0] Parsing cookies...
[13.08.2021 22:23:25, поток 0] Cookie parsing
[13.08.2021 22:23:25, поток 0] Got cookies...
[13.08.2021 22:23:25, поток 0] We start parsing...
[13.08.2021 22:23:25, поток 0] [DEBUG] Change account.
[13.08.2021 22:23:25, поток 0] Parsing cookies...
[13.08.2021 22:23:25, поток 0] Cookie parsing
[13.08.2021 22:23:25, поток 0] Got cookies...
[13.08.2021 22:23:25, поток 0] We start parsing...
[13.08.2021 22:23:26, поток 0] [DEBUG] Change account.
[13.08.2021 22:23:26, поток 0] Parsing cookies...
[13.08.2021 22:23:26, поток 0] Cookie parsing
[13.08.2021 22:23:26, поток 0] Got cookies...
[13.08.2021 22:23:26, поток 0] We start parsing...
