[13.07.2020 19:28:34, поток 0] Определили регион прокси - ru-UA
[13.07.2020 19:28:39, поток 0] Спарсили куки
[13.07.2020 19:28:39, поток 0] Начинаем регистрацию...
[13.07.2020 19:28:41, поток 0] Instagram отправил письмо на на почту - cfc2000@wanadoo.fr
[13.07.2020 19:29:23, поток 0] Что-то не так с IMAP - cfc2000@wanadoo.fr:defender
[13.07.2020 19:30:04, поток 0] Что-то не так с IMAP - cfc2000@wanadoo.fr:defender
[13.07.2020 19:30:45, поток 0] Что-то не так с IMAP - cfc2000@wanadoo.fr:defender
[13.07.2020 19:36:44, поток 0] Определили регион прокси - ru-UA
[13.07.2020 19:36:55, поток 14] Спарсили куки
[13.07.2020 19:36:55, поток 14] Начинаем регистрацию...
[13.07.2020 19:42:23, поток 0] Определили регион прокси - ru-UA
[13.07.2020 19:42:26, поток 13] Спарсили куки
[13.07.2020 19:42:26, поток 13] Начинаем регистрацию...
[13.07.2020 19:42:28, поток 13] Instagram отправил письмо на на почту - emmanuel.rocklin@wanadoo.fr
[13.07.2020 19:42:40, поток 0] Определили регион прокси - ru-UA
[13.07.2020 19:42:42, поток 12] Спарсили куки
[13.07.2020 19:42:42, поток 12] Начинаем регистрацию...
[13.07.2020 19:42:43, поток 12] Instagram отправил письмо на на почту - lucie.wissenberg@orange.fr
[13.07.2020 19:43:09, поток 13] Что-то не так с IMAP - emmanuel.rocklin@wanadoo.fr:manroots12
[13.07.2020 19:43:24, поток 12] Что-то не так с IMAP - lucie.wissenberg@orange.fr:Reglisse52
[13.07.2020 19:43:50, поток 13] Что-то не так с IMAP - emmanuel.rocklin@wanadoo.fr:manroots12
[13.07.2020 19:44:05, поток 12] Что-то не так с IMAP - lucie.wissenberg@orange.fr:Reglisse52
[13.07.2020 19:44:31, поток 13] Что-то не так с IMAP - emmanuel.rocklin@wanadoo.fr:manroots12
[13.07.2020 19:44:47, поток 12] Что-то не так с IMAP - lucie.wissenberg@orange.fr:Reglisse52
[13.07.2020 19:48:14, поток 0] Определили регион прокси - ru-UA
[13.07.2020 19:48:17, поток 11] Спарсили куки
[13.07.2020 19:48:17, поток 11] Начинаем регистрацию...
[13.07.2020 19:48:19, поток 11] Instagram отправил письмо на на почту - gauthier.guegand@orange.fr
[13.07.2020 19:49:00, поток 11] Что-то не так с IMAP - gauthier.guegand@orange.fr:Louxor13!
[13.07.2020 19:49:41, поток 11] Что-то не так с IMAP - gauthier.guegand@orange.fr:Louxor13!
[13.07.2020 19:50:22, поток 11] Что-то не так с IMAP - gauthier.guegand@orange.fr:Louxor13!
[13.07.2020 19:51:02, поток 0] Определили регион прокси - ru-UA
[13.07.2020 19:51:04, поток 10] Спарсили куки
[13.07.2020 19:51:04, поток 10] Начинаем регистрацию...
[13.07.2020 19:51:05, поток 10] Instagram отправил письмо на на почту - herve_hesnard@wanadoo.fr
[13.07.2020 19:51:46, поток 0] Определили регион прокси - ru-UA
[13.07.2020 19:51:46, поток 10] Что-то не так с IMAP - herve_hesnard@wanadoo.fr:Arthur04
[13.07.2020 19:51:48, поток 9] Спарсили куки
[13.07.2020 19:51:48, поток 9] Начинаем регистрацию...
[13.07.2020 19:51:50, поток 9] Instagram отправил письмо на на почту - david.marmouget@orange.fr
[13.07.2020 19:52:27, поток 10] Что-то не так с IMAP - herve_hesnard@wanadoo.fr:Arthur04
[13.07.2020 19:52:31, поток 9] Что-то не так с IMAP - david.marmouget@orange.fr:chantal3
[13.07.2020 19:53:08, поток 10] Что-то не так с IMAP - herve_hesnard@wanadoo.fr:Arthur04
[13.07.2020 19:53:12, поток 9] Что-то не так с IMAP - david.marmouget@orange.fr:chantal3
[13.07.2020 19:53:53, поток 9] Что-то не так с IMAP - david.marmouget@orange.fr:chantal3
[13.07.2020 19:56:07, поток 0] Определили регион прокси - ru-UA
[13.07.2020 19:56:13, поток 8] Спарсили куки
[13.07.2020 19:56:13, поток 8] Начинаем регистрацию...
[13.07.2020 19:56:15, поток 8] Instagram отправил письмо на на почту - hanneton.yanie@orange.fr
[13.07.2020 19:56:57, поток 8] Что-то не так с IMAP - hanneton.yanie@orange.fr:yannie123
[13.07.2020 19:57:16, поток 0] Определили регион прокси - ru-UA
[13.07.2020 19:57:19, поток 7] Спарсили куки
[13.07.2020 19:57:19, поток 7] Начинаем регистрацию...
[13.07.2020 19:57:21, поток 7] Instagram отправил письмо на на почту - cassagne.mae@orange.fr
[13.07.2020 19:57:38, поток 8] Что-то не так с IMAP - hanneton.yanie@orange.fr:yannie123
[13.07.2020 19:58:02, поток 7] Что-то не так с IMAP - cassagne.mae@orange.fr:cassagne
[13.07.2020 19:58:19, поток 8] Что-то не так с IMAP - hanneton.yanie@orange.fr:yannie123
[13.07.2020 19:58:43, поток 7] Что-то не так с IMAP - cassagne.mae@orange.fr:cassagne
[13.07.2020 19:59:24, поток 7] Что-то не так с IMAP - cassagne.mae@orange.fr:cassagne
[13.07.2020 20:01:43, поток 0] Определили регион прокси - ru-UA
[13.07.2020 20:01:46, поток 6] Спарсили куки
[13.07.2020 20:01:46, поток 6] Начинаем регистрацию...
[13.07.2020 20:01:48, поток 6] Instagram отправил письмо на на почту - zebulon9000@wanadoo.fr
[13.07.2020 20:02:29, поток 6] Что-то не так с IMAP - zebulon9000@wanadoo.fr:chouille90
[13.07.2020 20:03:10, поток 6] Что-то не так с IMAP - zebulon9000@wanadoo.fr:chouille90
[13.07.2020 20:03:51, поток 6] Что-то не так с IMAP - zebulon9000@wanadoo.fr:chouille90
[13.07.2020 20:04:13, поток 0] Определили регион прокси - ru-UA
[13.07.2020 20:04:17, поток 5] Спарсили куки
[13.07.2020 20:04:17, поток 5] Начинаем регистрацию...
[13.07.2020 20:04:18, поток 5] Instagram отправил письмо на на почту - yvette.riegert@orange.fr
[13.07.2020 20:04:59, поток 5] Что-то не так с IMAP - yvette.riegert@orange.fr:hombourg
[13.07.2020 20:05:40, поток 5] Что-то не так с IMAP - yvette.riegert@orange.fr:hombourg
[13.07.2020 20:06:21, поток 5] Что-то не так с IMAP - yvette.riegert@orange.fr:hombourg
[13.07.2020 20:07:04, поток 0] Определили регион прокси - ru-UA
[13.07.2020 20:08:58, поток 0] Определили регион прокси - ru-UA
[13.07.2020 20:09:08, поток 3] Спарсили куки
[13.07.2020 20:09:08, поток 3] Начинаем регистрацию...
[13.07.2020 20:09:13, поток 3] Instagram отправил письмо на на почту - michele.bartkowski@orange.fr
[13.07.2020 20:09:54, поток 3] Что-то не так с IMAP - michele.bartkowski@orange.fr:creche59
[13.07.2020 20:10:35, поток 3] Что-то не так с IMAP - michele.bartkowski@orange.fr:creche59
[13.07.2020 20:11:16, поток 3] Что-то не так с IMAP - michele.bartkowski@orange.fr:creche59
