[06.07.2020 17:47:10, поток 0] Взяты прокси - 45.89.19.71:17758:vAlEdV:J8qyTmMYqZ
[06.07.2020 17:47:10, поток 0] Взят UserAgent - Mozilla/5.0 (Windows NT 10.0; WOW64) AppleWebKit/537.36 (KHTML, like Gecko) Chrome/77.0.3865.120 YaBrowser/19.10.1.238 Yowser/2.5 Safari/537.36
[06.07.2020 17:47:10, поток 0] Парсим куки...
[06.07.2020 17:47:33, поток 0] (Ошибка) Текст ошибки: xNet.HttpException: Не удалось соединиться с HTTP-сервером 'www.instagram.com'. ---> xNet.ProxyException: Вышло время ожидания подключения к прокси-серверу '45.89.19.71:17758'.
   в xNet.ProxyClient.CreateConnectionToProxy()
   в xNet.HttpProxyClient.CreateConnection(String destinationHost, Int32 destinationPort, TcpClient tcpClient)
   в xNet.HttpRequest.CreateTcpConnection(String host, Int32 port)
   --- Конец трассировки внутреннего стека исключений ---
   в xNet.HttpRequest.CreateTcpConnection(String host, Int32 port)
   в xNet.HttpRequest.CreateConnection(Uri address)
   в xNet.HttpRequest.TryCreateConnectionOrUseExisting(Uri address, Uri previousAddress)
   в xNet.HttpRequest.Request(HttpMethod method, Uri address, HttpContent content)
   в xNet.HttpRequest.Raw(HttpMethod method, Uri address, HttpContent content)
   в xNet.HttpRequest.Raw(HttpMethod method, String address, HttpContent content)
   в InstaDirectMessage_ButDev.InstagramAccountRecover.GetCookie() в D:\MaXiMAA\MaXiMAAOld\C#Готово\KWORK\InstaDirectMessage_ButDev\InstaDirectMessage_ButDev\InstagramAccountRecover.cs:строка 229
[06.07.2020 17:47:33, поток 0] [DEBUG] Сменили прокси.
[06.07.2020 17:47:33, поток 0] Взяты прокси - 45.89.19.83:3580:vAlEdV:J8qyTmMYqZ
[06.07.2020 17:47:33, поток 0] Парсим куки...
[06.07.2020 17:48:27, поток 0] (Ошибка) Текст ошибки: xNet.HttpException: Не удалось соединиться с HTTP-сервером 'www.instagram.com'. ---> xNet.ProxyException: Вышло время ожидания подключения к прокси-серверу '45.89.19.83:3580'.
   в xNet.ProxyClient.CreateConnectionToProxy()
   в xNet.HttpProxyClient.CreateConnection(String destinationHost, Int32 destinationPort, TcpClient tcpClient)
   в xNet.HttpRequest.CreateTcpConnection(String host, Int32 port)
   --- Конец трассировки внутреннего стека исключений ---
   в xNet.HttpRequest.CreateTcpConnection(String host, Int32 port)
   в xNet.HttpRequest.CreateConnection(Uri address)
   в xNet.HttpRequest.TryCreateConnectionOrUseExisting(Uri address, Uri previousAddress)
   в xNet.HttpRequest.Request(HttpMethod method, Uri address, HttpContent content)
   в xNet.HttpRequest.Raw(HttpMethod method, Uri address, HttpContent content)
   в xNet.HttpRequest.Raw(HttpMethod method, String address, HttpContent content)
   в InstaDirectMessage_ButDev.InstagramAccountRecover.GetCookie() в D:\MaXiMAA\MaXiMAAOld\C#Готово\KWORK\InstaDirectMessage_ButDev\InstaDirectMessage_ButDev\InstagramAccountRecover.cs:строка 229
[06.07.2020 17:48:27, поток 0] [DEBUG] Сменили прокси.
[06.07.2020 17:48:27, поток 0] Взяты прокси - 45.89.19.46:15974:vAlEdV:J8qyTmMYqZ
[06.07.2020 17:48:27, поток 0] Парсим куки...
[06.07.2020 17:48:58, поток 0] (Ошибка) Текст ошибки: xNet.HttpException: Не удалось соединиться с HTTP-сервером 'www.instagram.com'. ---> xNet.ProxyException: Вышло время ожидания подключения к прокси-серверу '45.89.19.46:15974'.
   в xNet.ProxyClient.CreateConnectionToProxy()
   в xNet.HttpProxyClient.CreateConnection(String destinationHost, Int32 destinationPort, TcpClient tcpClient)
   в xNet.HttpRequest.CreateTcpConnection(String host, Int32 port)
   --- Конец трассировки внутреннего стека исключений ---
   в xNet.HttpRequest.CreateTcpConnection(String host, Int32 port)
   в xNet.HttpRequest.CreateConnection(Uri address)
   в xNet.HttpRequest.TryCreateConnectionOrUseExisting(Uri address, Uri previousAddress)
   в xNet.HttpRequest.Request(HttpMethod method, Uri address, HttpContent content)
   в xNet.HttpRequest.Raw(HttpMethod method, Uri address, HttpContent content)
   в xNet.HttpRequest.Raw(HttpMethod method, String address, HttpContent content)
   в InstaDirectMessage_ButDev.InstagramAccountRecover.GetCookie() в D:\MaXiMAA\MaXiMAAOld\C#Готово\KWORK\InstaDirectMessage_ButDev\InstaDirectMessage_ButDev\InstagramAccountRecover.cs:строка 229
[06.07.2020 17:48:58, поток 0] [DEBUG] Сменили прокси.
[06.07.2020 17:48:58, поток 0] Взяты прокси - 45.89.19.84:4116:vAlEdV:J8qyTmMYqZ
[06.07.2020 17:48:58, поток 0] Не удалось восстановить аккаунт!
[06.07.2020 17:49:08, поток 0] Взяты прокси - 45.89.19.71:17758:vAlEdV:J8qyTmMYqZ
[06.07.2020 17:49:08, поток 0] Взят UserAgent - Mozilla/5.0 (Windows NT 10.0; Trident/7.0; rv:11.0) like Gecko
[06.07.2020 17:49:08, поток 0] Парсим куки...
[06.07.2020 17:49:08, поток 0] (Ошибка) Текст ошибки: xNet.HttpException: Не удалось соединиться с HTTP-сервером 'www.instagram.com'. ---> xNet.ProxyException: Получен неверный код статуса 'ProxyAuthenticationRequired' от прокси-сервера '45.89.19.71:17758'.
   в xNet.HttpProxyClient.CreateConnection(String destinationHost, Int32 destinationPort, TcpClient tcpClient)
   в xNet.HttpRequest.CreateTcpConnection(String host, Int32 port)
   --- Конец трассировки внутреннего стека исключений ---
   в xNet.HttpRequest.CreateTcpConnection(String host, Int32 port)
   в xNet.HttpRequest.CreateConnection(Uri address)
   в xNet.HttpRequest.TryCreateConnectionOrUseExisting(Uri address, Uri previousAddress)
   в xNet.HttpRequest.Request(HttpMethod method, Uri address, HttpContent content)
   в xNet.HttpRequest.Raw(HttpMethod method, Uri address, HttpContent content)
   в xNet.HttpRequest.Raw(HttpMethod method, String address, HttpContent content)
   в InstaDirectMessage_ButDev.InstagramAccountRecover.GetCookie() в D:\MaXiMAA\MaXiMAAOld\C#Готово\KWORK\InstaDirectMessage_ButDev\InstaDirectMessage_ButDev\InstagramAccountRecover.cs:строка 229
[06.07.2020 17:49:08, поток 0] [DEBUG] Сменили прокси.
[06.07.2020 17:49:08, поток 0] Взяты прокси - 45.89.19.83:3580:vAlEdV:J8qyTmMYqZ
[06.07.2020 17:49:08, поток 0] Парсим куки...
[06.07.2020 17:49:09, поток 0] (Ошибка) Текст ошибки: xNet.HttpException: Не удалось соединиться с HTTP-сервером 'www.instagram.com'. ---> xNet.ProxyException: Получен неверный код статуса 'ProxyAuthenticationRequired' от прокси-сервера '45.89.19.83:3580'.
   в xNet.HttpProxyClient.CreateConnection(String destinationHost, Int32 destinationPort, TcpClient tcpClient)
   в xNet.HttpRequest.CreateTcpConnection(String host, Int32 port)
   --- Конец трассировки внутреннего стека исключений ---
   в xNet.HttpRequest.CreateTcpConnection(String host, Int32 port)
   в xNet.HttpRequest.CreateConnection(Uri address)
   в xNet.HttpRequest.TryCreateConnectionOrUseExisting(Uri address, Uri previousAddress)
   в xNet.HttpRequest.Request(HttpMethod method, Uri address, HttpContent content)
   в xNet.HttpRequest.Raw(HttpMethod method, Uri address, HttpContent content)
   в xNet.HttpRequest.Raw(HttpMethod method, String address, HttpContent content)
   в InstaDirectMessage_ButDev.InstagramAccountRecover.GetCookie() в D:\MaXiMAA\MaXiMAAOld\C#Готово\KWORK\InstaDirectMessage_ButDev\InstaDirectMessage_ButDev\InstagramAccountRecover.cs:строка 229
[06.07.2020 17:49:09, поток 0] [DEBUG] Сменили прокси.
[06.07.2020 17:49:09, поток 0] Взяты прокси - 45.89.19.46:15974:vAlEdV:J8qyTmMYqZ
[06.07.2020 17:49:09, поток 0] Парсим куки...
[06.07.2020 17:49:09, поток 0] (Ошибка) Текст ошибки: xNet.HttpException: Не удалось соединиться с HTTP-сервером 'www.instagram.com'. ---> xNet.ProxyException: Получен неверный код статуса 'ProxyAuthenticationRequired' от прокси-сервера '45.89.19.46:15974'.
   в xNet.HttpProxyClient.CreateConnection(String destinationHost, Int32 destinationPort, TcpClient tcpClient)
   в xNet.HttpRequest.CreateTcpConnection(String host, Int32 port)
   --- Конец трассировки внутреннего стека исключений ---
   в xNet.HttpRequest.CreateTcpConnection(String host, Int32 port)
   в xNet.HttpRequest.CreateConnection(Uri address)
   в xNet.HttpRequest.TryCreateConnectionOrUseExisting(Uri address, Uri previousAddress)
   в xNet.HttpRequest.Request(HttpMethod method, Uri address, HttpContent content)
   в xNet.HttpRequest.Raw(HttpMethod method, Uri address, HttpContent content)
   в xNet.HttpRequest.Raw(HttpMethod method, String address, HttpContent content)
   в InstaDirectMessage_ButDev.InstagramAccountRecover.GetCookie() в D:\MaXiMAA\MaXiMAAOld\C#Готово\KWORK\InstaDirectMessage_ButDev\InstaDirectMessage_ButDev\InstagramAccountRecover.cs:строка 229
[06.07.2020 17:49:09, поток 0] [DEBUG] Сменили прокси.
[06.07.2020 17:49:09, поток 0] Взяты прокси - 45.89.19.84:4116:vAlEdV:J8qyTmMYqZ
[06.07.2020 17:49:09, поток 0] Не удалось восстановить аккаунт!
[06.07.2020 17:49:19, поток 0] Взяты прокси - 45.89.19.71:17758:vAlEdV:J8qyTmMYqZ
[06.07.2020 17:49:19, поток 0] Взят UserAgent - Mozilla/5.0 (Windows NT 10.0) AppleWebKit/537.36 (KHTML, like Gecko) Chrome/77.0.3865.92 YaBrowser/19.10.0.1522 Yowser/2.5 Safari/537.36
[06.07.2020 17:49:19, поток 0] Парсим куки...
[06.07.2020 17:49:19, поток 0] (Ошибка) Текст ошибки: xNet.HttpException: Не удалось соединиться с HTTP-сервером 'www.instagram.com'. ---> xNet.ProxyException: Получен неверный код статуса 'ProxyAuthenticationRequired' от прокси-сервера '45.89.19.71:17758'.
   в xNet.HttpProxyClient.CreateConnection(String destinationHost, Int32 destinationPort, TcpClient tcpClient)
   в xNet.HttpRequest.CreateTcpConnection(String host, Int32 port)
   --- Конец трассировки внутреннего стека исключений ---
   в xNet.HttpRequest.CreateTcpConnection(String host, Int32 port)
   в xNet.HttpRequest.CreateConnection(Uri address)
   в xNet.HttpRequest.TryCreateConnectionOrUseExisting(Uri address, Uri previousAddress)
   в xNet.HttpRequest.Request(HttpMethod method, Uri address, HttpContent content)
   в xNet.HttpRequest.Raw(HttpMethod method, Uri address, HttpContent content)
   в xNet.HttpRequest.Raw(HttpMethod method, String address, HttpContent content)
   в InstaDirectMessage_ButDev.InstagramAccountRecover.GetCookie() в D:\MaXiMAA\MaXiMAAOld\C#Готово\KWORK\InstaDirectMessage_ButDev\InstaDirectMessage_ButDev\InstagramAccountRecover.cs:строка 229
[06.07.2020 17:49:19, поток 0] [DEBUG] Сменили прокси.
[06.07.2020 17:49:19, поток 0] Взяты прокси - 45.89.19.83:3580:vAlEdV:J8qyTmMYqZ
[06.07.2020 17:49:19, поток 0] Парсим куки...
[06.07.2020 17:49:19, поток 0] (Ошибка) Текст ошибки: xNet.HttpException: Не удалось соединиться с HTTP-сервером 'www.instagram.com'. ---> xNet.ProxyException: Получен неверный код статуса 'ProxyAuthenticationRequired' от прокси-сервера '45.89.19.83:3580'.
   в xNet.HttpProxyClient.CreateConnection(String destinationHost, Int32 destinationPort, TcpClient tcpClient)
   в xNet.HttpRequest.CreateTcpConnection(String host, Int32 port)
   --- Конец трассировки внутреннего стека исключений ---
   в xNet.HttpRequest.CreateTcpConnection(String host, Int32 port)
   в xNet.HttpRequest.CreateConnection(Uri address)
   в xNet.HttpRequest.TryCreateConnectionOrUseExisting(Uri address, Uri previousAddress)
   в xNet.HttpRequest.Request(HttpMethod method, Uri address, HttpContent content)
   в xNet.HttpRequest.Raw(HttpMethod method, Uri address, HttpContent content)
   в xNet.HttpRequest.Raw(HttpMethod method, String address, HttpContent content)
   в InstaDirectMessage_ButDev.InstagramAccountRecover.GetCookie() в D:\MaXiMAA\MaXiMAAOld\C#Готово\KWORK\InstaDirectMessage_ButDev\InstaDirectMessage_ButDev\InstagramAccountRecover.cs:строка 229
[06.07.2020 17:49:19, поток 0] [DEBUG] Сменили прокси.
[06.07.2020 17:49:19, поток 0] Взяты прокси - 45.89.19.46:15974:vAlEdV:J8qyTmMYqZ
[06.07.2020 17:49:19, поток 0] Парсим куки...
[06.07.2020 17:49:19, поток 0] (Ошибка) Текст ошибки: xNet.HttpException: Не удалось соединиться с HTTP-сервером 'www.instagram.com'. ---> xNet.ProxyException: Получен неверный код статуса 'ProxyAuthenticationRequired' от прокси-сервера '45.89.19.46:15974'.
   в xNet.HttpProxyClient.CreateConnection(String destinationHost, Int32 destinationPort, TcpClient tcpClient)
   в xNet.HttpRequest.CreateTcpConnection(String host, Int32 port)
   --- Конец трассировки внутреннего стека исключений ---
   в xNet.HttpRequest.CreateTcpConnection(String host, Int32 port)
   в xNet.HttpRequest.CreateConnection(Uri address)
   в xNet.HttpRequest.TryCreateConnectionOrUseExisting(Uri address, Uri previousAddress)
   в xNet.HttpRequest.Request(HttpMethod method, Uri address, HttpContent content)
   в xNet.HttpRequest.Raw(HttpMethod method, Uri address, HttpContent content)
   в xNet.HttpRequest.Raw(HttpMethod method, String address, HttpContent content)
   в InstaDirectMessage_ButDev.InstagramAccountRecover.GetCookie() в D:\MaXiMAA\MaXiMAAOld\C#Готово\KWORK\InstaDirectMessage_ButDev\InstaDirectMessage_ButDev\InstagramAccountRecover.cs:строка 229
[06.07.2020 17:49:19, поток 0] [DEBUG] Сменили прокси.
[06.07.2020 17:49:19, поток 0] Взяты прокси - 45.89.19.84:4116:vAlEdV:J8qyTmMYqZ
[06.07.2020 17:49:19, поток 0] Не удалось восстановить аккаунт!
[06.07.2020 18:47:05, поток 0] Взяты прокси - 185.86.151.217:8167:l3ntvv:NGJKov
[06.07.2020 18:47:05, поток 0] Взят UserAgent - Mozilla/5.0 (Windows NT 6.1; WOW64) AppleWebKit/537.36 (KHTML, like Gecko) Chrome/75.0.3770.143 YaBrowser/19.7.2.516 Yowser/2.5 Safari/537.36
[06.07.2020 18:47:05, поток 0] Парсим куки...
[06.07.2020 18:47:30, поток 0] (Ошибка) Текст ошибки: xNet.HttpException: Не удалось соединиться с HTTP-сервером 'www.instagram.com'. ---> xNet.ProxyException: Вышло время ожидания подключения к прокси-серверу '185.86.151.217:8167'.
   в xNet.ProxyClient.CreateConnectionToProxy()
   в xNet.HttpProxyClient.CreateConnection(String destinationHost, Int32 destinationPort, TcpClient tcpClient)
   в xNet.HttpRequest.CreateTcpConnection(String host, Int32 port)
   --- Конец трассировки внутреннего стека исключений ---
   в xNet.HttpRequest.CreateTcpConnection(String host, Int32 port)
   в xNet.HttpRequest.CreateConnection(Uri address)
   в xNet.HttpRequest.TryCreateConnectionOrUseExisting(Uri address, Uri previousAddress)
   в xNet.HttpRequest.Request(HttpMethod method, Uri address, HttpContent content)
   в xNet.HttpRequest.Raw(HttpMethod method, Uri address, HttpContent content)
   в xNet.HttpRequest.Raw(HttpMethod method, String address, HttpContent content)
   в InstaDirectMessage_ButDev.InstagramAccountRecover.GetCookie() в D:\MaXiMAA\MaXiMAAOld\C#Готово\KWORK\InstaDirectMessage_ButDev\InstaDirectMessage_ButDev\InstagramAccountRecover.cs:строка 229
[06.07.2020 18:47:30, поток 0] [DEBUG] Сменили прокси.
[06.07.2020 18:47:30, поток 0] Взяты прокси - 185.86.151.217:8113:l3ntvv:NGJKov
[06.07.2020 18:47:30, поток 0] Парсим куки...
[06.07.2020 18:48:00, поток 0] (Ошибка) Текст ошибки: xNet.HttpException: Не удалось соединиться с HTTP-сервером 'www.instagram.com'. ---> xNet.ProxyException: Вышло время ожидания подключения к прокси-серверу '185.86.151.217:8113'.
   в xNet.ProxyClient.CreateConnectionToProxy()
   в xNet.HttpProxyClient.CreateConnection(String destinationHost, Int32 destinationPort, TcpClient tcpClient)
   в xNet.HttpRequest.CreateTcpConnection(String host, Int32 port)
   --- Конец трассировки внутреннего стека исключений ---
   в xNet.HttpRequest.CreateTcpConnection(String host, Int32 port)
   в xNet.HttpRequest.CreateConnection(Uri address)
   в xNet.HttpRequest.TryCreateConnectionOrUseExisting(Uri address, Uri previousAddress)
   в xNet.HttpRequest.Request(HttpMethod method, Uri address, HttpContent content)
   в xNet.HttpRequest.Raw(HttpMethod method, Uri address, HttpContent content)
   в xNet.HttpRequest.Raw(HttpMethod method, String address, HttpContent content)
   в InstaDirectMessage_ButDev.InstagramAccountRecover.GetCookie() в D:\MaXiMAA\MaXiMAAOld\C#Готово\KWORK\InstaDirectMessage_ButDev\InstaDirectMessage_ButDev\InstagramAccountRecover.cs:строка 229
[06.07.2020 18:48:00, поток 0] [DEBUG] Сменили прокси.
[06.07.2020 18:48:00, поток 0] Взяты прокси - 185.86.151.217:8112:l3ntvv:NGJKov
[06.07.2020 18:48:00, поток 0] Парсим куки...
[06.07.2020 18:48:26, поток 0] (Ошибка) Текст ошибки: xNet.HttpException: Не удалось соединиться с HTTP-сервером 'www.instagram.com'. ---> xNet.ProxyException: Вышло время ожидания подключения к прокси-серверу '185.86.151.217:8112'.
   в xNet.ProxyClient.CreateConnectionToProxy()
   в xNet.HttpProxyClient.CreateConnection(String destinationHost, Int32 destinationPort, TcpClient tcpClient)
   в xNet.HttpRequest.CreateTcpConnection(String host, Int32 port)
   --- Конец трассировки внутреннего стека исключений ---
   в xNet.HttpRequest.CreateTcpConnection(String host, Int32 port)
   в xNet.HttpRequest.CreateConnection(Uri address)
   в xNet.HttpRequest.TryCreateConnectionOrUseExisting(Uri address, Uri previousAddress)
   в xNet.HttpRequest.Request(HttpMethod method, Uri address, HttpContent content)
   в xNet.HttpRequest.Raw(HttpMethod method, Uri address, HttpContent content)
   в xNet.HttpRequest.Raw(HttpMethod method, String address, HttpContent content)
   в InstaDirectMessage_ButDev.InstagramAccountRecover.GetCookie() в D:\MaXiMAA\MaXiMAAOld\C#Готово\KWORK\InstaDirectMessage_ButDev\InstaDirectMessage_ButDev\InstagramAccountRecover.cs:строка 229
[06.07.2020 18:48:26, поток 0] [DEBUG] Сменили прокси.
[06.07.2020 18:48:26, поток 0] Взяты прокси - 185.86.151.217:8110:l3ntvv:NGJKov
[06.07.2020 18:48:26, поток 0] Не удалось восстановить аккаунт!
[06.07.2020 18:48:31, поток 0] Взяты прокси - 185.86.151.217:8167:l3ntvv:NGJKov
[06.07.2020 18:48:31, поток 0] Взят UserAgent - Mozilla/5.0 (Windows NT 10.0; WOW64) AppleWebKit/537.36 (KHTML, like Gecko) Chrome/67.0.3381.1 Safari/537.36
[06.07.2020 18:48:31, поток 0] Парсим куки...
[06.07.2020 18:48:35, поток 0] Спарсили куки
[06.07.2020 18:48:35, поток 0] Получили куки...
[06.07.2020 18:48:35, поток 0] Начинаем работу... Willie_Bernath770:W4B28rQIfO6mptodK89F
[06.07.2020 18:48:56, поток 0] (Ошибка) Текст ошибки: xNet.HttpException: Не удалось соединиться с HTTP-сервером 'www.instagram.com'. ---> xNet.ProxyException: Не удалось соединиться с прокси-сервером '185.86.151.217:8167'. ---> System.Net.Sockets.SocketException: Попытка установить соединение была безуспешной, т.к. от другого компьютера за требуемое время не получен нужный отклик, или было разорвано уже установленное соединение из-за неверного отклика уже подключенного компьютера 185.86.151.217:8167
   в System.Net.Sockets.Socket.InternalEndConnect(IAsyncResult asyncResult)
   в System.Net.Sockets.Socket.EndConnect(IAsyncResult asyncResult)
   в System.Net.Sockets.TcpClient.EndConnect(IAsyncResult asyncResult)
   в xNet.ProxyClient.<>c__DisplayClass38_0.<CreateConnectionToProxy>b__0(IAsyncResult ar)
   --- Конец трассировки внутреннего стека исключений ---
   в xNet.ProxyClient.CreateConnectionToProxy()
   в xNet.HttpProxyClient.CreateConnection(String destinationHost, Int32 destinationPort, TcpClient tcpClient)
   в xNet.HttpRequest.CreateTcpConnection(String host, Int32 port)
   --- Конец трассировки внутреннего стека исключений ---
   в xNet.HttpRequest.CreateTcpConnection(String host, Int32 port)
   в xNet.HttpRequest.CreateConnection(Uri address)
   в xNet.HttpRequest.TryCreateConnectionOrUseExisting(Uri address, Uri previousAddress)
   в xNet.HttpRequest.Request(HttpMethod method, Uri address, HttpContent content)
   в xNet.HttpRequest.Raw(HttpMethod method, Uri address, HttpContent content)
   в xNet.HttpRequest.Raw(HttpMethod method, String address, HttpContent content)
   в xNet.HttpRequest.Post(String address, RequestParams reqParams, Boolean dontEscape)
   в InstaDirectMessage_ButDev.InstagramAccountRecover.DoLogin(String cookie) в D:\MaXiMAA\MaXiMAAOld\C#Готово\KWORK\InstaDirectMessage_ButDev\InstaDirectMessage_ButDev\InstagramAccountRecover.cs:строка 298
[06.07.2020 18:48:56, поток 0] (Ошибка) Текст ошибки: System.ArgumentException: Значение параметра не может быть строкой нулевой длины.
Имя параметра: address
   в xNet.HttpRequest.Raw(HttpMethod method, String address, HttpContent content)
   в InstaDirectMessage_ButDev.InstagramAccountRecover.GetChallengeHTML(String cookie) в D:\MaXiMAA\MaXiMAAOld\C#Готово\KWORK\InstaDirectMessage_ButDev\InstaDirectMessage_ButDev\InstagramAccountRecover.cs:строка 365
[06.07.2020 18:48:56, поток 0] Что-то пошло не так, пытаемся восстановить аккаунт ещё раз.
[06.07.2020 18:48:56, поток 0] Парсим куки...
[06.07.2020 18:49:00, поток 0] Спарсили куки
[06.07.2020 18:49:00, поток 0] Получили куки...
[06.07.2020 18:49:00, поток 0] Начинаем работу... Willie_Bernath770:W4B28rQIfO6mptodK89F
[06.07.2020 18:49:10, поток 0] Отправили капчу на решение
[06.07.2020 18:50:12, поток 0] Взяты прокси - 185.86.151.217:8167:l3ntvv:NGJKov
[06.07.2020 18:50:12, поток 0] Взят UserAgent - mozilla/5.0 (linux; Android 6.0.1; SAMSUNG SM-G920W8 Build/MMB29K) AppleWebKit/537.36 (KHTML, like Gecko) SamsungBrowser/6.4 Chrome/56.0.2924.87 Mobile Safari/537.36
[06.07.2020 18:50:12, поток 0] Парсим куки...
[06.07.2020 18:50:13, поток 0] Спарсили куки
[06.07.2020 18:50:13, поток 0] Получили куки...
[06.07.2020 18:50:13, поток 0] Начинаем работу... Leigha_Schlepp579:b1bPu1YFTKa9hoVW9z9B
[06.07.2020 18:50:18, поток 0] Отправили капчу на решение
[06.07.2020 18:50:38, поток 0] Получили решение капчи
[06.07.2020 18:50:40, поток 0] Взяли в сервисе номер - 79912522877, id: 283239762
[06.07.2020 18:50:44, поток 0] Ждём смс на номер 79912522877
[06.07.2020 18:51:04, поток 0] Получили код 950214 на номер 79912522877, id: 283239762
[06.07.2020 18:51:05, поток 0] Ожидаем ещё смс на этот номер.
[06.07.2020 18:51:12, поток 0] Наткнулись на 24-х часовую проверку!
[06.07.2020 18:51:17, поток 0] Взяты прокси - 185.86.151.217:8167:l3ntvv:NGJKov
[06.07.2020 18:51:17, поток 0] Взят UserAgent - Mozilla/5.0 (Windows NT 6.1) AppleWebKit/537.36 (KHTML, like Gecko) Chrome/55.0.2883.75 Safari/537.36
[06.07.2020 18:51:17, поток 0] Парсим куки...
[06.07.2020 18:51:21, поток 0] Спарсили куки
[06.07.2020 18:51:21, поток 0] Получили куки...
[06.07.2020 18:51:21, поток 0] Начинаем работу... Leigha_Schlepp579:b1bPu1YFTKa9hoVW9z9B
[06.07.2020 18:51:31, поток 0] Отправили капчу на решение
[06.07.2020 18:52:32, поток 0] Получили решение капчи
[06.07.2020 18:52:36, поток 0] Ждём смс на номер 79912522877
[06.07.2020 18:52:56, поток 0] Получили код 950214 на номер 79912522877, id: 283239762
[06.07.2020 18:52:57, поток 0] Ожидаем ещё смс на этот номер.
[06.07.2020 18:53:00, поток 0] Наткнулись на 24-х часовую проверку!
[06.07.2020 18:53:05, поток 0] Взяты прокси - 185.86.151.217:8167:l3ntvv:NGJKov
[06.07.2020 18:53:05, поток 0] Взят UserAgent - Mozilla/5.0 (Windows NT 10.0; WOW64) AppleWebKit/537.36 (KHTML, like Gecko) Chrome/74.0.3729.169 YaBrowser/19.6.1.153 Yowser/2.5 Safari/537.36
[06.07.2020 18:53:05, поток 0] Парсим куки...
[06.07.2020 18:53:07, поток 0] Спарсили куки
[06.07.2020 18:53:07, поток 0] Получили куки...
[06.07.2020 18:53:07, поток 0] Начинаем работу... Leigha_Schlepp579:b1bPu1YFTKa9hoVW9z9B
[06.07.2020 18:53:13, поток 0] Отправили капчу на решение
[06.07.2020 18:54:34, поток 0] (Ошибка) Текст ошибки: System.IndexOutOfRangeException: Индекс находился вне границ массива.
   в InstaDirectMessage_ButDev.InstagramAccountRecover.GetCaptchaFromService() в D:\MaXiMAA\MaXiMAAOld\C#Готово\KWORK\InstaDirectMessage_ButDev\InstaDirectMessage_ButDev\InstagramAccountRecover.cs:строка 473
[06.07.2020 18:54:54, поток 0] (Ошибка) Текст ошибки: System.IndexOutOfRangeException: Индекс находился вне границ массива.
   в InstaDirectMessage_ButDev.InstagramAccountRecover.GetCaptchaFromService() в D:\MaXiMAA\MaXiMAAOld\C#Готово\KWORK\InstaDirectMessage_ButDev\InstaDirectMessage_ButDev\InstagramAccountRecover.cs:строка 473
[06.07.2020 18:55:06, поток 0] Ждём смс на номер 79912522877
[06.07.2020 18:55:26, поток 0] Получили код 950214 на номер 79912522877, id: 283239762
[06.07.2020 18:55:27, поток 0] Ожидаем ещё смс на этот номер.
[06.07.2020 18:55:32, поток 0] Наткнулись на 24-х часовую проверку!
[06.07.2020 18:55:37, поток 0] Взяты прокси - 185.86.151.217:8167:l3ntvv:NGJKov
[06.07.2020 18:55:37, поток 0] Взят UserAgent - Mozilla/5.0 (Windows NT 10.0) AppleWebKit/537.36 (KHTML, like Gecko) Chrome/70.0.3538.102 Safari/537.36 Edge/18.18362
[06.07.2020 18:55:37, поток 0] Парсим куки...
[06.07.2020 18:55:40, поток 0] Спарсили куки
[06.07.2020 18:55:40, поток 0] Получили куки...
[06.07.2020 18:55:40, поток 0] Начинаем работу... Leigha_Schlepp579:b1bPu1YFTKa9hoVW9z9B
[06.07.2020 18:55:51, поток 0] Отправили капчу на решение
[06.07.2020 18:56:52, поток 0] Получили решение капчи
[06.07.2020 18:56:59, поток 0] Ждём смс на номер 79912522877
[06.07.2020 18:57:20, поток 0] Получили код 950214 на номер 79912522877, id: 283239762
[06.07.2020 18:57:20, поток 0] Ожидаем ещё смс на этот номер.
[06.07.2020 18:57:35, поток 0] Наткнулись на 24-х часовую проверку!
[06.07.2020 18:57:40, поток 0] Взяты прокси - 185.86.151.217:8167:l3ntvv:NGJKov
[06.07.2020 18:57:40, поток 0] Взят UserAgent - Mozilla/5.0 (Windows NT 10.0; WOW64) AppleWebKit/537.36 (KHTML, like Gecko) Chrome/63.0.3239.132 YaBrowser/18.2.0.284 Yowser/2.5 Safari/537.36
[06.07.2020 18:57:40, поток 0] Парсим куки...
[06.07.2020 18:57:45, поток 0] Спарсили куки
[06.07.2020 18:57:45, поток 0] Получили куки...
[06.07.2020 18:57:45, поток 0] Начинаем работу... Leigha_Schlepp579:b1bPu1YFTKa9hoVW9z9B
[06.07.2020 18:57:55, поток 0] Отправили капчу на решение
[06.07.2020 18:59:38, поток 0] Ждём смс на номер 79912522877
[06.07.2020 18:59:59, поток 0] Получили код 950214 на номер 79912522877, id: 283239762
[06.07.2020 18:59:59, поток 0] Ожидаем ещё смс на этот номер.
[06.07.2020 19:00:07, поток 0] Наткнулись на 24-х часовую проверку!
[06.07.2020 19:00:12, поток 0] Взяты прокси - 185.86.151.217:8167:l3ntvv:NGJKov
[06.07.2020 19:00:12, поток 0] Взят UserAgent - Mozilla/5.0 (Windows NT 10.0) AppleWebKit/537.36 (KHTML, like Gecko) Chrome/76.0.3809.132 YaBrowser/19.9.1.237 Yowser/2.5 Safari/537.36
[06.07.2020 19:00:12, поток 0] Парсим куки...
[06.07.2020 19:00:14, поток 0] Спарсили куки
[06.07.2020 19:00:14, поток 0] Получили куки...
[06.07.2020 19:00:14, поток 0] Начинаем работу... Leigha_Schlepp579:b1bPu1YFTKa9hoVW9z9B
[06.07.2020 19:00:21, поток 0] Отправили капчу на решение
[06.07.2020 19:01:22, поток 0] Получили решение капчи
[06.07.2020 19:01:29, поток 0] Ждём смс на номер 79912522877
[06.07.2020 19:01:50, поток 0] Получили код 950214 на номер 79912522877, id: 283239762
[06.07.2020 19:01:50, поток 0] Ожидаем ещё смс на этот номер.
[06.07.2020 19:02:15, поток 0] Наткнулись на 24-х часовую проверку!
[06.07.2020 19:02:20, поток 0] Взяты прокси - 185.86.151.217:8167:l3ntvv:NGJKov
[06.07.2020 19:02:20, поток 0] Взят UserAgent - mozilla/5.0 (linux; Android 6.0.1; SM-N910F Build/MMB29M; wv) AppleWebKit/537.36 (KHTML, like Gecko) Version/4.0 Chrome/53.0.2785.124 Mobile Safari/537.36 [FB_IAB/FB4A;FBAV/153.0.0.53.88;]
[06.07.2020 19:02:20, поток 0] Парсим куки...
[06.07.2020 19:02:26, поток 0] Спарсили куки
[06.07.2020 19:02:26, поток 0] Получили куки...
[06.07.2020 19:02:26, поток 0] Начинаем работу... Leigha_Schlepp579:b1bPu1YFTKa9hoVW9z9B
[06.07.2020 19:02:42, поток 0] Отправили капчу на решение
[06.07.2020 19:03:42, поток 0] Получили решение капчи
[06.07.2020 19:03:48, поток 0] Ждём смс на номер 79912522877
[06.07.2020 19:04:08, поток 0] Получили код 950214 на номер 79912522877, id: 283239762
[06.07.2020 19:04:09, поток 0] Ожидаем ещё смс на этот номер.
[06.07.2020 19:04:11, поток 0] Наткнулись на 24-х часовую проверку!
[06.07.2020 19:04:16, поток 0] Взяты прокси - 185.86.151.217:8167:l3ntvv:NGJKov
[06.07.2020 19:04:16, поток 0] Взят UserAgent - mozilla/5.0 (linux; Android 8.0.0; SAMSUNG SM-G925P Build/MMB29K) AppleWebKit/537.36 (KHTML, like Gecko) SamsungBrowser/7.2  Chrome/61.0.3163.98 Mobile Safari/537.36
[06.07.2020 19:04:16, поток 0] Парсим куки...
[06.07.2020 19:04:17, поток 0] Спарсили куки
[06.07.2020 19:04:17, поток 0] Получили куки...
[06.07.2020 19:04:17, поток 0] Начинаем работу... Leigha_Schlepp579:b1bPu1YFTKa9hoVW9z9B
[06.07.2020 19:04:25, поток 0] Отправили капчу на решение
[06.07.2020 19:05:46, поток 0] Получили решение капчи
[06.07.2020 19:05:50, поток 0] Ждём смс на номер 79912522877
[06.07.2020 19:06:10, поток 0] Получили код 950214 на номер 79912522877, id: 283239762
[06.07.2020 19:06:10, поток 0] Ожидаем ещё смс на этот номер.
[06.07.2020 19:06:16, поток 0] Наткнулись на 24-х часовую проверку!
[06.07.2020 19:06:21, поток 0] Взяты прокси - 185.86.151.217:8167:l3ntvv:NGJKov
[06.07.2020 19:06:21, поток 0] Взят UserAgent - Mozilla/5.0 (Windows NT 7.3; Trident/7.0; rv:11.0) like Gecko
[06.07.2020 19:06:21, поток 0] Парсим куки...
[06.07.2020 19:06:25, поток 0] Спарсили куки
[06.07.2020 19:06:25, поток 0] Получили куки...
[06.07.2020 19:06:25, поток 0] Начинаем работу... Leigha_Schlepp579:b1bPu1YFTKa9hoVW9z9B
[06.07.2020 19:06:34, поток 0] Отправили капчу на решение
[06.07.2020 19:07:35, поток 0] Получили решение капчи
[06.07.2020 19:07:43, поток 0] Ждём смс на номер 79912522877
[06.07.2020 19:08:03, поток 0] Получили код 950214 на номер 79912522877, id: 283239762
[06.07.2020 19:08:04, поток 0] Ожидаем ещё смс на этот номер.
[06.07.2020 19:08:07, поток 0] Наткнулись на 24-х часовую проверку!
[06.07.2020 19:08:12, поток 0] Взяты прокси - 185.86.151.217:8167:l3ntvv:NGJKov
[06.07.2020 19:08:12, поток 0] Взят UserAgent - Mozilla/5.0 (Windows NT 10.0; Win64; x64) AppleWebKit/537.36 (KHTML, like Gecko) Chrome/76.0.3805.0 Safari/537.36
[06.07.2020 19:08:12, поток 0] Парсим куки...
[06.07.2020 19:08:13, поток 0] Спарсили куки
[06.07.2020 19:08:13, поток 0] Получили куки...
[06.07.2020 19:08:13, поток 0] Начинаем работу... Leigha_Schlepp579:b1bPu1YFTKa9hoVW9z9B
[06.07.2020 19:08:24, поток 0] Отправили капчу на решение
[06.07.2020 19:09:04, поток 0] Получили решение капчи
[06.07.2020 19:09:17, поток 0] Ждём смс на номер 79912522877
[06.07.2020 19:09:37, поток 0] Получили код 950214 на номер 79912522877, id: 283239762
[06.07.2020 19:09:37, поток 0] Ожидаем ещё смс на этот номер.
[06.07.2020 19:09:49, поток 0] Наткнулись на 24-х часовую проверку!
[06.07.2020 19:09:54, поток 0] Взяты прокси - 185.86.151.217:8167:l3ntvv:NGJKov
[06.07.2020 19:09:54, поток 0] Взят UserAgent - Sarah5608_Gallo745:t_VbGiIpabUkptPf68zp
[06.07.2020 19:09:54, поток 0] Парсим куки...
[06.07.2020 19:10:01, поток 0] Спарсили куки
[06.07.2020 19:10:01, поток 0] Получили куки...
[06.07.2020 19:10:01, поток 0] Начинаем работу... Leigha_Schlepp579:b1bPu1YFTKa9hoVW9z9B
[06.07.2020 19:10:27, поток 0] Отправили капчу на решение
[06.07.2020 19:11:32, поток 0] Получили решение капчи
[06.07.2020 19:11:37, поток 0] Ждём смс на номер 79912522877
[06.07.2020 19:11:57, поток 0] СМС ещё не пришло.
[06.07.2020 19:12:18, поток 0] СМС ещё не пришло.
[06.07.2020 19:12:38, поток 0] СМС ещё не пришло.
[06.07.2020 19:12:41, поток 0] Ждём смс на номер 79912522877
[06.07.2020 19:12:41, поток 0] Что-то пошло не так, пытаемся восстановить аккаунт ещё раз.
[06.07.2020 19:12:41, поток 0] Парсим куки...
[06.07.2020 19:12:42, поток 0] Спарсили куки
[06.07.2020 19:12:42, поток 0] Получили куки...
[06.07.2020 19:12:42, поток 0] Начинаем работу... Leigha_Schlepp579:b1bPu1YFTKa9hoVW9z9B
[06.07.2020 19:12:46, поток 0] Ждём смс на номер 79912522877
[06.07.2020 19:13:06, поток 0] СМС ещё не пришло.
[06.07.2020 19:13:27, поток 0] СМС ещё не пришло.
[06.07.2020 19:13:47, поток 0] СМС ещё не пришло.
[06.07.2020 19:13:48, поток 0] Ждём смс на номер 79912522877
[06.07.2020 19:13:48, поток 0] Что-то пошло не так, пытаемся восстановить аккаунт ещё раз.
[06.07.2020 19:13:48, поток 0] Парсим куки...
[06.07.2020 19:13:53, поток 0] Спарсили куки
[06.07.2020 19:13:53, поток 0] Получили куки...
[06.07.2020 19:13:53, поток 0] Начинаем работу... Leigha_Schlepp579:b1bPu1YFTKa9hoVW9z9B
[06.07.2020 19:13:59, поток 0] Ждём смс на номер 79912522877
[06.07.2020 19:14:19, поток 0] СМС ещё не пришло.
[06.07.2020 19:14:39, поток 0] СМС ещё не пришло.
[06.07.2020 19:15:00, поток 0] СМС ещё не пришло.
[06.07.2020 19:15:06, поток 0] Ждём смс на номер 79912522877
[06.07.2020 19:15:06, поток 0] Что-то пошло не так, пытаемся восстановить аккаунт ещё раз.
[06.07.2020 19:15:06, поток 0] Парсим куки...
[06.07.2020 19:15:09, поток 0] Спарсили куки
[06.07.2020 19:15:09, поток 0] Получили куки...
[06.07.2020 19:15:09, поток 0] Начинаем работу... Leigha_Schlepp579:b1bPu1YFTKa9hoVW9z9B
[06.07.2020 19:15:13, поток 0] Ждём смс на номер 79912522877
[06.07.2020 19:15:33, поток 0] СМС ещё не пришло.
[06.07.2020 19:15:54, поток 0] СМС ещё не пришло.
[06.07.2020 19:16:14, поток 0] СМС ещё не пришло.
[06.07.2020 19:16:17, поток 0] Ждём смс на номер 79912522877
[06.07.2020 19:16:17, поток 0] Что-то пошло не так, пытаемся восстановить аккаунт ещё раз.
[06.07.2020 19:16:17, поток 0] Парсим куки...
[06.07.2020 19:16:24, поток 0] Спарсили куки
[06.07.2020 19:16:24, поток 0] Получили куки...
[06.07.2020 19:16:24, поток 0] Начинаем работу... Leigha_Schlepp579:b1bPu1YFTKa9hoVW9z9B
[06.07.2020 19:16:45, поток 0] Ждём смс на номер 79912522877
[06.07.2020 19:17:06, поток 0] СМС ещё не пришло.
