[22.02.2020 19:14:35, поток 0] [DEBUG] Start...
[22.02.2020 19:14:35, поток 0] Берём заданные куки...
[22.02.2020 19:14:36, поток 0] [Ошибка] Что-то не так. Переделываем.
[22.02.2020 19:14:36, поток 0] [DEBUG, ERROR] xNet.HttpException: Не удалось соединиться с HTTP-сервером 'www.instagram.com'. ---> xNet.ProxyException: Получен неверный код статуса 'ProxyAuthenticationRequired' от прокси-сервера '194.183.168.4:20567'.
   в xNet.HttpProxyClient.CreateConnection(String destinationHost, Int32 destinationPort, TcpClient tcpClient)
   в xNet.HttpRequest.CreateTcpConnection(String host, Int32 port)
   --- Конец трассировки внутреннего стека исключений ---
   в xNet.HttpRequest.CreateTcpConnection(String host, Int32 port)
   в xNet.HttpRequest.CreateConnection(Uri address)
   в xNet.HttpRequest.TryCreateConnectionOrUseExisting(Uri address, Uri previousAddress)
   в xNet.HttpRequest.Request(HttpMethod method, Uri address, HttpContent content)
   в xNet.HttpRequest.Raw(HttpMethod method, Uri address, HttpContent content)
   в xNet.HttpRequest.Raw(HttpMethod method, String address, HttpContent content)
   в xNet.HttpRequest.Get(String address, RequestParams urlParams)
   в InstaImap.Instagram.GetCookie() в D:\MaXiMAA\MaXiMAAOld\C#Готово\KWORK\InstaDirectMessage_ButDev\InstaDirectMessage_ButDev\Instagram.cs:строка 72
   в InstaImap.Instagram..ctor(String Mail, String password, String id, String cookies, String DEVICEID, String ADID, String GUID, String PHONE_ID, Int32 Index, String Time, Int32 tt, String type, String text, Int32 delay) в D:\MaXiMAA\MaXiMAAOld\C#Готово\KWORK\InstaDirectMessage_ButDev\InstaDirectMessage_ButDev\Instagram.cs:строка 161
[22.02.2020 19:14:36, поток 0] [DEBUG] Сменили прокси.
[22.02.2020 19:15:36, поток 0] [DEBUG] Start...
[22.02.2020 19:15:36, поток 0] Берём заданные куки...
[22.02.2020 19:15:37, поток 0] [Ошибка] Что-то не так. Переделываем.
[22.02.2020 19:15:39, поток 0] Спарсили куки
[22.02.2020 19:15:43, поток 0] Войти в аккаунт не удалось!
[22.02.2020 19:15:43, поток 0] [DEBUG] Start...
[22.02.2020 19:15:43, поток 0] Берём заданные куки...
[22.02.2020 19:15:44, поток 0] [Ошибка] Что-то не так. Переделываем.
[22.02.2020 19:15:45, поток 0] Спарсили куки
[22.02.2020 19:15:47, поток 0] Войти в аккаунт не удалось!
[22.02.2020 19:15:47, поток 0] [DEBUG] Start...
[22.02.2020 19:15:47, поток 0] Берём заданные куки...
[22.02.2020 19:15:47, поток 0] [Ошибка] Что-то не так. Переделываем.
[22.02.2020 19:15:48, поток 0] Спарсили куки
[22.02.2020 19:15:50, поток 0] Войти в аккаунт не удалось!
[22.02.2020 19:15:50, поток 0] [DEBUG] Start...
[22.02.2020 19:15:50, поток 0] Берём заданные куки...
[22.02.2020 19:15:55, поток 0] [Ошибка] Что-то не так. Переделываем.
[22.02.2020 19:15:57, поток 0] Спарсили куки
[22.02.2020 19:15:59, поток 0] Войти в аккаунт не удалось!
[22.02.2020 19:15:59, поток 0] [DEBUG] Start...
[22.02.2020 19:15:59, поток 0] Берём заданные куки...
[22.02.2020 19:16:00, поток 0] [Ошибка] Что-то не так. Переделываем.
[22.02.2020 19:16:01, поток 0] Спарсили куки
[22.02.2020 19:16:03, поток 0] Войти в аккаунт не удалось!
[22.02.2020 19:16:35, поток 0] [DEBUG] Start...
[22.02.2020 19:16:35, поток 0] Берём заданные куки...
[22.02.2020 19:16:36, поток 0] [Ошибка] Что-то не так. Переделываем.
[22.02.2020 19:16:36, поток 0] [DEBUG, ERROR] xNet.HttpException: Не удалось соединиться с HTTP-сервером 'www.instagram.com'. ---> xNet.ProxyException: Получен неверный код статуса 'ProxyAuthenticationRequired' от прокси-сервера '194.183.168.4:20567'.
   в xNet.HttpProxyClient.CreateConnection(String destinationHost, Int32 destinationPort, TcpClient tcpClient)
   в xNet.HttpRequest.CreateTcpConnection(String host, Int32 port)
   --- Конец трассировки внутреннего стека исключений ---
   в xNet.HttpRequest.CreateTcpConnection(String host, Int32 port)
   в xNet.HttpRequest.CreateConnection(Uri address)
   в xNet.HttpRequest.TryCreateConnectionOrUseExisting(Uri address, Uri previousAddress)
   в xNet.HttpRequest.Request(HttpMethod method, Uri address, HttpContent content)
   в xNet.HttpRequest.Raw(HttpMethod method, Uri address, HttpContent content)
   в xNet.HttpRequest.Raw(HttpMethod method, String address, HttpContent content)
   в xNet.HttpRequest.Get(String address, RequestParams urlParams)
   в InstaImap.Instagram.GetCookie() в D:\MaXiMAA\MaXiMAAOld\C#Готово\KWORK\InstaDirectMessage_ButDev\InstaDirectMessage_ButDev\Instagram.cs:строка 72
   в InstaImap.Instagram..ctor(String Mail, String password, String id, String cookies, String DEVICEID, String ADID, String GUID, String PHONE_ID, Int32 Index, String Time, Int32 tt, String type, String text, Int32 delay) в D:\MaXiMAA\MaXiMAAOld\C#Готово\KWORK\InstaDirectMessage_ButDev\InstaDirectMessage_ButDev\Instagram.cs:строка 161
[22.02.2020 19:16:36, поток 0] [DEBUG] Сменили прокси.
[22.02.2020 19:17:36, поток 0] [DEBUG] Start...
[22.02.2020 19:17:36, поток 0] Берём заданные куки...
[22.02.2020 19:17:38, поток 0] Сообщение отправлено.
[22.02.2020 19:22:45, поток 0] [DEBUG] Start...
[22.02.2020 19:22:45, поток 0] Берём заданные куки...
[22.02.2020 19:22:50, поток 0] [Ошибка] Что-то не так. Переделываем.
[22.02.2020 19:22:51, поток 0] Спарсили куки
[22.02.2020 19:23:36, поток 0] [DEBUG] Start...
[22.02.2020 19:23:36, поток 0] Берём заданные куки...
[22.02.2020 19:23:54, поток 0] Сообщение отправлено.
[22.02.2020 19:28:05, поток 0] [DEBUG] Start...
[22.02.2020 19:28:05, поток 0] Берём заданные куки...
[22.02.2020 19:28:11, поток 0] [Ошибка] Что-то не так. Переделываем.
[22.02.2020 19:28:12, поток 0] Спарсили куки
[22.02.2020 19:28:25, поток 0] Войти в аккаунт не удалось!
[22.02.2020 19:28:25, поток 0] [DEBUG] Start...
[22.02.2020 19:28:25, поток 0] Берём заданные куки...
[22.02.2020 19:28:27, поток 0] [Ошибка] Что-то не так. Переделываем.
[22.02.2020 19:28:28, поток 0] Спарсили куки
[22.02.2020 19:28:31, поток 0] Войти в аккаунт не удалось!
[22.02.2020 19:28:32, поток 0] [DEBUG] Start...
[22.02.2020 19:28:32, поток 0] Берём заданные куки...
[22.02.2020 19:28:34, поток 0] [Ошибка] Что-то не так. Переделываем.
[22.02.2020 19:28:36, поток 0] Спарсили куки
[22.02.2020 19:28:39, поток 0] Войти в аккаунт не удалось!
[22.02.2020 19:28:39, поток 0] [DEBUG] Start...
[22.02.2020 19:28:39, поток 0] Берём заданные куки...
[22.02.2020 19:28:41, поток 0] [Ошибка] Что-то не так. Переделываем.
[22.02.2020 19:28:49, поток 0] Спарсили куки
[22.02.2020 19:28:52, поток 0] Войти в аккаунт не удалось!
[22.02.2020 19:28:53, поток 0] [DEBUG] Start...
[22.02.2020 19:28:53, поток 0] Берём заданные куки...
[22.02.2020 19:28:55, поток 0] [Ошибка] Что-то не так. Переделываем.
[22.02.2020 19:28:56, поток 0] Спарсили куки
[22.02.2020 19:28:59, поток 0] Войти в аккаунт не удалось!
[22.02.2020 19:28:59, поток 0] [DEBUG] Start...
[22.02.2020 19:28:59, поток 0] Берём заданные куки...
[22.02.2020 19:29:01, поток 0] [Ошибка] Что-то не так. Переделываем.
[22.02.2020 19:29:02, поток 0] Спарсили куки
[22.02.2020 19:29:09, поток 0] Войти в аккаунт не удалось!
[22.02.2020 19:29:40, поток 0] [DEBUG] Start...
[22.02.2020 19:29:40, поток 0] Берём заданные куки...
[22.02.2020 19:29:49, поток 0] Сообщение отправлено.
[22.02.2020 20:09:55, поток 0] [DEBUG] Start...
[22.02.2020 20:09:55, поток 0] Берём заданные куки...
[22.02.2020 20:10:01, поток 0] [Ошибка] Что-то не так. Переделываем.
[22.02.2020 20:10:02, поток 0] Спарсили куки
[22.02.2020 20:10:09, поток 0] Войти в аккаунт не удалось!
[22.02.2020 20:10:09, поток 0] [DEBUG] Start...
[22.02.2020 20:10:09, поток 0] Берём заданные куки...
[22.02.2020 20:10:12, поток 0] [Ошибка] Что-то не так. Переделываем.
[22.02.2020 20:10:12, поток 0] Спарсили куки
[22.02.2020 20:10:14, поток 0] Войти в аккаунт не удалось!
[22.02.2020 20:10:15, поток 0] [DEBUG] Start...
[22.02.2020 20:10:15, поток 0] Берём заданные куки...
[22.02.2020 20:10:16, поток 0] [Ошибка] Что-то не так. Переделываем.
[22.02.2020 20:10:17, поток 0] Спарсили куки
[22.02.2020 20:10:20, поток 0] Войти в аккаунт не удалось!
[22.02.2020 20:10:20, поток 0] [DEBUG] Start...
[22.02.2020 20:10:20, поток 0] Берём заданные куки...
[22.02.2020 20:10:21, поток 0] [Ошибка] Что-то не так. Переделываем.
[22.02.2020 20:10:22, поток 0] Спарсили куки
[22.02.2020 20:10:30, поток 0] Войти в аккаунт не удалось!
[22.02.2020 20:10:30, поток 0] [DEBUG] Start...
[22.02.2020 20:10:30, поток 0] Берём заданные куки...
[22.02.2020 20:10:32, поток 0] [Ошибка] Что-то не так. Переделываем.
[22.02.2020 20:10:33, поток 0] Спарсили куки
[22.02.2020 20:10:36, поток 0] Войти в аккаунт не удалось!
[22.02.2020 20:10:36, поток 0] [DEBUG] Start...
[22.02.2020 20:10:36, поток 0] Берём заданные куки...
[22.02.2020 20:10:38, поток 0] [Ошибка] Что-то не так. Переделываем.
[22.02.2020 20:10:39, поток 0] Спарсили куки
[22.02.2020 20:10:41, поток 0] Войти в аккаунт не удалось!
[22.02.2020 20:11:07, поток 0] [DEBUG] Start...
[22.02.2020 20:11:07, поток 0] Берём заданные куки...
[22.02.2020 20:11:32, поток 0] [Ошибка] Что-то не так. Переделываем.
[22.02.2020 20:11:42, поток 0] Спарсили куки
[22.02.2020 20:11:47, поток 0] Вошли в аккаунт.
[22.02.2020 20:12:26, поток 0] Сообщение отправлено.
[22.02.2020 20:12:35, поток 0] [DEBUG] Start...
[22.02.2020 20:12:35, поток 0] Берём заданные куки...
[22.02.2020 20:12:39, поток 0] [Ошибка] Что-то не так. Переделываем.
[22.02.2020 20:12:42, поток 0] Спарсили куки
[22.02.2020 20:12:46, поток 0] Войти в аккаунт не удалось!
[22.02.2020 20:12:46, поток 0] [DEBUG] Start...
[22.02.2020 20:12:46, поток 0] Берём заданные куки...
[22.02.2020 22:12:10, поток 0] [DEBUG] Start...
[22.02.2020 22:12:10, поток 0] Парсим куки...
[22.02.2020 22:12:12, поток 0] Спарсили куки
[22.02.2020 22:12:18, поток 0] Вошли в аккаунт.
[22.02.2020 22:12:22, поток 0] Сообщение отправлено.
[22.02.2020 22:15:00, поток 0] [DEBUG] Start...
[22.02.2020 22:15:00, поток 0] Парсим куки...
[22.02.2020 22:15:01, поток 0] Спарсили куки
[22.02.2020 22:15:08, поток 0] Вошли в аккаунт.
[22.02.2020 22:15:13, поток 0] Сообщение отправлено.
[22.02.2020 22:17:26, поток 0] [DEBUG] Start...
[22.02.2020 22:17:26, поток 0] Парсим куки...
[22.02.2020 22:17:27, поток 0] Спарсили куки
[22.02.2020 22:17:32, поток 0] Вошли в аккаунт.
[22.02.2020 22:17:34, поток 0] Сообщение отправлено.
[22.02.2020 22:20:15, поток 0] [DEBUG] Start...
[22.02.2020 22:20:15, поток 0] Парсим куки...
[22.02.2020 22:20:25, поток 0] Спарсили куки
[22.02.2020 22:20:31, поток 0] Вошли в аккаунт.
[22.02.2020 22:20:34, поток 0] Сообщение отправлено.
[22.02.2020 22:20:50, поток 0] Ссылка отправлена.
[22.02.2020 22:24:59, поток 0] [DEBUG] Start...
[22.02.2020 22:24:59, поток 0] Парсим куки...
[22.02.2020 22:25:00, поток 0] Спарсили куки
[22.02.2020 22:25:05, поток 0] Вошли в аккаунт.
[22.02.2020 22:25:09, поток 0] Сообщение отправлено.
[22.02.2020 22:25:26, поток 0] [DEBUG] Start...
[22.02.2020 22:25:26, поток 0] Парсим куки...
[22.02.2020 22:25:27, поток 0] Спарсили куки
[22.02.2020 22:25:31, поток 0] Вошли в аккаунт.
[22.02.2020 22:25:34, поток 0] Сообщение отправлено.
[22.02.2020 23:15:11, поток 0] [DEBUG] Start...
[22.02.2020 23:15:11, поток 0] Парсим куки...
[22.02.2020 23:15:12, поток 0] Спарсили куки
[22.02.2020 23:15:14, поток 0] Вошли в аккаунт.
[22.02.2020 23:15:15, поток 0] Сообщение отправлено.
[22.02.2020 23:18:07, поток 0] [DEBUG] Start...
[22.02.2020 23:18:07, поток 0] Парсим куки...
[22.02.2020 23:18:08, поток 0] Спарсили куки
[22.02.2020 23:18:09, поток 0] Вошли в аккаунт.
[22.02.2020 23:18:10, поток 0] Сообщение отправлено.
