[18.10.2022 10:13:35, thread 0] [DEBUG] Start...
[18.10.2022 10:13:35, thread 0] Parsing cookies...
[18.10.2022 10:13:36, thread 0] Cookie parsing
[18.10.2022 10:15:36, thread 0] Message sent.
[18.10.2022 10:17:40, thread 0] [DEBUG] Start...
[18.10.2022 10:17:40, thread 0] Parsing cookies...
[18.10.2022 10:17:40, thread 0] Cookie parsing
[18.10.2022 10:18:11, thread 0] Message sent.
[18.10.2022 10:18:32, thread 0] [DEBUG] Start...
[18.10.2022 10:18:32, thread 0] Parsing cookies...
[18.10.2022 10:18:33, thread 0] Cookie parsing
[18.10.2022 10:19:03, thread 0] Message sent.
[18.10.2022 10:52:16, thread 0] [DEBUG] Start...
[18.10.2022 10:52:16, thread 0] Parsing cookies...
[18.10.2022 10:52:17, thread 0] Cookie parsing
[18.10.2022 10:52:22, thread 0] Message sent.
[18.10.2022 10:56:58, thread 0] [DEBUG] Start...
[18.10.2022 10:56:58, thread 0] Parsing cookies...
[18.10.2022 10:56:59, thread 0] Cookie parsing
[18.10.2022 10:56:59, thread 0] 55133904291 - this ID is in the blacklist.
[18.10.2022 10:57:23, thread 0] [DEBUG] Start...
[18.10.2022 10:57:23, thread 0] Parsing cookies...
[18.10.2022 10:57:23, thread 0] Cookie parsing
[18.10.2022 10:57:29, thread 0] Message sent.
