[18.10.2022 9:26:22] Parsing cookies...
[18.10.2022 9:26:23] Cookie parsing
[18.10.2022 9:26:23] Got cookies...
[18.10.2022 9:26:23] We start parsing...
[18.10.2022 9:26:27] Got cookies... - rur="CLN\05455997677691\0541697610386:01f7fb25dd33b821079e39baf04df0d5d36edbf5f48e6a9b16b609117f0ea9acc9e0bb11"; csrftoken=5ly8oB133z7mmgOBxZ2XfOMYYAP9ZGXC; ds_user=marina.lyutikova2; ds_user_id=55997677691; sessionid=55997677691%3AufgIsDmrXNq1Fq%3A12%3AAYfCsMrVq2RCP0DnNXP7UwiZEuj8BtzO7AQNlKCglg;
[18.10.2022 9:26:44] No new followers have been found yet. marina.lyutikova2
[18.10.2022 9:27:44] Parsing cookies...
[18.10.2022 9:27:44] Cookie parsing
[18.10.2022 9:27:44] Got cookies...
[18.10.2022 9:27:44] We start parsing...
[18.10.2022 9:27:45] Got cookies... - rur="CLN\05455997677691\0541697610386:01f7fb25dd33b821079e39baf04df0d5d36edbf5f48e6a9b16b609117f0ea9acc9e0bb11"; csrftoken=5ly8oB133z7mmgOBxZ2XfOMYYAP9ZGXC; ds_user=marina.lyutikova2; ds_user_id=55997677691; sessionid=55997677691%3AufgIsDmrXNq1Fq%3A12%3AAYfCsMrVq2RCP0DnNXP7UwiZEuj8BtzO7AQNlKCglg;
[18.10.2022 9:27:49] Logged in to your account.
[18.10.2022 9:27:49] Got cookies... (mobile) - ig_did=; csrftoken=T1WHKovinfNEvJHeMQlEY9pdSZM4udsY; rur=; ds_user=; ds_user_id=55997677691; sessionid=55997677691%3ARWXuCcHQDChrrg%3A26%3AAYd7iNzMaKgZvQURUgRObgszg7_2RwDWqps3Bmm4YQ;
[18.10.2022 9:27:58] Message sent. marina.lyutikova2
[18.10.2022 9:28:59] Parsing cookies...
[18.10.2022 9:28:59] Cookie parsing
[18.10.2022 9:28:59] Got cookies...
[18.10.2022 9:28:59] We start parsing...
[18.10.2022 9:28:59] Got cookies... - rur="CLN\05455997677691\0541697610386:01f7fb25dd33b821079e39baf04df0d5d36edbf5f48e6a9b16b609117f0ea9acc9e0bb11"; csrftoken=5ly8oB133z7mmgOBxZ2XfOMYYAP9ZGXC; ds_user=marina.lyutikova2; ds_user_id=55997677691; sessionid=55997677691%3AufgIsDmrXNq1Fq%3A12%3AAYfCsMrVq2RCP0DnNXP7UwiZEuj8BtzO7AQNlKCglg;
[18.10.2022 9:29:01] No new followers have been found yet. marina.lyutikova2
