[18.10.2022 0:22:13] Parsing cookies...
[18.10.2022 0:22:14] Cookie parsing
[18.10.2022 0:22:14] Got cookies...
[18.10.2022 0:22:14] We start parsing...
[18.10.2022 0:22:24] No new followers have been found yet. marina.lyutikova
[18.10.2022 0:23:24] Parsing cookies...
[18.10.2022 0:23:24] Cookie parsing
[18.10.2022 0:23:24] Got cookies...
[18.10.2022 0:23:24] We start parsing...
[18.10.2022 0:23:54] No new followers have been found yet. marina.lyutikova
[18.10.2022 0:33:43] Parsing cookies...
[18.10.2022 0:33:44] Cookie parsing
[18.10.2022 0:33:44] Got cookies...
[18.10.2022 0:33:44] We start parsing...
[18.10.2022 0:33:51] Stumbled upon checkpoint! marina.lyutikova
[18.10.2022 8:07:35] Parsing cookies...
[18.10.2022 8:07:37] Cookie parsing
[18.10.2022 8:07:37] Got cookies...
[18.10.2022 8:07:37] We start parsing...
[18.10.2022 8:07:41] Stumbled upon checkpoint! marina.lyutikova
[18.10.2022 8:10:05] Parsing cookies...
[18.10.2022 8:10:06] Cookie parsing
[18.10.2022 8:10:06] Got cookies...
[18.10.2022 8:10:06] We start parsing...
[18.10.2022 8:10:11] Stumbled upon checkpoint! marina.lyutikova
[18.10.2022 9:08:25] Parsing cookies...
[18.10.2022 9:08:26] Cookie parsing
[18.10.2022 9:08:26] Got cookies...
[18.10.2022 9:08:26] We start parsing...
[18.10.2022 9:08:32] Stumbled upon checkpoint! marina.lyutikova
