[19.04.2020 9:00:43, поток 0] Парсим куки...
[19.04.2020 9:00:45, поток 0] Спарсили куки
[19.04.2020 9:00:45, поток 0] Получили куки...
[19.04.2020 9:00:45, поток 0] Начинаем парсинг...
[19.04.2020 9:03:34, поток 0] Парсинг тэга "money" закончен!
[19.04.2020 9:29:18, поток 0] Парсим куки...
[19.04.2020 9:30:04, поток 0] (Ошибка) Текст ошибки: xNet.HttpException: Не удалось загрузить ответ от HTTP-сервера 'www.instagram.com'. ---> System.IO.IOException: Не удается прочитать данные из транспортного соединения: Удаленный хост принудительно разорвал существующее подключение. ---> System.Net.Sockets.SocketException: Удаленный хост принудительно разорвал существующее подключение
   в System.Net.Sockets.Socket.Receive(Byte[] buffer, Int32 offset, Int32 size, SocketFlags socketFlags)
   в System.Net.Sockets.NetworkStream.Read(Byte[] buffer, Int32 offset, Int32 size)
   --- Конец трассировки внутреннего стека исключений ---
   в System.Net.Sockets.NetworkStream.Read(Byte[] buffer, Int32 offset, Int32 size)
   в System.Net.FixedSizeReader.ReadPacket(Byte[] buffer, Int32 offset, Int32 count)
   в System.Net.Security._SslStream.StartFrameHeader(Byte[] buffer, Int32 offset, Int32 count, AsyncProtocolRequest asyncRequest)
   в System.Net.Security._SslStream.StartReading(Byte[] buffer, Int32 offset, Int32 count, AsyncProtocolRequest asyncRequest)
   в System.Net.Security._SslStream.ProcessRead(Byte[] buffer, Int32 offset, Int32 count, AsyncProtocolRequest asyncRequest)
   в System.Net.Security.SslStream.Read(Byte[] buffer, Int32 offset, Int32 count)
   в xNet.HttpResponse.ReceiverHelper.ReadLine()
   в xNet.HttpResponse.ReceiveStartingLine()
   в xNet.HttpResponse.LoadResponse(HttpMethod method)
   --- Конец трассировки внутреннего стека исключений ---
   в xNet.HttpResponse.LoadResponse(HttpMethod method)
   в xNet.HttpRequest.Request(HttpMethod method, Uri address, HttpContent content)
   в xNet.HttpRequest.Raw(HttpMethod method, Uri address, HttpContent content)
   в xNet.HttpRequest.Raw(HttpMethod method, String address, HttpContent content)
   в xNet.HttpRequest.Get(String address, RequestParams urlParams)
   в InstaDirectMessage_ButDev.InstagramHashtagsParser.GetCookie() в D:\MaXiMAA\MaXiMAAOld\C#Готово\KWORK\InstaDirectMessage_ButDev\InstaDirectMessage_ButDev\InstagramHashtagsParser.cs:строка 180
[19.04.2020 9:30:04, поток 0] [DEBUG] Сменили прокси.
[19.04.2020 9:30:04, поток 0] Парсим куки...
[19.04.2020 9:30:05, поток 0] Спарсили куки
[19.04.2020 9:30:05, поток 0] Получили куки...
[19.04.2020 9:30:05, поток 0] Начинаем парсинг...
[19.04.2020 9:30:34, поток 0] (Ошибка) Текст ошибки: System.NullReferenceException: Ссылка на объект не указывает на экземпляр объекта.
   в InstaDirectMessage_ButDev.InstagramHashtagsParser.GetFirstData(String cookie) в D:\MaXiMAA\MaXiMAAOld\C#Готово\KWORK\InstaDirectMessage_ButDev\InstaDirectMessage_ButDev\InstagramHashtagsParser.cs:строка 243
[19.04.2020 9:30:34, поток 0] [DEBUG] Сменили прокси.
[19.04.2020 9:30:34, поток 0] [DEBUG] Сменили прокси.
[19.04.2020 9:30:34, поток 0] [DEBUG] Сменили прокси.
[19.04.2020 9:30:34, поток 0] [DEBUG] Сменили прокси.
[19.04.2020 9:30:34, поток 0] [DEBUG] Сменили прокси.
[19.04.2020 9:30:34, поток 0] [DEBUG] Сменили прокси.
[19.04.2020 9:30:34, поток 0] [DEBUG] Сменили прокси.
[19.04.2020 9:30:34, поток 0] [DEBUG] Сменили прокси.
[19.04.2020 9:30:34, поток 0] [DEBUG] Сменили прокси.
[19.04.2020 9:31:46, поток 0] Парсим куки...
[19.04.2020 9:31:46, поток 0] Спарсили куки
[19.04.2020 9:31:46, поток 0] Получили куки...
[19.04.2020 9:31:46, поток 0] Начинаем парсинг...
[19.04.2020 9:33:47, поток 0] Парсинг тэга "money" закончен!
[19.04.2020 9:51:56, поток 0] Парсим куки...
[19.04.2020 9:51:56, поток 0] Спарсили куки
[19.04.2020 9:51:56, поток 0] Получили куки...
[19.04.2020 9:51:56, поток 0] Начинаем парсинг...
[19.04.2020 9:53:58, поток 0] Парсинг тэга "money" закончен!
[19.04.2020 11:18:32, поток 0] Парсим куки...
[19.04.2020 11:18:33, поток 0] Спарсили куки
[19.04.2020 11:18:33, поток 0] Получили куки...
[19.04.2020 11:18:33, поток 0] Начинаем парсинг...
[19.04.2020 11:24:49, поток 0] Парсинг тэга "money" закончен!
[19.04.2020 11:39:52, поток 0] Парсим куки...
[19.04.2020 11:39:53, поток 0] Спарсили куки
[19.04.2020 11:39:53, поток 0] Получили куки...
[19.04.2020 11:39:53, поток 0] Начинаем парсинг...
[19.04.2020 11:40:52, поток 0] (Ошибка) Текст ошибки: System.NullReferenceException: Ссылка на объект не указывает на экземпляр объекта.
   в InstaDirectMessage_ButDev.InstagramHashtagsParser.GetData(String cookie) в D:\MaXiMAA\MaXiMAAOld\C#Готово\KWORK\InstaDirectMessage_ButDev\InstaDirectMessage_ButDev\InstagramHashtagsParser.cs:строка 301
[19.04.2020 11:40:52, поток 0] Спарсили часть...
[19.04.2020 11:40:52, поток 0] [DEBUG] Сменили прокси.
[19.04.2020 11:40:52, поток 0] Что-то не так, пытаемся спарсить снова.
[19.04.2020 11:40:52, поток 0] [DEBUG] Сменили прокси.
[19.04.2020 11:40:52, поток 0] Что-то не так, пытаемся спарсить снова.
[19.04.2020 11:40:52, поток 0] [DEBUG] Сменили прокси.
[19.04.2020 11:40:52, поток 0] Что-то не так, пытаемся спарсить снова.
[19.04.2020 11:40:52, поток 0] [DEBUG] Сменили прокси.
[19.04.2020 11:40:52, поток 0] Что-то не так, пытаемся спарсить снова.
[19.04.2020 11:40:52, поток 0] [DEBUG] Сменили прокси.
[19.04.2020 11:40:52, поток 0] Что-то не так, пытаемся спарсить снова.
[19.04.2020 11:40:52, поток 0] [DEBUG] Сменили прокси.
[19.04.2020 11:40:52, поток 0] Что-то не так, пытаемся спарсить снова.
[19.04.2020 11:40:52, поток 0] [DEBUG] Сменили прокси.
[19.04.2020 11:40:52, поток 0] Что-то не так, пытаемся спарсить снова.
[19.04.2020 11:40:52, поток 0] [DEBUG] Сменили прокси.
[19.04.2020 11:40:52, поток 0] Что-то не так, пытаемся спарсить снова.
[19.04.2020 11:40:52, поток 0] [DEBUG] Сменили прокси.
[19.04.2020 11:40:52, поток 0] Что-то не так, пытаемся спарсить снова.
[19.04.2020 11:40:52, поток 0] [DEBUG] Сменили прокси.
[19.04.2020 11:40:52, поток 0] Что-то не так, пытаемся спарсить снова.
[19.04.2020 11:42:37, поток 0] Парсим куки...
[19.04.2020 11:42:59, поток 0] Спарсили куки
[19.04.2020 11:42:59, поток 0] Получили куки...
[19.04.2020 11:42:59, поток 0] Начинаем парсинг...
[19.04.2020 11:45:32, поток 0] (Ошибка) Текст ошибки: xNet.HttpException: Не удалось установить SSL-соединение с HTTP-сервером 'i.instagram.com'. ---> System.IO.IOException: Не удается прочитать данные из транспортного соединения: Удаленный хост принудительно разорвал существующее подключение. ---> System.Net.Sockets.SocketException: Удаленный хост принудительно разорвал существующее подключение
   в System.Net.Sockets.Socket.Receive(Byte[] buffer, Int32 offset, Int32 size, SocketFlags socketFlags)
   в System.Net.Sockets.NetworkStream.Read(Byte[] buffer, Int32 offset, Int32 size)
   --- Конец трассировки внутреннего стека исключений ---
   в System.Net.Sockets.NetworkStream.Read(Byte[] buffer, Int32 offset, Int32 size)
   в System.Net.FixedSizeReader.ReadPacket(Byte[] buffer, Int32 offset, Int32 count)
   в System.Net.Security.SslState.StartReceiveBlob(Byte[] buffer, AsyncProtocolRequest asyncRequest)
   в System.Net.Security.SslState.CheckCompletionBeforeNextReceive(ProtocolToken message, AsyncProtocolRequest asyncRequest)
   в System.Net.Security.SslState.StartSendBlob(Byte[] incoming, Int32 count, AsyncProtocolRequest asyncRequest)
   в System.Net.Security.SslState.ForceAuthentication(Boolean receiveFirst, Byte[] buffer, AsyncProtocolRequest asyncRequest)
   в System.Net.Security.SslState.ProcessAuthentication(LazyAsyncResult lazyResult)
   в System.Net.Security.SslStream.AuthenticateAsClient(String targetHost, X509CertificateCollection clientCertificates, SslProtocols enabledSslProtocols, Boolean checkCertificateRevocation)
   в System.Net.Security.SslStream.AuthenticateAsClient(String targetHost)
   в xNet.HttpRequest.CreateConnection(Uri address)
   --- Конец трассировки внутреннего стека исключений ---
   в xNet.HttpRequest.CreateConnection(Uri address)
   в xNet.HttpRequest.TryCreateConnectionOrUseExisting(Uri address, Uri previousAddress)
   в xNet.HttpRequest.Request(HttpMethod method, Uri address, HttpContent content)
   в xNet.HttpRequest.Raw(HttpMethod method, Uri address, HttpContent content)
   в xNet.HttpRequest.Raw(HttpMethod method, String address, HttpContent content)
   в xNet.HttpRequest.Get(String address, RequestParams urlParams)
   в InstaDirectMessage_ButDev.InstagramHashtagsParser.GetNicknameByID(String id) в D:\MaXiMAA\MaXiMAAOld\C#Готово\KWORK\InstaDirectMessage_ButDev\InstaDirectMessage_ButDev\InstagramHashtagsParser.cs:строка 66
   в InstaDirectMessage_ButDev.InstagramHashtagsParser.DoResult(String s) в D:\MaXiMAA\MaXiMAAOld\C#Готово\KWORK\InstaDirectMessage_ButDev\InstaDirectMessage_ButDev\InstagramHashtagsParser.cs:строка 32
   в InstaDirectMessage_ButDev.InstagramHashtagsParser.GetFirstData(String cookie) в D:\MaXiMAA\MaXiMAAOld\C#Готово\KWORK\InstaDirectMessage_ButDev\InstaDirectMessage_ButDev\InstagramHashtagsParser.cs:строка 246
[19.04.2020 11:45:32, поток 0] [DEBUG] Сменили прокси.
[19.04.2020 11:46:14, поток 0] (Ошибка) Текст ошибки: xNet.HttpException: Не удалось установить SSL-соединение с HTTP-сервером 'i.instagram.com'. ---> System.IO.IOException: Аутентификация не пройдена из-за закрытия транспортного потока удаленной стороной.
   в System.Net.Security.SslState.StartReadFrame(Byte[] buffer, Int32 readBytes, AsyncProtocolRequest asyncRequest)
   в System.Net.Security.SslState.StartReceiveBlob(Byte[] buffer, AsyncProtocolRequest asyncRequest)
   в System.Net.Security.SslState.CheckCompletionBeforeNextReceive(ProtocolToken message, AsyncProtocolRequest asyncRequest)
   в System.Net.Security.SslState.StartSendBlob(Byte[] incoming, Int32 count, AsyncProtocolRequest asyncRequest)
   в System.Net.Security.SslState.ForceAuthentication(Boolean receiveFirst, Byte[] buffer, AsyncProtocolRequest asyncRequest)
   в System.Net.Security.SslState.ProcessAuthentication(LazyAsyncResult lazyResult)
   в System.Net.Security.SslStream.AuthenticateAsClient(String targetHost, X509CertificateCollection clientCertificates, SslProtocols enabledSslProtocols, Boolean checkCertificateRevocation)
   в System.Net.Security.SslStream.AuthenticateAsClient(String targetHost)
   в xNet.HttpRequest.CreateConnection(Uri address)
   --- Конец трассировки внутреннего стека исключений ---
   в xNet.HttpRequest.CreateConnection(Uri address)
   в xNet.HttpRequest.TryCreateConnectionOrUseExisting(Uri address, Uri previousAddress)
   в xNet.HttpRequest.Request(HttpMethod method, Uri address, HttpContent content)
   в xNet.HttpRequest.Raw(HttpMethod method, Uri address, HttpContent content)
   в xNet.HttpRequest.Raw(HttpMethod method, String address, HttpContent content)
   в xNet.HttpRequest.Get(String address, RequestParams urlParams)
   в InstaDirectMessage_ButDev.InstagramHashtagsParser.GetNicknameByID(String id) в D:\MaXiMAA\MaXiMAAOld\C#Готово\KWORK\InstaDirectMessage_ButDev\InstaDirectMessage_ButDev\InstagramHashtagsParser.cs:строка 66
   в InstaDirectMessage_ButDev.InstagramHashtagsParser.DoResult(String s) в D:\MaXiMAA\MaXiMAAOld\C#Готово\KWORK\InstaDirectMessage_ButDev\InstaDirectMessage_ButDev\InstagramHashtagsParser.cs:строка 32
   в InstaDirectMessage_ButDev.InstagramHashtagsParser.GetFirstData(String cookie) в D:\MaXiMAA\MaXiMAAOld\C#Готово\KWORK\InstaDirectMessage_ButDev\InstaDirectMessage_ButDev\InstagramHashtagsParser.cs:строка 246
[19.04.2020 11:46:14, поток 0] [DEBUG] Сменили прокси.
[19.04.2020 11:47:17, поток 0] (Ошибка) Текст ошибки: System.NullReferenceException: Ссылка на объект не указывает на экземпляр объекта.
   в InstaDirectMessage_ButDev.InstagramHashtagsParser.GetData(String cookie) в D:\MaXiMAA\MaXiMAAOld\C#Готово\KWORK\InstaDirectMessage_ButDev\InstaDirectMessage_ButDev\InstagramHashtagsParser.cs:строка 301
[19.04.2020 11:47:17, поток 0] Спарсили часть...
[19.04.2020 11:47:17, поток 0] [DEBUG] Сменили прокси.
[19.04.2020 11:47:17, поток 0] Что-то не так, пытаемся спарсить снова.
[19.04.2020 11:47:17, поток 0] [DEBUG] Сменили прокси.
[19.04.2020 11:47:17, поток 0] Что-то не так, пытаемся спарсить снова.
[19.04.2020 11:47:17, поток 0] [DEBUG] Сменили прокси.
[19.04.2020 11:47:17, поток 0] Что-то не так, пытаемся спарсить снова.
[19.04.2020 11:47:17, поток 0] [DEBUG] Сменили прокси.
[19.04.2020 11:47:17, поток 0] Что-то не так, пытаемся спарсить снова.
[19.04.2020 11:47:17, поток 0] [DEBUG] Сменили прокси.
[19.04.2020 11:47:17, поток 0] Что-то не так, пытаемся спарсить снова.
[19.04.2020 11:47:17, поток 0] [DEBUG] Сменили прокси.
[19.04.2020 11:47:17, поток 0] Что-то не так, пытаемся спарсить снова.
[19.04.2020 11:47:17, поток 0] [DEBUG] Сменили прокси.
[19.04.2020 11:47:17, поток 0] Что-то не так, пытаемся спарсить снова.
[19.04.2020 11:47:17, поток 0] [DEBUG] Сменили прокси.
[19.04.2020 11:47:17, поток 0] Что-то не так, пытаемся спарсить снова.
[19.04.2020 13:44:30, поток 0] Парсим куки...
[19.04.2020 13:44:31, поток 0] Спарсили куки
[19.04.2020 13:44:31, поток 0] Получили куки...
[19.04.2020 13:44:31, поток 0] Начинаем парсинг...
[19.04.2020 13:44:36, поток 0] Спарсили часть...
[19.04.2020 13:44:38, поток 0] Спарсили часть...
[19.04.2020 13:44:39, поток 0] Спарсили часть...
[19.04.2020 13:44:41, поток 0] Спарсили часть...
[19.04.2020 13:44:43, поток 0] Спарсили часть...
[19.04.2020 13:44:44, поток 0] Спарсили часть...
[19.04.2020 13:44:46, поток 0] Спарсили часть...
[19.04.2020 13:44:48, поток 0] Спарсили часть...
[19.04.2020 13:44:49, поток 0] Спарсили часть...
[19.04.2020 13:44:51, поток 0] Спарсили часть...
[19.04.2020 13:44:53, поток 0] Спарсили часть...
[19.04.2020 13:44:54, поток 0] Спарсили часть...
[19.04.2020 13:44:56, поток 0] Спарсили часть...
[19.04.2020 13:44:58, поток 0] Спарсили часть...
[19.04.2020 13:45:00, поток 0] Спарсили часть...
[19.04.2020 13:45:01, поток 0] Спарсили часть...
[19.04.2020 13:45:04, поток 0] Спарсили часть...
[19.04.2020 13:45:05, поток 0] Спарсили часть...
[19.04.2020 13:45:08, поток 0] Спарсили часть...
[19.04.2020 13:45:09, поток 0] Спарсили часть...
[19.04.2020 13:45:11, поток 0] Спарсили часть...
[19.04.2020 13:45:13, поток 0] Спарсили часть...
[19.04.2020 13:45:14, поток 0] Спарсили часть...
[19.04.2020 13:45:16, поток 0] Спарсили часть...
[19.04.2020 13:45:18, поток 0] Спарсили часть...
[19.04.2020 13:45:19, поток 0] Спарсили часть...
[19.04.2020 13:45:21, поток 0] Спарсили часть...
[19.04.2020 13:45:23, поток 0] Спарсили часть...
[19.04.2020 13:45:24, поток 0] Спарсили часть...
[19.04.2020 13:45:26, поток 0] Спарсили часть...
[19.04.2020 13:45:28, поток 0] Спарсили часть...
[19.04.2020 13:45:30, поток 0] Спарсили часть...
[19.04.2020 13:45:32, поток 0] Спарсили часть...
[19.04.2020 13:45:33, поток 0] Спарсили часть...
[19.04.2020 13:45:35, поток 0] Спарсили часть...
[19.04.2020 13:45:37, поток 0] Спарсили часть...
[19.04.2020 13:45:39, поток 0] Спарсили часть...
[19.04.2020 13:45:42, поток 0] Спарсили часть...
[19.04.2020 13:45:44, поток 0] Спарсили часть...
[19.04.2020 13:45:46, поток 0] Спарсили часть...
[19.04.2020 13:45:47, поток 0] Спарсили часть...
[19.04.2020 13:45:49, поток 0] Спарсили часть...
[19.04.2020 13:45:51, поток 0] Спарсили часть...
[19.04.2020 13:45:53, поток 0] Спарсили часть...
[19.04.2020 13:45:54, поток 0] Спарсили часть...
[19.04.2020 13:45:56, поток 0] Спарсили часть...
[19.04.2020 13:45:58, поток 0] Спарсили часть...
[19.04.2020 13:45:59, поток 0] Спарсили часть...
[19.04.2020 13:46:01, поток 0] Спарсили часть...
[19.04.2020 13:46:03, поток 0] Спарсили часть...
[19.04.2020 13:46:05, поток 0] Спарсили часть...
[19.04.2020 13:46:06, поток 0] Спарсили часть...
[19.04.2020 13:46:08, поток 0] Спарсили часть...
[19.04.2020 13:46:10, поток 0] Спарсили часть...
[19.04.2020 13:46:12, поток 0] Спарсили часть...
[19.04.2020 13:46:14, поток 0] Спарсили часть...
[19.04.2020 13:46:16, поток 0] Спарсили часть...
[19.04.2020 13:46:17, поток 0] Спарсили часть...
[19.04.2020 13:46:19, поток 0] Спарсили часть...
[19.04.2020 13:46:21, поток 0] Спарсили часть...
[19.04.2020 13:46:23, поток 0] Спарсили часть...
[19.04.2020 13:46:24, поток 0] Спарсили часть...
[19.04.2020 13:46:26, поток 0] Спарсили часть...
[19.04.2020 13:46:28, поток 0] Спарсили часть...
[19.04.2020 13:46:30, поток 0] Спарсили часть...
[19.04.2020 13:46:32, поток 0] Спарсили часть...
[19.04.2020 13:46:33, поток 0] Спарсили часть...
[19.04.2020 13:46:35, поток 0] Спарсили часть...
[19.04.2020 13:46:37, поток 0] Спарсили часть...
[19.04.2020 13:46:39, поток 0] Спарсили часть...
[19.04.2020 13:46:41, поток 0] Спарсили часть...
[19.04.2020 13:46:42, поток 0] Спарсили часть...
[19.04.2020 13:46:44, поток 0] Спарсили часть...
[19.04.2020 13:46:46, поток 0] Спарсили часть...
[19.04.2020 13:46:47, поток 0] Спарсили часть...
[19.04.2020 13:46:49, поток 0] Спарсили часть...
[19.04.2020 13:46:51, поток 0] Спарсили часть...
[19.04.2020 13:46:53, поток 0] Спарсили часть...
[19.04.2020 13:46:54, поток 0] Спарсили часть...
[19.04.2020 13:46:56, поток 0] Спарсили часть...
[19.04.2020 13:46:58, поток 0] Спарсили часть...
[19.04.2020 13:47:00, поток 0] Спарсили часть...
[19.04.2020 13:47:01, поток 0] Спарсили часть...
[19.04.2020 13:47:03, поток 0] Спарсили часть...
[19.04.2020 13:47:05, поток 0] Спарсили часть...
[19.04.2020 13:47:07, поток 0] Спарсили часть...
[19.04.2020 13:47:09, поток 0] Спарсили часть...
[19.04.2020 13:47:11, поток 0] Спарсили часть...
[19.04.2020 13:47:12, поток 0] Спарсили часть...
[19.04.2020 13:47:14, поток 0] Спарсили часть...
[19.04.2020 13:47:16, поток 0] Спарсили часть...
[19.04.2020 13:47:18, поток 0] Спарсили часть...
[19.04.2020 13:47:20, поток 0] Спарсили часть...
[19.04.2020 13:47:21, поток 0] Спарсили часть...
[19.04.2020 13:47:27, поток 0] Спарсили часть...
[19.04.2020 13:47:29, поток 0] Спарсили часть...
[19.04.2020 13:47:30, поток 0] Спарсили часть...
[19.04.2020 13:47:32, поток 0] Спарсили часть...
[19.04.2020 13:47:34, поток 0] Спарсили часть...
[19.04.2020 13:47:36, поток 0] Спарсили часть...
[19.04.2020 13:47:38, поток 0] Спарсили часть...
[19.04.2020 13:47:40, поток 0] Спарсили часть...
[19.04.2020 13:47:42, поток 0] Спарсили часть...
[19.04.2020 13:47:44, поток 0] Спарсили часть...
[19.04.2020 13:47:46, поток 0] Спарсили часть...
[19.04.2020 13:47:48, поток 0] Спарсили часть...
[19.04.2020 13:47:50, поток 0] Спарсили часть...
[19.04.2020 13:47:51, поток 0] Спарсили часть...
[19.04.2020 13:47:53, поток 0] Спарсили часть...
[19.04.2020 13:47:55, поток 0] Спарсили часть...
[19.04.2020 13:47:56, поток 0] Спарсили часть...
[19.04.2020 13:47:58, поток 0] Спарсили часть...
[19.04.2020 13:48:00, поток 0] Спарсили часть...
[19.04.2020 13:48:01, поток 0] Спарсили часть...
[19.04.2020 13:48:03, поток 0] Спарсили часть...
[19.04.2020 13:48:05, поток 0] Спарсили часть...
[19.04.2020 13:48:07, поток 0] Спарсили часть...
[19.04.2020 13:48:09, поток 0] Спарсили часть...
[19.04.2020 13:48:11, поток 0] Спарсили часть...
[19.04.2020 13:48:12, поток 0] Спарсили часть...
[19.04.2020 13:48:14, поток 0] Спарсили часть...
[19.04.2020 13:48:16, поток 0] Спарсили часть...
[19.04.2020 13:48:18, поток 0] Спарсили часть...
[19.04.2020 13:48:20, поток 0] Спарсили часть...
[19.04.2020 13:48:21, поток 0] Спарсили часть...
[19.04.2020 13:48:23, поток 0] Спарсили часть...
[19.04.2020 13:48:24, поток 0] Спарсили часть...
[19.04.2020 13:48:26, поток 0] Спарсили часть...
[19.04.2020 13:48:28, поток 0] Спарсили часть...
[19.04.2020 13:48:29, поток 0] Спарсили часть...
[19.04.2020 13:48:31, поток 0] Спарсили часть...
[19.04.2020 13:48:33, поток 0] Спарсили часть...
[19.04.2020 13:48:34, поток 0] Спарсили часть...
[19.04.2020 13:48:36, поток 0] Спарсили часть...
[19.04.2020 13:48:38, поток 0] Спарсили часть...
[19.04.2020 13:48:40, поток 0] Спарсили часть...
[19.04.2020 13:48:42, поток 0] Спарсили часть...
[19.04.2020 13:48:43, поток 0] Спарсили часть...
[19.04.2020 13:48:45, поток 0] Спарсили часть...
[19.04.2020 13:48:47, поток 0] Спарсили часть...
[19.04.2020 13:48:48, поток 0] Спарсили часть...
[19.04.2020 13:48:50, поток 0] Спарсили часть...
[19.04.2020 13:48:52, поток 0] Спарсили часть...
[19.04.2020 13:48:54, поток 0] Спарсили часть...
[19.04.2020 13:48:55, поток 0] Спарсили часть...
[19.04.2020 13:48:57, поток 0] Спарсили часть...
[19.04.2020 13:48:59, поток 0] Спарсили часть...
[19.04.2020 13:49:01, поток 0] Спарсили часть...
[19.04.2020 13:49:03, поток 0] Спарсили часть...
[19.04.2020 13:49:05, поток 0] Спарсили часть...
[19.04.2020 13:49:07, поток 0] Спарсили часть...
[19.04.2020 13:49:09, поток 0] Спарсили часть...
[19.04.2020 13:49:11, поток 0] Спарсили часть...
[19.04.2020 13:49:12, поток 0] Спарсили часть...
[19.04.2020 13:49:14, поток 0] Спарсили часть...
[19.04.2020 13:49:16, поток 0] Спарсили часть...
[19.04.2020 13:49:18, поток 0] Спарсили часть...
[19.04.2020 13:49:19, поток 0] Спарсили часть...
[19.04.2020 13:49:21, поток 0] Спарсили часть...
[19.04.2020 13:49:23, поток 0] Спарсили часть...
[19.04.2020 13:49:24, поток 0] Спарсили часть...
[19.04.2020 13:49:26, поток 0] Спарсили часть...
[19.04.2020 13:49:28, поток 0] Спарсили часть...
[19.04.2020 13:49:30, поток 0] Спарсили часть...
[19.04.2020 13:49:31, поток 0] Спарсили часть...
[19.04.2020 13:49:33, поток 0] Спарсили часть...
[19.04.2020 13:49:35, поток 0] Спарсили часть...
[19.04.2020 13:49:36, поток 0] Спарсили часть...
[19.04.2020 13:49:38, поток 0] Спарсили часть...
[19.04.2020 13:49:40, поток 0] Спарсили часть...
[19.04.2020 13:49:41, поток 0] Спарсили часть...
[19.04.2020 13:49:43, поток 0] Спарсили часть...
[19.04.2020 13:49:45, поток 0] Спарсили часть...
[19.04.2020 13:49:47, поток 0] Спарсили часть...
[19.04.2020 13:49:48, поток 0] Спарсили часть...
[19.04.2020 13:49:50, поток 0] Спарсили часть...
[19.04.2020 13:49:51, поток 0] Спарсили часть...
[19.04.2020 13:49:53, поток 0] Спарсили часть...
[19.04.2020 13:49:55, поток 0] Спарсили часть...
[19.04.2020 13:49:57, поток 0] Спарсили часть...
[19.04.2020 13:49:59, поток 0] Спарсили часть...
[19.04.2020 13:50:01, поток 0] Спарсили часть...
[19.04.2020 13:50:03, поток 0] Спарсили часть...
[19.04.2020 13:50:04, поток 0] Спарсили часть...
[19.04.2020 13:50:06, поток 0] Спарсили часть...
[19.04.2020 13:50:08, поток 0] Спарсили часть...
[19.04.2020 13:50:09, поток 0] Спарсили часть...
[19.04.2020 13:50:11, поток 0] Спарсили часть...
[19.04.2020 13:50:13, поток 0] Спарсили часть...
[19.04.2020 13:50:14, поток 0] Спарсили часть...
[19.04.2020 13:50:16, поток 0] Спарсили часть...
[19.04.2020 13:50:18, поток 0] Спарсили часть...
[19.04.2020 13:50:20, поток 0] Спарсили часть...
[19.04.2020 13:50:22, поток 0] Спарсили часть...
[19.04.2020 13:50:24, поток 0] Спарсили часть...
[19.04.2020 13:50:25, поток 0] Спарсили часть...
[19.04.2020 13:50:27, поток 0] Спарсили часть...
[19.04.2020 13:50:29, поток 0] Спарсили часть...
[19.04.2020 13:50:31, поток 0] Спарсили часть...
[19.04.2020 13:50:33, поток 0] Спарсили часть...
[19.04.2020 13:50:33, поток 0] (Ошибка) Текст ошибки: System.NullReferenceException: Ссылка на объект не указывает на экземпляр объекта.
   в InstaDirectMessage_ButDev.InstagramHashtagsParser.GetData(String cookie) в D:\MaXiMAA\MaXiMAAOld\C#Готово\KWORK\InstaDirectMessage_ButDev\InstaDirectMessage_ButDev\InstagramHashtagsParser.cs:строка 301
[19.04.2020 13:50:33, поток 0] Спарсили часть...
[19.04.2020 13:50:33, поток 0] [DEBUG] Сменили прокси.
[19.04.2020 13:50:33, поток 0] Что-то не так, пытаемся спарсить снова.
[19.04.2020 13:50:33, поток 0] [DEBUG] Сменили прокси.
[19.04.2020 13:50:33, поток 0] Что-то не так, пытаемся спарсить снова.
[19.04.2020 13:50:33, поток 0] [DEBUG] Сменили прокси.
[19.04.2020 13:50:33, поток 0] Что-то не так, пытаемся спарсить снова.
[19.04.2020 13:50:33, поток 0] [DEBUG] Сменили прокси.
[19.04.2020 13:50:33, поток 0] Что-то не так, пытаемся спарсить снова.
[19.04.2020 13:50:33, поток 0] [DEBUG] Сменили прокси.
[19.04.2020 13:50:33, поток 0] Что-то не так, пытаемся спарсить снова.
[19.04.2020 13:50:33, поток 0] [DEBUG] Сменили прокси.
[19.04.2020 13:50:33, поток 0] Что-то не так, пытаемся спарсить снова.
[19.04.2020 13:50:33, поток 0] [DEBUG] Сменили прокси.
[19.04.2020 13:50:33, поток 0] Что-то не так, пытаемся спарсить снова.
[19.04.2020 13:50:33, поток 0] [DEBUG] Сменили прокси.
[19.04.2020 13:50:33, поток 0] Что-то не так, пытаемся спарсить снова.
[19.04.2020 13:50:33, поток 0] [DEBUG] Сменили прокси.
[19.04.2020 13:50:33, поток 0] Что-то не так, пытаемся спарсить снова.
[19.04.2020 13:50:33, поток 0] [DEBUG] Сменили прокси.
[19.04.2020 13:50:33, поток 0] Что-то не так, пытаемся спарсить снова.
[19.04.2020 13:57:35, поток 0] Парсим куки...
[19.04.2020 13:57:37, поток 0] (Ошибка) Текст ошибки: xNet.HttpException: Не удалось соединиться с HTTP-сервером 'www.instagram.com'. ---> xNet.ProxyException: Не удалось соединиться с прокси-сервером '95.165.151.65:47881'. ---> System.Net.Sockets.SocketException: Подключение не установлено, т.к. конечный компьютер отверг запрос на подключение 95.165.151.65:47881
   в System.Net.Sockets.Socket.InternalEndConnect(IAsyncResult asyncResult)
   в System.Net.Sockets.Socket.EndConnect(IAsyncResult asyncResult)
   в System.Net.Sockets.TcpClient.EndConnect(IAsyncResult asyncResult)
   в xNet.ProxyClient.<>c__DisplayClass38_0.<CreateConnectionToProxy>b__0(IAsyncResult ar)
   --- Конец трассировки внутреннего стека исключений ---
   в xNet.ProxyClient.CreateConnectionToProxy()
   в xNet.HttpProxyClient.CreateConnection(String destinationHost, Int32 destinationPort, TcpClient tcpClient)
   в xNet.HttpRequest.CreateTcpConnection(String host, Int32 port)
   --- Конец трассировки внутреннего стека исключений ---
   в xNet.HttpRequest.CreateTcpConnection(String host, Int32 port)
   в xNet.HttpRequest.CreateConnection(Uri address)
   в xNet.HttpRequest.TryCreateConnectionOrUseExisting(Uri address, Uri previousAddress)
   в xNet.HttpRequest.Request(HttpMethod method, Uri address, HttpContent content)
   в xNet.HttpRequest.Raw(HttpMethod method, Uri address, HttpContent content)
   в xNet.HttpRequest.Raw(HttpMethod method, String address, HttpContent content)
   в xNet.HttpRequest.Get(String address, RequestParams urlParams)
   в InstaDirectMessage_ButDev.InstagramHashtagsParser.GetCookie() в D:\MaXiMAA\MaXiMAAOld\C#Готово\KWORK\InstaDirectMessage_ButDev\InstaDirectMessage_ButDev\InstagramHashtagsParser.cs:строка 179
[19.04.2020 13:57:37, поток 0] [DEBUG] Сменили прокси.
[19.04.2020 13:57:37, поток 0] Парсим куки...
[19.04.2020 13:57:39, поток 0] Спарсили куки
[19.04.2020 13:57:39, поток 0] Получили куки...
[19.04.2020 13:57:39, поток 0] Начинаем парсинг...
[19.04.2020 13:57:45, поток 0] Спарсили часть...
[19.04.2020 13:57:46, поток 0] Спарсили часть...
[19.04.2020 13:57:48, поток 0] Спарсили часть...
[19.04.2020 13:57:50, поток 0] Спарсили часть...
[19.04.2020 13:57:51, поток 0] Спарсили часть...
[19.04.2020 13:57:53, поток 0] Спарсили часть...
[19.04.2020 13:57:55, поток 0] Спарсили часть...
[19.04.2020 13:57:57, поток 0] Спарсили часть...
[19.04.2020 13:57:59, поток 0] Спарсили часть...
[19.04.2020 13:58:00, поток 0] Спарсили часть...
[19.04.2020 13:58:02, поток 0] Спарсили часть...
[19.04.2020 13:58:04, поток 0] Спарсили часть...
[19.04.2020 13:58:06, поток 0] Спарсили часть...
[19.04.2020 13:58:08, поток 0] Спарсили часть...
[19.04.2020 13:58:09, поток 0] Спарсили часть...
[19.04.2020 13:58:11, поток 0] Спарсили часть...
[19.04.2020 13:58:13, поток 0] Спарсили часть...
[19.04.2020 13:58:14, поток 0] Спарсили часть...
[19.04.2020 13:58:16, поток 0] Спарсили часть...
[19.04.2020 13:58:18, поток 0] Спарсили часть...
[19.04.2020 13:58:20, поток 0] Спарсили часть...
[19.04.2020 13:58:21, поток 0] Спарсили часть...
[19.04.2020 13:58:23, поток 0] Спарсили часть...
[19.04.2020 13:58:25, поток 0] Спарсили часть...
[19.04.2020 13:58:26, поток 0] Спарсили часть...
[19.04.2020 13:58:28, поток 0] Спарсили часть...
[19.04.2020 13:58:30, поток 0] Спарсили часть...
[19.04.2020 13:58:32, поток 0] Спарсили часть...
[19.04.2020 13:58:34, поток 0] Спарсили часть...
[19.04.2020 13:58:36, поток 0] Спарсили часть...
[19.04.2020 13:58:38, поток 0] Спарсили часть...
[19.04.2020 13:58:39, поток 0] Спарсили часть...
[19.04.2020 13:58:41, поток 0] Спарсили часть...
[19.04.2020 13:58:43, поток 0] Спарсили часть...
[19.04.2020 13:58:45, поток 0] Спарсили часть...
[19.04.2020 13:58:47, поток 0] Спарсили часть...
[19.04.2020 13:58:48, поток 0] Спарсили часть...
[19.04.2020 13:58:50, поток 0] Спарсили часть...
[19.04.2020 13:58:52, поток 0] Спарсили часть...
[19.04.2020 13:58:54, поток 0] Спарсили часть...
[19.04.2020 13:58:56, поток 0] Спарсили часть...
[19.04.2020 13:58:58, поток 0] Спарсили часть...
[19.04.2020 13:58:59, поток 0] Спарсили часть...
[19.04.2020 13:59:01, поток 0] Спарсили часть...
[19.04.2020 13:59:03, поток 0] Спарсили часть...
[19.04.2020 13:59:05, поток 0] Спарсили часть...
[19.04.2020 13:59:07, поток 0] Спарсили часть...
[19.04.2020 13:59:09, поток 0] Спарсили часть...
[19.04.2020 13:59:10, поток 0] Спарсили часть...
[19.04.2020 13:59:12, поток 0] Спарсили часть...
[19.04.2020 13:59:14, поток 0] Спарсили часть...
[19.04.2020 13:59:16, поток 0] Спарсили часть...
[19.04.2020 13:59:18, поток 0] Спарсили часть...
[19.04.2020 13:59:19, поток 0] Спарсили часть...
[19.04.2020 13:59:21, поток 0] Спарсили часть...
[19.04.2020 13:59:23, поток 0] Спарсили часть...
[19.04.2020 13:59:25, поток 0] Спарсили часть...
[19.04.2020 13:59:27, поток 0] Спарсили часть...
[19.04.2020 13:59:29, поток 0] Спарсили часть...
[19.04.2020 13:59:30, поток 0] Спарсили часть...
[19.04.2020 13:59:32, поток 0] Спарсили часть...
[19.04.2020 13:59:34, поток 0] Спарсили часть...
[19.04.2020 13:59:36, поток 0] Спарсили часть...
[19.04.2020 13:59:38, поток 0] Спарсили часть...
[19.04.2020 13:59:39, поток 0] Спарсили часть...
[19.04.2020 13:59:41, поток 0] Спарсили часть...
[19.04.2020 13:59:43, поток 0] Спарсили часть...
[19.04.2020 13:59:45, поток 0] Спарсили часть...
[19.04.2020 13:59:47, поток 0] Спарсили часть...
[19.04.2020 13:59:49, поток 0] Спарсили часть...
[19.04.2020 13:59:50, поток 0] Спарсили часть...
[19.04.2020 13:59:52, поток 0] Спарсили часть...
[19.04.2020 13:59:54, поток 0] Спарсили часть...
[19.04.2020 13:59:56, поток 0] Спарсили часть...
[19.04.2020 13:59:57, поток 0] Спарсили часть...
[19.04.2020 13:59:59, поток 0] Спарсили часть...
[19.04.2020 14:00:01, поток 0] Спарсили часть...
[19.04.2020 14:00:03, поток 0] Спарсили часть...
[19.04.2020 14:00:04, поток 0] Спарсили часть...
[19.04.2020 14:00:06, поток 0] Спарсили часть...
[19.04.2020 14:00:08, поток 0] Спарсили часть...
[19.04.2020 14:00:10, поток 0] Спарсили часть...
[19.04.2020 14:00:12, поток 0] Спарсили часть...
[19.04.2020 14:00:15, поток 0] Спарсили часть...
[19.04.2020 14:00:16, поток 0] Спарсили часть...
[19.04.2020 14:00:18, поток 0] Спарсили часть...
[19.04.2020 14:00:20, поток 0] Спарсили часть...
[19.04.2020 14:00:22, поток 0] Спарсили часть...
[19.04.2020 14:00:24, поток 0] Спарсили часть...
[19.04.2020 14:00:26, поток 0] Спарсили часть...
[19.04.2020 14:00:28, поток 0] Спарсили часть...
[19.04.2020 14:00:29, поток 0] Спарсили часть...
[19.04.2020 14:00:31, поток 0] Спарсили часть...
[19.04.2020 14:00:33, поток 0] Спарсили часть...
[19.04.2020 14:00:35, поток 0] Спарсили часть...
[19.04.2020 14:00:37, поток 0] Спарсили часть...
[19.04.2020 14:00:39, поток 0] Спарсили часть...
[19.04.2020 14:00:41, поток 0] Спарсили часть...
[19.04.2020 14:00:42, поток 0] Спарсили часть...
[19.04.2020 14:00:44, поток 0] Спарсили часть...
[19.04.2020 14:00:46, поток 0] Спарсили часть...
[19.04.2020 14:00:48, поток 0] Спарсили часть...
[19.04.2020 14:00:50, поток 0] Спарсили часть...
[19.04.2020 14:00:52, поток 0] Спарсили часть...
[19.04.2020 14:00:53, поток 0] Спарсили часть...
[19.04.2020 14:00:55, поток 0] Спарсили часть...
[19.04.2020 14:00:57, поток 0] Спарсили часть...
[19.04.2020 14:00:59, поток 0] Спарсили часть...
[19.04.2020 14:01:01, поток 0] Спарсили часть...
[19.04.2020 14:01:03, поток 0] Спарсили часть...
[19.04.2020 14:01:04, поток 0] Спарсили часть...
[19.04.2020 14:01:06, поток 0] Спарсили часть...
[19.04.2020 14:01:08, поток 0] Спарсили часть...
[19.04.2020 14:01:09, поток 0] Спарсили часть...
[19.04.2020 14:01:11, поток 0] Спарсили часть...
[19.04.2020 14:01:13, поток 0] Спарсили часть...
[19.04.2020 14:01:14, поток 0] Спарсили часть...
[19.04.2020 14:01:16, поток 0] Спарсили часть...
[19.04.2020 14:01:18, поток 0] Спарсили часть...
[19.04.2020 14:01:20, поток 0] Спарсили часть...
[19.04.2020 14:01:22, поток 0] Спарсили часть...
[19.04.2020 14:01:24, поток 0] Спарсили часть...
[19.04.2020 14:01:26, поток 0] Спарсили часть...
[19.04.2020 14:01:27, поток 0] Спарсили часть...
[19.04.2020 14:01:29, поток 0] Спарсили часть...
[19.04.2020 14:01:31, поток 0] Спарсили часть...
[19.04.2020 14:01:33, поток 0] Спарсили часть...
[19.04.2020 14:01:35, поток 0] Спарсили часть...
[19.04.2020 14:01:37, поток 0] Спарсили часть...
[19.04.2020 14:01:39, поток 0] Спарсили часть...
[19.04.2020 14:01:41, поток 0] Спарсили часть...
[19.04.2020 14:01:43, поток 0] Спарсили часть...
[19.04.2020 14:01:45, поток 0] Спарсили часть...
[19.04.2020 14:01:47, поток 0] Спарсили часть...
[19.04.2020 14:01:49, поток 0] Спарсили часть...
[19.04.2020 14:01:50, поток 0] Спарсили часть...
[19.04.2020 14:01:52, поток 0] Спарсили часть...
[19.04.2020 14:01:54, поток 0] Спарсили часть...
[19.04.2020 14:01:56, поток 0] Спарсили часть...
[19.04.2020 14:01:57, поток 0] Спарсили часть...
[19.04.2020 14:01:59, поток 0] Спарсили часть...
[19.04.2020 14:02:01, поток 0] Спарсили часть...
[19.04.2020 14:02:03, поток 0] Спарсили часть...
[19.04.2020 14:02:04, поток 0] Спарсили часть...
[19.04.2020 14:02:06, поток 0] Спарсили часть...
[19.04.2020 14:02:08, поток 0] Спарсили часть...
[19.04.2020 14:02:14, поток 0] Спарсили часть...
[19.04.2020 14:02:16, поток 0] Спарсили часть...
[19.04.2020 14:02:18, поток 0] Спарсили часть...
[19.04.2020 14:02:19, поток 0] Спарсили часть...
[19.04.2020 14:02:21, поток 0] Спарсили часть...
[19.04.2020 14:02:24, поток 0] Спарсили часть...
[19.04.2020 14:02:25, поток 0] Спарсили часть...
[19.04.2020 14:02:27, поток 0] Спарсили часть...
[19.04.2020 14:02:29, поток 0] Спарсили часть...
[19.04.2020 14:02:31, поток 0] Спарсили часть...
[19.04.2020 14:02:33, поток 0] Спарсили часть...
[19.04.2020 14:02:35, поток 0] Спарсили часть...
[19.04.2020 14:02:36, поток 0] Спарсили часть...
[19.04.2020 14:02:38, поток 0] Спарсили часть...
[19.04.2020 14:02:40, поток 0] Спарсили часть...
[19.04.2020 14:02:42, поток 0] Спарсили часть...
[19.04.2020 14:02:44, поток 0] Спарсили часть...
[19.04.2020 14:02:46, поток 0] Спарсили часть...
[19.04.2020 14:02:48, поток 0] Спарсили часть...
[19.04.2020 14:02:50, поток 0] Спарсили часть...
[19.04.2020 14:02:52, поток 0] Спарсили часть...
[19.04.2020 14:02:53, поток 0] Спарсили часть...
[19.04.2020 14:02:55, поток 0] Спарсили часть...
[19.04.2020 14:02:57, поток 0] Спарсили часть...
[19.04.2020 14:02:58, поток 0] Спарсили часть...
[19.04.2020 14:03:00, поток 0] Спарсили часть...
[19.04.2020 14:03:02, поток 0] Спарсили часть...
[19.04.2020 14:03:04, поток 0] Спарсили часть...
[19.04.2020 14:03:06, поток 0] Спарсили часть...
[19.04.2020 14:03:07, поток 0] Спарсили часть...
[19.04.2020 14:03:09, поток 0] Спарсили часть...
[19.04.2020 14:03:10, поток 0] Спарсили часть...
[19.04.2020 14:03:12, поток 0] Спарсили часть...
[19.04.2020 14:03:14, поток 0] Спарсили часть...
[19.04.2020 14:03:15, поток 0] Спарсили часть...
[19.04.2020 14:03:17, поток 0] Спарсили часть...
[19.04.2020 14:03:18, поток 0] Спарсили часть...
[19.04.2020 14:03:20, поток 0] Спарсили часть...
[19.04.2020 14:03:22, поток 0] Спарсили часть...
[19.04.2020 14:03:23, поток 0] Спарсили часть...
[19.04.2020 14:03:25, поток 0] Спарсили часть...
[19.04.2020 14:03:27, поток 0] Спарсили часть...
[19.04.2020 14:03:28, поток 0] Спарсили часть...
[19.04.2020 14:03:30, поток 0] Спарсили часть...
[19.04.2020 14:03:32, поток 0] Спарсили часть...
[19.04.2020 14:03:34, поток 0] Спарсили часть...
[19.04.2020 14:03:35, поток 0] Спарсили часть...
[19.04.2020 14:03:37, поток 0] Спарсили часть...
[19.04.2020 14:03:39, поток 0] Спарсили часть...
[19.04.2020 14:03:41, поток 0] Спарсили часть...
[19.04.2020 14:03:43, поток 0] Спарсили часть...
[19.04.2020 14:03:45, поток 0] Спарсили часть...
[19.04.2020 14:03:47, поток 0] Спарсили часть...
[19.04.2020 14:03:48, поток 0] Спарсили часть...
[19.04.2020 14:03:49, поток 0] (Ошибка) Текст ошибки: System.NullReferenceException: Ссылка на объект не указывает на экземпляр объекта.
   в InstaDirectMessage_ButDev.InstagramHashtagsParser.GetData(String cookie) в D:\MaXiMAA\MaXiMAAOld\C#Готово\KWORK\InstaDirectMessage_ButDev\InstaDirectMessage_ButDev\InstagramHashtagsParser.cs:строка 301
[19.04.2020 14:03:49, поток 0] Спарсили часть...
[19.04.2020 14:03:49, поток 0] [DEBUG] Сменили прокси.
[19.04.2020 14:03:49, поток 0] Что-то не так, пытаемся спарсить снова.
[19.04.2020 14:03:49, поток 0] [DEBUG] Сменили прокси.
[19.04.2020 14:03:49, поток 0] Что-то не так, пытаемся спарсить снова.
[19.04.2020 14:03:49, поток 0] [DEBUG] Сменили прокси.
[19.04.2020 14:03:49, поток 0] Что-то не так, пытаемся спарсить снова.
[19.04.2020 14:03:49, поток 0] [DEBUG] Сменили прокси.
[19.04.2020 14:03:49, поток 0] Что-то не так, пытаемся спарсить снова.
[19.04.2020 14:03:49, поток 0] [DEBUG] Сменили прокси.
[19.04.2020 14:03:49, поток 0] Что-то не так, пытаемся спарсить снова.
[19.04.2020 14:03:49, поток 0] [DEBUG] Сменили прокси.
[19.04.2020 14:03:49, поток 0] Что-то не так, пытаемся спарсить снова.
[19.04.2020 14:03:49, поток 0] [DEBUG] Сменили прокси.
[19.04.2020 14:03:49, поток 0] Что-то не так, пытаемся спарсить снова.
[19.04.2020 14:03:49, поток 0] [DEBUG] Сменили прокси.
[19.04.2020 14:03:49, поток 0] Что-то не так, пытаемся спарсить снова.
[19.04.2020 14:03:49, поток 0] [DEBUG] Сменили прокси.
[19.04.2020 14:03:49, поток 0] Что-то не так, пытаемся спарсить снова.
[19.04.2020 14:07:40, поток 0] Парсим куки...
[19.04.2020 14:07:43, поток 0] (Ошибка) Текст ошибки: xNet.HttpException: Не удалось соединиться с HTTP-сервером 'www.instagram.com'. ---> xNet.ProxyException: Не удалось соединиться с прокси-сервером '95.165.151.65:47881'. ---> System.Net.Sockets.SocketException: Подключение не установлено, т.к. конечный компьютер отверг запрос на подключение 95.165.151.65:47881
   в System.Net.Sockets.Socket.InternalEndConnect(IAsyncResult asyncResult)
   в System.Net.Sockets.Socket.EndConnect(IAsyncResult asyncResult)
   в System.Net.Sockets.TcpClient.EndConnect(IAsyncResult asyncResult)
   в xNet.ProxyClient.<>c__DisplayClass38_0.<CreateConnectionToProxy>b__0(IAsyncResult ar)
   --- Конец трассировки внутреннего стека исключений ---
   в xNet.ProxyClient.CreateConnectionToProxy()
   в xNet.HttpProxyClient.CreateConnection(String destinationHost, Int32 destinationPort, TcpClient tcpClient)
   в xNet.HttpRequest.CreateTcpConnection(String host, Int32 port)
   --- Конец трассировки внутреннего стека исключений ---
   в xNet.HttpRequest.CreateTcpConnection(String host, Int32 port)
   в xNet.HttpRequest.CreateConnection(Uri address)
   в xNet.HttpRequest.TryCreateConnectionOrUseExisting(Uri address, Uri previousAddress)
   в xNet.HttpRequest.Request(HttpMethod method, Uri address, HttpContent content)
   в xNet.HttpRequest.Raw(HttpMethod method, Uri address, HttpContent content)
   в xNet.HttpRequest.Raw(HttpMethod method, String address, HttpContent content)
   в xNet.HttpRequest.Get(String address, RequestParams urlParams)
   в InstaDirectMessage_ButDev.InstagramHashtagsParser.GetCookie() в D:\MaXiMAA\MaXiMAAOld\C#Готово\KWORK\InstaDirectMessage_ButDev\InstaDirectMessage_ButDev\InstagramHashtagsParser.cs:строка 179
[19.04.2020 14:07:43, поток 0] [DEBUG] Сменили прокси.
[19.04.2020 14:07:43, поток 0] Парсим куки...
[19.04.2020 14:07:44, поток 0] Спарсили куки
[19.04.2020 14:07:44, поток 0] Получили куки...
[19.04.2020 14:07:44, поток 0] Начинаем парсинг...
[19.04.2020 14:07:48, поток 0] Спарсили часть...
[19.04.2020 14:07:48, поток 0] Парсинг тэга "money" закончен!
[19.04.2020 14:08:01, поток 0] Парсим куки...
[19.04.2020 14:08:04, поток 0] (Ошибка) Текст ошибки: xNet.HttpException: Не удалось соединиться с HTTP-сервером 'www.instagram.com'. ---> xNet.ProxyException: Не удалось соединиться с прокси-сервером '95.165.151.65:47881'. ---> System.Net.Sockets.SocketException: Подключение не установлено, т.к. конечный компьютер отверг запрос на подключение 95.165.151.65:47881
   в System.Net.Sockets.Socket.InternalEndConnect(IAsyncResult asyncResult)
   в System.Net.Sockets.Socket.EndConnect(IAsyncResult asyncResult)
   в System.Net.Sockets.TcpClient.EndConnect(IAsyncResult asyncResult)
   в xNet.ProxyClient.<>c__DisplayClass38_0.<CreateConnectionToProxy>b__0(IAsyncResult ar)
   --- Конец трассировки внутреннего стека исключений ---
   в xNet.ProxyClient.CreateConnectionToProxy()
   в xNet.HttpProxyClient.CreateConnection(String destinationHost, Int32 destinationPort, TcpClient tcpClient)
   в xNet.HttpRequest.CreateTcpConnection(String host, Int32 port)
   --- Конец трассировки внутреннего стека исключений ---
   в xNet.HttpRequest.CreateTcpConnection(String host, Int32 port)
   в xNet.HttpRequest.CreateConnection(Uri address)
   в xNet.HttpRequest.TryCreateConnectionOrUseExisting(Uri address, Uri previousAddress)
   в xNet.HttpRequest.Request(HttpMethod method, Uri address, HttpContent content)
   в xNet.HttpRequest.Raw(HttpMethod method, Uri address, HttpContent content)
   в xNet.HttpRequest.Raw(HttpMethod method, String address, HttpContent content)
   в xNet.HttpRequest.Get(String address, RequestParams urlParams)
   в InstaDirectMessage_ButDev.InstagramHashtagsParser.GetCookie() в D:\MaXiMAA\MaXiMAAOld\C#Готово\KWORK\InstaDirectMessage_ButDev\InstaDirectMessage_ButDev\InstagramHashtagsParser.cs:строка 179
[19.04.2020 14:08:04, поток 0] [DEBUG] Сменили прокси.
[19.04.2020 14:08:04, поток 0] Парсим куки...
[19.04.2020 14:08:04, поток 0] Спарсили куки
[19.04.2020 14:08:04, поток 0] Получили куки...
[19.04.2020 14:08:04, поток 0] Начинаем парсинг...
[19.04.2020 14:08:09, поток 0] Спарсили часть...
[19.04.2020 14:08:11, поток 0] Спарсили часть...
[19.04.2020 14:08:33, поток 0] (Ошибка) Текст ошибки: System.NullReferenceException: Ссылка на объект не указывает на экземпляр объекта.
   в InstaDirectMessage_ButDev.InstagramHashtagsParser.GetData(String cookie) в D:\MaXiMAA\MaXiMAAOld\C#Готово\KWORK\InstaDirectMessage_ButDev\InstaDirectMessage_ButDev\InstagramHashtagsParser.cs:строка 301
[19.04.2020 14:08:33, поток 0] Спарсили часть...
[19.04.2020 14:08:33, поток 0] [DEBUG] Сменили прокси.
[19.04.2020 14:08:33, поток 0] Что-то не так, пытаемся спарсить снова.
[19.04.2020 14:08:33, поток 0] [DEBUG] Сменили прокси.
[19.04.2020 14:08:33, поток 0] Что-то не так, пытаемся спарсить снова.
[19.04.2020 14:08:33, поток 0] [DEBUG] Сменили прокси.
[19.04.2020 14:08:33, поток 0] Что-то не так, пытаемся спарсить снова.
[19.04.2020 14:08:33, поток 0] [DEBUG] Сменили прокси.
[19.04.2020 14:08:33, поток 0] Что-то не так, пытаемся спарсить снова.
[19.04.2020 14:08:33, поток 0] [DEBUG] Сменили прокси.
[19.04.2020 14:08:33, поток 0] Что-то не так, пытаемся спарсить снова.
[19.04.2020 14:08:33, поток 0] [DEBUG] Сменили прокси.
[19.04.2020 14:08:33, поток 0] Что-то не так, пытаемся спарсить снова.
[19.04.2020 14:08:33, поток 0] [DEBUG] Сменили прокси.
[19.04.2020 14:08:33, поток 0] Что-то не так, пытаемся спарсить снова.
[19.04.2020 14:08:33, поток 0] [DEBUG] Сменили прокси.
[19.04.2020 14:08:33, поток 0] Что-то не так, пытаемся спарсить снова.
[19.04.2020 14:08:33, поток 0] [DEBUG] Сменили прокси.
[19.04.2020 14:08:33, поток 0] Что-то не так, пытаемся спарсить снова.
[19.04.2020 14:30:11, поток 0] Парсим куки...
[19.04.2020 14:30:12, поток 0] Спарсили куки
[19.04.2020 14:30:12, поток 0] Получили куки...
[19.04.2020 14:30:12, поток 0] Начинаем парсинг...
[19.04.2020 14:30:31, поток 0] Спарсили часть...
[19.04.2020 14:30:47, поток 0] Спарсили часть...
[19.04.2020 14:31:03, поток 0] Спарсили часть...
[19.04.2020 14:31:20, поток 0] Спарсили часть...
[19.04.2020 14:31:37, поток 0] Спарсили часть...
[19.04.2020 14:31:53, поток 0] Спарсили часть...
[19.04.2020 14:32:10, поток 0] Спарсили часть...
[19.04.2020 14:32:26, поток 0] Спарсили часть...
[19.04.2020 14:32:43, поток 0] Спарсили часть...
[19.04.2020 14:33:00, поток 0] Спарсили часть...
[19.04.2020 14:33:17, поток 0] Спарсили часть...
[19.04.2020 14:33:32, поток 0] Спарсили часть...
[19.04.2020 14:33:49, поток 0] Спарсили часть...
[19.04.2020 14:34:03, поток 0] Спарсили часть...
[19.04.2020 14:34:18, поток 0] Спарсили часть...
[19.04.2020 14:34:34, поток 0] Спарсили часть...
[19.04.2020 14:34:49, поток 0] Спарсили часть...
[19.04.2020 14:35:05, поток 0] Спарсили часть...
[19.04.2020 14:35:21, поток 0] Спарсили часть...
[19.04.2020 14:35:37, поток 0] Спарсили часть...
[19.04.2020 14:35:52, поток 0] Спарсили часть...
[19.04.2020 14:36:08, поток 0] Спарсили часть...
[19.04.2020 14:36:24, поток 0] Спарсили часть...
[19.04.2020 14:36:41, поток 0] Спарсили часть...
[19.04.2020 14:36:56, поток 0] Спарсили часть...
[19.04.2020 14:37:13, поток 0] Спарсили часть...
[19.04.2020 14:37:30, поток 0] Спарсили часть...
[19.04.2020 14:37:45, поток 0] Спарсили часть...
[19.04.2020 14:38:01, поток 0] Спарсили часть...
[19.04.2020 14:38:18, поток 0] Спарсили часть...
[19.04.2020 14:38:33, поток 0] Спарсили часть...
[19.04.2020 14:38:49, поток 0] Спарсили часть...
[19.04.2020 14:39:05, поток 0] Спарсили часть...
[19.04.2020 14:39:21, поток 0] Спарсили часть...
[19.04.2020 14:39:38, поток 0] Спарсили часть...
[19.04.2020 14:39:56, поток 0] Спарсили часть...
[19.04.2020 14:40:12, поток 0] Спарсили часть...
[19.04.2020 14:40:28, поток 0] Спарсили часть...
[19.04.2020 14:40:44, поток 0] Спарсили часть...
[19.04.2020 14:41:01, поток 0] Спарсили часть...
[19.04.2020 14:41:18, поток 0] Спарсили часть...
[19.04.2020 14:41:35, поток 0] Спарсили часть...
[19.04.2020 14:41:52, поток 0] Спарсили часть...
[19.04.2020 14:42:09, поток 0] Спарсили часть...
[19.04.2020 14:42:25, поток 0] Спарсили часть...
[19.04.2020 14:42:42, поток 0] Спарсили часть...
[19.04.2020 14:42:59, поток 0] Спарсили часть...
[19.04.2020 14:43:15, поток 0] Спарсили часть...
[19.04.2020 14:43:31, поток 0] Спарсили часть...
[19.04.2020 14:43:47, поток 0] Спарсили часть...
[19.04.2020 14:44:04, поток 0] Спарсили часть...
[19.04.2020 14:44:21, поток 0] Спарсили часть...
[19.04.2020 14:44:36, поток 0] Спарсили часть...
[19.04.2020 14:44:53, поток 0] Спарсили часть...
[19.04.2020 14:45:10, поток 0] Спарсили часть...
[19.04.2020 14:45:26, поток 0] Спарсили часть...
[19.04.2020 14:45:42, поток 0] Спарсили часть...
[19.04.2020 14:45:58, поток 0] Спарсили часть...
[19.04.2020 14:46:15, поток 0] Спарсили часть...
[19.04.2020 14:46:31, поток 0] Спарсили часть...
[19.04.2020 14:46:47, поток 0] Спарсили часть...
[19.04.2020 14:47:02, поток 0] Спарсили часть...
[19.04.2020 14:47:19, поток 0] Спарсили часть...
[19.04.2020 14:47:36, поток 0] Спарсили часть...
[19.04.2020 14:47:52, поток 0] Спарсили часть...
[19.04.2020 14:48:08, поток 0] Спарсили часть...
[19.04.2020 14:48:24, поток 0] Спарсили часть...
[19.04.2020 14:48:40, поток 0] Спарсили часть...
[19.04.2020 14:48:57, поток 0] Спарсили часть...
[19.04.2020 14:49:12, поток 0] Спарсили часть...
[19.04.2020 14:49:28, поток 0] Спарсили часть...
[19.04.2020 14:49:43, поток 0] Спарсили часть...
[19.04.2020 14:49:59, поток 0] Спарсили часть...
[19.04.2020 14:50:15, поток 0] Спарсили часть...
[19.04.2020 14:50:31, поток 0] Спарсили часть...
[19.04.2020 14:50:47, поток 0] Спарсили часть...
[19.04.2020 14:51:03, поток 0] Спарсили часть...
[19.04.2020 14:51:19, поток 0] Спарсили часть...
[19.04.2020 14:51:35, поток 0] Спарсили часть...
[19.04.2020 14:51:52, поток 0] Спарсили часть...
[19.04.2020 14:52:08, поток 0] Спарсили часть...
[19.04.2020 14:52:25, поток 0] Спарсили часть...
[19.04.2020 14:52:41, поток 0] Спарсили часть...
[19.04.2020 14:52:56, поток 0] Спарсили часть...
[19.04.2020 14:53:12, поток 0] Спарсили часть...
[19.04.2020 14:53:29, поток 0] Спарсили часть...
[19.04.2020 14:53:45, поток 0] Спарсили часть...
[19.04.2020 14:54:00, поток 0] Спарсили часть...
[19.04.2020 14:54:16, поток 0] Спарсили часть...
[19.04.2020 14:54:32, поток 0] Спарсили часть...
[19.04.2020 14:54:48, поток 0] Спарсили часть...
[19.04.2020 14:55:04, поток 0] Спарсили часть...
[19.04.2020 14:55:19, поток 0] Спарсили часть...
[19.04.2020 14:55:35, поток 0] Спарсили часть...
[19.04.2020 14:55:51, поток 0] Спарсили часть...
[19.04.2020 14:56:06, поток 0] Спарсили часть...
[19.04.2020 14:56:22, поток 0] Спарсили часть...
[19.04.2020 14:56:38, поток 0] Спарсили часть...
[19.04.2020 14:56:54, поток 0] Спарсили часть...
[19.04.2020 14:57:11, поток 0] Спарсили часть...
[19.04.2020 14:57:27, поток 0] Спарсили часть...
[19.04.2020 14:57:44, поток 0] Спарсили часть...
[19.04.2020 14:58:00, поток 0] Спарсили часть...
[19.04.2020 14:58:16, поток 0] Спарсили часть...
[19.04.2020 14:58:32, поток 0] Спарсили часть...
[19.04.2020 14:58:49, поток 0] Спарсили часть...
[19.04.2020 14:59:05, поток 0] Спарсили часть...
[19.04.2020 14:59:20, поток 0] Спарсили часть...
[19.04.2020 14:59:36, поток 0] Спарсили часть...
[19.04.2020 14:59:52, поток 0] Спарсили часть...
[19.04.2020 15:00:08, поток 0] Спарсили часть...
[19.04.2020 15:00:23, поток 0] Спарсили часть...
[19.04.2020 15:00:40, поток 0] Спарсили часть...
[19.04.2020 15:00:55, поток 0] Спарсили часть...
[19.04.2020 15:01:10, поток 0] Спарсили часть...
[19.04.2020 15:01:26, поток 0] Спарсили часть...
[19.04.2020 15:01:42, поток 0] Спарсили часть...
[19.04.2020 15:01:57, поток 0] Спарсили часть...
[19.04.2020 15:02:13, поток 0] Спарсили часть...
[19.04.2020 15:02:30, поток 0] Спарсили часть...
[19.04.2020 15:02:45, поток 0] Спарсили часть...
[19.04.2020 15:02:59, поток 0] Спарсили часть...
[19.04.2020 15:03:14, поток 0] Спарсили часть...
[19.04.2020 15:03:31, поток 0] Спарсили часть...
[19.04.2020 15:03:45, поток 0] Спарсили часть...
[19.04.2020 15:04:01, поток 0] Спарсили часть...
[19.04.2020 15:04:18, поток 0] Спарсили часть...
[19.04.2020 15:04:33, поток 0] Спарсили часть...
[19.04.2020 15:04:50, поток 0] Спарсили часть...
[19.04.2020 15:05:06, поток 0] Спарсили часть...
[19.04.2020 15:05:22, поток 0] Спарсили часть...
[19.04.2020 15:05:38, поток 0] Спарсили часть...
[19.04.2020 15:05:55, поток 0] Спарсили часть...
[19.04.2020 15:06:11, поток 0] Спарсили часть...
[19.04.2020 15:06:28, поток 0] Спарсили часть...
[19.04.2020 15:06:44, поток 0] Спарсили часть...
[19.04.2020 15:07:00, поток 0] Спарсили часть...
[19.04.2020 15:07:15, поток 0] Спарсили часть...
[19.04.2020 15:07:31, поток 0] Спарсили часть...
[19.04.2020 15:07:49, поток 0] Спарсили часть...
[19.04.2020 15:08:05, поток 0] Спарсили часть...
[19.04.2020 15:08:20, поток 0] Спарсили часть...
[19.04.2020 15:08:37, поток 0] Спарсили часть...
[19.04.2020 15:08:52, поток 0] Спарсили часть...
[19.04.2020 15:09:08, поток 0] Спарсили часть...
[19.04.2020 15:09:25, поток 0] Спарсили часть...
[19.04.2020 15:09:38, поток 0] Спарсили часть...
[19.04.2020 15:09:54, поток 0] Спарсили часть...
[19.04.2020 15:10:11, поток 0] Спарсили часть...
[19.04.2020 15:10:26, поток 0] Спарсили часть...
[19.04.2020 15:10:42, поток 0] Спарсили часть...
[19.04.2020 15:10:57, поток 0] Спарсили часть...
[19.04.2020 15:11:12, поток 0] Спарсили часть...
[19.04.2020 15:11:28, поток 0] Спарсили часть...
[19.04.2020 15:11:43, поток 0] Спарсили часть...
[19.04.2020 15:11:59, поток 0] Спарсили часть...
[19.04.2020 15:12:15, поток 0] Спарсили часть...
[19.04.2020 15:12:30, поток 0] Спарсили часть...
[19.04.2020 15:12:47, поток 0] Спарсили часть...
[19.04.2020 15:13:03, поток 0] Спарсили часть...
[19.04.2020 15:13:18, поток 0] Спарсили часть...
[19.04.2020 15:13:34, поток 0] Спарсили часть...
[19.04.2020 15:13:51, поток 0] Спарсили часть...
[19.04.2020 15:14:07, поток 0] Спарсили часть...
[19.04.2020 15:14:22, поток 0] Спарсили часть...
[19.04.2020 15:14:38, поток 0] Спарсили часть...
[19.04.2020 15:14:54, поток 0] Спарсили часть...
[19.04.2020 15:15:10, поток 0] Спарсили часть...
[19.04.2020 15:15:26, поток 0] Спарсили часть...
[19.04.2020 15:15:42, поток 0] Спарсили часть...
[19.04.2020 15:15:58, поток 0] Спарсили часть...
[19.04.2020 15:16:14, поток 0] Спарсили часть...
[19.04.2020 15:16:30, поток 0] Спарсили часть...
[19.04.2020 15:16:45, поток 0] Спарсили часть...
[19.04.2020 15:17:01, поток 0] Спарсили часть...
[19.04.2020 15:17:16, поток 0] Спарсили часть...
[19.04.2020 15:17:32, поток 0] Спарсили часть...
[19.04.2020 15:17:47, поток 0] Спарсили часть...
[19.04.2020 15:18:02, поток 0] Спарсили часть...
[19.04.2020 15:18:18, поток 0] Спарсили часть...
[19.04.2020 15:18:33, поток 0] Спарсили часть...
[19.04.2020 15:18:50, поток 0] Спарсили часть...
[19.04.2020 15:19:07, поток 0] Спарсили часть...
[19.04.2020 15:19:23, поток 0] Спарсили часть...
[19.04.2020 15:19:39, поток 0] Спарсили часть...
[19.04.2020 15:19:54, поток 0] Спарсили часть...
[19.04.2020 15:20:10, поток 0] Спарсили часть...
[19.04.2020 15:20:25, поток 0] Спарсили часть...
[19.04.2020 15:20:41, поток 0] Спарсили часть...
[19.04.2020 15:20:55, поток 0] Спарсили часть...
[19.04.2020 15:21:08, поток 0] Спарсили часть...
[19.04.2020 15:21:19, поток 0] Спарсили часть...
[19.04.2020 15:21:35, поток 0] Спарсили часть...
[19.04.2020 15:21:51, поток 0] Спарсили часть...
[19.04.2020 15:22:07, поток 0] Спарсили часть...
[19.04.2020 15:22:23, поток 0] Спарсили часть...
[19.04.2020 15:22:38, поток 0] Спарсили часть...
[19.04.2020 15:22:54, поток 0] Спарсили часть...
[19.04.2020 15:23:10, поток 0] Спарсили часть...
[19.04.2020 15:23:26, поток 0] Спарсили часть...
[19.04.2020 15:23:43, поток 0] Спарсили часть...
[19.04.2020 15:23:59, поток 0] Спарсили часть...
[19.04.2020 15:24:16, поток 0] Спарсили часть...
[19.04.2020 15:24:31, поток 0] Спарсили часть...
[19.04.2020 15:24:46, поток 0] Спарсили часть...
[19.04.2020 15:25:02, поток 0] Спарсили часть...
[19.04.2020 15:25:18, поток 0] Спарсили часть...
[19.04.2020 15:25:35, поток 0] Спарсили часть...
[19.04.2020 15:25:51, поток 0] Спарсили часть...
[19.04.2020 15:26:07, поток 0] Спарсили часть...
[19.04.2020 15:26:24, поток 0] Спарсили часть...
[19.04.2020 15:26:37, поток 0] Спарсили часть...
[19.04.2020 15:26:54, поток 0] Спарсили часть...
[19.04.2020 15:27:10, поток 0] Спарсили часть...
[19.04.2020 15:27:27, поток 0] Спарсили часть...
[19.04.2020 15:27:43, поток 0] Спарсили часть...
[19.04.2020 15:28:00, поток 0] Спарсили часть...
[19.04.2020 15:28:16, поток 0] Спарсили часть...
[19.04.2020 15:28:32, поток 0] Спарсили часть...
[19.04.2020 15:28:49, поток 0] Спарсили часть...
[19.04.2020 15:29:05, поток 0] Спарсили часть...
[19.04.2020 15:29:22, поток 0] Спарсили часть...
[19.04.2020 15:29:38, поток 0] Спарсили часть...
[19.04.2020 15:29:55, поток 0] Спарсили часть...
[19.04.2020 15:30:12, поток 0] Спарсили часть...
[19.04.2020 15:30:28, поток 0] Спарсили часть...
[19.04.2020 15:30:45, поток 0] Спарсили часть...
[19.04.2020 15:31:02, поток 0] Спарсили часть...
[19.04.2020 15:31:17, поток 0] Спарсили часть...
[19.04.2020 15:31:33, поток 0] Спарсили часть...
[19.04.2020 15:31:50, поток 0] Спарсили часть...
[19.04.2020 15:32:06, поток 0] Спарсили часть...
[19.04.2020 15:32:22, поток 0] Спарсили часть...
[19.04.2020 15:32:39, поток 0] Спарсили часть...
[19.04.2020 15:32:55, поток 0] Спарсили часть...
[19.04.2020 15:33:11, поток 0] Спарсили часть...
[19.04.2020 15:33:28, поток 0] Спарсили часть...
[19.04.2020 15:33:44, поток 0] Спарсили часть...
[19.04.2020 15:34:00, поток 0] Спарсили часть...
[19.04.2020 15:34:17, поток 0] Спарсили часть...
[19.04.2020 15:34:34, поток 0] Спарсили часть...
[19.04.2020 15:34:49, поток 0] Спарсили часть...
[19.04.2020 15:35:05, поток 0] Спарсили часть...
[19.04.2020 15:35:20, поток 0] Спарсили часть...
[19.04.2020 15:35:37, поток 0] Спарсили часть...
[19.04.2020 15:35:54, поток 0] Спарсили часть...
[19.04.2020 15:36:11, поток 0] Спарсили часть...
[19.04.2020 15:36:28, поток 0] Спарсили часть...
[19.04.2020 15:36:45, поток 0] Спарсили часть...
[19.04.2020 15:37:01, поток 0] Спарсили часть...
[19.04.2020 15:37:17, поток 0] Спарсили часть...
[19.04.2020 15:37:33, поток 0] Спарсили часть...
[19.04.2020 15:37:50, поток 0] Спарсили часть...
[19.04.2020 15:38:07, поток 0] Спарсили часть...
[19.04.2020 15:38:23, поток 0] Спарсили часть...
[19.04.2020 15:38:40, поток 0] Спарсили часть...
[19.04.2020 15:38:57, поток 0] Спарсили часть...
[19.04.2020 15:39:13, поток 0] Спарсили часть...
[19.04.2020 15:39:29, поток 0] Спарсили часть...
[19.04.2020 15:39:45, поток 0] Спарсили часть...
[19.04.2020 15:40:02, поток 0] Спарсили часть...
[19.04.2020 15:40:18, поток 0] Спарсили часть...
[19.04.2020 15:40:34, поток 0] Спарсили часть...
[19.04.2020 15:40:50, поток 0] Спарсили часть...
[19.04.2020 15:41:07, поток 0] Спарсили часть...
[19.04.2020 15:41:23, поток 0] Спарсили часть...
[19.04.2020 15:41:40, поток 0] Спарсили часть...
[19.04.2020 15:41:57, поток 0] Спарсили часть...
[19.04.2020 15:42:14, поток 0] Спарсили часть...
[19.04.2020 15:42:30, поток 0] Спарсили часть...
[19.04.2020 15:42:45, поток 0] Спарсили часть...
[19.04.2020 15:43:01, поток 0] Спарсили часть...
[19.04.2020 15:43:18, поток 0] Спарсили часть...
[19.04.2020 15:43:35, поток 0] Спарсили часть...
[19.04.2020 15:43:51, поток 0] Спарсили часть...
[19.04.2020 15:44:08, поток 0] Спарсили часть...
[19.04.2020 15:44:24, поток 0] Спарсили часть...
[19.04.2020 15:44:41, поток 0] Спарсили часть...
[19.04.2020 15:44:57, поток 0] Спарсили часть...
[19.04.2020 15:45:13, поток 0] Спарсили часть...
[19.04.2020 15:45:30, поток 0] Спарсили часть...
[19.04.2020 15:45:47, поток 0] Спарсили часть...
[19.04.2020 15:46:04, поток 0] Спарсили часть...
[19.04.2020 15:46:19, поток 0] Спарсили часть...
[19.04.2020 15:46:35, поток 0] Спарсили часть...
[19.04.2020 15:46:51, поток 0] Спарсили часть...
[19.04.2020 15:47:07, поток 0] Спарсили часть...
[19.04.2020 15:47:23, поток 0] Спарсили часть...
[19.04.2020 15:47:39, поток 0] Спарсили часть...
[19.04.2020 15:47:55, поток 0] Спарсили часть...
[19.04.2020 15:48:11, поток 0] Спарсили часть...
[19.04.2020 15:48:29, поток 0] Спарсили часть...
[19.04.2020 15:48:45, поток 0] Спарсили часть...
[19.04.2020 15:49:02, поток 0] Спарсили часть...
[19.04.2020 15:49:17, поток 0] Спарсили часть...
[19.04.2020 15:49:34, поток 0] Спарсили часть...
[19.04.2020 15:49:48, поток 0] Спарсили часть...
[19.04.2020 15:50:05, поток 0] Спарсили часть...
[19.04.2020 15:50:22, поток 0] Спарсили часть...
[19.04.2020 15:50:38, поток 0] Спарсили часть...
[19.04.2020 15:50:53, поток 0] Спарсили часть...
[19.04.2020 15:51:09, поток 0] Спарсили часть...
[19.04.2020 15:51:24, поток 0] Спарсили часть...
[19.04.2020 15:51:40, поток 0] Спарсили часть...
[19.04.2020 15:51:56, поток 0] Спарсили часть...
[19.04.2020 15:52:12, поток 0] Спарсили часть...
[19.04.2020 15:52:29, поток 0] Спарсили часть...
[19.04.2020 15:52:44, поток 0] Спарсили часть...
[19.04.2020 15:53:00, поток 0] Спарсили часть...
[19.04.2020 15:53:17, поток 0] Спарсили часть...
[19.04.2020 15:53:34, поток 0] Спарсили часть...
[19.04.2020 15:53:51, поток 0] Спарсили часть...
[19.04.2020 15:54:08, поток 0] Спарсили часть...
[19.04.2020 15:54:25, поток 0] Спарсили часть...
[19.04.2020 15:54:43, поток 0] Спарсили часть...
[19.04.2020 15:54:59, поток 0] Спарсили часть...
[19.04.2020 15:55:16, поток 0] Спарсили часть...
[19.04.2020 15:55:32, поток 0] Спарсили часть...
[19.04.2020 15:55:49, поток 0] Спарсили часть...
[19.04.2020 15:56:06, поток 0] Спарсили часть...
[19.04.2020 15:56:22, поток 0] Спарсили часть...
[19.04.2020 15:56:38, поток 0] Спарсили часть...
[19.04.2020 15:56:54, поток 0] Спарсили часть...
[19.04.2020 15:57:09, поток 0] Спарсили часть...
[19.04.2020 15:57:24, поток 0] Спарсили часть...
[19.04.2020 15:57:41, поток 0] Спарсили часть...
[19.04.2020 15:57:58, поток 0] Спарсили часть...
[19.04.2020 15:58:12, поток 0] Спарсили часть...
[19.04.2020 15:58:27, поток 0] Спарсили часть...
[19.04.2020 15:58:43, поток 0] Спарсили часть...
[19.04.2020 15:58:59, поток 0] Спарсили часть...
[19.04.2020 15:59:16, поток 0] Спарсили часть...
[19.04.2020 15:59:33, поток 0] Спарсили часть...
[19.04.2020 15:59:48, поток 0] Спарсили часть...
[19.04.2020 16:00:04, поток 0] Спарсили часть...
[19.04.2020 16:00:17, поток 0] Спарсили часть...
[19.04.2020 16:00:34, поток 0] Спарсили часть...
[19.04.2020 16:00:50, поток 0] Спарсили часть...
[19.04.2020 16:01:05, поток 0] Спарсили часть...
[19.04.2020 16:01:19, поток 0] Спарсили часть...
[19.04.2020 16:01:35, поток 0] Спарсили часть...
[19.04.2020 16:01:50, поток 0] Спарсили часть...
[19.04.2020 16:02:07, поток 0] Спарсили часть...
[19.04.2020 16:02:22, поток 0] Спарсили часть...
[19.04.2020 16:02:38, поток 0] Спарсили часть...
[19.04.2020 16:02:54, поток 0] Спарсили часть...
[19.04.2020 16:03:10, поток 0] Спарсили часть...
[19.04.2020 16:03:26, поток 0] Спарсили часть...
[19.04.2020 16:03:43, поток 0] Спарсили часть...
[19.04.2020 16:03:57, поток 0] Спарсили часть...
[19.04.2020 16:04:14, поток 0] Спарсили часть...
[19.04.2020 16:04:30, поток 0] Спарсили часть...
[19.04.2020 16:04:47, поток 0] Спарсили часть...
[19.04.2020 16:05:03, поток 0] Спарсили часть...
[19.04.2020 16:05:18, поток 0] Спарсили часть...
[19.04.2020 16:05:35, поток 0] Спарсили часть...
[19.04.2020 16:05:51, поток 0] Спарсили часть...
[19.04.2020 16:06:08, поток 0] Спарсили часть...
[19.04.2020 16:06:25, поток 0] Спарсили часть...
[19.04.2020 16:06:43, поток 0] Спарсили часть...
[19.04.2020 16:06:59, поток 0] Спарсили часть...
[19.04.2020 16:07:15, поток 0] Спарсили часть...
[19.04.2020 16:07:32, поток 0] Спарсили часть...
[19.04.2020 16:07:50, поток 0] Спарсили часть...
[19.04.2020 16:08:07, поток 0] Спарсили часть...
[19.04.2020 16:08:24, поток 0] Спарсили часть...
[19.04.2020 16:08:40, поток 0] Спарсили часть...
[19.04.2020 16:08:56, поток 0] Спарсили часть...
[19.04.2020 16:09:15, поток 0] Спарсили часть...
[19.04.2020 16:09:31, поток 0] Спарсили часть...
[19.04.2020 16:09:48, поток 0] Спарсили часть...
[19.04.2020 16:10:04, поток 0] Спарсили часть...
[19.04.2020 16:10:20, поток 0] Спарсили часть...
[19.04.2020 16:10:37, поток 0] Спарсили часть...
[19.04.2020 16:10:53, поток 0] Спарсили часть...
[19.04.2020 16:11:10, поток 0] Спарсили часть...
[19.04.2020 16:11:26, поток 0] Спарсили часть...
[19.04.2020 16:11:43, поток 0] Спарсили часть...
[19.04.2020 16:12:00, поток 0] Спарсили часть...
[19.04.2020 16:12:17, поток 0] Спарсили часть...
[19.04.2020 16:12:33, поток 0] Спарсили часть...
[19.04.2020 16:12:51, поток 0] Спарсили часть...
[19.04.2020 16:13:07, поток 0] Спарсили часть...
[19.04.2020 16:13:24, поток 0] Спарсили часть...
[19.04.2020 16:13:41, поток 0] Спарсили часть...
[19.04.2020 16:13:58, поток 0] Спарсили часть...
[19.04.2020 16:14:14, поток 0] Спарсили часть...
[19.04.2020 16:14:31, поток 0] Спарсили часть...
[19.04.2020 16:14:47, поток 0] Спарсили часть...
[19.04.2020 16:15:04, поток 0] Спарсили часть...
[19.04.2020 16:15:21, поток 0] Спарсили часть...
[19.04.2020 16:15:37, поток 0] Спарсили часть...
[19.04.2020 16:15:53, поток 0] Спарсили часть...
[19.04.2020 16:16:09, поток 0] Спарсили часть...
[19.04.2020 16:16:24, поток 0] Спарсили часть...
[19.04.2020 16:16:41, поток 0] Спарсили часть...
[19.04.2020 16:16:57, поток 0] Спарсили часть...
[19.04.2020 16:17:13, поток 0] Спарсили часть...
[19.04.2020 16:17:29, поток 0] Спарсили часть...
[19.04.2020 16:17:47, поток 0] Спарсили часть...
[19.04.2020 16:18:04, поток 0] Спарсили часть...
[19.04.2020 16:18:21, поток 0] Спарсили часть...
[19.04.2020 16:18:36, поток 0] Спарсили часть...
[19.04.2020 16:18:53, поток 0] Спарсили часть...
[19.04.2020 16:19:10, поток 0] Спарсили часть...
[19.04.2020 16:19:26, поток 0] Спарсили часть...
[19.04.2020 16:19:43, поток 0] Спарсили часть...
[19.04.2020 16:19:59, поток 0] Спарсили часть...
[19.04.2020 16:20:16, поток 0] Спарсили часть...
[19.04.2020 16:20:32, поток 0] Спарсили часть...
[19.04.2020 16:20:49, поток 0] Спарсили часть...
[19.04.2020 16:21:05, поток 0] Спарсили часть...
[19.04.2020 16:21:21, поток 0] Спарсили часть...
[19.04.2020 16:21:37, поток 0] Спарсили часть...
[19.04.2020 16:21:54, поток 0] Спарсили часть...
[19.04.2020 16:22:11, поток 0] Спарсили часть...
[19.04.2020 16:22:27, поток 0] Спарсили часть...
[19.04.2020 16:22:43, поток 0] Спарсили часть...
[19.04.2020 16:22:59, поток 0] Спарсили часть...
[19.04.2020 16:23:16, поток 0] Спарсили часть...
[19.04.2020 16:23:33, поток 0] Спарсили часть...
[19.04.2020 16:23:50, поток 0] Спарсили часть...
[19.04.2020 16:24:07, поток 0] Спарсили часть...
[19.04.2020 16:24:23, поток 0] Спарсили часть...
[19.04.2020 16:24:39, поток 0] Спарсили часть...
[19.04.2020 16:24:56, поток 0] Спарсили часть...
[19.04.2020 16:25:12, поток 0] Спарсили часть...
[19.04.2020 16:25:28, поток 0] Спарсили часть...
[19.04.2020 16:25:44, поток 0] Спарсили часть...
[19.04.2020 16:25:59, поток 0] Спарсили часть...
[19.04.2020 16:26:15, поток 0] Спарсили часть...
[19.04.2020 16:26:32, поток 0] Спарсили часть...
[19.04.2020 16:26:48, поток 0] Спарсили часть...
[19.04.2020 16:27:05, поток 0] Спарсили часть...
[19.04.2020 16:27:21, поток 0] Спарсили часть...
[19.04.2020 16:27:38, поток 0] Спарсили часть...
[19.04.2020 16:27:53, поток 0] Спарсили часть...
[19.04.2020 16:28:09, поток 0] Спарсили часть...
[19.04.2020 16:28:24, поток 0] Спарсили часть...
[19.04.2020 16:28:41, поток 0] Спарсили часть...
[19.04.2020 16:28:59, поток 0] Спарсили часть...
[19.04.2020 16:29:15, поток 0] Спарсили часть...
[19.04.2020 16:29:32, поток 0] Спарсили часть...
[19.04.2020 16:29:49, поток 0] Спарсили часть...
[19.04.2020 16:30:06, поток 0] Спарсили часть...
[19.04.2020 16:30:23, поток 0] Спарсили часть...
[19.04.2020 16:30:39, поток 0] Спарсили часть...
[19.04.2020 16:30:56, поток 0] Спарсили часть...
[19.04.2020 16:31:12, поток 0] Спарсили часть...
[19.04.2020 16:31:29, поток 0] Спарсили часть...
[19.04.2020 16:31:45, поток 0] Спарсили часть...
[19.04.2020 16:32:02, поток 0] Спарсили часть...
[19.04.2020 16:32:18, поток 0] Спарсили часть...
[19.04.2020 16:32:35, поток 0] Спарсили часть...
[19.04.2020 16:32:52, поток 0] Спарсили часть...
[19.04.2020 16:33:09, поток 0] Спарсили часть...
[19.04.2020 16:33:26, поток 0] Спарсили часть...
[19.04.2020 16:33:42, поток 0] Спарсили часть...
[19.04.2020 16:33:59, поток 0] Спарсили часть...
[19.04.2020 16:34:16, поток 0] Спарсили часть...
[19.04.2020 16:34:33, поток 0] Спарсили часть...
[19.04.2020 16:34:49, поток 0] Спарсили часть...
[19.04.2020 16:35:07, поток 0] Спарсили часть...
[19.04.2020 16:35:23, поток 0] Спарсили часть...
[19.04.2020 16:35:39, поток 0] Спарсили часть...
[19.04.2020 16:35:55, поток 0] Спарсили часть...
[19.04.2020 16:36:11, поток 0] Спарсили часть...
[19.04.2020 16:36:28, поток 0] Спарсили часть...
[19.04.2020 16:36:44, поток 0] Спарсили часть...
[19.04.2020 16:37:00, поток 0] Спарсили часть...
[19.04.2020 16:37:17, поток 0] Спарсили часть...
