[19.04.2020 9:13:22, поток 0] Парсим куки...
[19.04.2020 9:13:22, поток 0] Спарсили куки
[19.04.2020 9:13:22, поток 0] Получили куки...
[19.04.2020 9:13:23, поток 0] Начинаем парсинг...
[19.04.2020 9:13:23, поток 0] [DEBUG] Сменили прокси.
[19.04.2020 9:13:23, поток 0] [DEBUG] Сменили прокси.
[19.04.2020 9:13:23, поток 0] [DEBUG] Сменили прокси.
[19.04.2020 9:13:23, поток 0] [DEBUG] Сменили прокси.
[19.04.2020 9:13:23, поток 0] [DEBUG] Сменили прокси.
[19.04.2020 9:13:23, поток 0] [DEBUG] Сменили прокси.
[19.04.2020 9:13:23, поток 0] [DEBUG] Сменили прокси.
[19.04.2020 9:13:23, поток 0] [DEBUG] Сменили прокси.
[19.04.2020 9:13:23, поток 0] [DEBUG] Сменили прокси.
[19.04.2020 9:13:23, поток 0] [DEBUG] Сменили прокси.
[19.04.2020 9:13:23, поток 0] Что-то не так, пытаемся спарсить снова.
[19.04.2020 9:13:23, поток 0] [DEBUG] Сменили прокси.
[19.04.2020 9:13:23, поток 0] Что-то не так, пытаемся спарсить снова.
[19.04.2020 9:13:23, поток 0] [DEBUG] Сменили прокси.
[19.04.2020 9:13:23, поток 0] Что-то не так, пытаемся спарсить снова.
[19.04.2020 9:13:23, поток 0] [DEBUG] Сменили прокси.
[19.04.2020 9:13:23, поток 0] Что-то не так, пытаемся спарсить снова.
[19.04.2020 9:13:23, поток 0] [DEBUG] Сменили прокси.
[19.04.2020 9:13:23, поток 0] Что-то не так, пытаемся спарсить снова.
[19.04.2020 9:13:23, поток 0] [DEBUG] Сменили прокси.
[19.04.2020 9:13:23, поток 0] Что-то не так, пытаемся спарсить снова.
[19.04.2020 9:13:23, поток 0] [DEBUG] Сменили прокси.
[19.04.2020 9:13:23, поток 0] Что-то не так, пытаемся спарсить снова.
[19.04.2020 9:13:23, поток 0] [DEBUG] Сменили прокси.
[19.04.2020 9:13:23, поток 0] Что-то не так, пытаемся спарсить снова.
[19.04.2020 9:13:23, поток 0] [DEBUG] Сменили прокси.
[19.04.2020 9:13:23, поток 0] Что-то не так, пытаемся спарсить снова.
[19.04.2020 9:13:23, поток 0] [DEBUG] Сменили прокси.
[19.04.2020 9:13:23, поток 0] Что-то не так, пытаемся спарсить снова.
[19.04.2020 9:13:23, поток 0] [DEBUG] Сменили прокси.
[19.04.2020 9:58:02, поток 0] Парсим куки...
[19.04.2020 9:58:02, поток 0] Спарсили куки
[19.04.2020 9:58:02, поток 0] Получили куки...
[19.04.2020 9:58:03, поток 0] Начинаем парсинг...
[19.04.2020 9:58:03, поток 0] [DEBUG] Сменили прокси.
[19.04.2020 9:58:03, поток 0] [DEBUG] Сменили прокси.
[19.04.2020 9:58:03, поток 0] [DEBUG] Сменили прокси.
[19.04.2020 9:58:03, поток 0] [DEBUG] Сменили прокси.
[19.04.2020 9:58:03, поток 0] [DEBUG] Сменили прокси.
[19.04.2020 9:58:03, поток 0] [DEBUG] Сменили прокси.
[19.04.2020 9:58:03, поток 0] [DEBUG] Сменили прокси.
[19.04.2020 9:58:03, поток 0] [DEBUG] Сменили прокси.
[19.04.2020 9:58:03, поток 0] [DEBUG] Сменили прокси.
[19.04.2020 9:58:03, поток 0] [DEBUG] Сменили прокси.
[19.04.2020 9:58:03, поток 0] Что-то не так, пытаемся спарсить снова.
[19.04.2020 9:58:03, поток 0] [DEBUG] Сменили прокси.
[19.04.2020 9:58:03, поток 0] Что-то не так, пытаемся спарсить снова.
[19.04.2020 9:58:03, поток 0] [DEBUG] Сменили прокси.
[19.04.2020 9:58:03, поток 0] Что-то не так, пытаемся спарсить снова.
[19.04.2020 9:58:03, поток 0] [DEBUG] Сменили прокси.
[19.04.2020 9:58:03, поток 0] Что-то не так, пытаемся спарсить снова.
[19.04.2020 9:58:03, поток 0] [DEBUG] Сменили прокси.
[19.04.2020 9:58:03, поток 0] Что-то не так, пытаемся спарсить снова.
[19.04.2020 9:58:03, поток 0] [DEBUG] Сменили прокси.
[19.04.2020 9:58:03, поток 0] Что-то не так, пытаемся спарсить снова.
[19.04.2020 9:58:03, поток 0] [DEBUG] Сменили прокси.
[19.04.2020 9:58:03, поток 0] Что-то не так, пытаемся спарсить снова.
[19.04.2020 9:58:03, поток 0] [DEBUG] Сменили прокси.
[19.04.2020 9:58:03, поток 0] Что-то не так, пытаемся спарсить снова.
[19.04.2020 9:58:03, поток 0] [DEBUG] Сменили прокси.
[19.04.2020 9:58:03, поток 0] Что-то не так, пытаемся спарсить снова.
[19.04.2020 9:58:03, поток 0] [DEBUG] Сменили прокси.
[19.04.2020 9:58:03, поток 0] Что-то не так, пытаемся спарсить снова.
[19.04.2020 9:58:03, поток 0] [DEBUG] Сменили прокси.
[19.04.2020 9:58:09, поток 0] Парсим куки...
[19.04.2020 9:58:34, поток 0] Парсим куки...
[19.04.2020 9:58:35, поток 0] Спарсили куки
[19.04.2020 9:58:35, поток 0] Получили куки...
[19.04.2020 9:58:35, поток 0] Начинаем парсинг...
[19.04.2020 9:58:35, поток 0] [DEBUG] Сменили прокси.
[19.04.2020 9:58:35, поток 0] [DEBUG] Сменили прокси.
[19.04.2020 9:58:35, поток 0] [DEBUG] Сменили прокси.
[19.04.2020 9:58:35, поток 0] [DEBUG] Сменили прокси.
[19.04.2020 9:58:35, поток 0] [DEBUG] Сменили прокси.
[19.04.2020 9:58:35, поток 0] [DEBUG] Сменили прокси.
[19.04.2020 9:58:35, поток 0] [DEBUG] Сменили прокси.
[19.04.2020 9:58:35, поток 0] [DEBUG] Сменили прокси.
[19.04.2020 9:58:35, поток 0] [DEBUG] Сменили прокси.
[19.04.2020 9:58:35, поток 0] [DEBUG] Сменили прокси.
[19.04.2020 9:58:35, поток 0] Что-то не так, пытаемся спарсить снова.
[19.04.2020 9:58:35, поток 0] [DEBUG] Сменили прокси.
[19.04.2020 9:58:35, поток 0] Что-то не так, пытаемся спарсить снова.
[19.04.2020 9:58:35, поток 0] [DEBUG] Сменили прокси.
[19.04.2020 9:58:35, поток 0] Что-то не так, пытаемся спарсить снова.
[19.04.2020 9:58:35, поток 0] [DEBUG] Сменили прокси.
[19.04.2020 9:58:35, поток 0] Что-то не так, пытаемся спарсить снова.
[19.04.2020 9:58:35, поток 0] [DEBUG] Сменили прокси.
[19.04.2020 9:58:35, поток 0] Что-то не так, пытаемся спарсить снова.
[19.04.2020 9:58:35, поток 0] [DEBUG] Сменили прокси.
[19.04.2020 9:58:35, поток 0] Что-то не так, пытаемся спарсить снова.
[19.04.2020 9:58:35, поток 0] [DEBUG] Сменили прокси.
[19.04.2020 9:58:35, поток 0] Что-то не так, пытаемся спарсить снова.
[19.04.2020 9:58:35, поток 0] [DEBUG] Сменили прокси.
[19.04.2020 9:58:35, поток 0] Что-то не так, пытаемся спарсить снова.
[19.04.2020 9:58:35, поток 0] [DEBUG] Сменили прокси.
[19.04.2020 9:58:35, поток 0] Что-то не так, пытаемся спарсить снова.
[19.04.2020 9:58:35, поток 0] [DEBUG] Сменили прокси.
[19.04.2020 9:58:35, поток 0] Что-то не так, пытаемся спарсить снова.
[19.04.2020 9:58:35, поток 0] [DEBUG] Сменили прокси.
[19.04.2020 10:10:38, поток 0] Парсим куки...
[19.04.2020 10:10:39, поток 0] Спарсили куки
[19.04.2020 10:10:39, поток 0] Получили куки...
[19.04.2020 10:10:50, поток 0] Начинаем парсинг...
[19.04.2020 10:10:50, поток 0] [DEBUG] Сменили прокси.
[19.04.2020 10:10:50, поток 0] [DEBUG] Сменили прокси.
[19.04.2020 10:10:50, поток 0] [DEBUG] Сменили прокси.
[19.04.2020 10:10:50, поток 0] [DEBUG] Сменили прокси.
[19.04.2020 10:10:50, поток 0] [DEBUG] Сменили прокси.
[19.04.2020 10:10:50, поток 0] [DEBUG] Сменили прокси.
[19.04.2020 10:10:50, поток 0] [DEBUG] Сменили прокси.
[19.04.2020 10:10:50, поток 0] [DEBUG] Сменили прокси.
[19.04.2020 10:10:50, поток 0] [DEBUG] Сменили прокси.
[19.04.2020 10:10:50, поток 0] [DEBUG] Сменили прокси.
[19.04.2020 10:10:50, поток 0] Что-то не так, пытаемся спарсить снова.
[19.04.2020 10:10:50, поток 0] [DEBUG] Сменили прокси.
[19.04.2020 10:10:50, поток 0] Что-то не так, пытаемся спарсить снова.
[19.04.2020 10:10:50, поток 0] [DEBUG] Сменили прокси.
[19.04.2020 10:10:50, поток 0] Что-то не так, пытаемся спарсить снова.
[19.04.2020 10:10:50, поток 0] [DEBUG] Сменили прокси.
[19.04.2020 10:10:50, поток 0] Что-то не так, пытаемся спарсить снова.
[19.04.2020 10:10:50, поток 0] [DEBUG] Сменили прокси.
[19.04.2020 10:10:50, поток 0] Что-то не так, пытаемся спарсить снова.
[19.04.2020 10:10:50, поток 0] [DEBUG] Сменили прокси.
[19.04.2020 10:10:50, поток 0] Что-то не так, пытаемся спарсить снова.
[19.04.2020 10:10:50, поток 0] [DEBUG] Сменили прокси.
[19.04.2020 10:10:50, поток 0] Что-то не так, пытаемся спарсить снова.
[19.04.2020 10:10:50, поток 0] [DEBUG] Сменили прокси.
[19.04.2020 10:10:50, поток 0] Что-то не так, пытаемся спарсить снова.
[19.04.2020 10:10:50, поток 0] [DEBUG] Сменили прокси.
[19.04.2020 10:10:50, поток 0] Что-то не так, пытаемся спарсить снова.
[19.04.2020 10:10:50, поток 0] [DEBUG] Сменили прокси.
[19.04.2020 10:10:50, поток 0] Что-то не так, пытаемся спарсить снова.
[19.04.2020 10:10:50, поток 0] [DEBUG] Сменили прокси.
[19.04.2020 10:12:07, поток 0] Парсим куки...
[19.04.2020 10:12:08, поток 0] Спарсили куки
[19.04.2020 10:12:08, поток 0] Получили куки...
[19.04.2020 10:12:12, поток 0] Начинаем парсинг...
[19.04.2020 10:12:12, поток 0] [DEBUG] Сменили прокси.
[19.04.2020 10:12:12, поток 0] [DEBUG] Сменили прокси.
[19.04.2020 10:12:12, поток 0] [DEBUG] Сменили прокси.
[19.04.2020 10:12:12, поток 0] [DEBUG] Сменили прокси.
[19.04.2020 10:12:12, поток 0] [DEBUG] Сменили прокси.
[19.04.2020 10:12:12, поток 0] [DEBUG] Сменили прокси.
[19.04.2020 10:12:12, поток 0] [DEBUG] Сменили прокси.
[19.04.2020 10:12:12, поток 0] [DEBUG] Сменили прокси.
[19.04.2020 10:12:12, поток 0] [DEBUG] Сменили прокси.
[19.04.2020 10:12:12, поток 0] [DEBUG] Сменили прокси.
[19.04.2020 10:12:12, поток 0] Что-то не так, пытаемся спарсить снова.
[19.04.2020 10:12:12, поток 0] [DEBUG] Сменили прокси.
[19.04.2020 10:12:12, поток 0] Что-то не так, пытаемся спарсить снова.
[19.04.2020 10:12:12, поток 0] [DEBUG] Сменили прокси.
[19.04.2020 10:12:12, поток 0] Что-то не так, пытаемся спарсить снова.
[19.04.2020 10:12:12, поток 0] [DEBUG] Сменили прокси.
[19.04.2020 10:12:12, поток 0] Что-то не так, пытаемся спарсить снова.
[19.04.2020 10:12:12, поток 0] [DEBUG] Сменили прокси.
[19.04.2020 10:12:12, поток 0] Что-то не так, пытаемся спарсить снова.
[19.04.2020 10:12:12, поток 0] [DEBUG] Сменили прокси.
[19.04.2020 10:12:12, поток 0] Что-то не так, пытаемся спарсить снова.
[19.04.2020 10:12:12, поток 0] [DEBUG] Сменили прокси.
[19.04.2020 10:12:12, поток 0] Что-то не так, пытаемся спарсить снова.
[19.04.2020 10:12:12, поток 0] [DEBUG] Сменили прокси.
[19.04.2020 10:12:12, поток 0] Что-то не так, пытаемся спарсить снова.
[19.04.2020 10:12:12, поток 0] [DEBUG] Сменили прокси.
[19.04.2020 10:12:12, поток 0] Что-то не так, пытаемся спарсить снова.
[19.04.2020 10:12:12, поток 0] [DEBUG] Сменили прокси.
[19.04.2020 10:12:12, поток 0] Что-то не так, пытаемся спарсить снова.
[19.04.2020 10:12:12, поток 0] [DEBUG] Сменили прокси.
[19.04.2020 10:14:14, поток 0] Парсим куки...
[19.04.2020 10:14:14, поток 0] Спарсили куки
[19.04.2020 10:14:14, поток 0] Получили куки...
[19.04.2020 10:14:18, поток 0] Начинаем парсинг...
[19.04.2020 10:14:18, поток 0] [DEBUG] Сменили прокси.
[19.04.2020 10:14:18, поток 0] [DEBUG] Сменили прокси.
[19.04.2020 10:14:18, поток 0] [DEBUG] Сменили прокси.
[19.04.2020 10:14:18, поток 0] [DEBUG] Сменили прокси.
[19.04.2020 10:14:18, поток 0] [DEBUG] Сменили прокси.
[19.04.2020 10:14:18, поток 0] [DEBUG] Сменили прокси.
[19.04.2020 10:14:18, поток 0] [DEBUG] Сменили прокси.
[19.04.2020 10:14:18, поток 0] [DEBUG] Сменили прокси.
[19.04.2020 10:14:18, поток 0] [DEBUG] Сменили прокси.
[19.04.2020 10:14:18, поток 0] [DEBUG] Сменили прокси.
[19.04.2020 10:14:18, поток 0] Что-то не так, пытаемся спарсить снова.
[19.04.2020 10:14:18, поток 0] [DEBUG] Сменили прокси.
[19.04.2020 10:14:18, поток 0] Что-то не так, пытаемся спарсить снова.
[19.04.2020 10:14:18, поток 0] [DEBUG] Сменили прокси.
[19.04.2020 10:14:18, поток 0] Что-то не так, пытаемся спарсить снова.
[19.04.2020 10:14:18, поток 0] [DEBUG] Сменили прокси.
[19.04.2020 10:14:18, поток 0] Что-то не так, пытаемся спарсить снова.
[19.04.2020 10:14:18, поток 0] [DEBUG] Сменили прокси.
[19.04.2020 10:14:18, поток 0] Что-то не так, пытаемся спарсить снова.
[19.04.2020 10:14:18, поток 0] [DEBUG] Сменили прокси.
[19.04.2020 10:14:18, поток 0] Что-то не так, пытаемся спарсить снова.
[19.04.2020 10:14:18, поток 0] [DEBUG] Сменили прокси.
[19.04.2020 10:14:18, поток 0] Что-то не так, пытаемся спарсить снова.
[19.04.2020 10:14:18, поток 0] [DEBUG] Сменили прокси.
[19.04.2020 10:14:18, поток 0] Что-то не так, пытаемся спарсить снова.
[19.04.2020 10:14:18, поток 0] [DEBUG] Сменили прокси.
[19.04.2020 10:14:18, поток 0] Что-то не так, пытаемся спарсить снова.
[19.04.2020 10:14:18, поток 0] [DEBUG] Сменили прокси.
[19.04.2020 10:14:18, поток 0] Что-то не так, пытаемся спарсить снова.
[19.04.2020 10:14:18, поток 0] [DEBUG] Сменили прокси.
[19.04.2020 11:01:36, поток 0] Парсим куки...
[19.04.2020 11:01:37, поток 0] Спарсили куки
[19.04.2020 11:01:37, поток 0] Получили куки...
[19.04.2020 11:02:59, поток 0] Начинаем парсинг...
[19.04.2020 11:02:59, поток 0] [DEBUG] Сменили прокси.
[19.04.2020 11:02:59, поток 0] [DEBUG] Сменили прокси.
[19.04.2020 11:02:59, поток 0] [DEBUG] Сменили прокси.
[19.04.2020 11:02:59, поток 0] [DEBUG] Сменили прокси.
[19.04.2020 11:02:59, поток 0] [DEBUG] Сменили прокси.
[19.04.2020 11:02:59, поток 0] [DEBUG] Сменили прокси.
[19.04.2020 11:02:59, поток 0] [DEBUG] Сменили прокси.
[19.04.2020 11:02:59, поток 0] [DEBUG] Сменили прокси.
[19.04.2020 11:02:59, поток 0] [DEBUG] Сменили прокси.
[19.04.2020 11:02:59, поток 0] [DEBUG] Сменили прокси.
[19.04.2020 11:02:59, поток 0] Что-то не так, пытаемся спарсить снова.
[19.04.2020 11:02:59, поток 0] [DEBUG] Сменили прокси.
[19.04.2020 11:02:59, поток 0] Что-то не так, пытаемся спарсить снова.
[19.04.2020 11:02:59, поток 0] [DEBUG] Сменили прокси.
[19.04.2020 11:02:59, поток 0] Что-то не так, пытаемся спарсить снова.
[19.04.2020 11:02:59, поток 0] [DEBUG] Сменили прокси.
[19.04.2020 11:02:59, поток 0] Что-то не так, пытаемся спарсить снова.
[19.04.2020 11:02:59, поток 0] [DEBUG] Сменили прокси.
[19.04.2020 11:02:59, поток 0] Что-то не так, пытаемся спарсить снова.
[19.04.2020 11:02:59, поток 0] [DEBUG] Сменили прокси.
[19.04.2020 11:02:59, поток 0] Что-то не так, пытаемся спарсить снова.
[19.04.2020 11:02:59, поток 0] [DEBUG] Сменили прокси.
[19.04.2020 11:02:59, поток 0] Что-то не так, пытаемся спарсить снова.
[19.04.2020 11:02:59, поток 0] [DEBUG] Сменили прокси.
[19.04.2020 11:02:59, поток 0] Что-то не так, пытаемся спарсить снова.
[19.04.2020 11:02:59, поток 0] [DEBUG] Сменили прокси.
[19.04.2020 11:02:59, поток 0] Что-то не так, пытаемся спарсить снова.
[19.04.2020 11:02:59, поток 0] [DEBUG] Сменили прокси.
[19.04.2020 11:02:59, поток 0] Что-то не так, пытаемся спарсить снова.
[19.04.2020 11:02:59, поток 0] [DEBUG] Сменили прокси.
[19.04.2020 11:04:48, поток 0] Парсим куки...
[19.04.2020 11:04:49, поток 0] Спарсили куки
[19.04.2020 11:04:49, поток 0] Получили куки...
[19.04.2020 11:04:52, поток 0] Начинаем парсинг...
[19.04.2020 11:11:15, поток 0] Парсинг геопозиции "Minsk" закончен!
[19.04.2020 11:16:39, поток 0] Парсим куки...
[19.04.2020 11:16:40, поток 0] Спарсили куки
[19.04.2020 11:16:40, поток 0] Получили куки...
[19.04.2020 11:16:40, поток 0] Начинаем парсинг...
[19.04.2020 11:24:17, поток 0] (Ошибка) Текст ошибки: Newtonsoft.Json.JsonReaderException: Unexpected character encountered while parsing value: <. Path '', line 0, position 0.
   в Newtonsoft.Json.JsonTextReader.ParseValue()
   в Newtonsoft.Json.JsonTextReader.Read()
   в Newtonsoft.Json.JsonReader.ReadForType(JsonContract contract, Boolean hasConverter)
   в Newtonsoft.Json.Serialization.JsonSerializerInternalReader.Deserialize(JsonReader reader, Type objectType, Boolean checkAdditionalContent)
   в Newtonsoft.Json.JsonSerializer.DeserializeInternal(JsonReader reader, Type objectType)
   в Newtonsoft.Json.JsonConvert.DeserializeObject(String value, Type type, JsonSerializerSettings settings)
   в Newtonsoft.Json.JsonConvert.DeserializeObject[T](String value, JsonSerializerSettings settings)
   в Newtonsoft.Json.JsonConvert.DeserializeObject[T](String value)
   в InstaDirectMessage_ButDev.InstagramGeoParser.GetFirstData(String cookie) в D:\MaXiMAA\MaXiMAAOld\C#Готово\KWORK\InstaDirectMessage_ButDev\InstaDirectMessage_ButDev\InstagramGeoParser.cs:строка 312
[19.04.2020 11:24:17, поток 0] [DEBUG] Сменили прокси.
[19.04.2020 11:24:17, поток 0] [DEBUG] Сменили прокси.
[19.04.2020 11:24:17, поток 0] [DEBUG] Сменили прокси.
[19.04.2020 11:24:17, поток 0] [DEBUG] Сменили прокси.
[19.04.2020 11:24:17, поток 0] [DEBUG] Сменили прокси.
[19.04.2020 11:24:17, поток 0] [DEBUG] Сменили прокси.
[19.04.2020 11:24:17, поток 0] [DEBUG] Сменили прокси.
[19.04.2020 11:24:17, поток 0] [DEBUG] Сменили прокси.
[19.04.2020 11:24:17, поток 0] [DEBUG] Сменили прокси.
[19.04.2020 11:24:17, поток 0] [DEBUG] Сменили прокси.
[19.04.2020 11:24:17, поток 0] Что-то не так, пытаемся спарсить снова.
[19.04.2020 11:24:17, поток 0] [DEBUG] Сменили прокси.
[19.04.2020 11:24:17, поток 0] Что-то не так, пытаемся спарсить снова.
[19.04.2020 11:24:17, поток 0] [DEBUG] Сменили прокси.
[19.04.2020 11:24:17, поток 0] Что-то не так, пытаемся спарсить снова.
[19.04.2020 11:24:17, поток 0] [DEBUG] Сменили прокси.
[19.04.2020 11:24:17, поток 0] Что-то не так, пытаемся спарсить снова.
[19.04.2020 11:24:17, поток 0] [DEBUG] Сменили прокси.
[19.04.2020 11:24:17, поток 0] Что-то не так, пытаемся спарсить снова.
[19.04.2020 11:24:17, поток 0] [DEBUG] Сменили прокси.
[19.04.2020 11:24:17, поток 0] Что-то не так, пытаемся спарсить снова.
[19.04.2020 11:24:17, поток 0] [DEBUG] Сменили прокси.
[19.04.2020 11:24:17, поток 0] Что-то не так, пытаемся спарсить снова.
[19.04.2020 11:24:17, поток 0] [DEBUG] Сменили прокси.
[19.04.2020 11:24:17, поток 0] Что-то не так, пытаемся спарсить снова.
[19.04.2020 11:24:17, поток 0] [DEBUG] Сменили прокси.
[19.04.2020 11:24:17, поток 0] Что-то не так, пытаемся спарсить снова.
[19.04.2020 11:24:17, поток 0] [DEBUG] Сменили прокси.
[19.04.2020 11:24:17, поток 0] Что-то не так, пытаемся спарсить снова.
[19.04.2020 11:24:17, поток 0] [DEBUG] Сменили прокси.
[19.04.2020 11:25:00, поток 0] Парсим куки...
[19.04.2020 11:25:05, поток 0] Спарсили куки
[19.04.2020 11:25:05, поток 0] Получили куки...
[19.04.2020 11:25:17, поток 0] Начинаем парсинг...
[19.04.2020 11:30:03, поток 0] (Ошибка) Текст ошибки: System.NullReferenceException: Ссылка на объект не указывает на экземпляр объекта.
   в InstaDirectMessage_ButDev.InstagramGeoParser.GetFirstData(String cookie) в D:\MaXiMAA\MaXiMAAOld\C#Готово\KWORK\InstaDirectMessage_ButDev\InstaDirectMessage_ButDev\InstagramGeoParser.cs:строка 314
[19.04.2020 11:30:03, поток 0] [DEBUG] Сменили прокси.
[19.04.2020 11:30:03, поток 0] [DEBUG] Сменили прокси.
[19.04.2020 11:30:03, поток 0] [DEBUG] Сменили прокси.
[19.04.2020 11:30:03, поток 0] [DEBUG] Сменили прокси.
[19.04.2020 11:30:03, поток 0] [DEBUG] Сменили прокси.
[19.04.2020 11:30:03, поток 0] [DEBUG] Сменили прокси.
[19.04.2020 11:30:03, поток 0] [DEBUG] Сменили прокси.
[19.04.2020 11:30:03, поток 0] [DEBUG] Сменили прокси.
[19.04.2020 11:30:03, поток 0] [DEBUG] Сменили прокси.
[19.04.2020 11:30:03, поток 0] [DEBUG] Сменили прокси.
[19.04.2020 11:30:03, поток 0] Что-то не так, пытаемся спарсить снова.
[19.04.2020 11:30:03, поток 0] [DEBUG] Сменили прокси.
[19.04.2020 11:30:03, поток 0] Что-то не так, пытаемся спарсить снова.
[19.04.2020 11:30:03, поток 0] [DEBUG] Сменили прокси.
[19.04.2020 11:30:03, поток 0] Что-то не так, пытаемся спарсить снова.
[19.04.2020 11:30:03, поток 0] [DEBUG] Сменили прокси.
[19.04.2020 11:30:03, поток 0] Что-то не так, пытаемся спарсить снова.
[19.04.2020 11:30:03, поток 0] [DEBUG] Сменили прокси.
[19.04.2020 11:30:03, поток 0] Что-то не так, пытаемся спарсить снова.
[19.04.2020 11:30:03, поток 0] [DEBUG] Сменили прокси.
[19.04.2020 11:30:03, поток 0] Что-то не так, пытаемся спарсить снова.
[19.04.2020 11:30:03, поток 0] [DEBUG] Сменили прокси.
[19.04.2020 11:30:03, поток 0] Что-то не так, пытаемся спарсить снова.
[19.04.2020 11:30:03, поток 0] [DEBUG] Сменили прокси.
[19.04.2020 11:30:03, поток 0] Что-то не так, пытаемся спарсить снова.
[19.04.2020 11:30:03, поток 0] [DEBUG] Сменили прокси.
[19.04.2020 11:30:03, поток 0] Что-то не так, пытаемся спарсить снова.
[19.04.2020 11:30:03, поток 0] [DEBUG] Сменили прокси.
[19.04.2020 11:30:03, поток 0] Что-то не так, пытаемся спарсить снова.
[19.04.2020 11:30:03, поток 0] [DEBUG] Сменили прокси.
[19.04.2020 11:31:50, поток 0] Парсим куки...
[19.04.2020 11:31:51, поток 0] Спарсили куки
[19.04.2020 11:31:51, поток 0] Получили куки...
[19.04.2020 11:31:53, поток 0] Начинаем парсинг...
[19.04.2020 11:32:15, поток 0] (Ошибка) Текст ошибки: System.NullReferenceException: Ссылка на объект не указывает на экземпляр объекта.
   в InstaDirectMessage_ButDev.InstagramGeoParser.GetFirstData(String cookie) в D:\MaXiMAA\MaXiMAAOld\C#Готово\KWORK\InstaDirectMessage_ButDev\InstaDirectMessage_ButDev\InstagramGeoParser.cs:строка 316
[19.04.2020 11:32:15, поток 0] [DEBUG] Сменили прокси.
[19.04.2020 11:32:18, поток 0] [DEBUG] Сменили прокси.
[19.04.2020 11:32:20, поток 0] [DEBUG] Сменили прокси.
[19.04.2020 11:32:21, поток 0] [DEBUG] Сменили прокси.
[19.04.2020 11:32:22, поток 0] [DEBUG] Сменили прокси.
[19.04.2020 11:32:23, поток 0] [DEBUG] Сменили прокси.
[19.04.2020 11:32:23, поток 0] [DEBUG] Сменили прокси.
[19.04.2020 11:32:24, поток 0] [DEBUG] Сменили прокси.
[19.04.2020 11:32:24, поток 0] [DEBUG] Сменили прокси.
[19.04.2020 11:32:25, поток 0] [DEBUG] Сменили прокси.
[19.04.2020 11:32:25, поток 0] Что-то не так, пытаемся спарсить снова.
[19.04.2020 11:32:25, поток 0] [DEBUG] Сменили прокси.
[19.04.2020 11:32:25, поток 0] Что-то не так, пытаемся спарсить снова.
[19.04.2020 11:32:25, поток 0] [DEBUG] Сменили прокси.
[19.04.2020 11:32:25, поток 0] Что-то не так, пытаемся спарсить снова.
[19.04.2020 11:32:25, поток 0] [DEBUG] Сменили прокси.
[19.04.2020 11:32:25, поток 0] Что-то не так, пытаемся спарсить снова.
[19.04.2020 11:32:25, поток 0] [DEBUG] Сменили прокси.
[19.04.2020 11:32:25, поток 0] Что-то не так, пытаемся спарсить снова.
[19.04.2020 11:32:25, поток 0] [DEBUG] Сменили прокси.
[19.04.2020 11:32:25, поток 0] Что-то не так, пытаемся спарсить снова.
[19.04.2020 11:32:25, поток 0] [DEBUG] Сменили прокси.
[19.04.2020 11:32:25, поток 0] Что-то не так, пытаемся спарсить снова.
[19.04.2020 11:32:25, поток 0] [DEBUG] Сменили прокси.
[19.04.2020 11:32:25, поток 0] Что-то не так, пытаемся спарсить снова.
[19.04.2020 11:32:25, поток 0] [DEBUG] Сменили прокси.
[19.04.2020 11:32:25, поток 0] Что-то не так, пытаемся спарсить снова.
[19.04.2020 11:32:25, поток 0] [DEBUG] Сменили прокси.
[19.04.2020 11:32:25, поток 0] Что-то не так, пытаемся спарсить снова.
[19.04.2020 11:32:25, поток 0] [DEBUG] Сменили прокси.
[19.04.2020 11:33:52, поток 0] Парсим куки...
[19.04.2020 11:33:53, поток 0] Спарсили куки
[19.04.2020 11:33:53, поток 0] Получили куки...
[19.04.2020 11:33:55, поток 0] Начинаем парсинг...
[19.04.2020 11:40:29, поток 0] Парсим куки...
[19.04.2020 11:40:31, поток 0] Спарсили куки
[19.04.2020 11:40:31, поток 0] Получили куки...
[19.04.2020 11:40:34, поток 0] (Ошибка) Текст ошибки: System.NullReferenceException: Ссылка на объект не указывает на экземпляр объекта.
   в InstaDirectMessage_ButDev.InstagramGeoParser.GetMediaID(String cookie) в D:\MaXiMAA\MaXiMAAOld\C#Готово\KWORK\InstaDirectMessage_ButDev\InstaDirectMessage_ButDev\InstagramGeoParser.cs:строка 247
[19.04.2020 11:40:34, поток 0] [DEBUG] Сменили прокси.
[19.04.2020 11:40:34, поток 0] Парсим куки...
[19.04.2020 11:40:35, поток 0] Спарсили куки
[19.04.2020 11:40:35, поток 0] Получили куки...
[19.04.2020 11:40:36, поток 0] Начинаем парсинг...
[19.04.2020 11:41:24, поток 0] Спарсили часть...
[19.04.2020 11:41:51, поток 0] Спарсили часть...
[19.04.2020 11:42:26, поток 0] Спарсили часть...
[19.04.2020 11:42:26, поток 0] Парсинг геопозиции "Minsk" закончен!
