[30.07.2020 16:03:33, поток 9] Спарсили куки
[30.07.2020 16:03:34, поток 1] Спарсили куки
[30.07.2020 16:03:35, поток 10] Спарсили куки
[30.07.2020 16:03:35, поток 2] Спарсили куки
[30.07.2020 16:03:35, поток 11] Спарсили куки
[30.07.2020 16:03:35, поток 9] Найден! - laurel88_azarov755
[30.07.2020 16:03:36, поток 13] Спарсили куки
[30.07.2020 16:03:36, поток 12] Спарсили куки
[30.07.2020 16:03:36, поток 3] Спарсили куки
[30.07.2020 16:03:36, поток 1] Найден! - bogdanova5088_costanzo487
[30.07.2020 16:03:37, поток 0] Спарсили куки
[30.07.2020 16:03:37, поток 8] Спарсили куки
[30.07.2020 16:03:37, поток 10] Найден! - amber60_lyubava209
[30.07.2020 16:03:37, поток 7] Спарсили куки
[30.07.2020 16:03:38, поток 14] Спарсили куки
[30.07.2020 16:03:38, поток 4] Спарсили куки
[30.07.2020 16:03:38, поток 13] Найден! - nora60895_blasi378
[30.07.2020 16:03:38, поток 12] Найден! - alison8665_rachel944
[30.07.2020 16:03:38, поток 2] Найден! - meghan855958_grimaldi633
[30.07.2020 16:03:39, поток 0] Найден! - leona89905_perry947
[30.07.2020 16:03:40, поток 6] Спарсили куки
[30.07.2020 16:03:41, поток 8] Найден! - angelina96859_esmeralda895
[30.07.2020 16:03:41, поток 5] Спарсили куки
[30.07.2020 16:03:42, поток 17] Спарсили куки
[30.07.2020 16:03:42, поток 14] Найден! - tarasova688065_shepherd838
[30.07.2020 16:03:43, поток 4] Найден! - erica95098_harrison413
[30.07.2020 16:03:43, поток 7] Найден! - konovalova50898_acma213
[30.07.2020 16:03:43, поток 16] Спарсили куки
[30.07.2020 16:03:44, поток 18] Спарсили куки
[30.07.2020 16:03:44, поток 20] Спарсили куки
[30.07.2020 16:03:44, поток 9] Спарсили куки
[30.07.2020 16:03:44, поток 6] Найден! - jody888_west107
[30.07.2020 16:03:45, поток 10] Спарсили куки
[30.07.2020 16:03:45, поток 19] Спарсили куки
[30.07.2020 16:03:45, поток 5] Найден! - agnes55559_giannini421
[30.07.2020 16:03:45, поток 1] Спарсили куки
[30.07.2020 16:03:45, поток 15] Спарсили куки
[30.07.2020 16:03:45, поток 17] Найден! - lorraine99686_lucas400
[30.07.2020 16:03:46, поток 20] Найден! - millicent688069_edna905
[30.07.2020 16:03:47, поток 9] Найден! - agatha6965_angelina861
[30.07.2020 16:03:47, поток 0] Спарсили куки
[30.07.2020 16:03:47, поток 12] Спарсили куки
[30.07.2020 16:03:47, поток 13] Спарсили куки
[30.07.2020 16:03:48, поток 2] Спарсили куки
[30.07.2020 16:03:48, поток 18] Найден! - bolshakova69558_sole282
[30.07.2020 16:03:48, поток 10] Найден! - petrova50_simone321
[30.07.2020 16:03:49, поток 3] Найден! - mildred866_gaysha879
[30.07.2020 16:03:49, поток 0] Найден! - madison8969_mirabella269
[30.07.2020 16:03:50, поток 14] Спарсили куки
[30.07.2020 16:03:50, поток 1] Найден! - marilyn5_bika146
[30.07.2020 16:03:50, поток 8] Спарсили куки
[30.07.2020 16:03:50, поток 4] Спарсили куки
[30.07.2020 16:03:50, поток 19] Найден! - margery9908_florida799
[30.07.2020 16:03:51, поток 7] Спарсили куки
[30.07.2020 16:03:51, поток 12] Найден! - merryl996965_curtis642
[30.07.2020 16:03:51, поток 2] Найден! - ann86_fail961
[30.07.2020 16:03:52, поток 6] Спарсили куки
[30.07.2020 16:03:52, поток 15] Найден! - amy99096_marchese143
[30.07.2020 16:03:52, поток 14] Найден! - lebedev605609_higgins511
[30.07.2020 16:03:52, поток 13] Найден! - kory9688_fail696
[30.07.2020 16:03:52, поток 5] Спарсили куки
[30.07.2020 16:03:53, поток 17] Спарсили куки
[30.07.2020 16:03:54, поток 7] Найден! - hester896_sole395
[30.07.2020 16:03:54, поток 20] Спарсили куки
[30.07.2020 16:03:54, поток 9] Спарсили куки
[30.07.2020 16:03:54, поток 4] Найден! - vanessa88506_hilda465
[30.07.2020 16:03:56, поток 5] Найден! - stephanie959_florida692
[30.07.2020 16:03:57, поток 8] Найден! - yershov8885_gertrude994
[30.07.2020 16:03:58, поток 18] Спарсили куки
[30.07.2020 16:03:59, поток 3] Спарсили куки
[30.07.2020 16:03:59, поток 1] Спарсили куки
[30.07.2020 16:03:59, поток 10] Спарсили куки
[30.07.2020 16:03:59, поток 0] Спарсили куки
[30.07.2020 16:04:00, поток 6] Найден! - philomena65_white342
[30.07.2020 16:04:01, поток 20] Найден! - carol9990_anfisa852
[30.07.2020 16:04:01, поток 2] Спарсили куки
[30.07.2020 16:04:01, поток 18] Найден! - clemence5586_murgia738
[30.07.2020 16:04:01, поток 12] Спарсили куки
[30.07.2020 16:04:02, поток 15] Спарсили куки
[30.07.2020 16:04:02, поток 10] Найден! - candace8056_johnson906
[30.07.2020 16:04:02, поток 17] Найден! - darleen65050_bertini628
[30.07.2020 16:04:02, поток 14] Спарсили куки
[30.07.2020 16:04:03, поток 4] Спарсили куки
[30.07.2020 16:04:03, поток 3] Найден! - eugenia6065_capelli995
[30.07.2020 16:04:04, поток 13] Спарсили куки
[30.07.2020 16:04:04, поток 12] Найден! - bathsheba868_lutfullo629
[30.07.2020 16:04:04, поток 8] Спарсили куки
[30.07.2020 16:04:05, поток 0] Найден! - tabitha80665_wilkerson346
[30.07.2020 16:04:05, поток 7] Спарсили куки
[30.07.2020 16:04:06, поток 19] Спарсили куки
[30.07.2020 16:04:06, поток 15] Найден! - lorin6_sharp883
[30.07.2020 16:04:08, поток 5] Спарсили куки
[30.07.2020 16:04:08, поток 14] Найден! - medvedev86_watkins812
[30.07.2020 16:04:08, поток 2] Найден! - cecilia660_virineya308
[30.07.2020 16:04:08, поток 1] Найден! - lazarev660_yuliya847
[30.07.2020 16:04:09, поток 18] Спарсили куки
[30.07.2020 16:04:09, поток 9] Найден! - sara5085_oksana165
[30.07.2020 16:04:09, поток 13] Найден! - penelopey550666_nadir914
[30.07.2020 16:04:09, поток 6] Спарсили куки
[30.07.2020 16:04:09, поток 20] Спарсили куки
[30.07.2020 16:04:10, поток 8] Найден! - konovalova50898_svyatoslav120
[30.07.2020 16:04:11, поток 10] Спарсили куки
[30.07.2020 16:04:12, поток 7] Найден! - lorena6058_alpheus436
[30.07.2020 16:04:12, поток 17] Спарсили куки
[30.07.2020 16:04:13, поток 19] Найден! - augusta8008_bratislava971
[30.07.2020 16:04:13, поток 12] Спарсили куки
[30.07.2020 16:04:14, поток 5] Найден! - bernice680856_clementine985
[30.07.2020 16:04:14, поток 20] Найден! - cornelia590956_manca370
[30.07.2020 16:04:15, поток 0] Спарсили куки
[30.07.2020 16:04:16, поток 16] Аккаунт не найден - gerasimov50869_phelps261
[30.07.2020 16:04:16, поток 15] Спарсили куки
[30.07.2020 16:04:16, поток 18] Найден! - tabitha80665_frigerio954
[30.07.2020 16:04:17, поток 14] Спарсили куки
[30.07.2020 16:04:17, поток 1] Спарсили куки
[30.07.2020 16:04:17, поток 10] Найден! - cori8965_munir823
[30.07.2020 16:04:18, поток 13] Спарсили куки
[30.07.2020 16:04:18, поток 6] Найден! - fedotov555650_umid917
[30.07.2020 16:04:18, поток 2] Спарсили куки
[30.07.2020 16:04:19, поток 12] Найден! - kudryavtseva55_daniel536
[30.07.2020 16:04:21, поток 1] Найден! - posy690695_vilada316
[30.07.2020 16:04:21, поток 8] Спарсили куки
[30.07.2020 16:04:21, поток 14] Найден! - holly508_yanit113
[30.07.2020 16:04:21, поток 19] Спарсили куки
[30.07.2020 16:04:22, поток 0] Найден! - suzan809_yuventa814
[30.07.2020 16:04:22, поток 13] Найден! - joanna8_klimentina589
[30.07.2020 16:04:22, поток 7] Спарсили куки
[30.07.2020 16:04:23, поток 17] Найден! - maximova6099_sadia832
[30.07.2020 16:04:23, поток 11] Аккаунт не найден - caroline59550_piccolo559
[30.07.2020 16:04:23, поток 5] Спарсили куки
[30.07.2020 16:04:23, поток 9] Спарсили куки
[30.07.2020 16:04:24, поток 15] Найден! - dorcas9866_lee405
[30.07.2020 16:04:24, поток 18] Спарсили куки
[30.07.2020 16:04:25, поток 16] Спарсили куки
[30.07.2020 16:04:25, поток 10] Спарсили куки
[30.07.2020 16:04:25, поток 19] Найден! - gromova9880_viola334
[30.07.2020 16:04:25, поток 4] Найден! - nancy95650_phillips111
[30.07.2020 16:04:26, поток 6] Спарсили куки
[30.07.2020 16:04:27, поток 8] Найден! - jane69_valeria549
[30.07.2020 16:04:27, поток 7] Найден! - veronica86696609_santini826
[30.07.2020 16:04:28, поток 5] Найден! - madeline590_turco576
[30.07.2020 16:04:28, поток 18] Найден! - dayna0_shakira506
[30.07.2020 16:04:28, поток 20] Спарсили куки
[30.07.2020 16:04:28, поток 1] Спарсили куки
[30.07.2020 16:04:29, поток 0] Спарсили куки
[30.07.2020 16:04:29, поток 13] Спарсили куки
[30.07.2020 16:04:30, поток 14] Спарсили куки
[30.07.2020 16:04:30, поток 2] Найден! - regina9959_mirdza198
[30.07.2020 16:04:30, поток 17] Спарсили куки
[30.07.2020 16:04:30, поток 6] Найден! - noreen8_agafya864
[30.07.2020 16:04:31, поток 9] Найден! - bathsheba868_carmen796
[30.07.2020 16:04:31, поток 10] Найден! - katherine6590_inga861
[30.07.2020 16:04:31, поток 15] Спарсили куки
[30.07.2020 16:04:32, поток 11] Спарсили куки
[30.07.2020 16:04:32, поток 16] Найден! - blanche695_gallagher496
[30.07.2020 16:04:33, поток 1] Найден! - hannah980_berry143
[30.07.2020 16:04:34, поток 4] Спарсили куки
[30.07.2020 16:04:34, поток 19] Спарсили куки
[30.07.2020 16:04:34, поток 14] Найден! - drusillay5580_pasquali589
[30.07.2020 16:04:35, поток 17] Найден! - briana6056_napolitano330
[30.07.2020 16:04:35, поток 13] Найден! - eleanore95900_fedosov853
[30.07.2020 16:04:35, поток 5] Спарсили куки
[30.07.2020 16:04:36, поток 11] Найден! - judithy65555_camara695
[30.07.2020 16:04:36, поток 20] Найден! - eleanore95900_cocco531
[30.07.2020 16:04:36, поток 8] Спарсили куки
[30.07.2020 16:04:36, поток 18] Спарсили куки
[30.07.2020 16:04:37, поток 19] Найден! - dora60_perry904
[30.07.2020 16:04:37, поток 4] Найден! - sabrina6998956_klimentina223
[30.07.2020 16:04:37, поток 2] Спарсили куки
[30.07.2020 16:04:39, поток 15] Найден! - linda609_agafya188
[30.07.2020 16:04:39, поток 18] Найден! - meryl609_norton430
[30.07.2020 16:04:39, поток 9] Спарсили куки
[30.07.2020 16:04:39, поток 12] Спарсили куки
[30.07.2020 16:04:40, поток 7] Спарсили куки
[30.07.2020 16:04:40, поток 5] Найден! - gwenda5656_lubomir877
[30.07.2020 16:04:40, поток 2] Найден! - ashlynn8860_islam746
[30.07.2020 16:04:41, поток 6] Спарсили куки
[30.07.2020 16:04:41, поток 3] [DEBUG] Сменили прокси.
[30.07.2020 16:04:42, поток 16] Спарсили куки
[30.07.2020 16:04:42, поток 7] Найден! - shana598_mavlyuda813
[30.07.2020 16:04:43, поток 9] Найден! - iris600808_george400
[30.07.2020 16:04:43, поток 8] Найден! - ivanova85666_donati858
[30.07.2020 16:04:43, поток 12] Найден! - dortha8895_marfa204
[30.07.2020 16:04:44, поток 17] Спарсили куки
[30.07.2020 16:04:44, поток 19] Спарсили куки
[30.07.2020 16:04:45, поток 16] Найден! - annabelle800609_rocchi224
[30.07.2020 16:04:45, поток 20] Спарсили куки
[30.07.2020 16:04:45, поток 11] Спарсили куки
[30.07.2020 16:04:45, поток 6] Найден! - romanova80605_bucci238
[30.07.2020 16:04:46, поток 15] Спарсили куки
[30.07.2020 16:04:47, поток 17] Найден! - blinov595080_capasso700
[30.07.2020 16:04:47, поток 4] [DEBUG] Не удалось спарсить Cookie. Плохие прокси?
[30.07.2020 16:04:47, поток 4] [DEBUG] Сменили прокси.
[30.07.2020 16:04:47, поток 4] [DEBUG] Сменили прокси.
[30.07.2020 16:04:49, поток 19] Найден! - amice60869_lutfullo275
[30.07.2020 16:04:49, поток 20] Найден! - briana6056_mckenzie903
[30.07.2020 16:04:49, поток 15] Найден! - amber60_castelli688
[30.07.2020 16:04:50, поток 4] Спарсили куки
[30.07.2020 16:04:51, поток 4] Найден! - bernadette989_evdokia990
[30.07.2020 16:04:52, поток 16] Спарсили куки
[30.07.2020 16:04:52, поток 11] Найден! - christine69956608_benedetti654
[30.07.2020 16:04:56, поток 20] Спарсили куки
[30.07.2020 16:04:58, поток 16] Найден! - madeleine5956_stevenson152
[30.07.2020 16:05:01, поток 20] Найден! - jemima8508686_camara238
[30.07.2020 16:05:03, поток 11] Спарсили куки
[30.07.2020 16:05:05, поток 16] Спарсили куки
[30.07.2020 16:05:07, поток 0] Аккаунт не найден - grace95506_grasso932
[30.07.2020 16:05:09, поток 20] Спарсили куки
[30.07.2020 16:05:09, поток 16] Найден! - stella588_paul394
[30.07.2020 16:05:12, поток 20] Найден! - kozlov8998_noorani832
[30.07.2020 16:05:13, поток 11] Найден! - sylvia809_johan731
[30.07.2020 16:05:19, поток 20] Спарсили куки
[30.07.2020 16:05:23, поток 20] Найден! - cordelia88_antonida786
[30.07.2020 16:05:25, поток 11] Спарсили куки
[30.07.2020 16:05:27, поток 11] Найден! - sidorova9550_bertini612
[30.07.2020 16:05:32, поток 20] Спарсили куки
[30.07.2020 16:05:39, поток 20] Найден! - katherine6590_hydrangea852
[30.07.2020 16:05:46, поток 3] [DEBUG] Сменили прокси.
[30.07.2020 16:05:47, поток 20] Спарсили куки
[30.07.2020 16:05:49, поток 3] Спарсили куки
[30.07.2020 16:05:52, поток 3] Найден! - ann86_hutchinson879
[30.07.2020 16:05:54, поток 20] Найден! - rosalind996_costantino485
[30.07.2020 16:05:59, поток 3] Спарсили куки
[30.07.2020 16:06:02, поток 20] Спарсили куки
[30.07.2020 16:06:04, поток 3] Найден! - bertha809_galimov497
[30.07.2020 16:06:04, поток 20] Найден! - juliay9_hood502
[30.07.2020 16:06:14, поток 3] Спарсили куки
[30.07.2020 16:06:14, поток 20] Спарсили куки
[30.07.2020 16:06:16, поток 3] Найден! - lizbeth80_reeves394
[30.07.2020 16:06:17, поток 20] Найден! - kelley896_neri774
[30.07.2020 16:06:25, поток 20] Спарсили куки
[30.07.2020 16:06:27, поток 20] Найден! - gwen869059_corradi473
[30.07.2020 16:06:38, поток 20] Спарсили куки
[30.07.2020 16:06:41, поток 20] Найден! - tarasova688065_kelley389
