[31.07.2020 14:34:52, поток 0] Парсим куки...
[31.07.2020 14:34:54, поток 0] Спарсили куки
[31.07.2020 14:34:54, поток 0] Получили куки...
[31.07.2020 14:34:54, поток 0] Начинаем работу...
[31.07.2020 14:41:04, поток 0] Парсим куки...
[31.07.2020 14:41:04, поток 0] Спарсили куки
[31.07.2020 14:41:04, поток 0] Получили куки...
[31.07.2020 14:41:04, поток 0] Начинаем работу...
[31.07.2020 14:43:57, поток 0] Парсим куки...
[31.07.2020 14:43:58, поток 0] Спарсили куки
[31.07.2020 14:43:58, поток 0] Получили куки...
[31.07.2020 14:43:58, поток 0] Начинаем работу...
[31.07.2020 14:45:40, поток 0] Не удалось загрузить фото на сервер Instagram!
[31.07.2020 14:46:44, поток 0] Не удалось загрузить фото на сервер Instagram!
[31.07.2020 14:46:44, поток 0] Парсим куки...
[31.07.2020 14:46:46, поток 0] Спарсили куки
[31.07.2020 14:46:46, поток 0] Получили куки...
[31.07.2020 14:46:46, поток 0] Начинаем работу...
[31.07.2020 14:46:56, поток 0] Не удалось загрузить фото на сервер Instagram!
[31.07.2020 14:46:57, поток 0] Не удалось загрузить фото на сервер Instagram!
[31.07.2020 14:46:57, поток 0] Парсим куки...
[31.07.2020 14:46:58, поток 0] Спарсили куки
[31.07.2020 14:46:58, поток 0] Получили куки...
[31.07.2020 14:46:58, поток 0] Начинаем работу...
[31.07.2020 15:02:16, поток 0] Парсим куки...
[31.07.2020 15:02:16, поток 0] Спарсили куки
[31.07.2020 15:02:16, поток 0] Получили куки...
[31.07.2020 15:02:16, поток 0] Начинаем работу...
[31.07.2020 15:02:30, поток 0] Не удалось загрузить фото на сервер Instagram!
[31.07.2020 15:07:00, поток 0] Парсим куки...
[31.07.2020 15:07:00, поток 0] Спарсили куки
[31.07.2020 15:07:00, поток 0] Получили куки...
[31.07.2020 15:07:00, поток 0] Начинаем работу...
[31.07.2020 15:09:33, поток 0] Не удалось загрузить фото на сервер Instagram!
[31.07.2020 15:09:35, поток 0] Не удалось загрузить фото на сервер Instagram!
[31.07.2020 15:09:35, поток 0] Парсим куки...
[31.07.2020 15:09:36, поток 0] Спарсили куки
[31.07.2020 15:09:36, поток 0] Получили куки...
[31.07.2020 15:09:36, поток 0] Начинаем работу...
[31.07.2020 15:13:58, поток 0] Парсим куки...
[31.07.2020 15:13:58, поток 0] Спарсили куки
[31.07.2020 15:13:58, поток 0] Получили куки...
[31.07.2020 15:13:58, поток 0] Начинаем работу...
[31.07.2020 15:24:06, поток 0] Парсим куки...
[31.07.2020 15:24:06, поток 0] Спарсили куки
[31.07.2020 15:24:06, поток 0] Получили куки...
[31.07.2020 15:24:06, поток 0] Начинаем работу...
[31.07.2020 15:25:58, поток 0] Парсим куки...
[31.07.2020 15:25:59, поток 0] Спарсили куки
[31.07.2020 15:25:59, поток 0] Получили куки...
[31.07.2020 15:25:59, поток 0] Начинаем работу...
[31.07.2020 15:31:28, поток 0] Парсим куки...
[31.07.2020 15:31:29, поток 0] Спарсили куки
[31.07.2020 15:31:29, поток 0] Получили куки...
[31.07.2020 15:31:29, поток 0] Начинаем работу...
[31.07.2020 15:32:03, поток 0] Не удалось загрузить фото на сервер Instagram!
[31.07.2020 15:35:07, поток 0] Парсим куки...
[31.07.2020 15:35:08, поток 0] Спарсили куки
[31.07.2020 15:35:08, поток 0] Получили куки...
[31.07.2020 15:35:08, поток 0] Начинаем работу...
[31.07.2020 15:35:14, поток 0] Не удалось загрузить фото на сервер Instagram!
[31.07.2020 15:35:21, поток 0] Не удалось загрузить фото на сервер Instagram!
[31.07.2020 15:35:21, поток 0] Парсим куки...
[31.07.2020 15:35:21, поток 0] Спарсили куки
[31.07.2020 15:35:21, поток 0] Получили куки...
[31.07.2020 15:35:21, поток 0] Начинаем работу...
[31.07.2020 15:41:24, поток 0] Парсим куки...
[31.07.2020 15:41:25, поток 0] Спарсили куки
[31.07.2020 15:41:25, поток 0] Получили куки...
[31.07.2020 15:41:25, поток 0] Начинаем работу...
[31.07.2020 15:41:39, поток 0] Не удалось загрузить фото на сервер Instagram!
[31.07.2020 16:30:24, поток 0] Парсим куки...
[31.07.2020 16:30:24, поток 0] Спарсили куки
[31.07.2020 16:30:24, поток 0] Получили куки...
[31.07.2020 16:30:24, поток 0] Начинаем работу...
[31.07.2020 16:33:30, поток 0] Парсим куки...
[31.07.2020 16:33:30, поток 0] Спарсили куки
[31.07.2020 16:33:30, поток 0] Получили куки...
[31.07.2020 16:33:30, поток 0] Начинаем работу...
[31.07.2020 16:34:17, поток 0] Не удалось загрузить фото на сервер Instagram!
[31.07.2020 16:38:49, поток 0] Парсим куки...
[31.07.2020 16:38:50, поток 0] Спарсили куки
[31.07.2020 16:38:50, поток 0] Получили куки...
[31.07.2020 16:38:50, поток 0] Начинаем работу...
[31.07.2020 16:42:10, поток 0] Парсим куки...
[31.07.2020 16:42:11, поток 0] Спарсили куки
[31.07.2020 16:42:11, поток 0] Получили куки...
[31.07.2020 16:42:11, поток 0] Начинаем работу...
[31.07.2020 16:49:07, поток 0] Парсим куки...
[31.07.2020 16:49:07, поток 0] Спарсили куки
[31.07.2020 16:49:07, поток 0] Получили куки...
[31.07.2020 16:49:07, поток 0] Начинаем работу...
[31.07.2020 16:58:31, поток 0] Парсим куки...
[31.07.2020 16:58:31, поток 0] Спарсили куки
[31.07.2020 16:58:31, поток 0] Получили куки...
[31.07.2020 16:58:31, поток 0] Начинаем работу...
[31.07.2020 17:14:01, поток 0] Парсим куки...
[31.07.2020 17:14:02, поток 0] Спарсили куки
[31.07.2020 17:14:02, поток 0] Получили куки...
[31.07.2020 17:14:02, поток 0] Начинаем работу...
[31.07.2020 17:14:37, поток 0] Не удалось загрузить фото на сервер Instagram!
[31.07.2020 17:22:42, поток 0] Парсим куки...
[31.07.2020 17:22:43, поток 0] Спарсили куки
[31.07.2020 17:22:43, поток 0] Получили куки...
[31.07.2020 17:22:43, поток 0] Начинаем работу...
[31.07.2020 17:26:57, поток 0] Не удалось загрузить фото на сервер Instagram!
[31.07.2020 17:27:55, поток 0] Парсим куки...
[31.07.2020 17:27:55, поток 0] Спарсили куки
[31.07.2020 17:27:55, поток 0] Получили куки...
[31.07.2020 17:27:55, поток 0] Начинаем работу...
[31.07.2020 17:46:55, поток 0] Парсим куки...
[31.07.2020 17:46:55, поток 0] Спарсили куки
[31.07.2020 17:46:55, поток 0] Получили куки...
[31.07.2020 17:46:55, поток 0] Начинаем работу...
[31.07.2020 17:48:14, поток 0] Парсим куки...
[31.07.2020 17:48:14, поток 0] Спарсили куки
[31.07.2020 17:48:14, поток 0] Получили куки...
[31.07.2020 17:48:14, поток 0] Начинаем работу...
[31.07.2020 17:53:10, поток 0] Парсим куки...
[31.07.2020 17:53:10, поток 0] Спарсили куки
[31.07.2020 17:53:10, поток 0] Получили куки...
[31.07.2020 17:53:10, поток 0] Начинаем работу...
[31.07.2020 17:53:58, поток 0] Запостили фото! us.us.us.us2020
[31.07.2020 18:02:16, поток 0] Парсим куки...
[31.07.2020 18:02:16, поток 0] Спарсили куки
[31.07.2020 18:02:16, поток 0] Получили куки...
[31.07.2020 18:02:16, поток 0] Начинаем работу...
[31.07.2020 18:02:29, поток 0] Запостили фото! us.us.us.us2020
[31.07.2020 18:03:38, поток 0] Запостили фото! us.us.us.us2020
[31.07.2020 18:06:56, поток 0] Парсим куки...
[31.07.2020 18:06:57, поток 0] Спарсили куки
[31.07.2020 18:06:57, поток 0] Получили куки...
[31.07.2020 18:06:57, поток 0] Начинаем работу...
[31.07.2020 18:07:03, поток 0] Запостили фото! us.us.us.us2020
[31.07.2020 18:08:07, поток 0] Запостили фото! us.us.us.us2020
