[09.07.2020 22:21:41, поток 0] Определили регион прокси - be-BY
[09.07.2020 22:21:42, поток 0] Спарсили куки
[09.07.2020 22:21:42, поток 0] Начинаем регистрацию...
[09.07.2020 22:21:43, поток 0] Instagram отправил письмо на на почту - zasdfgrew2020@rambler.ru
[09.07.2020 22:24:21, поток 0] Что-то не так с IMAP - zasdfgrew2020@rambler.ru:Facebook_new123
[09.07.2020 22:30:40, поток 0] Определили регион прокси - be-BY
[09.07.2020 22:30:41, поток 0] Спарсили куки
[09.07.2020 22:30:41, поток 0] Начинаем регистрацию...
[09.07.2020 22:30:41, поток 0] Instagram отправил письмо на на почту - zasdfgrew2020@rambler.ru
[09.07.2020 22:31:00, поток 0] Что-то не так с IMAP - zasdfgrew2020@rambler.ru:Facebook_new123
[09.07.2020 22:59:08, поток 0] Определили регион прокси - be-BY
[09.07.2020 22:59:09, поток 0] Спарсили куки
[09.07.2020 22:59:09, поток 0] Начинаем регистрацию...
[09.07.2020 22:59:10, поток 0] Instagram отправил письмо на на почту - zasdfgrew2020@rambler.ru
[09.07.2020 23:06:45, поток 0] Что-то не так с IMAP - zasdfgrew2020@rambler.ru:Facebook_new123
[09.07.2020 23:23:54, поток 0] Определили регион прокси - be-BY
[09.07.2020 23:23:55, поток 0] Спарсили куки
[09.07.2020 23:23:55, поток 0] Начинаем регистрацию...
[09.07.2020 23:23:56, поток 0] Instagram отправил письмо на на почту - zasdfgrew2020@mail.ru
[09.07.2020 23:24:04, поток 0] Отправили код подтверждения.
[09.07.2020 23:24:04, поток 0] Пробуем зарегистрировать аккаунт.
[09.07.2020 23:24:04, поток 0] Ошибка при регистрации - Sukhanov8955_Motta164:tUNhl1gyRceiV_bh4e5L:127.0.0.1:8888:Golubev960_Romano755:FyCz9_48Fpweb6s7Gwkc:zasdfgrew2020@mail.ru:be-BY
[09.07.2020 23:28:51, поток 0] Определили регион прокси - be-BY
[09.07.2020 23:28:52, поток 0] Спарсили куки
[09.07.2020 23:28:52, поток 0] Начинаем регистрацию...
[09.07.2020 23:28:53, поток 0] Instagram отправил письмо на на почту - zasdfgrew2020@mail.ru
[09.07.2020 23:30:11, поток 0] Отправили код подтверждения.
[09.07.2020 23:30:11, поток 0] Пробуем зарегистрировать аккаунт.
[09.07.2020 23:30:11, поток 0] Ошибка при регистрации - Eustacia558865_Smith614:OUDSa_7yMcITxqzn_ZNN:127.0.0.1:8888:mozilla/5.0 (linux; Android 5.1; SM-N950F Build/NMF26X; wv) AppleWebKit/537.36 (KHTML, like Gecko) Version/4.0 Chrome/65.0.3325.109 Mobile Safari/537.36 [FB_IAB/FB4A;FBAV/167.0.0.14.94;]:zasdfgrew2020@mail.ru:be-BY
[09.07.2020 23:31:49, поток 0] Определили регион прокси - be-BY
[09.07.2020 23:31:49, поток 0] Спарсили куки
[09.07.2020 23:31:49, поток 0] Начинаем регистрацию...
[09.07.2020 23:43:31, поток 0] Определили регион прокси - be-BY
[09.07.2020 23:43:32, поток 0] Спарсили куки
[09.07.2020 23:43:32, поток 0] Начинаем регистрацию...
[09.07.2020 23:45:22, поток 0] Определили регион прокси - ru-RU
[09.07.2020 23:45:27, поток 0] Спарсили куки
[09.07.2020 23:45:27, поток 0] Начинаем регистрацию...
[09.07.2020 23:45:29, поток 0] Instagram отправил письмо на на почту - zasdfgrew2020@mail.ru
[09.07.2020 23:47:24, поток 0] Отправили код подтверждения.
[09.07.2020 23:47:25, поток 0] Пробуем зарегистрировать аккаунт.
[09.07.2020 23:47:25, поток 0] Ошибка при регистрации - Candace8056_Milan312:KiqszJZpoO6o8b7N48wY:185.86.151.217:8167:l3ntvv:NGJKov:Mozilla/5.0 (Windows NT 6.1; WOW64) AppleWebKit/537.36 (KHTML like Gecko) Chrome/30.0.1599.12785 YaBrowser/13.12.1599.12785 Safari/537.36:zasdfgrew2020@mail.ru:ru-RU
