[21.02.2020 16:30:55, поток 0] [DEBUG] Start...
[21.02.2020 16:30:55, поток 0] Берём заданные куки...
[21.02.2020 16:30:56, поток 0] [ERROR] Не удаётся связаться с Instagram по защищённому соединению.
[21.02.2020 16:30:56, поток 0] [Ошибка] Что-то не так. Переделываем.
[21.02.2020 16:30:57, поток 0] Спарсили куки
[21.02.2020 16:31:09, поток 0] Войти в аккаунт не удалось!
[21.02.2020 16:31:09, поток 0] [DEBUG] Start...
[21.02.2020 16:31:09, поток 0] Берём заданные куки...
[21.02.2020 16:31:09, поток 0] [ERROR] Не удаётся связаться с Instagram по защищённому соединению.
[21.02.2020 16:31:09, поток 0] [Ошибка] Что-то не так. Переделываем.
[21.02.2020 16:31:10, поток 0] Спарсили куки
[21.02.2020 16:31:12, поток 0] Войти в аккаунт не удалось!
[21.02.2020 16:31:12, поток 0] [DEBUG] Start...
[21.02.2020 16:31:12, поток 0] Берём заданные куки...
[21.02.2020 16:31:12, поток 0] [ERROR] Не удаётся связаться с Instagram по защищённому соединению.
[21.02.2020 16:31:12, поток 0] [Ошибка] Что-то не так. Переделываем.
[21.02.2020 16:31:13, поток 0] Спарсили куки
[21.02.2020 16:31:15, поток 0] Войти в аккаунт не удалось!
[21.02.2020 16:31:15, поток 0] [DEBUG] Start...
[21.02.2020 16:31:15, поток 0] Берём заданные куки...
[21.02.2020 16:31:15, поток 0] [ERROR] Не удаётся связаться с Instagram по защищённому соединению.
[21.02.2020 16:31:15, поток 0] [Ошибка] Что-то не так. Переделываем.
[21.02.2020 16:31:16, поток 0] Спарсили куки
[21.02.2020 16:31:18, поток 0] Войти в аккаунт не удалось!
[21.02.2020 16:31:18, поток 0] [DEBUG] Start...
[21.02.2020 16:31:18, поток 0] Берём заданные куки...
[21.02.2020 16:31:19, поток 0] [ERROR] Не удаётся связаться с Instagram по защищённому соединению.
[21.02.2020 16:31:19, поток 0] [Ошибка] Что-то не так. Переделываем.
[21.02.2020 16:31:22, поток 0] Спарсили куки
[21.02.2020 16:31:55, поток 0] [DEBUG] Start...
[21.02.2020 16:31:55, поток 0] Берём заданные куки...
[21.02.2020 16:31:55, поток 0] [Ошибка] Что-то не так. Переделываем.
[21.02.2020 16:31:56, поток 0] Спарсили куки
[21.02.2020 16:31:59, поток 0] Войти в аккаунт не удалось!
[21.02.2020 16:31:59, поток 0] [DEBUG] Start...
[21.02.2020 16:31:59, поток 0] Берём заданные куки...
[21.02.2020 16:31:59, поток 0] [Ошибка] Что-то не так. Переделываем.
[21.02.2020 16:32:00, поток 0] Спарсили куки
[21.02.2020 16:32:01, поток 0] Войти в аккаунт не удалось!
[21.02.2020 16:32:02, поток 0] [DEBUG] Start...
[21.02.2020 16:32:02, поток 0] Берём заданные куки...
[21.02.2020 16:32:02, поток 0] [Ошибка] Что-то не так. Переделываем.
[21.02.2020 16:32:23, поток 0] [DEBUG, ERROR] xNet.HttpException: Не удалось соединиться с HTTP-сервером 'www.instagram.com'. ---> xNet.ProxyException: Получен неверный код статуса 'BadGateway' от прокси-сервера '95.174.101.169:50010'.
   в xNet.HttpProxyClient.CreateConnection(String destinationHost, Int32 destinationPort, TcpClient tcpClient)
   в xNet.HttpRequest.CreateTcpConnection(String host, Int32 port)
   --- Конец трассировки внутреннего стека исключений ---
   в xNet.HttpRequest.CreateTcpConnection(String host, Int32 port)
   в xNet.HttpRequest.CreateConnection(Uri address)
   в xNet.HttpRequest.TryCreateConnectionOrUseExisting(Uri address, Uri previousAddress)
   в xNet.HttpRequest.Request(HttpMethod method, Uri address, HttpContent content)
   в xNet.HttpRequest.Raw(HttpMethod method, Uri address, HttpContent content)
   в xNet.HttpRequest.Raw(HttpMethod method, String address, HttpContent content)
   в xNet.HttpRequest.Get(String address, RequestParams urlParams)
   в InstaImap.Instagram.GetCookie() в D:\MaXiMAA\MaXiMAAOld\C#Готово\KWORK\InstaDirectMessage_ButDev\InstaDirectMessage_ButDev\Instagram.cs:строка 72
   в InstaImap.Instagram..ctor(String Mail, String password, String id, String cookies, String DEVICEID, String ADID, String GUID, String PHONE_ID, Int32 Index, String Time, Int32 tt, String type, String text, Int32 delay) в D:\MaXiMAA\MaXiMAAOld\C#Готово\KWORK\InstaDirectMessage_ButDev\InstaDirectMessage_ButDev\Instagram.cs:строка 161
[21.02.2020 16:32:23, поток 0] [DEBUG] Сменили прокси.
[21.02.2020 16:33:36, поток 0] [DEBUG] Start...
[21.02.2020 16:33:36, поток 0] Берём заданные куки...
[21.02.2020 16:33:37, поток 0] Сообщение отправлено.
[21.02.2020 17:10:37, поток 0] [DEBUG] Start...
[21.02.2020 17:10:37, поток 0] Берём заданные куки...
[21.02.2020 17:10:38, поток 0] Сообщение отправлено.
[21.02.2020 19:10:42, поток 0] [DEBUG] Start...
[21.02.2020 19:10:42, поток 0] Берём заданные куки...
[21.02.2020 19:10:42, поток 0] [Ошибка] Что-то не так. Переделываем.
[21.02.2020 19:10:43, поток 0] Спарсили куки
[21.02.2020 19:10:46, поток 0] Войти в аккаунт не удалось!
[21.02.2020 19:10:46, поток 0] [DEBUG] Start...
[21.02.2020 19:10:46, поток 0] Берём заданные куки...
[21.02.2020 19:10:46, поток 0] [Ошибка] Что-то не так. Переделываем.
[21.02.2020 19:10:47, поток 0] Спарсили куки
[21.02.2020 19:10:49, поток 0] Войти в аккаунт не удалось!
[21.02.2020 19:10:49, поток 0] [DEBUG] Start...
[21.02.2020 19:10:49, поток 0] Берём заданные куки...
[21.02.2020 19:10:50, поток 0] [Ошибка] Что-то не так. Переделываем.
[21.02.2020 19:10:51, поток 0] Спарсили куки
[21.02.2020 19:10:52, поток 0] Войти в аккаунт не удалось!
[21.02.2020 19:10:52, поток 0] [DEBUG] Start...
[21.02.2020 19:10:52, поток 0] Берём заданные куки...
[21.02.2020 19:10:53, поток 0] [Ошибка] Что-то не так. Переделываем.
[21.02.2020 19:10:54, поток 0] Спарсили куки
[21.02.2020 19:10:55, поток 0] Войти в аккаунт не удалось!
[21.02.2020 19:10:56, поток 0] [DEBUG] Start...
[21.02.2020 19:10:56, поток 0] Берём заданные куки...
[21.02.2020 19:10:57, поток 0] [Ошибка] Что-то не так. Переделываем.
[21.02.2020 19:11:03, поток 0] Спарсили куки
[21.02.2020 19:11:11, поток 0] Войти в аккаунт не удалось!
[21.02.2020 19:11:11, поток 0] [DEBUG] Start...
[21.02.2020 19:11:11, поток 0] Берём заданные куки...
[21.02.2020 19:11:12, поток 0] [Ошибка] Что-то не так. Переделываем.
[21.02.2020 19:11:14, поток 0] Спарсили куки
