[03.04.2020 15:35:56, поток 0] Спарсили куки
[03.04.2020 15:35:56, поток 1] Спарсили куки
[03.04.2020 15:35:56, поток 2] Спарсили куки
[03.04.2020 15:36:01, поток 0] Найден - becehik514
[03.04.2020 15:36:01, поток 1] Найден - Anime
[03.04.2020 15:36:03, поток 2] Аккаунт не найден - Anime3271987349823759487
[03.04.2020 15:36:04, поток 2] Спарсили куки
[03.04.2020 15:36:06, поток 2] Аккаунт не найден - Anime3271987349823759487
[03.04.2020 15:36:07, поток 2] Спарсили куки
[03.04.2020 15:36:09, поток 2] Аккаунт не найден - Anime3271987349823759487
[03.04.2020 15:38:57, поток 0] Спарсили куки
[03.04.2020 15:38:57, поток 1] Спарсили куки
[03.04.2020 15:38:57, поток 2] Спарсили куки
[03.04.2020 15:39:02, поток 0] Найден - becehik514
[03.04.2020 15:39:03, поток 1] Найден - Anime
[03.04.2020 15:39:04, поток 2] Аккаунт не найден - Anime3271987349823759487
[03.04.2020 15:49:28, поток 0] Спарсили куки
[03.04.2020 15:49:29, поток 1] Спарсили куки
[03.04.2020 15:49:30, поток 0] Найден! - becehik514
[03.04.2020 15:49:31, поток 1] Найден! - Anime
[03.04.2020 15:49:32, поток 2] Спарсили куки
[03.04.2020 15:49:33, поток 2] Аккаунт не найден - Anime3271987349823759487
[03.04.2020 15:59:14, поток 0] Спарсили куки
[03.04.2020 15:59:14, поток 1] Спарсили куки
[03.04.2020 15:59:15, поток 2] Спарсили куки
[03.04.2020 15:59:15, поток 3] Спарсили куки
[03.04.2020 15:59:15, поток 0] Найден! - becehik514
[03.04.2020 15:59:16, поток 1] Найден! - Anime
[03.04.2020 15:59:16, поток 2] Аккаунт не найден - Anime3271987349823759487
[03.04.2020 15:59:16, поток 4] Спарсили куки
[03.04.2020 15:59:16, поток 3] Аккаунт не найден - Anime3271987349823759482
[03.04.2020 15:59:17, поток 5] Спарсили куки
[03.04.2020 15:59:17, поток 4] Аккаунт не найден - Anime3271987349823759483
[03.04.2020 15:59:18, поток 6] Спарсили куки
[03.04.2020 15:59:18, поток 5] Аккаунт не найден - Anime3271987349823759484
[03.04.2020 15:59:19, поток 7] Спарсили куки
[03.04.2020 15:59:19, поток 6] Аккаунт не найден - Anime3271987349823759481
[03.04.2020 15:59:20, поток 8] Спарсили куки
[03.04.2020 15:59:20, поток 7] Аккаунт не найден - Anime3271987349823759485
[03.04.2020 15:59:21, поток 9] Спарсили куки
[03.04.2020 15:59:21, поток 8] Аккаунт не найден - Anime3271987349823759486
[03.04.2020 15:59:21, поток 10] Спарсили куки
[03.04.2020 15:59:22, поток 9] Аккаунт не найден - Anime3271987349823759488
[03.04.2020 15:59:22, поток 10] Аккаунт не найден - Anime3271987349823759489
[03.04.2020 17:02:20, поток 0] Спарсили куки
[03.04.2020 17:02:21, поток 1] Спарсили куки
[03.04.2020 17:02:21, поток 2] Спарсили куки
[03.04.2020 17:02:22, поток 0] Найден! - becehik514
[03.04.2020 17:02:22, поток 3] Спарсили куки
[03.04.2020 17:02:22, поток 2] Аккаунт не найден - Anime3271987349823759487
[03.04.2020 17:02:22, поток 4] Спарсили куки
[03.04.2020 17:02:22, поток 1] Найден! - Anime
[03.04.2020 17:02:23, поток 5] Спарсили куки
[03.04.2020 17:02:23, поток 3] Аккаунт не найден - Anime3271987349823759482
[03.04.2020 17:02:23, поток 6] Спарсили куки
[03.04.2020 17:02:24, поток 5] Аккаунт не найден - Anime3271987349823759484
[03.04.2020 17:02:24, поток 7] Спарсили куки
[03.04.2020 17:02:24, поток 4] Аккаунт не найден - Anime3271987349823759483
[03.04.2020 17:02:24, поток 6] Аккаунт не найден - Anime3271987349823759481
[03.04.2020 17:02:24, поток 8] Спарсили куки
[03.04.2020 17:02:25, поток 7] Аккаунт не найден - Anime3271987349823759485
[03.04.2020 17:02:25, поток 9] Спарсили куки
[03.04.2020 17:02:25, поток 8] Аккаунт не найден - Anime3271987349823759486
[03.04.2020 17:02:27, поток 10] Спарсили куки
[03.04.2020 17:02:27, поток 9] Аккаунт не найден - Anime3271987349823759488
[03.04.2020 17:02:29, поток 10] Аккаунт не найден - Anime3271987349823759489
