[03.04.2020 13:59:57, поток 3] Спарсили куки
[03.04.2020 13:59:57, поток 5] Спарсили куки
[03.04.2020 13:59:57, поток 3] Спарсили куки
[03.04.2020 13:59:58, поток 3] Спарсили куки
[03.04.2020 14:00:01, поток 5] Чекпойнт - Prudencey90_Richard287:7nCBTTm5MR6eGSi7kNRg
[03.04.2020 14:00:01, поток 3] Чекпойнт - Shona9_Lenore823:R6jpc06njLk98xzEfVMC
[03.04.2020 14:00:01, поток 3] Чекпойнт - Theodora566066_Euphrasinia498:nZlV2md_T6sdSkQhi7AI
[03.04.2020 14:00:01, поток 3] Чекпойнт - Scarlett6696_Kara520:g3tk2oX0mS2w0YMNT6Oy
[03.04.2020 14:00:02, поток 4] Чекпойнт - Titova65_Mansour892:R4aDNDTHz0K1Vgy5RHUL
[03.04.2020 14:00:08, поток 5] Спарсили куки
[03.04.2020 14:00:08, поток 4] Спарсили куки
[03.04.2020 14:00:11, поток 5] Чекпойнт - Eleanor6_Potter190:f4YfwRIAFOOuWJSrMt2X
[03.04.2020 14:00:12, поток 4] Чекпойнт - Hopey58699_Palmyra327:tSg3FPr6c9L1quHQvGJa
[03.04.2020 14:00:19, поток 4] Спарсили куки
[03.04.2020 14:00:20, поток 5] Спарсили куки
[03.04.2020 14:00:22, поток 4] Чекпойнт - Linette6808660_Bronislaw381:24BR2WGZMRmUYeCWNQ0J
[03.04.2020 14:00:22, поток 3] Спарсили куки
[03.04.2020 14:00:22, поток 3] Спарсили куки
[03.04.2020 14:00:23, поток 3] Спарсили куки
[03.04.2020 14:00:23, поток 5] Чекпойнт - Griselda68_Carlini531:eTyBdpQOb7_SlybiNm1o
[03.04.2020 14:00:29, поток 3] Чекпойнт - Paulina50_Barnett349:QCoFPF6PZnX5GqbUJ9jz
[03.04.2020 14:00:29, поток 3] Чекпойнт - Gromova9880_Tortora523:AcBSIgbuWBLdSQ5QBhHF
[03.04.2020 14:00:30, поток 3] Чекпойнт - Popova55806889_White285:eJ6YyOGyLLgFRTmT3W5M
[03.04.2020 14:00:33, поток 5] Спарсили куки
[03.04.2020 14:00:35, поток 4] Ошибка при регистрации - WillaУ580889_Rakia130:rclFcjKQ6Jf4RAFDgCRU
[03.04.2020 14:00:35, поток 3] Спарсили куки
[03.04.2020 14:00:35, поток 3] Спарсили куки
[03.04.2020 14:00:36, поток 3] Спарсили куки
[03.04.2020 14:00:39, поток 3] Чекпойнт - Kelley896_Vasily888:rxTbqsd8NvflWm3YmAAd
[03.04.2020 14:00:39, поток 3] Чекпойнт - Aleesha599698_Morgan941:aLrkOeZLNAYA6yJmWIAB
[03.04.2020 14:00:40, поток 5] Чекпойнт - Lesley85_Piazza182:UcqgA66SwrGcUFhbVtjb
[03.04.2020 14:00:40, поток 3] Чекпойнт - Philippa9_Jenkins345:hRyMrEOfVzSYe5Nu90lW
[03.04.2020 14:00:44, поток 4] Спарсили куки
[03.04.2020 14:00:50, поток 5] Спарсили куки
[03.04.2020 14:00:50, поток 4] Чекпойнт - Angel506_Eve629:Avzrsxe3ftZQomqDDdKP
[03.04.2020 14:00:51, поток 3] Спарсили куки
[03.04.2020 14:00:52, поток 3] Спарсили куки
[03.04.2020 14:00:54, поток 3] Спарсили куки
[03.04.2020 14:00:56, поток 5] Чекпойнт - Grigorieva9665_Rosati617:B3R5FIyFRC38JfThY2Jf
[03.04.2020 14:00:56, поток 4] Спарсили куки
[03.04.2020 14:00:57, поток 3] Чекпойнт - Sharlene590_Ahsan225:IUMeW4z0YQjEAc3FIZes
[03.04.2020 14:00:58, поток 3] Чекпойнт - Lorena6058_Angelica313:p5IFZAzAuvmFuu5Br8Ky
[03.04.2020 14:01:01, поток 4] Чекпойнт - Alaina880_Giovannini313:iW7GBWd0OxXwFw7VtdDj
[03.04.2020 14:01:01, поток 3] Чекпойнт - Joanna8_Grillo988:MgzJUKt5Pe0vLPQllP4x
[03.04.2020 14:01:02, поток 5] Спарсили куки
[03.04.2020 14:01:03, поток 3] Спарсили куки
[03.04.2020 14:01:04, поток 3] Спарсили куки
[03.04.2020 14:01:06, поток 5] Чекпойнт - Nikolaev56906500_Elia843:2qaY99NVCsRnZ_Cyz0gb
[03.04.2020 14:01:07, поток 3] Спарсили куки
[03.04.2020 14:01:07, поток 3] Чекпойнт - Carol9990_Badir776:VN3U1lvfuSceIQMaM3Xl
[03.04.2020 14:01:07, поток 3] Чекпойнт - Chloe8069_Longhi256:5x5l8OpWZ6JFVIdbaclx
[03.04.2020 14:01:07, поток 4] Спарсили куки
[03.04.2020 14:01:10, поток 3] Чекпойнт - Brookey9888686_Lily723:BAsLAaJmmkDPzK9f4Pwd
[03.04.2020 14:01:12, поток 5] Спарсили куки
[03.04.2020 14:01:13, поток 3] Спарсили куки
[03.04.2020 14:01:13, поток 4] Чекпойнт - Erika8590_Oygul535:0Kwk9uVlIDfRNVtf5k1q
[03.04.2020 14:01:13, поток 3] Спарсили куки
[03.04.2020 14:01:16, поток 3] Спарсили куки
[03.04.2020 14:01:18, поток 3] Чекпойнт - Harriet565_Tecusa472:ZxwvZdcGPtBHtYXTkGZg
[03.04.2020 14:01:18, поток 3] Чекпойнт - Lebedev605609_Ford742:AgMbRL3bnuhYknzyBZi9
[03.04.2020 14:01:18, поток 5] Чекпойнт - Dorcas9866_Olivia690:7J5R18jTmMrC2cfhVAuf
[03.04.2020 14:01:19, поток 4] Спарсили куки
[03.04.2020 14:01:21, поток 3] Чекпойнт - Madlyn895_Taliga856:orYao6sf36lxD8NMEFUN
[03.04.2020 14:01:22, поток 4] Чекпойнт - Tamsin6955_Sutton789:RBHGJWhNi4LAnJkrTdtQ
[03.04.2020 14:01:24, поток 3] Спарсили куки
[03.04.2020 14:01:24, поток 3] Спарсили куки
[03.04.2020 14:01:24, поток 5] Спарсили куки
[03.04.2020 14:01:27, поток 5] Чекпойнт - Violet850_Bruno307:yu4q1ZJG0njhsM5y4262
[03.04.2020 14:01:28, поток 3] Ошибка при регистрации - UrsulaУy500_Stone508:LcZbSMwVIfPxeYuivb0H
[03.04.2020 14:01:28, поток 3] Спарсили куки
[03.04.2020 14:01:30, поток 4] Спарсили куки
[03.04.2020 14:01:31, поток 3] Чекпойнт - Sophia6550_Najma829:vaWe5TH1sJlIY_kKXm5F
[03.04.2020 14:01:33, поток 5] Спарсили куки
[03.04.2020 14:01:34, поток 3] Спарсили куки
[03.04.2020 14:01:34, поток 3] Чекпойнт - Della0_Preston142:bYn6MWuc9jWShRcBPhys
[03.04.2020 14:01:36, поток 4] Чекпойнт - Arleen999_Chapman501:SbxPmizzAB7lF6C_Zx4B
[03.04.2020 14:01:38, поток 3] Чекпойнт - Dina88656_Theophilus822:lWlT1KZmwdD1JJUbMWCM
[03.04.2020 14:01:39, поток 5] Чекпойнт - Janel50906_Hamilton552:3jqOpF3RVOTkYflTUm7I
[03.04.2020 15:59:13, поток 3] Спарсили куки
[03.04.2020 15:59:13, поток 4] Спарсили куки
[03.04.2020 15:59:13, поток 5] Спарсили куки
[03.04.2020 15:59:13, поток 2] Спарсили куки
[03.04.2020 15:59:17, поток 5] Чекпойнт - Alice9_Sparks230:CDY8o1rL8dFXJzjVhajP
[03.04.2020 15:59:17, поток 3] Чекпойнт - Yershov8885_Santi602:QItRPlgZOQ4WNhNaEK9W
[03.04.2020 15:59:17, поток 4] Чекпойнт - Victoria8_Olympics455:lvmbgp1UimOQlcHFGEVW
[03.04.2020 15:59:17, поток 2] Чекпойнт - Britney68_White950:xN4BzNVHDhuZLPcDOov_
[03.04.2020 15:59:17, поток 4] Чекпойнт - Pavlova90_Coco187:sEEl05LESezMl83dTXzL
[03.04.2020 15:59:23, поток 5] Спарсили куки
[03.04.2020 15:59:23, поток 4] Спарсили куки
[03.04.2020 15:59:23, поток 3] Спарсили куки
[03.04.2020 15:59:23, поток 4] Спарсили куки
[03.04.2020 15:59:24, поток 2] Спарсили куки
[03.04.2020 15:59:26, поток 4] Чекпойнт - Claire98590_Papa773:BPF_HgfIpdQIoLJipHut
[03.04.2020 15:59:27, поток 2] Чекпойнт - Pamela6589_Sacchi949:oYO7uS4AfdBl9pll4sS9
[03.04.2020 15:59:27, поток 5] Чекпойнт - Matveeva599985_Colonna541:gL8Nrb9qExgtxB6BscgO
[03.04.2020 15:59:27, поток 3] Чекпойнт - Kory9688_Ruth927:ReISYJdDEBYowHp1Y29G
[03.04.2020 15:59:27, поток 4] Чекпойнт - Darleen65050_Brooks777:IKZMQpbudGRLyvjrBUei
[03.04.2020 15:59:33, поток 4] Спарсили куки
[03.04.2020 15:59:34, поток 4] Спарсили куки
[03.04.2020 17:02:29, поток 3] Спарсили куки
[03.04.2020 17:02:29, поток 2] Спарсили куки
[03.04.2020 17:02:29, поток 2] Спарсили куки
[03.04.2020 17:02:29, поток 6] Спарсили куки
[03.04.2020 17:02:29, поток 4] Спарсили куки
[03.04.2020 17:02:30, поток 7] Спарсили куки
[03.04.2020 17:02:30, поток 7] Спарсили куки
[03.04.2020 17:02:30, поток 10] Спарсили куки
[03.04.2020 17:02:30, поток 10] Спарсили куки
[03.04.2020 17:02:31, поток 10] Спарсили куки
[03.04.2020 17:02:31, поток 10] Ошибка при регистрации - UrsulaУy500_Daniels617:s8ieYT987dJ0KGWN6FZZ
[03.04.2020 17:02:33, поток 4] Чекпойнт - Eleanore95900_Sutton121:Vx4xlas31nuSJGLoFkwq
[03.04.2020 17:02:33, поток 6] Чекпойнт - Marion885_Zanella614:nxoZYSbo_D8Z1dPuqF5_
[03.04.2020 17:02:34, поток 7] Чекпойнт - Marlene505_Aza674:WGEjaw2x9J57sbvH2hVw
[03.04.2020 17:02:34, поток 3] Чекпойнт - Dina88656_Alan993:DFOMl0fMzg_XO8A60i4b
[03.04.2020 17:02:34, поток 7] Чекпойнт - Hannah980_Milano602:wxZkbW32sMVhp_gpDJRF
[03.04.2020 17:02:34, поток 10] Чекпойнт - Pauline95909_Myrrh897:T96rwAC6qZbZjwoJBZU_
[03.04.2020 17:02:34, поток 2] Чекпойнт - Camilla900_Thornton935:uJPmTWy8Jj7k9KzH7cHZ
[03.04.2020 17:02:35, поток 2] Чекпойнт - Petukhova595688_Fleming758:E6T_lnI47vltf_6xpgS_
[03.04.2020 17:02:35, поток 10] Чекпойнт - Griselda68_Santoro496:DFOY8RlyhV0z_ucJ2lB0
[03.04.2020 17:02:39, поток 6] Спарсили куки
[03.04.2020 17:02:39, поток 7] Спарсили куки
[03.04.2020 17:02:40, поток 4] Спарсили куки
[03.04.2020 17:02:40, поток 7] Спарсили куки
[03.04.2020 17:02:40, поток 3] Спарсили куки
[03.04.2020 17:02:40, поток 2] Спарсили куки
[03.04.2020 17:02:40, поток 2] Спарсили куки
[03.04.2020 17:02:43, поток 10] Спарсили куки
[03.04.2020 17:02:43, поток 10] Спарсили куки
[03.04.2020 17:02:43, поток 7] Чекпойнт - Shcherbakova5_Vasily863:KUCgG3EI4szqJj9ZOgEW
[03.04.2020 17:02:43, поток 7] Чекпойнт - Coral986_Darren240:n3PTiLja32ikCT28ia7q
[03.04.2020 17:02:44, поток 10] Спарсили куки
[03.04.2020 17:02:44, поток 4] Чекпойнт - Maryann888_Evelina968:qrEFqoU_az8XyD8V95d7
[03.04.2020 17:02:44, поток 6] Чекпойнт - Jodie99506_Cappelli311:YOAZ_0TMSxsNq_eNBTUX
[03.04.2020 17:02:44, поток 3] Чекпойнт - Arleen999_Nurshat597:pA959WqUQuf1VuD1sZnx
[03.04.2020 17:02:45, поток 2] Чекпойнт - Kelley896_Theresa631:oGpJMFZ8DqCLdxqtclkR
[03.04.2020 17:02:45, поток 2] Чекпойнт - Darleen65050_Wilson349:1yvUPVNFWYedEcsLljIi
[03.04.2020 17:02:46, поток 10] Чекпойнт - Bogdanova5088_Agliya354:c36oiDgjgDn47UOJInp_
[03.04.2020 17:02:47, поток 10] Чекпойнт - Shanna558885_Nona633:xHIPu0mT5paHn5zQ6fV8
[03.04.2020 17:02:48, поток 10] Чекпойнт - Kelley896_Stella204:um0w2lXPnjmI3yKRIy1g
[03.04.2020 17:02:49, поток 7] Спарсили куки
[03.04.2020 17:02:50, поток 4] Спарсили куки
[03.04.2020 17:02:50, поток 6] Спарсили куки
[03.04.2020 17:02:50, поток 7] Спарсили куки
[03.04.2020 17:02:51, поток 2] Спарсили куки
[03.04.2020 17:02:51, поток 2] Спарсили куки
[03.04.2020 17:02:51, поток 3] Спарсили куки
[03.04.2020 17:02:53, поток 7] Чекпойнт - Jody888_Antonucci690:05UVjMptqxdA4yj0O4Gw
[03.04.2020 17:02:53, поток 6] Чекпойнт - Josephine598_Mcgee422:3kEaYfCeMwFGzgUJN15m
[03.04.2020 17:02:54, поток 4] Чекпойнт - Kathleen505_Pasquali838:R6vQGczz_B0B3qP8MAIm
[03.04.2020 17:02:54, поток 7] Чекпойнт - Megan55690_Talgat208:TvK6RXme3htBI1BMAAzV
[03.04.2020 17:02:55, поток 2] Чекпойнт - Kiseleva8895_Zhdanov301:7NLIclAl4nB3tnnq8l3U
[03.04.2020 17:02:55, поток 2] Чекпойнт - Ryabov69068_Ursula579:0GtyR0nlKo25vs1DFjbR
[03.04.2020 17:02:56, поток 3] Чекпойнт - Alekseeva55856008_Horn950:inBTVFogxloTBWkWWYwb
[03.04.2020 17:02:57, поток 10] Спарсили куки
[03.04.2020 17:02:59, поток 7] Спарсили куки
[03.04.2020 17:03:00, поток 6] Спарсили куки
[03.04.2020 17:03:00, поток 10] Спарсили куки
[03.04.2020 17:03:00, поток 4] Спарсили куки
[03.04.2020 17:03:02, поток 2] Спарсили куки
[03.04.2020 17:03:02, поток 2] Спарсили куки
[03.04.2020 17:03:02, поток 7] Спарсили куки
[03.04.2020 17:03:02, поток 3] Спарсили куки
[03.04.2020 17:03:04, поток 6] Чекпойнт - Magdalen605506_Pandolfi690:9CCyVui_yLSaZkPgxuvV
[03.04.2020 17:03:04, поток 7] Чекпойнт - Bertha809_Olivia799:cJiFeoGffa6vvglCnTXD
[03.04.2020 17:03:04, поток 4] Чекпойнт - Jean5_Vela552:1xHSlEoTmjHcYSnRZmZq
[03.04.2020 17:03:05, поток 10] Чекпойнт - Victoria8_Patrick832:tli2CtTWqXt3DZt84dDd
[03.04.2020 17:03:06, поток 7] Чекпойнт - Joy6585_Juno316:c0Pd24CvOlW3fKSPVFkO
[03.04.2020 17:03:06, поток 3] Чекпойнт - Kiseleva8895_Dominica297:QaGYKjLb52q5eZh4NFxZ
[03.04.2020 17:03:06, поток 2] Чекпойнт - Olivia5806998_Bela507:VEOEv5rC9MAh4_oCNSu_
[03.04.2020 17:03:10, поток 6] Спарсили куки
[03.04.2020 17:03:10, поток 4] Спарсили куки
[03.04.2020 17:03:11, поток 7] Спарсили куки
[03.04.2020 17:03:12, поток 6] Ошибка при регистрации - WinifredУ80580_Vecchio885:2Fjnt5S2gE6BTm6ooPtd
[03.04.2020 17:03:12, поток 10] Спарсили куки
[03.04.2020 17:03:12, поток 2] Спарсили куки
[03.04.2020 17:03:12, поток 3] Спарсили куки
[03.04.2020 17:03:13, поток 10] Ошибка при регистрации - Brenda9008_Little249:bSIKAKkofhgi0LMMqtia
[03.04.2020 17:03:13, поток 7] Спарсили куки
[03.04.2020 17:03:14, поток 10] Спарсили куки
[03.04.2020 17:03:15, поток 4] Чекпойнт - Annis5880_Salerno572:tDwqZtB7a3mwT36tazze
[03.04.2020 17:03:15, поток 7] Чекпойнт - Juliannay606_Harper715:KzeMmPOJ1NPmDOd38FMR
[03.04.2020 17:03:16, поток 3] Чекпойнт - Donna8656_Rushan355:hueEWIcc9l_G9JJTVSOx
[03.04.2020 17:03:16, поток 10] Чекпойнт - Diana58088_Yaroslav763:EOOLz3adwSWM7nWLRFNj
[03.04.2020 17:03:17, поток 2] Чекпойнт - Alaina880_Lia453:Btk65B48osRr3bScbHcL
[03.04.2020 17:03:17, поток 2] Ошибка при регистрации - Lee60880_Tadhkira694:M0kKmfRHVM8v9_wE0EJy
[03.04.2020 17:03:18, поток 7] Чекпойнт - Madison8969_Laura613:1_Y8ytTS7DmDo6Qjhcjk
[03.04.2020 17:03:19, поток 10] Чекпойнт - Dinah9559888_Colli691:ZsczcMAjcTJ9m6oCCRWr
