[10.06.2020 14:19:42, поток 0] Парсим куки...
[10.06.2020 14:20:02, поток 0] (Ошибка) Текст ошибки: xNet.HttpException: Не удалось соединиться с HTTP-сервером 'www.instagram.com'. ---> xNet.ProxyException: Вышло время ожидания подключения к прокси-серверу '185.86.151.217:8010'.
   в xNet.ProxyClient.CreateConnectionToProxy()
   в xNet.HttpProxyClient.CreateConnection(String destinationHost, Int32 destinationPort, TcpClient tcpClient)
   в xNet.HttpRequest.CreateTcpConnection(String host, Int32 port)
   --- Конец трассировки внутреннего стека исключений ---
   в xNet.HttpRequest.CreateTcpConnection(String host, Int32 port)
   в xNet.HttpRequest.CreateConnection(Uri address)
   в xNet.HttpRequest.TryCreateConnectionOrUseExisting(Uri address, Uri previousAddress)
   в xNet.HttpRequest.Request(HttpMethod method, Uri address, HttpContent content)
   в xNet.HttpRequest.Raw(HttpMethod method, Uri address, HttpContent content)
   в xNet.HttpRequest.Raw(HttpMethod method, String address, HttpContent content)
   в InstaDirectMessage_ButDev.InstagramHashtagsParser.GetCookie() в D:\MaXiMAA\MaXiMAAOld\C#Готово\KWORK\InstaDirectMessage_ButDev\InstaDirectMessage_ButDev\InstagramHashtagsParser.cs:строка 167
[10.06.2020 14:20:02, поток 0] [DEBUG] Сменили прокси.
[10.06.2020 14:20:02, поток 0] Парсим куки...
[10.06.2020 14:20:22, поток 0] (Ошибка) Текст ошибки: xNet.HttpException: Не удалось соединиться с HTTP-сервером 'www.instagram.com'. ---> xNet.ProxyException: Вышло время ожидания подключения к прокси-серверу '185.86.151.217:8011'.
   в xNet.ProxyClient.CreateConnectionToProxy()
   в xNet.HttpProxyClient.CreateConnection(String destinationHost, Int32 destinationPort, TcpClient tcpClient)
   в xNet.HttpRequest.CreateTcpConnection(String host, Int32 port)
   --- Конец трассировки внутреннего стека исключений ---
   в xNet.HttpRequest.CreateTcpConnection(String host, Int32 port)
   в xNet.HttpRequest.CreateConnection(Uri address)
   в xNet.HttpRequest.TryCreateConnectionOrUseExisting(Uri address, Uri previousAddress)
   в xNet.HttpRequest.Request(HttpMethod method, Uri address, HttpContent content)
   в xNet.HttpRequest.Raw(HttpMethod method, Uri address, HttpContent content)
   в xNet.HttpRequest.Raw(HttpMethod method, String address, HttpContent content)
   в InstaDirectMessage_ButDev.InstagramHashtagsParser.GetCookie() в D:\MaXiMAA\MaXiMAAOld\C#Готово\KWORK\InstaDirectMessage_ButDev\InstaDirectMessage_ButDev\InstagramHashtagsParser.cs:строка 167
[10.06.2020 14:20:22, поток 0] [DEBUG] Сменили прокси.
[10.06.2020 14:20:22, поток 0] Парсим куки...
[10.06.2020 14:20:23, поток 0] Спарсили куки
[10.06.2020 14:20:23, поток 0] Получили куки...
[10.06.2020 14:20:23, поток 0] Начинаем парсинг...
[10.06.2020 14:20:28, поток 0] Спарсили часть...
[10.06.2020 14:20:31, поток 0] Спарсили часть...
[10.06.2020 14:20:31, поток 0] Парсинг тэга "москва" закончен!
[10.06.2020 14:20:32, поток 0] Парсим куки...
[10.06.2020 14:20:33, поток 0] Спарсили куки
[10.06.2020 14:20:33, поток 0] Получили куки...
[10.06.2020 14:20:33, поток 0] Начинаем парсинг...
[10.06.2020 14:20:37, поток 0] Спарсили часть...
[10.06.2020 14:20:40, поток 0] Спарсили часть...
[10.06.2020 14:20:42, поток 0] Спарсили часть...
[10.06.2020 14:20:42, поток 0] Парсинг тэга "минск" закончен!
[10.06.2020 14:20:43, поток 0] Парсим куки...
[10.06.2020 14:20:44, поток 0] Спарсили куки
[10.06.2020 14:20:44, поток 0] Получили куки...
[10.06.2020 14:20:44, поток 0] Начинаем парсинг...
[10.06.2020 14:20:49, поток 0] Спарсили часть...
[10.06.2020 14:20:52, поток 0] Спарсили часть...
[10.06.2020 14:20:52, поток 0] Парсинг тэга "красота" закончен!
[10.06.2020 14:20:53, поток 0] Парсим куки...
[10.06.2020 14:20:54, поток 0] Спарсили куки
[10.06.2020 14:20:54, поток 0] Получили куки...
[10.06.2020 14:20:54, поток 0] Начинаем парсинг...
[10.06.2020 14:20:59, поток 0] Спарсили часть...
[10.06.2020 14:21:02, поток 0] Спарсили часть...
[10.06.2020 14:21:02, поток 0] Парсинг тэга "успех" закончен!
[10.06.2020 14:24:11, поток 0] Парсим куки...
[10.06.2020 14:24:11, поток 1] Парсим куки...
[10.06.2020 14:24:12, поток 0] Спарсили куки
[10.06.2020 14:24:12, поток 0] Получили куки...
[10.06.2020 14:24:12, поток 0] Начинаем парсинг...
[10.06.2020 14:24:12, поток 1] Спарсили куки
[10.06.2020 14:24:12, поток 1] Получили куки...
[10.06.2020 14:24:12, поток 1] Начинаем парсинг...
[10.06.2020 14:24:17, поток 0] Спарсили часть...
[10.06.2020 14:24:17, поток 1] Спарсили часть...
[10.06.2020 14:24:19, поток 0] Спарсили часть...
[10.06.2020 14:24:19, поток 0] Парсинг тэга "москва" закончен!
[10.06.2020 14:24:20, поток 0] Парсим куки...
[10.06.2020 14:24:21, поток 0] Спарсили куки
[10.06.2020 14:24:21, поток 0] Получили куки...
[10.06.2020 14:24:21, поток 0] Начинаем парсинг...
[10.06.2020 14:24:21, поток 1] Спарсили часть...
[10.06.2020 14:24:21, поток 1] Парсинг тэга "красота" закончен!
[10.06.2020 14:24:22, поток 1] Парсим куки...
[10.06.2020 14:24:23, поток 1] Спарсили куки
[10.06.2020 14:24:23, поток 1] Получили куки...
[10.06.2020 14:24:23, поток 1] Начинаем парсинг...
[10.06.2020 14:24:26, поток 0] Спарсили часть...
[10.06.2020 14:24:29, поток 0] Спарсили часть...
[10.06.2020 14:24:29, поток 1] Спарсили часть...
[10.06.2020 14:24:31, поток 0] Спарсили часть...
[10.06.2020 14:24:31, поток 0] Парсинг тэга "минск" закончен!
[10.06.2020 14:24:32, поток 1] Спарсили часть...
[10.06.2020 14:24:32, поток 1] Парсинг тэга "успех" закончен!
[10.06.2020 19:31:58, поток 0] Парсим куки...
[10.06.2020 19:31:58, поток 0] (Ошибка) Текст ошибки: xNet.HttpException: Не удалось соединиться с HTTP-сервером 'www.instagram.com'. ---> xNet.ProxyException: Получен неверный код статуса 'ServiceUnavailable' от прокси-сервера '185.86.151.217:8010'.
   в xNet.HttpProxyClient.CreateConnection(String destinationHost, Int32 destinationPort, TcpClient tcpClient)
   в xNet.HttpRequest.CreateTcpConnection(String host, Int32 port)
   --- Конец трассировки внутреннего стека исключений ---
   в xNet.HttpRequest.CreateTcpConnection(String host, Int32 port)
   в xNet.HttpRequest.CreateConnection(Uri address)
   в xNet.HttpRequest.TryCreateConnectionOrUseExisting(Uri address, Uri previousAddress)
   в xNet.HttpRequest.Request(HttpMethod method, Uri address, HttpContent content)
   в xNet.HttpRequest.Raw(HttpMethod method, Uri address, HttpContent content)
   в xNet.HttpRequest.Raw(HttpMethod method, String address, HttpContent content)
   в InstaDirectMessage_ButDev.InstagramHashtagsParser.GetCookie() в D:\MaXiMAA\MaXiMAAOld\C#Готово\KWORK\InstaDirectMessage_ButDev\InstaDirectMessage_ButDev\InstagramHashtagsParser.cs:строка 167
[10.06.2020 19:31:58, поток 0] [DEBUG] Сменили прокси.
[10.06.2020 19:31:58, поток 0] Парсим куки...
[10.06.2020 19:31:59, поток 0] (Ошибка) Текст ошибки: xNet.HttpException: Не удалось соединиться с HTTP-сервером 'www.instagram.com'. ---> xNet.ProxyException: Получен неверный код статуса 'ServiceUnavailable' от прокси-сервера '185.86.151.217:8011'.
   в xNet.HttpProxyClient.CreateConnection(String destinationHost, Int32 destinationPort, TcpClient tcpClient)
   в xNet.HttpRequest.CreateTcpConnection(String host, Int32 port)
   --- Конец трассировки внутреннего стека исключений ---
   в xNet.HttpRequest.CreateTcpConnection(String host, Int32 port)
   в xNet.HttpRequest.CreateConnection(Uri address)
   в xNet.HttpRequest.TryCreateConnectionOrUseExisting(Uri address, Uri previousAddress)
   в xNet.HttpRequest.Request(HttpMethod method, Uri address, HttpContent content)
   в xNet.HttpRequest.Raw(HttpMethod method, Uri address, HttpContent content)
   в xNet.HttpRequest.Raw(HttpMethod method, String address, HttpContent content)
   в InstaDirectMessage_ButDev.InstagramHashtagsParser.GetCookie() в D:\MaXiMAA\MaXiMAAOld\C#Готово\KWORK\InstaDirectMessage_ButDev\InstaDirectMessage_ButDev\InstagramHashtagsParser.cs:строка 167
[10.06.2020 19:31:59, поток 0] [DEBUG] Сменили прокси.
[10.06.2020 19:31:59, поток 0] Парсим куки...
[10.06.2020 19:31:59, поток 0] (Ошибка) Текст ошибки: xNet.HttpException: Не удалось соединиться с HTTP-сервером 'www.instagram.com'. ---> xNet.ProxyException: Получен неверный код статуса 'ServiceUnavailable' от прокси-сервера '185.86.151.217:8010'.
   в xNet.HttpProxyClient.CreateConnection(String destinationHost, Int32 destinationPort, TcpClient tcpClient)
   в xNet.HttpRequest.CreateTcpConnection(String host, Int32 port)
   --- Конец трассировки внутреннего стека исключений ---
   в xNet.HttpRequest.CreateTcpConnection(String host, Int32 port)
   в xNet.HttpRequest.CreateConnection(Uri address)
   в xNet.HttpRequest.TryCreateConnectionOrUseExisting(Uri address, Uri previousAddress)
   в xNet.HttpRequest.Request(HttpMethod method, Uri address, HttpContent content)
   в xNet.HttpRequest.Raw(HttpMethod method, Uri address, HttpContent content)
   в xNet.HttpRequest.Raw(HttpMethod method, String address, HttpContent content)
   в InstaDirectMessage_ButDev.InstagramHashtagsParser.GetCookie() в D:\MaXiMAA\MaXiMAAOld\C#Готово\KWORK\InstaDirectMessage_ButDev\InstaDirectMessage_ButDev\InstagramHashtagsParser.cs:строка 167
[10.06.2020 19:31:59, поток 0] [DEBUG] Сменили прокси.
[10.06.2020 19:32:10, поток 0] Парсим куки...
[10.06.2020 19:32:10, поток 0] (Ошибка) Текст ошибки: xNet.HttpException: Не удалось соединиться с HTTP-сервером 'www.instagram.com'. ---> xNet.ProxyException: Получен неверный код статуса 'ServiceUnavailable' от прокси-сервера '185.86.151.217:8010'.
   в xNet.HttpProxyClient.CreateConnection(String destinationHost, Int32 destinationPort, TcpClient tcpClient)
   в xNet.HttpRequest.CreateTcpConnection(String host, Int32 port)
   --- Конец трассировки внутреннего стека исключений ---
   в xNet.HttpRequest.CreateTcpConnection(String host, Int32 port)
   в xNet.HttpRequest.CreateConnection(Uri address)
   в xNet.HttpRequest.TryCreateConnectionOrUseExisting(Uri address, Uri previousAddress)
   в xNet.HttpRequest.Request(HttpMethod method, Uri address, HttpContent content)
   в xNet.HttpRequest.Raw(HttpMethod method, Uri address, HttpContent content)
   в xNet.HttpRequest.Raw(HttpMethod method, String address, HttpContent content)
   в InstaDirectMessage_ButDev.InstagramHashtagsParser.GetCookie() в D:\MaXiMAA\MaXiMAAOld\C#Готово\KWORK\InstaDirectMessage_ButDev\InstaDirectMessage_ButDev\InstagramHashtagsParser.cs:строка 167
[10.06.2020 19:32:10, поток 0] [DEBUG] Сменили прокси.
[10.06.2020 19:32:10, поток 0] Парсим куки...
[10.06.2020 19:32:10, поток 0] (Ошибка) Текст ошибки: xNet.HttpException: Не удалось соединиться с HTTP-сервером 'www.instagram.com'. ---> xNet.ProxyException: Получен неверный код статуса 'ServiceUnavailable' от прокси-сервера '185.86.151.217:8011'.
   в xNet.HttpProxyClient.CreateConnection(String destinationHost, Int32 destinationPort, TcpClient tcpClient)
   в xNet.HttpRequest.CreateTcpConnection(String host, Int32 port)
   --- Конец трассировки внутреннего стека исключений ---
   в xNet.HttpRequest.CreateTcpConnection(String host, Int32 port)
   в xNet.HttpRequest.CreateConnection(Uri address)
   в xNet.HttpRequest.TryCreateConnectionOrUseExisting(Uri address, Uri previousAddress)
   в xNet.HttpRequest.Request(HttpMethod method, Uri address, HttpContent content)
   в xNet.HttpRequest.Raw(HttpMethod method, Uri address, HttpContent content)
   в xNet.HttpRequest.Raw(HttpMethod method, String address, HttpContent content)
   в InstaDirectMessage_ButDev.InstagramHashtagsParser.GetCookie() в D:\MaXiMAA\MaXiMAAOld\C#Готово\KWORK\InstaDirectMessage_ButDev\InstaDirectMessage_ButDev\InstagramHashtagsParser.cs:строка 167
[10.06.2020 19:32:10, поток 0] [DEBUG] Сменили прокси.
[10.06.2020 19:32:10, поток 0] Парсим куки...
[10.06.2020 19:32:11, поток 0] (Ошибка) Текст ошибки: xNet.HttpException: Не удалось соединиться с HTTP-сервером 'www.instagram.com'. ---> xNet.ProxyException: Получен неверный код статуса 'ServiceUnavailable' от прокси-сервера '185.86.151.217:8010'.
   в xNet.HttpProxyClient.CreateConnection(String destinationHost, Int32 destinationPort, TcpClient tcpClient)
   в xNet.HttpRequest.CreateTcpConnection(String host, Int32 port)
   --- Конец трассировки внутреннего стека исключений ---
   в xNet.HttpRequest.CreateTcpConnection(String host, Int32 port)
   в xNet.HttpRequest.CreateConnection(Uri address)
   в xNet.HttpRequest.TryCreateConnectionOrUseExisting(Uri address, Uri previousAddress)
   в xNet.HttpRequest.Request(HttpMethod method, Uri address, HttpContent content)
   в xNet.HttpRequest.Raw(HttpMethod method, Uri address, HttpContent content)
   в xNet.HttpRequest.Raw(HttpMethod method, String address, HttpContent content)
   в InstaDirectMessage_ButDev.InstagramHashtagsParser.GetCookie() в D:\MaXiMAA\MaXiMAAOld\C#Готово\KWORK\InstaDirectMessage_ButDev\InstaDirectMessage_ButDev\InstagramHashtagsParser.cs:строка 167
[10.06.2020 19:32:11, поток 0] [DEBUG] Сменили прокси.
[10.06.2020 19:32:37, поток 0] Парсим куки...
[10.06.2020 19:32:37, поток 0] Спарсили куки
[10.06.2020 19:32:37, поток 0] Получили куки...
[10.06.2020 19:32:37, поток 0] Начинаем парсинг...
[10.06.2020 19:32:39, поток 0] (Ошибка) Текст ошибки: System.NullReferenceException: Ссылка на объект не указывает на экземпляр объекта.
   в InstaDirectMessage_ButDev.InstagramHashtagsParser.GetFirstData(String cookie) в D:\MaXiMAA\MaXiMAAOld\C#Готово\KWORK\InstaDirectMessage_ButDev\InstaDirectMessage_ButDev\InstagramHashtagsParser.cs:строка 238
[10.06.2020 19:32:39, поток 0] [DEBUG] Сменили прокси.
[10.06.2020 19:32:39, поток 0] (Ошибка) Текст ошибки: System.NullReferenceException: Ссылка на объект не указывает на экземпляр объекта.
   в InstaDirectMessage_ButDev.InstagramHashtagsParser.GetFirstData(String cookie) в D:\MaXiMAA\MaXiMAAOld\C#Готово\KWORK\InstaDirectMessage_ButDev\InstaDirectMessage_ButDev\InstagramHashtagsParser.cs:строка 238
[10.06.2020 19:32:39, поток 0] [DEBUG] Сменили прокси.
[10.06.2020 19:32:39, поток 0] (Ошибка) Текст ошибки: System.NullReferenceException: Ссылка на объект не указывает на экземпляр объекта.
   в InstaDirectMessage_ButDev.InstagramHashtagsParser.GetFirstData(String cookie) в D:\MaXiMAA\MaXiMAAOld\C#Готово\KWORK\InstaDirectMessage_ButDev\InstaDirectMessage_ButDev\InstagramHashtagsParser.cs:строка 238
[10.06.2020 19:32:39, поток 0] [DEBUG] Сменили прокси.
[10.06.2020 19:32:40, поток 0] (Ошибка) Текст ошибки: System.NullReferenceException: Ссылка на объект не указывает на экземпляр объекта.
   в InstaDirectMessage_ButDev.InstagramHashtagsParser.GetFirstData(String cookie) в D:\MaXiMAA\MaXiMAAOld\C#Готово\KWORK\InstaDirectMessage_ButDev\InstaDirectMessage_ButDev\InstagramHashtagsParser.cs:строка 238
[10.06.2020 19:32:40, поток 0] [DEBUG] Сменили прокси.
[10.06.2020 19:32:40, поток 0] (Ошибка) Текст ошибки: System.NullReferenceException: Ссылка на объект не указывает на экземпляр объекта.
   в InstaDirectMessage_ButDev.InstagramHashtagsParser.GetFirstData(String cookie) в D:\MaXiMAA\MaXiMAAOld\C#Готово\KWORK\InstaDirectMessage_ButDev\InstaDirectMessage_ButDev\InstagramHashtagsParser.cs:строка 238
[10.06.2020 19:32:40, поток 0] [DEBUG] Сменили прокси.
[10.06.2020 19:32:40, поток 0] (Ошибка) Текст ошибки: System.NullReferenceException: Ссылка на объект не указывает на экземпляр объекта.
   в InstaDirectMessage_ButDev.InstagramHashtagsParser.GetFirstData(String cookie) в D:\MaXiMAA\MaXiMAAOld\C#Готово\KWORK\InstaDirectMessage_ButDev\InstaDirectMessage_ButDev\InstagramHashtagsParser.cs:строка 238
[10.06.2020 19:32:40, поток 0] [DEBUG] Сменили прокси.
[10.06.2020 19:32:40, поток 0] (Ошибка) Текст ошибки: System.NullReferenceException: Ссылка на объект не указывает на экземпляр объекта.
   в InstaDirectMessage_ButDev.InstagramHashtagsParser.GetFirstData(String cookie) в D:\MaXiMAA\MaXiMAAOld\C#Готово\KWORK\InstaDirectMessage_ButDev\InstaDirectMessage_ButDev\InstagramHashtagsParser.cs:строка 238
[10.06.2020 19:32:40, поток 0] [DEBUG] Сменили прокси.
[10.06.2020 19:32:41, поток 0] (Ошибка) Текст ошибки: System.NullReferenceException: Ссылка на объект не указывает на экземпляр объекта.
   в InstaDirectMessage_ButDev.InstagramHashtagsParser.GetFirstData(String cookie) в D:\MaXiMAA\MaXiMAAOld\C#Готово\KWORK\InstaDirectMessage_ButDev\InstaDirectMessage_ButDev\InstagramHashtagsParser.cs:строка 238
[10.06.2020 19:32:41, поток 0] [DEBUG] Сменили прокси.
[10.06.2020 19:32:41, поток 0] (Ошибка) Текст ошибки: System.NullReferenceException: Ссылка на объект не указывает на экземпляр объекта.
   в InstaDirectMessage_ButDev.InstagramHashtagsParser.GetFirstData(String cookie) в D:\MaXiMAA\MaXiMAAOld\C#Готово\KWORK\InstaDirectMessage_ButDev\InstaDirectMessage_ButDev\InstagramHashtagsParser.cs:строка 238
[10.06.2020 19:32:41, поток 0] [DEBUG] Сменили прокси.
[10.06.2020 19:32:41, поток 0] (Ошибка) Текст ошибки: System.NullReferenceException: Ссылка на объект не указывает на экземпляр объекта.
   в InstaDirectMessage_ButDev.InstagramHashtagsParser.GetFirstData(String cookie) в D:\MaXiMAA\MaXiMAAOld\C#Готово\KWORK\InstaDirectMessage_ButDev\InstaDirectMessage_ButDev\InstagramHashtagsParser.cs:строка 238
[10.06.2020 19:32:41, поток 0] [DEBUG] Сменили прокси.
[10.06.2020 19:33:05, поток 0] Парсим куки...
[10.06.2020 19:33:06, поток 0] Спарсили куки
[10.06.2020 19:33:06, поток 0] Получили куки...
[10.06.2020 19:33:06, поток 0] Начинаем парсинг...
[10.06.2020 19:33:10, поток 0] Спарсили часть...
[10.06.2020 19:33:12, поток 0] Спарсили часть...
[10.06.2020 19:33:12, поток 0] Парсинг тэга "москва" закончен!
[10.06.2020 20:51:31, поток 0] Парсим куки...
[10.06.2020 20:51:32, поток 0] Спарсили куки
[10.06.2020 20:51:32, поток 0] Получили куки...
[10.06.2020 20:51:32, поток 0] Начинаем парсинг...
[10.06.2020 20:51:33, поток 0] (Ошибка) Текст ошибки: System.NullReferenceException: Ссылка на объект не указывает на экземпляр объекта.
   в InstaDirectMessage_ButDev.InstagramHashtagsParser.GetFirstData(String cookie) в D:\MaXiMAA\MaXiMAAOld\C#Готово\KWORK\InstaDirectMessage_ButDev\InstaDirectMessage_ButDev\InstagramHashtagsParser.cs:строка 238
[10.06.2020 20:51:33, поток 0] [DEBUG] Сменили прокси.
[10.06.2020 20:51:34, поток 0] (Ошибка) Текст ошибки: System.NullReferenceException: Ссылка на объект не указывает на экземпляр объекта.
   в InstaDirectMessage_ButDev.InstagramHashtagsParser.GetFirstData(String cookie) в D:\MaXiMAA\MaXiMAAOld\C#Готово\KWORK\InstaDirectMessage_ButDev\InstaDirectMessage_ButDev\InstagramHashtagsParser.cs:строка 238
[10.06.2020 20:51:34, поток 0] [DEBUG] Сменили прокси.
[10.06.2020 20:51:34, поток 0] (Ошибка) Текст ошибки: Newtonsoft.Json.JsonReaderException: Unexpected character encountered while parsing value: <. Path '', line 0, position 0.
   в Newtonsoft.Json.JsonTextReader.ParseValue()
   в Newtonsoft.Json.JsonTextReader.Read()
   в Newtonsoft.Json.JsonReader.ReadForType(JsonContract contract, Boolean hasConverter)
   в Newtonsoft.Json.Serialization.JsonSerializerInternalReader.Deserialize(JsonReader reader, Type objectType, Boolean checkAdditionalContent)
   в Newtonsoft.Json.JsonSerializer.DeserializeInternal(JsonReader reader, Type objectType)
   в Newtonsoft.Json.JsonConvert.DeserializeObject(String value, Type type, JsonSerializerSettings settings)
   в Newtonsoft.Json.JsonConvert.DeserializeObject[T](String value, JsonSerializerSettings settings)
   в InstaDirectMessage_ButDev.InstagramHashtagsParser.GetFirstData(String cookie) в D:\MaXiMAA\MaXiMAAOld\C#Готово\KWORK\InstaDirectMessage_ButDev\InstaDirectMessage_ButDev\InstagramHashtagsParser.cs:строка 238
[10.06.2020 20:51:34, поток 0] [DEBUG] Сменили прокси.
[10.06.2020 20:51:35, поток 0] (Ошибка) Текст ошибки: System.NullReferenceException: Ссылка на объект не указывает на экземпляр объекта.
   в InstaDirectMessage_ButDev.InstagramHashtagsParser.GetFirstData(String cookie) в D:\MaXiMAA\MaXiMAAOld\C#Готово\KWORK\InstaDirectMessage_ButDev\InstaDirectMessage_ButDev\InstagramHashtagsParser.cs:строка 238
[10.06.2020 20:51:35, поток 0] [DEBUG] Сменили прокси.
[10.06.2020 20:51:35, поток 0] (Ошибка) Текст ошибки: System.NullReferenceException: Ссылка на объект не указывает на экземпляр объекта.
   в InstaDirectMessage_ButDev.InstagramHashtagsParser.GetFirstData(String cookie) в D:\MaXiMAA\MaXiMAAOld\C#Готово\KWORK\InstaDirectMessage_ButDev\InstaDirectMessage_ButDev\InstagramHashtagsParser.cs:строка 238
[10.06.2020 20:51:35, поток 0] [DEBUG] Сменили прокси.
[10.06.2020 20:51:35, поток 0] (Ошибка) Текст ошибки: System.NullReferenceException: Ссылка на объект не указывает на экземпляр объекта.
   в InstaDirectMessage_ButDev.InstagramHashtagsParser.GetFirstData(String cookie) в D:\MaXiMAA\MaXiMAAOld\C#Готово\KWORK\InstaDirectMessage_ButDev\InstaDirectMessage_ButDev\InstagramHashtagsParser.cs:строка 238
[10.06.2020 20:51:35, поток 0] [DEBUG] Сменили прокси.
[10.06.2020 20:51:36, поток 0] (Ошибка) Текст ошибки: System.NullReferenceException: Ссылка на объект не указывает на экземпляр объекта.
   в InstaDirectMessage_ButDev.InstagramHashtagsParser.GetFirstData(String cookie) в D:\MaXiMAA\MaXiMAAOld\C#Готово\KWORK\InstaDirectMessage_ButDev\InstaDirectMessage_ButDev\InstagramHashtagsParser.cs:строка 238
[10.06.2020 20:51:36, поток 0] [DEBUG] Сменили прокси.
[10.06.2020 20:51:36, поток 0] (Ошибка) Текст ошибки: Newtonsoft.Json.JsonReaderException: Unexpected character encountered while parsing value: <. Path '', line 0, position 0.
   в Newtonsoft.Json.JsonTextReader.ParseValue()
   в Newtonsoft.Json.JsonTextReader.Read()
   в Newtonsoft.Json.JsonReader.ReadForType(JsonContract contract, Boolean hasConverter)
   в Newtonsoft.Json.Serialization.JsonSerializerInternalReader.Deserialize(JsonReader reader, Type objectType, Boolean checkAdditionalContent)
   в Newtonsoft.Json.JsonSerializer.DeserializeInternal(JsonReader reader, Type objectType)
   в Newtonsoft.Json.JsonConvert.DeserializeObject(String value, Type type, JsonSerializerSettings settings)
   в Newtonsoft.Json.JsonConvert.DeserializeObject[T](String value, JsonSerializerSettings settings)
   в InstaDirectMessage_ButDev.InstagramHashtagsParser.GetFirstData(String cookie) в D:\MaXiMAA\MaXiMAAOld\C#Готово\KWORK\InstaDirectMessage_ButDev\InstaDirectMessage_ButDev\InstagramHashtagsParser.cs:строка 238
[10.06.2020 20:51:36, поток 0] [DEBUG] Сменили прокси.
[10.06.2020 20:51:36, поток 0] (Ошибка) Текст ошибки: System.NullReferenceException: Ссылка на объект не указывает на экземпляр объекта.
   в InstaDirectMessage_ButDev.InstagramHashtagsParser.GetFirstData(String cookie) в D:\MaXiMAA\MaXiMAAOld\C#Готово\KWORK\InstaDirectMessage_ButDev\InstaDirectMessage_ButDev\InstagramHashtagsParser.cs:строка 238
[10.06.2020 20:51:36, поток 0] [DEBUG] Сменили прокси.
[10.06.2020 20:51:37, поток 0] (Ошибка) Текст ошибки: System.NullReferenceException: Ссылка на объект не указывает на экземпляр объекта.
   в InstaDirectMessage_ButDev.InstagramHashtagsParser.GetFirstData(String cookie) в D:\MaXiMAA\MaXiMAAOld\C#Готово\KWORK\InstaDirectMessage_ButDev\InstaDirectMessage_ButDev\InstagramHashtagsParser.cs:строка 238
[10.06.2020 20:51:37, поток 0] [DEBUG] Сменили прокси.
[10.06.2020 20:52:03, поток 0] Парсим куки...
[10.06.2020 20:52:04, поток 0] Спарсили куки
[10.06.2020 20:52:04, поток 0] Получили куки...
[10.06.2020 20:52:04, поток 0] Начинаем парсинг...
[10.06.2020 20:52:08, поток 0] Спарсили часть...
[10.06.2020 20:52:11, поток 0] Спарсили часть...
[10.06.2020 20:52:13, поток 0] Спарсили часть...
[10.06.2020 20:52:15, поток 0] Спарсили часть...
[10.06.2020 20:52:17, поток 0] Спарсили часть...
[10.06.2020 20:52:20, поток 0] Спарсили часть...
[10.06.2020 20:52:22, поток 0] Спарсили часть...
[10.06.2020 20:52:24, поток 0] Спарсили часть...
[10.06.2020 20:52:27, поток 0] Спарсили часть...
[10.06.2020 20:52:31, поток 0] Спарсили часть...
[10.06.2020 20:52:33, поток 0] Спарсили часть...
[10.06.2020 20:52:35, поток 0] Спарсили часть...
[10.06.2020 20:52:38, поток 0] Спарсили часть...
[10.06.2020 20:52:40, поток 0] Спарсили часть...
