[30.05.2020 14:03:53, thread 0] Defined proxy region - ru-RU
[30.05.2020 14:03:55, thread 1] Cookie parsing
[30.05.2020 14:03:55, thread 1] Took number in the service - +79651055780, id: 267334393
[30.05.2020 14:05:07, thread 0] Defined proxy region - ru-RU
[30.05.2020 14:05:09, thread 1] Cookie parsing
[30.05.2020 14:05:10, thread 1] Took number in the service - +79855160037, id: 267334954
[30.05.2020 14:05:30, thread 1] Received a code  on number +79855160037, id: 267334954
[30.05.2020 14:05:34, thread 1] Checkpoint - Sharon5555_Rich637:oLl7TkeXGH_H_YW1bgFU:185.86.151.217:8010:l3ntvv:NGJKov:Mozilla/5.0 (Windows NT 6.1) AppleWebKit/537.36 (KHTML, like Gecko) Chrome/75.0.3770.102 Safari/537.36 Vivaldi/2.6.1566.44:Sharon5555Rich74628@gmail.com:ru-RU
[30.05.2020 14:05:34, thread 1] Accepted the phone number.
[30.05.2020 14:05:45, thread 0] Defined proxy region - ru-RU
[30.05.2020 14:05:47, thread 1] Cookie parsing
[30.05.2020 14:05:47, thread 1] Took number in the service - +79630292439, id: 267335193
[30.05.2020 14:06:08, thread 1] Received a code  on number +79630292439, id: 267335193
[30.05.2020 14:06:11, thread 1] Checkpoint - Kuznetsova9_Merritt327:fw0FvFl_sOG0L37NntOe:185.86.151.217:8011:l3ntvv:NGJKov:Mozilla/5.0 (Windows NT 6.2; WOW64; rv:17.0) Gecko/20100101 Firefox/17.0:Kuznetsova9Merritt28647@gmail.com:ru-RU
[30.05.2020 14:06:11, thread 1] Accepted the phone number.
[30.05.2020 14:06:22, thread 0] Defined proxy region - ru-RU
[30.05.2020 14:06:24, thread 1] Cookie parsing
[30.05.2020 14:06:24, thread 1] Took number in the service - +79151127490, id: 267335532
[30.05.2020 14:06:45, thread 1] Received a code  on number +79151127490, id: 267335532
[30.05.2020 14:06:49, thread 1] Checkpoint - Stephanie959_Rossetti531:_pjOle78mUj1nlC1i8zU:185.86.151.217:8010:l3ntvv:NGJKov:Mozilla/5.0 (Windows NT 10.0; WOW64) AppleWebKit/537.36 (KHTML, like Gecko) Chrome/64.0.3282.186 YaBrowser/18.3.1.1232 Yowser/2.5 Safari/537.36:Stephanie959Rossetti73795@gmail.com:ru-RU
[30.05.2020 14:06:49, thread 1] Accepted the phone number.
[30.05.2020 14:07:00, thread 0] Defined proxy region - ru-RU
[30.05.2020 14:07:02, thread 1] Cookie parsing
[30.05.2020 14:07:02, thread 1] Took number in the service - +79827109580, id: 267335813
[30.05.2020 14:07:23, thread 1] Received a code  on number +79827109580, id: 267335813
[30.05.2020 14:07:27, thread 1] Checkpoint - Marlene505_Wilson735:NxxjKvgu3sYb_oPNPdTz:185.86.151.217:8011:l3ntvv:NGJKov:Mozilla/5.0 (Windows NT 6.2; Win64; x64) AppleWebKit/537.36 (KHTML, like Gecko) Chrome/77.0.3865.120 Safari/537.36:Marlene505Wilson28944@gmail.com:ru-RU
[30.05.2020 14:07:27, thread 1] Accepted the phone number.
[30.05.2020 14:07:38, thread 0] Defined proxy region - ru-RU
[30.05.2020 14:07:40, thread 1] Cookie parsing
[30.05.2020 14:07:40, thread 1] Took number in the service - +79651053988, id: 267336077
[30.05.2020 14:08:01, thread 1] Received a code  on number +79651053988, id: 267336077
[30.05.2020 14:08:05, thread 1] Checkpoint - Paulina50_Perkins682:7_S7C8n2IRNsTRh8Eaq8:185.86.151.217:8010:l3ntvv:NGJKov:Mozilla/5.0 (Windows NT 6.1; Win64; x64) AppleWebKit/537.36 (KHTML, like Gecko) Chrome/69.0.3497.100 Safari/537.36:Paulina50Perkins87550@gmail.com:ru-RU
[30.05.2020 14:08:06, thread 1] Accepted the phone number.
[30.05.2020 14:08:16, thread 0] Defined proxy region - ru-RU
[30.05.2020 14:08:18, thread 1] Cookie parsing
[30.05.2020 14:08:18, thread 1] Took number in the service - +79680569535, id: 267336258
[30.05.2020 14:08:39, thread 1] Received a code  on number +79680569535, id: 267336258
[30.05.2020 14:08:43, thread 1] Checkpoint - Sokolova988_Tabib598:rYwhIPOe_W0rRNP6RdmF:185.86.151.217:8011:l3ntvv:NGJKov:Mozilla/5.0 (Windows NT 10.0; Win64; rv:69.0) Gecko/20100101 Firefox/69.0:Sokolova988Tabib24089@gmail.com:ru-RU
[30.05.2020 14:08:43, thread 1] Accepted the phone number.
[30.05.2020 14:08:55, thread 0] Defined proxy region - ru-RU
[30.05.2020 14:08:58, thread 1] Cookie parsing
[30.05.2020 14:08:58, thread 1] Took number in the service - +79162041388, id: 267336404
[30.05.2020 14:09:19, thread 1] Received a code  on number +79162041388, id: 267336404
[30.05.2020 14:09:23, thread 1] Checkpoint - Shanna558885_Felice967:SF6Q3y1vbMvbv_9KlV7j:185.86.151.217:8010:l3ntvv:NGJKov:Mozilla/5.0 (Windows NT 6.1; Win64; x64) AppleWebKit/537.36 (KHTML, like Gecko) Chrome/76.0.3809.100 Safari/537.36:Shanna558885Felice65947@gmail.com:ru-RU
[30.05.2020 14:09:23, thread 1] Accepted the phone number.
[30.05.2020 14:32:45, thread 0] Defined proxy region - ru-RU
[30.05.2020 14:32:47, thread 1] Cookie parsing
[30.05.2020 14:32:47, thread 1] Took number in the service - +79152748225, id: 267345462
[30.05.2020 14:33:08, thread 1] Received a code  on number +79152748225, id: 267345462
[30.05.2020 14:33:12, thread 1] Checkpoint - Flora660_Ceccarelli413:CXNzygKZCpi1iOxx7qSi:185.86.151.217:8011:l3ntvv:NGJKov:Mozilla/5.0 (Windows NT 6.3; WOW64) AppleWebKit/537.36 (KHTML, like Gecko) Chrome/70.0.3538.102 YaBrowser/18.11.1.721 Yowser/2.5 Safari/537.36:Flora660Ceccarelli94209@gmail.com:ru-RU
[30.05.2020 14:33:12, thread 1] Accepted the phone number.
[30.05.2020 14:33:23, thread 0] Defined proxy region - ru-RU
[30.05.2020 14:33:25, thread 1] Cookie parsing
[30.05.2020 14:33:46, thread 1] Received a code  on number +79152748225, id: 267345462
[30.05.2020 14:33:50, thread 1] Checkpoint - Agnes55559_Donati554:louUoagi5zlNToGjR_sH:185.86.151.217:8010:l3ntvv:NGJKov:Mozilla/5.0 (Windows NT 6.1; rv:40.0) Gecko/20100101 Firefox/40.0:Agnes55559Donati49279@gmail.com:ru-RU
[30.05.2020 14:33:50, thread 1] Accepted the phone number.
[30.05.2020 14:34:00, thread 0] Defined proxy region - ru-RU
[30.05.2020 14:34:02, thread 1] Cookie parsing
[30.05.2020 14:34:43, thread 1] Received a code -1 on number +79152748225, id: 267345462
[30.05.2020 14:34:47, thread 1] Checkpoint - Alannah909_Dionysiacs472:iN2OOSYJqWz_1uRxS1zY:185.86.151.217:8011:l3ntvv:NGJKov:Mozilla/5.0 (Windows NT 10.0; Win64; x64) AppleWebKit/537.36 (KHTML, like Gecko) Chrome/76.0.3809.132 Safari/537.36 OPR/63.0.3368.107 (Edition Yx 02):Alannah909Dionysiacs51975@gmail.com:ru-RU
[30.05.2020 14:34:47, thread 1] Accepted the phone number.
[30.05.2020 14:34:57, thread 0] Defined proxy region - ru-RU
[30.05.2020 14:34:59, thread 1] Cookie parsing
[30.05.2020 14:35:20, thread 1] Received a code  on number +79152748225, id: 267345462
[30.05.2020 14:35:24, thread 1] Checkpoint - Zakharova589_Ravil696:en6pUlXLYBi8kr17Oi_i:185.86.151.217:8010:l3ntvv:NGJKov:Mozilla/5.0 (Windows NT 6.1; Win64; x64) AppleWebKit/537.36 (KHTML, like Gecko) Chrome/77.0.3865.120 Safari/537.36 OPR/64.0.3417.73:Zakharova589Ravil96449@gmail.com:ru-RU
[30.05.2020 14:35:24, thread 1] Accepted the phone number.
[30.05.2020 14:35:34, thread 0] Defined proxy region - ru-RU
[30.05.2020 14:35:36, thread 1] Cookie parsing
[30.05.2020 14:36:17, thread 1] Received a code -1 on number +79152748225, id: 267345462
[30.05.2020 14:36:21, thread 1] Checkpoint - Romanova80605_Garofalo251:7Sc7SKoOYqVxVq1YqGK0:185.86.151.217:8011:l3ntvv:NGJKov:Mozilla/5.0 (Windows NT 6.1; Win64; x64) AppleWebKit/537.36 (KHTML, like Gecko) Chrome/77.0.3865.75 Safari/537.36:Romanova80605Garofalo47714@gmail.com:ru-RU
[30.05.2020 14:36:21, thread 1] Accepted the phone number.
[30.05.2020 14:36:32, thread 0] Defined proxy region - ru-RU
[30.05.2020 14:37:48, thread 0] Defined proxy region - ru-RU
[30.05.2020 14:37:50, thread 1] Cookie parsing
[30.05.2020 14:37:50, thread 1] Took number in the service - +79680569532, id: 267347296
[30.05.2020 14:38:31, thread 1] Received a code -1 on number +79680569532, id: 267347296
[30.05.2020 14:38:36, thread 1] Registration successful! - Kellie50_Raviya384:KFoE1Kf9rg5KeVOPJJmN:185.86.151.217:8011:l3ntvv:NGJKov:Mozilla/5.0 (Windows NT 6.1; Win64; x64; rv:67.0) Gecko/20100101 Firefox/67.0:Kellie50Raviya38300@gmail.com:ru-RU
[30.05.2020 14:38:36, thread 1] Accepted the phone number.
[30.05.2020 15:27:25, thread 0] Defined proxy region - ru-RU
[30.05.2020 15:27:27, thread 1] Cookie parsing
[30.05.2020 15:27:27, thread 1] Took number in the service - +79651054116, id: 267364789
[30.05.2020 15:28:08, thread 1] Received a code 680247 on number +79651054116, id: 267364789
[30.05.2020 15:28:13, thread 1] Registration successful! - Joella5696_Osborne833:Su12WaCxloCHavzIKiFs:185.86.151.217:8011:l3ntvv:NGJKov:Mozilla/5.0 (Windows NT 10.0) AppleWebKit/537.36 (KHTML, like Gecko) Chrome/76.0.3809.132 YaBrowser/19.9.1.237 Yowser/2.5 Safari/537.36:Joella5696Osborne11305@gmail.com:ru-RU
[30.05.2020 15:28:13, thread 1] Accepted the phone number.
[30.05.2020 15:28:13, thread 0] Defined proxy region - ru-RU
[30.05.2020 15:28:15, thread 1] Cookie parsing
[30.05.2020 15:28:15, thread 1] Took number in the service - +79679899234, id: 267364994
[30.05.2020 15:28:36, thread 1] Received a code 861392 on number +79679899234, id: 267364994
[30.05.2020 15:28:39, thread 1] Checkpoint - Christiana689_Paloma568:GmgrTGPw_24nIu5T31AA:185.86.151.217:8011:l3ntvv:NGJKov:Mozilla/5.0 (Windows NT 6.0) AppleWebKit/535.1 (KHTML, like Gecko) Chrome/13.0.782.20 Safari/535.1:Christiana689Paloma58178@gmail.com:ru-RU
[30.05.2020 15:28:39, thread 1] Accepted the phone number.
[30.05.2020 15:28:50, thread 0] Defined proxy region - ru-RU
[30.05.2020 15:28:52, thread 1] Cookie parsing
[30.05.2020 15:29:13, thread 1] Received a code 978406 on number +79679899234, id: 267364994
[30.05.2020 15:29:17, thread 1] Checkpoint - Clarissa8_Holt252:DT1hy0tnkW6A7tT5lOlm:185.86.151.217:8010:l3ntvv:NGJKov:Mozilla/5.0 (Windows NT 10.0; WOW64) AppleWebKit/537.36 (KHTML, like Gecko) Chrome/66.0.3359.117 Safari/537.36:Clarissa8Holt21770@gmail.com:ru-RU
[30.05.2020 15:29:18, thread 1] Accepted the phone number.
[30.05.2020 15:29:28, thread 0] Defined proxy region - ru-RU
[30.05.2020 15:29:30, thread 1] Cookie parsing
[30.05.2020 15:29:52, thread 1] Received a code 204197 on number +79679899234, id: 267364994
[30.05.2020 15:29:57, thread 1] Registration successful! - Melnikova505998_Volpe848:pW6XN7eiaUQEVZ54bbxM:185.86.151.217:8011:l3ntvv:NGJKov:Mozilla/5.0 (Windows NT 10.0; Win64; x64; rv:56.0) Gecko/20100101 Firefox/56.0:Melnikova505998Volpe84260@gmail.com:ru-RU
[30.05.2020 15:29:57, thread 1] Accepted the phone number.
[30.05.2020 15:29:58, thread 0] Defined proxy region - ru-RU
[30.05.2020 15:29:59, thread 1] Cookie parsing
[30.05.2020 15:30:00, thread 1] Took number in the service - +79679899296, id: 267365603
[30.05.2020 15:30:21, thread 1] Received a code 910238 on number +79679899296, id: 267365603
[30.05.2020 15:30:25, thread 1] Registration successful! - Brookey9888686_Carbone119:54oqCJG0nYe2sobWkhXz:185.86.151.217:8011:l3ntvv:NGJKov:Mozilla/5.0 (Windows NT 7.3; Trident/7.0; rv:11.0) like Gecko:Brookey9888686Carbone31184@gmail.com:ru-RU
[30.05.2020 15:30:25, thread 1] Accepted the phone number.
[30.05.2020 15:30:25, thread 0] Defined proxy region - ru-RU
[30.05.2020 15:30:27, thread 1] Cookie parsing
[30.05.2020 15:30:27, thread 1] Took number in the service - +79020761479, id: 267365748
[30.05.2020 15:31:09, thread 1] Received a code 701984 on number +79020761479, id: 267365748
[30.05.2020 15:31:13, thread 1] Checkpoint - Britney68_Howard884:IBt7qBpOrn01OhtS84R4:185.86.151.217:8011:l3ntvv:NGJKov:Mozilla/5.0 (Windows NT 10.0; WOW64) AppleWebKit/537.36 (KHTML, like Gecko) Chrome/77.0.3865.92 YaBrowser/19.10.0.1522 Yowser/2.5 Safari/537.36:Britney68Howard66541@gmail.com:ru-RU
[30.05.2020 15:31:13, thread 1] Accepted the phone number.
[30.05.2020 15:31:30, thread 0] Defined proxy region - ru-RU
[30.05.2020 15:31:41, thread 1] Cookie parsing
[30.05.2020 15:32:03, thread 1] Received a code 375469 on number +79020761479, id: 267365748
[30.05.2020 15:32:10, thread 1] Checkpoint - Jasmin985088_Mckenzie894:KCcYZXWrUVlFrDS0FCzr:185.86.151.217:8010:l3ntvv:NGJKov:Mozilla/5.0 (Windows NT 6.1; Win64; x64) AppleWebKit/537.36 (KHTML, like Gecko) Chrome/67.0.3396.99 Safari/537.36:Jasmin985088Mckenzie35227@gmail.com:ru-RU
[30.05.2020 15:32:10, thread 1] Accepted the phone number.
[30.05.2020 15:32:21, thread 0] Defined proxy region - ru-RU
[30.05.2020 15:32:22, thread 1] Cookie parsing
[30.05.2020 15:32:43, thread 1] Received a code 590368 on number +79020761479, id: 267365748
[30.05.2020 15:32:47, thread 1] Checkpoint - Timofeev85_Cuomo529:T_agGsJNF9O1IqxqtYJc:185.86.151.217:8011:l3ntvv:NGJKov:Mozilla/5.0 (Windows NT 10.0; Win64; x64) AppleWebKit/537.36 (KHTML, like Gecko) Chrome/67.0.3396.62 Safari/537.36:Timofeev85Cuomo35684@gmail.com:ru-RU
[30.05.2020 15:32:48, thread 1] Accepted the phone number.
[30.05.2020 15:32:58, thread 0] Defined proxy region - ru-RU
[30.05.2020 15:33:00, thread 1] Cookie parsing
[30.05.2020 15:33:21, thread 1] Received a code 068147 on number +79020761479, id: 267365748
[30.05.2020 15:33:25, thread 1] Checkpoint - Emma8686_Rosso671:PqKQv_ogGE5__W7sc9jr:185.86.151.217:8010:l3ntvv:NGJKov:Mozilla/5.0 (Windows NT 10.0; Win64; x64) AppleWebKit/537.36 (KHTML, like Gecko) Chrome/76.0.3809.132 Safari/537.36:Emma8686Rosso54808@gmail.com:ru-RU
[30.05.2020 15:33:25, thread 1] Accepted the phone number.
[30.05.2020 15:33:36, thread 0] Defined proxy region - ru-RU
[30.05.2020 15:33:38, thread 1] Cookie parsing
[30.05.2020 15:33:58, thread 1] Received a code 582134 on number +79020761479, id: 267365748
[30.05.2020 15:34:03, thread 1] Checkpoint - Avis858_Muniz192:_noz8CLYoxLnweLR2P8U:185.86.151.217:8011:l3ntvv:NGJKov:Mozilla/5.0 (Windows NT 10.0; Win64; x64) AppleWebKit/537.36 (KHTML, like Gecko) Chrome/76.0.3809.132 Safari/537.36:Avis858Muniz25893@gmail.com:ru-RU
[30.05.2020 15:34:03, thread 1] Accepted the phone number.
[30.05.2020 15:34:13, thread 0] Defined proxy region - ru-RU
[30.05.2020 15:34:15, thread 1] Cookie parsing
[30.05.2020 15:34:36, thread 1] Received a code 810372 on number +79020761479, id: 267365748
[30.05.2020 15:34:40, thread 1] Checkpoint - Isabel555995_Marlene953:gcBiWKexHscHzNFemmcX:185.86.151.217:8010:l3ntvv:NGJKov:Mozilla/5.0 (Windows NT 6.1) AppleWebKit/537.36 (KHTML, like Gecko) Chrome/73.0.3683.103 YaBrowser/19.4.2.702 Yowser/2.5 Safari/537.36:Isabel555995Marlene82991@gmail.com:ru-RU
[30.05.2020 15:34:40, thread 1] Accepted the phone number.
[30.05.2020 20:54:27, thread 0] Defined proxy region - ru-RU
[30.05.2020 20:54:29, thread 1] Cookie parsing
[30.05.2020 20:54:29, thread 1] Took number in the service - +79639114184, id: 267477318
[30.05.2020 20:55:11, thread 1] Received a code 974316 on number +79639114184, id: 267477318
[30.05.2020 20:55:13, thread 1] Error registering - Myra606_Carson616:KQBrIyiM6YD3r29Be8Cr:185.86.151.217:8011:l3ntvv:NGJKov:Mozilla/5.0 (Windows NT 6.1) AppleWebKit/537.36 (KHTML, like Gecko) Chrome/66.0.3359.181 Safari/537.36:Myra606Carson47257@gmail.com:ru-RU
[30.05.2020 20:55:13, thread 1] We are waiting for another SMS to this number.
[30.05.2020 20:55:23, thread 0] Defined proxy region - ru-RU
[30.05.2020 20:55:26, thread 1] Cookie parsing
[30.05.2020 20:55:26, thread 1] Took number in the service - +79915218497, id: 267477659
[30.05.2020 20:57:40, thread 0] Defined proxy region - ru-RU
[30.05.2020 20:57:45, thread 1] Cookie parsing
[30.05.2020 20:57:46, thread 1] Took number in the service - +79647646637, id: 267478368
[30.05.2020 20:58:27, thread 1] Received a code 634570 on number +79647646637, id: 267478368
[30.05.2020 20:58:29, thread 1] Error registering - Dorcas9866_Ludwig340:Y1xf2QLPZmY866cgkHyL:185.86.151.217:8011:l3ntvv:NGJKov:Mozilla/5.0 (Windows NT 5.1) AppleWebKit/537.36 (KHTML, like Gecko) Chrome/46.0.2490.80 Safari/537.36:Dorcas9866Ludwig63490@gmail.com:ru-RU
[30.05.2020 20:58:30, thread 1] We are waiting for another SMS to this number.
[30.05.2020 20:58:41, thread 0] Defined proxy region - ru-RU
[30.05.2020 20:58:45, thread 1] Cookie parsing
[30.05.2020 20:58:46, thread 1] Took number in the service - +79915218452, id: 267478664
[30.05.2020 21:00:59, thread 0] Defined proxy region - ru-RU
[30.05.2020 21:01:02, thread 1] Cookie parsing
[30.05.2020 21:01:02, thread 1] Took number in the service - +79025549711, id: 267479329
[30.05.2020 21:01:43, thread 1] Received a code 486239 on number +79025549711, id: 267479329
[30.05.2020 21:01:43, thread 1] Error registering - MargaretMargaret550_Hydrangea459:yRZxzTiQ8R1N4OCumjUA:185.86.151.217:8011:l3ntvv:NGJKov:Mozilla/5.0 (Windows NT 6.1) AppleWebKit/537.36 (KHTML, like Gecko) Chrome/77.0.3865.120 YaBrowser/19.10.1.238 Yowser/2.5 Safari/537.36:MargaretMargaret550Hydrangea17132@gmail.com:ru-RU
[30.05.2020 21:01:43, thread 1] We are waiting for another SMS to this number.
[30.05.2020 21:01:54, thread 0] Defined proxy region - ru-RU
[30.05.2020 21:01:56, thread 1] Cookie parsing
[30.05.2020 21:01:56, thread 1] Took number in the service - +79642609288, id: 267479699
[30.05.2020 21:02:17, thread 1] Received a code 496278 on number +79642609288, id: 267479699
[30.05.2020 21:02:18, thread 1] Error registering - Maria69_Cicci191:oLAU59urmTz1L5iM6B9w:185.86.151.217:8010:l3ntvv:NGJKov:Mozilla/5.0 (Windows NT 10.0; WOW64) AppleWebKit/537.36 (KHTML, like Gecko) Chrome/77.0.3865.120 Safari/537.36 OPR/64.0.3417.73 (Edition Campaign 34):Maria69Cicci87847@gmail.com:ru-RU
[30.05.2020 21:02:18, thread 1] We are waiting for another SMS to this number.
[30.05.2020 21:02:29, thread 0] Defined proxy region - ru-RU
[30.05.2020 21:02:32, thread 1] Cookie parsing
[30.05.2020 21:02:32, thread 1] Took number in the service - +79161149617, id: 267479841
[30.05.2020 21:02:53, thread 1] Received a code 968504 on number +79161149617, id: 267479841
[30.05.2020 21:02:56, thread 1] Error registering - Holly508_Merritt244:yaIbqIip64CX6TlA0_CU:185.86.151.217:8011:l3ntvv:NGJKov:Mozilla/5.0 (Windows NT 10.0; Win64; x64) AppleWebKit/537.36 (KHTML, like Gecko) Chrome/76.0.3809.100 Safari/537.36:Holly508Merritt57287@gmail.com:ru-RU
[30.05.2020 21:02:56, thread 1] We are waiting for another SMS to this number.
