[18.04.2020 11:47:59, поток 0] Парсим куки...
[18.04.2020 11:49:05, поток 0] [DEBUG] Сменили прокси.
[18.04.2020 11:49:05, поток 0] Парсим куки...
[18.04.2020 11:49:07, поток 0] Спарсили куки
[18.04.2020 11:49:07, поток 0] Получили куки...
[18.04.2020 11:49:08, поток 0] Начинаем парсинг...
[18.04.2020 11:50:22, поток 0] Спарсили часть...
[18.04.2020 11:51:06, поток 0] Спарсили часть...
[18.04.2020 11:51:51, поток 0] Спарсили часть...
[18.04.2020 11:51:51, поток 0] Парсинг геопозиции "Minsk" закончен!
[18.04.2020 12:10:46, thread 0] Parsing cookies...
[18.04.2020 12:11:50, thread 0] [DEBUG] Changed proxies.
[18.04.2020 12:11:50, thread 0] Parsing cookies...
[18.04.2020 12:11:52, thread 0] Cookie parsing
[18.04.2020 12:11:52, thread 0] Got cookies...
[18.04.2020 12:11:53, thread 0] We start parsing...
[18.04.2020 12:13:12, thread 0] The part was parsed...
[18.04.2020 12:13:57, thread 0] The part was parsed...
[18.04.2020 12:14:40, thread 0] The part was parsed...
[18.04.2020 12:14:40, thread 0] Parsing geolocation "Minsk" is over!
[18.04.2020 12:15:03, thread 0] Parsing cookies...
[18.04.2020 12:16:09, thread 0] [DEBUG] Changed proxies.
[18.04.2020 12:16:09, thread 0] Parsing cookies...
[18.04.2020 12:16:10, thread 0] Cookie parsing
[18.04.2020 12:16:10, thread 0] Got cookies...
[18.04.2020 12:16:12, thread 0] We start parsing...
[18.04.2020 12:16:24, thread 0] The part was parsed...
[18.04.2020 12:16:29, thread 0] The part was parsed...
[18.04.2020 12:16:34, thread 0] The part was parsed...
[18.04.2020 12:16:34, thread 0] Parsing geolocation "Minsk" is over!
[18.04.2020 12:16:59, thread 0] Parsing cookies...
[18.04.2020 12:18:04, thread 0] [DEBUG] Changed proxies.
[18.04.2020 12:18:04, thread 0] Parsing cookies...
[18.04.2020 12:18:05, thread 0] Cookie parsing
[18.04.2020 12:18:05, thread 0] Got cookies...
[18.04.2020 12:18:06, thread 0] We start parsing...
[18.04.2020 12:19:17, thread 0] (Error) Error text: xNet.HttpException: Не удалось соединиться с HTTP-сервером 'i.instagram.com'. ---> xNet.ProxyException: Получен неверный код статуса 'ServiceUnavailable' от прокси-сервера '193.70.127.180:10099'.
   at xNet.HttpProxyClient.CreateConnection(String destinationHost, Int32 destinationPort, TcpClient tcpClient)
   at xNet.HttpRequest.CreateTcpConnection(String host, Int32 port)
   --- End of inner exception stack trace ---
   at xNet.HttpRequest.CreateTcpConnection(String host, Int32 port)
   at xNet.HttpRequest.CreateConnection(Uri address)
   at xNet.HttpRequest.TryCreateConnectionOrUseExisting(Uri address, Uri previousAddress)
   at xNet.HttpRequest.Request(HttpMethod method, Uri address, HttpContent content)
   at xNet.HttpRequest.Raw(HttpMethod method, Uri address, HttpContent content)
   at xNet.HttpRequest.Raw(HttpMethod method, String address, HttpContent content)
   at xNet.HttpRequest.Get(String address, RequestParams urlParams)
   at InstaDirectMessage_ButDev.InstagramGeoParser.GetNicknameByID(String id) in D:\MaXiMAA\MaXiMAAOld\C#Готово\KWORK\InstaDirectMessage_ButDev\InstaDirectMessage_ButDev\InstagramGeoParser.cs:line 65
   at InstaDirectMessage_ButDev.InstagramGeoParser.DoResult(String s) in D:\MaXiMAA\MaXiMAAOld\C#Готово\KWORK\InstaDirectMessage_ButDev\InstaDirectMessage_ButDev\InstagramGeoParser.cs:line 31
   at InstaDirectMessage_ButDev.InstagramGeoParser.GetData(String cookie) in D:\MaXiMAA\MaXiMAAOld\C#Готово\KWORK\InstaDirectMessage_ButDev\InstaDirectMessage_ButDev\InstagramGeoParser.cs:line 358
[18.04.2020 12:19:17, thread 0] The part was parsed...
[18.04.2020 12:19:17, thread 0] [DEBUG] Changed proxies.
[18.04.2020 12:19:17, thread 0] Something is wrong, trying to parse again.
[18.04.2020 12:49:24, thread 0] Parsing cookies...
[18.04.2020 12:50:29, thread 0] [DEBUG] Changed proxies.
[18.04.2020 12:50:29, thread 0] Parsing cookies...
[18.04.2020 12:50:30, thread 0] Cookie parsing
[18.04.2020 12:50:30, thread 0] Got cookies...
[18.04.2020 12:50:32, thread 0] We start parsing...
[18.04.2020 12:51:55, thread 0] The part was parsed...
[18.04.2020 12:51:55, thread 0] Parsing geolocation "Minsk" is over!
[18.04.2020 13:02:22, thread 0] Parsing cookies...
[18.04.2020 13:03:28, thread 0] [DEBUG] Changed proxies.
[18.04.2020 13:03:28, thread 0] Parsing cookies...
[18.04.2020 13:03:29, thread 0] Cookie parsing
[18.04.2020 13:03:29, thread 0] Got cookies...
[18.04.2020 13:03:30, thread 0] We start parsing...
[18.04.2020 13:03:43, thread 0] The part was parsed...
[18.04.2020 13:03:51, thread 0] The part was parsed...
[18.04.2020 13:03:58, thread 0] The part was parsed...
[18.04.2020 13:03:58, thread 0] Parsing geolocation "Minsk" is over!
[18.04.2020 16:11:08, thread 0] Parsing cookies...
[18.04.2020 16:12:13, thread 0] [DEBUG] Changed proxies.
[18.04.2020 16:12:13, thread 0] Parsing cookies...
[18.04.2020 16:12:16, thread 0] Cookie parsing
[18.04.2020 16:12:16, thread 0] Got cookies...
[18.04.2020 16:12:18, thread 0] We start parsing...
[18.04.2020 16:12:37, thread 0] The part was parsed...
[18.04.2020 16:12:47, thread 0] The part was parsed...
[18.04.2020 16:12:55, thread 0] The part was parsed...
[18.04.2020 16:13:02, thread 0] The part was parsed...
[18.04.2020 16:13:11, thread 0] The part was parsed...
[18.04.2020 21:19:40, поток 0] Парсим куки...
[18.04.2020 21:19:43, поток 0] Спарсили куки
[18.04.2020 21:19:43, поток 0] Получили куки...
[18.04.2020 21:19:45, поток 0] Начинаем парсинг...
[18.04.2020 21:19:45, поток 0] [DEBUG] Сменили прокси.
[18.04.2020 21:19:45, поток 0] [DEBUG] Сменили прокси.
[18.04.2020 21:19:45, поток 0] [DEBUG] Сменили прокси.
[18.04.2020 21:19:45, поток 0] [DEBUG] Сменили прокси.
[18.04.2020 21:19:45, поток 0] [DEBUG] Сменили прокси.
[18.04.2020 21:19:45, поток 0] [DEBUG] Сменили прокси.
[18.04.2020 21:19:45, поток 0] [DEBUG] Сменили прокси.
[18.04.2020 21:19:45, поток 0] [DEBUG] Сменили прокси.
[18.04.2020 21:19:45, поток 0] [DEBUG] Сменили прокси.
[18.04.2020 21:19:45, поток 0] [DEBUG] Сменили прокси.
[18.04.2020 21:19:45, поток 0] Что-то не так, пытаемся спарсить снова.
[18.04.2020 21:19:45, поток 0] [DEBUG] Сменили прокси.
[18.04.2020 21:19:45, поток 0] Что-то не так, пытаемся спарсить снова.
[18.04.2020 21:19:45, поток 0] [DEBUG] Сменили прокси.
[18.04.2020 21:19:45, поток 0] Что-то не так, пытаемся спарсить снова.
[18.04.2020 21:19:45, поток 0] [DEBUG] Сменили прокси.
[18.04.2020 21:19:45, поток 0] Что-то не так, пытаемся спарсить снова.
[18.04.2020 21:19:45, поток 0] [DEBUG] Сменили прокси.
[18.04.2020 21:19:45, поток 0] Что-то не так, пытаемся спарсить снова.
[18.04.2020 21:19:45, поток 0] [DEBUG] Сменили прокси.
[18.04.2020 21:19:45, поток 0] Что-то не так, пытаемся спарсить снова.
[18.04.2020 21:19:45, поток 0] [DEBUG] Сменили прокси.
[18.04.2020 21:19:45, поток 0] Что-то не так, пытаемся спарсить снова.
[18.04.2020 21:19:45, поток 0] [DEBUG] Сменили прокси.
[18.04.2020 21:19:45, поток 0] Что-то не так, пытаемся спарсить снова.
[18.04.2020 21:19:45, поток 0] [DEBUG] Сменили прокси.
[18.04.2020 21:19:45, поток 0] Что-то не так, пытаемся спарсить снова.
[18.04.2020 21:19:45, поток 0] [DEBUG] Сменили прокси.
[18.04.2020 21:19:45, поток 0] Что-то не так, пытаемся спарсить снова.
[18.04.2020 21:19:45, поток 0] [DEBUG] Сменили прокси.
[18.04.2020 21:20:10, поток 0] Парсим куки...
[18.04.2020 21:20:13, поток 0] Спарсили куки
[18.04.2020 21:20:13, поток 0] Получили куки...
[18.04.2020 21:20:15, поток 0] Начинаем парсинг...
[18.04.2020 21:20:15, поток 0] [DEBUG] Сменили прокси.
[18.04.2020 21:20:15, поток 0] [DEBUG] Сменили прокси.
[18.04.2020 21:20:15, поток 0] [DEBUG] Сменили прокси.
[18.04.2020 21:20:15, поток 0] [DEBUG] Сменили прокси.
[18.04.2020 21:20:15, поток 0] [DEBUG] Сменили прокси.
[18.04.2020 21:20:15, поток 0] [DEBUG] Сменили прокси.
[18.04.2020 21:20:15, поток 0] [DEBUG] Сменили прокси.
[18.04.2020 21:20:15, поток 0] [DEBUG] Сменили прокси.
[18.04.2020 21:20:15, поток 0] [DEBUG] Сменили прокси.
[18.04.2020 21:20:15, поток 0] [DEBUG] Сменили прокси.
[18.04.2020 21:20:15, поток 0] Что-то не так, пытаемся спарсить снова.
[18.04.2020 21:20:15, поток 0] [DEBUG] Сменили прокси.
[18.04.2020 21:20:15, поток 0] Что-то не так, пытаемся спарсить снова.
[18.04.2020 21:20:15, поток 0] [DEBUG] Сменили прокси.
[18.04.2020 21:20:15, поток 0] Что-то не так, пытаемся спарсить снова.
[18.04.2020 21:20:15, поток 0] [DEBUG] Сменили прокси.
[18.04.2020 21:20:15, поток 0] Что-то не так, пытаемся спарсить снова.
[18.04.2020 21:20:15, поток 0] [DEBUG] Сменили прокси.
[18.04.2020 21:20:15, поток 0] Что-то не так, пытаемся спарсить снова.
[18.04.2020 21:20:15, поток 0] [DEBUG] Сменили прокси.
[18.04.2020 21:20:15, поток 0] Что-то не так, пытаемся спарсить снова.
[18.04.2020 21:20:15, поток 0] [DEBUG] Сменили прокси.
[18.04.2020 21:20:15, поток 0] Что-то не так, пытаемся спарсить снова.
[18.04.2020 21:20:15, поток 0] [DEBUG] Сменили прокси.
[18.04.2020 21:20:15, поток 0] Что-то не так, пытаемся спарсить снова.
[18.04.2020 21:20:15, поток 0] [DEBUG] Сменили прокси.
[18.04.2020 21:20:15, поток 0] Что-то не так, пытаемся спарсить снова.
[18.04.2020 21:20:15, поток 0] [DEBUG] Сменили прокси.
[18.04.2020 21:20:15, поток 0] Что-то не так, пытаемся спарсить снова.
[18.04.2020 21:20:15, поток 0] [DEBUG] Сменили прокси.
