[18.04.2020 21:24:55, поток 0] Парсим куки...
[18.04.2020 21:24:56, поток 0] Спарсили куки
[18.04.2020 21:24:56, поток 0] Получили куки...
[18.04.2020 21:24:56, поток 0] Начинаем парсинг...
[18.04.2020 21:24:58, поток 0] (Ошибка) Текст ошибки: System.NullReferenceException: Ссылка на объект не указывает на экземпляр объекта.
   в InstaDirectMessage_ButDev.InstagramHashtagsParser.GetData(String cookie) в D:\MaXiMAA\MaXiMAAOld\C#Готово\KWORK\InstaDirectMessage_ButDev\InstaDirectMessage_ButDev\InstagramHashtagsParser.cs:строка 234
[18.04.2020 21:24:58, поток 0] Спарсили часть...
[18.04.2020 21:24:58, поток 0] [DEBUG] Сменили прокси.
[18.04.2020 21:24:58, поток 0] Что-то не так, пытаемся спарсить снова.
[18.04.2020 21:24:58, поток 0] [DEBUG] Сменили прокси.
[18.04.2020 21:24:58, поток 0] Что-то не так, пытаемся спарсить снова.
[18.04.2020 21:24:58, поток 0] [DEBUG] Сменили прокси.
[18.04.2020 21:24:58, поток 0] Что-то не так, пытаемся спарсить снова.
[18.04.2020 21:24:58, поток 0] [DEBUG] Сменили прокси.
[18.04.2020 21:24:58, поток 0] Что-то не так, пытаемся спарсить снова.
[18.04.2020 21:24:58, поток 0] [DEBUG] Сменили прокси.
[18.04.2020 21:24:58, поток 0] Что-то не так, пытаемся спарсить снова.
[18.04.2020 21:24:58, поток 0] [DEBUG] Сменили прокси.
[18.04.2020 21:24:58, поток 0] Что-то не так, пытаемся спарсить снова.
[18.04.2020 21:24:58, поток 0] [DEBUG] Сменили прокси.
[18.04.2020 21:24:58, поток 0] Что-то не так, пытаемся спарсить снова.
[18.04.2020 21:24:58, поток 0] [DEBUG] Сменили прокси.
[18.04.2020 21:24:58, поток 0] Что-то не так, пытаемся спарсить снова.
[18.04.2020 21:24:58, поток 0] [DEBUG] Сменили прокси.
[18.04.2020 21:24:58, поток 0] Что-то не так, пытаемся спарсить снова.
[18.04.2020 21:24:58, поток 0] [DEBUG] Сменили прокси.
[18.04.2020 21:24:58, поток 0] Что-то не так, пытаемся спарсить снова.
[18.04.2020 21:25:41, поток 0] Парсим куки...
[18.04.2020 21:25:43, поток 0] Спарсили куки
[18.04.2020 21:25:43, поток 0] Получили куки...
[18.04.2020 21:25:43, поток 0] Начинаем парсинг...
[18.04.2020 21:25:51, поток 0] (Ошибка) Текст ошибки: System.NullReferenceException: Ссылка на объект не указывает на экземпляр объекта.
   в InstaDirectMessage_ButDev.InstagramHashtagsParser.GetData(String cookie) в D:\MaXiMAA\MaXiMAAOld\C#Готово\KWORK\InstaDirectMessage_ButDev\InstaDirectMessage_ButDev\InstagramHashtagsParser.cs:строка 234
[18.04.2020 21:25:51, поток 0] Спарсили часть...
[18.04.2020 21:25:51, поток 0] [DEBUG] Сменили прокси.
[18.04.2020 21:25:51, поток 0] Что-то не так, пытаемся спарсить снова.
[18.04.2020 21:25:51, поток 0] [DEBUG] Сменили прокси.
[18.04.2020 21:25:51, поток 0] Что-то не так, пытаемся спарсить снова.
[18.04.2020 21:25:51, поток 0] [DEBUG] Сменили прокси.
[18.04.2020 21:25:51, поток 0] Что-то не так, пытаемся спарсить снова.
[18.04.2020 21:25:51, поток 0] [DEBUG] Сменили прокси.
[18.04.2020 21:25:51, поток 0] Что-то не так, пытаемся спарсить снова.
[18.04.2020 21:25:51, поток 0] [DEBUG] Сменили прокси.
[18.04.2020 21:25:51, поток 0] Что-то не так, пытаемся спарсить снова.
[18.04.2020 21:25:51, поток 0] [DEBUG] Сменили прокси.
[18.04.2020 21:25:51, поток 0] Что-то не так, пытаемся спарсить снова.
[18.04.2020 21:25:51, поток 0] [DEBUG] Сменили прокси.
[18.04.2020 21:25:51, поток 0] Что-то не так, пытаемся спарсить снова.
[18.04.2020 21:25:51, поток 0] [DEBUG] Сменили прокси.
[18.04.2020 21:25:51, поток 0] Что-то не так, пытаемся спарсить снова.
[18.04.2020 21:25:51, поток 0] [DEBUG] Сменили прокси.
[18.04.2020 21:25:51, поток 0] Что-то не так, пытаемся спарсить снова.
[18.04.2020 21:25:51, поток 0] [DEBUG] Сменили прокси.
[18.04.2020 21:25:51, поток 0] Что-то не так, пытаемся спарсить снова.
[18.04.2020 21:28:23, поток 0] Парсим куки...
[18.04.2020 21:28:23, поток 0] Спарсили куки
[18.04.2020 21:28:23, поток 0] Получили куки...
[18.04.2020 21:28:23, поток 0] Начинаем парсинг...
[18.04.2020 21:28:26, поток 0] (Ошибка) Текст ошибки: System.NullReferenceException: Ссылка на объект не указывает на экземпляр объекта.
   в InstaDirectMessage_ButDev.InstagramHashtagsParser.GetData(String cookie) в D:\MaXiMAA\MaXiMAAOld\C#Готово\KWORK\InstaDirectMessage_ButDev\InstaDirectMessage_ButDev\InstagramHashtagsParser.cs:строка 235
[18.04.2020 21:28:26, поток 0] Спарсили часть...
[18.04.2020 21:28:26, поток 0] [DEBUG] Сменили прокси.
[18.04.2020 21:28:26, поток 0] Что-то не так, пытаемся спарсить снова.
[18.04.2020 21:28:26, поток 0] [DEBUG] Сменили прокси.
[18.04.2020 21:28:26, поток 0] Что-то не так, пытаемся спарсить снова.
[18.04.2020 21:28:26, поток 0] [DEBUG] Сменили прокси.
[18.04.2020 21:28:26, поток 0] Что-то не так, пытаемся спарсить снова.
[18.04.2020 21:28:26, поток 0] [DEBUG] Сменили прокси.
[18.04.2020 21:28:26, поток 0] Что-то не так, пытаемся спарсить снова.
[18.04.2020 21:28:26, поток 0] [DEBUG] Сменили прокси.
[18.04.2020 21:28:26, поток 0] Что-то не так, пытаемся спарсить снова.
[18.04.2020 21:28:26, поток 0] [DEBUG] Сменили прокси.
[18.04.2020 21:28:26, поток 0] Что-то не так, пытаемся спарсить снова.
[18.04.2020 21:28:26, поток 0] [DEBUG] Сменили прокси.
[18.04.2020 21:28:26, поток 0] Что-то не так, пытаемся спарсить снова.
[18.04.2020 21:28:26, поток 0] [DEBUG] Сменили прокси.
[18.04.2020 21:28:26, поток 0] Что-то не так, пытаемся спарсить снова.
[18.04.2020 21:28:26, поток 0] [DEBUG] Сменили прокси.
[18.04.2020 21:28:26, поток 0] Что-то не так, пытаемся спарсить снова.
[18.04.2020 21:28:26, поток 0] [DEBUG] Сменили прокси.
[18.04.2020 21:28:26, поток 0] Что-то не так, пытаемся спарсить снова.
[18.04.2020 21:36:13, поток 0] Парсим куки...
[18.04.2020 21:36:14, поток 0] Спарсили куки
[18.04.2020 21:36:14, поток 0] Получили куки...
[18.04.2020 21:36:14, поток 0] Начинаем парсинг...
[18.04.2020 21:36:15, поток 0] Спарсили часть...
[18.04.2020 21:36:16, поток 0] (Ошибка) Текст ошибки: System.NullReferenceException: Ссылка на объект не указывает на экземпляр объекта.
   в InstaDirectMessage_ButDev.InstagramHashtagsParser.GetData(String cookie) в D:\MaXiMAA\MaXiMAAOld\C#Готово\KWORK\InstaDirectMessage_ButDev\InstaDirectMessage_ButDev\InstagramHashtagsParser.cs:строка 235
[18.04.2020 21:36:16, поток 0] Спарсили часть...
[18.04.2020 21:36:16, поток 0] [DEBUG] Сменили прокси.
[18.04.2020 21:36:16, поток 0] Что-то не так, пытаемся спарсить снова.
[18.04.2020 21:36:16, поток 0] [DEBUG] Сменили прокси.
[18.04.2020 21:36:16, поток 0] Что-то не так, пытаемся спарсить снова.
[18.04.2020 21:36:16, поток 0] [DEBUG] Сменили прокси.
[18.04.2020 21:36:16, поток 0] Что-то не так, пытаемся спарсить снова.
[18.04.2020 21:36:16, поток 0] [DEBUG] Сменили прокси.
[18.04.2020 21:36:16, поток 0] Что-то не так, пытаемся спарсить снова.
[18.04.2020 21:36:16, поток 0] [DEBUG] Сменили прокси.
[18.04.2020 21:36:16, поток 0] Что-то не так, пытаемся спарсить снова.
[18.04.2020 21:36:16, поток 0] [DEBUG] Сменили прокси.
[18.04.2020 21:36:16, поток 0] Что-то не так, пытаемся спарсить снова.
[18.04.2020 21:36:16, поток 0] [DEBUG] Сменили прокси.
[18.04.2020 21:36:16, поток 0] Что-то не так, пытаемся спарсить снова.
[18.04.2020 21:36:16, поток 0] [DEBUG] Сменили прокси.
[18.04.2020 21:36:16, поток 0] Что-то не так, пытаемся спарсить снова.
[18.04.2020 21:36:16, поток 0] [DEBUG] Сменили прокси.
[18.04.2020 21:36:16, поток 0] Что-то не так, пытаемся спарсить снова.
[18.04.2020 21:36:16, поток 0] [DEBUG] Сменили прокси.
[18.04.2020 21:36:16, поток 0] Что-то не так, пытаемся спарсить снова.
