[08.04.2020 15:50:32, поток 1] Парсим куки...
[08.04.2020 15:50:33, поток 2] Парсим куки...
[08.04.2020 15:50:34, поток 1] Спарсили куки
[08.04.2020 15:50:34, поток 1] Получили куки...
[08.04.2020 15:50:34, поток 1] Начинаем парсинг...
[08.04.2020 15:50:34, поток 2] Спарсили куки
[08.04.2020 15:50:34, поток 2] Получили куки...
[08.04.2020 15:50:34, поток 2] Начинаем парсинг...
[08.04.2020 15:50:59, поток 1] (Ошибка) Текст ошибки: System.NullReferenceException: Ссылка на объект не указывает на экземпляр объекта.
   в InstaDirectMessage_ButDev.InstagramHashtagsParser.GetData(String cookie) в D:\MaXiMAA\MaXiMAAOld\C#Готово\KWORK\InstaDirectMessage_ButDev\InstaDirectMessage_ButDev\InstagramHashtagsParser.cs:строка 170
[08.04.2020 15:50:59, поток 1] [DEBUG] Сменили прокси.
[08.04.2020 15:50:59, поток 1] Парсим куки...
[08.04.2020 15:51:00, поток 1] Спарсили куки
[08.04.2020 15:51:00, поток 1] Получили куки...
[08.04.2020 15:51:00, поток 1] Начинаем парсинг...
[08.04.2020 15:51:01, поток 2] (Ошибка) Текст ошибки: System.NullReferenceException: Ссылка на объект не указывает на экземпляр объекта.
   в InstaDirectMessage_ButDev.InstagramHashtagsParser.GetData(String cookie) в D:\MaXiMAA\MaXiMAAOld\C#Готово\KWORK\InstaDirectMessage_ButDev\InstaDirectMessage_ButDev\InstagramHashtagsParser.cs:строка 170
[08.04.2020 15:51:01, поток 2] [DEBUG] Сменили прокси.
[08.04.2020 15:51:01, поток 2] Парсим куки...
[08.04.2020 15:51:01, поток 2] Спарсили куки
[08.04.2020 15:51:01, поток 2] Получили куки...
[08.04.2020 15:51:01, поток 2] Начинаем парсинг...
[08.04.2020 15:51:25, поток 1] (Ошибка) Текст ошибки: System.NullReferenceException: Ссылка на объект не указывает на экземпляр объекта.
   в InstaDirectMessage_ButDev.InstagramHashtagsParser.GetData(String cookie) в D:\MaXiMAA\MaXiMAAOld\C#Готово\KWORK\InstaDirectMessage_ButDev\InstaDirectMessage_ButDev\InstagramHashtagsParser.cs:строка 170
[08.04.2020 15:51:25, поток 1] [DEBUG] Сменили прокси.
[08.04.2020 15:51:25, поток 1] Парсим куки...
[08.04.2020 15:51:26, поток 1] Спарсили куки
[08.04.2020 15:51:26, поток 1] Получили куки...
[08.04.2020 15:51:26, поток 1] Начинаем парсинг...
[08.04.2020 15:51:28, поток 2] (Ошибка) Текст ошибки: System.NullReferenceException: Ссылка на объект не указывает на экземпляр объекта.
   в InstaDirectMessage_ButDev.InstagramHashtagsParser.GetData(String cookie) в D:\MaXiMAA\MaXiMAAOld\C#Готово\KWORK\InstaDirectMessage_ButDev\InstaDirectMessage_ButDev\InstagramHashtagsParser.cs:строка 170
[08.04.2020 15:51:28, поток 2] [DEBUG] Сменили прокси.
[08.04.2020 15:51:28, поток 2] Парсим куки...
[08.04.2020 15:51:29, поток 2] [DEBUG] Сменили прокси.
[08.04.2020 15:51:52, поток 1] (Ошибка) Текст ошибки: System.NullReferenceException: Ссылка на объект не указывает на экземпляр объекта.
   в InstaDirectMessage_ButDev.InstagramHashtagsParser.GetData(String cookie) в D:\MaXiMAA\MaXiMAAOld\C#Готово\KWORK\InstaDirectMessage_ButDev\InstaDirectMessage_ButDev\InstagramHashtagsParser.cs:строка 170
[08.04.2020 15:51:52, поток 1] [DEBUG] Сменили прокси.
[08.04.2020 16:09:24, поток 0] Парсим куки...
[08.04.2020 16:09:26, поток 0] Спарсили куки
[08.04.2020 16:09:26, поток 0] Получили куки...
[08.04.2020 16:09:26, поток 0] Начинаем парсинг...
[08.04.2020 16:10:25, поток 1] Парсим куки...
[08.04.2020 16:10:26, поток 1] Спарсили куки
[08.04.2020 16:10:26, поток 1] Получили куки...
[08.04.2020 16:10:26, поток 1] Начинаем парсинг...
[08.04.2020 16:14:09, поток 0] Парсим куки...
[08.04.2020 16:14:11, поток 0] Спарсили куки
[08.04.2020 16:14:11, поток 0] Получили куки...
[08.04.2020 16:14:11, поток 0] Начинаем парсинг...
[08.04.2020 16:14:15, поток 1] Парсим куки...
[08.04.2020 16:14:16, поток 1] Спарсили куки
[08.04.2020 16:14:16, поток 1] Получили куки...
[08.04.2020 16:14:16, поток 1] Начинаем парсинг...
[08.04.2020 16:14:17, поток 2] Парсим куки...
[08.04.2020 16:14:22, поток 2] [DEBUG] Сменили прокси.
[08.04.2020 16:14:22, поток 2] Парсим куки...
[08.04.2020 16:14:22, поток 2] [DEBUG] Сменили прокси.
[08.04.2020 16:14:22, поток 2] Парсим куки...
[08.04.2020 16:14:38, поток 2] [DEBUG] Сменили прокси.
[08.04.2020 16:14:39, поток 0] (Ошибка) Текст ошибки: System.NullReferenceException: Ссылка на объект не указывает на экземпляр объекта.
   в InstaDirectMessage_ButDev.InstagramHashtagsParser.GetData(String cookie) в D:\MaXiMAA\MaXiMAAOld\C#Готово\KWORK\InstaDirectMessage_ButDev\InstaDirectMessage_ButDev\InstagramHashtagsParser.cs:строка 170
[08.04.2020 16:14:39, поток 0] [DEBUG] Сменили прокси.
[08.04.2020 16:14:39, поток 0] Парсим куки...
[08.04.2020 16:14:40, поток 0] Спарсили куки
[08.04.2020 16:14:40, поток 0] Получили куки...
[08.04.2020 16:14:40, поток 0] Начинаем парсинг...
[08.04.2020 16:14:42, поток 1] (Ошибка) Текст ошибки: System.NullReferenceException: Ссылка на объект не указывает на экземпляр объекта.
   в InstaDirectMessage_ButDev.InstagramHashtagsParser.GetData(String cookie) в D:\MaXiMAA\MaXiMAAOld\C#Готово\KWORK\InstaDirectMessage_ButDev\InstaDirectMessage_ButDev\InstagramHashtagsParser.cs:строка 170
[08.04.2020 16:14:42, поток 1] [DEBUG] Сменили прокси.
[08.04.2020 16:14:42, поток 1] Парсим куки...
[08.04.2020 16:14:47, поток 1] [DEBUG] Сменили прокси.
[08.04.2020 16:14:47, поток 1] Парсим куки...
[08.04.2020 16:14:48, поток 1] Спарсили куки
[08.04.2020 16:14:48, поток 1] Получили куки...
[08.04.2020 16:14:48, поток 1] Начинаем парсинг...
[08.04.2020 16:15:07, поток 0] (Ошибка) Текст ошибки: System.NullReferenceException: Ссылка на объект не указывает на экземпляр объекта.
   в InstaDirectMessage_ButDev.InstagramHashtagsParser.GetData(String cookie) в D:\MaXiMAA\MaXiMAAOld\C#Готово\KWORK\InstaDirectMessage_ButDev\InstaDirectMessage_ButDev\InstagramHashtagsParser.cs:строка 170
[08.04.2020 16:15:07, поток 0] [DEBUG] Сменили прокси.
[08.04.2020 16:15:07, поток 0] Парсим куки...
[08.04.2020 16:15:12, поток 0] [DEBUG] Сменили прокси.
[08.04.2020 16:15:13, поток 1] (Ошибка) Текст ошибки: System.NullReferenceException: Ссылка на объект не указывает на экземпляр объекта.
   в InstaDirectMessage_ButDev.InstagramHashtagsParser.GetData(String cookie) в D:\MaXiMAA\MaXiMAAOld\C#Готово\KWORK\InstaDirectMessage_ButDev\InstaDirectMessage_ButDev\InstagramHashtagsParser.cs:строка 170
[08.04.2020 16:15:13, поток 1] [DEBUG] Сменили прокси.
[08.04.2020 16:17:32, поток 1] Парсим куки...
[08.04.2020 16:17:34, поток 1] Спарсили куки
[08.04.2020 16:17:34, поток 1] Получили куки...
[08.04.2020 16:17:34, поток 1] Начинаем парсинг...
[08.04.2020 16:17:36, поток 0] Парсим куки...
[08.04.2020 16:17:37, поток 0] Спарсили куки
[08.04.2020 16:17:37, поток 0] Получили куки...
[08.04.2020 16:17:37, поток 0] Начинаем парсинг...
[08.04.2020 16:17:38, поток 2] Парсим куки...
[08.04.2020 16:17:39, поток 2] Спарсили куки
[08.04.2020 16:17:39, поток 2] Получили куки...
[08.04.2020 16:17:39, поток 2] Начинаем парсинг...
[08.04.2020 16:18:02, поток 1] (Ошибка) Текст ошибки: System.NullReferenceException: Ссылка на объект не указывает на экземпляр объекта.
   в InstaDirectMessage_ButDev.InstagramHashtagsParser.GetData(String cookie) в D:\MaXiMAA\MaXiMAAOld\C#Готово\KWORK\InstaDirectMessage_ButDev\InstaDirectMessage_ButDev\InstagramHashtagsParser.cs:строка 170
[08.04.2020 16:18:02, поток 1] [DEBUG] Сменили прокси.
[08.04.2020 16:18:02, поток 1] Парсим куки...
[08.04.2020 16:18:03, поток 1] Спарсили куки
[08.04.2020 16:18:03, поток 1] Получили куки...
[08.04.2020 16:18:03, поток 1] Начинаем парсинг...
[08.04.2020 16:18:06, поток 0] (Ошибка) Текст ошибки: System.NullReferenceException: Ссылка на объект не указывает на экземпляр объекта.
   в InstaDirectMessage_ButDev.InstagramHashtagsParser.GetData(String cookie) в D:\MaXiMAA\MaXiMAAOld\C#Готово\KWORK\InstaDirectMessage_ButDev\InstaDirectMessage_ButDev\InstagramHashtagsParser.cs:строка 170
[08.04.2020 16:18:06, поток 0] [DEBUG] Сменили прокси.
[08.04.2020 16:18:06, поток 0] Парсим куки...
[08.04.2020 16:18:07, поток 0] Спарсили куки
[08.04.2020 16:18:07, поток 0] Получили куки...
[08.04.2020 16:18:07, поток 0] Начинаем парсинг...
[08.04.2020 16:18:08, поток 2] (Ошибка) Текст ошибки: System.NullReferenceException: Ссылка на объект не указывает на экземпляр объекта.
   в InstaDirectMessage_ButDev.InstagramHashtagsParser.GetData(String cookie) в D:\MaXiMAA\MaXiMAAOld\C#Готово\KWORK\InstaDirectMessage_ButDev\InstaDirectMessage_ButDev\InstagramHashtagsParser.cs:строка 170
[08.04.2020 16:18:08, поток 2] [DEBUG] Сменили прокси.
[08.04.2020 16:18:08, поток 2] Парсим куки...
[08.04.2020 16:18:09, поток 2] Спарсили куки
[08.04.2020 16:18:09, поток 2] Получили куки...
[08.04.2020 16:18:09, поток 2] Начинаем парсинг...
[08.04.2020 16:18:29, поток 1] (Ошибка) Текст ошибки: System.NullReferenceException: Ссылка на объект не указывает на экземпляр объекта.
   в InstaDirectMessage_ButDev.InstagramHashtagsParser.GetData(String cookie) в D:\MaXiMAA\MaXiMAAOld\C#Готово\KWORK\InstaDirectMessage_ButDev\InstaDirectMessage_ButDev\InstagramHashtagsParser.cs:строка 170
[08.04.2020 16:18:29, поток 1] [DEBUG] Сменили прокси.
[08.04.2020 16:18:29, поток 1] Парсим куки...
[08.04.2020 16:18:30, поток 1] Спарсили куки
[08.04.2020 16:18:30, поток 1] Получили куки...
[08.04.2020 16:18:30, поток 1] Начинаем парсинг...
[08.04.2020 16:18:36, поток 0] (Ошибка) Текст ошибки: System.NullReferenceException: Ссылка на объект не указывает на экземпляр объекта.
   в InstaDirectMessage_ButDev.InstagramHashtagsParser.GetData(String cookie) в D:\MaXiMAA\MaXiMAAOld\C#Готово\KWORK\InstaDirectMessage_ButDev\InstaDirectMessage_ButDev\InstagramHashtagsParser.cs:строка 170
[08.04.2020 16:18:36, поток 0] [DEBUG] Сменили прокси.
[08.04.2020 16:18:36, поток 0] Парсим куки...
[08.04.2020 16:18:36, поток 0] Спарсили куки
[08.04.2020 16:18:36, поток 0] Получили куки...
[08.04.2020 16:18:36, поток 0] Начинаем парсинг...
[08.04.2020 16:18:37, поток 2] (Ошибка) Текст ошибки: System.NullReferenceException: Ссылка на объект не указывает на экземпляр объекта.
   в InstaDirectMessage_ButDev.InstagramHashtagsParser.GetData(String cookie) в D:\MaXiMAA\MaXiMAAOld\C#Готово\KWORK\InstaDirectMessage_ButDev\InstaDirectMessage_ButDev\InstagramHashtagsParser.cs:строка 170
[08.04.2020 16:18:37, поток 2] [DEBUG] Сменили прокси.
[08.04.2020 16:18:37, поток 2] Парсим куки...
[08.04.2020 16:18:39, поток 2] Спарсили куки
[08.04.2020 16:18:39, поток 2] Получили куки...
[08.04.2020 16:18:39, поток 2] Начинаем парсинг...
[08.04.2020 16:18:56, поток 1] (Ошибка) Текст ошибки: System.NullReferenceException: Ссылка на объект не указывает на экземпляр объекта.
   в InstaDirectMessage_ButDev.InstagramHashtagsParser.GetData(String cookie) в D:\MaXiMAA\MaXiMAAOld\C#Готово\KWORK\InstaDirectMessage_ButDev\InstaDirectMessage_ButDev\InstagramHashtagsParser.cs:строка 170
[08.04.2020 16:18:56, поток 1] [DEBUG] Сменили прокси.
[08.04.2020 16:19:03, поток 0] (Ошибка) Текст ошибки: System.NullReferenceException: Ссылка на объект не указывает на экземпляр объекта.
   в InstaDirectMessage_ButDev.InstagramHashtagsParser.GetData(String cookie) в D:\MaXiMAA\MaXiMAAOld\C#Готово\KWORK\InstaDirectMessage_ButDev\InstaDirectMessage_ButDev\InstagramHashtagsParser.cs:строка 170
[08.04.2020 16:19:03, поток 0] [DEBUG] Сменили прокси.
[08.04.2020 16:19:07, поток 2] (Ошибка) Текст ошибки: System.NullReferenceException: Ссылка на объект не указывает на экземпляр объекта.
   в InstaDirectMessage_ButDev.InstagramHashtagsParser.GetData(String cookie) в D:\MaXiMAA\MaXiMAAOld\C#Готово\KWORK\InstaDirectMessage_ButDev\InstaDirectMessage_ButDev\InstagramHashtagsParser.cs:строка 170
[08.04.2020 16:19:07, поток 2] [DEBUG] Сменили прокси.
[08.04.2020 16:21:05, поток 1] Парсим куки...
[08.04.2020 16:21:06, поток 1] Спарсили куки
[08.04.2020 16:21:06, поток 1] Получили куки...
[08.04.2020 16:21:06, поток 1] Начинаем парсинг...
[08.04.2020 16:21:07, поток 2] Парсим куки...
[08.04.2020 16:21:08, поток 2] Спарсили куки
[08.04.2020 16:21:08, поток 2] Получили куки...
[08.04.2020 16:21:08, поток 2] Начинаем парсинг...
[08.04.2020 16:21:10, поток 0] Парсим куки...
[08.04.2020 16:21:11, поток 0] Спарсили куки
[08.04.2020 16:21:11, поток 0] Получили куки...
[08.04.2020 16:21:11, поток 0] Начинаем парсинг...
[08.04.2020 16:21:35, поток 1] (Ошибка) Текст ошибки: System.NullReferenceException: Ссылка на объект не указывает на экземпляр объекта.
   в InstaDirectMessage_ButDev.InstagramHashtagsParser.GetData(String cookie) в D:\MaXiMAA\MaXiMAAOld\C#Готово\KWORK\InstaDirectMessage_ButDev\InstaDirectMessage_ButDev\InstagramHashtagsParser.cs:строка 171
[08.04.2020 16:21:35, поток 1] [DEBUG] Сменили прокси.
[08.04.2020 16:21:35, поток 1] Парсим куки...
[08.04.2020 16:21:36, поток 1] Спарсили куки
[08.04.2020 16:21:36, поток 1] Получили куки...
[08.04.2020 16:21:36, поток 1] Начинаем парсинг...
[08.04.2020 16:21:38, поток 2] (Ошибка) Текст ошибки: System.NullReferenceException: Ссылка на объект не указывает на экземпляр объекта.
   в InstaDirectMessage_ButDev.InstagramHashtagsParser.GetData(String cookie) в D:\MaXiMAA\MaXiMAAOld\C#Готово\KWORK\InstaDirectMessage_ButDev\InstaDirectMessage_ButDev\InstagramHashtagsParser.cs:строка 171
[08.04.2020 16:21:38, поток 2] [DEBUG] Сменили прокси.
[08.04.2020 16:21:38, поток 2] Парсим куки...
[08.04.2020 16:21:39, поток 2] Спарсили куки
[08.04.2020 16:21:39, поток 2] Получили куки...
[08.04.2020 16:21:39, поток 2] Начинаем парсинг...
[08.04.2020 16:21:41, поток 0] (Ошибка) Текст ошибки: System.NullReferenceException: Ссылка на объект не указывает на экземпляр объекта.
   в InstaDirectMessage_ButDev.InstagramHashtagsParser.GetData(String cookie) в D:\MaXiMAA\MaXiMAAOld\C#Готово\KWORK\InstaDirectMessage_ButDev\InstaDirectMessage_ButDev\InstagramHashtagsParser.cs:строка 171
[08.04.2020 16:21:41, поток 0] [DEBUG] Сменили прокси.
[08.04.2020 16:21:41, поток 0] Парсим куки...
[08.04.2020 16:21:42, поток 0] Спарсили куки
[08.04.2020 16:21:42, поток 0] Получили куки...
[08.04.2020 16:21:42, поток 0] Начинаем парсинг...
[08.04.2020 16:22:03, поток 1] (Ошибка) Текст ошибки: System.NullReferenceException: Ссылка на объект не указывает на экземпляр объекта.
   в InstaDirectMessage_ButDev.InstagramHashtagsParser.GetData(String cookie) в D:\MaXiMAA\MaXiMAAOld\C#Готово\KWORK\InstaDirectMessage_ButDev\InstaDirectMessage_ButDev\InstagramHashtagsParser.cs:строка 171
[08.04.2020 16:22:03, поток 1] [DEBUG] Сменили прокси.
[08.04.2020 16:22:03, поток 1] Парсим куки...
[08.04.2020 16:22:04, поток 1] Спарсили куки
[08.04.2020 16:22:04, поток 1] Получили куки...
[08.04.2020 16:22:04, поток 1] Начинаем парсинг...
[08.04.2020 16:22:08, поток 2] (Ошибка) Текст ошибки: System.NullReferenceException: Ссылка на объект не указывает на экземпляр объекта.
   в InstaDirectMessage_ButDev.InstagramHashtagsParser.GetData(String cookie) в D:\MaXiMAA\MaXiMAAOld\C#Готово\KWORK\InstaDirectMessage_ButDev\InstaDirectMessage_ButDev\InstagramHashtagsParser.cs:строка 171
[08.04.2020 16:22:08, поток 2] [DEBUG] Сменили прокси.
[08.04.2020 16:22:08, поток 2] Парсим куки...
[08.04.2020 16:22:10, поток 0] (Ошибка) Текст ошибки: System.NullReferenceException: Ссылка на объект не указывает на экземпляр объекта.
   в InstaDirectMessage_ButDev.InstagramHashtagsParser.GetData(String cookie) в D:\MaXiMAA\MaXiMAAOld\C#Готово\KWORK\InstaDirectMessage_ButDev\InstaDirectMessage_ButDev\InstagramHashtagsParser.cs:строка 171
[08.04.2020 16:22:10, поток 0] [DEBUG] Сменили прокси.
[08.04.2020 16:22:10, поток 0] Парсим куки...
[08.04.2020 16:22:11, поток 2] Спарсили куки
[08.04.2020 16:22:11, поток 2] Получили куки...
[08.04.2020 16:22:11, поток 2] Начинаем парсинг...
[08.04.2020 16:22:11, поток 0] Спарсили куки
[08.04.2020 16:22:11, поток 0] Получили куки...
[08.04.2020 16:22:11, поток 0] Начинаем парсинг...
[08.04.2020 16:22:34, поток 1] (Ошибка) Текст ошибки: System.NullReferenceException: Ссылка на объект не указывает на экземпляр объекта.
   в InstaDirectMessage_ButDev.InstagramHashtagsParser.GetData(String cookie) в D:\MaXiMAA\MaXiMAAOld\C#Готово\KWORK\InstaDirectMessage_ButDev\InstaDirectMessage_ButDev\InstagramHashtagsParser.cs:строка 171
[08.04.2020 16:22:34, поток 1] [DEBUG] Сменили прокси.
[08.04.2020 16:22:42, поток 0] (Ошибка) Текст ошибки: System.NullReferenceException: Ссылка на объект не указывает на экземпляр объекта.
   в InstaDirectMessage_ButDev.InstagramHashtagsParser.GetData(String cookie) в D:\MaXiMAA\MaXiMAAOld\C#Готово\KWORK\InstaDirectMessage_ButDev\InstaDirectMessage_ButDev\InstagramHashtagsParser.cs:строка 171
[08.04.2020 16:22:42, поток 0] [DEBUG] Сменили прокси.
[08.04.2020 16:22:42, поток 2] (Ошибка) Текст ошибки: System.NullReferenceException: Ссылка на объект не указывает на экземпляр объекта.
   в InstaDirectMessage_ButDev.InstagramHashtagsParser.GetData(String cookie) в D:\MaXiMAA\MaXiMAAOld\C#Готово\KWORK\InstaDirectMessage_ButDev\InstaDirectMessage_ButDev\InstagramHashtagsParser.cs:строка 171
[08.04.2020 16:22:42, поток 2] [DEBUG] Сменили прокси.
[08.04.2020 16:46:33, поток 2] Парсим куки...
[08.04.2020 16:46:33, поток 1] Парсим куки...
[08.04.2020 16:46:34, поток 2] Спарсили куки
[08.04.2020 16:46:34, поток 2] Получили куки...
[08.04.2020 16:46:34, поток 2] Начинаем парсинг...
[08.04.2020 16:46:35, поток 0] Парсим куки...
[08.04.2020 16:46:36, поток 1] Спарсили куки
[08.04.2020 16:46:36, поток 1] Получили куки...
[08.04.2020 16:46:36, поток 1] Начинаем парсинг...
[08.04.2020 16:46:36, поток 0] Спарсили куки
[08.04.2020 16:46:36, поток 0] Получили куки...
[08.04.2020 16:46:36, поток 0] Начинаем парсинг...
[08.04.2020 16:47:02, поток 2] (Ошибка) Текст ошибки: System.NullReferenceException: Ссылка на объект не указывает на экземпляр объекта.
   в InstaDirectMessage_ButDev.InstagramHashtagsParser.GetData(String cookie) в D:\MaXiMAA\MaXiMAAOld\C#Готово\KWORK\InstaDirectMessage_ButDev\InstaDirectMessage_ButDev\InstagramHashtagsParser.cs:строка 171
[08.04.2020 16:47:02, поток 2] [DEBUG] Сменили прокси.
[08.04.2020 16:47:02, поток 2] Парсим куки...
[08.04.2020 16:47:02, поток 1] (Ошибка) Текст ошибки: System.NullReferenceException: Ссылка на объект не указывает на экземпляр объекта.
   в InstaDirectMessage_ButDev.InstagramHashtagsParser.GetData(String cookie) в D:\MaXiMAA\MaXiMAAOld\C#Готово\KWORK\InstaDirectMessage_ButDev\InstaDirectMessage_ButDev\InstagramHashtagsParser.cs:строка 171
[08.04.2020 16:47:02, поток 1] [DEBUG] Сменили прокси.
[08.04.2020 16:47:02, поток 1] Парсим куки...
[08.04.2020 16:47:03, поток 2] Спарсили куки
[08.04.2020 16:47:03, поток 2] Получили куки...
[08.04.2020 16:47:03, поток 2] Начинаем парсинг...
[08.04.2020 16:47:03, поток 0] (Ошибка) Текст ошибки: System.NullReferenceException: Ссылка на объект не указывает на экземпляр объекта.
   в InstaDirectMessage_ButDev.InstagramHashtagsParser.GetData(String cookie) в D:\MaXiMAA\MaXiMAAOld\C#Готово\KWORK\InstaDirectMessage_ButDev\InstaDirectMessage_ButDev\InstagramHashtagsParser.cs:строка 171
[08.04.2020 16:47:03, поток 0] [DEBUG] Сменили прокси.
[08.04.2020 16:47:03, поток 0] Парсим куки...
[08.04.2020 16:47:04, поток 1] Спарсили куки
[08.04.2020 16:47:04, поток 1] Получили куки...
[08.04.2020 16:47:04, поток 1] Начинаем парсинг...
[08.04.2020 16:47:05, поток 0] Спарсили куки
[08.04.2020 16:47:05, поток 0] Получили куки...
[08.04.2020 16:47:05, поток 0] Начинаем парсинг...
[08.04.2020 16:47:29, поток 1] (Ошибка) Текст ошибки: System.NullReferenceException: Ссылка на объект не указывает на экземпляр объекта.
   в InstaDirectMessage_ButDev.InstagramHashtagsParser.GetData(String cookie) в D:\MaXiMAA\MaXiMAAOld\C#Готово\KWORK\InstaDirectMessage_ButDev\InstaDirectMessage_ButDev\InstagramHashtagsParser.cs:строка 171
[08.04.2020 16:47:29, поток 1] [DEBUG] Сменили прокси.
[08.04.2020 16:47:29, поток 1] Парсим куки...
[08.04.2020 16:47:29, поток 2] (Ошибка) Текст ошибки: System.NullReferenceException: Ссылка на объект не указывает на экземпляр объекта.
   в InstaDirectMessage_ButDev.InstagramHashtagsParser.GetData(String cookie) в D:\MaXiMAA\MaXiMAAOld\C#Готово\KWORK\InstaDirectMessage_ButDev\InstaDirectMessage_ButDev\InstagramHashtagsParser.cs:строка 171
[08.04.2020 16:47:29, поток 2] [DEBUG] Сменили прокси.
[08.04.2020 16:47:29, поток 2] Парсим куки...
[08.04.2020 16:47:30, поток 1] Спарсили куки
[08.04.2020 16:47:30, поток 1] Получили куки...
[08.04.2020 16:47:30, поток 1] Начинаем парсинг...
[08.04.2020 16:47:32, поток 0] (Ошибка) Текст ошибки: System.NullReferenceException: Ссылка на объект не указывает на экземпляр объекта.
   в InstaDirectMessage_ButDev.InstagramHashtagsParser.GetData(String cookie) в D:\MaXiMAA\MaXiMAAOld\C#Готово\KWORK\InstaDirectMessage_ButDev\InstaDirectMessage_ButDev\InstagramHashtagsParser.cs:строка 171
[08.04.2020 16:47:32, поток 0] [DEBUG] Сменили прокси.
[08.04.2020 16:47:32, поток 0] Парсим куки...
[08.04.2020 16:47:33, поток 0] Спарсили куки
[08.04.2020 16:47:33, поток 0] Получили куки...
[08.04.2020 16:47:33, поток 0] Начинаем парсинг...
[08.04.2020 16:47:34, поток 2] Спарсили куки
[08.04.2020 16:47:34, поток 2] Получили куки...
[08.04.2020 16:47:34, поток 2] Начинаем парсинг...
[08.04.2020 16:47:55, поток 1] (Ошибка) Текст ошибки: System.NullReferenceException: Ссылка на объект не указывает на экземпляр объекта.
   в InstaDirectMessage_ButDev.InstagramHashtagsParser.GetData(String cookie) в D:\MaXiMAA\MaXiMAAOld\C#Готово\KWORK\InstaDirectMessage_ButDev\InstaDirectMessage_ButDev\InstagramHashtagsParser.cs:строка 171
[08.04.2020 16:47:55, поток 1] [DEBUG] Сменили прокси.
[08.04.2020 16:47:59, поток 0] (Ошибка) Текст ошибки: System.NullReferenceException: Ссылка на объект не указывает на экземпляр объекта.
   в InstaDirectMessage_ButDev.InstagramHashtagsParser.GetData(String cookie) в D:\MaXiMAA\MaXiMAAOld\C#Готово\KWORK\InstaDirectMessage_ButDev\InstaDirectMessage_ButDev\InstagramHashtagsParser.cs:строка 171
[08.04.2020 16:47:59, поток 0] [DEBUG] Сменили прокси.
[08.04.2020 16:48:05, поток 2] (Ошибка) Текст ошибки: System.NullReferenceException: Ссылка на объект не указывает на экземпляр объекта.
   в InstaDirectMessage_ButDev.InstagramHashtagsParser.GetData(String cookie) в D:\MaXiMAA\MaXiMAAOld\C#Готово\KWORK\InstaDirectMessage_ButDev\InstaDirectMessage_ButDev\InstagramHashtagsParser.cs:строка 171
[08.04.2020 16:48:05, поток 2] [DEBUG] Сменили прокси.
[08.04.2020 17:00:44, поток 2] Парсим куки...
[08.04.2020 17:00:44, поток 1] Парсим куки...
[08.04.2020 17:00:44, поток 0] Парсим куки...
[08.04.2020 17:00:44, поток 2] Спарсили куки
[08.04.2020 17:00:44, поток 2] Получили куки...
[08.04.2020 17:00:44, поток 2] Начинаем парсинг...
[08.04.2020 17:00:46, поток 1] Спарсили куки
[08.04.2020 17:00:46, поток 1] Получили куки...
[08.04.2020 17:00:46, поток 1] Начинаем парсинг...
[08.04.2020 17:00:46, поток 0] Спарсили куки
[08.04.2020 17:00:46, поток 0] Получили куки...
[08.04.2020 17:00:46, поток 0] Начинаем парсинг...
[08.04.2020 17:01:13, поток 1] (Ошибка) Текст ошибки: System.NullReferenceException: Ссылка на объект не указывает на экземпляр объекта.
   в InstaDirectMessage_ButDev.InstagramHashtagsParser.GetData(String cookie) в D:\MaXiMAA\MaXiMAAOld\C#Готово\KWORK\InstaDirectMessage_ButDev\InstaDirectMessage_ButDev\InstagramHashtagsParser.cs:строка 171
[08.04.2020 17:01:13, поток 1] [DEBUG] Сменили прокси.
[08.04.2020 17:01:13, поток 1] Парсим куки...
[08.04.2020 17:01:14, поток 1] Спарсили куки
[08.04.2020 17:01:14, поток 1] Получили куки...
[08.04.2020 17:01:14, поток 1] Начинаем парсинг...
[08.04.2020 17:01:14, поток 0] (Ошибка) Текст ошибки: System.NullReferenceException: Ссылка на объект не указывает на экземпляр объекта.
   в InstaDirectMessage_ButDev.InstagramHashtagsParser.GetData(String cookie) в D:\MaXiMAA\MaXiMAAOld\C#Готово\KWORK\InstaDirectMessage_ButDev\InstaDirectMessage_ButDev\InstagramHashtagsParser.cs:строка 171
[08.04.2020 17:01:14, поток 0] [DEBUG] Сменили прокси.
[08.04.2020 17:01:14, поток 0] Парсим куки...
[08.04.2020 17:01:15, поток 2] (Ошибка) Текст ошибки: System.NullReferenceException: Ссылка на объект не указывает на экземпляр объекта.
   в InstaDirectMessage_ButDev.InstagramHashtagsParser.GetData(String cookie) в D:\MaXiMAA\MaXiMAAOld\C#Готово\KWORK\InstaDirectMessage_ButDev\InstaDirectMessage_ButDev\InstagramHashtagsParser.cs:строка 171
[08.04.2020 17:01:15, поток 2] [DEBUG] Сменили прокси.
[08.04.2020 17:01:15, поток 2] Парсим куки...
[08.04.2020 17:01:15, поток 2] Спарсили куки
[08.04.2020 17:01:15, поток 2] Получили куки...
[08.04.2020 17:01:15, поток 2] Начинаем парсинг...
[08.04.2020 17:01:16, поток 0] Спарсили куки
[08.04.2020 17:01:16, поток 0] Получили куки...
[08.04.2020 17:01:16, поток 0] Начинаем парсинг...
[08.04.2020 17:01:42, поток 1] (Ошибка) Текст ошибки: System.NullReferenceException: Ссылка на объект не указывает на экземпляр объекта.
   в InstaDirectMessage_ButDev.InstagramHashtagsParser.GetData(String cookie) в D:\MaXiMAA\MaXiMAAOld\C#Готово\KWORK\InstaDirectMessage_ButDev\InstaDirectMessage_ButDev\InstagramHashtagsParser.cs:строка 171
[08.04.2020 17:01:42, поток 1] [DEBUG] Сменили прокси.
[08.04.2020 17:01:42, поток 1] Парсим куки...
[08.04.2020 17:01:43, поток 1] Спарсили куки
[08.04.2020 17:01:43, поток 1] Получили куки...
[08.04.2020 17:01:43, поток 1] Начинаем парсинг...
[08.04.2020 17:01:45, поток 2] (Ошибка) Текст ошибки: System.NullReferenceException: Ссылка на объект не указывает на экземпляр объекта.
   в InstaDirectMessage_ButDev.InstagramHashtagsParser.GetData(String cookie) в D:\MaXiMAA\MaXiMAAOld\C#Готово\KWORK\InstaDirectMessage_ButDev\InstaDirectMessage_ButDev\InstagramHashtagsParser.cs:строка 171
[08.04.2020 17:01:45, поток 2] [DEBUG] Сменили прокси.
[08.04.2020 17:01:45, поток 2] Парсим куки...
[08.04.2020 17:01:45, поток 0] (Ошибка) Текст ошибки: System.NullReferenceException: Ссылка на объект не указывает на экземпляр объекта.
   в InstaDirectMessage_ButDev.InstagramHashtagsParser.GetData(String cookie) в D:\MaXiMAA\MaXiMAAOld\C#Готово\KWORK\InstaDirectMessage_ButDev\InstaDirectMessage_ButDev\InstagramHashtagsParser.cs:строка 171
[08.04.2020 17:01:45, поток 0] [DEBUG] Сменили прокси.
[08.04.2020 17:01:45, поток 0] Парсим куки...
[08.04.2020 17:01:46, поток 0] Спарсили куки
[08.04.2020 17:01:46, поток 0] Получили куки...
[08.04.2020 17:01:46, поток 0] Начинаем парсинг...
[08.04.2020 17:01:47, поток 2] Спарсили куки
[08.04.2020 17:01:47, поток 2] Получили куки...
[08.04.2020 17:01:47, поток 2] Начинаем парсинг...
[08.04.2020 17:02:10, поток 1] (Ошибка) Текст ошибки: System.NullReferenceException: Ссылка на объект не указывает на экземпляр объекта.
   в InstaDirectMessage_ButDev.InstagramHashtagsParser.GetData(String cookie) в D:\MaXiMAA\MaXiMAAOld\C#Готово\KWORK\InstaDirectMessage_ButDev\InstaDirectMessage_ButDev\InstagramHashtagsParser.cs:строка 171
[08.04.2020 17:02:10, поток 1] [DEBUG] Сменили прокси.
[08.04.2020 17:02:15, поток 0] (Ошибка) Текст ошибки: System.NullReferenceException: Ссылка на объект не указывает на экземпляр объекта.
   в InstaDirectMessage_ButDev.InstagramHashtagsParser.GetData(String cookie) в D:\MaXiMAA\MaXiMAAOld\C#Готово\KWORK\InstaDirectMessage_ButDev\InstaDirectMessage_ButDev\InstagramHashtagsParser.cs:строка 171
[08.04.2020 17:02:15, поток 0] [DEBUG] Сменили прокси.
[08.04.2020 17:02:16, поток 2] (Ошибка) Текст ошибки: System.NullReferenceException: Ссылка на объект не указывает на экземпляр объекта.
   в InstaDirectMessage_ButDev.InstagramHashtagsParser.GetData(String cookie) в D:\MaXiMAA\MaXiMAAOld\C#Готово\KWORK\InstaDirectMessage_ButDev\InstaDirectMessage_ButDev\InstagramHashtagsParser.cs:строка 171
[08.04.2020 17:02:16, поток 2] [DEBUG] Сменили прокси.
[08.04.2020 17:03:22, поток 0] Парсим куки...
[08.04.2020 17:03:23, поток 1] Парсим куки...
[08.04.2020 17:03:24, поток 0] Спарсили куки
[08.04.2020 17:03:24, поток 0] Получили куки...
[08.04.2020 17:03:24, поток 0] Начинаем парсинг...
[08.04.2020 17:03:25, поток 2] Парсим куки...
[08.04.2020 17:03:25, поток 1] Спарсили куки
[08.04.2020 17:03:25, поток 1] Получили куки...
[08.04.2020 17:03:25, поток 1] Начинаем парсинг...
[08.04.2020 17:03:25, поток 2] Спарсили куки
[08.04.2020 17:03:25, поток 2] Получили куки...
[08.04.2020 17:03:25, поток 2] Начинаем парсинг...
[08.04.2020 17:03:28, поток 1] (Ошибка) Текст ошибки: System.NullReferenceException: Ссылка на объект не указывает на экземпляр объекта.
   в InstaDirectMessage_ButDev.InstagramHashtagsParser.GetData(String cookie) в D:\MaXiMAA\MaXiMAAOld\C#Готово\KWORK\InstaDirectMessage_ButDev\InstaDirectMessage_ButDev\InstagramHashtagsParser.cs:строка 170
[08.04.2020 17:03:28, поток 1] [DEBUG] Сменили прокси.
[08.04.2020 17:03:28, поток 1] Парсим куки...
[08.04.2020 17:03:28, поток 0] [DEBUG] Сменили прокси.
[08.04.2020 17:03:28, поток 0] Парсим куки...
[08.04.2020 17:03:29, поток 2] (Ошибка) Текст ошибки: System.NullReferenceException: Ссылка на объект не указывает на экземпляр объекта.
   в InstaDirectMessage_ButDev.InstagramHashtagsParser.GetData(String cookie) в D:\MaXiMAA\MaXiMAAOld\C#Готово\KWORK\InstaDirectMessage_ButDev\InstaDirectMessage_ButDev\InstagramHashtagsParser.cs:строка 170
[08.04.2020 17:03:29, поток 2] [DEBUG] Сменили прокси.
[08.04.2020 17:03:29, поток 2] Парсим куки...
[08.04.2020 17:03:29, поток 1] Спарсили куки
[08.04.2020 17:03:29, поток 1] Получили куки...
[08.04.2020 17:03:29, поток 1] Начинаем парсинг...
[08.04.2020 17:03:29, поток 2] Спарсили куки
[08.04.2020 17:03:29, поток 2] Получили куки...
[08.04.2020 17:03:29, поток 2] Начинаем парсинг...
[08.04.2020 17:03:30, поток 0] Спарсили куки
[08.04.2020 17:03:30, поток 0] Получили куки...
[08.04.2020 17:03:30, поток 0] Начинаем парсинг...
[08.04.2020 17:03:32, поток 2] (Ошибка) Текст ошибки: System.NullReferenceException: Ссылка на объект не указывает на экземпляр объекта.
   в InstaDirectMessage_ButDev.InstagramHashtagsParser.GetData(String cookie) в D:\MaXiMAA\MaXiMAAOld\C#Готово\KWORK\InstaDirectMessage_ButDev\InstaDirectMessage_ButDev\InstagramHashtagsParser.cs:строка 170
[08.04.2020 17:03:32, поток 2] [DEBUG] Сменили прокси.
[08.04.2020 17:03:32, поток 2] Парсим куки...
[08.04.2020 17:03:32, поток 1] (Ошибка) Текст ошибки: System.NullReferenceException: Ссылка на объект не указывает на экземпляр объекта.
   в InstaDirectMessage_ButDev.InstagramHashtagsParser.GetData(String cookie) в D:\MaXiMAA\MaXiMAAOld\C#Готово\KWORK\InstaDirectMessage_ButDev\InstaDirectMessage_ButDev\InstagramHashtagsParser.cs:строка 170
[08.04.2020 17:03:32, поток 1] [DEBUG] Сменили прокси.
[08.04.2020 17:03:32, поток 1] Парсим куки...
[08.04.2020 17:03:32, поток 0] (Ошибка) Текст ошибки: System.NullReferenceException: Ссылка на объект не указывает на экземпляр объекта.
   в InstaDirectMessage_ButDev.InstagramHashtagsParser.GetData(String cookie) в D:\MaXiMAA\MaXiMAAOld\C#Готово\KWORK\InstaDirectMessage_ButDev\InstaDirectMessage_ButDev\InstagramHashtagsParser.cs:строка 170
[08.04.2020 17:03:32, поток 0] [DEBUG] Сменили прокси.
[08.04.2020 17:03:32, поток 0] Парсим куки...
[08.04.2020 17:03:33, поток 1] Спарсили куки
[08.04.2020 17:03:33, поток 1] Получили куки...
[08.04.2020 17:03:33, поток 1] Начинаем парсинг...
[08.04.2020 17:03:33, поток 0] Спарсили куки
[08.04.2020 17:03:33, поток 0] Получили куки...
[08.04.2020 17:03:33, поток 0] Начинаем парсинг...
[08.04.2020 17:03:36, поток 0] (Ошибка) Текст ошибки: System.NullReferenceException: Ссылка на объект не указывает на экземпляр объекта.
   в InstaDirectMessage_ButDev.InstagramHashtagsParser.GetData(String cookie) в D:\MaXiMAA\MaXiMAAOld\C#Готово\KWORK\InstaDirectMessage_ButDev\InstaDirectMessage_ButDev\InstagramHashtagsParser.cs:строка 170
[08.04.2020 17:03:36, поток 0] [DEBUG] Сменили прокси.
[08.04.2020 17:03:36, поток 1] (Ошибка) Текст ошибки: System.NullReferenceException: Ссылка на объект не указывает на экземпляр объекта.
   в InstaDirectMessage_ButDev.InstagramHashtagsParser.GetData(String cookie) в D:\MaXiMAA\MaXiMAAOld\C#Готово\KWORK\InstaDirectMessage_ButDev\InstaDirectMessage_ButDev\InstagramHashtagsParser.cs:строка 170
[08.04.2020 17:03:36, поток 1] [DEBUG] Сменили прокси.
[08.04.2020 17:16:16, поток 2] Парсим куки...
[08.04.2020 17:16:16, поток 1] Парсим куки...
[08.04.2020 17:16:17, поток 2] Спарсили куки
[08.04.2020 17:16:17, поток 2] Получили куки...
[08.04.2020 17:16:17, поток 2] Начинаем парсинг...
[08.04.2020 17:16:18, поток 0] Парсим куки...
[08.04.2020 17:16:19, поток 1] Спарсили куки
[08.04.2020 17:16:19, поток 1] Получили куки...
[08.04.2020 17:16:19, поток 1] Начинаем парсинг...
[08.04.2020 17:16:19, поток 0] Спарсили куки
[08.04.2020 17:16:19, поток 0] Получили куки...
[08.04.2020 17:16:19, поток 0] Начинаем парсинг...
[08.04.2020 17:16:23, поток 0] [DEBUG] Сменили прокси.
[08.04.2020 17:16:23, поток 0] Парсим куки...
[08.04.2020 17:16:23, поток 1] [DEBUG] Сменили прокси.
[08.04.2020 17:16:23, поток 1] Парсим куки...
[08.04.2020 17:16:24, поток 2] [DEBUG] Сменили прокси.
[08.04.2020 17:16:24, поток 2] Парсим куки...
[08.04.2020 17:16:24, поток 0] Спарсили куки
[08.04.2020 17:16:24, поток 0] Получили куки...
[08.04.2020 17:16:24, поток 0] Начинаем парсинг...
[08.04.2020 17:16:24, поток 0] [DEBUG] Сменили прокси.
[08.04.2020 17:16:24, поток 0] Парсим куки...
[08.04.2020 17:16:25, поток 2] Спарсили куки
[08.04.2020 17:16:25, поток 2] Получили куки...
[08.04.2020 17:16:25, поток 2] Начинаем парсинг...
[08.04.2020 17:16:25, поток 2] [DEBUG] Сменили прокси.
[08.04.2020 17:16:25, поток 2] Парсим куки...
[08.04.2020 17:16:25, поток 0] Спарсили куки
[08.04.2020 17:16:25, поток 0] Получили куки...
[08.04.2020 17:16:25, поток 0] Начинаем парсинг...
[08.04.2020 17:16:25, поток 0] [DEBUG] Сменили прокси.
[08.04.2020 17:16:26, поток 1] Спарсили куки
[08.04.2020 17:16:26, поток 1] Получили куки...
[08.04.2020 17:16:26, поток 1] Начинаем парсинг...
[08.04.2020 17:16:26, поток 1] [DEBUG] Сменили прокси.
[08.04.2020 17:16:26, поток 1] Парсим куки...
[08.04.2020 17:16:27, поток 1] Спарсили куки
[08.04.2020 17:16:27, поток 1] Получили куки...
[08.04.2020 17:16:27, поток 1] Начинаем парсинг...
[08.04.2020 17:16:27, поток 1] [DEBUG] Сменили прокси.
[08.04.2020 17:17:29, поток 2] [DEBUG] Сменили прокси.
[08.04.2020 17:30:18, поток 2] Парсим куки...
[08.04.2020 17:30:18, поток 1] Парсим куки...
[08.04.2020 17:30:19, поток 0] Парсим куки...
[08.04.2020 17:30:19, поток 2] Спарсили куки
[08.04.2020 17:30:19, поток 2] Получили куки...
[08.04.2020 17:30:19, поток 2] Начинаем парсинг...
[08.04.2020 17:30:20, поток 1] Спарсили куки
[08.04.2020 17:30:20, поток 1] Получили куки...
[08.04.2020 17:30:20, поток 1] Начинаем парсинг...
[08.04.2020 17:30:20, поток 0] Спарсили куки
[08.04.2020 17:30:20, поток 0] Получили куки...
[08.04.2020 17:30:20, поток 0] Начинаем парсинг...
[08.04.2020 17:30:26, поток 2] [DEBUG] Сменили прокси.
[08.04.2020 17:30:26, поток 2] Парсим куки...
[08.04.2020 17:30:26, поток 0] [DEBUG] Сменили прокси.
[08.04.2020 17:30:26, поток 0] Парсим куки...
[08.04.2020 17:30:27, поток 0] Спарсили куки
[08.04.2020 17:30:27, поток 0] Получили куки...
[08.04.2020 17:30:27, поток 0] Начинаем парсинг...
[08.04.2020 17:30:27, поток 0] [DEBUG] Сменили прокси.
[08.04.2020 17:30:27, поток 0] Парсим куки...
[08.04.2020 17:30:28, поток 0] Спарсили куки
[08.04.2020 17:30:28, поток 0] Получили куки...
[08.04.2020 17:30:28, поток 0] Начинаем парсинг...
[08.04.2020 17:30:28, поток 0] [DEBUG] Сменили прокси.
[08.04.2020 17:30:31, поток 2] Спарсили куки
[08.04.2020 17:30:31, поток 2] Получили куки...
[08.04.2020 17:30:31, поток 2] Начинаем парсинг...
[08.04.2020 17:30:31, поток 2] [DEBUG] Сменили прокси.
[08.04.2020 17:30:31, поток 2] Парсим куки...
[08.04.2020 17:30:33, поток 1] [DEBUG] Сменили прокси.
[08.04.2020 17:30:33, поток 1] Парсим куки...
[08.04.2020 17:30:34, поток 2] Спарсили куки
[08.04.2020 17:30:34, поток 2] Получили куки...
[08.04.2020 17:30:34, поток 2] Начинаем парсинг...
[08.04.2020 17:30:34, поток 2] [DEBUG] Сменили прокси.
[08.04.2020 17:30:34, поток 1] Спарсили куки
[08.04.2020 17:30:34, поток 1] Получили куки...
[08.04.2020 17:30:34, поток 1] Начинаем парсинг...
[08.04.2020 17:30:34, поток 1] [DEBUG] Сменили прокси.
[08.04.2020 17:30:34, поток 1] Парсим куки...
[08.04.2020 17:30:35, поток 1] Спарсили куки
[08.04.2020 17:30:35, поток 1] Получили куки...
[08.04.2020 17:30:35, поток 1] Начинаем парсинг...
[08.04.2020 17:30:35, поток 1] [DEBUG] Сменили прокси.
[08.04.2020 17:35:06, поток 2] Парсим куки...
[08.04.2020 17:35:06, поток 1] Парсим куки...
[08.04.2020 17:35:07, поток 0] Парсим куки...
[08.04.2020 17:35:07, поток 2] Спарсили куки
[08.04.2020 17:35:07, поток 2] Получили куки...
[08.04.2020 17:35:07, поток 2] Начинаем парсинг...
[08.04.2020 17:35:08, поток 1] Спарсили куки
[08.04.2020 17:35:08, поток 1] Получили куки...
[08.04.2020 17:35:08, поток 1] Начинаем парсинг...
[08.04.2020 17:35:08, поток 0] Спарсили куки
[08.04.2020 17:35:08, поток 0] Получили куки...
[08.04.2020 17:35:08, поток 0] Начинаем парсинг...
[08.04.2020 17:35:12, поток 2] (Ошибка) Текст ошибки: System.NullReferenceException: Ссылка на объект не указывает на экземпляр объекта.
   в InstaDirectMessage_ButDev.InstagramHashtagsParser.GetData(String cookie) в D:\MaXiMAA\MaXiMAAOld\C#Готово\KWORK\InstaDirectMessage_ButDev\InstaDirectMessage_ButDev\InstagramHashtagsParser.cs:строка 170
[08.04.2020 17:35:12, поток 1] [DEBUG] Сменили прокси.
[08.04.2020 17:35:12, поток 1] Парсим куки...
[08.04.2020 17:35:12, поток 0] [DEBUG] Сменили прокси.
[08.04.2020 17:35:12, поток 0] Парсим куки...
[08.04.2020 17:35:13, поток 0] Спарсили куки
[08.04.2020 17:35:13, поток 0] Получили куки...
[08.04.2020 17:35:13, поток 0] Начинаем парсинг...
[08.04.2020 17:35:13, поток 0] [DEBUG] Сменили прокси.
[08.04.2020 17:35:13, поток 0] Парсим куки...
[08.04.2020 17:35:17, поток 2] (Ошибка) Текст ошибки: System.NullReferenceException: Ссылка на объект не указывает на экземпляр объекта.
   в InstaDirectMessage_ButDev.InstagramHashtagsParser.GetData(String cookie) в D:\MaXiMAA\MaXiMAAOld\C#Готово\KWORK\InstaDirectMessage_ButDev\InstaDirectMessage_ButDev\InstagramHashtagsParser.cs:строка 170
[08.04.2020 17:35:17, поток 2] [DEBUG] Сменили прокси.
[08.04.2020 17:35:17, поток 2] Парсим куки...
[08.04.2020 17:35:17, поток 1] [DEBUG] Сменили прокси.
[08.04.2020 17:35:17, поток 1] Парсим куки...
[08.04.2020 17:35:18, поток 0] [DEBUG] Сменили прокси.
[08.04.2020 17:35:20, поток 1] Спарсили куки
[08.04.2020 17:35:20, поток 1] Получили куки...
[08.04.2020 17:35:20, поток 1] Начинаем парсинг...
[08.04.2020 17:35:20, поток 1] [DEBUG] Сменили прокси.
[08.04.2020 18:26:56, поток 2] Парсим куки...
[08.04.2020 18:26:56, поток 1] Парсим куки...
[08.04.2020 18:26:57, поток 2] Спарсили куки
[08.04.2020 18:26:57, поток 2] Получили куки...
[08.04.2020 18:26:57, поток 2] Начинаем парсинг...
[08.04.2020 18:26:57, поток 0] Парсим куки...
[08.04.2020 18:26:58, поток 0] Спарсили куки
[08.04.2020 18:26:58, поток 0] Получили куки...
[08.04.2020 18:26:58, поток 0] Начинаем парсинг...
[08.04.2020 18:26:58, поток 1] Спарсили куки
[08.04.2020 18:26:58, поток 1] Получили куки...
[08.04.2020 18:26:58, поток 1] Начинаем парсинг...
[08.04.2020 18:27:21, поток 2] Парсим куки...
[08.04.2020 18:27:22, поток 1] Парсим куки...
[08.04.2020 18:27:22, поток 0] Парсим куки...
[08.04.2020 18:27:23, поток 1] Спарсили куки
[08.04.2020 18:27:23, поток 1] Получили куки...
[08.04.2020 18:27:23, поток 1] Начинаем парсинг...
[08.04.2020 18:27:23, поток 1] [DEBUG] Сменили прокси.
[08.04.2020 18:27:23, поток 1] Парсим куки...
[08.04.2020 18:27:23, поток 0] Спарсили куки
[08.04.2020 18:27:23, поток 0] Получили куки...
[08.04.2020 18:27:23, поток 0] Начинаем парсинг...
[08.04.2020 18:27:23, поток 0] [DEBUG] Сменили прокси.
[08.04.2020 18:27:23, поток 0] Парсим куки...
[08.04.2020 18:27:25, поток 1] Спарсили куки
[08.04.2020 18:27:25, поток 1] Получили куки...
[08.04.2020 18:27:25, поток 1] Начинаем парсинг...
[08.04.2020 18:27:25, поток 1] [DEBUG] Сменили прокси.
[08.04.2020 18:27:25, поток 1] Парсим куки...
[08.04.2020 18:27:26, поток 2] Спарсили куки
[08.04.2020 18:27:26, поток 2] Получили куки...
[08.04.2020 18:27:26, поток 2] Начинаем парсинг...
[08.04.2020 18:27:26, поток 2] [DEBUG] Сменили прокси.
[08.04.2020 18:27:26, поток 2] Парсим куки...
[08.04.2020 18:27:26, поток 0] Спарсили куки
[08.04.2020 18:27:26, поток 0] Получили куки...
[08.04.2020 18:27:26, поток 0] Начинаем парсинг...
[08.04.2020 18:27:26, поток 0] [DEBUG] Сменили прокси.
[08.04.2020 18:27:26, поток 0] Парсим куки...
[08.04.2020 18:27:27, поток 0] Спарсили куки
[08.04.2020 18:27:27, поток 0] Получили куки...
[08.04.2020 18:27:27, поток 0] Начинаем парсинг...
[08.04.2020 18:27:27, поток 0] [DEBUG] Сменили прокси.
[08.04.2020 18:27:27, поток 1] Спарсили куки
[08.04.2020 18:27:27, поток 1] Получили куки...
[08.04.2020 18:27:27, поток 1] Начинаем парсинг...
[08.04.2020 18:27:27, поток 1] [DEBUG] Сменили прокси.
[08.04.2020 18:27:27, поток 2] Спарсили куки
[08.04.2020 18:27:27, поток 2] Получили куки...
[08.04.2020 18:27:27, поток 2] Начинаем парсинг...
[08.04.2020 18:27:27, поток 2] [DEBUG] Сменили прокси.
[08.04.2020 18:27:27, поток 2] Парсим куки...
[08.04.2020 18:27:39, поток 2] Спарсили куки
[08.04.2020 18:27:39, поток 2] Получили куки...
[08.04.2020 18:27:39, поток 2] Начинаем парсинг...
[08.04.2020 18:27:39, поток 2] [DEBUG] Сменили прокси.
[08.04.2020 18:32:11, поток 0] Парсим куки...
[08.04.2020 18:32:11, поток 1] Парсим куки...
[08.04.2020 18:32:12, поток 2] Парсим куки...
[08.04.2020 18:32:13, поток 1] Спарсили куки
[08.04.2020 18:32:13, поток 1] Получили куки...
[08.04.2020 18:32:13, поток 1] Начинаем парсинг...
[08.04.2020 18:32:17, поток 2] [DEBUG] Сменили прокси.
[08.04.2020 18:32:17, поток 2] Парсим куки...
[08.04.2020 18:32:18, поток 2] Спарсили куки
[08.04.2020 18:32:18, поток 2] Получили куки...
[08.04.2020 18:32:18, поток 2] Начинаем парсинг...
[08.04.2020 18:32:18, поток 2] [DEBUG] Сменили прокси.
[08.04.2020 18:32:18, поток 2] Парсим куки...
[08.04.2020 18:32:18, поток 0] Спарсили куки
[08.04.2020 18:32:18, поток 0] Получили куки...
[08.04.2020 18:32:18, поток 0] Начинаем парсинг...
[08.04.2020 18:32:18, поток 0] [DEBUG] Сменили прокси.
[08.04.2020 18:32:18, поток 0] Парсим куки...
[08.04.2020 18:32:20, поток 0] Спарсили куки
[08.04.2020 18:32:20, поток 0] Получили куки...
[08.04.2020 18:32:20, поток 0] Начинаем парсинг...
[08.04.2020 18:32:20, поток 0] [DEBUG] Сменили прокси.
[08.04.2020 18:32:20, поток 0] Парсим куки...
[08.04.2020 18:32:23, поток 2] Спарсили куки
[08.04.2020 18:32:23, поток 2] Получили куки...
[08.04.2020 18:32:23, поток 2] Начинаем парсинг...
[08.04.2020 18:32:23, поток 2] [DEBUG] Сменили прокси.
[08.04.2020 18:32:25, поток 0] [DEBUG] Сменили прокси.
[08.04.2020 18:33:45, поток 0] Парсим куки...
[08.04.2020 18:33:45, поток 1] Парсим куки...
[08.04.2020 18:33:45, поток 2] Парсим куки...
[08.04.2020 18:33:46, поток 0] Спарсили куки
[08.04.2020 18:33:46, поток 0] Получили куки...
[08.04.2020 18:33:46, поток 0] Начинаем парсинг...
[08.04.2020 18:33:47, поток 1] Спарсили куки
[08.04.2020 18:33:47, поток 1] Получили куки...
[08.04.2020 18:33:47, поток 1] Начинаем парсинг...
[08.04.2020 18:33:50, поток 2] [DEBUG] Сменили прокси.
[08.04.2020 18:33:50, поток 2] Парсим куки...
[08.04.2020 18:33:51, поток 0] [DEBUG] Сменили прокси.
[08.04.2020 18:33:51, поток 0] Парсим куки...
[08.04.2020 18:33:51, поток 1] [DEBUG] Сменили прокси.
[08.04.2020 18:33:51, поток 1] Парсим куки...
[08.04.2020 18:33:51, поток 2] Спарсили куки
[08.04.2020 18:33:51, поток 2] Получили куки...
[08.04.2020 18:33:51, поток 2] Начинаем парсинг...
[08.04.2020 18:33:51, поток 2] [DEBUG] Сменили прокси.
[08.04.2020 18:33:51, поток 2] Парсим куки...
[08.04.2020 18:33:53, поток 2] Спарсили куки
[08.04.2020 18:33:53, поток 2] Получили куки...
[08.04.2020 18:33:53, поток 2] Начинаем парсинг...
[08.04.2020 18:33:53, поток 2] [DEBUG] Сменили прокси.
[08.04.2020 18:33:53, поток 0] Спарсили куки
[08.04.2020 18:33:53, поток 0] Получили куки...
[08.04.2020 18:33:53, поток 0] Начинаем парсинг...
[08.04.2020 18:33:53, поток 0] [DEBUG] Сменили прокси.
[08.04.2020 18:33:53, поток 0] Парсим куки...
[08.04.2020 18:33:56, поток 1] [DEBUG] Сменили прокси.
[08.04.2020 18:33:56, поток 1] Парсим куки...
[08.04.2020 18:33:57, поток 1] Спарсили куки
[08.04.2020 18:33:57, поток 1] Получили куки...
[08.04.2020 18:33:57, поток 1] Начинаем парсинг...
[08.04.2020 18:33:57, поток 1] [DEBUG] Сменили прокси.
[08.04.2020 18:33:58, поток 0] [DEBUG] Сменили прокси.
[08.04.2020 18:36:27, поток 0] Парсим куки...
[08.04.2020 18:36:27, поток 1] Парсим куки...
[08.04.2020 18:36:28, поток 2] Парсим куки...
[08.04.2020 18:36:28, поток 2] Спарсили куки
[08.04.2020 18:36:28, поток 2] Получили куки...
[08.04.2020 18:36:28, поток 2] Начинаем парсинг...
[08.04.2020 18:36:29, поток 0] Спарсили куки
[08.04.2020 18:36:29, поток 0] Получили куки...
[08.04.2020 18:36:29, поток 0] Начинаем парсинг...
[08.04.2020 18:36:29, поток 1] Спарсили куки
[08.04.2020 18:36:29, поток 1] Получили куки...
[08.04.2020 18:36:29, поток 1] Начинаем парсинг...
[08.04.2020 18:59:33, поток 0] Парсим куки...
[08.04.2020 18:59:33, поток 1] Парсим куки...
[08.04.2020 18:59:33, поток 2] Парсим куки...
[08.04.2020 18:59:34, поток 2] Спарсили куки
[08.04.2020 18:59:34, поток 2] Получили куки...
[08.04.2020 18:59:34, поток 2] Начинаем парсинг...
[08.04.2020 18:59:35, поток 1] Спарсили куки
[08.04.2020 18:59:35, поток 1] Получили куки...
[08.04.2020 18:59:35, поток 1] Начинаем парсинг...
[08.04.2020 18:59:36, поток 0] Спарсили куки
[08.04.2020 18:59:36, поток 0] Получили куки...
[08.04.2020 18:59:36, поток 0] Начинаем парсинг...
[08.04.2020 18:59:48, поток 0] Парсим куки...
[08.04.2020 18:59:49, поток 1] Парсим куки...
[08.04.2020 18:59:49, поток 2] Парсим куки...
[08.04.2020 18:59:50, поток 2] Спарсили куки
[08.04.2020 18:59:50, поток 2] Получили куки...
[08.04.2020 18:59:50, поток 2] Начинаем парсинг...
[08.04.2020 18:59:50, поток 1] Спарсили куки
[08.04.2020 18:59:50, поток 1] Получили куки...
[08.04.2020 18:59:50, поток 1] Начинаем парсинг...
[08.04.2020 18:59:51, поток 0] Спарсили куки
[08.04.2020 18:59:51, поток 0] Получили куки...
[08.04.2020 18:59:51, поток 0] Начинаем парсинг...
[08.04.2020 19:01:49, поток 0] Парсим куки...
[08.04.2020 19:01:49, поток 1] Парсим куки...
[08.04.2020 19:01:49, поток 2] Парсим куки...
[08.04.2020 19:01:50, поток 2] Спарсили куки
[08.04.2020 19:01:50, поток 2] Получили куки...
[08.04.2020 19:01:50, поток 2] Начинаем парсинг...
[08.04.2020 19:01:51, поток 1] Спарсили куки
[08.04.2020 19:01:51, поток 1] Получили куки...
[08.04.2020 19:01:51, поток 1] Начинаем парсинг...
[08.04.2020 19:01:51, поток 0] Спарсили куки
[08.04.2020 19:01:51, поток 0] Получили куки...
[08.04.2020 19:01:51, поток 0] Начинаем парсинг...
[08.04.2020 19:02:03, поток 0] Парсим куки...
[08.04.2020 19:02:03, поток 1] Парсим куки...
[08.04.2020 19:02:04, поток 2] Парсим куки...
[08.04.2020 19:02:04, поток 0] Спарсили куки
[08.04.2020 19:02:04, поток 0] Получили куки...
[08.04.2020 19:02:04, поток 0] Начинаем парсинг...
[08.04.2020 19:02:04, поток 2] Спарсили куки
[08.04.2020 19:02:04, поток 2] Получили куки...
[08.04.2020 19:02:04, поток 2] Начинаем парсинг...
[08.04.2020 19:02:04, поток 1] Спарсили куки
[08.04.2020 19:02:04, поток 1] Получили куки...
[08.04.2020 19:02:04, поток 1] Начинаем парсинг...
[08.04.2020 19:02:13, поток 0] Парсим куки...
[08.04.2020 19:02:13, поток 1] Парсим куки...
[08.04.2020 19:02:13, поток 2] Парсим куки...
[08.04.2020 19:02:14, поток 0] Спарсили куки
[08.04.2020 19:02:14, поток 0] Получили куки...
[08.04.2020 19:02:14, поток 0] Начинаем парсинг...
[08.04.2020 19:02:14, поток 2] Спарсили куки
[08.04.2020 19:02:14, поток 2] Получили куки...
[08.04.2020 19:02:14, поток 2] Начинаем парсинг...
[08.04.2020 19:02:14, поток 1] Спарсили куки
[08.04.2020 19:02:14, поток 1] Получили куки...
[08.04.2020 19:02:14, поток 1] Начинаем парсинг...
[08.04.2020 19:02:16, поток 2] (Ошибка) Текст ошибки: System.NullReferenceException: Ссылка на объект не указывает на экземпляр объекта.
   в InstaDirectMessage_ButDev.InstagramHashtagsParser.GetData(String cookie) в D:\MaXiMAA\MaXiMAAOld\C#Готово\KWORK\InstaDirectMessage_ButDev\InstaDirectMessage_ButDev\InstagramHashtagsParser.cs:строка 172
[08.04.2020 19:02:16, поток 2] [DEBUG] Сменили прокси.
[08.04.2020 19:02:16, поток 2] Парсим куки...
[08.04.2020 19:02:16, поток 2] Спарсили куки
[08.04.2020 19:02:16, поток 2] Получили куки...
[08.04.2020 19:02:16, поток 2] Начинаем парсинг...
