[16.04.2020 12:21:00, поток 0] Парсим куки...
[16.04.2020 12:21:02, поток 0] Спарсили куки
[16.04.2020 12:21:02, поток 0] Получили куки...
[16.04.2020 12:21:15, поток 0] Начинаем парсинг...
[16.04.2020 12:40:32, поток 0] Парсим куки...
[16.04.2020 12:40:33, поток 0] Спарсили куки
[16.04.2020 12:40:33, поток 0] Получили куки...
[16.04.2020 12:40:39, поток 0] Начинаем парсинг...
[16.04.2020 12:49:26, поток 0] Парсим куки...
[16.04.2020 12:49:27, поток 0] Спарсили куки
[16.04.2020 12:49:27, поток 0] Получили куки...
[16.04.2020 12:49:30, поток 0] (Ошибка) Текст ошибки: System.NullReferenceException: Ссылка на объект не указывает на экземпляр объекта.
   в InstaDirectMessage_ButDev.InstagramGeoParser.GetMediaID(String cookie) в D:\MaXiMAA\MaXiMAAOld\C#Готово\KWORK\InstaDirectMessage_ButDev\InstaDirectMessage_ButDev\InstagramGeoParser.cs:строка 229
[16.04.2020 12:49:30, поток 0] [DEBUG] Сменили прокси.
[16.04.2020 12:49:30, поток 0] Парсим куки...
[16.04.2020 12:49:31, поток 0] Спарсили куки
[16.04.2020 12:49:31, поток 0] Получили куки...
[16.04.2020 12:49:33, поток 0] (Ошибка) Текст ошибки: System.NullReferenceException: Ссылка на объект не указывает на экземпляр объекта.
   в InstaDirectMessage_ButDev.InstagramGeoParser.GetMediaID(String cookie) в D:\MaXiMAA\MaXiMAAOld\C#Готово\KWORK\InstaDirectMessage_ButDev\InstaDirectMessage_ButDev\InstagramGeoParser.cs:строка 229
[16.04.2020 12:49:33, поток 0] [DEBUG] Сменили прокси.
[16.04.2020 12:49:33, поток 0] Парсим куки...
[16.04.2020 12:49:33, поток 0] [DEBUG] Сменили прокси.
[16.04.2020 12:51:39, поток 0] Парсим куки...
[16.04.2020 12:51:41, поток 0] Спарсили куки
[16.04.2020 12:51:41, поток 0] Получили куки...
[16.04.2020 12:51:50, поток 0] Начинаем парсинг...
[16.04.2020 12:53:45, поток 0] Парсим куки...
[16.04.2020 12:53:46, поток 0] Спарсили куки
[16.04.2020 12:53:46, поток 0] Получили куки...
[16.04.2020 12:53:55, поток 0] Начинаем парсинг...
[16.04.2020 12:55:29, поток 0] Спарсили часть...
[16.04.2020 12:56:33, поток 0] Спарсили часть...
[16.04.2020 12:57:25, поток 0] Спарсили часть...
[16.04.2020 12:57:25, поток 0] Парсинг геопозиции "Минск" закончен!
[16.04.2020 13:23:35, поток 0] Парсим куки...
[16.04.2020 13:23:38, поток 0] Спарсили куки
[16.04.2020 13:23:38, поток 0] Получили куки...
[16.04.2020 13:26:48, поток 0] Начинаем парсинг...
[16.04.2020 13:28:35, поток 0] Спарсили часть...
[16.04.2020 13:29:28, поток 0] Спарсили часть...
[16.04.2020 13:30:22, поток 0] Спарсили часть...
[16.04.2020 13:30:22, поток 0] Парсинг геопозиции "Minsk" закончен!
[16.04.2020 14:03:26, поток 0] Парсим куки...
[16.04.2020 14:03:28, поток 0] Спарсили куки
[16.04.2020 14:03:28, поток 0] Получили куки...
[16.04.2020 14:03:51, поток 0] Начинаем парсинг...
[16.04.2020 14:06:23, поток 0] Спарсили часть...
[16.04.2020 14:07:16, поток 0] Спарсили часть...
[16.04.2020 14:09:29, поток 0] (Ошибка) Текст ошибки: xNet.HttpException: Не удалось соединиться с HTTP-сервером 'i.instagram.com'. ---> xNet.ProxyException: Вышло время ожидания данных от прокси-сервера '51.38.22.57:8068'.
   в xNet.HttpProxyClient.WaitData(NetworkStream nStream)
   в xNet.HttpProxyClient.ReceiveResponse(NetworkStream nStream)
   в xNet.HttpProxyClient.CreateConnection(String destinationHost, Int32 destinationPort, TcpClient tcpClient)
   в xNet.HttpRequest.CreateTcpConnection(String host, Int32 port)
   --- Конец трассировки внутреннего стека исключений ---
   в xNet.HttpRequest.CreateTcpConnection(String host, Int32 port)
   в xNet.HttpRequest.CreateConnection(Uri address)
   в xNet.HttpRequest.TryCreateConnectionOrUseExisting(Uri address, Uri previousAddress)
   в xNet.HttpRequest.Request(HttpMethod method, Uri address, HttpContent content)
   в xNet.HttpRequest.Raw(HttpMethod method, Uri address, HttpContent content)
   в xNet.HttpRequest.Raw(HttpMethod method, String address, HttpContent content)
   в xNet.HttpRequest.Get(String address, RequestParams urlParams)
   в InstaDirectMessage_ButDev.InstagramGeoParser.GetNicknameByID(String id) в D:\MaXiMAA\MaXiMAAOld\C#Готово\KWORK\InstaDirectMessage_ButDev\InstaDirectMessage_ButDev\InstagramGeoParser.cs:строка 64
   в InstaDirectMessage_ButDev.InstagramGeoParser.DoResult(String s) в D:\MaXiMAA\MaXiMAAOld\C#Готово\KWORK\InstaDirectMessage_ButDev\InstaDirectMessage_ButDev\InstagramGeoParser.cs:строка 30
   в InstaDirectMessage_ButDev.InstagramGeoParser.GetData(String cookie) в D:\MaXiMAA\MaXiMAAOld\C#Готово\KWORK\InstaDirectMessage_ButDev\InstaDirectMessage_ButDev\InstagramGeoParser.cs:строка 358
[16.04.2020 14:09:29, поток 0] Спарсили часть...
[16.04.2020 14:09:29, поток 0] [DEBUG] Сменили прокси.
[16.04.2020 14:09:29, поток 0] Что-то не так, пытаемся спарсить снова.
[16.04.2020 14:09:29, поток 0] Парсим куки...
[16.04.2020 14:09:30, поток 0] Спарсили куки
[16.04.2020 14:09:30, поток 0] Получили куки...
