[26.07.2020 17:27:53, поток 0] [DEBUG] Start...
[26.07.2020 17:27:53, поток 0] Берём заданные куки...
[26.07.2020 17:27:54, поток 1] [DEBUG] Start...
[26.07.2020 17:27:54, поток 1] Берём заданные куки...
[26.07.2020 17:27:54, поток 5] [DEBUG] Start...
[26.07.2020 17:27:54, поток 5] Берём заданные куки...
[26.07.2020 17:27:54, поток 3] [DEBUG] Start...
[26.07.2020 17:27:54, поток 7] [DEBUG] Start...
[26.07.2020 17:27:54, поток 3] Берём заданные куки...
[26.07.2020 17:27:54, поток 4] Берём заданные куки...
[26.07.2020 17:27:55, поток 8] [DEBUG] Start...
[26.07.2020 17:27:55, поток 8] Берём заданные куки...
[26.07.2020 17:27:56, поток 9] [DEBUG] Start...
[26.07.2020 17:27:56, поток 9] Берём заданные куки...
[26.07.2020 17:28:58, поток 3] HTML: xNet.HttpException: Не удалось соединиться с HTTP-сервером 'www.instagram.com'. ---> xNet.ProxyException: Вышло время ожидания данных от прокси-сервера '185.86.151.217:8167'.
   в xNet.HttpProxyClient.WaitData(NetworkStream nStream)
   в xNet.HttpProxyClient.ReceiveResponse(NetworkStream nStream)
   в xNet.HttpProxyClient.CreateConnection(String destinationHost, Int32 destinationPort, TcpClient tcpClient)
   в xNet.HttpRequest.CreateTcpConnection(String host, Int32 port)
   --- Конец трассировки внутреннего стека исключений ---
   в xNet.HttpRequest.CreateTcpConnection(String host, Int32 port)
   в xNet.HttpRequest.CreateConnection(Uri address)
   в xNet.HttpRequest.TryCreateConnectionOrUseExisting(Uri address, Uri previousAddress)
   в xNet.HttpRequest.Request(HttpMethod method, Uri address, HttpContent content)
   в xNet.HttpRequest.Raw(HttpMethod method, Uri address, HttpContent content)
   в xNet.HttpRequest.Raw(HttpMethod method, String address, HttpContent content)
   в InstaDirectMessage_ButDev.InstagramDirectMessage.DoWorkPost(String postlink, WebProxy proxy, String UserAgent, String cookie) в D:\MaXiMAA\MaXiMAAOld\C#Готово\KWORK\InstaDirectMessage_ButDev\InstaDirectMessage_ButDev\InstagramDirectMessage.cs:строка 410
[26.07.2020 17:28:58, поток 6] HTML: xNet.HttpException: Не удалось соединиться с HTTP-сервером 'www.instagram.com'. ---> xNet.ProxyException: Вышло время ожидания данных от прокси-сервера '185.86.151.217:8113'.
   в xNet.HttpProxyClient.WaitData(NetworkStream nStream)
   в xNet.HttpProxyClient.ReceiveResponse(NetworkStream nStream)
   в xNet.HttpProxyClient.CreateConnection(String destinationHost, Int32 destinationPort, TcpClient tcpClient)
   в xNet.HttpRequest.CreateTcpConnection(String host, Int32 port)
   --- Конец трассировки внутреннего стека исключений ---
   в xNet.HttpRequest.CreateTcpConnection(String host, Int32 port)
   в xNet.HttpRequest.CreateConnection(Uri address)
   в xNet.HttpRequest.TryCreateConnectionOrUseExisting(Uri address, Uri previousAddress)
   в xNet.HttpRequest.Request(HttpMethod method, Uri address, HttpContent content)
   в xNet.HttpRequest.Raw(HttpMethod method, Uri address, HttpContent content)
   в xNet.HttpRequest.Raw(HttpMethod method, String address, HttpContent content)
   в InstaDirectMessage_ButDev.InstagramDirectMessage.DoWorkPost(String postlink, WebProxy proxy, String UserAgent, String cookie) в D:\MaXiMAA\MaXiMAAOld\C#Готово\KWORK\InstaDirectMessage_ButDev\InstaDirectMessage_ButDev\InstagramDirectMessage.cs:строка 410
[26.07.2020 17:28:58, поток 5] HTML: xNet.HttpException: Не удалось соединиться с HTTP-сервером 'www.instagram.com'. ---> xNet.ProxyException: Вышло время ожидания данных от прокси-сервера '185.86.151.217:8167'.
   в xNet.HttpProxyClient.WaitData(NetworkStream nStream)
   в xNet.HttpProxyClient.ReceiveResponse(NetworkStream nStream)
   в xNet.HttpProxyClient.CreateConnection(String destinationHost, Int32 destinationPort, TcpClient tcpClient)
   в xNet.HttpRequest.CreateTcpConnection(String host, Int32 port)
   --- Конец трассировки внутреннего стека исключений ---
   в xNet.HttpRequest.CreateTcpConnection(String host, Int32 port)
   в xNet.HttpRequest.CreateConnection(Uri address)
   в xNet.HttpRequest.TryCreateConnectionOrUseExisting(Uri address, Uri previousAddress)
   в xNet.HttpRequest.Request(HttpMethod method, Uri address, HttpContent content)
   в xNet.HttpRequest.Raw(HttpMethod method, Uri address, HttpContent content)
   в xNet.HttpRequest.Raw(HttpMethod method, String address, HttpContent content)
   в InstaDirectMessage_ButDev.InstagramDirectMessage.DoWorkPost(String postlink, WebProxy proxy, String UserAgent, String cookie) в D:\MaXiMAA\MaXiMAAOld\C#Готово\KWORK\InstaDirectMessage_ButDev\InstaDirectMessage_ButDev\InstagramDirectMessage.cs:строка 410
[26.07.2020 17:28:58, поток 7] HTML: xNet.HttpException: Не удалось соединиться с HTTP-сервером 'www.instagram.com'. ---> xNet.ProxyException: Вышло время ожидания данных от прокси-сервера '185.86.151.217:8167'.
   в xNet.HttpProxyClient.WaitData(NetworkStream nStream)
   в xNet.HttpProxyClient.ReceiveResponse(NetworkStream nStream)
   в xNet.HttpProxyClient.CreateConnection(String destinationHost, Int32 destinationPort, TcpClient tcpClient)
   в xNet.HttpRequest.CreateTcpConnection(String host, Int32 port)
   --- Конец трассировки внутреннего стека исключений ---
   в xNet.HttpRequest.CreateTcpConnection(String host, Int32 port)
   в xNet.HttpRequest.CreateConnection(Uri address)
   в xNet.HttpRequest.TryCreateConnectionOrUseExisting(Uri address, Uri previousAddress)
   в xNet.HttpRequest.Request(HttpMethod method, Uri address, HttpContent content)
   в xNet.HttpRequest.Raw(HttpMethod method, Uri address, HttpContent content)
   в xNet.HttpRequest.Raw(HttpMethod method, String address, HttpContent content)
   в InstaDirectMessage_ButDev.InstagramDirectMessage.DoWorkPost(String postlink, WebProxy proxy, String UserAgent, String cookie) в D:\MaXiMAA\MaXiMAAOld\C#Готово\KWORK\InstaDirectMessage_ButDev\InstaDirectMessage_ButDev\InstagramDirectMessage.cs:строка 410
[26.07.2020 17:28:58, поток 0] HTML: xNet.HttpException: Не удалось соединиться с HTTP-сервером 'www.instagram.com'. ---> xNet.ProxyException: Вышло время ожидания данных от прокси-сервера '185.86.151.217:8112'.
   в xNet.HttpProxyClient.WaitData(NetworkStream nStream)
   в xNet.HttpProxyClient.ReceiveResponse(NetworkStream nStream)
   в xNet.HttpProxyClient.CreateConnection(String destinationHost, Int32 destinationPort, TcpClient tcpClient)
   в xNet.HttpRequest.CreateTcpConnection(String host, Int32 port)
   --- Конец трассировки внутреннего стека исключений ---
   в xNet.HttpRequest.CreateTcpConnection(String host, Int32 port)
   в xNet.HttpRequest.CreateConnection(Uri address)
   в xNet.HttpRequest.TryCreateConnectionOrUseExisting(Uri address, Uri previousAddress)
   в xNet.HttpRequest.Request(HttpMethod method, Uri address, HttpContent content)
   в xNet.HttpRequest.Raw(HttpMethod method, Uri address, HttpContent content)
   в xNet.HttpRequest.Raw(HttpMethod method, String address, HttpContent content)
   в InstaDirectMessage_ButDev.InstagramDirectMessage.DoWorkPost(String postlink, WebProxy proxy, String UserAgent, String cookie) в D:\MaXiMAA\MaXiMAAOld\C#Готово\KWORK\InstaDirectMessage_ButDev\InstaDirectMessage_ButDev\InstagramDirectMessage.cs:строка 410
[26.07.2020 17:28:58, поток 2] (Ошибка) Текст ошибки: System.NullReferenceException: Ссылка на объект не указывает на экземпляр объекта.
   в InstaDirectMessage_ButDev.InstagramDirectMessage.DoWorkPost(String postlink, WebProxy proxy, String UserAgent, String cookie) в D:\MaXiMAA\MaXiMAAOld\C#Готово\KWORK\InstaDirectMessage_ButDev\InstaDirectMessage_ButDev\InstagramDirectMessage.cs:строка 428
[26.07.2020 17:28:58, поток 6] (Ошибка) Текст ошибки: System.NullReferenceException: Ссылка на объект не указывает на экземпляр объекта.
   в InstaDirectMessage_ButDev.InstagramDirectMessage.DoWorkPost(String postlink, WebProxy proxy, String UserAgent, String cookie) в D:\MaXiMAA\MaXiMAAOld\C#Готово\KWORK\InstaDirectMessage_ButDev\InstaDirectMessage_ButDev\InstagramDirectMessage.cs:строка 428
[26.07.2020 17:28:58, поток 2] [Ошибка] Что-то не так. Переделываем.
[26.07.2020 17:28:58, поток 6] [Ошибка] Что-то не так. Переделываем.
[26.07.2020 17:28:58, поток 7] [Ошибка] Что-то не так. Переделываем.
[26.07.2020 17:28:58, поток 4] [Ошибка] Что-то не так. Переделываем.
[26.07.2020 17:28:58, поток 0] (Ошибка) Текст ошибки: System.NullReferenceException: Ссылка на объект не указывает на экземпляр объекта.
   в InstaDirectMessage_ButDev.InstagramDirectMessage.DoWorkPost(String postlink, WebProxy proxy, String UserAgent, String cookie) в D:\MaXiMAA\MaXiMAAOld\C#Готово\KWORK\InstaDirectMessage_ButDev\InstaDirectMessage_ButDev\InstagramDirectMessage.cs:строка 428
[26.07.2020 17:28:58, поток 0] [Ошибка] Что-то не так. Переделываем.
[26.07.2020 17:28:58, поток 5] [Ошибка] Что-то не так. Переделываем.
[26.07.2020 17:28:59, поток 8] HTML: xNet.HttpException: Не удалось соединиться с HTTP-сервером 'www.instagram.com'. ---> xNet.ProxyException: Вышло время ожидания данных от прокси-сервера '185.86.151.217:8113'.
   в xNet.HttpProxyClient.WaitData(NetworkStream nStream)
   в xNet.HttpProxyClient.ReceiveResponse(NetworkStream nStream)
   в xNet.HttpProxyClient.CreateConnection(String destinationHost, Int32 destinationPort, TcpClient tcpClient)
   в xNet.HttpRequest.CreateTcpConnection(String host, Int32 port)
   --- Конец трассировки внутреннего стека исключений ---
   в xNet.HttpRequest.CreateTcpConnection(String host, Int32 port)
   в xNet.HttpRequest.CreateConnection(Uri address)
   в xNet.HttpRequest.TryCreateConnectionOrUseExisting(Uri address, Uri previousAddress)
   в xNet.HttpRequest.Request(HttpMethod method, Uri address, HttpContent content)
   в xNet.HttpRequest.Raw(HttpMethod method, Uri address, HttpContent content)
   в xNet.HttpRequest.Raw(HttpMethod method, String address, HttpContent content)
   в InstaDirectMessage_ButDev.InstagramDirectMessage.DoWorkPost(String postlink, WebProxy proxy, String UserAgent, String cookie) в D:\MaXiMAA\MaXiMAAOld\C#Готово\KWORK\InstaDirectMessage_ButDev\InstaDirectMessage_ButDev\InstagramDirectMessage.cs:строка 410
[26.07.2020 17:28:59, поток 8] (Ошибка) Текст ошибки: System.NullReferenceException: Ссылка на объект не указывает на экземпляр объекта.
   в InstaDirectMessage_ButDev.InstagramDirectMessage.DoWorkPost(String postlink, WebProxy proxy, String UserAgent, String cookie) в D:\MaXiMAA\MaXiMAAOld\C#Готово\KWORK\InstaDirectMessage_ButDev\InstaDirectMessage_ButDev\InstagramDirectMessage.cs:строка 428
[26.07.2020 17:28:59, поток 8] [Ошибка] Что-то не так. Переделываем.
[26.07.2020 17:29:00, поток 9] HTML: xNet.HttpException: Не удалось соединиться с HTTP-сервером 'www.instagram.com'. ---> xNet.ProxyException: Вышло время ожидания данных от прокси-сервера '185.86.151.217:8113'.
   в xNet.HttpProxyClient.WaitData(NetworkStream nStream)
   в xNet.HttpProxyClient.ReceiveResponse(NetworkStream nStream)
   в xNet.HttpProxyClient.CreateConnection(String destinationHost, Int32 destinationPort, TcpClient tcpClient)
   в xNet.HttpRequest.CreateTcpConnection(String host, Int32 port)
   --- Конец трассировки внутреннего стека исключений ---
   в xNet.HttpRequest.CreateTcpConnection(String host, Int32 port)
   в xNet.HttpRequest.CreateConnection(Uri address)
   в xNet.HttpRequest.TryCreateConnectionOrUseExisting(Uri address, Uri previousAddress)
   в xNet.HttpRequest.Request(HttpMethod method, Uri address, HttpContent content)
   в xNet.HttpRequest.Raw(HttpMethod method, Uri address, HttpContent content)
   в xNet.HttpRequest.Raw(HttpMethod method, String address, HttpContent content)
   в InstaDirectMessage_ButDev.InstagramDirectMessage.DoWorkPost(String postlink, WebProxy proxy, String UserAgent, String cookie) в D:\MaXiMAA\MaXiMAAOld\C#Готово\KWORK\InstaDirectMessage_ButDev\InstaDirectMessage_ButDev\InstagramDirectMessage.cs:строка 410
[26.07.2020 17:29:00, поток 9] (Ошибка) Текст ошибки: System.NullReferenceException: Ссылка на объект не указывает на экземпляр объекта.
   в InstaDirectMessage_ButDev.InstagramDirectMessage.DoWorkPost(String postlink, WebProxy proxy, String UserAgent, String cookie) в D:\MaXiMAA\MaXiMAAOld\C#Готово\KWORK\InstaDirectMessage_ButDev\InstaDirectMessage_ButDev\InstagramDirectMessage.cs:строка 428
[26.07.2020 17:29:00, поток 9] [Ошибка] Что-то не так. Переделываем.
[26.07.2020 17:30:03, поток 1] [DEBUG, ERROR] xNet.HttpException: Не удалось соединиться с HTTP-сервером 'www.instagram.com'. ---> xNet.ProxyException: Вышло время ожидания данных от прокси-сервера '185.86.151.217:8167'.
   в xNet.HttpProxyClient.WaitData(NetworkStream nStream)
   в xNet.HttpProxyClient.ReceiveResponse(NetworkStream nStream)
   в xNet.HttpProxyClient.CreateConnection(String destinationHost, Int32 destinationPort, TcpClient tcpClient)
   в xNet.HttpRequest.CreateTcpConnection(String host, Int32 port)
   --- Конец трассировки внутреннего стека исключений ---
   в xNet.HttpRequest.CreateTcpConnection(String host, Int32 port)
   в xNet.HttpRequest.CreateConnection(Uri address)
   в xNet.HttpRequest.TryCreateConnectionOrUseExisting(Uri address, Uri previousAddress)
   в xNet.HttpRequest.Request(HttpMethod method, Uri address, HttpContent content)
   в xNet.HttpRequest.Raw(HttpMethod method, Uri address, HttpContent content)
   в xNet.HttpRequest.Raw(HttpMethod method, String address, HttpContent content)
   в InstaDirectMessage_ButDev.InstagramDirectMessage.GetCookie() в D:\MaXiMAA\MaXiMAAOld\C#Готово\KWORK\InstaDirectMessage_ButDev\InstaDirectMessage_ButDev\InstagramDirectMessage.cs:строка 67
   в InstaDirectMessage_ButDev.InstagramDirectMessage..ctor(String Mail, String password, String id, String cookies, String DEVICEID, String ADID, String GUID, String PHONE_ID, Int32 Index, String Time, Int32 tt, String type, String text, Int32 delay, String link, String postlink, String ua) в D:\MaXiMAA\MaXiMAAOld\C#Готово\KWORK\InstaDirectMessage_ButDev\InstaDirectMessage_ButDev\InstagramDirectMessage.cs:строка 197
[26.07.2020 17:30:03, поток 2] [DEBUG, ERROR] xNet.HttpException: Не удалось соединиться с HTTP-сервером 'www.instagram.com'. ---> xNet.ProxyException: Вышло время ожидания данных от прокси-сервера '185.86.151.217:8112'.
   в xNet.HttpProxyClient.WaitData(NetworkStream nStream)
   в xNet.HttpProxyClient.ReceiveResponse(NetworkStream nStream)
   в xNet.HttpProxyClient.CreateConnection(String destinationHost, Int32 destinationPort, TcpClient tcpClient)
   в xNet.HttpRequest.CreateTcpConnection(String host, Int32 port)
   --- Конец трассировки внутреннего стека исключений ---
   в xNet.HttpRequest.CreateTcpConnection(String host, Int32 port)
   в xNet.HttpRequest.CreateConnection(Uri address)
   в xNet.HttpRequest.TryCreateConnectionOrUseExisting(Uri address, Uri previousAddress)
   в xNet.HttpRequest.Request(HttpMethod method, Uri address, HttpContent content)
   в xNet.HttpRequest.Raw(HttpMethod method, Uri address, HttpContent content)
   в xNet.HttpRequest.Raw(HttpMethod method, String address, HttpContent content)
   в InstaDirectMessage_ButDev.InstagramDirectMessage.GetCookie() в D:\MaXiMAA\MaXiMAAOld\C#Готово\KWORK\InstaDirectMessage_ButDev\InstaDirectMessage_ButDev\InstagramDirectMessage.cs:строка 67
   в InstaDirectMessage_ButDev.InstagramDirectMessage..ctor(String Mail, String password, String id, String cookies, String DEVICEID, String ADID, String GUID, String PHONE_ID, Int32 Index, String Time, Int32 tt, String type, String text, Int32 delay, String link, String postlink, String ua) в D:\MaXiMAA\MaXiMAAOld\C#Готово\KWORK\InstaDirectMessage_ButDev\InstaDirectMessage_ButDev\InstagramDirectMessage.cs:строка 197
[26.07.2020 17:30:03, поток 7] [DEBUG, ERROR] xNet.HttpException: Не удалось соединиться с HTTP-сервером 'www.instagram.com'. ---> xNet.ProxyException: Вышло время ожидания данных от прокси-сервера '185.86.151.217:8167'.
   в xNet.HttpProxyClient.WaitData(NetworkStream nStream)
   в xNet.HttpProxyClient.ReceiveResponse(NetworkStream nStream)
   в xNet.HttpProxyClient.CreateConnection(String destinationHost, Int32 destinationPort, TcpClient tcpClient)
   в xNet.HttpRequest.CreateTcpConnection(String host, Int32 port)
   --- Конец трассировки внутреннего стека исключений ---
   в xNet.HttpRequest.CreateTcpConnection(String host, Int32 port)
   в xNet.HttpRequest.CreateConnection(Uri address)
   в xNet.HttpRequest.TryCreateConnectionOrUseExisting(Uri address, Uri previousAddress)
   в xNet.HttpRequest.Request(HttpMethod method, Uri address, HttpContent content)
   в xNet.HttpRequest.Raw(HttpMethod method, Uri address, HttpContent content)
   в xNet.HttpRequest.Raw(HttpMethod method, String address, HttpContent content)
   в InstaDirectMessage_ButDev.InstagramDirectMessage.GetCookie() в D:\MaXiMAA\MaXiMAAOld\C#Готово\KWORK\InstaDirectMessage_ButDev\InstaDirectMessage_ButDev\InstagramDirectMessage.cs:строка 67
   в InstaDirectMessage_ButDev.InstagramDirectMessage..ctor(String Mail, String password, String id, String cookies, String DEVICEID, String ADID, String GUID, String PHONE_ID, Int32 Index, String Time, Int32 tt, String type, String text, Int32 delay, String link, String postlink, String ua) в D:\MaXiMAA\MaXiMAAOld\C#Готово\KWORK\InstaDirectMessage_ButDev\InstaDirectMessage_ButDev\InstagramDirectMessage.cs:строка 197
[26.07.2020 17:30:03, поток 7] [DEBUG] Сменили прокси.
[26.07.2020 17:30:03, поток 3] [DEBUG, ERROR] xNet.HttpException: Не удалось соединиться с HTTP-сервером 'www.instagram.com'. ---> xNet.ProxyException: Вышло время ожидания данных от прокси-сервера '185.86.151.217:8167'.
   в xNet.HttpProxyClient.WaitData(NetworkStream nStream)
   в xNet.HttpProxyClient.ReceiveResponse(NetworkStream nStream)
   в xNet.HttpProxyClient.CreateConnection(String destinationHost, Int32 destinationPort, TcpClient tcpClient)
   в xNet.HttpRequest.CreateTcpConnection(String host, Int32 port)
   --- Конец трассировки внутреннего стека исключений ---
   в xNet.HttpRequest.CreateTcpConnection(String host, Int32 port)
   в xNet.HttpRequest.CreateConnection(Uri address)
   в xNet.HttpRequest.TryCreateConnectionOrUseExisting(Uri address, Uri previousAddress)
   в xNet.HttpRequest.Request(HttpMethod method, Uri address, HttpContent content)
   в xNet.HttpRequest.Raw(HttpMethod method, Uri address, HttpContent content)
   в xNet.HttpRequest.Raw(HttpMethod method, String address, HttpContent content)
   в InstaDirectMessage_ButDev.InstagramDirectMessage.GetCookie() в D:\MaXiMAA\MaXiMAAOld\C#Готово\KWORK\InstaDirectMessage_ButDev\InstaDirectMessage_ButDev\InstagramDirectMessage.cs:строка 67
   в InstaDirectMessage_ButDev.InstagramDirectMessage..ctor(String Mail, String password, String id, String cookies, String DEVICEID, String ADID, String GUID, String PHONE_ID, Int32 Index, String Time, Int32 tt, String type, String text, Int32 delay, String link, String postlink, String ua) в D:\MaXiMAA\MaXiMAAOld\C#Готово\KWORK\InstaDirectMessage_ButDev\InstaDirectMessage_ButDev\InstagramDirectMessage.cs:строка 197
[26.07.2020 17:30:03, поток 2] [DEBUG] Сменили прокси.
[26.07.2020 17:30:03, поток 3] [DEBUG] Сменили прокси.
[26.07.2020 17:30:03, поток 5] [DEBUG] Сменили прокси.
[26.07.2020 17:30:03, поток 6] [DEBUG] Сменили прокси.
[26.07.2020 17:30:04, поток 8] [DEBUG, ERROR] xNet.HttpException: Не удалось соединиться с HTTP-сервером 'www.instagram.com'. ---> xNet.ProxyException: Вышло время ожидания данных от прокси-сервера '185.86.151.217:8113'.
   в xNet.HttpProxyClient.WaitData(NetworkStream nStream)
   в xNet.HttpProxyClient.ReceiveResponse(NetworkStream nStream)
   в xNet.HttpProxyClient.CreateConnection(String destinationHost, Int32 destinationPort, TcpClient tcpClient)
   в xNet.HttpRequest.CreateTcpConnection(String host, Int32 port)
   --- Конец трассировки внутреннего стека исключений ---
   в xNet.HttpRequest.CreateTcpConnection(String host, Int32 port)
   в xNet.HttpRequest.CreateConnection(Uri address)
   в xNet.HttpRequest.TryCreateConnectionOrUseExisting(Uri address, Uri previousAddress)
   в xNet.HttpRequest.Request(HttpMethod method, Uri address, HttpContent content)
   в xNet.HttpRequest.Raw(HttpMethod method, Uri address, HttpContent content)
   в xNet.HttpRequest.Raw(HttpMethod method, String address, HttpContent content)
   в InstaDirectMessage_ButDev.InstagramDirectMessage.GetCookie() в D:\MaXiMAA\MaXiMAAOld\C#Готово\KWORK\InstaDirectMessage_ButDev\InstaDirectMessage_ButDev\InstagramDirectMessage.cs:строка 67
   в InstaDirectMessage_ButDev.InstagramDirectMessage..ctor(String Mail, String password, String id, String cookies, String DEVICEID, String ADID, String GUID, String PHONE_ID, Int32 Index, String Time, Int32 tt, String type, String text, Int32 delay, String link, String postlink, String ua) в D:\MaXiMAA\MaXiMAAOld\C#Готово\KWORK\InstaDirectMessage_ButDev\InstaDirectMessage_ButDev\InstagramDirectMessage.cs:строка 197
[26.07.2020 17:30:04, поток 8] [DEBUG] Сменили прокси.
[26.07.2020 17:30:05, поток 9] [DEBUG, ERROR] xNet.HttpException: Не удалось соединиться с HTTP-сервером 'www.instagram.com'. ---> xNet.ProxyException: Вышло время ожидания данных от прокси-сервера '185.86.151.217:8113'.
   в xNet.HttpProxyClient.WaitData(NetworkStream nStream)
   в xNet.HttpProxyClient.ReceiveResponse(NetworkStream nStream)
   в xNet.HttpProxyClient.CreateConnection(String destinationHost, Int32 destinationPort, TcpClient tcpClient)
   в xNet.HttpRequest.CreateTcpConnection(String host, Int32 port)
   --- Конец трассировки внутреннего стека исключений ---
   в xNet.HttpRequest.CreateTcpConnection(String host, Int32 port)
   в xNet.HttpRequest.CreateConnection(Uri address)
   в xNet.HttpRequest.TryCreateConnectionOrUseExisting(Uri address, Uri previousAddress)
   в xNet.HttpRequest.Request(HttpMethod method, Uri address, HttpContent content)
   в xNet.HttpRequest.Raw(HttpMethod method, Uri address, HttpContent content)
   в xNet.HttpRequest.Raw(HttpMethod method, String address, HttpContent content)
   в InstaDirectMessage_ButDev.InstagramDirectMessage.GetCookie() в D:\MaXiMAA\MaXiMAAOld\C#Готово\KWORK\InstaDirectMessage_ButDev\InstaDirectMessage_ButDev\InstagramDirectMessage.cs:строка 67
   в InstaDirectMessage_ButDev.InstagramDirectMessage..ctor(String Mail, String password, String id, String cookies, String DEVICEID, String ADID, String GUID, String PHONE_ID, Int32 Index, String Time, Int32 tt, String type, String text, Int32 delay, String link, String postlink, String ua) в D:\MaXiMAA\MaXiMAAOld\C#Готово\KWORK\InstaDirectMessage_ButDev\InstaDirectMessage_ButDev\InstagramDirectMessage.cs:строка 197
[26.07.2020 17:30:05, поток 9] [DEBUG] Сменили прокси.
[26.07.2020 17:36:43, поток 7] [DEBUG] Start...
[26.07.2020 17:36:43, поток 7] Берём заданные куки...
[26.07.2020 17:36:43, поток 2] [DEBUG] Start...
[26.07.2020 17:36:43, поток 2] Берём заданные куки...
[26.07.2020 17:36:43, поток 3] [DEBUG] Start...
[26.07.2020 17:36:43, поток 3] Берём заданные куки...
[26.07.2020 17:36:43, поток 5] [DEBUG] Start...
[26.07.2020 17:36:43, поток 5] Берём заданные куки...
[26.07.2020 17:36:43, поток 1] [DEBUG] Start...
[26.07.2020 17:36:43, поток 1] Берём заданные куки...
[26.07.2020 17:36:43, поток 6] [DEBUG] Start...
[26.07.2020 17:36:43, поток 6] Берём заданные куки...
[26.07.2020 17:36:43, поток 4] [DEBUG] Start...
[26.07.2020 17:36:43, поток 4] Берём заданные куки...
[26.07.2020 17:36:43, поток 0] Берём заданные куки...
[26.07.2020 17:36:44, поток 8] [DEBUG] Start...
[26.07.2020 17:36:44, поток 8] Берём заданные куки...
[26.07.2020 17:36:45, поток 9] [DEBUG] Start...
[26.07.2020 17:36:45, поток 9] Берём заданные куки...
[26.07.2020 17:37:47, поток 7] HTML: xNet.HttpException: Не удалось соединиться с HTTP-сервером 'www.instagram.com'. ---> xNet.ProxyException: Вышло время ожидания данных от прокси-сервера '185.86.151.217:8110'.
   в xNet.HttpProxyClient.WaitData(NetworkStream nStream)
   в xNet.HttpProxyClient.ReceiveResponse(NetworkStream nStream)
   в xNet.HttpProxyClient.CreateConnection(String destinationHost, Int32 destinationPort, TcpClient tcpClient)
   в xNet.HttpRequest.CreateTcpConnection(String host, Int32 port)
   --- Конец трассировки внутреннего стека исключений ---
   в xNet.HttpRequest.CreateTcpConnection(String host, Int32 port)
   в xNet.HttpRequest.CreateConnection(Uri address)
   в xNet.HttpRequest.TryCreateConnectionOrUseExisting(Uri address, Uri previousAddress)
   в xNet.HttpRequest.Request(HttpMethod method, Uri address, HttpContent content)
   в xNet.HttpRequest.Raw(HttpMethod method, Uri address, HttpContent content)
   в xNet.HttpRequest.Raw(HttpMethod method, String address, HttpContent content)
   в InstaDirectMessage_ButDev.InstagramDirectMessage.DoWorkPost(String postlink, WebProxy proxy, String UserAgent, String cookie) в D:\MaXiMAA\MaXiMAAOld\C#Готово\KWORK\InstaDirectMessage_ButDev\InstaDirectMessage_ButDev\InstagramDirectMessage.cs:строка 410
[26.07.2020 17:37:47, поток 7] (Ошибка) Текст ошибки: System.NullReferenceException: Ссылка на объект не указывает на экземпляр объекта.
   в InstaDirectMessage_ButDev.InstagramDirectMessage.DoWorkPost(String postlink, WebProxy proxy, String UserAgent, String cookie) в D:\MaXiMAA\MaXiMAAOld\C#Готово\KWORK\InstaDirectMessage_ButDev\InstaDirectMessage_ButDev\InstagramDirectMessage.cs:строка 428
[26.07.2020 17:37:47, поток 7] [Ошибка] Что-то не так. Переделываем.
[26.07.2020 17:37:47, поток 2] HTML: xNet.HttpException: Не удалось соединиться с HTTP-сервером 'www.instagram.com'. ---> xNet.ProxyException: Вышло время ожидания данных от прокси-сервера '185.86.151.217:8167'.
   в xNet.HttpProxyClient.WaitData(NetworkStream nStream)
   в xNet.HttpProxyClient.ReceiveResponse(NetworkStream nStream)
   в xNet.HttpProxyClient.CreateConnection(String destinationHost, Int32 destinationPort, TcpClient tcpClient)
   в xNet.HttpRequest.CreateTcpConnection(String host, Int32 port)
   --- Конец трассировки внутреннего стека исключений ---
   в xNet.HttpRequest.CreateTcpConnection(String host, Int32 port)
   в xNet.HttpRequest.CreateConnection(Uri address)
   в xNet.HttpRequest.TryCreateConnectionOrUseExisting(Uri address, Uri previousAddress)
   в xNet.HttpRequest.Request(HttpMethod method, Uri address, HttpContent content)
   в xNet.HttpRequest.Raw(HttpMethod method, Uri address, HttpContent content)
   в xNet.HttpRequest.Raw(HttpMethod method, String address, HttpContent content)
   в InstaDirectMessage_ButDev.InstagramDirectMessage.DoWorkPost(String postlink, WebProxy proxy, String UserAgent, String cookie) в D:\MaXiMAA\MaXiMAAOld\C#Готово\KWORK\InstaDirectMessage_ButDev\InstaDirectMessage_ButDev\InstagramDirectMessage.cs:строка 410
[26.07.2020 17:37:47, поток 3] HTML: xNet.HttpException: Не удалось соединиться с HTTP-сервером 'www.instagram.com'. ---> xNet.ProxyException: Вышло время ожидания данных от прокси-сервера '185.86.151.217:8110'.
   в xNet.HttpProxyClient.WaitData(NetworkStream nStream)
   в xNet.HttpProxyClient.ReceiveResponse(NetworkStream nStream)
   в xNet.HttpProxyClient.CreateConnection(String destinationHost, Int32 destinationPort, TcpClient tcpClient)
   в xNet.HttpRequest.CreateTcpConnection(String host, Int32 port)
   --- Конец трассировки внутреннего стека исключений ---
   в xNet.HttpRequest.CreateTcpConnection(String host, Int32 port)
   в xNet.HttpRequest.CreateConnection(Uri address)
   в xNet.HttpRequest.TryCreateConnectionOrUseExisting(Uri address, Uri previousAddress)
   в xNet.HttpRequest.Request(HttpMethod method, Uri address, HttpContent content)
   в xNet.HttpRequest.Raw(HttpMethod method, Uri address, HttpContent content)
   в xNet.HttpRequest.Raw(HttpMethod method, String address, HttpContent content)
   в InstaDirectMessage_ButDev.InstagramDirectMessage.DoWorkPost(String postlink, WebProxy proxy, String UserAgent, String cookie) в D:\MaXiMAA\MaXiMAAOld\C#Готово\KWORK\InstaDirectMessage_ButDev\InstaDirectMessage_ButDev\InstagramDirectMessage.cs:строка 410
[26.07.2020 17:37:47, поток 2] (Ошибка) Текст ошибки: System.NullReferenceException: Ссылка на объект не указывает на экземпляр объекта.
   в InstaDirectMessage_ButDev.InstagramDirectMessage.DoWorkPost(String postlink, WebProxy proxy, String UserAgent, String cookie) в D:\MaXiMAA\MaXiMAAOld\C#Готово\KWORK\InstaDirectMessage_ButDev\InstaDirectMessage_ButDev\InstagramDirectMessage.cs:строка 428
[26.07.2020 17:37:47, поток 1] HTML: xNet.HttpException: Не удалось соединиться с HTTP-сервером 'www.instagram.com'. ---> xNet.ProxyException: Вышло время ожидания данных от прокси-сервера '185.86.151.217:8110'.
   в xNet.HttpProxyClient.WaitData(NetworkStream nStream)
   в xNet.HttpProxyClient.ReceiveResponse(NetworkStream nStream)
   в xNet.HttpProxyClient.CreateConnection(String destinationHost, Int32 destinationPort, TcpClient tcpClient)
   в xNet.HttpRequest.CreateTcpConnection(String host, Int32 port)
   --- Конец трассировки внутреннего стека исключений ---
   в xNet.HttpRequest.CreateTcpConnection(String host, Int32 port)
   в xNet.HttpRequest.CreateConnection(Uri address)
   в xNet.HttpRequest.TryCreateConnectionOrUseExisting(Uri address, Uri previousAddress)
   в xNet.HttpRequest.Request(HttpMethod method, Uri address, HttpContent content)
   в xNet.HttpRequest.Raw(HttpMethod method, Uri address, HttpContent content)
   в xNet.HttpRequest.Raw(HttpMethod method, String address, HttpContent content)
   в InstaDirectMessage_ButDev.InstagramDirectMessage.DoWorkPost(String postlink, WebProxy proxy, String UserAgent, String cookie) в D:\MaXiMAA\MaXiMAAOld\C#Готово\KWORK\InstaDirectMessage_ButDev\InstaDirectMessage_ButDev\InstagramDirectMessage.cs:строка 410
[26.07.2020 17:37:47, поток 2] [Ошибка] Что-то не так. Переделываем.
[26.07.2020 17:37:47, поток 6] HTML: xNet.HttpException: Не удалось соединиться с HTTP-сервером 'www.instagram.com'. ---> xNet.ProxyException: Вышло время ожидания данных от прокси-сервера '185.86.151.217:8112'.
   в xNet.HttpProxyClient.WaitData(NetworkStream nStream)
   в xNet.HttpProxyClient.ReceiveResponse(NetworkStream nStream)
   в xNet.HttpProxyClient.CreateConnection(String destinationHost, Int32 destinationPort, TcpClient tcpClient)
   в xNet.HttpRequest.CreateTcpConnection(String host, Int32 port)
   --- Конец трассировки внутреннего стека исключений ---
   в xNet.HttpRequest.CreateTcpConnection(String host, Int32 port)
   в xNet.HttpRequest.CreateConnection(Uri address)
   в xNet.HttpRequest.TryCreateConnectionOrUseExisting(Uri address, Uri previousAddress)
   в xNet.HttpRequest.Request(HttpMethod method, Uri address, HttpContent content)
   в xNet.HttpRequest.Raw(HttpMethod method, Uri address, HttpContent content)
   в xNet.HttpRequest.Raw(HttpMethod method, String address, HttpContent content)
   в InstaDirectMessage_ButDev.InstagramDirectMessage.DoWorkPost(String postlink, WebProxy proxy, String UserAgent, String cookie) в D:\MaXiMAA\MaXiMAAOld\C#Готово\KWORK\InstaDirectMessage_ButDev\InstaDirectMessage_ButDev\InstagramDirectMessage.cs:строка 410
[26.07.2020 17:37:47, поток 3] (Ошибка) Текст ошибки: System.NullReferenceException: Ссылка на объект не указывает на экземпляр объекта.
   в InstaDirectMessage_ButDev.InstagramDirectMessage.DoWorkPost(String postlink, WebProxy proxy, String UserAgent, String cookie) в D:\MaXiMAA\MaXiMAAOld\C#Готово\KWORK\InstaDirectMessage_ButDev\InstaDirectMessage_ButDev\InstagramDirectMessage.cs:строка 428
[26.07.2020 17:37:47, поток 5] HTML: xNet.HttpException: Не удалось соединиться с HTTP-сервером 'www.instagram.com'. ---> xNet.ProxyException: Вышло время ожидания данных от прокси-сервера '185.86.151.217:8110'.
   в xNet.HttpProxyClient.WaitData(NetworkStream nStream)
   в xNet.HttpProxyClient.ReceiveResponse(NetworkStream nStream)
   в xNet.HttpProxyClient.CreateConnection(String destinationHost, Int32 destinationPort, TcpClient tcpClient)
   в xNet.HttpRequest.CreateTcpConnection(String host, Int32 port)
   --- Конец трассировки внутреннего стека исключений ---
   в xNet.HttpRequest.CreateTcpConnection(String host, Int32 port)
   в xNet.HttpRequest.CreateConnection(Uri address)
   в xNet.HttpRequest.TryCreateConnectionOrUseExisting(Uri address, Uri previousAddress)
   в xNet.HttpRequest.Request(HttpMethod method, Uri address, HttpContent content)
   в xNet.HttpRequest.Raw(HttpMethod method, Uri address, HttpContent content)
   в xNet.HttpRequest.Raw(HttpMethod method, String address, HttpContent content)
   в InstaDirectMessage_ButDev.InstagramDirectMessage.DoWorkPost(String postlink, WebProxy proxy, String UserAgent, String cookie) в D:\MaXiMAA\MaXiMAAOld\C#Готово\KWORK\InstaDirectMessage_ButDev\InstaDirectMessage_ButDev\InstagramDirectMessage.cs:строка 410
[26.07.2020 17:37:47, поток 1] (Ошибка) Текст ошибки: System.NullReferenceException: Ссылка на объект не указывает на экземпляр объекта.
   в InstaDirectMessage_ButDev.InstagramDirectMessage.DoWorkPost(String postlink, WebProxy proxy, String UserAgent, String cookie) в D:\MaXiMAA\MaXiMAAOld\C#Готово\KWORK\InstaDirectMessage_ButDev\InstaDirectMessage_ButDev\InstagramDirectMessage.cs:строка 428
[26.07.2020 17:37:47, поток 1] [Ошибка] Что-то не так. Переделываем.
[26.07.2020 17:37:47, поток 0] HTML: xNet.HttpException: Не удалось соединиться с HTTP-сервером 'www.instagram.com'. ---> xNet.ProxyException: Вышло время ожидания данных от прокси-сервера '185.86.151.217:8167'.
   в xNet.HttpProxyClient.WaitData(NetworkStream nStream)
   в xNet.HttpProxyClient.ReceiveResponse(NetworkStream nStream)
   в xNet.HttpProxyClient.CreateConnection(String destinationHost, Int32 destinationPort, TcpClient tcpClient)
   в xNet.HttpRequest.CreateTcpConnection(String host, Int32 port)
   --- Конец трассировки внутреннего стека исключений ---
   в xNet.HttpRequest.CreateTcpConnection(String host, Int32 port)
   в xNet.HttpRequest.CreateConnection(Uri address)
   в xNet.HttpRequest.TryCreateConnectionOrUseExisting(Uri address, Uri previousAddress)
   в xNet.HttpRequest.Request(HttpMethod method, Uri address, HttpContent content)
   в xNet.HttpRequest.Raw(HttpMethod method, Uri address, HttpContent content)
   в xNet.HttpRequest.Raw(HttpMethod method, String address, HttpContent content)
   в InstaDirectMessage_ButDev.InstagramDirectMessage.DoWorkPost(String postlink, WebProxy proxy, String UserAgent, String cookie) в D:\MaXiMAA\MaXiMAAOld\C#Готово\KWORK\InstaDirectMessage_ButDev\InstaDirectMessage_ButDev\InstagramDirectMessage.cs:строка 410
[26.07.2020 17:37:47, поток 6] [Ошибка] Что-то не так. Переделываем.
[26.07.2020 17:37:47, поток 5] [Ошибка] Что-то не так. Переделываем.
[26.07.2020 17:37:47, поток 0] (Ошибка) Текст ошибки: System.NullReferenceException: Ссылка на объект не указывает на экземпляр объекта.
   в InstaDirectMessage_ButDev.InstagramDirectMessage.DoWorkPost(String postlink, WebProxy proxy, String UserAgent, String cookie) в D:\MaXiMAA\MaXiMAAOld\C#Готово\KWORK\InstaDirectMessage_ButDev\InstaDirectMessage_ButDev\InstagramDirectMessage.cs:строка 428
[26.07.2020 17:37:47, поток 0] [Ошибка] Что-то не так. Переделываем.
[26.07.2020 17:37:47, поток 4] (Ошибка) Текст ошибки: System.NullReferenceException: Ссылка на объект не указывает на экземпляр объекта.
   в InstaDirectMessage_ButDev.InstagramDirectMessage.DoWorkPost(String postlink, WebProxy proxy, String UserAgent, String cookie) в D:\MaXiMAA\MaXiMAAOld\C#Готово\KWORK\InstaDirectMessage_ButDev\InstaDirectMessage_ButDev\InstagramDirectMessage.cs:строка 428
[26.07.2020 17:37:47, поток 4] [Ошибка] Что-то не так. Переделываем.
[26.07.2020 17:37:48, поток 8] HTML: xNet.HttpException: Не удалось соединиться с HTTP-сервером 'www.instagram.com'. ---> xNet.ProxyException: Вышло время ожидания данных от прокси-сервера '185.86.151.217:8112'.
   в xNet.HttpProxyClient.WaitData(NetworkStream nStream)
   в xNet.HttpProxyClient.ReceiveResponse(NetworkStream nStream)
   в xNet.HttpProxyClient.CreateConnection(String destinationHost, Int32 destinationPort, TcpClient tcpClient)
   в xNet.HttpRequest.CreateTcpConnection(String host, Int32 port)
   --- Конец трассировки внутреннего стека исключений ---
   в xNet.HttpRequest.CreateTcpConnection(String host, Int32 port)
   в xNet.HttpRequest.CreateConnection(Uri address)
   в xNet.HttpRequest.TryCreateConnectionOrUseExisting(Uri address, Uri previousAddress)
   в xNet.HttpRequest.Request(HttpMethod method, Uri address, HttpContent content)
   в xNet.HttpRequest.Raw(HttpMethod method, Uri address, HttpContent content)
   в xNet.HttpRequest.Raw(HttpMethod method, String address, HttpContent content)
   в InstaDirectMessage_ButDev.InstagramDirectMessage.DoWorkPost(String postlink, WebProxy proxy, String UserAgent, String cookie) в D:\MaXiMAA\MaXiMAAOld\C#Готово\KWORK\InstaDirectMessage_ButDev\InstaDirectMessage_ButDev\InstagramDirectMessage.cs:строка 410
[26.07.2020 17:37:48, поток 8] (Ошибка) Текст ошибки: System.NullReferenceException: Ссылка на объект не указывает на экземпляр объекта.
   в InstaDirectMessage_ButDev.InstagramDirectMessage.DoWorkPost(String postlink, WebProxy proxy, String UserAgent, String cookie) в D:\MaXiMAA\MaXiMAAOld\C#Готово\KWORK\InstaDirectMessage_ButDev\InstaDirectMessage_ButDev\InstagramDirectMessage.cs:строка 428
[26.07.2020 17:37:48, поток 8] [Ошибка] Что-то не так. Переделываем.
[26.07.2020 17:37:49, поток 9] HTML: xNet.HttpException: Не удалось соединиться с HTTP-сервером 'www.instagram.com'. ---> xNet.ProxyException: Вышло время ожидания данных от прокси-сервера '185.86.151.217:8112'.
   в xNet.HttpProxyClient.WaitData(NetworkStream nStream)
   в xNet.HttpProxyClient.ReceiveResponse(NetworkStream nStream)
   в xNet.HttpProxyClient.CreateConnection(String destinationHost, Int32 destinationPort, TcpClient tcpClient)
   в xNet.HttpRequest.CreateTcpConnection(String host, Int32 port)
   --- Конец трассировки внутреннего стека исключений ---
   в xNet.HttpRequest.CreateTcpConnection(String host, Int32 port)
   в xNet.HttpRequest.CreateConnection(Uri address)
   в xNet.HttpRequest.TryCreateConnectionOrUseExisting(Uri address, Uri previousAddress)
   в xNet.HttpRequest.Request(HttpMethod method, Uri address, HttpContent content)
   в xNet.HttpRequest.Raw(HttpMethod method, Uri address, HttpContent content)
   в xNet.HttpRequest.Raw(HttpMethod method, String address, HttpContent content)
   в InstaDirectMessage_ButDev.InstagramDirectMessage.DoWorkPost(String postlink, WebProxy proxy, String UserAgent, String cookie) в D:\MaXiMAA\MaXiMAAOld\C#Готово\KWORK\InstaDirectMessage_ButDev\InstaDirectMessage_ButDev\InstagramDirectMessage.cs:строка 410
[26.07.2020 17:37:49, поток 9] (Ошибка) Текст ошибки: System.NullReferenceException: Ссылка на объект не указывает на экземпляр объекта.
   в InstaDirectMessage_ButDev.InstagramDirectMessage.DoWorkPost(String postlink, WebProxy proxy, String UserAgent, String cookie) в D:\MaXiMAA\MaXiMAAOld\C#Готово\KWORK\InstaDirectMessage_ButDev\InstaDirectMessage_ButDev\InstagramDirectMessage.cs:строка 428
[26.07.2020 17:37:49, поток 9] [Ошибка] Что-то не так. Переделываем.
[26.07.2020 17:38:51, поток 7] [DEBUG, ERROR] xNet.HttpException: Не удалось соединиться с HTTP-сервером 'www.instagram.com'. ---> xNet.ProxyException: Вышло время ожидания данных от прокси-сервера '185.86.151.217:8110'.
   в xNet.HttpProxyClient.WaitData(NetworkStream nStream)
   в xNet.HttpProxyClient.ReceiveResponse(NetworkStream nStream)
   в xNet.HttpProxyClient.CreateConnection(String destinationHost, Int32 destinationPort, TcpClient tcpClient)
   в xNet.HttpRequest.CreateTcpConnection(String host, Int32 port)
   --- Конец трассировки внутреннего стека исключений ---
   в xNet.HttpRequest.CreateTcpConnection(String host, Int32 port)
   в xNet.HttpRequest.CreateConnection(Uri address)
   в xNet.HttpRequest.TryCreateConnectionOrUseExisting(Uri address, Uri previousAddress)
   в xNet.HttpRequest.Request(HttpMethod method, Uri address, HttpContent content)
   в xNet.HttpRequest.Raw(HttpMethod method, Uri address, HttpContent content)
   в xNet.HttpRequest.Raw(HttpMethod method, String address, HttpContent content)
   в InstaDirectMessage_ButDev.InstagramDirectMessage.GetCookie() в D:\MaXiMAA\MaXiMAAOld\C#Готово\KWORK\InstaDirectMessage_ButDev\InstaDirectMessage_ButDev\InstagramDirectMessage.cs:строка 67
   в InstaDirectMessage_ButDev.InstagramDirectMessage..ctor(String Mail, String password, String id, String cookies, String DEVICEID, String ADID, String GUID, String PHONE_ID, Int32 Index, String Time, Int32 tt, String type, String text, Int32 delay, String link, String postlink, String ua) в D:\MaXiMAA\MaXiMAAOld\C#Готово\KWORK\InstaDirectMessage_ButDev\InstaDirectMessage_ButDev\InstagramDirectMessage.cs:строка 197
[26.07.2020 17:38:51, поток 7] [DEBUG] Сменили прокси.
[26.07.2020 17:38:51, поток 2] [DEBUG, ERROR] xNet.HttpException: Не удалось соединиться с HTTP-сервером 'www.instagram.com'. ---> xNet.ProxyException: Вышло время ожидания данных от прокси-сервера '185.86.151.217:8167'.
   в xNet.HttpProxyClient.WaitData(NetworkStream nStream)
   в xNet.HttpProxyClient.ReceiveResponse(NetworkStream nStream)
   в xNet.HttpProxyClient.CreateConnection(String destinationHost, Int32 destinationPort, TcpClient tcpClient)
   в xNet.HttpRequest.CreateTcpConnection(String host, Int32 port)
   --- Конец трассировки внутреннего стека исключений ---
   в xNet.HttpRequest.CreateTcpConnection(String host, Int32 port)
   в xNet.HttpRequest.CreateConnection(Uri address)
   в xNet.HttpRequest.TryCreateConnectionOrUseExisting(Uri address, Uri previousAddress)
   в xNet.HttpRequest.Request(HttpMethod method, Uri address, HttpContent content)
   в xNet.HttpRequest.Raw(HttpMethod method, Uri address, HttpContent content)
   в xNet.HttpRequest.Raw(HttpMethod method, String address, HttpContent content)
   в InstaDirectMessage_ButDev.InstagramDirectMessage.GetCookie() в D:\MaXiMAA\MaXiMAAOld\C#Готово\KWORK\InstaDirectMessage_ButDev\InstaDirectMessage_ButDev\InstagramDirectMessage.cs:строка 67
   в InstaDirectMessage_ButDev.InstagramDirectMessage..ctor(String Mail, String password, String id, String cookies, String DEVICEID, String ADID, String GUID, String PHONE_ID, Int32 Index, String Time, Int32 tt, String type, String text, Int32 delay, String link, String postlink, String ua) в D:\MaXiMAA\MaXiMAAOld\C#Готово\KWORK\InstaDirectMessage_ButDev\InstaDirectMessage_ButDev\InstagramDirectMessage.cs:строка 197
[26.07.2020 17:38:51, поток 2] [DEBUG] Сменили прокси.
[26.07.2020 17:38:51, поток 3] [DEBUG, ERROR] xNet.HttpException: Не удалось соединиться с HTTP-сервером 'www.instagram.com'. ---> xNet.ProxyException: Вышло время ожидания данных от прокси-сервера '185.86.151.217:8110'.
   в xNet.HttpProxyClient.WaitData(NetworkStream nStream)
   в xNet.HttpProxyClient.ReceiveResponse(NetworkStream nStream)
   в xNet.HttpProxyClient.CreateConnection(String destinationHost, Int32 destinationPort, TcpClient tcpClient)
   в xNet.HttpRequest.CreateTcpConnection(String host, Int32 port)
   --- Конец трассировки внутреннего стека исключений ---
   в xNet.HttpRequest.CreateTcpConnection(String host, Int32 port)
   в xNet.HttpRequest.CreateConnection(Uri address)
   в xNet.HttpRequest.TryCreateConnectionOrUseExisting(Uri address, Uri previousAddress)
   в xNet.HttpRequest.Request(HttpMethod method, Uri address, HttpContent content)
   в xNet.HttpRequest.Raw(HttpMethod method, Uri address, HttpContent content)
   в xNet.HttpRequest.Raw(HttpMethod method, String address, HttpContent content)
   в InstaDirectMessage_ButDev.InstagramDirectMessage.GetCookie() в D:\MaXiMAA\MaXiMAAOld\C#Готово\KWORK\InstaDirectMessage_ButDev\InstaDirectMessage_ButDev\InstagramDirectMessage.cs:строка 67
   в InstaDirectMessage_ButDev.InstagramDirectMessage..ctor(String Mail, String password, String id, String cookies, String DEVICEID, String ADID, String GUID, String PHONE_ID, Int32 Index, String Time, Int32 tt, String type, String text, Int32 delay, String link, String postlink, String ua) в D:\MaXiMAA\MaXiMAAOld\C#Готово\KWORK\InstaDirectMessage_ButDev\InstaDirectMessage_ButDev\InstagramDirectMessage.cs:строка 197
[26.07.2020 17:38:51, поток 3] [DEBUG] Сменили прокси.
[26.07.2020 17:38:51, поток 5] [DEBUG, ERROR] xNet.HttpException: Не удалось соединиться с HTTP-сервером 'www.instagram.com'. ---> xNet.ProxyException: Вышло время ожидания данных от прокси-сервера '185.86.151.217:8110'.
   в xNet.HttpProxyClient.WaitData(NetworkStream nStream)
   в xNet.HttpProxyClient.ReceiveResponse(NetworkStream nStream)
   в xNet.HttpProxyClient.CreateConnection(String destinationHost, Int32 destinationPort, TcpClient tcpClient)
   в xNet.HttpRequest.CreateTcpConnection(String host, Int32 port)
   --- Конец трассировки внутреннего стека исключений ---
   в xNet.HttpRequest.CreateTcpConnection(String host, Int32 port)
   в xNet.HttpRequest.CreateConnection(Uri address)
   в xNet.HttpRequest.TryCreateConnectionOrUseExisting(Uri address, Uri previousAddress)
   в xNet.HttpRequest.Request(HttpMethod method, Uri address, HttpContent content)
   в xNet.HttpRequest.Raw(HttpMethod method, Uri address, HttpContent content)
   в xNet.HttpRequest.Raw(HttpMethod method, String address, HttpContent content)
   в InstaDirectMessage_ButDev.InstagramDirectMessage.GetCookie() в D:\MaXiMAA\MaXiMAAOld\C#Готово\KWORK\InstaDirectMessage_ButDev\InstaDirectMessage_ButDev\InstagramDirectMessage.cs:строка 67
   в InstaDirectMessage_ButDev.InstagramDirectMessage..ctor(String Mail, String password, String id, String cookies, String DEVICEID, String ADID, String GUID, String PHONE_ID, Int32 Index, String Time, Int32 tt, String type, String text, Int32 delay, String link, String postlink, String ua) в D:\MaXiMAA\MaXiMAAOld\C#Готово\KWORK\InstaDirectMessage_ButDev\InstaDirectMessage_ButDev\InstagramDirectMessage.cs:строка 197
[26.07.2020 17:38:51, поток 0] [DEBUG, ERROR] xNet.HttpException: Не удалось соединиться с HTTP-сервером 'www.instagram.com'. ---> xNet.ProxyException: Вышло время ожидания данных от прокси-сервера '185.86.151.217:8167'.
   в xNet.HttpProxyClient.WaitData(NetworkStream nStream)
   в xNet.HttpProxyClient.ReceiveResponse(NetworkStream nStream)
   в xNet.HttpProxyClient.CreateConnection(String destinationHost, Int32 destinationPort, TcpClient tcpClient)
   в xNet.HttpRequest.CreateTcpConnection(String host, Int32 port)
   --- Конец трассировки внутреннего стека исключений ---
   в xNet.HttpRequest.CreateTcpConnection(String host, Int32 port)
   в xNet.HttpRequest.CreateConnection(Uri address)
   в xNet.HttpRequest.TryCreateConnectionOrUseExisting(Uri address, Uri previousAddress)
   в xNet.HttpRequest.Request(HttpMethod method, Uri address, HttpContent content)
   в xNet.HttpRequest.Raw(HttpMethod method, Uri address, HttpContent content)
   в xNet.HttpRequest.Raw(HttpMethod method, String address, HttpContent content)
   в InstaDirectMessage_ButDev.InstagramDirectMessage.GetCookie() в D:\MaXiMAA\MaXiMAAOld\C#Готово\KWORK\InstaDirectMessage_ButDev\InstaDirectMessage_ButDev\InstagramDirectMessage.cs:строка 67
   в InstaDirectMessage_ButDev.InstagramDirectMessage..ctor(String Mail, String password, String id, String cookies, String DEVICEID, String ADID, String GUID, String PHONE_ID, Int32 Index, String Time, Int32 tt, String type, String text, Int32 delay, String link, String postlink, String ua) в D:\MaXiMAA\MaXiMAAOld\C#Готово\KWORK\InstaDirectMessage_ButDev\InstaDirectMessage_ButDev\InstagramDirectMessage.cs:строка 197
[26.07.2020 17:38:51, поток 0] [DEBUG] Сменили прокси.
[26.07.2020 17:38:51, поток 5] [DEBUG] Сменили прокси.
[26.07.2020 17:38:51, поток 4] [DEBUG, ERROR] xNet.HttpException: Не удалось соединиться с HTTP-сервером 'www.instagram.com'. ---> xNet.ProxyException: Вышло время ожидания данных от прокси-сервера '185.86.151.217:8113'.
   в xNet.HttpProxyClient.WaitData(NetworkStream nStream)
   в xNet.HttpProxyClient.ReceiveResponse(NetworkStream nStream)
   в xNet.HttpProxyClient.CreateConnection(String destinationHost, Int32 destinationPort, TcpClient tcpClient)
   в xNet.HttpRequest.CreateTcpConnection(String host, Int32 port)
   --- Конец трассировки внутреннего стека исключений ---
   в xNet.HttpRequest.CreateTcpConnection(String host, Int32 port)
   в xNet.HttpRequest.CreateConnection(Uri address)
   в xNet.HttpRequest.TryCreateConnectionOrUseExisting(Uri address, Uri previousAddress)
   в xNet.HttpRequest.Request(HttpMethod method, Uri address, HttpContent content)
   в xNet.HttpRequest.Raw(HttpMethod method, Uri address, HttpContent content)
   в xNet.HttpRequest.Raw(HttpMethod method, String address, HttpContent content)
   в InstaDirectMessage_ButDev.InstagramDirectMessage.GetCookie() в D:\MaXiMAA\MaXiMAAOld\C#Готово\KWORK\InstaDirectMessage_ButDev\InstaDirectMessage_ButDev\InstagramDirectMessage.cs:строка 67
   в InstaDirectMessage_ButDev.InstagramDirectMessage..ctor(String Mail, String password, String id, String cookies, String DEVICEID, String ADID, String GUID, String PHONE_ID, Int32 Index, String Time, Int32 tt, String type, String text, Int32 delay, String link, String postlink, String ua) в D:\MaXiMAA\MaXiMAAOld\C#Готово\KWORK\InstaDirectMessage_ButDev\InstaDirectMessage_ButDev\InstagramDirectMessage.cs:строка 197
[26.07.2020 17:38:51, поток 4] [DEBUG] Сменили прокси.
[26.07.2020 17:38:51, поток 1] [DEBUG, ERROR] xNet.HttpException: Не удалось соединиться с HTTP-сервером 'www.instagram.com'. ---> xNet.ProxyException: Вышло время ожидания данных от прокси-сервера '185.86.151.217:8110'.
   в xNet.HttpProxyClient.WaitData(NetworkStream nStream)
   в xNet.HttpProxyClient.ReceiveResponse(NetworkStream nStream)
   в xNet.HttpProxyClient.CreateConnection(String destinationHost, Int32 destinationPort, TcpClient tcpClient)
   в xNet.HttpRequest.CreateTcpConnection(String host, Int32 port)
   --- Конец трассировки внутреннего стека исключений ---
   в xNet.HttpRequest.CreateTcpConnection(String host, Int32 port)
   в xNet.HttpRequest.CreateConnection(Uri address)
   в xNet.HttpRequest.TryCreateConnectionOrUseExisting(Uri address, Uri previousAddress)
   в xNet.HttpRequest.Request(HttpMethod method, Uri address, HttpContent content)
   в xNet.HttpRequest.Raw(HttpMethod method, Uri address, HttpContent content)
   в xNet.HttpRequest.Raw(HttpMethod method, String address, HttpContent content)
   в InstaDirectMessage_ButDev.InstagramDirectMessage.GetCookie() в D:\MaXiMAA\MaXiMAAOld\C#Готово\KWORK\InstaDirectMessage_ButDev\InstaDirectMessage_ButDev\InstagramDirectMessage.cs:строка 67
   в InstaDirectMessage_ButDev.InstagramDirectMessage..ctor(String Mail, String password, String id, String cookies, String DEVICEID, String ADID, String GUID, String PHONE_ID, Int32 Index, String Time, Int32 tt, String type, String text, Int32 delay, String link, String postlink, String ua) в D:\MaXiMAA\MaXiMAAOld\C#Готово\KWORK\InstaDirectMessage_ButDev\InstaDirectMessage_ButDev\InstagramDirectMessage.cs:строка 197
[26.07.2020 17:38:51, поток 6] [DEBUG] Сменили прокси.
[26.07.2020 17:38:52, поток 8] [DEBUG, ERROR] xNet.HttpException: Не удалось соединиться с HTTP-сервером 'www.instagram.com'. ---> xNet.ProxyException: Вышло время ожидания данных от прокси-сервера '185.86.151.217:8112'.
   в xNet.HttpProxyClient.WaitData(NetworkStream nStream)
   в xNet.HttpProxyClient.ReceiveResponse(NetworkStream nStream)
   в xNet.HttpProxyClient.CreateConnection(String destinationHost, Int32 destinationPort, TcpClient tcpClient)
   в xNet.HttpRequest.CreateTcpConnection(String host, Int32 port)
   --- Конец трассировки внутреннего стека исключений ---
   в xNet.HttpRequest.CreateTcpConnection(String host, Int32 port)
   в xNet.HttpRequest.CreateConnection(Uri address)
   в xNet.HttpRequest.TryCreateConnectionOrUseExisting(Uri address, Uri previousAddress)
   в xNet.HttpRequest.Request(HttpMethod method, Uri address, HttpContent content)
   в xNet.HttpRequest.Raw(HttpMethod method, Uri address, HttpContent content)
   в xNet.HttpRequest.Raw(HttpMethod method, String address, HttpContent content)
   в InstaDirectMessage_ButDev.InstagramDirectMessage.GetCookie() в D:\MaXiMAA\MaXiMAAOld\C#Готово\KWORK\InstaDirectMessage_ButDev\InstaDirectMessage_ButDev\InstagramDirectMessage.cs:строка 67
   в InstaDirectMessage_ButDev.InstagramDirectMessage..ctor(String Mail, String password, String id, String cookies, String DEVICEID, String ADID, String GUID, String PHONE_ID, Int32 Index, String Time, Int32 tt, String type, String text, Int32 delay, String link, String postlink, String ua) в D:\MaXiMAA\MaXiMAAOld\C#Готово\KWORK\InstaDirectMessage_ButDev\InstaDirectMessage_ButDev\InstagramDirectMessage.cs:строка 197
[26.07.2020 17:38:52, поток 8] [DEBUG] Сменили прокси.
[26.07.2020 17:38:53, поток 9] [DEBUG, ERROR] xNet.HttpException: Не удалось соединиться с HTTP-сервером 'www.instagram.com'. ---> xNet.ProxyException: Вышло время ожидания данных от прокси-сервера '185.86.151.217:8112'.
   в xNet.HttpProxyClient.WaitData(NetworkStream nStream)
   в xNet.HttpProxyClient.ReceiveResponse(NetworkStream nStream)
   в xNet.HttpProxyClient.CreateConnection(String destinationHost, Int32 destinationPort, TcpClient tcpClient)
   в xNet.HttpRequest.CreateTcpConnection(String host, Int32 port)
   --- Конец трассировки внутреннего стека исключений ---
   в xNet.HttpRequest.CreateTcpConnection(String host, Int32 port)
   в xNet.HttpRequest.CreateConnection(Uri address)
   в xNet.HttpRequest.TryCreateConnectionOrUseExisting(Uri address, Uri previousAddress)
   в xNet.HttpRequest.Request(HttpMethod method, Uri address, HttpContent content)
   в xNet.HttpRequest.Raw(HttpMethod method, Uri address, HttpContent content)
   в xNet.HttpRequest.Raw(HttpMethod method, String address, HttpContent content)
   в InstaDirectMessage_ButDev.InstagramDirectMessage.GetCookie() в D:\MaXiMAA\MaXiMAAOld\C#Готово\KWORK\InstaDirectMessage_ButDev\InstaDirectMessage_ButDev\InstagramDirectMessage.cs:строка 67
   в InstaDirectMessage_ButDev.InstagramDirectMessage..ctor(String Mail, String password, String id, String cookies, String DEVICEID, String ADID, String GUID, String PHONE_ID, Int32 Index, String Time, Int32 tt, String type, String text, Int32 delay, String link, String postlink, String ua) в D:\MaXiMAA\MaXiMAAOld\C#Готово\KWORK\InstaDirectMessage_ButDev\InstaDirectMessage_ButDev\InstagramDirectMessage.cs:строка 197
[26.07.2020 17:38:53, поток 9] [DEBUG] Сменили прокси.
[26.07.2020 17:45:07, поток 0] [DEBUG] Start...
[26.07.2020 17:45:07, поток 0] Берём заданные куки...
[26.07.2020 17:45:08, поток 1] [DEBUG] Start...
[26.07.2020 17:45:08, поток 1] Берём заданные куки...
[26.07.2020 17:45:09, поток 2] [DEBUG] Start...
[26.07.2020 17:45:09, поток 2] Берём заданные куки...
[26.07.2020 17:45:10, поток 3] [DEBUG] Start...
[26.07.2020 17:45:10, поток 3] Берём заданные куки...
[26.07.2020 17:45:11, поток 4] [DEBUG] Start...
[26.07.2020 17:45:11, поток 4] Берём заданные куки...
[26.07.2020 17:45:12, поток 5] [DEBUG] Start...
[26.07.2020 17:45:12, поток 5] Берём заданные куки...
[26.07.2020 17:45:13, поток 3] [Ошибка] Что-то не так. Переделываем.
[26.07.2020 17:45:13, поток 6] [DEBUG] Start...
[26.07.2020 17:45:13, поток 6] Берём заданные куки...
[26.07.2020 17:45:13, поток 4] [Ошибка] Что-то не так. Переделываем.
[26.07.2020 17:45:13, поток 7] [DEBUG] Start...
[26.07.2020 17:45:13, поток 7] Берём заданные куки...
[26.07.2020 17:45:14, поток 4] Спарсили куки
[26.07.2020 17:45:14, поток 3] [DEBUG] Не удалось спарсить Cookie. Плохие прокси?
[26.07.2020 17:45:14, поток 3] [DEBUG] Сменили прокси.
[26.07.2020 17:45:14, поток 3] [DEBUG] Start...
[26.07.2020 17:45:14, поток 3] Берём заданные куки...
[26.07.2020 17:45:14, поток 3] 4739393453 - это ID в чёрном списке.
[26.07.2020 17:45:14, поток 8] [DEBUG] Start...
[26.07.2020 17:45:14, поток 8] Берём заданные куки...
[26.07.2020 17:45:15, поток 1] [Ошибка] Что-то не так. Переделываем.
[26.07.2020 17:45:15, поток 5] [Ошибка] Что-то не так. Переделываем.
[26.07.2020 17:45:15, поток 2] [Ошибка] Что-то не так. Переделываем.
[26.07.2020 17:45:15, поток 9] [DEBUG] Start...
[26.07.2020 17:45:15, поток 9] Берём заданные куки...
[26.07.2020 17:45:15, поток 3] [DEBUG] Start...
[26.07.2020 17:45:15, поток 3] Берём заданные куки...
[26.07.2020 17:45:16, поток 2] Спарсили куки
[26.07.2020 17:45:16, поток 4] Наткнулись на чекпойнт!
[26.07.2020 17:45:16, поток 4] [DEBUG] Start...
[26.07.2020 17:45:16, поток 4] Берём заданные куки...
[26.07.2020 17:45:16, поток 4] 6429978232 - это ID в чёрном списке.
[26.07.2020 17:45:16, поток 1] Спарсили куки
[26.07.2020 17:45:16, поток 5] Спарсили куки
[26.07.2020 17:45:16, поток 8] [Ошибка] Что-то не так. Переделываем.
[26.07.2020 17:45:17, поток 8] Спарсили куки
[26.07.2020 17:45:18, поток 4] [DEBUG] Start...
[26.07.2020 17:45:18, поток 4] Берём заданные куки...
[26.07.2020 17:45:18, поток 9] [Ошибка] Что-то не так. Переделываем.
[26.07.2020 17:45:18, поток 6] (Ошибка) Текст ошибки: System.NullReferenceException: Ссылка на объект не указывает на экземпляр объекта.
   в InstaDirectMessage_ButDev.InstagramDirectMessage.DoWorkPost(String postlink, WebProxy proxy, String UserAgent, String cookie) в D:\MaXiMAA\MaXiMAAOld\C#Готово\KWORK\InstaDirectMessage_ButDev\InstaDirectMessage_ButDev\InstagramDirectMessage.cs:строка 428
[26.07.2020 17:45:18, поток 6] [Ошибка] Что-то не так. Переделываем.
[26.07.2020 17:45:19, поток 1] Наткнулись на чекпойнт!
[26.07.2020 17:45:19, поток 1] [DEBUG] Start...
[26.07.2020 17:45:19, поток 1] Берём заданные куки...
[26.07.2020 17:45:19, поток 1] 3557326434 - это ID в чёрном списке.
[26.07.2020 17:45:19, поток 2] Наткнулись на чекпойнт!
[26.07.2020 17:45:19, поток 2] [DEBUG] Start...
[26.07.2020 17:45:19, поток 2] Берём заданные куки...
[26.07.2020 17:45:19, поток 2] 29185097475 - это ID в чёрном списке.
[26.07.2020 17:45:19, поток 9] Спарсили куки
[26.07.2020 17:45:19, поток 3] [Ошибка] Что-то не так. Переделываем.
[26.07.2020 17:45:19, поток 8] Наткнулись на чекпойнт!
[26.07.2020 17:45:19, поток 8] [DEBUG] Start...
[26.07.2020 17:45:19, поток 8] Берём заданные куки...
[26.07.2020 17:45:19, поток 8] 1588632980 - это ID в чёрном списке.
[26.07.2020 17:45:19, поток 0] HTML: xNet.HttpException: Не удалось установить SSL-соединение с HTTP-сервером 'www.instagram.com'. ---> System.IO.IOException: Аутентификация не пройдена из-за закрытия транспортного потока удаленной стороной.
   в System.Net.Security.SslState.StartReadFrame(Byte[] buffer, Int32 readBytes, AsyncProtocolRequest asyncRequest)
   в System.Net.Security.SslState.StartReceiveBlob(Byte[] buffer, AsyncProtocolRequest asyncRequest)
   в System.Net.Security.SslState.CheckCompletionBeforeNextReceive(ProtocolToken message, AsyncProtocolRequest asyncRequest)
   в System.Net.Security.SslState.StartSendBlob(Byte[] incoming, Int32 count, AsyncProtocolRequest asyncRequest)
   в System.Net.Security.SslState.ForceAuthentication(Boolean receiveFirst, Byte[] buffer, AsyncProtocolRequest asyncRequest)
   в System.Net.Security.SslState.ProcessAuthentication(LazyAsyncResult lazyResult)
   в System.Net.Security.SslStream.AuthenticateAsClient(String targetHost, X509CertificateCollection clientCertificates, SslProtocols enabledSslProtocols, Boolean checkCertificateRevocation)
   в System.Net.Security.SslStream.AuthenticateAsClient(String targetHost)
   в xNet.HttpRequest.CreateConnection(Uri address)
   --- Конец трассировки внутреннего стека исключений ---
   в xNet.HttpRequest.CreateConnection(Uri address)
   в xNet.HttpRequest.TryCreateConnectionOrUseExisting(Uri address, Uri previousAddress)
   в xNet.HttpRequest.Request(HttpMethod method, Uri address, HttpContent content)
   в xNet.HttpRequest.Raw(HttpMethod method, Uri address, HttpContent content)
   в xNet.HttpRequest.Raw(HttpMethod method, String address, HttpContent content)
   в InstaDirectMessage_ButDev.InstagramDirectMessage.DoWorkPost(String postlink, WebProxy proxy, String UserAgent, String cookie) в D:\MaXiMAA\MaXiMAAOld\C#Готово\KWORK\InstaDirectMessage_ButDev\InstaDirectMessage_ButDev\InstagramDirectMessage.cs:строка 410
[26.07.2020 17:45:19, поток 0] (Ошибка) Текст ошибки: System.NullReferenceException: Ссылка на объект не указывает на экземпляр объекта.
   в InstaDirectMessage_ButDev.InstagramDirectMessage.DoWorkPost(String postlink, WebProxy proxy, String UserAgent, String cookie) в D:\MaXiMAA\MaXiMAAOld\C#Готово\KWORK\InstaDirectMessage_ButDev\InstaDirectMessage_ButDev\InstagramDirectMessage.cs:строка 428
[26.07.2020 17:45:19, поток 0] [Ошибка] Что-то не так. Переделываем.
[26.07.2020 17:45:20, поток 3] [DEBUG] Не удалось спарсить Cookie. Плохие прокси?
[26.07.2020 17:45:20, поток 3] [DEBUG] Сменили прокси.
[26.07.2020 17:45:20, поток 3] [DEBUG] Start...
[26.07.2020 17:45:20, поток 3] Берём заданные куки...
[26.07.2020 17:45:20, поток 3] 5829103722 - это ID в чёрном списке.
[26.07.2020 17:45:20, поток 4] [Ошибка] Что-то не так. Переделываем.
[26.07.2020 17:45:20, поток 1] [DEBUG] Start...
[26.07.2020 17:45:20, поток 1] Берём заданные куки...
[26.07.2020 17:45:20, поток 2] [DEBUG] Start...
[26.07.2020 17:45:20, поток 2] Берём заданные куки...
[26.07.2020 17:45:20, поток 5] Наткнулись на чекпойнт!
[26.07.2020 17:45:20, поток 5] [DEBUG] Start...
[26.07.2020 17:45:20, поток 5] Берём заданные куки...
[26.07.2020 17:45:20, поток 5] 23778524095 - это ID в чёрном списке.
[26.07.2020 17:45:21, поток 8] [DEBUG] Start...
[26.07.2020 17:45:21, поток 8] Берём заданные куки...
[26.07.2020 17:45:21, поток 4] Спарсили куки
[26.07.2020 17:45:21, поток 3] [DEBUG] Start...
[26.07.2020 17:45:21, поток 3] Берём заданные куки...
[26.07.2020 17:45:22, поток 6] Спарсили куки
[26.07.2020 17:45:22, поток 9] Наткнулись на чекпойнт!
[26.07.2020 17:45:22, поток 9] [DEBUG] Start...
[26.07.2020 17:45:22, поток 9] Берём заданные куки...
[26.07.2020 17:45:22, поток 9] 10264396704 - это ID в чёрном списке.
[26.07.2020 17:45:22, поток 5] [DEBUG] Start...
[26.07.2020 17:45:22, поток 5] Берём заданные куки...
[26.07.2020 17:45:22, поток 7] [Ошибка] Что-то не так. Переделываем.
[26.07.2020 17:45:22, поток 8] [Ошибка] Что-то не так. Переделываем.
[26.07.2020 17:45:23, поток 9] [DEBUG] Start...
[26.07.2020 17:45:23, поток 9] Берём заданные куки...
[26.07.2020 17:45:23, поток 8] Спарсили куки
[26.07.2020 17:45:23, поток 4] Наткнулись на чекпойнт!
[26.07.2020 17:45:23, поток 4] [DEBUG] Start...
[26.07.2020 17:45:23, поток 4] Берём заданные куки...
[26.07.2020 17:45:23, поток 4] 7722406020 - это ID в чёрном списке.
[26.07.2020 17:45:23, поток 7] Спарсили куки
[26.07.2020 17:45:23, поток 1] [Ошибка] Что-то не так. Переделываем.
[26.07.2020 17:45:24, поток 5] [Ошибка] Что-то не так. Переделываем.
[26.07.2020 17:45:25, поток 1] Спарсили куки
[26.07.2020 17:45:25, поток 4] [DEBUG] Start...
[26.07.2020 17:45:25, поток 4] Берём заданные куки...
[26.07.2020 17:45:25, поток 6] Наткнулись на чекпойнт!
[26.07.2020 17:45:25, поток 6] [DEBUG] Start...
[26.07.2020 17:45:25, поток 6] Берём заданные куки...
[26.07.2020 17:45:25, поток 9] [Ошибка] Что-то не так. Переделываем.
[26.07.2020 17:45:25, поток 3] [Ошибка] Что-то не так. Переделываем.
[26.07.2020 17:45:26, поток 7] Наткнулись на чекпойнт!
[26.07.2020 17:45:26, поток 7] [DEBUG] Start...
[26.07.2020 17:45:26, поток 7] Берём заданные куки...
[26.07.2020 17:45:26, поток 7] 4739120796 - это ID в чёрном списке.
[26.07.2020 17:45:26, поток 8] Наткнулись на чекпойнт!
[26.07.2020 17:45:26, поток 8] [DEBUG] Start...
[26.07.2020 17:45:26, поток 8] Берём заданные куки...
[26.07.2020 17:45:26, поток 8] 37077107583 - это ID в чёрном списке.
[26.07.2020 17:45:27, поток 5] Спарсили куки
[26.07.2020 17:45:27, поток 6] (Ошибка) Текст ошибки: System.NullReferenceException: Ссылка на объект не указывает на экземпляр объекта.
   в InstaDirectMessage_ButDev.InstagramDirectMessage.DoWorkPost(String postlink, WebProxy proxy, String UserAgent, String cookie) в D:\MaXiMAA\MaXiMAAOld\C#Готово\KWORK\InstaDirectMessage_ButDev\InstaDirectMessage_ButDev\InstagramDirectMessage.cs:строка 428
[26.07.2020 17:45:27, поток 4] [Ошибка] Что-то не так. Переделываем.
[26.07.2020 17:45:27, поток 9] Спарсили куки
[26.07.2020 17:45:27, поток 7] [DEBUG] Start...
[26.07.2020 17:45:27, поток 7] Берём заданные куки...
[26.07.2020 17:45:27, поток 1] Наткнулись на чекпойнт!
[26.07.2020 17:45:27, поток 1] [DEBUG] Start...
[26.07.2020 17:45:27, поток 1] Берём заданные куки...
[26.07.2020 17:45:27, поток 1] 4482018596 - это ID в чёрном списке.
[26.07.2020 17:45:27, поток 3] [DEBUG] Не удалось спарсить Cookie. Плохие прокси?
[26.07.2020 17:45:27, поток 3] [DEBUG] Сменили прокси.
[26.07.2020 17:45:27, поток 3] [DEBUG] Start...
[26.07.2020 17:45:27, поток 3] Берём заданные куки...
[26.07.2020 17:45:27, поток 3] 9292255682 - это ID в чёрном списке.
[26.07.2020 17:45:28, поток 8] [DEBUG] Start...
[26.07.2020 17:45:28, поток 8] Берём заданные куки...
[26.07.2020 17:45:28, поток 4] Спарсили куки
[26.07.2020 17:45:28, поток 6] [DEBUG] Start...
[26.07.2020 17:45:28, поток 6] Берём заданные куки...
[26.07.2020 17:45:29, поток 1] [DEBUG] Start...
[26.07.2020 17:45:29, поток 1] Берём заданные куки...
[26.07.2020 17:45:29, поток 3] [DEBUG] Start...
[26.07.2020 17:45:29, поток 3] Берём заданные куки...
[26.07.2020 17:45:30, поток 0] [DEBUG, ERROR] xNet.HttpException: Не удалось установить SSL-соединение с HTTP-сервером 'www.instagram.com'. ---> System.IO.IOException: Аутентификация не пройдена из-за закрытия транспортного потока удаленной стороной.
   в System.Net.Security.SslState.StartReadFrame(Byte[] buffer, Int32 readBytes, AsyncProtocolRequest asyncRequest)
   в System.Net.Security.SslState.StartReceiveBlob(Byte[] buffer, AsyncProtocolRequest asyncRequest)
   в System.Net.Security.SslState.CheckCompletionBeforeNextReceive(ProtocolToken message, AsyncProtocolRequest asyncRequest)
   в System.Net.Security.SslState.StartSendBlob(Byte[] incoming, Int32 count, AsyncProtocolRequest asyncRequest)
   в System.Net.Security.SslState.ForceAuthentication(Boolean receiveFirst, Byte[] buffer, AsyncProtocolRequest asyncRequest)
   в System.Net.Security.SslState.ProcessAuthentication(LazyAsyncResult lazyResult)
   в System.Net.Security.SslStream.AuthenticateAsClient(String targetHost, X509CertificateCollection clientCertificates, SslProtocols enabledSslProtocols, Boolean checkCertificateRevocation)
   в System.Net.Security.SslStream.AuthenticateAsClient(String targetHost)
   в xNet.HttpRequest.CreateConnection(Uri address)
   --- Конец трассировки внутреннего стека исключений ---
   в xNet.HttpRequest.CreateConnection(Uri address)
   в xNet.HttpRequest.TryCreateConnectionOrUseExisting(Uri address, Uri previousAddress)
   в xNet.HttpRequest.Request(HttpMethod method, Uri address, HttpContent content)
   в xNet.HttpRequest.Raw(HttpMethod method, Uri address, HttpContent content)
   в xNet.HttpRequest.Raw(HttpMethod method, String address, HttpContent content)
   в InstaDirectMessage_ButDev.InstagramDirectMessage.GetCookie() в D:\MaXiMAA\MaXiMAAOld\C#Готово\KWORK\InstaDirectMessage_ButDev\InstaDirectMessage_ButDev\InstagramDirectMessage.cs:строка 67
   в InstaDirectMessage_ButDev.InstagramDirectMessage..ctor(String Mail, String password, String id, String cookies, String DEVICEID, String ADID, String GUID, String PHONE_ID, Int32 Index, String Time, Int32 tt, String type, String text, Int32 delay, String link, String postlink, String ua) в D:\MaXiMAA\MaXiMAAOld\C#Готово\KWORK\InstaDirectMessage_ButDev\InstaDirectMessage_ButDev\InstagramDirectMessage.cs:строка 197
[26.07.2020 17:45:30, поток 0] [DEBUG] Сменили прокси.
[26.07.2020 17:45:30, поток 4] Наткнулись на чекпойнт!
[26.07.2020 17:45:30, поток 4] [DEBUG] Start...
[26.07.2020 17:45:30, поток 4] Берём заданные куки...
[26.07.2020 17:45:30, поток 4] 8594635610 - это ID в чёрном списке.
[26.07.2020 17:45:30, поток 7] [Ошибка] Что-то не так. Переделываем.
[26.07.2020 17:45:31, поток 5] Наткнулись на чекпойнт!
[26.07.2020 17:45:31, поток 5] [DEBUG] Start...
[26.07.2020 17:45:31, поток 5] Берём заданные куки...
[26.07.2020 17:45:31, поток 5] 23565485126 - это ID в чёрном списке.
[26.07.2020 17:45:31, поток 9] Наткнулись на чекпойнт!
[26.07.2020 17:45:31, поток 9] [DEBUG] Start...
[26.07.2020 17:45:31, поток 9] Берём заданные куки...
[26.07.2020 17:45:31, поток 9] 30884362960 - это ID в чёрном списке.
[26.07.2020 17:45:31, поток 7] Спарсили куки
[26.07.2020 17:45:31, поток 6] (Ошибка) Текст ошибки: System.NullReferenceException: Ссылка на объект не указывает на экземпляр объекта.
   в InstaDirectMessage_ButDev.InstagramDirectMessage.DoWorkPost(String postlink, WebProxy proxy, String UserAgent, String cookie) в D:\MaXiMAA\MaXiMAAOld\C#Готово\KWORK\InstaDirectMessage_ButDev\InstaDirectMessage_ButDev\InstagramDirectMessage.cs:строка 428
[26.07.2020 17:45:31, поток 6] [Ошибка] Что-то не так. Переделываем.
[26.07.2020 17:45:32, поток 4] [DEBUG] Start...
[26.07.2020 17:45:32, поток 4] Берём заданные куки...
[26.07.2020 17:45:32, поток 3] [Ошибка] Что-то не так. Переделываем.
[26.07.2020 17:45:32, поток 5] [DEBUG] Start...
[26.07.2020 17:45:32, поток 5] Берём заданные куки...
[26.07.2020 17:45:32, поток 1] [Ошибка] Что-то не так. Переделываем.
[26.07.2020 17:45:32, поток 9] [DEBUG] Start...
[26.07.2020 17:45:32, поток 9] Берём заданные куки...
[26.07.2020 17:45:33, поток 3] [DEBUG] Не удалось спарсить Cookie. Плохие прокси?
[26.07.2020 17:45:33, поток 3] [DEBUG] Сменили прокси.
[26.07.2020 17:45:33, поток 3] [DEBUG] Start...
[26.07.2020 17:45:33, поток 3] Берём заданные куки...
[26.07.2020 17:45:33, поток 3] 4030342749 - это ID в чёрном списке.
[26.07.2020 17:45:33, поток 1] Спарсили куки
[26.07.2020 17:45:34, поток 6] Спарсили куки
[26.07.2020 17:45:34, поток 4] [Ошибка] Что-то не так. Переделываем.
[26.07.2020 17:45:34, поток 7] Наткнулись на чекпойнт!
[26.07.2020 17:45:34, поток 7] [DEBUG] Start...
[26.07.2020 17:45:34, поток 7] Берём заданные куки...
[26.07.2020 17:45:34, поток 7] 4864352296 - это ID в чёрном списке.
[26.07.2020 17:45:34, поток 3] [DEBUG] Start...
[26.07.2020 17:45:34, поток 3] Берём заданные куки...
[26.07.2020 17:45:35, поток 4] Спарсили куки
[26.07.2020 17:45:35, поток 5] [Ошибка] Что-то не так. Переделываем.
[26.07.2020 17:45:36, поток 7] [DEBUG] Start...
[26.07.2020 17:45:36, поток 7] Берём заданные куки...
[26.07.2020 17:45:36, поток 4] Наткнулись на чекпойнт!
[26.07.2020 17:45:36, поток 4] [DEBUG] Start...
[26.07.2020 17:45:36, поток 4] Берём заданные куки...
[26.07.2020 17:45:36, поток 4] 5709391402 - это ID в чёрном списке.
[26.07.2020 17:45:36, поток 1] Наткнулись на чекпойнт!
[26.07.2020 17:45:36, поток 1] [DEBUG] Start...
[26.07.2020 17:45:36, поток 1] Берём заданные куки...
[26.07.2020 17:45:36, поток 1] 4128555123 - это ID в чёрном списке.
[26.07.2020 17:45:37, поток 5] Спарсили куки
[26.07.2020 17:45:38, поток 7] [Ошибка] Что-то не так. Переделываем.
[26.07.2020 17:45:38, поток 3] [Ошибка] Что-то не так. Переделываем.
[26.07.2020 17:45:38, поток 4] [DEBUG] Start...
[26.07.2020 17:45:38, поток 4] Берём заданные куки...
[26.07.2020 17:45:38, поток 1] [DEBUG] Start...
[26.07.2020 17:45:38, поток 1] Берём заданные куки...
[26.07.2020 17:45:38, поток 6] Наткнулись на чекпойнт!
[26.07.2020 17:45:38, поток 6] [DEBUG] Start...
[26.07.2020 17:45:38, поток 6] Берём заданные куки...
[26.07.2020 17:45:39, поток 7] Спарсили куки
[26.07.2020 17:45:39, поток 3] [DEBUG] Не удалось спарсить Cookie. Плохие прокси?
[26.07.2020 17:45:39, поток 3] [DEBUG] Сменили прокси.
[26.07.2020 17:45:39, поток 3] [DEBUG] Start...
[26.07.2020 17:45:39, поток 3] Берём заданные куки...
[26.07.2020 17:45:39, поток 3] 20692186729 - это ID в чёрном списке.
[26.07.2020 17:45:40, поток 3] [DEBUG] Start...
[26.07.2020 17:45:40, поток 3] Берём заданные куки...
[26.07.2020 17:45:41, поток 1] [Ошибка] Что-то не так. Переделываем.
[26.07.2020 17:45:41, поток 7] Наткнулись на чекпойнт!
[26.07.2020 17:45:41, поток 7] [DEBUG] Start...
[26.07.2020 17:45:41, поток 7] Берём заданные куки...
[26.07.2020 17:45:41, поток 7] 7170606623 - это ID в чёрном списке.
[26.07.2020 17:45:42, поток 1] Спарсили куки
[26.07.2020 17:45:43, поток 7] [DEBUG] Start...
[26.07.2020 17:45:43, поток 7] Берём заданные куки...
[26.07.2020 17:45:43, поток 3] [Ошибка] Что-то не так. Переделываем.
[26.07.2020 17:45:44, поток 5] Наткнулись на чекпойнт!
[26.07.2020 17:45:44, поток 5] [DEBUG] Start...
[26.07.2020 17:45:44, поток 5] Берём заданные куки...
[26.07.2020 17:45:44, поток 5] 23149478104 - это ID в чёрном списке.
[26.07.2020 17:45:44, поток 3] [DEBUG] Не удалось спарсить Cookie. Плохие прокси?
[26.07.2020 17:45:44, поток 3] [DEBUG] Сменили прокси.
[26.07.2020 17:45:44, поток 3] [DEBUG] Start...
[26.07.2020 17:45:44, поток 3] Берём заданные куки...
[26.07.2020 17:45:44, поток 3] 20309799362 - это ID в чёрном списке.
[26.07.2020 17:45:45, поток 7] [Ошибка] Что-то не так. Переделываем.
[26.07.2020 17:45:46, поток 1] Наткнулись на чекпойнт!
[26.07.2020 17:45:46, поток 1] [DEBUG] Start...
[26.07.2020 17:45:46, поток 1] Берём заданные куки...
[26.07.2020 17:45:46, поток 1] 4615611645 - это ID в чёрном списке.
[26.07.2020 17:45:46, поток 5] [DEBUG] Start...
[26.07.2020 17:45:46, поток 5] Берём заданные куки...
[26.07.2020 17:45:46, поток 3] [DEBUG] Start...
[26.07.2020 17:45:46, поток 3] Берём заданные куки...
[26.07.2020 17:45:46, поток 7] Спарсили куки
[26.07.2020 17:45:47, поток 1] [DEBUG] Start...
[26.07.2020 17:45:47, поток 1] Берём заданные куки...
[26.07.2020 17:45:48, поток 3] [Ошибка] Что-то не так. Переделываем.
[26.07.2020 17:45:49, поток 7] Наткнулись на чекпойнт!
[26.07.2020 17:45:49, поток 7] [DEBUG] Start...
[26.07.2020 17:45:49, поток 7] Берём заданные куки...
[26.07.2020 17:45:49, поток 7] 4476658700 - это ID в чёрном списке.
[26.07.2020 17:45:49, поток 5] [Ошибка] Что-то не так. Переделываем.
[26.07.2020 17:45:50, поток 3] [DEBUG] Не удалось спарсить Cookie. Плохие прокси?
[26.07.2020 17:45:50, поток 3] [DEBUG] Сменили прокси.
[26.07.2020 17:45:50, поток 3] [DEBUG] Start...
[26.07.2020 17:45:50, поток 3] Берём заданные куки...
[26.07.2020 17:45:50, поток 3] 17176431579 - это ID в чёрном списке.
[26.07.2020 17:45:50, поток 7] [DEBUG] Start...
[26.07.2020 17:45:50, поток 7] Берём заданные куки...
[26.07.2020 17:45:50, поток 5] Спарсили куки
[26.07.2020 17:45:51, поток 3] [DEBUG] Start...
[26.07.2020 17:45:51, поток 3] Берём заданные куки...
[26.07.2020 17:45:52, поток 1] [Ошибка] Что-то не так. Переделываем.
[26.07.2020 17:45:52, поток 7] [Ошибка] Что-то не так. Переделываем.
[26.07.2020 17:45:53, поток 1] Спарсили куки
[26.07.2020 17:45:53, поток 5] Наткнулись на чекпойнт!
[26.07.2020 17:45:53, поток 5] [DEBUG] Start...
[26.07.2020 17:45:53, поток 5] Берём заданные куки...
[26.07.2020 17:45:53, поток 5] 23150437531 - это ID в чёрном списке.
[26.07.2020 17:45:53, поток 7] Спарсили куки
[26.07.2020 17:45:53, поток 3] [Ошибка] Что-то не так. Переделываем.
[26.07.2020 17:45:54, поток 3] [DEBUG] Не удалось спарсить Cookie. Плохие прокси?
[26.07.2020 17:45:54, поток 3] [DEBUG] Сменили прокси.
[26.07.2020 17:45:54, поток 3] [DEBUG] Start...
[26.07.2020 17:45:54, поток 3] Берём заданные куки...
[26.07.2020 17:45:54, поток 3] 392654975 - это ID в чёрном списке.
[26.07.2020 17:45:55, поток 5] [DEBUG] Start...
[26.07.2020 17:45:55, поток 5] Берём заданные куки...
[26.07.2020 17:45:55, поток 1] Наткнулись на чекпойнт!
[26.07.2020 17:45:55, поток 1] [DEBUG] Start...
[26.07.2020 17:45:55, поток 1] Берём заданные куки...
[26.07.2020 17:45:55, поток 1] 3967736893 - это ID в чёрном списке.
[26.07.2020 17:45:56, поток 3] [DEBUG] Start...
[26.07.2020 17:45:56, поток 3] Берём заданные куки...
[26.07.2020 17:45:56, поток 7] (Ошибка) Текст ошибки: xNet.HttpException: Получен пустой ответ от HTTP-сервера 'i.instagram.com'.
   в xNet.HttpResponse.ReceiveStartingLine()
   в xNet.HttpResponse.LoadResponse(HttpMethod method)
   в xNet.HttpRequest.Request(HttpMethod method, Uri address, HttpContent content)
   в xNet.HttpRequest.Raw(HttpMethod method, Uri address, HttpContent content)
   в xNet.HttpRequest.Raw(HttpMethod method, String address, HttpContent content)
   в xNet.HttpRequest.Post(String address, RequestParams reqParams, Boolean dontEscape)
   в InstaDirectMessage_ButDev.InstagramDirectMessage.DoLogin(String email, WebProxy proxy, String UserAgent, String cookie) в D:\MaXiMAA\MaXiMAAOld\C#Готово\KWORK\InstaDirectMessage_ButDev\InstaDirectMessage_ButDev\InstagramDirectMessage.cs:строка 252
[26.07.2020 17:45:56, поток 7] [DEBUG] Start...
[26.07.2020 17:45:56, поток 7] Берём заданные куки...
[26.07.2020 17:45:56, поток 7] 4801360643 - это ID в чёрном списке.
[26.07.2020 17:45:57, поток 1] [DEBUG] Start...
[26.07.2020 17:45:57, поток 1] Берём заданные куки...
[26.07.2020 17:45:57, поток 5] [Ошибка] Что-то не так. Переделываем.
[26.07.2020 17:45:57, поток 7] [DEBUG] Start...
[26.07.2020 17:45:57, поток 7] Берём заданные куки...
[26.07.2020 17:45:58, поток 3] [Ошибка] Что-то не так. Переделываем.
[26.07.2020 17:45:59, поток 5] Спарсили куки
[26.07.2020 17:46:00, поток 3] [DEBUG] Не удалось спарсить Cookie. Плохие прокси?
[26.07.2020 17:46:00, поток 3] [DEBUG] Сменили прокси.
[26.07.2020 17:46:00, поток 3] [DEBUG] Start...
[26.07.2020 17:46:00, поток 3] Берём заданные куки...
[26.07.2020 17:46:00, поток 3] 2928327852 - это ID в чёрном списке.
[26.07.2020 17:46:02, поток 3] [DEBUG] Start...
[26.07.2020 17:46:02, поток 3] Берём заданные куки...
[26.07.2020 17:46:03, поток 5] Наткнулись на чекпойнт!
[26.07.2020 17:46:03, поток 5] [DEBUG] Start...
[26.07.2020 17:46:03, поток 5] Берём заданные куки...
[26.07.2020 17:46:03, поток 5] 22951765754 - это ID в чёрном списке.
[26.07.2020 17:46:04, поток 5] [DEBUG] Start...
[26.07.2020 17:46:04, поток 5] Берём заданные куки...
[26.07.2020 17:46:04, поток 3] [Ошибка] Что-то не так. Переделываем.
[26.07.2020 17:46:05, поток 3] [DEBUG] Не удалось спарсить Cookie. Плохие прокси?
[26.07.2020 17:46:05, поток 3] [DEBUG] Сменили прокси.
[26.07.2020 17:46:05, поток 3] [DEBUG] Start...
[26.07.2020 17:46:05, поток 3] Берём заданные куки...
[26.07.2020 17:46:05, поток 3] 4656967984 - это ID в чёрном списке.
[26.07.2020 17:46:07, поток 3] [DEBUG] Start...
[26.07.2020 17:46:07, поток 3] Берём заданные куки...
[26.07.2020 17:46:07, поток 6] [DEBUG] Start...
[26.07.2020 17:46:07, поток 6] Берём заданные куки...
[26.07.2020 17:46:09, поток 3] [Ошибка] Что-то не так. Переделываем.
[26.07.2020 17:46:10, поток 3] [DEBUG] Не удалось спарсить Cookie. Плохие прокси?
[26.07.2020 17:46:10, поток 3] [DEBUG] Сменили прокси.
[26.07.2020 17:46:10, поток 3] [DEBUG] Start...
[26.07.2020 17:46:10, поток 3] Берём заданные куки...
[26.07.2020 17:46:10, поток 3] 20569208518 - это ID в чёрном списке.
[26.07.2020 17:46:11, поток 3] [DEBUG] Start...
[26.07.2020 17:46:11, поток 3] Берём заданные куки...
[26.07.2020 17:46:12, поток 3] HTML: xNet.HttpException: Не удалось загрузить ответ от HTTP-сервера 'www.instagram.com'. ---> System.IO.IOException: Не удается прочитать данные из транспортного соединения: Удаленный хост принудительно разорвал существующее подключение. ---> System.Net.Sockets.SocketException: Удаленный хост принудительно разорвал существующее подключение
   в System.Net.Sockets.Socket.Receive(Byte[] buffer, Int32 offset, Int32 size, SocketFlags socketFlags)
   в System.Net.Sockets.NetworkStream.Read(Byte[] buffer, Int32 offset, Int32 size)
   --- Конец трассировки внутреннего стека исключений ---
   в System.Net.Sockets.NetworkStream.Read(Byte[] buffer, Int32 offset, Int32 size)
   в System.Net.FixedSizeReader.ReadPacket(Byte[] buffer, Int32 offset, Int32 count)
   в System.Net.Security._SslStream.StartFrameHeader(Byte[] buffer, Int32 offset, Int32 count, AsyncProtocolRequest asyncRequest)
   в System.Net.Security._SslStream.StartReading(Byte[] buffer, Int32 offset, Int32 count, AsyncProtocolRequest asyncRequest)
   в System.Net.Security._SslStream.ProcessRead(Byte[] buffer, Int32 offset, Int32 count, AsyncProtocolRequest asyncRequest)
   в System.Net.Security.SslStream.Read(Byte[] buffer, Int32 offset, Int32 count)
   в xNet.HttpResponse.ReceiverHelper.ReadLine()
   в xNet.HttpResponse.ReceiveStartingLine()
   в xNet.HttpResponse.LoadResponse(HttpMethod method)
   --- Конец трассировки внутреннего стека исключений ---
   в xNet.HttpResponse.LoadResponse(HttpMethod method)
   в xNet.HttpRequest.Request(HttpMethod method, Uri address, HttpContent content)
   в xNet.HttpRequest.Raw(HttpMethod method, Uri address, HttpContent content)
   в xNet.HttpRequest.Raw(HttpMethod method, String address, HttpContent content)
   в InstaDirectMessage_ButDev.InstagramDirectMessage.DoWorkPost(String postlink, WebProxy proxy, String UserAgent, String cookie) в D:\MaXiMAA\MaXiMAAOld\C#Готово\KWORK\InstaDirectMessage_ButDev\InstaDirectMessage_ButDev\InstagramDirectMessage.cs:строка 410
[26.07.2020 17:46:12, поток 3] (Ошибка) Текст ошибки: System.NullReferenceException: Ссылка на объект не указывает на экземпляр объекта.
   в InstaDirectMessage_ButDev.InstagramDirectMessage.DoWorkPost(String postlink, WebProxy proxy, String UserAgent, String cookie) в D:\MaXiMAA\MaXiMAAOld\C#Готово\KWORK\InstaDirectMessage_ButDev\InstaDirectMessage_ButDev\InstagramDirectMessage.cs:строка 428
[26.07.2020 17:46:12, поток 3] [Ошибка] Что-то не так. Переделываем.
[26.07.2020 17:46:15, поток 3] [DEBUG] Не удалось спарсить Cookie. Плохие прокси?
[26.07.2020 17:46:15, поток 3] [DEBUG] Сменили прокси.
[26.07.2020 17:46:15, поток 3] [DEBUG] Start...
[26.07.2020 17:46:15, поток 3] Берём заданные куки...
[26.07.2020 17:46:39, поток 3] [Ошибка] Что-то не так. Переделываем.
[26.07.2020 17:46:40, поток 3] [DEBUG] Не удалось спарсить Cookie. Плохие прокси?
[26.07.2020 17:46:40, поток 3] [DEBUG] Сменили прокси.
[26.07.2020 17:46:40, поток 3] [DEBUG] Start...
[26.07.2020 17:46:40, поток 3] Берём заданные куки...
[26.07.2020 17:46:40, поток 3] 15718880334 - это ID в чёрном списке.
[26.07.2020 17:46:42, поток 3] [DEBUG] Start...
[26.07.2020 17:46:42, поток 3] Берём заданные куки...
[26.07.2020 17:46:45, поток 3] [Ошибка] Что-то не так. Переделываем.
[26.07.2020 17:46:46, поток 3] [DEBUG] Не удалось спарсить Cookie. Плохие прокси?
[26.07.2020 17:46:46, поток 3] [DEBUG] Сменили прокси.
[26.07.2020 17:46:46, поток 3] [DEBUG] Start...
[26.07.2020 17:46:46, поток 3] Берём заданные куки...
[26.07.2020 17:46:46, поток 3] 6971763681 - это ID в чёрном списке.
[26.07.2020 17:46:48, поток 3] [DEBUG] Start...
[26.07.2020 17:46:48, поток 3] Берём заданные куки...
[26.07.2020 17:46:50, поток 3] [Ошибка] Что-то не так. Переделываем.
[26.07.2020 17:46:51, поток 3] [DEBUG] Не удалось спарсить Cookie. Плохие прокси?
[26.07.2020 17:46:51, поток 3] [DEBUG] Сменили прокси.
[26.07.2020 17:46:51, поток 3] [DEBUG] Start...
[26.07.2020 17:46:51, поток 3] Берём заданные куки...
[26.07.2020 17:46:51, поток 3] 19224311378 - это ID в чёрном списке.
[26.07.2020 17:46:53, поток 3] [DEBUG] Start...
[26.07.2020 17:46:53, поток 3] Берём заданные куки...
[26.07.2020 17:46:55, поток 3] [Ошибка] Что-то не так. Переделываем.
[26.07.2020 17:46:56, поток 3] [DEBUG] Не удалось спарсить Cookie. Плохие прокси?
[26.07.2020 17:46:56, поток 3] [DEBUG] Сменили прокси.
[26.07.2020 17:46:56, поток 3] [DEBUG] Start...
[26.07.2020 17:46:56, поток 3] Берём заданные куки...
[26.07.2020 17:46:56, поток 3] 5546710343 - это ID в чёрном списке.
[26.07.2020 17:46:58, поток 3] [DEBUG] Start...
[26.07.2020 17:46:58, поток 3] Берём заданные куки...
[26.07.2020 17:46:58, поток 7] HTML: xNet.HttpException: Не удалось соединиться с HTTP-сервером 'www.instagram.com'. ---> xNet.ProxyException: Получен неверный код статуса 'InternalServerError' от прокси-сервера '172.255.96.108:9177'.
   в xNet.HttpProxyClient.CreateConnection(String destinationHost, Int32 destinationPort, TcpClient tcpClient)
   в xNet.HttpRequest.CreateTcpConnection(String host, Int32 port)
   --- Конец трассировки внутреннего стека исключений ---
   в xNet.HttpRequest.CreateTcpConnection(String host, Int32 port)
   в xNet.HttpRequest.CreateConnection(Uri address)
   в xNet.HttpRequest.TryCreateConnectionOrUseExisting(Uri address, Uri previousAddress)
   в xNet.HttpRequest.Request(HttpMethod method, Uri address, HttpContent content)
   в xNet.HttpRequest.Raw(HttpMethod method, Uri address, HttpContent content)
   в xNet.HttpRequest.Raw(HttpMethod method, String address, HttpContent content)
   в InstaDirectMessage_ButDev.InstagramDirectMessage.DoWorkPost(String postlink, WebProxy proxy, String UserAgent, String cookie) в D:\MaXiMAA\MaXiMAAOld\C#Готово\KWORK\InstaDirectMessage_ButDev\InstaDirectMessage_ButDev\InstagramDirectMessage.cs:строка 410
[26.07.2020 17:46:58, поток 7] (Ошибка) Текст ошибки: System.NullReferenceException: Ссылка на объект не указывает на экземпляр объекта.
   в InstaDirectMessage_ButDev.InstagramDirectMessage.DoWorkPost(String postlink, WebProxy proxy, String UserAgent, String cookie) в D:\MaXiMAA\MaXiMAAOld\C#Готово\KWORK\InstaDirectMessage_ButDev\InstaDirectMessage_ButDev\InstagramDirectMessage.cs:строка 428
[26.07.2020 17:46:58, поток 7] [Ошибка] Что-то не так. Переделываем.
[26.07.2020 17:47:00, поток 3] [Ошибка] Что-то не так. Переделываем.
[26.07.2020 17:47:01, поток 3] [DEBUG] Не удалось спарсить Cookie. Плохие прокси?
[26.07.2020 17:47:01, поток 3] [DEBUG] Сменили прокси.
[26.07.2020 17:47:01, поток 3] [DEBUG] Start...
[26.07.2020 17:47:01, поток 3] Берём заданные куки...
[26.07.2020 17:47:01, поток 3] 7262802719 - это ID в чёрном списке.
[26.07.2020 17:47:03, поток 3] [DEBUG] Start...
[26.07.2020 17:47:03, поток 3] Берём заданные куки...
[26.07.2020 17:47:04, поток 3] [Ошибка] Что-то не так. Переделываем.
[26.07.2020 17:47:05, поток 3] [DEBUG] Не удалось спарсить Cookie. Плохие прокси?
[26.07.2020 17:47:05, поток 3] [DEBUG] Сменили прокси.
[26.07.2020 17:47:05, поток 3] [DEBUG] Start...
[26.07.2020 17:47:05, поток 3] Берём заданные куки...
[26.07.2020 17:47:05, поток 3] 4279672182 - это ID в чёрном списке.
[26.07.2020 17:47:07, поток 3] [DEBUG] Start...
[26.07.2020 17:47:07, поток 3] Берём заданные куки...
[26.07.2020 17:47:10, поток 3] [Ошибка] Что-то не так. Переделываем.
[26.07.2020 17:47:10, поток 3] [DEBUG] Не удалось спарсить Cookie. Плохие прокси?
[26.07.2020 17:47:10, поток 3] [DEBUG] Сменили прокси.
[26.07.2020 17:47:10, поток 3] [DEBUG] Start...
[26.07.2020 17:47:10, поток 3] Берём заданные куки...
[26.07.2020 17:47:10, поток 3] 11860165429 - это ID в чёрном списке.
[26.07.2020 17:47:11, поток 6] HTML: xNet.HttpException: Не удалось соединиться с HTTP-сервером 'www.instagram.com'. ---> xNet.ProxyException: Вышло время ожидания данных от прокси-сервера '172.255.96.100:9066'.
   в xNet.HttpProxyClient.WaitData(NetworkStream nStream)
   в xNet.HttpProxyClient.ReceiveResponse(NetworkStream nStream)
   в xNet.HttpProxyClient.CreateConnection(String destinationHost, Int32 destinationPort, TcpClient tcpClient)
   в xNet.HttpRequest.CreateTcpConnection(String host, Int32 port)
   --- Конец трассировки внутреннего стека исключений ---
   в xNet.HttpRequest.CreateTcpConnection(String host, Int32 port)
   в xNet.HttpRequest.CreateConnection(Uri address)
   в xNet.HttpRequest.TryCreateConnectionOrUseExisting(Uri address, Uri previousAddress)
   в xNet.HttpRequest.Request(HttpMethod method, Uri address, HttpContent content)
   в xNet.HttpRequest.Raw(HttpMethod method, Uri address, HttpContent content)
   в xNet.HttpRequest.Raw(HttpMethod method, String address, HttpContent content)
   в InstaDirectMessage_ButDev.InstagramDirectMessage.DoWorkPost(String postlink, WebProxy proxy, String UserAgent, String cookie) в D:\MaXiMAA\MaXiMAAOld\C#Готово\KWORK\InstaDirectMessage_ButDev\InstaDirectMessage_ButDev\InstagramDirectMessage.cs:строка 410
[26.07.2020 17:47:11, поток 6] (Ошибка) Текст ошибки: System.NullReferenceException: Ссылка на объект не указывает на экземпляр объекта.
   в InstaDirectMessage_ButDev.InstagramDirectMessage.DoWorkPost(String postlink, WebProxy proxy, String UserAgent, String cookie) в D:\MaXiMAA\MaXiMAAOld\C#Готово\KWORK\InstaDirectMessage_ButDev\InstaDirectMessage_ButDev\InstagramDirectMessage.cs:строка 428
[26.07.2020 17:47:11, поток 6] [Ошибка] Что-то не так. Переделываем.
[26.07.2020 17:47:12, поток 3] [DEBUG] Start...
[26.07.2020 17:47:12, поток 3] Берём заданные куки...
[26.07.2020 17:47:35, поток 3] [Ошибка] Что-то не так. Переделываем.
[26.07.2020 17:47:36, поток 3] Спарсили куки
[26.07.2020 17:47:38, поток 3] Наткнулись на чекпойнт!
[26.07.2020 17:47:38, поток 3] [DEBUG] Start...
[26.07.2020 17:47:38, поток 3] Берём заданные куки...
[26.07.2020 17:47:38, поток 3] 18509760070 - это ID в чёрном списке.
[26.07.2020 17:47:40, поток 3] [DEBUG] Start...
[26.07.2020 17:47:40, поток 3] Берём заданные куки...
[26.07.2020 17:47:41, поток 3] [Ошибка] Что-то не так. Переделываем.
[26.07.2020 17:47:42, поток 3] Спарсили куки
[26.07.2020 17:47:43, поток 6] [DEBUG, ERROR] xNet.HttpException: Не удалось соединиться с HTTP-сервером 'www.instagram.com'. ---> xNet.ProxyException: Получен неверный код статуса 'InternalServerError' от прокси-сервера '172.255.96.100:9066'.
   в xNet.HttpProxyClient.CreateConnection(String destinationHost, Int32 destinationPort, TcpClient tcpClient)
   в xNet.HttpRequest.CreateTcpConnection(String host, Int32 port)
   --- Конец трассировки внутреннего стека исключений ---
   в xNet.HttpRequest.CreateTcpConnection(String host, Int32 port)
   в xNet.HttpRequest.CreateConnection(Uri address)
   в xNet.HttpRequest.TryCreateConnectionOrUseExisting(Uri address, Uri previousAddress)
   в xNet.HttpRequest.Request(HttpMethod method, Uri address, HttpContent content)
   в xNet.HttpRequest.Raw(HttpMethod method, Uri address, HttpContent content)
   в xNet.HttpRequest.Raw(HttpMethod method, String address, HttpContent content)
   в InstaDirectMessage_ButDev.InstagramDirectMessage.GetCookie() в D:\MaXiMAA\MaXiMAAOld\C#Готово\KWORK\InstaDirectMessage_ButDev\InstaDirectMessage_ButDev\InstagramDirectMessage.cs:строка 67
   в InstaDirectMessage_ButDev.InstagramDirectMessage..ctor(String Mail, String password, String id, String cookies, String DEVICEID, String ADID, String GUID, String PHONE_ID, Int32 Index, String Time, Int32 tt, String type, String text, Int32 delay, String link, String postlink, String ua) в D:\MaXiMAA\MaXiMAAOld\C#Готово\KWORK\InstaDirectMessage_ButDev\InstaDirectMessage_ButDev\InstagramDirectMessage.cs:строка 197
[26.07.2020 17:47:43, поток 6] [DEBUG] Сменили прокси.
[26.07.2020 17:47:44, поток 3] Наткнулись на чекпойнт!
[26.07.2020 17:47:44, поток 3] [DEBUG] Start...
[26.07.2020 17:47:44, поток 3] Берём заданные куки...
[26.07.2020 17:47:44, поток 3] 5481796832 - это ID в чёрном списке.
[26.07.2020 17:47:46, поток 3] [DEBUG] Start...
[26.07.2020 17:47:46, поток 3] Берём заданные куки...
[26.07.2020 17:47:48, поток 3] [Ошибка] Что-то не так. Переделываем.
[26.07.2020 17:47:49, поток 3] Спарсили куки
[26.07.2020 17:47:52, поток 3] Наткнулись на чекпойнт!
[26.07.2020 17:47:52, поток 3] [DEBUG] Start...
[26.07.2020 17:47:52, поток 3] Берём заданные куки...
[26.07.2020 17:47:52, поток 3] 3274772324 - это ID в чёрном списке.
[26.07.2020 17:47:59, поток 7] [DEBUG, ERROR] xNet.HttpException: Не удалось соединиться с HTTP-сервером 'www.instagram.com'. ---> xNet.ProxyException: Получен неверный код статуса 'InternalServerError' от прокси-сервера '172.255.96.108:9177'.
   в xNet.HttpProxyClient.CreateConnection(String destinationHost, Int32 destinationPort, TcpClient tcpClient)
   в xNet.HttpRequest.CreateTcpConnection(String host, Int32 port)
   --- Конец трассировки внутреннего стека исключений ---
   в xNet.HttpRequest.CreateTcpConnection(String host, Int32 port)
   в xNet.HttpRequest.CreateConnection(Uri address)
   в xNet.HttpRequest.TryCreateConnectionOrUseExisting(Uri address, Uri previousAddress)
   в xNet.HttpRequest.Request(HttpMethod method, Uri address, HttpContent content)
   в xNet.HttpRequest.Raw(HttpMethod method, Uri address, HttpContent content)
   в xNet.HttpRequest.Raw(HttpMethod method, String address, HttpContent content)
   в InstaDirectMessage_ButDev.InstagramDirectMessage.GetCookie() в D:\MaXiMAA\MaXiMAAOld\C#Готово\KWORK\InstaDirectMessage_ButDev\InstaDirectMessage_ButDev\InstagramDirectMessage.cs:строка 67
   в InstaDirectMessage_ButDev.InstagramDirectMessage..ctor(String Mail, String password, String id, String cookies, String DEVICEID, String ADID, String GUID, String PHONE_ID, Int32 Index, String Time, Int32 tt, String type, String text, Int32 delay, String link, String postlink, String ua) в D:\MaXiMAA\MaXiMAAOld\C#Готово\KWORK\InstaDirectMessage_ButDev\InstaDirectMessage_ButDev\InstagramDirectMessage.cs:строка 197
[26.07.2020 17:47:59, поток 7] [DEBUG] Сменили прокси.
