[10.07.2020 10:30:12, поток 0] Определили регион прокси - be-BY
[10.07.2020 10:30:13, поток 0] Спарсили куки
[10.07.2020 10:30:13, поток 0] Начинаем регистрацию...
[10.07.2020 10:30:14, поток 0] Instagram отправил письмо на на почту - creanniesdelo@wanadoo.fr
[10.07.2020 10:31:26, поток 0] Что-то не так с IMAP - creanniesdelo@wanadoo.fr:lcelo2013
[10.07.2020 10:32:38, поток 0] Что-то не так с IMAP - creanniesdelo@wanadoo.fr:lcelo2013
[10.07.2020 10:33:42, поток 0] Что-то не так с IMAP - creanniesdelo@wanadoo.fr:lcelo2013
[10.07.2020 10:33:42, поток 0] Отправили код подтверждения.
[10.07.2020 10:33:43, поток 0] Пробуем зарегистрировать аккаунт.
[10.07.2020 10:33:43, поток 0] Ошибка при регистрации - Dulcie5658_Aida811:dMAPlLwg5TVP6CGjdg1B:127.0.0.1:8888:mozilla/5.0 (linux; Android 6.0; VF-895N Build/LRX22G; wv) AppleWebKit/537.36 (KHTML, like Gecko) Version/4.0 Chrome/63.0.3239.111 Mobile Safari/537.36 [FB_IAB/FB4A;FBAV/143.0.0.32.90;]:creanniesdelo@wanadoo.fr:be-BY
[10.07.2020 10:33:48, поток 0] Определили регион прокси - be-BY
[10.07.2020 10:33:49, поток 0] Спарсили куки
[10.07.2020 10:33:49, поток 0] Начинаем регистрацию...
[10.07.2020 10:33:50, поток 0] Instagram отправил письмо на на почту - gherabi.laura@wanadoo.fr
[10.07.2020 10:36:43, поток 0] Определили регион прокси - be-BY
[10.07.2020 10:36:44, поток 0] Спарсили куки
[10.07.2020 10:36:44, поток 0] Начинаем регистрацию...
[10.07.2020 10:36:44, поток 0] Instagram отправил письмо на на почту - creanniesdelo@wanadoo.fr
[10.07.2020 10:45:18, поток 0] Определили регион прокси - be-BY
[10.07.2020 10:45:19, поток 0] Спарсили куки
[10.07.2020 10:45:19, поток 0] Начинаем регистрацию...
[10.07.2020 10:45:20, поток 0] Instagram отправил письмо на на почту - creanniesdelo@wanadoo.fr
[10.07.2020 10:51:40, поток 0] Определили регион прокси - be-BY
[10.07.2020 10:51:41, поток 0] Спарсили куки
[10.07.2020 10:51:41, поток 0] Начинаем регистрацию...
[10.07.2020 10:51:42, поток 0] Instagram отправил письмо на на почту - cooper.christian@orange.fr
[10.07.2020 10:56:14, поток 0] Определили регион прокси - be-BY
[10.07.2020 10:56:15, поток 0] Спарсили куки
[10.07.2020 10:56:15, поток 0] Начинаем регистрацию...
[10.07.2020 10:56:15, поток 0] Instagram отправил письмо на на почту - zasdfgrew2020@mail.ru
[10.07.2020 10:56:59, поток 0] Отправили код подтверждения.
[10.07.2020 10:57:00, поток 0] Пробуем зарегистрировать аккаунт.
[10.07.2020 10:57:00, поток 0] Ошибка при регистрации - Marianna50659_Sufi912:1FI_8vfUHBnnYAe8P0Oe:127.0.0.1:8888:Mozilla/5.0 (Windows NT 10.0; Win64; x64) AppleWebKit/537.36 (KHTML, like Gecko) Chrome/73.0.3683.86 Safari/537.36:zasdfgrew2020@mail.ru:be-BY
[10.07.2020 11:02:36, поток 0] Определили регион прокси - be-BY
[10.07.2020 11:02:36, поток 0] Спарсили куки
[10.07.2020 11:02:36, поток 0] Начинаем регистрацию...
[10.07.2020 11:02:37, поток 0] Instagram отправил письмо на на почту - zasdfgrew2020@mail.ru
[10.07.2020 11:04:53, поток 0] Определили регион прокси - be-BY
[10.07.2020 11:04:54, поток 0] Спарсили куки
[10.07.2020 11:04:54, поток 0] Начинаем регистрацию...
[10.07.2020 11:04:55, поток 0] Instagram отправил письмо на на почту - zasdfgrew2020@mail.ru
[10.07.2020 11:07:09, поток 0] Определили регион прокси - be-BY
[10.07.2020 11:07:10, поток 0] Спарсили куки
[10.07.2020 11:07:10, поток 0] Начинаем регистрацию...
[10.07.2020 11:07:30, поток 0] Определили регион прокси - ru-RU
[10.07.2020 11:07:33, поток 0] Спарсили куки
[10.07.2020 11:07:33, поток 0] Начинаем регистрацию...
[10.07.2020 11:08:53, поток 0] Определили регион прокси - ru-RU
[10.07.2020 11:08:57, поток 0] Спарсили куки
[10.07.2020 11:08:57, поток 0] Начинаем регистрацию...
[10.07.2020 11:08:59, поток 0] Instagram отправил письмо на на почту - zasdfgrew2020@mail.ru
[10.07.2020 11:09:42, поток 0] Отправили код подтверждения.
[10.07.2020 11:09:43, поток 0] Пробуем зарегистрировать аккаунт.
[10.07.2020 11:09:43, поток 0] Ошибка при регистрации - Katherine6590_Miles549:9Qj71vuzgOB23SKSrFy1:185.86.151.217:8110:l3ntvv:NGJKov:Mozilla/5.0 (Windows NT 6.1; WOW64) AppleWebKit/537.36 (KHTML, like Gecko) Chrome/76.0.3809.132 YaBrowser/19.9.3.314 Yowser/2.5 Safari/537.36:zasdfgrew2020@mail.ru:ru-RU
[10.07.2020 11:13:16, поток 0] Определили регион прокси - ru-RU
[10.07.2020 11:13:37, поток 0] Спарсили куки
[10.07.2020 11:13:37, поток 0] Начинаем регистрацию...
[10.07.2020 11:13:44, поток 0] Instagram отправил письмо на на почту - zasdfgrew2020@mail.ru
[10.07.2020 11:13:57, поток 0] Определили регион прокси - ru-RU
[10.07.2020 11:14:08, поток 0] Спарсили куки
[10.07.2020 11:14:08, поток 0] Начинаем регистрацию...
[10.07.2020 11:14:12, поток 0] Instagram отправил письмо на на почту - zasdfgrew2020@mail.ru
[10.07.2020 11:14:45, поток 0] Отправили код подтверждения.
[10.07.2020 11:14:45, поток 0] Отправили код подтверждения.
[10.07.2020 11:19:30, поток 0] Определили регион прокси - ru-RU
[10.07.2020 11:20:06, поток 0] Спарсили куки
[10.07.2020 11:20:06, поток 0] Начинаем регистрацию...
[10.07.2020 11:21:16, поток 0] Определили регион прокси - ru-RU
[10.07.2020 11:21:19, поток 0] Спарсили куки
[10.07.2020 11:21:19, поток 0] Начинаем регистрацию...
[10.07.2020 11:21:20, поток 0] Instagram отправил письмо на на почту - zasdfgrew2020@mail.ru
[10.07.2020 11:27:48, поток 0] Определили регион прокси - ru-RU
[10.07.2020 11:27:50, поток 0] Спарсили куки
[10.07.2020 11:27:50, поток 0] Начинаем регистрацию...
[10.07.2020 11:27:51, поток 0] Instagram отправил письмо на на почту - zasdfgrew2020@mail.ru
[10.07.2020 11:36:27, поток 0] Определили регион прокси - ru-RU
[10.07.2020 11:36:35, поток 0] Спарсили куки
[10.07.2020 11:36:35, поток 0] Начинаем регистрацию...
[10.07.2020 11:36:37, поток 0] Instagram отправил письмо на на почту - zasdfgrew2020@mail.ru
[10.07.2020 11:37:15, поток 0] Отправили код подтверждения.
[10.07.2020 11:37:21, поток 0] Пробуем зарегистрировать аккаунт.
[10.07.2020 11:37:21, поток 0] Ошибка при регистрации - Paulina50_Gabriella606:vZYT222HWa5Rs4NvSPm7:185.86.151.217:8167:l3ntvv:NGJKov:Mozilla/5.0 (Windows NT 10.0) AppleWebKit/537.36 (KHTML, like Gecko) Chrome/77.0.3865.120 Safari/537.36:zasdfgrew2020@mail.ru:ru-RU
[10.07.2020 11:40:52, поток 0] Определили регион прокси - ru-RU
[10.07.2020 11:41:06, поток 0] Спарсили куки
[10.07.2020 11:41:06, поток 0] Начинаем регистрацию...
[10.07.2020 11:41:12, поток 0] Instagram отправил письмо на на почту - zasdfgrew2020@mail.ru
[10.07.2020 11:41:43, поток 0] Отправили код подтверждения.
[10.07.2020 11:41:51, поток 0] Пробуем зарегистрировать аккаунт.
[10.07.2020 11:41:51, поток 0] Чекпойнт - Imogene9059_Alsu450:L3zgOnV1xBsMtDmwBwbh:185.86.151.217:8167:l3ntvv:NGJKov:Mozilla/5.0 (Windows NT 10.0; Win64; x64; rv:69.0) Gecko/20100101 Firefox/69.0:zasdfgrew2020@mail.ru:ru-RU
[10.07.2020 11:58:08, поток 0] Определили регион прокси - ru-RU
[10.07.2020 11:58:18, поток 0] Спарсили куки
[10.07.2020 11:58:18, поток 0] Начинаем регистрацию...
[10.07.2020 11:58:23, поток 0] Instagram отправил письмо на на почту - zasdfgrew2020@mail.ru
[10.07.2020 11:58:49, поток 0] Отправили код подтверждения.
[10.07.2020 11:58:52, поток 0] Пробуем зарегистрировать аккаунт.
[10.07.2020 11:58:52, поток 0] Чекпойнт - Popova55806889_Olivieri297:ru1dKIMIS70kv_1xvEHg:185.86.151.217:8167:l3ntvv:NGJKov:mozilla/5.0 (linux; Android 6.0.1; GLOW 10.1 3G 3.1 8GB Build/MRA58K; wv) AppleWebKit/537.36 (KHTML, like Gecko) Version/4.0 Chrome/63.0.3239.111 Safari/537.36 [FB_IAB/FB4A;FBAV/179.0.0.44.83;]:zasdfgrew2020@mail.ru:ru-RU
