[13.04.2020 11:02:58, поток 0] Парсим куки...
[13.04.2020 11:03:00, поток 0] Спарсили куки
[13.04.2020 11:03:00, поток 0] Получили куки...
[13.04.2020 11:03:00, поток 0] Начинаем парсинг...
[13.04.2020 11:03:20, поток 0] (Ошибка) Текст ошибки: xNet.HttpException: Не удалось установить SSL-соединение с HTTP-сервером 'www.instagram.com'. ---> System.IO.IOException: Аутентификация не пройдена из-за закрытия транспортного потока удаленной стороной.
   в System.Net.Security.SslState.StartReadFrame(Byte[] buffer, Int32 readBytes, AsyncProtocolRequest asyncRequest)
   в System.Net.Security.SslState.StartReceiveBlob(Byte[] buffer, AsyncProtocolRequest asyncRequest)
   в System.Net.Security.SslState.CheckCompletionBeforeNextReceive(ProtocolToken message, AsyncProtocolRequest asyncRequest)
   в System.Net.Security.SslState.StartSendBlob(Byte[] incoming, Int32 count, AsyncProtocolRequest asyncRequest)
   в System.Net.Security.SslState.ForceAuthentication(Boolean receiveFirst, Byte[] buffer, AsyncProtocolRequest asyncRequest)
   в System.Net.Security.SslState.ProcessAuthentication(LazyAsyncResult lazyResult)
   в System.Net.Security.SslStream.AuthenticateAsClient(String targetHost, X509CertificateCollection clientCertificates, SslProtocols enabledSslProtocols, Boolean checkCertificateRevocation)
   в System.Net.Security.SslStream.AuthenticateAsClient(String targetHost)
   в xNet.HttpRequest.CreateConnection(Uri address)
   --- Конец трассировки внутреннего стека исключений ---
   в xNet.HttpRequest.CreateConnection(Uri address)
   в xNet.HttpRequest.TryCreateConnectionOrUseExisting(Uri address, Uri previousAddress)
   в xNet.HttpRequest.Request(HttpMethod method, Uri address, HttpContent content)
   в xNet.HttpRequest.Raw(HttpMethod method, Uri address, HttpContent content)
   в xNet.HttpRequest.Raw(HttpMethod method, String address, HttpContent content)
   в xNet.HttpRequest.Post(String address, RequestParams reqParams, Boolean dontEscape)
   в InstaDirectMessage_ButDev.InstagramFollowersParser.DoLogin(String cookie) в D:\MaXiMAA\MaXiMAAOld\C#Готово\KWORK\InstaDirectMessage_ButDev\InstaDirectMessage_ButDev\InstagramFollowersParser.cs:строка 238
[13.04.2020 11:03:21, поток 0] Парсинг конкурента "3934377970" закончен!
[13.04.2020 11:06:47, поток 0] Парсим куки...
[13.04.2020 11:06:48, поток 0] Спарсили куки
[13.04.2020 11:06:48, поток 0] Получили куки...
[13.04.2020 11:06:48, поток 0] Начинаем парсинг...
[13.04.2020 11:06:51, поток 0] (Ошибка) Текст ошибки: System.ArgumentOutOfRangeException: startIndex должен быть меньше, чем длина строки.
Имя параметра: startIndex
   в System.String.Remove(Int32 startIndex)
   в InstaDirectMessage_ButDev.InstagramFollowersParser.DoLogin(String cookie) в D:\MaXiMAA\MaXiMAAOld\C#Готово\KWORK\InstaDirectMessage_ButDev\InstaDirectMessage_ButDev\InstagramFollowersParser.cs:строка 260
[13.04.2020 11:06:52, поток 0] Парсинг конкурента "3934377970" закончен!
[13.04.2020 11:09:48, поток 0] Парсим куки...
[13.04.2020 11:09:49, поток 0] Спарсили куки
[13.04.2020 11:09:49, поток 0] Получили куки...
[13.04.2020 11:09:49, поток 0] Начинаем парсинг...
[13.04.2020 11:09:52, поток 0] Парсинг конкурента "3934377970" закончен!
[13.04.2020 11:57:55, поток 0] Парсим куки...
[13.04.2020 11:57:56, поток 0] Спарсили куки
[13.04.2020 11:57:56, поток 0] Получили куки...
[13.04.2020 11:57:56, поток 0] Начинаем парсинг...
[13.04.2020 11:57:59, поток 0] Парсинг конкурента "3934377970" закончен!
[13.04.2020 13:33:10, поток 0] Парсим куки...
[13.04.2020 13:33:12, поток 0] Спарсили куки
[13.04.2020 13:33:12, поток 0] Получили куки...
[13.04.2020 13:33:12, поток 0] Начинаем парсинг...
[13.04.2020 13:33:16, поток 0] Парсинг конкурента "3934377970" закончен!
[13.04.2020 13:37:14, поток 0] Парсим куки...
[13.04.2020 13:37:17, поток 0] Спарсили куки
[13.04.2020 13:37:17, поток 0] Получили куки...
[13.04.2020 13:37:17, поток 0] Начинаем парсинг...
[13.04.2020 13:37:21, поток 0] (Ошибка) Текст ошибки: System.NullReferenceException: Ссылка на объект не указывает на экземпляр объекта.
   в InstaDirectMessage_ButDev.InstagramFollowersParser.GetData(String cookie) в D:\MaXiMAA\MaXiMAAOld\C#Готово\KWORK\InstaDirectMessage_ButDev\InstaDirectMessage_ButDev\InstagramFollowersParser.cs:строка 368
[13.04.2020 13:37:21, поток 0] Спарсили часть...
[13.04.2020 13:37:21, поток 0] [DEBUG] Сменили прокси.
[13.04.2020 13:37:21, поток 0] [DEBUG] Сменили аккаунт.
[13.04.2020 13:37:21, поток 0] Что-то не так, пытаемся спарсить снова.
[13.04.2020 13:37:21, поток 0] Парсим куки...
[13.04.2020 13:37:22, поток 0] Спарсили куки
[13.04.2020 13:37:22, поток 0] Получили куки...
[13.04.2020 13:37:22, поток 0] Начинаем парсинг...
[13.04.2020 13:37:27, поток 0] (Ошибка) Текст ошибки: System.NullReferenceException: Ссылка на объект не указывает на экземпляр объекта.
   в InstaDirectMessage_ButDev.InstagramFollowersParser.GetData(String cookie) в D:\MaXiMAA\MaXiMAAOld\C#Готово\KWORK\InstaDirectMessage_ButDev\InstaDirectMessage_ButDev\InstagramFollowersParser.cs:строка 368
[13.04.2020 13:37:27, поток 0] Спарсили часть...
[13.04.2020 13:37:27, поток 0] [DEBUG] Сменили прокси.
[13.04.2020 13:37:27, поток 0] [DEBUG] Сменили аккаунт.
[13.04.2020 13:37:27, поток 0] Что-то не так, пытаемся спарсить снова.
[13.04.2020 13:37:27, поток 0] Парсим куки...
[13.04.2020 13:37:28, поток 0] Спарсили куки
[13.04.2020 13:37:28, поток 0] Получили куки...
[13.04.2020 13:37:28, поток 0] Начинаем парсинг...
[13.04.2020 13:37:31, поток 0] Парсинг конкурента "3934377970" закончен!
[13.04.2020 13:53:50, поток 0] Парсим куки...
[13.04.2020 13:53:54, поток 0] Спарсили куки
[13.04.2020 13:53:54, поток 0] Получили куки...
[13.04.2020 13:53:54, поток 0] Начинаем парсинг...
[13.04.2020 13:53:59, поток 0] (Ошибка) Текст ошибки: System.NullReferenceException: Ссылка на объект не указывает на экземпляр объекта.
   в InstaDirectMessage_ButDev.InstagramFollowersParser.GetFirstData(String cookie) в D:\MaXiMAA\MaXiMAAOld\C#Готово\KWORK\InstaDirectMessage_ButDev\InstaDirectMessage_ButDev\InstagramFollowersParser.cs:строка 317
[13.04.2020 13:53:59, поток 0] [DEBUG] Сменили прокси.
[13.04.2020 13:53:59, поток 0] [DEBUG] Сменили аккаунт.
[13.04.2020 13:53:59, поток 0] Что-то не так, пытаемся спарсить снова.
[13.04.2020 13:53:59, поток 0] Парсим куки...
[13.04.2020 13:54:01, поток 0] Спарсили куки
[13.04.2020 13:54:01, поток 0] Получили куки...
[13.04.2020 13:54:01, поток 0] Начинаем парсинг...
[13.04.2020 13:54:05, поток 0] (Ошибка) Текст ошибки: System.NullReferenceException: Ссылка на объект не указывает на экземпляр объекта.
   в InstaDirectMessage_ButDev.InstagramFollowersParser.GetFirstData(String cookie) в D:\MaXiMAA\MaXiMAAOld\C#Готово\KWORK\InstaDirectMessage_ButDev\InstaDirectMessage_ButDev\InstagramFollowersParser.cs:строка 317
[13.04.2020 13:54:05, поток 0] [DEBUG] Сменили прокси.
[13.04.2020 13:54:05, поток 0] [DEBUG] Сменили аккаунт.
[13.04.2020 13:54:05, поток 0] Что-то не так, пытаемся спарсить снова.
[13.04.2020 13:54:05, поток 0] Парсим куки...
[13.04.2020 13:54:06, поток 0] Спарсили куки
[13.04.2020 13:54:06, поток 0] Получили куки...
[13.04.2020 13:54:06, поток 0] Начинаем парсинг...
[13.04.2020 13:54:09, поток 0] (Ошибка) Текст ошибки: System.NullReferenceException: Ссылка на объект не указывает на экземпляр объекта.
   в InstaDirectMessage_ButDev.InstagramFollowersParser.GetFirstData(String cookie) в D:\MaXiMAA\MaXiMAAOld\C#Готово\KWORK\InstaDirectMessage_ButDev\InstaDirectMessage_ButDev\InstagramFollowersParser.cs:строка 317
[13.04.2020 13:54:09, поток 0] [DEBUG] Сменили прокси.
[13.04.2020 13:54:09, поток 0] [DEBUG] Сменили аккаунт.
[13.04.2020 13:54:09, поток 0] Что-то не так, пытаемся спарсить снова.
[13.04.2020 14:14:19, поток 0] Парсим куки...
[13.04.2020 14:14:21, поток 0] Спарсили куки
[13.04.2020 14:14:21, поток 0] Получили куки...
[13.04.2020 14:14:21, поток 0] Начинаем парсинг...
[13.04.2020 14:14:24, поток 0] (Ошибка) Текст ошибки: System.NullReferenceException: Ссылка на объект не указывает на экземпляр объекта.
   в InstaDirectMessage_ButDev.InstagramFollowersParser.GetData(String cookie) в D:\MaXiMAA\MaXiMAAOld\C#Готово\KWORK\InstaDirectMessage_ButDev\InstaDirectMessage_ButDev\InstagramFollowersParser.cs:строка 376
[13.04.2020 14:14:24, поток 0] Спарсили часть...
[13.04.2020 14:14:24, поток 0] [DEBUG] Сменили прокси.
[13.04.2020 14:14:24, поток 0] [DEBUG] Сменили аккаунт.
[13.04.2020 14:14:24, поток 0] Что-то не так, пытаемся спарсить снова.
[13.04.2020 14:14:24, поток 0] Парсим куки...
[13.04.2020 14:14:26, поток 0] Спарсили куки
[13.04.2020 14:14:26, поток 0] Получили куки...
[13.04.2020 14:14:26, поток 0] Начинаем парсинг...
[13.04.2020 14:14:29, поток 0] (Ошибка) Текст ошибки: System.NullReferenceException: Ссылка на объект не указывает на экземпляр объекта.
   в InstaDirectMessage_ButDev.InstagramFollowersParser.GetData(String cookie) в D:\MaXiMAA\MaXiMAAOld\C#Готово\KWORK\InstaDirectMessage_ButDev\InstaDirectMessage_ButDev\InstagramFollowersParser.cs:строка 376
[13.04.2020 14:14:29, поток 0] Спарсили часть...
[13.04.2020 14:14:29, поток 0] [DEBUG] Сменили прокси.
[13.04.2020 14:14:29, поток 0] [DEBUG] Сменили аккаунт.
[13.04.2020 14:14:29, поток 0] Что-то не так, пытаемся спарсить снова.
[13.04.2020 14:14:29, поток 0] Парсим куки...
[13.04.2020 14:14:30, поток 0] Спарсили куки
[13.04.2020 14:14:30, поток 0] Получили куки...
[13.04.2020 14:14:30, поток 0] Начинаем парсинг...
[13.04.2020 14:14:31, поток 0] Парсинг конкурента "3934377970" закончен!
[13.04.2020 14:15:45, поток 0] Парсим куки...
[13.04.2020 14:15:47, поток 0] Спарсили куки
[13.04.2020 14:15:47, поток 0] Получили куки...
[13.04.2020 14:15:47, поток 0] Начинаем парсинг...
[13.04.2020 14:15:52, поток 0] Спарсили часть...
[13.04.2020 14:15:52, поток 0] Спарсили часть...
[13.04.2020 14:15:52, поток 0] Спарсили часть...
[13.04.2020 14:15:52, поток 0] Спарсили часть...
[13.04.2020 14:15:52, поток 0] Парсинг конкурента "3934377970" закончен!
[13.04.2020 14:46:43, поток 0] Парсим куки...
[13.04.2020 14:46:45, поток 0] Спарсили куки
[13.04.2020 14:46:45, поток 0] Получили куки...
[13.04.2020 14:46:45, поток 0] Начинаем парсинг...
[13.04.2020 14:46:49, поток 0] Спарсили часть...
[13.04.2020 14:46:49, поток 0] Спарсили часть...
[13.04.2020 14:46:49, поток 0] Спарсили часть...
[13.04.2020 14:46:50, поток 0] Спарсили часть...
[13.04.2020 14:46:50, поток 0] Спарсили часть...
[13.04.2020 14:46:50, поток 0] Спарсили часть...
[13.04.2020 14:46:50, поток 0] Парсинг конкурента "3934377970" закончен!
[13.04.2020 15:29:24, поток 0] Парсим куки...
[13.04.2020 15:29:25, поток 0] Спарсили куки
[13.04.2020 15:29:25, поток 0] Получили куки...
[13.04.2020 15:29:25, поток 0] Начинаем парсинг...
[13.04.2020 15:29:29, поток 0] Парсинг конкурента "3934377970" закончен!
[13.04.2020 15:30:44, поток 0] Парсим куки...
[13.04.2020 15:30:49, поток 0] Спарсили куки
[13.04.2020 15:30:49, поток 0] Получили куки...
[13.04.2020 15:30:49, поток 0] Начинаем парсинг...
[13.04.2020 15:30:51, поток 0] Парсинг конкурента "3934377970" закончен!
[13.04.2020 16:18:33, поток 0] Парсим куки...
[13.04.2020 16:18:34, поток 0] Спарсили куки
[13.04.2020 16:18:34, поток 0] Получили куки...
[13.04.2020 16:18:34, поток 0] Начинаем парсинг...
[13.04.2020 16:18:38, поток 0] Парсинг конкурента "3934377970" закончен!
[13.04.2020 16:19:51, поток 0] Парсим куки...
[13.04.2020 16:19:52, поток 0] Спарсили куки
[13.04.2020 16:19:52, поток 0] Получили куки...
[13.04.2020 16:19:52, поток 0] Начинаем парсинг...
[13.04.2020 16:19:58, поток 0] Спарсили часть...
[13.04.2020 16:19:58, поток 0] Спарсили часть...
[13.04.2020 16:19:59, поток 0] Спарсили часть...
[13.04.2020 16:19:59, поток 0] Спарсили часть...
[13.04.2020 16:19:59, поток 0] Спарсили часть...
[13.04.2020 16:20:00, поток 0] Спарсили часть...
[13.04.2020 16:20:00, поток 0] Спарсили часть...
[13.04.2020 16:20:00, поток 0] Спарсили часть...
[13.04.2020 16:20:00, поток 0] Спарсили часть...
[13.04.2020 16:20:01, поток 0] Спарсили часть...
[13.04.2020 16:20:01, поток 0] Спарсили часть...
[13.04.2020 16:20:01, поток 0] Спарсили часть...
[13.04.2020 16:20:02, поток 0] Спарсили часть...
[13.04.2020 16:20:02, поток 0] Спарсили часть...
[13.04.2020 16:20:02, поток 0] Спарсили часть...
[13.04.2020 16:20:02, поток 0] Спарсили часть...
[13.04.2020 16:20:03, поток 0] Спарсили часть...
[13.04.2020 16:20:03, поток 0] Спарсили часть...
[13.04.2020 16:20:03, поток 0] Спарсили часть...
[13.04.2020 16:20:04, поток 0] Спарсили часть...
[13.04.2020 16:20:04, поток 0] Спарсили часть...
[13.04.2020 16:20:04, поток 0] Спарсили часть...
[13.04.2020 16:20:04, поток 0] Спарсили часть...
[13.04.2020 16:20:05, поток 0] Спарсили часть...
[13.04.2020 16:20:05, поток 0] Спарсили часть...
[13.04.2020 16:20:05, поток 0] Спарсили часть...
[13.04.2020 16:20:05, поток 0] Спарсили часть...
[13.04.2020 16:20:06, поток 0] Спарсили часть...
[13.04.2020 16:20:06, поток 0] Спарсили часть...
[13.04.2020 16:20:06, поток 0] Спарсили часть...
[13.04.2020 16:20:06, поток 0] Спарсили часть...
[13.04.2020 16:20:07, поток 0] Спарсили часть...
[13.04.2020 16:20:07, поток 0] Спарсили часть...
[13.04.2020 16:20:07, поток 0] Парсинг конкурента "3934377970" закончен!
[13.04.2020 16:54:59, поток 0] Парсим куки...
[13.04.2020 16:55:01, поток 0] Спарсили куки
[13.04.2020 16:55:01, поток 0] Получили куки...
[13.04.2020 16:55:01, поток 0] Начинаем парсинг...
[13.04.2020 16:55:05, поток 0] Спарсили часть...
[13.04.2020 16:55:07, поток 0] Спарсили часть...
[13.04.2020 16:55:08, поток 0] Спарсили часть...
[13.04.2020 16:55:09, поток 0] Спарсили часть...
[13.04.2020 16:55:10, поток 0] Спарсили часть...
[13.04.2020 16:55:11, поток 0] Спарсили часть...
[13.04.2020 16:55:12, поток 0] Спарсили часть...
[13.04.2020 16:55:13, поток 0] Спарсили часть...
[13.04.2020 16:55:15, поток 0] Спарсили часть...
[13.04.2020 16:55:16, поток 0] Спарсили часть...
[13.04.2020 16:55:17, поток 0] Спарсили часть...
[13.04.2020 16:55:18, поток 0] Спарсили часть...
[13.04.2020 16:55:20, поток 0] Спарсили часть...
[13.04.2020 16:55:21, поток 0] Спарсили часть...
[13.04.2020 16:55:22, поток 0] Спарсили часть...
[13.04.2020 16:55:23, поток 0] Спарсили часть...
[13.04.2020 16:55:25, поток 0] Спарсили часть...
[13.04.2020 16:55:26, поток 0] Спарсили часть...
[13.04.2020 16:55:27, поток 0] Спарсили часть...
[13.04.2020 16:55:28, поток 0] Спарсили часть...
[13.04.2020 16:55:29, поток 0] Спарсили часть...
[13.04.2020 16:55:30, поток 0] Спарсили часть...
[13.04.2020 16:55:31, поток 0] Спарсили часть...
[13.04.2020 16:55:32, поток 0] Спарсили часть...
[13.04.2020 16:55:33, поток 0] Спарсили часть...
[13.04.2020 16:55:34, поток 0] Спарсили часть...
[13.04.2020 16:55:37, поток 0] Спарсили часть...
[13.04.2020 16:55:38, поток 0] Спарсили часть...
[13.04.2020 16:55:39, поток 0] Спарсили часть...
[13.04.2020 16:55:40, поток 0] Спарсили часть...
[13.04.2020 16:55:41, поток 0] Спарсили часть...
[13.04.2020 16:55:42, поток 0] Спарсили часть...
[13.04.2020 16:55:43, поток 0] Спарсили часть...
[13.04.2020 16:55:43, поток 0] Парсинг конкурента "3934377970" закончен!
[13.04.2020 17:25:32, поток 0] Парсим куки...
[13.04.2020 17:25:32, поток 1] Парсим куки...
[13.04.2020 17:25:33, поток 0] Спарсили куки
[13.04.2020 17:25:33, поток 0] Получили куки...
[13.04.2020 17:25:33, поток 0] Начинаем парсинг...
[13.04.2020 17:25:34, поток 1] Спарсили куки
[13.04.2020 17:25:34, поток 1] Получили куки...
[13.04.2020 17:25:34, поток 1] Начинаем парсинг...
[13.04.2020 17:25:36, поток 1] (Ошибка) Текст ошибки: Newtonsoft.Json.JsonReaderException: Unexpected character encountered while parsing value: <. Path '', line 0, position 0.
   в Newtonsoft.Json.JsonTextReader.ParseValue()
   в Newtonsoft.Json.JsonTextReader.Read()
   в Newtonsoft.Json.JsonReader.ReadForType(JsonContract contract, Boolean hasConverter)
   в Newtonsoft.Json.Serialization.JsonSerializerInternalReader.Deserialize(JsonReader reader, Type objectType, Boolean checkAdditionalContent)
   в Newtonsoft.Json.JsonSerializer.DeserializeInternal(JsonReader reader, Type objectType)
   в Newtonsoft.Json.JsonConvert.DeserializeObject(String value, Type type, JsonSerializerSettings settings)
   в Newtonsoft.Json.JsonConvert.DeserializeObject[T](String value, JsonSerializerSettings settings)
   в Newtonsoft.Json.JsonConvert.DeserializeObject[T](String value)
   в InstaDirectMessage_ButDev.InstagramFollowersParser.GetFirstData(String cookie) в D:\MaXiMAA\MaXiMAAOld\C#Готово\KWORK\InstaDirectMessage_ButDev\InstaDirectMessage_ButDev\InstagramFollowersParser.cs:строка 325
[13.04.2020 17:25:38, поток 0] Спарсили часть...
[13.04.2020 17:25:39, поток 1] Парсинг конкурента "24872342822" закончен!
[13.04.2020 17:25:39, поток 0] Спарсили часть...
[13.04.2020 17:25:40, поток 0] Спарсили часть...
[13.04.2020 17:25:41, поток 0] Спарсили часть...
[13.04.2020 17:25:42, поток 0] Спарсили часть...
[13.04.2020 17:25:43, поток 0] Спарсили часть...
[13.04.2020 17:25:44, поток 0] Спарсили часть...
[13.04.2020 17:25:46, поток 0] Спарсили часть...
[13.04.2020 17:25:47, поток 0] Спарсили часть...
[13.04.2020 17:25:48, поток 0] Спарсили часть...
[13.04.2020 17:25:49, поток 0] Спарсили часть...
[13.04.2020 17:25:50, поток 0] Спарсили часть...
[13.04.2020 17:25:51, поток 0] Спарсили часть...
[13.04.2020 17:25:52, поток 0] Спарсили часть...
[13.04.2020 17:25:53, поток 0] Спарсили часть...
[13.04.2020 17:25:54, поток 0] Спарсили часть...
[13.04.2020 17:25:56, поток 0] Спарсили часть...
[13.04.2020 17:25:57, поток 0] Спарсили часть...
[13.04.2020 17:25:58, поток 0] Спарсили часть...
[13.04.2020 17:25:59, поток 0] Спарсили часть...
[13.04.2020 17:26:00, поток 0] Спарсили часть...
[13.04.2020 17:26:02, поток 0] Спарсили часть...
[13.04.2020 17:26:05, поток 0] Спарсили часть...
[13.04.2020 17:26:06, поток 0] Спарсили часть...
[13.04.2020 17:26:07, поток 0] Спарсили часть...
[13.04.2020 17:26:08, поток 0] Спарсили часть...
[13.04.2020 17:26:09, поток 0] Спарсили часть...
[13.04.2020 17:26:10, поток 0] Спарсили часть...
[13.04.2020 17:26:11, поток 0] Спарсили часть...
[13.04.2020 17:26:12, поток 0] Спарсили часть...
[13.04.2020 17:26:14, поток 0] Спарсили часть...
[13.04.2020 17:26:15, поток 0] Спарсили часть...
[13.04.2020 17:26:16, поток 0] Спарсили часть...
[13.04.2020 17:26:16, поток 0] Парсинг конкурента "3934377970" закончен!
[13.04.2020 17:54:12, поток 0] Парсим куки...
[13.04.2020 17:54:13, поток 0] Спарсили куки
[13.04.2020 17:54:13, поток 0] Получили куки...
[13.04.2020 17:54:13, поток 0] Начинаем парсинг...
[13.04.2020 17:54:18, поток 0] Спарсили часть...
[13.04.2020 17:54:18, поток 0] Парсинг конкурента "24872342822" закончен!
[13.04.2020 18:02:13, поток 0] Парсим куки...
[13.04.2020 18:02:18, поток 0] [DEBUG] Сменили прокси.
[13.04.2020 18:02:18, поток 0] [DEBUG] Сменили аккаунт.
[13.04.2020 18:02:18, поток 0] Парсим куки...
[13.04.2020 18:02:20, поток 0] Спарсили куки
[13.04.2020 18:02:20, поток 0] Получили куки...
[13.04.2020 18:02:20, поток 0] Начинаем парсинг...
[13.04.2020 18:02:24, поток 0] Спарсили часть...
[13.04.2020 18:02:24, поток 0] Парсинг конкурента "24872342822" закончен!
[13.04.2020 18:02:48, поток 0] Парсим куки...
[13.04.2020 18:02:49, поток 0] Спарсили куки
[13.04.2020 18:02:49, поток 0] Получили куки...
[13.04.2020 18:02:49, поток 0] Начинаем парсинг...
[13.04.2020 18:02:52, поток 0] Спарсили часть...
[13.04.2020 18:02:52, поток 0] Парсинг конкурента "24872342822" закончен!
[13.04.2020 18:11:13, поток 0] Парсим куки...
[13.04.2020 18:11:15, поток 0] Спарсили куки
[13.04.2020 18:11:15, поток 0] Получили куки...
[13.04.2020 18:11:15, поток 0] Начинаем парсинг...
[13.04.2020 18:12:16, поток 0] Парсим куки...
[13.04.2020 18:12:17, поток 0] Спарсили куки
[13.04.2020 18:12:17, поток 0] Получили куки...
[13.04.2020 18:12:17, поток 0] Начинаем парсинг...
[13.04.2020 18:12:20, поток 0] Спарсили часть...
[13.04.2020 18:12:20, поток 0] Парсинг конкурента "24872342822" закончен!
[13.04.2020 18:12:21, поток 0] (Ошибка) Текст ошибки: System.NullReferenceException: Ссылка на объект не указывает на экземпляр объекта.
   в InstaDirectMessage_ButDev.InstagramFollowersParser.GetFirstData(String cookie) в D:\MaXiMAA\MaXiMAAOld\C#Готово\KWORK\InstaDirectMessage_ButDev\InstaDirectMessage_ButDev\InstagramFollowersParser.cs:строка 327
[13.04.2020 18:12:25, поток 0] Спарсили часть...
[13.04.2020 18:12:25, поток 0] Парсинг конкурента "24872342822" закончен!
[13.04.2020 18:40:59, поток 0] Парсим куки...
[13.04.2020 18:41:00, поток 0] Спарсили куки
[13.04.2020 18:41:00, поток 0] Получили куки...
[13.04.2020 18:41:00, поток 0] Начинаем парсинг...
[13.04.2020 18:41:04, поток 0] Спарсили часть...
[13.04.2020 18:41:04, поток 0] Парсинг конкурента "24872342822" закончен!
[13.04.2020 18:45:55, поток 0] Парсим куки...
[13.04.2020 18:45:57, поток 0] Спарсили куки
[13.04.2020 18:45:57, поток 0] Получили куки...
[13.04.2020 18:45:57, поток 0] Начинаем парсинг...
[13.04.2020 18:45:59, поток 0] Парсинг конкурента "24872342822" закончен!
[13.04.2020 19:43:39, поток 0] Парсим куки...
[13.04.2020 19:43:41, поток 0] Спарсили куки
[13.04.2020 19:43:41, поток 0] Получили куки...
[13.04.2020 19:43:41, поток 0] Начинаем парсинг...
[13.04.2020 19:43:43, поток 0] Парсинг конкурента "24872342822" закончен!
[13.04.2020 19:44:14, поток 0] Парсим куки...
[13.04.2020 19:44:15, поток 0] Спарсили куки
[13.04.2020 19:44:15, поток 0] Получили куки...
[13.04.2020 19:44:15, поток 0] Начинаем парсинг...
[13.04.2020 19:44:17, поток 0] Парсинг конкурента "24872342822" закончен!
[13.04.2020 19:44:38, поток 0] Парсим куки...
[13.04.2020 19:44:44, поток 0] Спарсили куки
[13.04.2020 19:44:44, поток 0] Получили куки...
[13.04.2020 19:44:44, поток 0] Начинаем парсинг...
[13.04.2020 19:44:46, поток 0] Парсинг конкурента "24872342822" закончен!
