[26.03.2020 22:04:03, поток 9] [DEBUG] Start...
[26.03.2020 22:04:03, поток 9] Парсим куки...
[26.03.2020 22:04:03, поток 9] Спарсили куки
[26.03.2020 22:04:04, поток 9] Вошли в аккаунт.
[26.03.2020 22:04:36, поток 9] Сообщение отправлено.
[26.03.2020 22:03:58, поток 4] [DEBUG] Start...
[26.03.2020 22:03:58, поток 4] Парсим куки...
[26.03.2020 22:03:59, поток 4] Спарсили куки
[26.03.2020 22:04:00, поток 4] (Ошибка) Текст ошибки: xNet.HttpException: Получен пустой ответ от HTTP-сервера 'i.instagram.com'.
   в xNet.HttpResponse.ReceiveStartingLine()
   в xNet.HttpResponse.LoadResponse(HttpMethod method)
   в xNet.HttpRequest.Request(HttpMethod method, Uri address, HttpContent content)
   в xNet.HttpRequest.Raw(HttpMethod method, Uri address, HttpContent content)
   в xNet.HttpRequest.Raw(HttpMethod method, String address, HttpContent content)
   в xNet.HttpRequest.Post(String address, RequestParams reqParams, Boolean dontEscape)
   в InstaDirectMessage_ButDev.Instagram.DoLogin(String email, WebProxy proxy, String UserAgent, String cookie) в D:\MaXiMAA\MaXiMAAOld\C#Готово\KWORK\InstaDirectMessage_ButDev\InstaDirectMessage_ButDev\Instagram.cs:строка 239
[26.03.2020 22:04:00, поток 4] [DEBUG] Start...
[26.03.2020 22:04:00, поток 4] Парсим куки...
[26.03.2020 22:04:05, поток 4] Спарсили куки
[26.03.2020 22:04:06, поток 4] Вошли в аккаунт.
[26.03.2020 22:04:37, поток 4] Сообщение отправлено.
[26.03.2020 22:05:01, поток 9] [DEBUG] Start...
[26.03.2020 22:05:01, поток 9] Парсим куки...
[26.03.2020 22:05:03, поток 9] Спарсили куки
[26.03.2020 22:05:04, поток 9] Вошли в аккаунт.
[26.03.2020 22:05:35, поток 9] Сообщение отправлено.
[26.03.2020 22:05:02, поток 4] [DEBUG] Start...
[26.03.2020 22:05:02, поток 4] Парсим куки...
[26.03.2020 22:05:03, поток 4] Спарсили куки
[26.03.2020 22:05:05, поток 4] Вошли в аккаунт.
[26.03.2020 22:05:36, поток 4] Сообщение отправлено.
[26.03.2020 22:05:55, поток 9] [DEBUG] Start...
[26.03.2020 22:05:55, поток 9] Парсим куки...
[26.03.2020 22:05:56, поток 9] Спарсили куки
[26.03.2020 22:05:58, поток 9] Вошли в аккаунт.
[26.03.2020 22:06:30, поток 9] Сообщение отправлено.
[26.03.2020 22:05:57, поток 4] [DEBUG] Start...
[26.03.2020 22:05:57, поток 4] Парсим куки...
[26.03.2020 22:05:58, поток 4] Спарсили куки
[26.03.2020 22:06:00, поток 4] Вошли в аккаунт.
[26.03.2020 22:06:31, поток 4] Сообщение отправлено.
