[11.04.2020 18:44:41, поток 0] Парсим куки...
[11.04.2020 18:44:43, поток 0] Спарсили куки
[11.04.2020 18:44:43, поток 0] Получили куки...
[11.04.2020 18:44:43, поток 0] Начинаем парсинг...
[11.04.2020 18:44:46, поток 0] Спарсили часть...
[11.04.2020 18:44:46, поток 0] Спарсили часть...
[11.04.2020 18:44:46, поток 0] Спарсили часть...
[11.04.2020 18:44:46, поток 0] Спарсили часть...
[11.04.2020 18:44:46, поток 0] Спарсили часть...
[11.04.2020 18:44:46, поток 0] Спарсили часть...
[11.04.2020 18:44:46, поток 0] Спарсили часть...
[11.04.2020 18:44:46, поток 0] Спарсили часть...
[11.04.2020 18:44:46, поток 0] Спарсили часть...
[11.04.2020 18:44:46, поток 0] Спарсили часть...
[11.04.2020 18:44:46, поток 0] Спарсили часть...
[11.04.2020 18:44:46, поток 0] Спарсили часть...
[11.04.2020 18:44:46, поток 0] Спарсили часть...
[11.04.2020 18:44:46, поток 0] Спарсили часть...
[11.04.2020 18:44:46, поток 0] Спарсили часть...
[11.04.2020 18:44:46, поток 0] Спарсили часть...
[11.04.2020 18:44:46, поток 0] Спарсили часть...
[11.04.2020 18:44:46, поток 0] Спарсили часть...
[11.04.2020 18:44:46, поток 0] Спарсили часть...
[11.04.2020 18:44:46, поток 0] Спарсили часть...
[11.04.2020 18:44:46, поток 0] Спарсили часть...
[11.04.2020 18:44:46, поток 0] Спарсили часть...
[11.04.2020 18:44:46, поток 0] Спарсили часть...
[11.04.2020 18:44:46, поток 0] Спарсили часть...
[11.04.2020 18:44:46, поток 0] Спарсили часть...
[11.04.2020 18:44:46, поток 0] Спарсили часть...
[11.04.2020 18:44:46, поток 0] Спарсили часть...
[11.04.2020 18:44:46, поток 0] Спарсили часть...
[11.04.2020 18:44:46, поток 0] Спарсили часть...
[11.04.2020 18:44:46, поток 0] Спарсили часть...
[11.04.2020 18:44:46, поток 0] Спарсили часть...
[11.04.2020 18:44:46, поток 0] Спарсили часть...
[11.04.2020 18:44:46, поток 0] Спарсили часть...
[11.04.2020 18:44:46, поток 0] Спарсили часть...
[11.04.2020 18:44:46, поток 0] Спарсили часть...
[11.04.2020 18:44:46, поток 0] Спарсили часть...
[11.04.2020 18:44:46, поток 0] Спарсили часть...
[11.04.2020 18:44:46, поток 0] Спарсили часть...
[11.04.2020 18:44:46, поток 0] Спарсили часть...
[11.04.2020 18:44:46, поток 0] Спарсили часть...
[11.04.2020 18:44:46, поток 0] Спарсили часть...
[11.04.2020 18:44:46, поток 0] Спарсили часть...
[11.04.2020 18:44:46, поток 0] Спарсили часть...
[11.04.2020 18:44:46, поток 0] Спарсили часть...
[11.04.2020 18:44:46, поток 0] Спарсили часть...
[11.04.2020 18:44:46, поток 0] Спарсили часть...
[11.04.2020 18:44:46, поток 0] Спарсили часть...
[11.04.2020 18:44:46, поток 0] Спарсили часть...
[11.04.2020 18:44:46, поток 0] Спарсили часть...
[11.04.2020 18:44:46, поток 0] Спарсили часть...
[11.04.2020 18:44:46, поток 0] Спарсили часть...
[11.04.2020 18:44:46, поток 0] Спарсили часть...
[11.04.2020 18:44:46, поток 0] Спарсили часть...
[11.04.2020 18:44:46, поток 0] Спарсили часть...
[11.04.2020 18:44:46, поток 0] Спарсили часть...
[11.04.2020 18:44:46, поток 0] Спарсили часть...
[11.04.2020 18:44:48, поток 0] Спарсили часть...
[11.04.2020 18:44:48, поток 0] Спарсили часть...
[11.04.2020 18:44:48, поток 0] Спарсили часть...
[11.04.2020 18:44:48, поток 0] Спарсили часть...
[11.04.2020 18:44:48, поток 0] Спарсили часть...
[11.04.2020 18:44:48, поток 0] Спарсили часть...
[11.04.2020 18:44:48, поток 0] Спарсили часть...
[11.04.2020 18:44:48, поток 0] Спарсили часть...
[11.04.2020 18:44:48, поток 0] Спарсили часть...
[11.04.2020 18:44:48, поток 0] Спарсили часть...
[11.04.2020 18:44:48, поток 0] Спарсили часть...
[11.04.2020 18:44:48, поток 0] Спарсили часть...
[11.04.2020 18:44:48, поток 0] Спарсили часть...
[11.04.2020 18:44:48, поток 0] Спарсили часть...
[11.04.2020 18:44:48, поток 0] Спарсили часть...
[11.04.2020 18:44:48, поток 0] Спарсили часть...
[11.04.2020 18:44:48, поток 0] Спарсили часть...
[11.04.2020 18:44:48, поток 0] Спарсили часть...
[11.04.2020 18:44:48, поток 0] Спарсили часть...
[11.04.2020 18:44:48, поток 0] Спарсили часть...
[11.04.2020 18:44:48, поток 0] Спарсили часть...
[11.04.2020 18:44:48, поток 0] Спарсили часть...
[11.04.2020 18:44:48, поток 0] Спарсили часть...
[11.04.2020 18:44:48, поток 0] Спарсили часть...
[11.04.2020 18:44:48, поток 0] Спарсили часть...
[11.04.2020 18:44:48, поток 0] Спарсили часть...
[11.04.2020 18:44:48, поток 0] Спарсили часть...
[11.04.2020 18:44:48, поток 0] Спарсили часть...
[11.04.2020 18:44:48, поток 0] Спарсили часть...
[11.04.2020 18:44:48, поток 0] Спарсили часть...
[11.04.2020 18:44:48, поток 0] Спарсили часть...
[11.04.2020 18:44:48, поток 0] Спарсили часть...
[11.04.2020 18:44:48, поток 0] Спарсили часть...
[11.04.2020 18:44:48, поток 0] Спарсили часть...
[11.04.2020 18:44:48, поток 0] Спарсили часть...
[11.04.2020 18:44:48, поток 0] Спарсили часть...
[11.04.2020 18:44:48, поток 0] Спарсили часть...
[11.04.2020 18:44:48, поток 0] Спарсили часть...
[11.04.2020 18:44:48, поток 0] Спарсили часть...
[11.04.2020 18:44:48, поток 0] Спарсили часть...
[11.04.2020 18:44:51, поток 0] Спарсили часть...
[11.04.2020 18:44:51, поток 0] Спарсили часть...
[11.04.2020 18:44:51, поток 0] Спарсили часть...
[11.04.2020 18:44:51, поток 0] Спарсили часть...
[11.04.2020 18:44:51, поток 0] Спарсили часть...
[11.04.2020 18:44:51, поток 0] Спарсили часть...
[11.04.2020 18:44:51, поток 0] Спарсили часть...
[11.04.2020 18:44:51, поток 0] Спарсили часть...
[11.04.2020 18:44:51, поток 0] Спарсили часть...
[11.04.2020 18:44:51, поток 0] Спарсили часть...
[11.04.2020 18:44:51, поток 0] Спарсили часть...
[11.04.2020 18:44:51, поток 0] Спарсили часть...
[11.04.2020 18:44:51, поток 0] Спарсили часть...
[11.04.2020 18:44:51, поток 0] Спарсили часть...
[11.04.2020 18:44:51, поток 0] Спарсили часть...
[11.04.2020 18:44:51, поток 0] Спарсили часть...
[11.04.2020 18:44:51, поток 0] Спарсили часть...
[11.04.2020 18:44:51, поток 0] Спарсили часть...
[11.04.2020 18:44:51, поток 0] Спарсили часть...
[11.04.2020 18:44:51, поток 0] Спарсили часть...
[11.04.2020 18:44:51, поток 0] Спарсили часть...
[11.04.2020 18:44:51, поток 0] Спарсили часть...
[11.04.2020 18:44:51, поток 0] Спарсили часть...
[11.04.2020 18:44:51, поток 0] Спарсили часть...
[11.04.2020 18:44:51, поток 0] Спарсили часть...
[11.04.2020 18:44:51, поток 0] Спарсили часть...
[11.04.2020 18:44:51, поток 0] Спарсили часть...
[11.04.2020 18:44:51, поток 0] Спарсили часть...
[11.04.2020 18:44:51, поток 0] Спарсили часть...
[11.04.2020 18:44:51, поток 0] Спарсили часть...
[11.04.2020 18:44:51, поток 0] Спарсили часть...
[11.04.2020 18:44:51, поток 0] Спарсили часть...
[11.04.2020 18:44:51, поток 0] Спарсили часть...
[11.04.2020 18:44:51, поток 0] Спарсили часть...
[11.04.2020 18:44:51, поток 0] Спарсили часть...
[11.04.2020 18:44:51, поток 0] Спарсили часть...
[11.04.2020 18:44:51, поток 0] Спарсили часть...
[11.04.2020 18:44:51, поток 0] Парсинг тэга "money" закончен!
[11.04.2020 18:48:14, поток 0] Парсим куки...
[11.04.2020 18:48:15, поток 0] Спарсили куки
[11.04.2020 18:48:15, поток 0] Получили куки...
[11.04.2020 18:48:15, поток 0] Начинаем парсинг...
[11.04.2020 18:48:17, поток 0] Спарсили часть...
[11.04.2020 18:48:17, поток 0] Спарсили часть...
[11.04.2020 18:48:17, поток 0] Спарсили часть...
[11.04.2020 18:48:17, поток 0] Спарсили часть...
[11.04.2020 18:48:17, поток 0] Спарсили часть...
[11.04.2020 18:48:17, поток 0] Спарсили часть...
[11.04.2020 18:48:17, поток 0] Спарсили часть...
[11.04.2020 18:48:17, поток 0] Спарсили часть...
[11.04.2020 18:48:17, поток 0] Спарсили часть...
[11.04.2020 18:48:17, поток 0] Спарсили часть...
[11.04.2020 18:48:17, поток 0] Спарсили часть...
[11.04.2020 18:48:17, поток 0] Спарсили часть...
[11.04.2020 18:48:17, поток 0] Спарсили часть...
[11.04.2020 18:48:17, поток 0] Спарсили часть...
[11.04.2020 18:48:17, поток 0] Спарсили часть...
[11.04.2020 18:48:17, поток 0] Спарсили часть...
[11.04.2020 18:48:17, поток 0] Спарсили часть...
[11.04.2020 18:48:17, поток 0] Спарсили часть...
[11.04.2020 18:48:17, поток 0] Спарсили часть...
[11.04.2020 18:48:17, поток 0] Спарсили часть...
[11.04.2020 18:48:17, поток 0] Спарсили часть...
[11.04.2020 18:48:17, поток 0] Спарсили часть...
[11.04.2020 18:48:17, поток 0] Спарсили часть...
[11.04.2020 18:48:17, поток 0] Спарсили часть...
[11.04.2020 18:48:17, поток 0] Спарсили часть...
[11.04.2020 18:48:17, поток 0] Спарсили часть...
[11.04.2020 18:48:17, поток 0] Спарсили часть...
[11.04.2020 18:48:17, поток 0] Спарсили часть...
[11.04.2020 18:48:17, поток 0] Спарсили часть...
[11.04.2020 18:48:17, поток 0] Спарсили часть...
[11.04.2020 18:48:17, поток 0] Спарсили часть...
[11.04.2020 18:48:17, поток 0] Спарсили часть...
[11.04.2020 18:48:17, поток 0] Спарсили часть...
[11.04.2020 18:48:17, поток 0] Спарсили часть...
[11.04.2020 18:48:17, поток 0] Спарсили часть...
[11.04.2020 18:48:17, поток 0] Спарсили часть...
[11.04.2020 18:48:17, поток 0] Спарсили часть...
[11.04.2020 18:48:17, поток 0] Спарсили часть...
[11.04.2020 18:48:17, поток 0] Спарсили часть...
[11.04.2020 18:48:17, поток 0] Спарсили часть...
[11.04.2020 18:48:17, поток 0] Спарсили часть...
[11.04.2020 18:48:17, поток 0] Спарсили часть...
[11.04.2020 18:48:17, поток 0] Спарсили часть...
[11.04.2020 18:48:17, поток 0] Спарсили часть...
[11.04.2020 18:48:17, поток 0] Спарсили часть...
[11.04.2020 18:48:17, поток 0] Спарсили часть...
[11.04.2020 18:48:17, поток 0] Спарсили часть...
[11.04.2020 18:48:17, поток 0] Спарсили часть...
[11.04.2020 18:48:17, поток 0] Спарсили часть...
[11.04.2020 18:48:17, поток 0] Спарсили часть...
[11.04.2020 18:48:17, поток 0] Спарсили часть...
[11.04.2020 18:48:17, поток 0] Спарсили часть...
[11.04.2020 18:48:17, поток 0] Спарсили часть...
[11.04.2020 18:48:17, поток 0] Спарсили часть...
[11.04.2020 18:48:17, поток 0] Спарсили часть...
[11.04.2020 18:48:17, поток 0] Спарсили часть...
[11.04.2020 18:48:20, поток 0] Спарсили часть...
[11.04.2020 18:48:20, поток 0] Спарсили часть...
[11.04.2020 18:48:20, поток 0] Спарсили часть...
[11.04.2020 18:48:20, поток 0] Спарсили часть...
[11.04.2020 18:48:20, поток 0] Спарсили часть...
[11.04.2020 18:48:20, поток 0] Спарсили часть...
[11.04.2020 18:48:20, поток 0] Спарсили часть...
[11.04.2020 18:48:20, поток 0] Спарсили часть...
[11.04.2020 18:48:20, поток 0] Спарсили часть...
[11.04.2020 18:48:20, поток 0] Спарсили часть...
[11.04.2020 18:48:20, поток 0] Спарсили часть...
[11.04.2020 18:48:20, поток 0] Спарсили часть...
[11.04.2020 18:48:20, поток 0] Спарсили часть...
[11.04.2020 18:48:20, поток 0] Спарсили часть...
[11.04.2020 18:48:20, поток 0] Спарсили часть...
[11.04.2020 18:48:20, поток 0] Спарсили часть...
[11.04.2020 18:48:20, поток 0] Спарсили часть...
[11.04.2020 18:48:20, поток 0] Спарсили часть...
[11.04.2020 18:48:20, поток 0] Спарсили часть...
[11.04.2020 18:48:20, поток 0] Спарсили часть...
[11.04.2020 18:48:20, поток 0] Спарсили часть...
[11.04.2020 18:48:20, поток 0] Спарсили часть...
[11.04.2020 18:48:20, поток 0] Спарсили часть...
[11.04.2020 18:48:20, поток 0] Спарсили часть...
[11.04.2020 18:48:20, поток 0] Спарсили часть...
[11.04.2020 18:48:20, поток 0] Спарсили часть...
[11.04.2020 18:48:20, поток 0] Спарсили часть...
[11.04.2020 18:48:20, поток 0] Спарсили часть...
[11.04.2020 18:48:20, поток 0] Спарсили часть...
[11.04.2020 18:48:20, поток 0] Спарсили часть...
[11.04.2020 18:48:20, поток 0] Спарсили часть...
[11.04.2020 18:48:20, поток 0] Спарсили часть...
[11.04.2020 18:48:20, поток 0] Спарсили часть...
[11.04.2020 18:48:20, поток 0] Спарсили часть...
[11.04.2020 18:48:20, поток 0] Спарсили часть...
[11.04.2020 18:48:20, поток 0] Спарсили часть...
[11.04.2020 18:48:20, поток 0] Спарсили часть...
[11.04.2020 18:48:20, поток 0] Спарсили часть...
[11.04.2020 18:48:20, поток 0] Спарсили часть...
[11.04.2020 18:48:20, поток 0] Спарсили часть...
[11.04.2020 18:48:22, поток 0] Спарсили часть...
[11.04.2020 18:48:22, поток 0] Спарсили часть...
[11.04.2020 18:48:22, поток 0] Спарсили часть...
[11.04.2020 18:48:22, поток 0] Спарсили часть...
[11.04.2020 18:48:22, поток 0] Спарсили часть...
[11.04.2020 18:48:22, поток 0] Спарсили часть...
[11.04.2020 18:48:22, поток 0] Спарсили часть...
[11.04.2020 18:48:22, поток 0] Спарсили часть...
[11.04.2020 18:48:22, поток 0] Спарсили часть...
[11.04.2020 18:48:22, поток 0] Спарсили часть...
[11.04.2020 18:48:22, поток 0] Спарсили часть...
[11.04.2020 18:48:22, поток 0] Спарсили часть...
[11.04.2020 18:48:22, поток 0] Спарсили часть...
[11.04.2020 18:48:22, поток 0] Спарсили часть...
[11.04.2020 18:48:22, поток 0] Спарсили часть...
[11.04.2020 18:48:22, поток 0] Спарсили часть...
[11.04.2020 18:48:22, поток 0] Спарсили часть...
[11.04.2020 18:48:22, поток 0] Спарсили часть...
[11.04.2020 18:48:22, поток 0] Спарсили часть...
[11.04.2020 18:48:22, поток 0] Спарсили часть...
[11.04.2020 18:48:22, поток 0] Спарсили часть...
[11.04.2020 18:48:22, поток 0] Спарсили часть...
[11.04.2020 18:48:22, поток 0] Спарсили часть...
[11.04.2020 18:48:22, поток 0] Спарсили часть...
[11.04.2020 18:48:22, поток 0] Спарсили часть...
[11.04.2020 18:48:22, поток 0] Спарсили часть...
[11.04.2020 18:48:22, поток 0] Спарсили часть...
[11.04.2020 18:48:22, поток 0] Спарсили часть...
[11.04.2020 18:48:22, поток 0] Спарсили часть...
[11.04.2020 18:48:22, поток 0] Спарсили часть...
[11.04.2020 18:48:22, поток 0] Спарсили часть...
[11.04.2020 18:48:22, поток 0] Спарсили часть...
[11.04.2020 18:48:22, поток 0] Спарсили часть...
[11.04.2020 18:48:22, поток 0] Спарсили часть...
[11.04.2020 18:48:22, поток 0] Спарсили часть...
[11.04.2020 18:48:22, поток 0] Спарсили часть...
[11.04.2020 18:48:22, поток 0] Спарсили часть...
[11.04.2020 18:48:22, поток 0] Парсинг тэга "money" закончен!
[11.04.2020 18:48:40, поток 0] Парсим куки...
[11.04.2020 18:48:41, поток 0] Спарсили куки
[11.04.2020 18:48:41, поток 0] Получили куки...
[11.04.2020 18:48:41, поток 0] Начинаем парсинг...
[11.04.2020 18:48:44, поток 0] Спарсили часть...
[11.04.2020 18:48:44, поток 0] Спарсили часть...
[11.04.2020 18:48:44, поток 0] Спарсили часть...
[11.04.2020 18:48:44, поток 0] Спарсили часть...
[11.04.2020 18:48:44, поток 0] Спарсили часть...
[11.04.2020 18:48:44, поток 0] Спарсили часть...
[11.04.2020 18:48:44, поток 0] Спарсили часть...
[11.04.2020 18:48:44, поток 0] Спарсили часть...
[11.04.2020 18:48:44, поток 0] Спарсили часть...
[11.04.2020 18:48:44, поток 0] Спарсили часть...
[11.04.2020 18:48:44, поток 0] Спарсили часть...
[11.04.2020 18:48:44, поток 0] Спарсили часть...
[11.04.2020 18:48:44, поток 0] Спарсили часть...
[11.04.2020 18:48:44, поток 0] Спарсили часть...
[11.04.2020 18:48:44, поток 0] Спарсили часть...
[11.04.2020 18:48:44, поток 0] Спарсили часть...
[11.04.2020 18:48:44, поток 0] Спарсили часть...
[11.04.2020 18:48:44, поток 0] Спарсили часть...
[11.04.2020 18:48:44, поток 0] Спарсили часть...
[11.04.2020 18:48:44, поток 0] Спарсили часть...
[11.04.2020 18:48:44, поток 0] Спарсили часть...
[11.04.2020 18:48:44, поток 0] Спарсили часть...
[11.04.2020 18:48:44, поток 0] Спарсили часть...
[11.04.2020 18:48:44, поток 0] Спарсили часть...
[11.04.2020 18:48:44, поток 0] Спарсили часть...
[11.04.2020 18:48:44, поток 0] Спарсили часть...
[11.04.2020 18:48:44, поток 0] Спарсили часть...
[11.04.2020 18:48:44, поток 0] Спарсили часть...
[11.04.2020 18:48:44, поток 0] Спарсили часть...
[11.04.2020 18:48:44, поток 0] Спарсили часть...
[11.04.2020 18:48:44, поток 0] Спарсили часть...
[11.04.2020 18:48:44, поток 0] Спарсили часть...
[11.04.2020 18:48:44, поток 0] Спарсили часть...
[11.04.2020 18:48:44, поток 0] Спарсили часть...
[11.04.2020 18:48:44, поток 0] Спарсили часть...
[11.04.2020 18:48:44, поток 0] Спарсили часть...
[11.04.2020 18:48:44, поток 0] Спарсили часть...
[11.04.2020 18:48:44, поток 0] Спарсили часть...
[11.04.2020 18:48:44, поток 0] Спарсили часть...
[11.04.2020 18:48:44, поток 0] Спарсили часть...
[11.04.2020 18:48:44, поток 0] Спарсили часть...
[11.04.2020 18:48:44, поток 0] Спарсили часть...
[11.04.2020 18:48:44, поток 0] Спарсили часть...
[11.04.2020 18:48:44, поток 0] Спарсили часть...
[11.04.2020 18:48:44, поток 0] Спарсили часть...
[11.04.2020 18:48:44, поток 0] Спарсили часть...
[11.04.2020 18:48:44, поток 0] Спарсили часть...
[11.04.2020 18:48:44, поток 0] Спарсили часть...
[11.04.2020 18:48:44, поток 0] Спарсили часть...
[11.04.2020 18:48:44, поток 0] Спарсили часть...
[11.04.2020 18:48:44, поток 0] Спарсили часть...
[11.04.2020 18:48:44, поток 0] Спарсили часть...
[11.04.2020 18:48:44, поток 0] Спарсили часть...
[11.04.2020 18:48:44, поток 0] Спарсили часть...
[11.04.2020 18:48:44, поток 0] Спарсили часть...
[11.04.2020 18:48:44, поток 0] Спарсили часть...
[11.04.2020 18:48:46, поток 0] Спарсили часть...
[11.04.2020 18:48:46, поток 0] Спарсили часть...
[11.04.2020 18:48:46, поток 0] Спарсили часть...
[11.04.2020 18:48:46, поток 0] Спарсили часть...
[11.04.2020 18:48:46, поток 0] Спарсили часть...
[11.04.2020 18:48:46, поток 0] Спарсили часть...
[11.04.2020 18:48:46, поток 0] Спарсили часть...
[11.04.2020 18:48:46, поток 0] Спарсили часть...
[11.04.2020 18:48:46, поток 0] Спарсили часть...
[11.04.2020 18:48:46, поток 0] Спарсили часть...
[11.04.2020 18:48:46, поток 0] Спарсили часть...
[11.04.2020 18:48:46, поток 0] Спарсили часть...
[11.04.2020 18:48:46, поток 0] Спарсили часть...
[11.04.2020 18:48:46, поток 0] Спарсили часть...
[11.04.2020 18:48:46, поток 0] Спарсили часть...
[11.04.2020 18:48:46, поток 0] Спарсили часть...
[11.04.2020 18:48:46, поток 0] Спарсили часть...
[11.04.2020 18:48:46, поток 0] Спарсили часть...
[11.04.2020 18:48:46, поток 0] Спарсили часть...
[11.04.2020 18:48:46, поток 0] Спарсили часть...
[11.04.2020 18:48:46, поток 0] Спарсили часть...
[11.04.2020 18:48:46, поток 0] Спарсили часть...
[11.04.2020 18:48:46, поток 0] Спарсили часть...
[11.04.2020 18:48:46, поток 0] Спарсили часть...
[11.04.2020 18:48:46, поток 0] Спарсили часть...
[11.04.2020 18:48:46, поток 0] Спарсили часть...
[11.04.2020 18:48:46, поток 0] Спарсили часть...
[11.04.2020 18:48:46, поток 0] Спарсили часть...
[11.04.2020 18:48:46, поток 0] Спарсили часть...
[11.04.2020 18:48:46, поток 0] Спарсили часть...
[11.04.2020 18:48:46, поток 0] Спарсили часть...
[11.04.2020 18:48:46, поток 0] Спарсили часть...
[11.04.2020 18:48:46, поток 0] Спарсили часть...
[11.04.2020 18:48:46, поток 0] Спарсили часть...
[11.04.2020 18:48:46, поток 0] Спарсили часть...
[11.04.2020 18:48:46, поток 0] Спарсили часть...
[11.04.2020 18:48:46, поток 0] Спарсили часть...
[11.04.2020 18:48:46, поток 0] Спарсили часть...
[11.04.2020 18:48:46, поток 0] Спарсили часть...
[11.04.2020 18:48:46, поток 0] Спарсили часть...
[11.04.2020 18:48:48, поток 0] Спарсили часть...
[11.04.2020 18:48:48, поток 0] Спарсили часть...
[11.04.2020 18:48:48, поток 0] Спарсили часть...
[11.04.2020 18:48:48, поток 0] Спарсили часть...
[11.04.2020 18:48:48, поток 0] Спарсили часть...
[11.04.2020 18:48:48, поток 0] Спарсили часть...
[11.04.2020 18:48:48, поток 0] Спарсили часть...
[11.04.2020 18:48:48, поток 0] Спарсили часть...
[11.04.2020 18:48:48, поток 0] Спарсили часть...
[11.04.2020 18:48:48, поток 0] Спарсили часть...
[11.04.2020 18:48:48, поток 0] Спарсили часть...
[11.04.2020 18:48:48, поток 0] Спарсили часть...
[11.04.2020 18:48:48, поток 0] Спарсили часть...
[11.04.2020 18:48:48, поток 0] Спарсили часть...
[11.04.2020 18:48:48, поток 0] Спарсили часть...
[11.04.2020 18:48:48, поток 0] Спарсили часть...
[11.04.2020 18:48:48, поток 0] Спарсили часть...
[11.04.2020 18:48:48, поток 0] Спарсили часть...
[11.04.2020 18:48:48, поток 0] Спарсили часть...
[11.04.2020 18:48:48, поток 0] Спарсили часть...
[11.04.2020 18:48:48, поток 0] Спарсили часть...
[11.04.2020 18:48:48, поток 0] Спарсили часть...
[11.04.2020 18:48:48, поток 0] Спарсили часть...
[11.04.2020 18:48:48, поток 0] Спарсили часть...
[11.04.2020 18:48:48, поток 0] Спарсили часть...
[11.04.2020 18:48:48, поток 0] Спарсили часть...
[11.04.2020 18:48:48, поток 0] Спарсили часть...
[11.04.2020 18:48:48, поток 0] Спарсили часть...
[11.04.2020 18:48:48, поток 0] Спарсили часть...
[11.04.2020 18:48:48, поток 0] Спарсили часть...
[11.04.2020 18:48:48, поток 0] Спарсили часть...
[11.04.2020 18:48:48, поток 0] Спарсили часть...
[11.04.2020 18:48:48, поток 0] Спарсили часть...
[11.04.2020 18:48:48, поток 0] Спарсили часть...
[11.04.2020 18:48:48, поток 0] Спарсили часть...
[11.04.2020 18:48:48, поток 0] Спарсили часть...
[11.04.2020 18:48:48, поток 0] Спарсили часть...
[11.04.2020 18:48:48, поток 0] Парсинг тэга "money" закончен!
