[14.09.2020 20:51:20, thread 0] [DEBUG] Start...
[14.09.2020 20:51:20, thread 0] Parsing cookies...
[14.09.2020 20:51:21, thread 0] Cookie parsing
[14.09.2020 20:51:23, thread 0] Logged in to your account.
[14.09.2020 20:51:24, thread 0] (Error) Error text: System.NullReferenceException: Object reference not set to an instance of an object.
   at InstaDirectMessage_ButDev.InstagramDirectMessage.DoWorkPost(String postlink, WebProxy proxy, String UserAgent, String cookie) in D:\MaXiMAA\MaXiMAAOld\C#Готово\KWORK\InstaDirectMessage_ButDev\InstaDirectMessage_ButDev\InstagramDirectMessage.cs:line 434
[14.09.2020 20:51:24, thread 0] [Error] Something is wrong. Redoing.
[14.09.2020 20:51:24, thread 0] Cookie parsing
[14.09.2020 20:51:26, thread 0] Logged in to your account.
[14.09.2020 20:51:27, thread 0] (Error) Error text: System.NullReferenceException: Object reference not set to an instance of an object.
   at InstaDirectMessage_ButDev.InstagramDirectMessage.DoWorkPost(String postlink, WebProxy proxy, String UserAgent, String cookie) in D:\MaXiMAA\MaXiMAAOld\C#Готово\KWORK\InstaDirectMessage_ButDev\InstaDirectMessage_ButDev\InstagramDirectMessage.cs:line 434
[14.09.2020 20:51:32, thread 0] [DEBUG] Start...
[14.09.2020 20:51:32, thread 0] Parsing cookies...
[14.09.2020 20:51:32, thread 0] Cookie parsing
[14.09.2020 20:51:34, thread 0] Logged in to your account.
[14.09.2020 20:51:35, thread 0] (Error) Error text: System.NullReferenceException: Object reference not set to an instance of an object.
   at InstaDirectMessage_ButDev.InstagramDirectMessage.DoWorkPost(String postlink, WebProxy proxy, String UserAgent, String cookie) in D:\MaXiMAA\MaXiMAAOld\C#Готово\KWORK\InstaDirectMessage_ButDev\InstaDirectMessage_ButDev\InstagramDirectMessage.cs:line 434
[14.09.2020 20:51:35, thread 0] [Error] Something is wrong. Redoing.
[14.09.2020 20:51:35, thread 0] Cookie parsing
[14.09.2020 20:51:37, thread 0] Logged in to your account.
[14.09.2020 20:51:38, thread 0] (Error) Error text: System.NullReferenceException: Object reference not set to an instance of an object.
   at InstaDirectMessage_ButDev.InstagramDirectMessage.DoWorkPost(String postlink, WebProxy proxy, String UserAgent, String cookie) in D:\MaXiMAA\MaXiMAAOld\C#Готово\KWORK\InstaDirectMessage_ButDev\InstaDirectMessage_ButDev\InstagramDirectMessage.cs:line 434
[14.09.2020 20:51:48, thread 0] [DEBUG] Start...
[14.09.2020 20:51:48, thread 0] Parsing cookies...
[14.09.2020 20:51:49, thread 0] Cookie parsing
[14.09.2020 20:51:51, thread 0] Logged in to your account.
[14.09.2020 20:51:51, thread 0] (Error) Error text: System.NullReferenceException: Object reference not set to an instance of an object.
   at InstaDirectMessage_ButDev.InstagramDirectMessage.DoWorkPost(String postlink, WebProxy proxy, String UserAgent, String cookie) in D:\MaXiMAA\MaXiMAAOld\C#Готово\KWORK\InstaDirectMessage_ButDev\InstaDirectMessage_ButDev\InstagramDirectMessage.cs:line 434
[14.09.2020 20:51:51, thread 0] [Error] Something is wrong. Redoing.
[14.09.2020 20:51:52, thread 0] Cookie parsing
[14.09.2020 20:51:54, thread 0] Logged in to your account.
[14.09.2020 20:51:54, thread 0] (Error) Error text: System.NullReferenceException: Object reference not set to an instance of an object.
   at InstaDirectMessage_ButDev.InstagramDirectMessage.DoWorkPost(String postlink, WebProxy proxy, String UserAgent, String cookie) in D:\MaXiMAA\MaXiMAAOld\C#Готово\KWORK\InstaDirectMessage_ButDev\InstaDirectMessage_ButDev\InstagramDirectMessage.cs:line 434
[14.09.2020 20:51:59, thread 0] [DEBUG] Start...
[14.09.2020 20:51:59, thread 0] Parsing cookies...
[14.09.2020 20:52:00, thread 0] Cookie parsing
[14.09.2020 20:52:01, thread 0] Logged in to your account.
[14.09.2020 20:52:02, thread 0] (Error) Error text: System.NullReferenceException: Object reference not set to an instance of an object.
   at InstaDirectMessage_ButDev.InstagramDirectMessage.DoWorkPost(String postlink, WebProxy proxy, String UserAgent, String cookie) in D:\MaXiMAA\MaXiMAAOld\C#Готово\KWORK\InstaDirectMessage_ButDev\InstaDirectMessage_ButDev\InstagramDirectMessage.cs:line 434
[14.09.2020 20:52:02, thread 0] [Error] Something is wrong. Redoing.
[14.09.2020 20:52:02, thread 0] Cookie parsing
[14.09.2020 20:52:04, thread 0] Logged in to your account.
[14.09.2020 20:52:05, thread 0] (Error) Error text: System.NullReferenceException: Object reference not set to an instance of an object.
   at InstaDirectMessage_ButDev.InstagramDirectMessage.DoWorkPost(String postlink, WebProxy proxy, String UserAgent, String cookie) in D:\MaXiMAA\MaXiMAAOld\C#Готово\KWORK\InstaDirectMessage_ButDev\InstaDirectMessage_ButDev\InstagramDirectMessage.cs:line 434
[14.09.2020 20:52:15, thread 0] [DEBUG] Start...
[14.09.2020 20:52:15, thread 0] Parsing cookies...
[14.09.2020 20:52:16, thread 0] Cookie parsing
[14.09.2020 20:52:18, thread 0] Logged in to your account.
[14.09.2020 20:52:18, thread 0] (Error) Error text: System.NullReferenceException: Object reference not set to an instance of an object.
   at InstaDirectMessage_ButDev.InstagramDirectMessage.DoWorkPost(String postlink, WebProxy proxy, String UserAgent, String cookie) in D:\MaXiMAA\MaXiMAAOld\C#Готово\KWORK\InstaDirectMessage_ButDev\InstaDirectMessage_ButDev\InstagramDirectMessage.cs:line 434
[14.09.2020 20:52:18, thread 0] [Error] Something is wrong. Redoing.
[14.09.2020 20:52:19, thread 0] Cookie parsing
[14.09.2020 20:52:21, thread 0] Logged in to your account.
[14.09.2020 20:52:21, thread 0] (Error) Error text: System.NullReferenceException: Object reference not set to an instance of an object.
   at InstaDirectMessage_ButDev.InstagramDirectMessage.DoWorkPost(String postlink, WebProxy proxy, String UserAgent, String cookie) in D:\MaXiMAA\MaXiMAAOld\C#Готово\KWORK\InstaDirectMessage_ButDev\InstaDirectMessage_ButDev\InstagramDirectMessage.cs:line 434
[14.09.2020 20:52:26, thread 0] [DEBUG] Start...
[14.09.2020 20:52:26, thread 0] Parsing cookies...
[14.09.2020 20:52:27, thread 0] Cookie parsing
[14.09.2020 20:52:28, thread 0] Logged in to your account.
[14.09.2020 20:52:29, thread 0] (Error) Error text: System.NullReferenceException: Object reference not set to an instance of an object.
   at InstaDirectMessage_ButDev.InstagramDirectMessage.DoWorkPost(String postlink, WebProxy proxy, String UserAgent, String cookie) in D:\MaXiMAA\MaXiMAAOld\C#Готово\KWORK\InstaDirectMessage_ButDev\InstaDirectMessage_ButDev\InstagramDirectMessage.cs:line 434
[14.09.2020 20:52:29, thread 0] [Error] Something is wrong. Redoing.
[14.09.2020 20:52:30, thread 0] Cookie parsing
[14.09.2020 20:52:32, thread 0] Logged in to your account.
[14.09.2020 20:52:32, thread 0] (Error) Error text: System.NullReferenceException: Object reference not set to an instance of an object.
   at InstaDirectMessage_ButDev.InstagramDirectMessage.DoWorkPost(String postlink, WebProxy proxy, String UserAgent, String cookie) in D:\MaXiMAA\MaXiMAAOld\C#Готово\KWORK\InstaDirectMessage_ButDev\InstaDirectMessage_ButDev\InstagramDirectMessage.cs:line 434
[14.09.2020 21:22:45, thread 0] [DEBUG] Start...
[14.09.2020 21:22:45, thread 0] Parsing cookies...
[14.09.2020 21:22:45, thread 0] Cookie parsing
[14.09.2020 21:22:48, thread 0] Logged in to your account.
[14.09.2020 21:22:54, thread 0] Message sent.
