[11.05.2020 15:54:58, поток 0] Парсим куки...
[11.05.2020 15:55:17, поток 0] (Ошибка) Текст ошибки: xNet.HttpException: Не удалось соединиться с HTTP-сервером 'www.instagram.com'. ---> xNet.ProxyException: Вышло время ожидания подключения к прокси-серверу '185.86.151.217:8010'.
   в xNet.ProxyClient.CreateConnectionToProxy()
   в xNet.HttpProxyClient.CreateConnection(String destinationHost, Int32 destinationPort, TcpClient tcpClient)
   в xNet.HttpRequest.CreateTcpConnection(String host, Int32 port)
   --- Конец трассировки внутреннего стека исключений ---
   в xNet.HttpRequest.CreateTcpConnection(String host, Int32 port)
   в xNet.HttpRequest.CreateConnection(Uri address)
   в xNet.HttpRequest.TryCreateConnectionOrUseExisting(Uri address, Uri previousAddress)
   в xNet.HttpRequest.Request(HttpMethod method, Uri address, HttpContent content)
   в xNet.HttpRequest.Raw(HttpMethod method, Uri address, HttpContent content)
   в xNet.HttpRequest.Raw(HttpMethod method, String address, HttpContent content)
   в InstaDirectMessage_ButDev.InstagramHashtagsParser.GetCookie() в D:\MaXiMAA\MaXiMAAOld\C#Готово\KWORK\InstaDirectMessage_ButDev\InstaDirectMessage_ButDev\InstagramHashtagsParser.cs:строка 167
[11.05.2020 15:55:17, поток 0] [DEBUG] Сменили прокси.
[11.05.2020 15:55:17, поток 0] Парсим куки...
[11.05.2020 15:55:18, поток 0] Спарсили куки
[11.05.2020 15:55:18, поток 0] Получили куки...
[11.05.2020 15:55:18, поток 0] Начинаем парсинг...
[11.05.2020 15:55:24, поток 0] Спарсили часть...
[11.05.2020 15:55:27, поток 0] Спарсили часть...
[11.05.2020 15:55:29, поток 0] Спарсили часть...
[11.05.2020 15:55:32, поток 0] Спарсили часть...
[11.05.2020 15:55:35, поток 0] Спарсили часть...
[11.05.2020 15:55:37, поток 0] Спарсили часть...
[11.05.2020 15:55:40, поток 0] Спарсили часть...
[11.05.2020 15:55:43, поток 0] Спарсили часть...
[11.05.2020 15:55:45, поток 0] Спарсили часть...
[11.05.2020 15:55:48, поток 0] Спарсили часть...
[11.05.2020 15:55:51, поток 0] Спарсили часть...
[11.05.2020 15:55:54, поток 0] Спарсили часть...
[11.05.2020 15:55:57, поток 0] Спарсили часть...
[11.05.2020 15:56:00, поток 0] Спарсили часть...
[11.05.2020 15:56:02, поток 0] Спарсили часть...
[11.05.2020 15:56:05, поток 0] Спарсили часть...
[11.05.2020 15:56:08, поток 0] Спарсили часть...
[11.05.2020 15:56:10, поток 0] Спарсили часть...
[11.05.2020 15:56:12, поток 0] Спарсили часть...
[11.05.2020 15:56:15, поток 0] Спарсили часть...
[11.05.2020 15:56:17, поток 0] Спарсили часть...
[11.05.2020 15:56:20, поток 0] Спарсили часть...
[11.05.2020 15:56:22, поток 0] Спарсили часть...
[11.05.2020 15:56:25, поток 0] Спарсили часть...
[11.05.2020 15:56:28, поток 0] Спарсили часть...
[11.05.2020 15:56:30, поток 0] Спарсили часть...
[11.05.2020 15:56:37, поток 0] Спарсили часть...
[11.05.2020 15:56:44, поток 0] Спарсили часть...
[11.05.2020 15:56:47, поток 0] Спарсили часть...
[11.05.2020 15:56:50, поток 0] Спарсили часть...
[11.05.2020 15:56:53, поток 0] Спарсили часть...
[11.05.2020 15:56:55, поток 0] Спарсили часть...
[11.05.2020 15:56:58, поток 0] Спарсили часть...
[11.05.2020 15:57:00, поток 0] Спарсили часть...
[11.05.2020 15:57:03, поток 0] Спарсили часть...
[11.05.2020 15:57:08, поток 0] Спарсили часть...
[11.05.2020 15:57:12, поток 0] Спарсили часть...
[11.05.2020 15:57:17, поток 0] Спарсили часть...
[11.05.2020 15:57:21, поток 0] Спарсили часть...
[11.05.2020 15:57:24, поток 0] Спарсили часть...
[11.05.2020 15:57:29, поток 0] Спарсили часть...
[11.05.2020 15:57:34, поток 0] Спарсили часть...
[11.05.2020 15:57:37, поток 0] Спарсили часть...
[11.05.2020 15:57:40, поток 0] Спарсили часть...
[11.05.2020 15:57:44, поток 0] Спарсили часть...
[11.05.2020 15:57:47, поток 0] Спарсили часть...
[11.05.2020 15:57:51, поток 0] Спарсили часть...
[11.05.2020 15:57:54, поток 0] Спарсили часть...
[11.05.2020 15:57:58, поток 0] Спарсили часть...
[11.05.2020 15:58:02, поток 0] Спарсили часть...
