[25.06.2020 15:47:03, поток 0] Парсим куки...
[25.06.2020 15:47:27, поток 0] (Ошибка) Текст ошибки: xNet.HttpException: Не удалось соединиться с HTTP-сервером 'www.instagram.com'. ---> xNet.ProxyException: Вышло время ожидания подключения к прокси-серверу '185.86.151.217:8010'.
   в xNet.ProxyClient.CreateConnectionToProxy()
   в xNet.HttpProxyClient.CreateConnection(String destinationHost, Int32 destinationPort, TcpClient tcpClient)
   в xNet.HttpRequest.CreateTcpConnection(String host, Int32 port)
   --- Конец трассировки внутреннего стека исключений ---
   в xNet.HttpRequest.CreateTcpConnection(String host, Int32 port)
   в xNet.HttpRequest.CreateConnection(Uri address)
   в xNet.HttpRequest.TryCreateConnectionOrUseExisting(Uri address, Uri previousAddress)
   в xNet.HttpRequest.Request(HttpMethod method, Uri address, HttpContent content)
   в xNet.HttpRequest.Raw(HttpMethod method, Uri address, HttpContent content)
   в xNet.HttpRequest.Raw(HttpMethod method, String address, HttpContent content)
   в InstaDirectMessage_ButDev.InstagramFollowersParser.GetCookie() в D:\MaXiMAA\MaXiMAAOld\C#Готово\KWORK\InstaDirectMessage_ButDev\InstaDirectMessage_ButDev\InstagramFollowersParser.cs:строка 198
[25.06.2020 15:47:27, поток 0] [DEBUG] Сменили прокси.
[25.06.2020 15:47:27, поток 0] [DEBUG] Сменили аккаунт.
[25.06.2020 15:47:27, поток 0] Парсим куки...
[25.06.2020 15:49:12, поток 0] Парсим куки...
[25.06.2020 15:49:14, поток 0] (Ошибка) Текст ошибки: xNet.HttpException: Не удалось соединиться с HTTP-сервером 'www.instagram.com'. ---> xNet.ProxyException: Не удалось соединиться с прокси-сервером 'Москва:8080'. ---> System.Net.Sockets.SocketException: Этот хост неизвестен
   в System.Net.Sockets.Socket.InternalEndConnect(IAsyncResult asyncResult)
   в System.Net.Sockets.Socket.EndConnect(IAsyncResult asyncResult)
   в System.Net.Sockets.TcpClient.EndConnect(IAsyncResult asyncResult)
   в xNet.ProxyClient.<>c__DisplayClass38_0.<CreateConnectionToProxy>b__0(IAsyncResult ar)
   --- Конец трассировки внутреннего стека исключений ---
   в xNet.ProxyClient.CreateConnectionToProxy()
   в xNet.HttpProxyClient.CreateConnection(String destinationHost, Int32 destinationPort, TcpClient tcpClient)
   в xNet.HttpRequest.CreateTcpConnection(String host, Int32 port)
   --- Конец трассировки внутреннего стека исключений ---
   в xNet.HttpRequest.CreateTcpConnection(String host, Int32 port)
   в xNet.HttpRequest.CreateConnection(Uri address)
   в xNet.HttpRequest.TryCreateConnectionOrUseExisting(Uri address, Uri previousAddress)
   в xNet.HttpRequest.Request(HttpMethod method, Uri address, HttpContent content)
   в xNet.HttpRequest.Raw(HttpMethod method, Uri address, HttpContent content)
   в xNet.HttpRequest.Raw(HttpMethod method, String address, HttpContent content)
   в InstaDirectMessage_ButDev.InstagramFollowersParser.GetCookie() в D:\MaXiMAA\MaXiMAAOld\C#Готово\KWORK\InstaDirectMessage_ButDev\InstaDirectMessage_ButDev\InstagramFollowersParser.cs:строка 198
[25.06.2020 15:49:14, поток 0] [DEBUG] Сменили прокси.
[25.06.2020 15:49:14, поток 0] [DEBUG] Сменили аккаунт.
[25.06.2020 15:49:14, поток 0] Парсим куки...
[25.06.2020 15:49:19, поток 0] (Ошибка) Текст ошибки: xNet.HttpException: Не удалось соединиться с HTTP-сервером 'www.instagram.com'. ---> xNet.ProxyException: Вышло время ожидания подключения к прокси-серверу 'Москва:8080'.
   в xNet.ProxyClient.CreateConnectionToProxy()
   в xNet.HttpProxyClient.CreateConnection(String destinationHost, Int32 destinationPort, TcpClient tcpClient)
   в xNet.HttpRequest.CreateTcpConnection(String host, Int32 port)
   --- Конец трассировки внутреннего стека исключений ---
   в xNet.HttpRequest.CreateTcpConnection(String host, Int32 port)
   в xNet.HttpRequest.CreateConnection(Uri address)
   в xNet.HttpRequest.TryCreateConnectionOrUseExisting(Uri address, Uri previousAddress)
   в xNet.HttpRequest.Request(HttpMethod method, Uri address, HttpContent content)
   в xNet.HttpRequest.Raw(HttpMethod method, Uri address, HttpContent content)
   в xNet.HttpRequest.Raw(HttpMethod method, String address, HttpContent content)
   в InstaDirectMessage_ButDev.InstagramFollowersParser.GetCookie() в D:\MaXiMAA\MaXiMAAOld\C#Готово\KWORK\InstaDirectMessage_ButDev\InstaDirectMessage_ButDev\InstagramFollowersParser.cs:строка 198
[25.06.2020 15:49:19, поток 0] [DEBUG] Сменили прокси.
[25.06.2020 15:49:19, поток 0] [DEBUG] Сменили аккаунт.
[25.06.2020 15:49:19, поток 0] Парсим куки...
[25.06.2020 15:49:22, поток 0] (Ошибка) Текст ошибки: xNet.HttpException: Не удалось соединиться с HTTP-сервером 'www.instagram.com'. ---> xNet.ProxyException: Не удалось соединиться с прокси-сервером 'Москва:8080'. ---> System.Net.Sockets.SocketException: Этот хост неизвестен
   в System.Net.Sockets.Socket.InternalEndConnect(IAsyncResult asyncResult)
   в System.Net.Sockets.Socket.EndConnect(IAsyncResult asyncResult)
   в System.Net.Sockets.TcpClient.EndConnect(IAsyncResult asyncResult)
   в xNet.ProxyClient.<>c__DisplayClass38_0.<CreateConnectionToProxy>b__0(IAsyncResult ar)
   --- Конец трассировки внутреннего стека исключений ---
   в xNet.ProxyClient.CreateConnectionToProxy()
   в xNet.HttpProxyClient.CreateConnection(String destinationHost, Int32 destinationPort, TcpClient tcpClient)
   в xNet.HttpRequest.CreateTcpConnection(String host, Int32 port)
   --- Конец трассировки внутреннего стека исключений ---
   в xNet.HttpRequest.CreateTcpConnection(String host, Int32 port)
   в xNet.HttpRequest.CreateConnection(Uri address)
   в xNet.HttpRequest.TryCreateConnectionOrUseExisting(Uri address, Uri previousAddress)
   в xNet.HttpRequest.Request(HttpMethod method, Uri address, HttpContent content)
   в xNet.HttpRequest.Raw(HttpMethod method, Uri address, HttpContent content)
   в xNet.HttpRequest.Raw(HttpMethod method, String address, HttpContent content)
   в InstaDirectMessage_ButDev.InstagramFollowersParser.GetCookie() в D:\MaXiMAA\MaXiMAAOld\C#Готово\KWORK\InstaDirectMessage_ButDev\InstaDirectMessage_ButDev\InstagramFollowersParser.cs:строка 198
[25.06.2020 15:49:22, поток 0] [DEBUG] Сменили прокси.
[25.06.2020 15:49:22, поток 0] [DEBUG] Сменили аккаунт.
[25.06.2020 15:49:22, поток 0] Парсим куки...
[25.06.2020 15:49:24, поток 0] (Ошибка) Текст ошибки: xNet.HttpException: Не удалось соединиться с HTTP-сервером 'www.instagram.com'. ---> xNet.ProxyException: Не удалось соединиться с прокси-сервером 'Москва:8080'. ---> System.Net.Sockets.SocketException: Этот хост неизвестен
   в System.Net.Sockets.Socket.InternalEndConnect(IAsyncResult asyncResult)
   в System.Net.Sockets.Socket.EndConnect(IAsyncResult asyncResult)
   в System.Net.Sockets.TcpClient.EndConnect(IAsyncResult asyncResult)
   в xNet.ProxyClient.<>c__DisplayClass38_0.<CreateConnectionToProxy>b__0(IAsyncResult ar)
   --- Конец трассировки внутреннего стека исключений ---
   в xNet.ProxyClient.CreateConnectionToProxy()
   в xNet.HttpProxyClient.CreateConnection(String destinationHost, Int32 destinationPort, TcpClient tcpClient)
   в xNet.HttpRequest.CreateTcpConnection(String host, Int32 port)
   --- Конец трассировки внутреннего стека исключений ---
   в xNet.HttpRequest.CreateTcpConnection(String host, Int32 port)
   в xNet.HttpRequest.CreateConnection(Uri address)
   в xNet.HttpRequest.TryCreateConnectionOrUseExisting(Uri address, Uri previousAddress)
   в xNet.HttpRequest.Request(HttpMethod method, Uri address, HttpContent content)
   в xNet.HttpRequest.Raw(HttpMethod method, Uri address, HttpContent content)
   в xNet.HttpRequest.Raw(HttpMethod method, String address, HttpContent content)
   в InstaDirectMessage_ButDev.InstagramFollowersParser.GetCookie() в D:\MaXiMAA\MaXiMAAOld\C#Готово\KWORK\InstaDirectMessage_ButDev\InstaDirectMessage_ButDev\InstagramFollowersParser.cs:строка 198
[25.06.2020 15:49:24, поток 0] [DEBUG] Сменили прокси.
[25.06.2020 15:49:24, поток 0] [DEBUG] Сменили аккаунт.
[25.06.2020 15:49:24, поток 0] Парсим куки...
[25.06.2020 15:49:26, поток 0] (Ошибка) Текст ошибки: xNet.HttpException: Не удалось соединиться с HTTP-сервером 'www.instagram.com'. ---> xNet.ProxyException: Не удалось соединиться с прокси-сервером 'Москва:8080'. ---> System.Net.Sockets.SocketException: Этот хост неизвестен
   в System.Net.Sockets.Socket.InternalEndConnect(IAsyncResult asyncResult)
   в System.Net.Sockets.Socket.EndConnect(IAsyncResult asyncResult)
   в System.Net.Sockets.TcpClient.EndConnect(IAsyncResult asyncResult)
   в xNet.ProxyClient.<>c__DisplayClass38_0.<CreateConnectionToProxy>b__0(IAsyncResult ar)
   --- Конец трассировки внутреннего стека исключений ---
   в xNet.ProxyClient.CreateConnectionToProxy()
   в xNet.HttpProxyClient.CreateConnection(String destinationHost, Int32 destinationPort, TcpClient tcpClient)
   в xNet.HttpRequest.CreateTcpConnection(String host, Int32 port)
   --- Конец трассировки внутреннего стека исключений ---
   в xNet.HttpRequest.CreateTcpConnection(String host, Int32 port)
   в xNet.HttpRequest.CreateConnection(Uri address)
   в xNet.HttpRequest.TryCreateConnectionOrUseExisting(Uri address, Uri previousAddress)
   в xNet.HttpRequest.Request(HttpMethod method, Uri address, HttpContent content)
   в xNet.HttpRequest.Raw(HttpMethod method, Uri address, HttpContent content)
   в xNet.HttpRequest.Raw(HttpMethod method, String address, HttpContent content)
   в InstaDirectMessage_ButDev.InstagramFollowersParser.GetCookie() в D:\MaXiMAA\MaXiMAAOld\C#Готово\KWORK\InstaDirectMessage_ButDev\InstaDirectMessage_ButDev\InstagramFollowersParser.cs:строка 198
[25.06.2020 15:49:26, поток 0] [DEBUG] Сменили прокси.
[25.06.2020 15:49:26, поток 0] [DEBUG] Сменили аккаунт.
[25.06.2020 15:49:45, поток 0] Парсим куки...
[25.06.2020 15:49:45, поток 0] Спарсили куки
[25.06.2020 15:49:45, поток 0] Получили куки...
[25.06.2020 15:49:45, поток 0] Начинаем парсинг...
[25.06.2020 15:49:45, поток 0] [DEBUG] Сменили аккаунт.
[25.06.2020 15:49:45, поток 0] Парсим куки...
[25.06.2020 15:49:46, поток 0] Спарсили куки
[25.06.2020 15:49:46, поток 0] Получили куки...
[25.06.2020 15:49:46, поток 0] Начинаем парсинг...
[25.06.2020 15:49:46, поток 0] [DEBUG] Сменили аккаунт.
[25.06.2020 15:49:46, поток 0] Парсим куки...
[25.06.2020 15:49:46, поток 0] Спарсили куки
[25.06.2020 15:49:46, поток 0] Получили куки...
[25.06.2020 15:49:46, поток 0] Начинаем парсинг...
[25.06.2020 15:49:47, поток 0] [DEBUG] Сменили аккаунт.
[25.06.2020 15:49:47, поток 0] Парсим куки...
[25.06.2020 15:49:47, поток 0] Спарсили куки
[25.06.2020 15:49:47, поток 0] Получили куки...
[25.06.2020 15:49:47, поток 0] Начинаем парсинг...
[25.06.2020 15:49:47, поток 0] [DEBUG] Сменили аккаунт.
[25.06.2020 15:49:47, поток 0] Парсим куки...
[25.06.2020 15:49:48, поток 0] Спарсили куки
[25.06.2020 15:49:48, поток 0] Получили куки...
[25.06.2020 15:49:48, поток 0] Начинаем парсинг...
[25.06.2020 15:49:48, поток 0] [DEBUG] Сменили аккаунт.
[25.06.2020 15:49:48, поток 0] Парсим куки...
[25.06.2020 15:49:48, поток 0] Спарсили куки
[25.06.2020 15:49:48, поток 0] Получили куки...
[25.06.2020 15:49:48, поток 0] Начинаем парсинг...
[25.06.2020 15:49:49, поток 0] [DEBUG] Сменили аккаунт.
[25.06.2020 15:49:49, поток 0] Парсим куки...
[25.06.2020 15:49:49, поток 0] Спарсили куки
[25.06.2020 15:49:49, поток 0] Получили куки...
[25.06.2020 15:49:49, поток 0] Начинаем парсинг...
[25.06.2020 15:49:49, поток 0] [DEBUG] Сменили аккаунт.
[25.06.2020 15:49:49, поток 0] Парсим куки...
[25.06.2020 15:49:50, поток 0] Спарсили куки
[25.06.2020 15:49:50, поток 0] Получили куки...
[25.06.2020 15:49:50, поток 0] Начинаем парсинг...
[25.06.2020 15:49:50, поток 0] [DEBUG] Сменили аккаунт.
[25.06.2020 15:49:50, поток 0] Парсим куки...
[25.06.2020 15:49:50, поток 0] Спарсили куки
[25.06.2020 15:49:50, поток 0] Получили куки...
[25.06.2020 15:49:50, поток 0] Начинаем парсинг...
[25.06.2020 15:49:50, поток 0] [DEBUG] Сменили аккаунт.
[25.06.2020 15:49:50, поток 0] Парсим куки...
[25.06.2020 15:49:51, поток 0] Спарсили куки
[25.06.2020 15:49:51, поток 0] Получили куки...
[25.06.2020 15:49:51, поток 0] Начинаем парсинг...
[25.06.2020 15:49:51, поток 0] [DEBUG] Сменили аккаунт.
[25.06.2020 15:49:51, поток 0] Парсим куки...
[25.06.2020 15:49:51, поток 0] Спарсили куки
[25.06.2020 15:49:51, поток 0] Получили куки...
[25.06.2020 15:49:51, поток 0] Начинаем парсинг...
[25.06.2020 15:49:52, поток 0] [DEBUG] Сменили аккаунт.
[25.06.2020 15:49:52, поток 0] Парсим куки...
[25.06.2020 15:49:52, поток 0] Спарсили куки
[25.06.2020 15:49:52, поток 0] Получили куки...
[25.06.2020 15:49:52, поток 0] Начинаем парсинг...
[25.06.2020 15:49:52, поток 0] [DEBUG] Сменили аккаунт.
[25.06.2020 15:49:52, поток 0] Парсим куки...
[25.06.2020 15:49:53, поток 0] Спарсили куки
[25.06.2020 15:49:53, поток 0] Получили куки...
[25.06.2020 15:49:53, поток 0] Начинаем парсинг...
[25.06.2020 15:49:53, поток 0] [DEBUG] Сменили аккаунт.
[25.06.2020 15:49:53, поток 0] Парсим куки...
[25.06.2020 15:49:53, поток 0] Спарсили куки
[25.06.2020 15:49:53, поток 0] Получили куки...
[25.06.2020 15:49:53, поток 0] Начинаем парсинг...
[25.06.2020 15:49:53, поток 0] [DEBUG] Сменили аккаунт.
[25.06.2020 15:49:53, поток 0] Парсим куки...
[25.06.2020 15:49:54, поток 0] Спарсили куки
[25.06.2020 15:49:54, поток 0] Получили куки...
[25.06.2020 15:49:54, поток 0] Начинаем парсинг...
[25.06.2020 15:49:54, поток 0] [DEBUG] Сменили аккаунт.
[25.06.2020 15:49:54, поток 0] Парсим куки...
[25.06.2020 15:49:55, поток 0] Спарсили куки
[25.06.2020 15:49:55, поток 0] Получили куки...
[25.06.2020 15:49:55, поток 0] Начинаем парсинг...
[25.06.2020 15:49:55, поток 0] [DEBUG] Сменили аккаунт.
[25.06.2020 15:49:55, поток 0] Парсим куки...
[25.06.2020 15:49:55, поток 0] Спарсили куки
[25.06.2020 15:49:55, поток 0] Получили куки...
[25.06.2020 15:49:55, поток 0] Начинаем парсинг...
[25.06.2020 15:49:55, поток 0] [DEBUG] Сменили аккаунт.
[25.06.2020 15:49:55, поток 0] Парсим куки...
[25.06.2020 15:49:56, поток 0] Спарсили куки
[25.06.2020 15:49:56, поток 0] Получили куки...
[25.06.2020 15:49:56, поток 0] Начинаем парсинг...
[25.06.2020 15:49:56, поток 0] [DEBUG] Сменили аккаунт.
[25.06.2020 15:49:56, поток 0] Парсим куки...
[25.06.2020 15:49:56, поток 0] Спарсили куки
[25.06.2020 15:49:56, поток 0] Получили куки...
[25.06.2020 15:49:56, поток 0] Начинаем парсинг...
[25.06.2020 15:49:57, поток 0] [DEBUG] Сменили аккаунт.
[25.06.2020 15:49:57, поток 0] Парсим куки...
[25.06.2020 15:49:57, поток 0] Спарсили куки
[25.06.2020 15:49:57, поток 0] Получили куки...
[25.06.2020 15:49:57, поток 0] Начинаем парсинг...
[25.06.2020 15:49:57, поток 0] [DEBUG] Сменили аккаунт.
[25.06.2020 15:49:57, поток 0] Парсим куки...
[25.06.2020 15:49:58, поток 0] Спарсили куки
[25.06.2020 15:49:58, поток 0] Получили куки...
[25.06.2020 15:49:58, поток 0] Начинаем парсинг...
[25.06.2020 15:49:58, поток 0] [DEBUG] Сменили аккаунт.
[25.06.2020 15:49:58, поток 0] Парсим куки...
[25.06.2020 15:49:59, поток 0] Спарсили куки
[25.06.2020 15:49:59, поток 0] Получили куки...
[25.06.2020 15:49:59, поток 0] Начинаем парсинг...
[25.06.2020 15:49:59, поток 0] [DEBUG] Сменили аккаунт.
[25.06.2020 15:49:59, поток 0] Парсим куки...
[25.06.2020 15:49:59, поток 0] Спарсили куки
[25.06.2020 15:49:59, поток 0] Получили куки...
[25.06.2020 15:49:59, поток 0] Начинаем парсинг...
[25.06.2020 15:49:59, поток 0] [DEBUG] Сменили аккаунт.
[25.06.2020 15:49:59, поток 0] Парсим куки...
[25.06.2020 15:50:00, поток 0] Спарсили куки
[25.06.2020 15:50:00, поток 0] Получили куки...
[25.06.2020 15:50:00, поток 0] Начинаем парсинг...
[25.06.2020 15:50:00, поток 0] [DEBUG] Сменили аккаунт.
[25.06.2020 15:50:00, поток 0] Парсим куки...
[25.06.2020 15:50:00, поток 0] Спарсили куки
[25.06.2020 15:50:00, поток 0] Получили куки...
[25.06.2020 15:50:00, поток 0] Начинаем парсинг...
[25.06.2020 15:50:01, поток 0] [DEBUG] Сменили аккаунт.
[25.06.2020 15:50:01, поток 0] Парсим куки...
[25.06.2020 15:50:01, поток 0] Спарсили куки
[25.06.2020 15:50:01, поток 0] Получили куки...
[25.06.2020 15:50:01, поток 0] Начинаем парсинг...
[25.06.2020 15:50:01, поток 0] [DEBUG] Сменили аккаунт.
[25.06.2020 15:50:01, поток 0] Парсим куки...
[25.06.2020 15:50:02, поток 0] Спарсили куки
[25.06.2020 15:50:02, поток 0] Получили куки...
[25.06.2020 15:50:02, поток 0] Начинаем парсинг...
[25.06.2020 15:50:02, поток 0] [DEBUG] Сменили аккаунт.
[25.06.2020 15:50:02, поток 0] Парсим куки...
[25.06.2020 15:50:02, поток 0] Спарсили куки
[25.06.2020 15:50:02, поток 0] Получили куки...
[25.06.2020 15:50:02, поток 0] Начинаем парсинг...
[25.06.2020 15:50:03, поток 0] [DEBUG] Сменили аккаунт.
[25.06.2020 15:50:03, поток 0] Парсим куки...
[25.06.2020 15:50:03, поток 0] Спарсили куки
[25.06.2020 15:50:03, поток 0] Получили куки...
[25.06.2020 15:50:03, поток 0] Начинаем парсинг...
[25.06.2020 15:50:03, поток 0] [DEBUG] Сменили аккаунт.
[25.06.2020 15:50:03, поток 0] Парсим куки...
[25.06.2020 15:50:04, поток 0] Спарсили куки
[25.06.2020 15:50:04, поток 0] Получили куки...
[25.06.2020 15:50:04, поток 0] Начинаем парсинг...
[25.06.2020 15:50:04, поток 0] [DEBUG] Сменили аккаунт.
[25.06.2020 15:50:04, поток 0] Парсим куки...
[25.06.2020 15:50:04, поток 0] Спарсили куки
[25.06.2020 15:50:04, поток 0] Получили куки...
[25.06.2020 15:50:04, поток 0] Начинаем парсинг...
[25.06.2020 15:50:05, поток 0] [DEBUG] Сменили аккаунт.
[25.06.2020 15:50:05, поток 0] Парсим куки...
[25.06.2020 15:50:05, поток 0] Спарсили куки
[25.06.2020 15:50:05, поток 0] Получили куки...
[25.06.2020 15:50:05, поток 0] Начинаем парсинг...
[25.06.2020 15:50:05, поток 0] [DEBUG] Сменили аккаунт.
[25.06.2020 15:50:05, поток 0] Парсим куки...
[25.06.2020 15:50:05, поток 0] Спарсили куки
[25.06.2020 15:50:05, поток 0] Получили куки...
[25.06.2020 15:50:05, поток 0] Начинаем парсинг...
[25.06.2020 15:50:06, поток 0] [DEBUG] Сменили аккаунт.
[25.06.2020 15:50:06, поток 0] Парсим куки...
[25.06.2020 15:50:06, поток 0] Спарсили куки
[25.06.2020 15:50:06, поток 0] Получили куки...
[25.06.2020 15:50:06, поток 0] Начинаем парсинг...
[25.06.2020 15:50:06, поток 0] [DEBUG] Сменили аккаунт.
[25.06.2020 15:50:06, поток 0] Парсим куки...
[25.06.2020 15:50:07, поток 0] Спарсили куки
[25.06.2020 15:50:07, поток 0] Получили куки...
[25.06.2020 15:50:07, поток 0] Начинаем парсинг...
[25.06.2020 15:50:07, поток 0] [DEBUG] Сменили аккаунт.
[25.06.2020 15:50:07, поток 0] Парсим куки...
[25.06.2020 15:50:07, поток 0] Спарсили куки
[25.06.2020 15:50:07, поток 0] Получили куки...
[25.06.2020 15:50:07, поток 0] Начинаем парсинг...
[25.06.2020 15:50:08, поток 0] [DEBUG] Сменили аккаунт.
[25.06.2020 15:50:08, поток 0] Парсим куки...
[25.06.2020 15:50:08, поток 0] Спарсили куки
[25.06.2020 15:50:08, поток 0] Получили куки...
[25.06.2020 15:50:08, поток 0] Начинаем парсинг...
[25.06.2020 15:50:08, поток 0] [DEBUG] Сменили аккаунт.
[25.06.2020 15:50:08, поток 0] Парсим куки...
[25.06.2020 15:50:09, поток 0] Спарсили куки
[25.06.2020 15:50:09, поток 0] Получили куки...
[25.06.2020 15:50:09, поток 0] Начинаем парсинг...
[25.06.2020 15:50:09, поток 0] [DEBUG] Сменили аккаунт.
[25.06.2020 15:50:09, поток 0] Парсим куки...
[25.06.2020 15:50:09, поток 0] Спарсили куки
[25.06.2020 15:50:09, поток 0] Получили куки...
[25.06.2020 15:50:09, поток 0] Начинаем парсинг...
[25.06.2020 15:50:09, поток 0] [DEBUG] Сменили аккаунт.
[25.06.2020 15:50:09, поток 0] Парсим куки...
[25.06.2020 15:50:10, поток 0] Спарсили куки
[25.06.2020 15:50:10, поток 0] Получили куки...
[25.06.2020 15:50:10, поток 0] Начинаем парсинг...
[25.06.2020 15:50:10, поток 0] [DEBUG] Сменили аккаунт.
[25.06.2020 15:50:10, поток 0] Парсим куки...
[25.06.2020 15:50:10, поток 0] Спарсили куки
[25.06.2020 15:50:10, поток 0] Получили куки...
[25.06.2020 15:50:10, поток 0] Начинаем парсинг...
[25.06.2020 15:50:11, поток 0] [DEBUG] Сменили аккаунт.
[25.06.2020 15:50:11, поток 0] Парсим куки...
[25.06.2020 15:50:11, поток 0] Спарсили куки
[25.06.2020 15:50:11, поток 0] Получили куки...
[25.06.2020 15:50:11, поток 0] Начинаем парсинг...
[25.06.2020 15:50:11, поток 0] [DEBUG] Сменили аккаунт.
[25.06.2020 15:50:11, поток 0] Парсим куки...
[25.06.2020 15:50:12, поток 0] Спарсили куки
[25.06.2020 15:50:12, поток 0] Получили куки...
[25.06.2020 15:50:12, поток 0] Начинаем парсинг...
[25.06.2020 15:50:12, поток 0] [DEBUG] Сменили аккаунт.
[25.06.2020 15:50:12, поток 0] Парсим куки...
[25.06.2020 15:50:12, поток 0] Спарсили куки
[25.06.2020 15:50:12, поток 0] Получили куки...
[25.06.2020 15:50:12, поток 0] Начинаем парсинг...
[25.06.2020 15:50:12, поток 0] [DEBUG] Сменили аккаунт.
[25.06.2020 15:50:12, поток 0] Парсим куки...
[25.06.2020 15:50:13, поток 0] Спарсили куки
[25.06.2020 15:50:13, поток 0] Получили куки...
[25.06.2020 15:50:13, поток 0] Начинаем парсинг...
[25.06.2020 15:50:13, поток 0] [DEBUG] Сменили аккаунт.
[25.06.2020 15:50:13, поток 0] Парсим куки...
[25.06.2020 15:50:13, поток 0] Спарсили куки
[25.06.2020 15:50:13, поток 0] Получили куки...
[25.06.2020 15:50:13, поток 0] Начинаем парсинг...
[25.06.2020 15:50:14, поток 0] [DEBUG] Сменили аккаунт.
[25.06.2020 15:50:14, поток 0] Парсим куки...
[25.06.2020 15:50:14, поток 0] Спарсили куки
[25.06.2020 15:50:14, поток 0] Получили куки...
[25.06.2020 15:50:14, поток 0] Начинаем парсинг...
[25.06.2020 15:50:14, поток 0] [DEBUG] Сменили аккаунт.
[25.06.2020 15:50:14, поток 0] Парсим куки...
[25.06.2020 15:50:15, поток 0] Спарсили куки
[25.06.2020 15:50:15, поток 0] Получили куки...
[25.06.2020 15:50:15, поток 0] Начинаем парсинг...
[25.06.2020 15:50:15, поток 0] [DEBUG] Сменили аккаунт.
[25.06.2020 15:50:15, поток 0] Парсим куки...
[25.06.2020 15:50:15, поток 0] Спарсили куки
[25.06.2020 15:50:15, поток 0] Получили куки...
[25.06.2020 15:50:15, поток 0] Начинаем парсинг...
[25.06.2020 15:50:15, поток 0] [DEBUG] Сменили аккаунт.
[25.06.2020 15:50:15, поток 0] Парсим куки...
[25.06.2020 15:50:16, поток 0] Спарсили куки
[25.06.2020 15:50:16, поток 0] Получили куки...
[25.06.2020 15:50:16, поток 0] Начинаем парсинг...
[25.06.2020 15:50:16, поток 0] [DEBUG] Сменили аккаунт.
[25.06.2020 15:50:16, поток 0] Парсим куки...
[25.06.2020 15:50:16, поток 0] Спарсили куки
[25.06.2020 15:50:16, поток 0] Получили куки...
[25.06.2020 15:50:16, поток 0] Начинаем парсинг...
[25.06.2020 15:50:17, поток 0] [DEBUG] Сменили аккаунт.
[25.06.2020 15:50:17, поток 0] Парсим куки...
[25.06.2020 15:50:17, поток 0] Спарсили куки
[25.06.2020 15:50:17, поток 0] Получили куки...
[25.06.2020 15:50:17, поток 0] Начинаем парсинг...
[25.06.2020 15:50:17, поток 0] [DEBUG] Сменили аккаунт.
[25.06.2020 15:50:17, поток 0] Парсим куки...
[25.06.2020 15:50:18, поток 0] Спарсили куки
[25.06.2020 15:50:18, поток 0] Получили куки...
[25.06.2020 15:50:18, поток 0] Начинаем парсинг...
[25.06.2020 15:50:18, поток 0] [DEBUG] Сменили аккаунт.
[25.06.2020 15:50:18, поток 0] Парсим куки...
[25.06.2020 15:50:18, поток 0] Спарсили куки
[25.06.2020 15:50:18, поток 0] Получили куки...
[25.06.2020 15:50:18, поток 0] Начинаем парсинг...
[25.06.2020 15:50:18, поток 0] [DEBUG] Сменили аккаунт.
[25.06.2020 15:50:18, поток 0] Парсим куки...
[25.06.2020 15:50:19, поток 0] Спарсили куки
[25.06.2020 15:50:19, поток 0] Получили куки...
[25.06.2020 15:50:19, поток 0] Начинаем парсинг...
[25.06.2020 15:50:19, поток 0] [DEBUG] Сменили аккаунт.
[25.06.2020 15:50:19, поток 0] Парсим куки...
[25.06.2020 15:50:20, поток 0] Спарсили куки
[25.06.2020 15:50:20, поток 0] Получили куки...
[25.06.2020 15:50:20, поток 0] Начинаем парсинг...
[25.06.2020 15:50:21, поток 0] [DEBUG] Сменили аккаунт.
[25.06.2020 15:50:21, поток 0] Парсим куки...
[25.06.2020 15:50:21, поток 0] Спарсили куки
[25.06.2020 15:50:21, поток 0] Получили куки...
[25.06.2020 15:50:21, поток 0] Начинаем парсинг...
[25.06.2020 15:50:21, поток 0] [DEBUG] Сменили аккаунт.
[25.06.2020 15:50:21, поток 0] Парсим куки...
[25.06.2020 15:50:22, поток 0] Спарсили куки
[25.06.2020 15:50:22, поток 0] Получили куки...
[25.06.2020 15:50:22, поток 0] Начинаем парсинг...
[25.06.2020 15:50:22, поток 0] [DEBUG] Сменили аккаунт.
[25.06.2020 15:50:22, поток 0] Парсим куки...
[25.06.2020 15:50:22, поток 0] Спарсили куки
[25.06.2020 15:50:22, поток 0] Получили куки...
[25.06.2020 15:50:22, поток 0] Начинаем парсинг...
[25.06.2020 15:50:23, поток 0] [DEBUG] Сменили аккаунт.
[25.06.2020 15:50:23, поток 0] Парсим куки...
[25.06.2020 15:50:23, поток 0] Спарсили куки
[25.06.2020 15:50:23, поток 0] Получили куки...
[25.06.2020 15:50:23, поток 0] Начинаем парсинг...
[25.06.2020 15:50:23, поток 0] [DEBUG] Сменили аккаунт.
[25.06.2020 15:50:23, поток 0] Парсим куки...
[25.06.2020 15:50:23, поток 0] Спарсили куки
[25.06.2020 15:50:23, поток 0] Получили куки...
[25.06.2020 15:50:23, поток 0] Начинаем парсинг...
[25.06.2020 15:50:24, поток 0] [DEBUG] Сменили аккаунт.
[25.06.2020 15:50:24, поток 0] Парсим куки...
[25.06.2020 15:50:24, поток 0] Спарсили куки
[25.06.2020 15:50:24, поток 0] Получили куки...
[25.06.2020 15:50:24, поток 0] Начинаем парсинг...
[25.06.2020 15:50:24, поток 0] [DEBUG] Сменили аккаунт.
[25.06.2020 15:50:24, поток 0] Парсим куки...
[25.06.2020 15:50:25, поток 0] Спарсили куки
[25.06.2020 15:50:25, поток 0] Получили куки...
[25.06.2020 15:50:25, поток 0] Начинаем парсинг...
[25.06.2020 15:50:25, поток 0] [DEBUG] Сменили аккаунт.
[25.06.2020 15:50:25, поток 0] Парсим куки...
[25.06.2020 15:50:25, поток 0] Спарсили куки
[25.06.2020 15:50:25, поток 0] Получили куки...
[25.06.2020 15:50:25, поток 0] Начинаем парсинг...
[25.06.2020 15:50:26, поток 0] [DEBUG] Сменили аккаунт.
[25.06.2020 15:50:26, поток 0] Парсим куки...
[25.06.2020 15:50:26, поток 0] Спарсили куки
[25.06.2020 15:50:26, поток 0] Получили куки...
[25.06.2020 15:50:26, поток 0] Начинаем парсинг...
[25.06.2020 15:50:26, поток 0] [DEBUG] Сменили аккаунт.
[25.06.2020 15:50:26, поток 0] Парсим куки...
[25.06.2020 15:50:26, поток 0] Спарсили куки
[25.06.2020 15:50:26, поток 0] Получили куки...
[25.06.2020 15:50:26, поток 0] Начинаем парсинг...
[25.06.2020 15:50:27, поток 0] [DEBUG] Сменили аккаунт.
[25.06.2020 15:50:27, поток 0] Парсим куки...
[25.06.2020 15:50:27, поток 0] Спарсили куки
[25.06.2020 15:50:27, поток 0] Получили куки...
[25.06.2020 15:50:27, поток 0] Начинаем парсинг...
[25.06.2020 15:50:27, поток 0] [DEBUG] Сменили аккаунт.
[25.06.2020 15:50:27, поток 0] Парсим куки...
[25.06.2020 15:50:28, поток 0] Спарсили куки
[25.06.2020 15:50:28, поток 0] Получили куки...
[25.06.2020 15:50:28, поток 0] Начинаем парсинг...
[25.06.2020 15:50:28, поток 0] [DEBUG] Сменили аккаунт.
[25.06.2020 15:50:28, поток 0] Парсим куки...
[25.06.2020 15:50:28, поток 0] Спарсили куки
[25.06.2020 15:50:28, поток 0] Получили куки...
[25.06.2020 15:50:28, поток 0] Начинаем парсинг...
[25.06.2020 15:50:29, поток 0] [DEBUG] Сменили аккаунт.
[25.06.2020 15:50:29, поток 0] Парсим куки...
[25.06.2020 15:50:29, поток 0] Спарсили куки
[25.06.2020 15:50:29, поток 0] Получили куки...
[25.06.2020 15:50:29, поток 0] Начинаем парсинг...
[25.06.2020 15:50:29, поток 0] [DEBUG] Сменили аккаунт.
[25.06.2020 15:50:29, поток 0] Парсим куки...
[25.06.2020 15:50:30, поток 0] Спарсили куки
[25.06.2020 15:50:30, поток 0] Получили куки...
[25.06.2020 15:50:30, поток 0] Начинаем парсинг...
[25.06.2020 15:50:30, поток 0] [DEBUG] Сменили аккаунт.
[25.06.2020 15:50:30, поток 0] Парсим куки...
[25.06.2020 15:50:30, поток 0] Спарсили куки
[25.06.2020 15:50:30, поток 0] Получили куки...
[25.06.2020 15:50:30, поток 0] Начинаем парсинг...
[25.06.2020 15:50:30, поток 0] [DEBUG] Сменили аккаунт.
[25.06.2020 15:50:30, поток 0] Парсим куки...
[25.06.2020 15:50:31, поток 0] Спарсили куки
[25.06.2020 15:50:31, поток 0] Получили куки...
[25.06.2020 15:50:31, поток 0] Начинаем парсинг...
[25.06.2020 15:50:31, поток 0] [DEBUG] Сменили аккаунт.
[25.06.2020 15:50:31, поток 0] Парсим куки...
[25.06.2020 15:50:31, поток 0] Спарсили куки
[25.06.2020 15:50:31, поток 0] Получили куки...
[25.06.2020 15:50:31, поток 0] Начинаем парсинг...
[25.06.2020 15:50:32, поток 0] [DEBUG] Сменили аккаунт.
[25.06.2020 15:50:32, поток 0] Парсим куки...
[25.06.2020 15:50:32, поток 0] Спарсили куки
[25.06.2020 15:50:32, поток 0] Получили куки...
[25.06.2020 15:50:32, поток 0] Начинаем парсинг...
[25.06.2020 15:50:32, поток 0] [DEBUG] Сменили аккаунт.
[25.06.2020 15:50:32, поток 0] Парсим куки...
[25.06.2020 15:50:33, поток 0] Спарсили куки
[25.06.2020 15:50:33, поток 0] Получили куки...
[25.06.2020 15:50:33, поток 0] Начинаем парсинг...
[25.06.2020 15:50:33, поток 0] [DEBUG] Сменили аккаунт.
[25.06.2020 15:50:33, поток 0] Парсим куки...
[25.06.2020 15:50:33, поток 0] Спарсили куки
[25.06.2020 15:50:33, поток 0] Получили куки...
[25.06.2020 15:50:33, поток 0] Начинаем парсинг...
[25.06.2020 15:50:33, поток 0] [DEBUG] Сменили аккаунт.
[25.06.2020 15:50:33, поток 0] Парсим куки...
[25.06.2020 15:50:34, поток 0] Спарсили куки
[25.06.2020 15:50:34, поток 0] Получили куки...
[25.06.2020 15:50:34, поток 0] Начинаем парсинг...
[25.06.2020 15:50:34, поток 0] [DEBUG] Сменили аккаунт.
[25.06.2020 15:50:34, поток 0] Парсим куки...
[25.06.2020 15:50:34, поток 0] Спарсили куки
[25.06.2020 15:50:34, поток 0] Получили куки...
[25.06.2020 15:50:34, поток 0] Начинаем парсинг...
[25.06.2020 15:50:35, поток 0] [DEBUG] Сменили аккаунт.
[25.06.2020 15:50:35, поток 0] Парсим куки...
[25.06.2020 15:50:35, поток 0] Спарсили куки
[25.06.2020 15:50:35, поток 0] Получили куки...
[25.06.2020 15:50:35, поток 0] Начинаем парсинг...
[25.06.2020 15:50:35, поток 0] [DEBUG] Сменили аккаунт.
[25.06.2020 15:50:35, поток 0] Парсим куки...
[25.06.2020 15:50:36, поток 0] Спарсили куки
[25.06.2020 15:50:36, поток 0] Получили куки...
[25.06.2020 15:50:36, поток 0] Начинаем парсинг...
[25.06.2020 15:50:36, поток 0] [DEBUG] Сменили аккаунт.
[25.06.2020 15:50:36, поток 0] Парсим куки...
[25.06.2020 15:50:36, поток 0] Спарсили куки
[25.06.2020 15:50:36, поток 0] Получили куки...
[25.06.2020 15:50:36, поток 0] Начинаем парсинг...
[25.06.2020 15:50:36, поток 0] [DEBUG] Сменили аккаунт.
[25.06.2020 15:50:36, поток 0] Парсим куки...
[25.06.2020 15:50:37, поток 0] Спарсили куки
[25.06.2020 15:50:37, поток 0] Получили куки...
[25.06.2020 15:50:37, поток 0] Начинаем парсинг...
[25.06.2020 15:50:37, поток 0] [DEBUG] Сменили аккаунт.
[25.06.2020 15:50:37, поток 0] Парсим куки...
[25.06.2020 15:50:37, поток 0] Спарсили куки
[25.06.2020 15:50:37, поток 0] Получили куки...
[25.06.2020 15:50:37, поток 0] Начинаем парсинг...
[25.06.2020 15:50:38, поток 0] [DEBUG] Сменили аккаунт.
[25.06.2020 15:50:38, поток 0] Парсим куки...
[25.06.2020 15:50:38, поток 0] Спарсили куки
[25.06.2020 15:50:38, поток 0] Получили куки...
[25.06.2020 15:50:38, поток 0] Начинаем парсинг...
[25.06.2020 15:50:38, поток 0] [DEBUG] Сменили аккаунт.
[25.06.2020 15:50:38, поток 0] Парсим куки...
[25.06.2020 15:50:39, поток 0] Спарсили куки
[25.06.2020 15:50:39, поток 0] Получили куки...
[25.06.2020 15:50:39, поток 0] Начинаем парсинг...
[25.06.2020 15:50:39, поток 0] [DEBUG] Сменили аккаунт.
[25.06.2020 15:50:39, поток 0] Парсим куки...
[25.06.2020 15:50:39, поток 0] Спарсили куки
[25.06.2020 15:50:39, поток 0] Получили куки...
[25.06.2020 15:50:39, поток 0] Начинаем парсинг...
[25.06.2020 15:50:39, поток 0] [DEBUG] Сменили аккаунт.
[25.06.2020 15:50:39, поток 0] Парсим куки...
[25.06.2020 15:50:40, поток 0] Спарсили куки
[25.06.2020 15:50:40, поток 0] Получили куки...
[25.06.2020 15:50:40, поток 0] Начинаем парсинг...
[25.06.2020 15:50:40, поток 0] [DEBUG] Сменили аккаунт.
[25.06.2020 15:50:40, поток 0] Парсим куки...
[25.06.2020 15:50:40, поток 0] Спарсили куки
[25.06.2020 15:50:40, поток 0] Получили куки...
[25.06.2020 15:50:40, поток 0] Начинаем парсинг...
[25.06.2020 15:50:41, поток 0] [DEBUG] Сменили аккаунт.
[25.06.2020 15:50:41, поток 0] Парсим куки...
[25.06.2020 15:50:41, поток 0] Спарсили куки
[25.06.2020 15:50:41, поток 0] Получили куки...
[25.06.2020 15:50:41, поток 0] Начинаем парсинг...
[25.06.2020 15:50:41, поток 0] [DEBUG] Сменили аккаунт.
[25.06.2020 15:50:41, поток 0] Парсим куки...
[25.06.2020 15:50:42, поток 0] Спарсили куки
[25.06.2020 15:50:42, поток 0] Получили куки...
[25.06.2020 15:50:42, поток 0] Начинаем парсинг...
[25.06.2020 15:50:42, поток 0] [DEBUG] Сменили аккаунт.
[25.06.2020 15:50:42, поток 0] Парсим куки...
[25.06.2020 15:50:42, поток 0] Спарсили куки
[25.06.2020 15:50:42, поток 0] Получили куки...
[25.06.2020 15:50:42, поток 0] Начинаем парсинг...
[25.06.2020 15:50:42, поток 0] [DEBUG] Сменили аккаунт.
[25.06.2020 15:50:42, поток 0] Парсим куки...
[25.06.2020 15:50:43, поток 0] Спарсили куки
[25.06.2020 15:50:43, поток 0] Получили куки...
[25.06.2020 15:50:43, поток 0] Начинаем парсинг...
[25.06.2020 15:50:43, поток 0] [DEBUG] Сменили аккаунт.
[25.06.2020 15:50:43, поток 0] Парсим куки...
[25.06.2020 15:50:43, поток 0] Спарсили куки
[25.06.2020 15:50:43, поток 0] Получили куки...
[25.06.2020 15:50:43, поток 0] Начинаем парсинг...
[25.06.2020 15:50:44, поток 0] [DEBUG] Сменили аккаунт.
[25.06.2020 15:50:44, поток 0] Парсим куки...
[25.06.2020 15:50:44, поток 0] Спарсили куки
[25.06.2020 15:50:44, поток 0] Получили куки...
[25.06.2020 15:50:44, поток 0] Начинаем парсинг...
[25.06.2020 15:50:44, поток 0] [DEBUG] Сменили аккаунт.
[25.06.2020 15:50:44, поток 0] Парсим куки...
[25.06.2020 15:50:45, поток 0] Спарсили куки
[25.06.2020 15:50:45, поток 0] Получили куки...
[25.06.2020 15:50:45, поток 0] Начинаем парсинг...
[25.06.2020 15:50:45, поток 0] [DEBUG] Сменили аккаунт.
[25.06.2020 15:50:45, поток 0] Парсим куки...
[25.06.2020 15:50:45, поток 0] Спарсили куки
[25.06.2020 15:50:45, поток 0] Получили куки...
[25.06.2020 15:50:45, поток 0] Начинаем парсинг...
[25.06.2020 15:50:45, поток 0] [DEBUG] Сменили аккаунт.
[25.06.2020 15:50:45, поток 0] Парсим куки...
[25.06.2020 15:50:46, поток 0] Спарсили куки
[25.06.2020 15:50:46, поток 0] Получили куки...
[25.06.2020 15:50:46, поток 0] Начинаем парсинг...
[25.06.2020 15:50:46, поток 0] [DEBUG] Сменили аккаунт.
[25.06.2020 15:50:46, поток 0] Парсим куки...
[25.06.2020 15:50:46, поток 0] Спарсили куки
[25.06.2020 15:50:46, поток 0] Получили куки...
[25.06.2020 15:50:46, поток 0] Начинаем парсинг...
[25.06.2020 15:50:47, поток 0] [DEBUG] Сменили аккаунт.
[25.06.2020 15:50:47, поток 0] Парсим куки...
[25.06.2020 15:50:47, поток 0] Спарсили куки
[25.06.2020 15:50:47, поток 0] Получили куки...
[25.06.2020 15:50:47, поток 0] Начинаем парсинг...
[25.06.2020 15:50:47, поток 0] [DEBUG] Сменили аккаунт.
[25.06.2020 15:50:47, поток 0] Парсим куки...
[25.06.2020 15:50:48, поток 0] Спарсили куки
[25.06.2020 15:50:48, поток 0] Получили куки...
[25.06.2020 15:50:48, поток 0] Начинаем парсинг...
[25.06.2020 15:50:48, поток 0] [DEBUG] Сменили аккаунт.
[25.06.2020 15:50:48, поток 0] Парсим куки...
[25.06.2020 15:50:48, поток 0] Спарсили куки
[25.06.2020 15:50:48, поток 0] Получили куки...
[25.06.2020 15:50:48, поток 0] Начинаем парсинг...
[25.06.2020 15:50:49, поток 0] [DEBUG] Сменили аккаунт.
[25.06.2020 15:50:49, поток 0] Парсим куки...
[25.06.2020 15:50:49, поток 0] Спарсили куки
[25.06.2020 15:50:49, поток 0] Получили куки...
[25.06.2020 15:50:49, поток 0] Начинаем парсинг...
[25.06.2020 15:50:49, поток 0] [DEBUG] Сменили аккаунт.
[25.06.2020 15:50:49, поток 0] Парсим куки...
[25.06.2020 15:50:49, поток 0] Спарсили куки
[25.06.2020 15:50:49, поток 0] Получили куки...
[25.06.2020 15:50:49, поток 0] Начинаем парсинг...
[25.06.2020 15:50:50, поток 0] [DEBUG] Сменили аккаунт.
[25.06.2020 15:50:50, поток 0] Парсим куки...
[25.06.2020 15:50:50, поток 0] Спарсили куки
[25.06.2020 15:50:50, поток 0] Получили куки...
[25.06.2020 15:50:50, поток 0] Начинаем парсинг...
[25.06.2020 15:50:50, поток 0] [DEBUG] Сменили аккаунт.
[25.06.2020 15:50:50, поток 0] Парсим куки...
[25.06.2020 15:50:51, поток 0] Спарсили куки
[25.06.2020 15:50:51, поток 0] Получили куки...
[25.06.2020 15:50:51, поток 0] Начинаем парсинг...
[25.06.2020 15:50:51, поток 0] [DEBUG] Сменили аккаунт.
[25.06.2020 15:50:51, поток 0] Парсим куки...
[25.06.2020 15:50:51, поток 0] Спарсили куки
[25.06.2020 15:50:51, поток 0] Получили куки...
[25.06.2020 15:50:51, поток 0] Начинаем парсинг...
[25.06.2020 15:50:52, поток 0] [DEBUG] Сменили аккаунт.
[25.06.2020 15:50:52, поток 0] Парсим куки...
[25.06.2020 15:50:52, поток 0] Спарсили куки
[25.06.2020 15:50:52, поток 0] Получили куки...
[25.06.2020 15:50:52, поток 0] Начинаем парсинг...
[25.06.2020 15:50:53, поток 0] [DEBUG] Сменили аккаунт.
[25.06.2020 15:50:53, поток 0] Парсим куки...
[25.06.2020 15:50:53, поток 0] Спарсили куки
[25.06.2020 15:50:53, поток 0] Получили куки...
[25.06.2020 15:50:53, поток 0] Начинаем парсинг...
[25.06.2020 15:50:53, поток 0] [DEBUG] Сменили аккаунт.
[25.06.2020 15:50:53, поток 0] Парсим куки...
[25.06.2020 15:50:54, поток 0] Спарсили куки
[25.06.2020 15:50:54, поток 0] Получили куки...
[25.06.2020 15:50:54, поток 0] Начинаем парсинг...
[25.06.2020 15:50:54, поток 0] [DEBUG] Сменили аккаунт.
[25.06.2020 15:50:54, поток 0] Парсим куки...
[25.06.2020 15:50:54, поток 0] Спарсили куки
[25.06.2020 15:50:54, поток 0] Получили куки...
[25.06.2020 15:50:54, поток 0] Начинаем парсинг...
[25.06.2020 15:50:55, поток 0] [DEBUG] Сменили аккаунт.
[25.06.2020 15:50:55, поток 0] Парсим куки...
[25.06.2020 15:50:55, поток 0] Спарсили куки
[25.06.2020 15:50:55, поток 0] Получили куки...
[25.06.2020 15:50:55, поток 0] Начинаем парсинг...
[25.06.2020 15:50:55, поток 0] [DEBUG] Сменили аккаунт.
[25.06.2020 15:50:55, поток 0] Парсим куки...
[25.06.2020 15:50:56, поток 0] Спарсили куки
[25.06.2020 15:50:56, поток 0] Получили куки...
[25.06.2020 15:50:56, поток 0] Начинаем парсинг...
[25.06.2020 15:50:56, поток 0] [DEBUG] Сменили аккаунт.
[25.06.2020 15:50:56, поток 0] Парсим куки...
[25.06.2020 15:50:56, поток 0] Спарсили куки
[25.06.2020 15:50:56, поток 0] Получили куки...
[25.06.2020 15:50:56, поток 0] Начинаем парсинг...
[25.06.2020 15:50:56, поток 0] [DEBUG] Сменили аккаунт.
[25.06.2020 15:50:56, поток 0] Парсим куки...
[25.06.2020 15:50:57, поток 0] Спарсили куки
[25.06.2020 15:50:57, поток 0] Получили куки...
[25.06.2020 15:50:57, поток 0] Начинаем парсинг...
[25.06.2020 15:50:57, поток 0] [DEBUG] Сменили аккаунт.
[25.06.2020 15:50:57, поток 0] Парсим куки...
[25.06.2020 15:50:57, поток 0] Спарсили куки
[25.06.2020 15:50:57, поток 0] Получили куки...
[25.06.2020 15:50:57, поток 0] Начинаем парсинг...
[25.06.2020 15:50:58, поток 0] [DEBUG] Сменили аккаунт.
[25.06.2020 15:50:58, поток 0] Парсим куки...
[25.06.2020 15:50:58, поток 0] Спарсили куки
[25.06.2020 15:50:58, поток 0] Получили куки...
[25.06.2020 15:50:58, поток 0] Начинаем парсинг...
[25.06.2020 15:50:58, поток 0] [DEBUG] Сменили аккаунт.
[25.06.2020 15:50:58, поток 0] Парсим куки...
[25.06.2020 15:50:59, поток 0] Спарсили куки
[25.06.2020 15:50:59, поток 0] Получили куки...
[25.06.2020 15:50:59, поток 0] Начинаем парсинг...
[25.06.2020 15:50:59, поток 0] [DEBUG] Сменили аккаунт.
[25.06.2020 15:50:59, поток 0] Парсим куки...
[25.06.2020 15:50:59, поток 0] Спарсили куки
[25.06.2020 15:50:59, поток 0] Получили куки...
[25.06.2020 15:50:59, поток 0] Начинаем парсинг...
[25.06.2020 15:51:00, поток 0] [DEBUG] Сменили аккаунт.
[25.06.2020 15:51:00, поток 0] Парсим куки...
[25.06.2020 15:51:00, поток 0] Спарсили куки
[25.06.2020 15:51:00, поток 0] Получили куки...
[25.06.2020 15:51:00, поток 0] Начинаем парсинг...
[25.06.2020 15:51:00, поток 0] [DEBUG] Сменили аккаунт.
[25.06.2020 15:51:00, поток 0] Парсим куки...
[25.06.2020 15:51:01, поток 0] Спарсили куки
[25.06.2020 15:51:01, поток 0] Получили куки...
[25.06.2020 15:51:01, поток 0] Начинаем парсинг...
[25.06.2020 15:51:01, поток 0] [DEBUG] Сменили аккаунт.
[25.06.2020 15:51:01, поток 0] Парсим куки...
[25.06.2020 15:51:01, поток 0] Спарсили куки
[25.06.2020 15:51:01, поток 0] Получили куки...
[25.06.2020 15:51:01, поток 0] Начинаем парсинг...
[25.06.2020 15:51:01, поток 0] [DEBUG] Сменили аккаунт.
[25.06.2020 15:51:01, поток 0] Парсим куки...
[25.06.2020 15:51:02, поток 0] Спарсили куки
[25.06.2020 15:51:02, поток 0] Получили куки...
[25.06.2020 15:51:02, поток 0] Начинаем парсинг...
[25.06.2020 15:51:02, поток 0] [DEBUG] Сменили аккаунт.
[25.06.2020 15:51:02, поток 0] Парсим куки...
[25.06.2020 15:51:02, поток 0] Спарсили куки
[25.06.2020 15:51:02, поток 0] Получили куки...
[25.06.2020 15:51:02, поток 0] Начинаем парсинг...
[25.06.2020 15:51:03, поток 0] [DEBUG] Сменили аккаунт.
[25.06.2020 15:51:03, поток 0] Парсим куки...
[25.06.2020 15:51:03, поток 0] Спарсили куки
[25.06.2020 15:51:03, поток 0] Получили куки...
[25.06.2020 15:51:03, поток 0] Начинаем парсинг...
[25.06.2020 15:51:03, поток 0] [DEBUG] Сменили аккаунт.
[25.06.2020 15:51:03, поток 0] Парсим куки...
[25.06.2020 15:51:04, поток 0] Спарсили куки
[25.06.2020 15:51:04, поток 0] Получили куки...
[25.06.2020 15:51:04, поток 0] Начинаем парсинг...
[25.06.2020 15:51:04, поток 0] [DEBUG] Сменили аккаунт.
[25.06.2020 15:51:04, поток 0] Парсим куки...
[25.06.2020 15:51:04, поток 0] Спарсили куки
[25.06.2020 15:51:04, поток 0] Получили куки...
[25.06.2020 15:51:04, поток 0] Начинаем парсинг...
[25.06.2020 15:51:05, поток 0] [DEBUG] Сменили аккаунт.
[25.06.2020 15:51:05, поток 0] Парсим куки...
[25.06.2020 15:51:05, поток 0] Спарсили куки
[25.06.2020 15:51:05, поток 0] Получили куки...
[25.06.2020 15:51:05, поток 0] Начинаем парсинг...
[25.06.2020 15:51:05, поток 0] [DEBUG] Сменили аккаунт.
[25.06.2020 15:51:05, поток 0] Парсим куки...
[25.06.2020 15:51:06, поток 0] Спарсили куки
[25.06.2020 15:51:06, поток 0] Получили куки...
[25.06.2020 15:51:06, поток 0] Начинаем парсинг...
[25.06.2020 15:51:06, поток 0] [DEBUG] Сменили аккаунт.
[25.06.2020 15:51:06, поток 0] Парсим куки...
[25.06.2020 15:51:06, поток 0] Спарсили куки
[25.06.2020 15:51:06, поток 0] Получили куки...
[25.06.2020 15:51:06, поток 0] Начинаем парсинг...
[25.06.2020 15:51:06, поток 0] [DEBUG] Сменили аккаунт.
[25.06.2020 15:51:06, поток 0] Парсим куки...
[25.06.2020 15:51:07, поток 0] Спарсили куки
[25.06.2020 15:51:07, поток 0] Получили куки...
[25.06.2020 15:51:07, поток 0] Начинаем парсинг...
[25.06.2020 15:51:07, поток 0] [DEBUG] Сменили аккаунт.
[25.06.2020 15:51:07, поток 0] Парсим куки...
[25.06.2020 15:51:07, поток 0] Спарсили куки
[25.06.2020 15:51:07, поток 0] Получили куки...
[25.06.2020 15:51:07, поток 0] Начинаем парсинг...
[25.06.2020 15:51:08, поток 0] [DEBUG] Сменили аккаунт.
[25.06.2020 15:51:08, поток 0] Парсим куки...
[25.06.2020 15:51:08, поток 0] Спарсили куки
[25.06.2020 15:51:08, поток 0] Получили куки...
[25.06.2020 15:51:08, поток 0] Начинаем парсинг...
[25.06.2020 15:51:08, поток 0] [DEBUG] Сменили аккаунт.
[25.06.2020 15:51:08, поток 0] Парсим куки...
[25.06.2020 15:51:09, поток 0] Спарсили куки
[25.06.2020 15:51:09, поток 0] Получили куки...
[25.06.2020 15:51:09, поток 0] Начинаем парсинг...
[25.06.2020 15:51:09, поток 0] [DEBUG] Сменили аккаунт.
[25.06.2020 15:51:09, поток 0] Парсим куки...
[25.06.2020 15:51:09, поток 0] Спарсили куки
[25.06.2020 15:51:09, поток 0] Получили куки...
[25.06.2020 15:51:09, поток 0] Начинаем парсинг...
[25.06.2020 15:51:09, поток 0] [DEBUG] Сменили аккаунт.
[25.06.2020 15:51:09, поток 0] Парсим куки...
[25.06.2020 15:51:10, поток 0] Спарсили куки
[25.06.2020 15:51:10, поток 0] Получили куки...
[25.06.2020 15:51:10, поток 0] Начинаем парсинг...
[25.06.2020 15:51:10, поток 0] [DEBUG] Сменили аккаунт.
[25.06.2020 15:51:10, поток 0] Парсим куки...
[25.06.2020 15:51:10, поток 0] Спарсили куки
[25.06.2020 15:51:10, поток 0] Получили куки...
[25.06.2020 15:51:10, поток 0] Начинаем парсинг...
[25.06.2020 15:51:11, поток 0] [DEBUG] Сменили аккаунт.
[25.06.2020 15:51:11, поток 0] Парсим куки...
[25.06.2020 15:51:11, поток 0] Спарсили куки
[25.06.2020 15:51:11, поток 0] Получили куки...
[25.06.2020 15:51:11, поток 0] Начинаем парсинг...
[25.06.2020 15:51:11, поток 0] [DEBUG] Сменили аккаунт.
[25.06.2020 15:51:11, поток 0] Парсим куки...
[25.06.2020 15:51:12, поток 0] Спарсили куки
[25.06.2020 15:51:12, поток 0] Получили куки...
[25.06.2020 15:51:12, поток 0] Начинаем парсинг...
[25.06.2020 15:51:12, поток 0] [DEBUG] Сменили аккаунт.
[25.06.2020 15:51:12, поток 0] Парсим куки...
[25.06.2020 15:51:12, поток 0] Спарсили куки
[25.06.2020 15:51:12, поток 0] Получили куки...
[25.06.2020 15:51:12, поток 0] Начинаем парсинг...
[25.06.2020 15:51:13, поток 0] [DEBUG] Сменили аккаунт.
[25.06.2020 15:51:13, поток 0] Парсим куки...
[25.06.2020 15:51:13, поток 0] Спарсили куки
[25.06.2020 15:51:13, поток 0] Получили куки...
[25.06.2020 15:51:13, поток 0] Начинаем парсинг...
[25.06.2020 15:51:13, поток 0] [DEBUG] Сменили аккаунт.
[25.06.2020 15:51:13, поток 0] Парсим куки...
[25.06.2020 15:51:14, поток 0] Спарсили куки
[25.06.2020 15:51:14, поток 0] Получили куки...
[25.06.2020 15:51:14, поток 0] Начинаем парсинг...
[25.06.2020 15:51:14, поток 0] [DEBUG] Сменили аккаунт.
[25.06.2020 15:51:14, поток 0] Парсим куки...
[25.06.2020 15:51:14, поток 0] Спарсили куки
[25.06.2020 15:51:14, поток 0] Получили куки...
[25.06.2020 15:51:14, поток 0] Начинаем парсинг...
[25.06.2020 15:51:15, поток 0] [DEBUG] Сменили аккаунт.
[25.06.2020 15:51:15, поток 0] Парсим куки...
[25.06.2020 15:51:15, поток 0] Спарсили куки
[25.06.2020 15:51:15, поток 0] Получили куки...
[25.06.2020 15:51:15, поток 0] Начинаем парсинг...
[25.06.2020 15:51:15, поток 0] [DEBUG] Сменили аккаунт.
[25.06.2020 15:51:15, поток 0] Парсим куки...
[25.06.2020 15:51:16, поток 0] Спарсили куки
[25.06.2020 15:51:16, поток 0] Получили куки...
[25.06.2020 15:51:16, поток 0] Начинаем парсинг...
[25.06.2020 15:51:16, поток 0] [DEBUG] Сменили аккаунт.
[25.06.2020 15:51:16, поток 0] Парсим куки...
[25.06.2020 15:51:16, поток 0] Спарсили куки
[25.06.2020 15:51:16, поток 0] Получили куки...
[25.06.2020 15:51:16, поток 0] Начинаем парсинг...
[25.06.2020 15:51:16, поток 0] [DEBUG] Сменили аккаунт.
[25.06.2020 15:51:16, поток 0] Парсим куки...
[25.06.2020 15:51:17, поток 0] Спарсили куки
[25.06.2020 15:51:17, поток 0] Получили куки...
[25.06.2020 15:51:17, поток 0] Начинаем парсинг...
[25.06.2020 15:51:17, поток 0] [DEBUG] Сменили аккаунт.
[25.06.2020 15:51:17, поток 0] Парсим куки...
[25.06.2020 15:51:17, поток 0] Спарсили куки
[25.06.2020 15:51:17, поток 0] Получили куки...
[25.06.2020 15:51:17, поток 0] Начинаем парсинг...
[25.06.2020 15:51:18, поток 0] [DEBUG] Сменили аккаунт.
[25.06.2020 15:51:18, поток 0] Парсим куки...
[25.06.2020 15:51:18, поток 0] Спарсили куки
[25.06.2020 15:51:18, поток 0] Получили куки...
[25.06.2020 15:51:18, поток 0] Начинаем парсинг...
[25.06.2020 15:51:18, поток 0] [DEBUG] Сменили аккаунт.
[25.06.2020 15:51:18, поток 0] Парсим куки...
[25.06.2020 15:51:19, поток 0] Спарсили куки
[25.06.2020 15:51:19, поток 0] Получили куки...
[25.06.2020 15:51:19, поток 0] Начинаем парсинг...
[25.06.2020 15:51:19, поток 0] [DEBUG] Сменили аккаунт.
[25.06.2020 15:51:19, поток 0] Парсим куки...
[25.06.2020 15:51:19, поток 0] Спарсили куки
[25.06.2020 15:51:19, поток 0] Получили куки...
[25.06.2020 15:51:19, поток 0] Начинаем парсинг...
[25.06.2020 15:51:19, поток 0] [DEBUG] Сменили аккаунт.
[25.06.2020 15:51:19, поток 0] Парсим куки...
[25.06.2020 15:51:20, поток 0] Спарсили куки
[25.06.2020 15:51:20, поток 0] Получили куки...
[25.06.2020 15:51:20, поток 0] Начинаем парсинг...
[25.06.2020 15:51:20, поток 0] [DEBUG] Сменили аккаунт.
[25.06.2020 15:51:20, поток 0] Парсим куки...
[25.06.2020 15:51:20, поток 0] Спарсили куки
[25.06.2020 15:51:20, поток 0] Получили куки...
[25.06.2020 15:51:20, поток 0] Начинаем парсинг...
[25.06.2020 15:51:21, поток 0] [DEBUG] Сменили аккаунт.
[25.06.2020 15:51:21, поток 0] Парсим куки...
[25.06.2020 15:51:21, поток 0] Спарсили куки
[25.06.2020 15:51:21, поток 0] Получили куки...
[25.06.2020 15:51:21, поток 0] Начинаем парсинг...
[25.06.2020 15:51:21, поток 0] [DEBUG] Сменили аккаунт.
[25.06.2020 15:51:21, поток 0] Парсим куки...
[25.06.2020 15:51:22, поток 0] Спарсили куки
[25.06.2020 15:51:22, поток 0] Получили куки...
[25.06.2020 15:51:22, поток 0] Начинаем парсинг...
[25.06.2020 15:51:22, поток 0] [DEBUG] Сменили аккаунт.
[25.06.2020 15:51:22, поток 0] Парсим куки...
[25.06.2020 15:51:22, поток 0] Спарсили куки
[25.06.2020 15:51:22, поток 0] Получили куки...
[25.06.2020 15:51:22, поток 0] Начинаем парсинг...
[25.06.2020 15:51:22, поток 0] [DEBUG] Сменили аккаунт.
[25.06.2020 15:51:22, поток 0] Парсим куки...
[25.06.2020 15:51:23, поток 0] Спарсили куки
[25.06.2020 15:51:23, поток 0] Получили куки...
[25.06.2020 15:51:23, поток 0] Начинаем парсинг...
[25.06.2020 15:51:23, поток 0] [DEBUG] Сменили аккаунт.
[25.06.2020 15:51:23, поток 0] Парсим куки...
[25.06.2020 15:51:23, поток 0] Спарсили куки
[25.06.2020 15:51:23, поток 0] Получили куки...
[25.06.2020 15:51:23, поток 0] Начинаем парсинг...
[25.06.2020 15:51:24, поток 0] [DEBUG] Сменили аккаунт.
[25.06.2020 15:51:24, поток 0] Парсим куки...
[25.06.2020 15:51:24, поток 0] Спарсили куки
[25.06.2020 15:51:24, поток 0] Получили куки...
[25.06.2020 15:51:24, поток 0] Начинаем парсинг...
[25.06.2020 15:51:24, поток 0] [DEBUG] Сменили аккаунт.
[25.06.2020 15:51:24, поток 0] Парсим куки...
[25.06.2020 15:51:25, поток 0] Спарсили куки
[25.06.2020 15:51:25, поток 0] Получили куки...
[25.06.2020 15:51:25, поток 0] Начинаем парсинг...
[25.06.2020 15:51:25, поток 0] [DEBUG] Сменили аккаунт.
[25.06.2020 15:51:25, поток 0] Парсим куки...
[25.06.2020 15:51:25, поток 0] Спарсили куки
[25.06.2020 15:51:25, поток 0] Получили куки...
[25.06.2020 15:51:25, поток 0] Начинаем парсинг...
[25.06.2020 15:51:26, поток 0] [DEBUG] Сменили аккаунт.
[25.06.2020 15:51:26, поток 0] Парсим куки...
[25.06.2020 15:51:26, поток 0] Спарсили куки
[25.06.2020 15:51:26, поток 0] Получили куки...
[25.06.2020 15:51:26, поток 0] Начинаем парсинг...
[25.06.2020 15:51:26, поток 0] [DEBUG] Сменили аккаунт.
[25.06.2020 15:51:26, поток 0] Парсим куки...
[25.06.2020 15:51:27, поток 0] Спарсили куки
[25.06.2020 15:51:27, поток 0] Получили куки...
[25.06.2020 15:51:27, поток 0] Начинаем парсинг...
[25.06.2020 15:51:27, поток 0] [DEBUG] Сменили аккаунт.
[25.06.2020 15:51:27, поток 0] Парсим куки...
[25.06.2020 15:51:27, поток 0] Спарсили куки
[25.06.2020 15:51:27, поток 0] Получили куки...
[25.06.2020 15:51:27, поток 0] Начинаем парсинг...
[25.06.2020 15:51:27, поток 0] [DEBUG] Сменили аккаунт.
[25.06.2020 15:51:27, поток 0] Парсим куки...
[25.06.2020 15:51:28, поток 0] Спарсили куки
[25.06.2020 15:51:28, поток 0] Получили куки...
[25.06.2020 15:51:28, поток 0] Начинаем парсинг...
[25.06.2020 15:51:28, поток 0] [DEBUG] Сменили аккаунт.
[25.06.2020 15:51:28, поток 0] Парсим куки...
[25.06.2020 15:51:28, поток 0] Спарсили куки
[25.06.2020 15:51:28, поток 0] Получили куки...
[25.06.2020 15:51:28, поток 0] Начинаем парсинг...
[25.06.2020 15:51:29, поток 0] [DEBUG] Сменили аккаунт.
[25.06.2020 15:51:29, поток 0] Парсим куки...
[25.06.2020 15:51:29, поток 0] Спарсили куки
[25.06.2020 15:51:29, поток 0] Получили куки...
[25.06.2020 15:51:29, поток 0] Начинаем парсинг...
[25.06.2020 15:51:29, поток 0] [DEBUG] Сменили аккаунт.
[25.06.2020 15:51:29, поток 0] Парсим куки...
[25.06.2020 15:51:30, поток 0] Спарсили куки
[25.06.2020 15:51:30, поток 0] Получили куки...
[25.06.2020 15:51:30, поток 0] Начинаем парсинг...
[25.06.2020 15:51:30, поток 0] [DEBUG] Сменили аккаунт.
[25.06.2020 15:51:30, поток 0] Парсим куки...
[25.06.2020 15:51:30, поток 0] Спарсили куки
[25.06.2020 15:51:30, поток 0] Получили куки...
[25.06.2020 15:51:30, поток 0] Начинаем парсинг...
[25.06.2020 15:51:30, поток 0] [DEBUG] Сменили аккаунт.
[25.06.2020 15:51:30, поток 0] Парсим куки...
[25.06.2020 15:51:32, поток 0] Спарсили куки
[25.06.2020 15:51:32, поток 0] Получили куки...
[25.06.2020 15:51:32, поток 0] Начинаем парсинг...
[25.06.2020 15:51:32, поток 0] [DEBUG] Сменили аккаунт.
[25.06.2020 15:51:32, поток 0] Парсим куки...
[25.06.2020 15:51:32, поток 0] Спарсили куки
[25.06.2020 15:51:32, поток 0] Получили куки...
[25.06.2020 15:51:32, поток 0] Начинаем парсинг...
[25.06.2020 15:51:33, поток 0] [DEBUG] Сменили аккаунт.
[25.06.2020 15:51:33, поток 0] Парсим куки...
[25.06.2020 15:51:33, поток 0] Спарсили куки
[25.06.2020 15:51:33, поток 0] Получили куки...
[25.06.2020 15:51:33, поток 0] Начинаем парсинг...
[25.06.2020 15:51:33, поток 0] [DEBUG] Сменили аккаунт.
[25.06.2020 15:51:33, поток 0] Парсим куки...
[25.06.2020 15:51:34, поток 0] Спарсили куки
[25.06.2020 15:51:34, поток 0] Получили куки...
[25.06.2020 15:51:34, поток 0] Начинаем парсинг...
[25.06.2020 15:51:34, поток 0] [DEBUG] Сменили аккаунт.
[25.06.2020 15:51:34, поток 0] Парсим куки...
[25.06.2020 15:51:34, поток 0] Спарсили куки
[25.06.2020 15:51:34, поток 0] Получили куки...
[25.06.2020 15:51:34, поток 0] Начинаем парсинг...
[25.06.2020 15:51:35, поток 0] [DEBUG] Сменили аккаунт.
[25.06.2020 15:51:35, поток 0] Парсим куки...
[25.06.2020 15:51:35, поток 0] Спарсили куки
[25.06.2020 15:51:35, поток 0] Получили куки...
[25.06.2020 15:51:35, поток 0] Начинаем парсинг...
[25.06.2020 15:51:35, поток 0] [DEBUG] Сменили аккаунт.
[25.06.2020 15:51:35, поток 0] Парсим куки...
[25.06.2020 15:51:35, поток 0] Спарсили куки
[25.06.2020 15:51:35, поток 0] Получили куки...
[25.06.2020 15:51:35, поток 0] Начинаем парсинг...
[25.06.2020 15:51:36, поток 0] [DEBUG] Сменили аккаунт.
[25.06.2020 15:51:36, поток 0] Парсим куки...
[25.06.2020 15:51:36, поток 0] Спарсили куки
[25.06.2020 15:51:36, поток 0] Получили куки...
[25.06.2020 15:51:36, поток 0] Начинаем парсинг...
[25.06.2020 15:51:36, поток 0] [DEBUG] Сменили аккаунт.
[25.06.2020 15:51:36, поток 0] Парсим куки...
[25.06.2020 15:51:37, поток 0] Спарсили куки
[25.06.2020 15:51:37, поток 0] Получили куки...
[25.06.2020 15:51:37, поток 0] Начинаем парсинг...
[25.06.2020 15:51:37, поток 0] [DEBUG] Сменили аккаунт.
[25.06.2020 15:51:37, поток 0] Парсим куки...
[25.06.2020 15:51:38, поток 0] Спарсили куки
[25.06.2020 15:51:38, поток 0] Получили куки...
[25.06.2020 15:51:38, поток 0] Начинаем парсинг...
[25.06.2020 15:51:38, поток 0] [DEBUG] Сменили аккаунт.
[25.06.2020 15:51:38, поток 0] Парсим куки...
[25.06.2020 15:51:38, поток 0] Спарсили куки
[25.06.2020 15:51:38, поток 0] Получили куки...
[25.06.2020 15:51:38, поток 0] Начинаем парсинг...
[25.06.2020 15:51:38, поток 0] [DEBUG] Сменили аккаунт.
[25.06.2020 15:51:38, поток 0] Парсим куки...
[25.06.2020 15:51:39, поток 0] Спарсили куки
[25.06.2020 15:51:39, поток 0] Получили куки...
[25.06.2020 15:51:39, поток 0] Начинаем парсинг...
[25.06.2020 15:51:39, поток 0] [DEBUG] Сменили аккаунт.
[25.06.2020 15:51:39, поток 0] Парсим куки...
[25.06.2020 15:51:39, поток 0] Спарсили куки
[25.06.2020 15:51:39, поток 0] Получили куки...
[25.06.2020 15:51:39, поток 0] Начинаем парсинг...
[25.06.2020 15:51:45, поток 0] [DEBUG] Сменили аккаунт.
[25.06.2020 15:51:45, поток 0] Парсим куки...
[25.06.2020 15:51:46, поток 0] Спарсили куки
[25.06.2020 15:51:46, поток 0] Получили куки...
[25.06.2020 15:51:46, поток 0] Начинаем парсинг...
[25.06.2020 15:51:46, поток 0] [DEBUG] Сменили аккаунт.
[25.06.2020 15:51:46, поток 0] Парсим куки...
[25.06.2020 15:51:46, поток 0] Спарсили куки
[25.06.2020 15:51:46, поток 0] Получили куки...
[25.06.2020 15:51:46, поток 0] Начинаем парсинг...
[25.06.2020 15:51:47, поток 0] [DEBUG] Сменили аккаунт.
[25.06.2020 15:51:47, поток 0] Парсим куки...
[25.06.2020 15:51:47, поток 0] Спарсили куки
[25.06.2020 15:51:47, поток 0] Получили куки...
[25.06.2020 15:51:47, поток 0] Начинаем парсинг...
[25.06.2020 15:51:47, поток 0] [DEBUG] Сменили аккаунт.
[25.06.2020 15:51:47, поток 0] Парсим куки...
[25.06.2020 15:51:48, поток 0] Спарсили куки
[25.06.2020 15:51:48, поток 0] Получили куки...
[25.06.2020 15:51:48, поток 0] Начинаем парсинг...
[25.06.2020 15:51:48, поток 0] [DEBUG] Сменили аккаунт.
[25.06.2020 15:51:48, поток 0] Парсим куки...
[25.06.2020 15:51:48, поток 0] Спарсили куки
[25.06.2020 15:51:48, поток 0] Получили куки...
[25.06.2020 15:51:48, поток 0] Начинаем парсинг...
[25.06.2020 15:51:48, поток 0] [DEBUG] Сменили аккаунт.
[25.06.2020 15:51:48, поток 0] Парсим куки...
[25.06.2020 15:51:49, поток 0] Спарсили куки
[25.06.2020 15:51:49, поток 0] Получили куки...
[25.06.2020 15:51:49, поток 0] Начинаем парсинг...
[25.06.2020 15:51:49, поток 0] [DEBUG] Сменили аккаунт.
[25.06.2020 15:51:49, поток 0] Парсим куки...
[25.06.2020 15:51:49, поток 0] Спарсили куки
[25.06.2020 15:51:49, поток 0] Получили куки...
[25.06.2020 15:51:49, поток 0] Начинаем парсинг...
[25.06.2020 15:51:51, поток 0] [DEBUG] Сменили аккаунт.
[25.06.2020 15:51:51, поток 0] Парсим куки...
[25.06.2020 15:51:51, поток 0] Спарсили куки
[25.06.2020 15:51:51, поток 0] Получили куки...
[25.06.2020 15:51:51, поток 0] Начинаем парсинг...
[25.06.2020 15:51:51, поток 0] [DEBUG] Сменили аккаунт.
[25.06.2020 15:51:51, поток 0] Парсим куки...
[25.06.2020 15:51:52, поток 0] Спарсили куки
[25.06.2020 15:51:52, поток 0] Получили куки...
[25.06.2020 15:51:52, поток 0] Начинаем парсинг...
[25.06.2020 15:51:52, поток 0] [DEBUG] Сменили аккаунт.
[25.06.2020 15:51:52, поток 0] Парсим куки...
[25.06.2020 15:51:52, поток 0] Спарсили куки
[25.06.2020 15:51:52, поток 0] Получили куки...
[25.06.2020 15:51:52, поток 0] Начинаем парсинг...
[25.06.2020 15:51:52, поток 0] [DEBUG] Сменили аккаунт.
[25.06.2020 15:51:52, поток 0] Парсим куки...
[25.06.2020 15:51:53, поток 0] Спарсили куки
[25.06.2020 15:51:53, поток 0] Получили куки...
[25.06.2020 15:51:53, поток 0] Начинаем парсинг...
[25.06.2020 15:51:53, поток 0] [DEBUG] Сменили аккаунт.
[25.06.2020 15:51:53, поток 0] Парсим куки...
[25.06.2020 15:51:54, поток 0] Спарсили куки
[25.06.2020 15:51:54, поток 0] Получили куки...
[25.06.2020 15:51:54, поток 0] Начинаем парсинг...
[25.06.2020 15:51:54, поток 0] [DEBUG] Сменили аккаунт.
[25.06.2020 15:51:54, поток 0] Парсим куки...
[25.06.2020 15:51:54, поток 0] Спарсили куки
[25.06.2020 15:51:54, поток 0] Получили куки...
[25.06.2020 15:51:54, поток 0] Начинаем парсинг...
[25.06.2020 15:51:55, поток 0] [DEBUG] Сменили аккаунт.
[25.06.2020 15:51:55, поток 0] Парсим куки...
[25.06.2020 15:51:55, поток 0] Спарсили куки
[25.06.2020 15:51:55, поток 0] Получили куки...
[25.06.2020 15:51:55, поток 0] Начинаем парсинг...
[25.06.2020 15:51:55, поток 0] [DEBUG] Сменили аккаунт.
[25.06.2020 15:51:55, поток 0] Парсим куки...
[25.06.2020 15:51:55, поток 0] Спарсили куки
[25.06.2020 15:51:55, поток 0] Получили куки...
[25.06.2020 15:51:55, поток 0] Начинаем парсинг...
[25.06.2020 15:51:56, поток 0] [DEBUG] Сменили аккаунт.
[25.06.2020 15:51:56, поток 0] Парсим куки...
[25.06.2020 15:51:56, поток 0] Спарсили куки
[25.06.2020 15:51:56, поток 0] Получили куки...
[25.06.2020 15:51:56, поток 0] Начинаем парсинг...
[25.06.2020 15:51:57, поток 0] [DEBUG] Сменили аккаунт.
[25.06.2020 15:51:57, поток 0] Парсим куки...
[25.06.2020 15:51:57, поток 0] Спарсили куки
[25.06.2020 15:51:57, поток 0] Получили куки...
[25.06.2020 15:51:57, поток 0] Начинаем парсинг...
[25.06.2020 15:51:57, поток 0] [DEBUG] Сменили аккаунт.
[25.06.2020 15:51:57, поток 0] Парсим куки...
[25.06.2020 15:51:58, поток 0] Спарсили куки
[25.06.2020 15:51:58, поток 0] Получили куки...
[25.06.2020 15:51:58, поток 0] Начинаем парсинг...
[25.06.2020 15:51:58, поток 0] [DEBUG] Сменили аккаунт.
[25.06.2020 15:51:58, поток 0] Парсим куки...
[25.06.2020 15:51:58, поток 0] Спарсили куки
[25.06.2020 15:51:58, поток 0] Получили куки...
[25.06.2020 15:51:58, поток 0] Начинаем парсинг...
[25.06.2020 15:51:58, поток 0] [DEBUG] Сменили аккаунт.
[25.06.2020 15:51:58, поток 0] Парсим куки...
[25.06.2020 15:59:51, поток 0] Парсим куки...
[25.06.2020 15:59:52, поток 0] Спарсили куки
[25.06.2020 15:59:52, поток 0] Получили куки...
[25.06.2020 15:59:52, поток 0] Начинаем парсинг...
[25.06.2020 15:59:55, поток 0] Парсинг конкурента "24872342822" закончен!
