[04.07.2020 0:02:09, поток 0] Парсим куки...
[04.07.2020 0:02:09, поток 0] Спарсили куки
[04.07.2020 0:02:09, поток 0] Получили куки...
[04.07.2020 0:02:09, поток 0] Начинаем работу...
[04.07.2020 0:02:57, поток 0] (Ошибка) Текст ошибки: System.IndexOutOfRangeException: Индекс находился вне границ массива.
   в InstaDirectMessage_ButDev.InstagramAccountRecover.GetCaptchaFromService() в D:\MaXiMAA\MaXiMAAOld\C#Готово\KWORK\InstaDirectMessage_ButDev\InstaDirectMessage_ButDev\InstagramAccountRecover.cs:строка 389
[04.07.2020 0:43:00, поток 0] Парсим куки...
[04.07.2020 0:43:00, поток 0] Спарсили куки
[04.07.2020 0:43:00, поток 0] Получили куки...
[04.07.2020 0:43:00, поток 0] Начинаем работу...
[04.07.2020 0:43:37, поток 0] Что-то пошло не так, пытаемся восстановить аккаунт ещё раз.
[04.07.2020 0:43:37, поток 0] Парсим куки...
[04.07.2020 0:43:38, поток 0] Спарсили куки
[04.07.2020 0:43:38, поток 0] Получили куки...
[04.07.2020 0:43:38, поток 0] Начинаем работу...
[04.07.2020 0:46:09, поток 0] Парсим куки...
[04.07.2020 0:46:09, поток 0] Спарсили куки
[04.07.2020 0:46:09, поток 0] Получили куки...
[04.07.2020 0:46:09, поток 0] Начинаем работу...
[04.07.2020 0:47:12, поток 0] (Ошибка) Текст ошибки: System.IndexOutOfRangeException: Индекс находился вне границ массива.
   в InstaDirectMessage_ButDev.InstagramAccountRecover.GetCaptchaFromService() в D:\MaXiMAA\MaXiMAAOld\C#Готово\KWORK\InstaDirectMessage_ButDev\InstaDirectMessage_ButDev\InstagramAccountRecover.cs:строка 421
[04.07.2020 0:47:45, поток 0] (Ошибка) Текст ошибки: System.IndexOutOfRangeException: Индекс находился вне границ массива.
   в InstaDirectMessage_ButDev.InstagramAccountRecover.GetCaptchaFromService() в D:\MaXiMAA\MaXiMAAOld\C#Готово\KWORK\InstaDirectMessage_ButDev\InstaDirectMessage_ButDev\InstagramAccountRecover.cs:строка 421
[04.07.2020 0:48:17, поток 0] (Ошибка) Текст ошибки: System.IndexOutOfRangeException: Индекс находился вне границ массива.
   в InstaDirectMessage_ButDev.InstagramAccountRecover.GetCaptchaFromService() в D:\MaXiMAA\MaXiMAAOld\C#Готово\KWORK\InstaDirectMessage_ButDev\InstaDirectMessage_ButDev\InstagramAccountRecover.cs:строка 421
[04.07.2020 0:54:07, поток 0] Парсим куки...
[04.07.2020 0:54:08, поток 0] Спарсили куки
[04.07.2020 0:54:08, поток 0] Получили куки...
[04.07.2020 0:54:08, поток 0] Начинаем работу...
[04.07.2020 0:54:57, поток 0] (Ошибка) Текст ошибки: System.IndexOutOfRangeException: Индекс находился вне границ массива.
   в InstaDirectMessage_ButDev.InstagramAccountRecover.GetCaptchaFromService() в D:\MaXiMAA\MaXiMAAOld\C#Готово\KWORK\InstaDirectMessage_ButDev\InstaDirectMessage_ButDev\InstagramAccountRecover.cs:строка 421
[04.07.2020 0:56:01, поток 0] Взяли в сервисе номер - 79097133172, id: 282283864
[04.07.2020 0:56:22, поток 0] (Ошибка) Текст ошибки: xNet.HttpException: Не удалось соединиться с HTTP-сервером 'www.instagram.com'. ---> xNet.ProxyException: Получен неверный код статуса 'BadGateway' от прокси-сервера '127.0.0.1:8888'.
   в xNet.HttpProxyClient.CreateConnection(String destinationHost, Int32 destinationPort, TcpClient tcpClient)
   в xNet.HttpRequest.CreateTcpConnection(String host, Int32 port)
   --- Конец трассировки внутреннего стека исключений ---
   в xNet.HttpRequest.CreateTcpConnection(String host, Int32 port)
   в xNet.HttpRequest.CreateConnection(Uri address)
   в xNet.HttpRequest.TryCreateConnectionOrUseExisting(Uri address, Uri previousAddress)
   в xNet.HttpRequest.Request(HttpMethod method, Uri address, HttpContent content)
   в xNet.HttpRequest.Raw(HttpMethod method, Uri address, HttpContent content)
   в xNet.HttpRequest.Raw(HttpMethod method, String address, HttpContent content)
   в xNet.HttpRequest.Post(String address, RequestParams reqParams, Boolean dontEscape)
   в InstaDirectMessage_ButDev.InstagramAccountRecover.SendPhoneNumber(String cookie) в D:\MaXiMAA\MaXiMAAOld\C#Готово\KWORK\InstaDirectMessage_ButDev\InstaDirectMessage_ButDev\InstagramAccountRecover.cs:строка 602
[04.07.2020 0:56:22, поток 0] Что-то пошло не так, пытаемся восстановить аккаунт ещё раз.
[04.07.2020 0:56:22, поток 0] Парсим куки...
[04.07.2020 0:56:22, поток 0] Спарсили куки
[04.07.2020 0:56:22, поток 0] Получили куки...
[04.07.2020 0:56:22, поток 0] Начинаем работу...
[04.07.2020 0:57:38, поток 0] Что-то пошло не так, пытаемся восстановить аккаунт ещё раз.
[04.07.2020 0:57:38, поток 0] Парсим куки...
[04.07.2020 0:57:38, поток 0] Спарсили куки
[04.07.2020 0:57:38, поток 0] Получили куки...
[04.07.2020 0:57:38, поток 0] Начинаем работу...
[04.07.2020 1:00:59, поток 0] Парсим куки...
[04.07.2020 1:01:00, поток 0] Спарсили куки
[04.07.2020 1:01:00, поток 0] Получили куки...
[04.07.2020 1:01:00, поток 0] Начинаем работу...
[04.07.2020 1:01:59, поток 0] (Ошибка) Текст ошибки: System.IndexOutOfRangeException: Индекс находился вне границ массива.
   в InstaDirectMessage_ButDev.InstagramAccountRecover.GetCaptchaFromService() в D:\MaXiMAA\MaXiMAAOld\C#Готово\KWORK\InstaDirectMessage_ButDev\InstaDirectMessage_ButDev\InstagramAccountRecover.cs:строка 421
[04.07.2020 1:02:42, поток 0] Что-то пошло не так, пытаемся восстановить аккаунт ещё раз.
[04.07.2020 1:02:42, поток 0] Парсим куки...
[04.07.2020 1:02:42, поток 0] Спарсили куки
[04.07.2020 1:02:42, поток 0] Получили куки...
[04.07.2020 1:02:42, поток 0] Начинаем работу...
[04.07.2020 1:03:47, поток 0] Парсим куки...
[04.07.2020 1:03:48, поток 0] Спарсили куки
[04.07.2020 1:03:48, поток 0] Получили куки...
[04.07.2020 1:03:48, поток 0] Начинаем работу...
[04.07.2020 1:04:52, поток 0] (Ошибка) Текст ошибки: System.IndexOutOfRangeException: Индекс находился вне границ массива.
   в InstaDirectMessage_ButDev.InstagramAccountRecover.GetCaptchaFromService() в D:\MaXiMAA\MaXiMAAOld\C#Готово\KWORK\InstaDirectMessage_ButDev\InstaDirectMessage_ButDev\InstagramAccountRecover.cs:строка 421
[04.07.2020 1:05:29, поток 0] (Ошибка) Текст ошибки: System.IndexOutOfRangeException: Индекс находился вне границ массива.
   в InstaDirectMessage_ButDev.InstagramAccountRecover.GetCaptchaFromService() в D:\MaXiMAA\MaXiMAAOld\C#Готово\KWORK\InstaDirectMessage_ButDev\InstaDirectMessage_ButDev\InstagramAccountRecover.cs:строка 421
[04.07.2020 1:06:07, поток 0] Взяли в сервисе номер - 79051159770, id: 282286599
[04.07.2020 1:06:18, поток 0] Что-то пошло не так, пытаемся восстановить аккаунт ещё раз.
[04.07.2020 1:06:18, поток 0] Парсим куки...
[04.07.2020 1:06:19, поток 0] Спарсили куки
[04.07.2020 1:06:19, поток 0] Получили куки...
[04.07.2020 1:06:19, поток 0] Начинаем работу...
[04.07.2020 1:08:26, поток 0] Парсим куки...
[04.07.2020 1:08:27, поток 0] Спарсили куки
[04.07.2020 1:08:27, поток 0] Получили куки...
[04.07.2020 1:08:27, поток 0] Начинаем работу...
[04.07.2020 1:09:23, поток 0] (Ошибка) Текст ошибки: System.IndexOutOfRangeException: Индекс находился вне границ массива.
   в InstaDirectMessage_ButDev.InstagramAccountRecover.GetCaptchaFromService() в D:\MaXiMAA\MaXiMAAOld\C#Готово\KWORK\InstaDirectMessage_ButDev\InstaDirectMessage_ButDev\InstagramAccountRecover.cs:строка 421
[04.07.2020 1:10:00, поток 0] (Ошибка) Текст ошибки: System.IndexOutOfRangeException: Индекс находился вне границ массива.
   в InstaDirectMessage_ButDev.InstagramAccountRecover.GetCaptchaFromService() в D:\MaXiMAA\MaXiMAAOld\C#Готово\KWORK\InstaDirectMessage_ButDev\InstaDirectMessage_ButDev\InstagramAccountRecover.cs:строка 421
[04.07.2020 1:10:58, поток 0] (Ошибка) Текст ошибки: System.IndexOutOfRangeException: Индекс находился вне границ массива.
   в InstaDirectMessage_ButDev.InstagramAccountRecover.GetCaptchaFromService() в D:\MaXiMAA\MaXiMAAOld\C#Готово\KWORK\InstaDirectMessage_ButDev\InstaDirectMessage_ButDev\InstagramAccountRecover.cs:строка 421
[04.07.2020 1:11:03, поток 0] Что-то пошло не так, пытаемся восстановить аккаунт ещё раз.
[04.07.2020 1:11:03, поток 0] Парсим куки...
[04.07.2020 1:11:04, поток 0] Спарсили куки
[04.07.2020 1:11:04, поток 0] Получили куки...
[04.07.2020 1:11:04, поток 0] Начинаем работу...
[04.07.2020 1:11:54, поток 0] (Ошибка) Текст ошибки: System.IndexOutOfRangeException: Индекс находился вне границ массива.
   в InstaDirectMessage_ButDev.InstagramAccountRecover.GetCaptchaFromService() в D:\MaXiMAA\MaXiMAAOld\C#Готово\KWORK\InstaDirectMessage_ButDev\InstaDirectMessage_ButDev\InstagramAccountRecover.cs:строка 421
[04.07.2020 1:12:31, поток 0] Взяли в сервисе номер - 79533678631, id: 282287968
[04.07.2020 1:12:54, поток 0] Что-то пошло не так, пытаемся восстановить аккаунт ещё раз.
[04.07.2020 1:12:54, поток 0] Парсим куки...
[04.07.2020 1:12:54, поток 0] Спарсили куки
[04.07.2020 1:12:54, поток 0] Получили куки...
[04.07.2020 1:12:54, поток 0] Начинаем работу...
[04.07.2020 1:19:43, поток 0] Парсим куки...
[04.07.2020 1:19:43, поток 0] Спарсили куки
[04.07.2020 1:19:43, поток 0] Получили куки...
[04.07.2020 1:19:43, поток 0] Начинаем работу...
[04.07.2020 1:20:34, поток 0] (Ошибка) Текст ошибки: System.IndexOutOfRangeException: Индекс находился вне границ массива.
   в InstaDirectMessage_ButDev.InstagramAccountRecover.GetCaptchaFromService() в D:\MaXiMAA\MaXiMAAOld\C#Готово\KWORK\InstaDirectMessage_ButDev\InstaDirectMessage_ButDev\InstagramAccountRecover.cs:строка 421
[04.07.2020 1:21:18, поток 0] Взяли в сервисе номер - 79066244698, id: 282290002
[04.07.2020 1:28:44, поток 0] Парсим куки...
[04.07.2020 1:28:44, поток 0] Спарсили куки
[04.07.2020 1:28:44, поток 0] Получили куки...
[04.07.2020 1:28:44, поток 0] Начинаем работу...
[04.07.2020 1:29:34, поток 0] (Ошибка) Текст ошибки: System.IndexOutOfRangeException: Индекс находился вне границ массива.
   в InstaDirectMessage_ButDev.InstagramAccountRecover.GetCaptchaFromService() в D:\MaXiMAA\MaXiMAAOld\C#Готово\KWORK\InstaDirectMessage_ButDev\InstaDirectMessage_ButDev\InstagramAccountRecover.cs:строка 430
[04.07.2020 1:30:06, поток 0] (Ошибка) Текст ошибки: System.IndexOutOfRangeException: Индекс находился вне границ массива.
   в InstaDirectMessage_ButDev.InstagramAccountRecover.GetCaptchaFromService() в D:\MaXiMAA\MaXiMAAOld\C#Готово\KWORK\InstaDirectMessage_ButDev\InstaDirectMessage_ButDev\InstagramAccountRecover.cs:строка 430
[04.07.2020 1:30:42, поток 0] Взяли в сервисе номер - 79066223427, id: 282292315
[04.07.2020 1:31:00, поток 0] Получили код 951648 на номер 79066223427, id: 282292315
[04.07.2020 1:31:05, поток 0] Восстановили аккаунт!
[04.07.2020 1:31:05, поток 0] Парсим куки...
[04.07.2020 1:31:06, поток 0] Спарсили куки
[04.07.2020 1:31:06, поток 0] Получили куки...
[04.07.2020 1:31:06, поток 0] Начинаем работу...
[04.07.2020 1:48:09, поток 0] Парсим куки...
[04.07.2020 1:48:09, поток 0] Спарсили куки
[04.07.2020 1:48:09, поток 0] Получили куки...
[04.07.2020 1:48:09, поток 0] Начинаем работу...
[04.07.2020 1:49:58, поток 0] (Ошибка) Текст ошибки: System.IndexOutOfRangeException: Индекс находился вне границ массива.
   в InstaDirectMessage_ButDev.InstagramAccountRecover.GetCaptchaFromService() в D:\MaXiMAA\MaXiMAAOld\C#Готово\KWORK\InstaDirectMessage_ButDev\InstaDirectMessage_ButDev\InstagramAccountRecover.cs:строка 442
[04.07.2020 1:50:28, поток 0] (Ошибка) Текст ошибки: System.IndexOutOfRangeException: Индекс находился вне границ массива.
   в InstaDirectMessage_ButDev.InstagramAccountRecover.GetCaptchaFromService() в D:\MaXiMAA\MaXiMAAOld\C#Готово\KWORK\InstaDirectMessage_ButDev\InstaDirectMessage_ButDev\InstagramAccountRecover.cs:строка 442
[04.07.2020 1:50:59, поток 0] Что-то пошло не так, пытаемся восстановить аккаунт ещё раз.
[04.07.2020 1:50:59, поток 0] Парсим куки...
[04.07.2020 1:50:59, поток 0] Спарсили куки
[04.07.2020 1:50:59, поток 0] Получили куки...
[04.07.2020 1:50:59, поток 0] Начинаем работу...
[04.07.2020 1:51:16, поток 0] Что-то пошло не так, пытаемся восстановить аккаунт ещё раз.
[04.07.2020 1:51:16, поток 0] Парсим куки...
[04.07.2020 1:51:16, поток 0] Спарсили куки
[04.07.2020 1:51:16, поток 0] Получили куки...
[04.07.2020 1:51:16, поток 0] Начинаем работу...
[04.07.2020 1:51:23, поток 0] Что-то пошло не так, пытаемся восстановить аккаунт ещё раз.
[04.07.2020 1:51:23, поток 0] Парсим куки...
[04.07.2020 1:51:23, поток 0] Спарсили куки
[04.07.2020 1:51:23, поток 0] Получили куки...
[04.07.2020 1:51:23, поток 0] Начинаем работу...
[04.07.2020 1:51:42, поток 0] Что-то пошло не так, пытаемся восстановить аккаунт ещё раз.
[04.07.2020 1:51:42, поток 0] Парсим куки...
[04.07.2020 1:51:43, поток 0] Спарсили куки
[04.07.2020 1:51:43, поток 0] Получили куки...
[04.07.2020 1:51:43, поток 0] Начинаем работу...
[04.07.2020 1:52:18, поток 0] Что-то пошло не так, пытаемся восстановить аккаунт ещё раз.
[04.07.2020 1:52:18, поток 0] Парсим куки...
[04.07.2020 1:52:18, поток 0] Спарсили куки
[04.07.2020 1:52:18, поток 0] Получили куки...
[04.07.2020 1:52:18, поток 0] Начинаем работу...
[04.07.2020 1:52:22, поток 0] Что-то пошло не так, пытаемся восстановить аккаунт ещё раз.
[04.07.2020 1:52:22, поток 0] Парсим куки...
[04.07.2020 1:52:22, поток 0] Спарсили куки
[04.07.2020 1:52:22, поток 0] Получили куки...
[04.07.2020 1:52:22, поток 0] Начинаем работу...
[04.07.2020 1:52:28, поток 0] Что-то пошло не так, пытаемся восстановить аккаунт ещё раз.
[04.07.2020 1:52:28, поток 0] Парсим куки...
[04.07.2020 1:52:28, поток 0] Спарсили куки
[04.07.2020 1:52:28, поток 0] Получили куки...
[04.07.2020 1:52:28, поток 0] Начинаем работу...
[04.07.2020 23:02:05, поток 0] Парсим куки...
[04.07.2020 23:02:07, поток 0] Спарсили куки
[04.07.2020 23:02:07, поток 0] Получили куки...
[04.07.2020 23:02:07, поток 0] Начинаем работу...
[04.07.2020 23:03:42, поток 0] (Ошибка) Текст ошибки: System.IndexOutOfRangeException: Индекс находился вне границ массива.
   в InstaDirectMessage_ButDev.InstagramAccountRecover.GetCaptchaFromService() в D:\MaXiMAA\MaXiMAAOld\C#Готово\KWORK\InstaDirectMessage_ButDev\InstaDirectMessage_ButDev\InstagramAccountRecover.cs:строка 445
[04.07.2020 23:04:18, поток 0] Взяли в сервисе номер - 79090678080, id: 282605729
[04.07.2020 23:04:59, поток 0] Получили код 781063 на номер 79090678080, id: 282605729
[04.07.2020 23:05:02, поток 0] Наткнулись на 24-х часовую проверку!
[04.07.2020 23:05:03, поток 0] Парсим куки...
[04.07.2020 23:05:03, поток 0] Спарсили куки
[04.07.2020 23:05:03, поток 0] Получили куки...
[04.07.2020 23:05:03, поток 0] Начинаем работу...
[04.07.2020 23:05:46, поток 0] (Ошибка) Текст ошибки: System.IndexOutOfRangeException: Индекс находился вне границ массива.
   в InstaDirectMessage_ButDev.InstagramAccountRecover.GetCaptchaFromService() в D:\MaXiMAA\MaXiMAAOld\C#Готово\KWORK\InstaDirectMessage_ButDev\InstaDirectMessage_ButDev\InstagramAccountRecover.cs:строка 445
[04.07.2020 23:06:24, поток 0] Взяли в сервисе номер - 79917914108, id: 282606147
[04.07.2020 23:07:02, поток 0] Что-то пошло не так, пытаемся восстановить аккаунт ещё раз.
[04.07.2020 23:07:02, поток 0] Парсим куки...
[04.07.2020 23:07:02, поток 0] Спарсили куки
[04.07.2020 23:07:02, поток 0] Получили куки...
[04.07.2020 23:07:02, поток 0] Начинаем работу...
[04.07.2020 23:07:23, поток 0] Взяли в сервисе номер - 79922883986, id: 282606304
[04.07.2020 23:08:10, поток 0] Что-то пошло не так, пытаемся восстановить аккаунт ещё раз.
[04.07.2020 23:08:10, поток 0] Парсим куки...
[04.07.2020 23:08:11, поток 0] Спарсили куки
[04.07.2020 23:08:11, поток 0] Получили куки...
[04.07.2020 23:08:11, поток 0] Начинаем работу...
[04.07.2020 23:08:49, поток 0] Взяли в сервисе номер - 79817414994, id: 282606499
[04.07.2020 23:09:46, поток 0] Что-то пошло не так, пытаемся восстановить аккаунт ещё раз.
[04.07.2020 23:09:46, поток 0] Парсим куки...
[04.07.2020 23:09:46, поток 0] Спарсили куки
[04.07.2020 23:09:46, поток 0] Получили куки...
[04.07.2020 23:09:46, поток 0] Начинаем работу...
[04.07.2020 23:09:59, поток 0] Взяли в сервисе номер - 79922866328, id: 282606768
[04.07.2020 23:10:37, поток 0] Что-то пошло не так, пытаемся восстановить аккаунт ещё раз.
[04.07.2020 23:10:37, поток 0] Парсим куки...
[04.07.2020 23:10:37, поток 0] Спарсили куки
[04.07.2020 23:10:37, поток 0] Получили куки...
[04.07.2020 23:10:37, поток 0] Начинаем работу...
[04.07.2020 23:10:53, поток 0] Взяли в сервисе номер - 79922877004, id: 282606919
