[09.04.2020 22:02:22, поток 0] Парсим куки...
[09.04.2020 22:02:24, поток 0] Спарсили куки
[09.04.2020 22:02:24, поток 0] Получили куки...
[09.04.2020 22:02:24, поток 0] Начинаем парсинг...
[09.04.2020 22:05:46, поток 0] Парсим куки...
[09.04.2020 22:05:46, поток 1] Парсим куки...
[09.04.2020 22:05:47, поток 0] Спарсили куки
[09.04.2020 22:05:47, поток 0] Получили куки...
[09.04.2020 22:05:47, поток 0] Начинаем парсинг...
[09.04.2020 22:05:47, поток 1] Спарсили куки
[09.04.2020 22:05:47, поток 1] Получили куки...
[09.04.2020 22:05:47, поток 1] Начинаем парсинг...
[09.04.2020 22:06:38, поток 0] Парсим куки...
[09.04.2020 22:06:38, поток 1] Парсим куки...
[09.04.2020 22:06:39, поток 0] Спарсили куки
[09.04.2020 22:06:39, поток 0] Получили куки...
[09.04.2020 22:06:39, поток 0] Начинаем парсинг...
[09.04.2020 22:06:40, поток 1] Спарсили куки
[09.04.2020 22:06:40, поток 1] Получили куки...
[09.04.2020 22:06:40, поток 1] Начинаем парсинг...
[09.04.2020 22:12:30, поток 0] Парсим куки...
[09.04.2020 22:12:30, поток 1] Парсим куки...
[09.04.2020 22:12:32, поток 1] Спарсили куки
[09.04.2020 22:12:32, поток 1] Получили куки...
[09.04.2020 22:12:32, поток 1] Начинаем парсинг...
[09.04.2020 22:12:34, поток 0] Спарсили куки
[09.04.2020 22:12:34, поток 0] Получили куки...
[09.04.2020 22:12:34, поток 0] Начинаем парсинг...
[09.04.2020 22:17:16, поток 0] Парсим куки...
[09.04.2020 22:17:17, поток 1] Парсим куки...
[09.04.2020 22:17:17, поток 0] Спарсили куки
[09.04.2020 22:17:17, поток 0] Получили куки...
[09.04.2020 22:17:17, поток 0] Начинаем парсинг...
[09.04.2020 22:17:21, поток 1] Спарсили куки
[09.04.2020 22:17:21, поток 1] Получили куки...
[09.04.2020 22:17:21, поток 1] Начинаем парсинг...
[09.04.2020 22:29:23, поток 0] Парсим куки...
[09.04.2020 22:29:23, поток 1] Парсим куки...
[09.04.2020 22:29:24, поток 0] Спарсили куки
[09.04.2020 22:29:24, поток 0] Получили куки...
[09.04.2020 22:29:24, поток 0] Начинаем парсинг...
[09.04.2020 22:29:26, поток 1] Спарсили куки
[09.04.2020 22:29:26, поток 1] Получили куки...
[09.04.2020 22:29:26, поток 1] Начинаем парсинг...
[09.04.2020 22:32:43, поток 0] Парсим куки...
[09.04.2020 22:32:44, поток 0] Спарсили куки
[09.04.2020 22:32:44, поток 0] Получили куки...
[09.04.2020 22:32:44, поток 0] Начинаем парсинг...
[09.04.2020 23:50:01, поток 0] Парсим куки...
[09.04.2020 23:50:02, поток 0] Спарсили куки
[09.04.2020 23:50:02, поток 0] Получили куки...
[09.04.2020 23:50:02, поток 0] Начинаем парсинг...
[09.04.2020 23:50:04, поток 0] (Ошибка) Текст ошибки: System.ArgumentOutOfRangeException: startIndex должен быть меньше, чем длина строки.
Имя параметра: startIndex
   в System.String.Remove(Int32 startIndex)
   в InstaDirectMessage_ButDev.InstagramHashtagsParser.GetNicknameByID(String id) в D:\MaXiMAA\MaXiMAAOld\C#Готово\KWORK\InstaDirectMessage_ButDev\InstaDirectMessage_ButDev\InstagramHashtagsParser.cs:строка 52
   в InstaDirectMessage_ButDev.InstagramHashtagsParser.DoResult(String s) в D:\MaXiMAA\MaXiMAAOld\C#Готово\KWORK\InstaDirectMessage_ButDev\InstaDirectMessage_ButDev\InstagramHashtagsParser.cs:строка 32
   в InstaDirectMessage_ButDev.InstagramHashtagsParser.GetData(String cookie) в D:\MaXiMAA\MaXiMAAOld\C#Готово\KWORK\InstaDirectMessage_ButDev\InstaDirectMessage_ButDev\InstagramHashtagsParser.cs:строка 224
[09.04.2020 23:50:04, поток 0] [DEBUG] Сменили прокси.
[09.04.2020 23:50:04, поток 0] Что-то не так, пытаемся спарсить снова.
[09.04.2020 23:50:04, поток 0] Парсим куки...
[09.04.2020 23:50:05, поток 0] Спарсили куки
[09.04.2020 23:50:05, поток 0] Получили куки...
[09.04.2020 23:50:05, поток 0] Начинаем парсинг...
[09.04.2020 23:50:06, поток 0] (Ошибка) Текст ошибки: System.ArgumentOutOfRangeException: startIndex должен быть меньше, чем длина строки.
Имя параметра: startIndex
   в System.String.Remove(Int32 startIndex)
   в InstaDirectMessage_ButDev.InstagramHashtagsParser.GetNicknameByID(String id) в D:\MaXiMAA\MaXiMAAOld\C#Готово\KWORK\InstaDirectMessage_ButDev\InstaDirectMessage_ButDev\InstagramHashtagsParser.cs:строка 52
   в InstaDirectMessage_ButDev.InstagramHashtagsParser.DoResult(String s) в D:\MaXiMAA\MaXiMAAOld\C#Готово\KWORK\InstaDirectMessage_ButDev\InstaDirectMessage_ButDev\InstagramHashtagsParser.cs:строка 32
   в InstaDirectMessage_ButDev.InstagramHashtagsParser.GetData(String cookie) в D:\MaXiMAA\MaXiMAAOld\C#Готово\KWORK\InstaDirectMessage_ButDev\InstaDirectMessage_ButDev\InstagramHashtagsParser.cs:строка 224
[09.04.2020 23:50:06, поток 0] [DEBUG] Сменили прокси.
[09.04.2020 23:50:06, поток 0] Что-то не так, пытаемся спарсить снова.
[09.04.2020 23:50:06, поток 0] Парсим куки...
[09.04.2020 23:50:09, поток 0] Спарсили куки
[09.04.2020 23:50:09, поток 0] Получили куки...
[09.04.2020 23:50:09, поток 0] Начинаем парсинг...
[09.04.2020 23:50:11, поток 0] (Ошибка) Текст ошибки: System.ArgumentOutOfRangeException: startIndex должен быть меньше, чем длина строки.
Имя параметра: startIndex
   в System.String.Remove(Int32 startIndex)
   в InstaDirectMessage_ButDev.InstagramHashtagsParser.GetNicknameByID(String id) в D:\MaXiMAA\MaXiMAAOld\C#Готово\KWORK\InstaDirectMessage_ButDev\InstaDirectMessage_ButDev\InstagramHashtagsParser.cs:строка 52
   в InstaDirectMessage_ButDev.InstagramHashtagsParser.DoResult(String s) в D:\MaXiMAA\MaXiMAAOld\C#Готово\KWORK\InstaDirectMessage_ButDev\InstaDirectMessage_ButDev\InstagramHashtagsParser.cs:строка 32
   в InstaDirectMessage_ButDev.InstagramHashtagsParser.GetData(String cookie) в D:\MaXiMAA\MaXiMAAOld\C#Готово\KWORK\InstaDirectMessage_ButDev\InstaDirectMessage_ButDev\InstagramHashtagsParser.cs:строка 224
[09.04.2020 23:50:11, поток 0] [DEBUG] Сменили прокси.
[09.04.2020 23:50:11, поток 0] Что-то не так, пытаемся спарсить снова.
[09.04.2020 23:51:45, поток 0] Парсим куки...
[09.04.2020 23:51:47, поток 0] Спарсили куки
[09.04.2020 23:51:47, поток 0] Получили куки...
[09.04.2020 23:51:47, поток 0] Начинаем парсинг...
[09.04.2020 23:51:49, поток 0] Спарсили часть...
[09.04.2020 23:51:50, поток 0] Спарсили часть...
[09.04.2020 23:51:50, поток 0] Парсинг тэга "ьщтун" закончен!
[09.04.2020 23:52:59, поток 0] Парсим куки...
[09.04.2020 23:53:01, поток 0] Спарсили куки
[09.04.2020 23:53:01, поток 0] Получили куки...
[09.04.2020 23:53:01, поток 0] Начинаем парсинг...
[09.04.2020 23:53:06, поток 0] Спарсили часть...
[09.04.2020 23:53:09, поток 0] Спарсили часть...
[09.04.2020 23:53:09, поток 0] Парсинг тэга "ьщтун" закончен!
[09.04.2020 23:53:55, поток 0] Парсим куки...
[09.04.2020 23:53:56, поток 0] Спарсили куки
[09.04.2020 23:53:56, поток 0] Получили куки...
[09.04.2020 23:53:56, поток 0] Начинаем парсинг...
[09.04.2020 23:54:18, поток 0] Спарсили часть...
[09.04.2020 23:55:54, поток 0] Парсим куки...
[09.04.2020 23:55:55, поток 0] Спарсили куки
[09.04.2020 23:55:55, поток 0] Получили куки...
[09.04.2020 23:55:55, поток 0] Начинаем парсинг...
[09.04.2020 23:55:56, поток 0] Спарсили часть...
[09.04.2020 23:55:56, поток 0] Парсинг тэга "ьщтун" закончен!
[09.04.2020 23:56:10, поток 0] Парсим куки...
[09.04.2020 23:56:11, поток 0] Спарсили куки
[09.04.2020 23:56:11, поток 0] Получили куки...
[09.04.2020 23:56:11, поток 0] Начинаем парсинг...
[09.04.2020 23:56:19, поток 0] Спарсили часть...
[09.04.2020 23:56:21, поток 0] Спарсили часть...
[09.04.2020 23:56:21, поток 0] Парсинг тэга "ьщтун" закончен!
[09.04.2020 23:58:50, поток 0] Парсим куки...
[09.04.2020 23:58:51, поток 0] Спарсили куки
[09.04.2020 23:58:51, поток 0] Получили куки...
[09.04.2020 23:58:51, поток 0] Начинаем парсинг...
[09.04.2020 23:59:49, поток 0] Парсим куки...
[09.04.2020 23:59:52, поток 0] Спарсили куки
[09.04.2020 23:59:52, поток 0] Получили куки...
[09.04.2020 23:59:52, поток 0] Начинаем парсинг...
[10.04.2020 0:00:00, поток 0] Спарсили часть...
[10.04.2020 0:00:02, поток 0] Спарсили часть...
[10.04.2020 0:00:02, поток 0] Парсинг тэга "ьщтун" закончен!
