[14.08.2021 16:20:16, поток 0] Parsing cookies...
[14.08.2021 16:20:19, поток 0] Cookie parsing
[14.08.2021 16:20:19, поток 0] Got cookies...
[14.08.2021 16:20:19, поток 0] We start parsing...
[14.08.2021 16:20:22, поток 0] [DEBUG] Change account.
[14.08.2021 16:20:22, поток 0] Parsing cookies...
[14.08.2021 16:20:23, поток 0] Cookie parsing
[14.08.2021 16:20:23, поток 0] Got cookies...
[14.08.2021 16:20:23, поток 0] We start parsing...
[14.08.2021 16:20:25, поток 0] [DEBUG] Change account.
[14.08.2021 16:20:25, поток 0] Parsing cookies...
[14.08.2021 16:20:25, поток 0] Cookie parsing
[14.08.2021 16:20:25, поток 0] Got cookies...
[14.08.2021 16:20:25, поток 0] We start parsing...
[14.08.2021 16:20:27, поток 0] [DEBUG] Change account.
[14.08.2021 16:20:27, поток 0] Parsing cookies...
[14.08.2021 16:20:28, поток 0] Cookie parsing
[14.08.2021 16:20:28, поток 0] Got cookies...
[14.08.2021 16:20:28, поток 0] We start parsing...
[14.08.2021 16:20:31, поток 0] [DEBUG] Change account.
[14.08.2021 16:20:31, поток 0] Parsing cookies...
[14.08.2021 16:20:32, поток 0] Cookie parsing
[14.08.2021 16:20:32, поток 0] Got cookies...
[14.08.2021 16:20:32, поток 0] We start parsing...
[14.08.2021 16:20:34, поток 0] [DEBUG] Change account.
[14.08.2021 16:20:34, поток 0] Parsing cookies...
[14.08.2021 16:20:34, поток 0] Cookie parsing
[14.08.2021 16:20:34, поток 0] Got cookies...
[14.08.2021 16:20:34, поток 0] We start parsing...
[14.08.2021 16:20:37, поток 0] [DEBUG] Change account.
[14.08.2021 16:20:37, поток 0] Parsing cookies...
[14.08.2021 16:20:37, поток 0] Cookie parsing
[14.08.2021 16:20:37, поток 0] Got cookies...
[14.08.2021 16:20:37, поток 0] We start parsing...
[14.08.2021 18:05:25, поток 0] Parsing cookies...
[14.08.2021 18:05:25, поток 0] Cookie parsing
[14.08.2021 18:05:25, поток 0] Got cookies...
[14.08.2021 18:05:25, поток 0] We start parsing...
[14.08.2021 18:05:28, поток 0] [DEBUG] Change account.
[14.08.2021 18:05:28, поток 0] Parsing cookies...
[14.08.2021 18:05:28, поток 0] Cookie parsing
[14.08.2021 18:05:28, поток 0] Got cookies...
[14.08.2021 18:05:28, поток 0] We start parsing...
[14.08.2021 20:26:35, поток 0] Parsing cookies...
[14.08.2021 20:26:36, поток 0] Cookie parsing
[14.08.2021 20:26:36, поток 0] Got cookies...
[14.08.2021 20:26:36, поток 0] We start parsing...
[14.08.2021 20:26:41, поток 0] [DEBUG] Change account.
[14.08.2021 20:26:41, поток 0] Parsing cookies...
[14.08.2021 20:26:41, поток 0] Cookie parsing
[14.08.2021 20:26:41, поток 0] Got cookies...
[14.08.2021 20:26:41, поток 0] We start parsing...
[14.08.2021 20:37:27, поток 0] Parsing cookies...
[14.08.2021 20:37:28, поток 0] Cookie parsing
[14.08.2021 20:37:28, поток 0] Got cookies...
[14.08.2021 20:37:28, поток 0] We start parsing...
[14.08.2021 20:39:32, поток 0] Parsing cookies...
[14.08.2021 20:39:33, поток 0] Cookie parsing
[14.08.2021 20:39:33, поток 0] Got cookies...
[14.08.2021 20:39:33, поток 0] We start parsing...
[14.08.2021 20:40:13, поток 0] The part was parsed...
[14.08.2021 20:40:13, поток 0] The part was parsed...
[14.08.2021 20:40:13, поток 0] The competitor parsing "39712504903" is over!
[14.08.2021 21:06:41, поток 0] Parsing cookies...
[14.08.2021 21:06:41, поток 0] Cookie parsing
[14.08.2021 21:06:41, поток 0] Got cookies...
[14.08.2021 21:06:41, поток 0] We start parsing...
[14.08.2021 21:06:46, поток 0] The part was parsed...
[14.08.2021 21:06:46, поток 0] The part was parsed...
[14.08.2021 21:06:46, поток 0] The competitor parsing "7794975366" is over!
[14.08.2021 21:06:47, поток 0] Parsing cookies...
[14.08.2021 21:06:48, поток 0] Cookie parsing
[14.08.2021 21:06:48, поток 0] Got cookies...
[14.08.2021 21:06:48, поток 0] We start parsing...
[14.08.2021 21:06:52, поток 0] The part was parsed...
[14.08.2021 21:06:52, поток 0] The part was parsed...
[14.08.2021 21:06:52, поток 0] The competitor parsing "7591602816" is over!
[14.08.2021 21:06:53, поток 0] Parsing cookies...
[14.08.2021 21:06:54, поток 0] Cookie parsing
[14.08.2021 21:06:54, поток 0] Got cookies...
[14.08.2021 21:06:54, поток 0] We start parsing...
[14.08.2021 21:06:57, поток 0] The part was parsed...
[14.08.2021 21:06:57, поток 0] The competitor parsing "49019405292" is over!
[14.08.2021 21:06:58, поток 0] Parsing cookies...
[14.08.2021 21:06:59, поток 0] Cookie parsing
[14.08.2021 21:06:59, поток 0] Got cookies...
[14.08.2021 21:06:59, поток 0] We start parsing...
[14.08.2021 21:07:03, поток 0] The part was parsed...
[14.08.2021 21:07:03, поток 0] The part was parsed...
[14.08.2021 21:07:03, поток 0] The competitor parsing "9288999849" is over!
[14.08.2021 21:07:04, поток 0] Parsing cookies...
[14.08.2021 21:07:05, поток 0] Cookie parsing
[14.08.2021 21:07:05, поток 0] Got cookies...
[14.08.2021 21:07:05, поток 0] We start parsing...
[14.08.2021 21:07:09, поток 0] The part was parsed...
[14.08.2021 21:07:09, поток 0] The competitor parsing "3022993382" is over!
