[21.07.2020 10:38:35, поток 0] [DEBUG] Start...
[21.07.2020 10:38:35, поток 0] Парсим куки...
[21.07.2020 10:38:37, поток 0] Спарсили куки
[21.07.2020 10:38:41, поток 0] Наткнулись на чекпойнт!
[21.07.2020 10:38:41, поток 0] [DEBUG] Start...
[21.07.2020 10:38:41, поток 0] Парсим куки...
[21.07.2020 10:38:41, поток 0] Спарсили куки
[21.07.2020 10:38:43, поток 0] Наткнулись на чекпойнт!
[21.07.2020 10:53:19, поток 0] [DEBUG] Start...
[21.07.2020 10:53:19, поток 0] Парсим куки...
[21.07.2020 10:53:19, поток 0] Спарсили куки
[21.07.2020 10:53:22, поток 0] Вошли в аккаунт.
[21.07.2020 10:53:22, поток 0] (Ошибка) Текст ошибки: System.NullReferenceException: Ссылка на объект не указывает на экземпляр объекта.
   в InstaDirectMessage_ButDev.InstagramDirectMessage.DoWorkPost(String postlink, WebProxy proxy, String UserAgent, String cookie) в D:\MaXiMAA\MaXiMAAOld\C#Готово\KWORK\InstaDirectMessage_ButDev\InstaDirectMessage_ButDev\InstagramDirectMessage.cs:строка 423
[21.07.2020 10:53:22, поток 0] [Ошибка] Что-то не так. Переделываем.
[21.07.2020 10:53:23, поток 0] Спарсили куки
[21.07.2020 10:53:25, поток 0] Вошли в аккаунт.
[21.07.2020 10:53:25, поток 0] (Ошибка) Текст ошибки: System.NullReferenceException: Ссылка на объект не указывает на экземпляр объекта.
   в InstaDirectMessage_ButDev.InstagramDirectMessage.DoWorkPost(String postlink, WebProxy proxy, String UserAgent, String cookie) в D:\MaXiMAA\MaXiMAAOld\C#Готово\KWORK\InstaDirectMessage_ButDev\InstaDirectMessage_ButDev\InstagramDirectMessage.cs:строка 423
[21.07.2020 10:53:30, поток 0] [DEBUG] Start...
[21.07.2020 10:53:30, поток 0] Парсим куки...
[21.07.2020 10:53:31, поток 0] Спарсили куки
[21.07.2020 10:53:33, поток 0] Вошли в аккаунт.
[21.07.2020 10:53:33, поток 0] (Ошибка) Текст ошибки: System.NullReferenceException: Ссылка на объект не указывает на экземпляр объекта.
   в InstaDirectMessage_ButDev.InstagramDirectMessage.DoWorkPost(String postlink, WebProxy proxy, String UserAgent, String cookie) в D:\MaXiMAA\MaXiMAAOld\C#Готово\KWORK\InstaDirectMessage_ButDev\InstaDirectMessage_ButDev\InstagramDirectMessage.cs:строка 423
[21.07.2020 10:53:33, поток 0] [Ошибка] Что-то не так. Переделываем.
[21.07.2020 10:53:34, поток 0] Спарсили куки
[21.07.2020 10:53:36, поток 0] Вошли в аккаунт.
[21.07.2020 10:53:36, поток 0] (Ошибка) Текст ошибки: System.NullReferenceException: Ссылка на объект не указывает на экземпляр объекта.
   в InstaDirectMessage_ButDev.InstagramDirectMessage.DoWorkPost(String postlink, WebProxy proxy, String UserAgent, String cookie) в D:\MaXiMAA\MaXiMAAOld\C#Готово\KWORK\InstaDirectMessage_ButDev\InstaDirectMessage_ButDev\InstagramDirectMessage.cs:строка 423
[21.07.2020 10:53:47, поток 0] [DEBUG] Start...
[21.07.2020 10:53:47, поток 0] Парсим куки...
[21.07.2020 10:53:47, поток 0] Спарсили куки
[21.07.2020 10:53:49, поток 0] Вошли в аккаунт.
[21.07.2020 10:53:50, поток 0] (Ошибка) Текст ошибки: System.NullReferenceException: Ссылка на объект не указывает на экземпляр объекта.
   в InstaDirectMessage_ButDev.InstagramDirectMessage.DoWorkPost(String postlink, WebProxy proxy, String UserAgent, String cookie) в D:\MaXiMAA\MaXiMAAOld\C#Готово\KWORK\InstaDirectMessage_ButDev\InstaDirectMessage_ButDev\InstagramDirectMessage.cs:строка 423
[21.07.2020 10:53:50, поток 0] [Ошибка] Что-то не так. Переделываем.
[21.07.2020 10:53:50, поток 0] Спарсили куки
[21.07.2020 10:53:52, поток 0] Вошли в аккаунт.
[21.07.2020 10:53:52, поток 0] (Ошибка) Текст ошибки: System.NullReferenceException: Ссылка на объект не указывает на экземпляр объекта.
   в InstaDirectMessage_ButDev.InstagramDirectMessage.DoWorkPost(String postlink, WebProxy proxy, String UserAgent, String cookie) в D:\MaXiMAA\MaXiMAAOld\C#Готово\KWORK\InstaDirectMessage_ButDev\InstaDirectMessage_ButDev\InstagramDirectMessage.cs:строка 423
[21.07.2020 10:53:57, поток 0] [DEBUG] Start...
[21.07.2020 10:53:57, поток 0] Парсим куки...
[21.07.2020 10:53:58, поток 0] Спарсили куки
[21.07.2020 10:53:59, поток 0] Вошли в аккаунт.
[21.07.2020 10:54:00, поток 0] (Ошибка) Текст ошибки: System.NullReferenceException: Ссылка на объект не указывает на экземпляр объекта.
   в InstaDirectMessage_ButDev.InstagramDirectMessage.DoWorkPost(String postlink, WebProxy proxy, String UserAgent, String cookie) в D:\MaXiMAA\MaXiMAAOld\C#Готово\KWORK\InstaDirectMessage_ButDev\InstaDirectMessage_ButDev\InstagramDirectMessage.cs:строка 423
[21.07.2020 10:54:00, поток 0] [Ошибка] Что-то не так. Переделываем.
[21.07.2020 10:54:00, поток 0] Спарсили куки
[21.07.2020 10:54:02, поток 0] Вошли в аккаунт.
[21.07.2020 10:54:02, поток 0] (Ошибка) Текст ошибки: System.NullReferenceException: Ссылка на объект не указывает на экземпляр объекта.
   в InstaDirectMessage_ButDev.InstagramDirectMessage.DoWorkPost(String postlink, WebProxy proxy, String UserAgent, String cookie) в D:\MaXiMAA\MaXiMAAOld\C#Готово\KWORK\InstaDirectMessage_ButDev\InstaDirectMessage_ButDev\InstagramDirectMessage.cs:строка 423
[21.07.2020 12:16:35, поток 0] [DEBUG] Start...
[21.07.2020 12:16:35, поток 0] Парсим куки...
[21.07.2020 12:16:36, поток 0] Спарсили куки
[21.07.2020 12:16:38, поток 0] Вошли в аккаунт.
[21.07.2020 12:16:39, поток 0] (Ошибка) Текст ошибки: System.NullReferenceException: Ссылка на объект не указывает на экземпляр объекта.
   в InstaDirectMessage_ButDev.InstagramDirectMessage.DoWorkPost(String postlink, WebProxy proxy, String UserAgent, String cookie) в D:\MaXiMAA\MaXiMAAOld\C#Готово\KWORK\InstaDirectMessage_ButDev\InstaDirectMessage_ButDev\InstagramDirectMessage.cs:строка 424
[21.07.2020 12:16:39, поток 0] [Ошибка] Что-то не так. Переделываем.
[21.07.2020 12:16:39, поток 0] Спарсили куки
[21.07.2020 12:16:41, поток 0] Вошли в аккаунт.
[21.07.2020 12:16:42, поток 0] (Ошибка) Текст ошибки: System.NullReferenceException: Ссылка на объект не указывает на экземпляр объекта.
   в InstaDirectMessage_ButDev.InstagramDirectMessage.DoWorkPost(String postlink, WebProxy proxy, String UserAgent, String cookie) в D:\MaXiMAA\MaXiMAAOld\C#Готово\KWORK\InstaDirectMessage_ButDev\InstaDirectMessage_ButDev\InstagramDirectMessage.cs:строка 424
[21.07.2020 12:16:47, поток 0] [DEBUG] Start...
[21.07.2020 12:16:47, поток 0] Парсим куки...
[21.07.2020 12:16:47, поток 0] Спарсили куки
[21.07.2020 12:16:49, поток 0] Вошли в аккаунт.
[21.07.2020 12:16:50, поток 0] (Ошибка) Текст ошибки: System.NullReferenceException: Ссылка на объект не указывает на экземпляр объекта.
   в InstaDirectMessage_ButDev.InstagramDirectMessage.DoWorkPost(String postlink, WebProxy proxy, String UserAgent, String cookie) в D:\MaXiMAA\MaXiMAAOld\C#Готово\KWORK\InstaDirectMessage_ButDev\InstaDirectMessage_ButDev\InstagramDirectMessage.cs:строка 424
[21.07.2020 12:16:50, поток 0] [Ошибка] Что-то не так. Переделываем.
[21.07.2020 12:16:50, поток 0] Спарсили куки
[21.07.2020 12:16:52, поток 0] Вошли в аккаунт.
[21.07.2020 12:16:52, поток 0] (Ошибка) Текст ошибки: System.NullReferenceException: Ссылка на объект не указывает на экземпляр объекта.
   в InstaDirectMessage_ButDev.InstagramDirectMessage.DoWorkPost(String postlink, WebProxy proxy, String UserAgent, String cookie) в D:\MaXiMAA\MaXiMAAOld\C#Готово\KWORK\InstaDirectMessage_ButDev\InstaDirectMessage_ButDev\InstagramDirectMessage.cs:строка 424
[21.07.2020 12:18:05, поток 0] [DEBUG] Start...
[21.07.2020 12:18:05, поток 0] Парсим куки...
[21.07.2020 12:18:06, поток 0] Спарсили куки
[21.07.2020 12:18:17, поток 0] Вошли в аккаунт.
[21.07.2020 12:18:18, поток 0] (Ошибка) Текст ошибки: System.NullReferenceException: Ссылка на объект не указывает на экземпляр объекта.
   в InstaDirectMessage_ButDev.InstagramDirectMessage.DoWorkPost(String postlink, WebProxy proxy, String UserAgent, String cookie) в D:\MaXiMAA\MaXiMAAOld\C#Готово\KWORK\InstaDirectMessage_ButDev\InstaDirectMessage_ButDev\InstagramDirectMessage.cs:строка 424
[21.07.2020 12:18:18, поток 0] [Ошибка] Что-то не так. Переделываем.
[21.07.2020 12:18:18, поток 0] Спарсили куки
[21.07.2020 12:20:59, поток 0] [DEBUG] Start...
[21.07.2020 12:20:59, поток 0] Парсим куки...
[21.07.2020 12:21:00, поток 0] Спарсили куки
[21.07.2020 12:21:09, поток 0] Вошли в аккаунт.
[21.07.2020 12:21:16, поток 0] Сообщение отправлено.
[21.07.2020 12:33:00, поток 0] [DEBUG] Start...
[21.07.2020 12:33:00, поток 0] Парсим куки...
[21.07.2020 12:33:01, поток 0] Спарсили куки
[21.07.2020 12:33:08, поток 0] Вошли в аккаунт.
[21.07.2020 12:33:18, поток 0] Сообщение отправлено.
[21.07.2020 12:33:41, поток 0] [DEBUG] Start...
[21.07.2020 12:33:41, поток 0] Парсим куки...
[21.07.2020 12:33:41, поток 0] Спарсили куки
[21.07.2020 12:33:45, поток 0] Вошли в аккаунт.
[21.07.2020 12:33:45, поток 0] (Ошибка) Текст ошибки: System.NullReferenceException: Ссылка на объект не указывает на экземпляр объекта.
   в InstaDirectMessage_ButDev.InstagramDirectMessage.DoWorkPost(String postlink, WebProxy proxy, String UserAgent, String cookie) в D:\MaXiMAA\MaXiMAAOld\C#Готово\KWORK\InstaDirectMessage_ButDev\InstaDirectMessage_ButDev\InstagramDirectMessage.cs:строка 424
[21.07.2020 12:33:45, поток 0] [Ошибка] Что-то не так. Переделываем.
[21.07.2020 12:33:46, поток 0] Спарсили куки
[21.07.2020 12:33:49, поток 0] Вошли в аккаунт.
[21.07.2020 12:33:50, поток 0] (Ошибка) Текст ошибки: System.NullReferenceException: Ссылка на объект не указывает на экземпляр объекта.
   в InstaDirectMessage_ButDev.InstagramDirectMessage.DoWorkPost(String postlink, WebProxy proxy, String UserAgent, String cookie) в D:\MaXiMAA\MaXiMAAOld\C#Готово\KWORK\InstaDirectMessage_ButDev\InstaDirectMessage_ButDev\InstagramDirectMessage.cs:строка 424
[21.07.2020 12:33:55, поток 0] [DEBUG] Start...
[21.07.2020 12:33:55, поток 0] Парсим куки...
[21.07.2020 12:33:55, поток 0] Спарсили куки
[21.07.2020 12:34:04, поток 0] Вошли в аккаунт.
[21.07.2020 12:34:04, поток 0] (Ошибка) Текст ошибки: System.NullReferenceException: Ссылка на объект не указывает на экземпляр объекта.
   в InstaDirectMessage_ButDev.InstagramDirectMessage.DoWorkPost(String postlink, WebProxy proxy, String UserAgent, String cookie) в D:\MaXiMAA\MaXiMAAOld\C#Готово\KWORK\InstaDirectMessage_ButDev\InstaDirectMessage_ButDev\InstagramDirectMessage.cs:строка 424
[21.07.2020 12:34:04, поток 0] [Ошибка] Что-то не так. Переделываем.
[21.07.2020 12:34:05, поток 0] Спарсили куки
