[02.08.2020 16:24:30, поток 0] Парсим куки...
[02.08.2020 16:24:31, поток 0] Спарсили куки
[02.08.2020 16:24:31, поток 0] Получили куки...
[02.08.2020 16:24:31, поток 0] Начинаем работу...
[02.08.2020 16:24:37, поток 0] Запостили фото! us.us.us.us2020
[02.08.2020 16:25:41, поток 0] Запостили фото! us.us.us.us2020
[02.08.2020 16:28:31, поток 0] Парсим куки...
[02.08.2020 16:28:32, поток 0] Спарсили куки
[02.08.2020 16:28:32, поток 0] Получили куки...
[02.08.2020 16:28:32, поток 0] Начинаем работу...
[02.08.2020 16:28:39, поток 0] Запостили фото! us.us.us.us2020
[02.08.2020 16:29:43, поток 0] Запостили фото! us.us.us.us2020
[02.08.2020 16:31:30, поток 0] Парсим куки...
[02.08.2020 16:31:30, поток 0] Спарсили куки
[02.08.2020 16:31:30, поток 0] Получили куки...
[02.08.2020 16:31:30, поток 0] Начинаем работу...
[02.08.2020 16:31:36, поток 0] Запостили фото! us.us.us.us2020
[02.08.2020 16:32:40, поток 0] Запостили фото! us.us.us.us2020
[02.08.2020 16:35:59, поток 0] Парсим куки...
[02.08.2020 16:35:59, поток 0] Спарсили куки
[02.08.2020 16:35:59, поток 0] Получили куки...
[02.08.2020 16:35:59, поток 0] Начинаем работу...
[02.08.2020 16:36:05, поток 0] Запостили фото! us.us.us.us2020
[02.08.2020 16:37:10, поток 0] Запостили фото! us.us.us.us2020
[02.08.2020 19:19:48, поток 0] Парсим куки...
[02.08.2020 19:19:49, поток 0] Спарсили куки
[02.08.2020 19:19:49, поток 0] Получили куки...
[02.08.2020 19:19:49, поток 0] Начинаем работу...
[02.08.2020 19:19:54, поток 0] Не удалось загрузить фото на сервер Instagram!
[02.08.2020 19:19:57, поток 0] Не удалось загрузить фото на сервер Instagram!
[02.08.2020 19:19:57, поток 0] Парсим куки...
[02.08.2020 19:19:57, поток 0] Спарсили куки
[02.08.2020 19:19:57, поток 0] Получили куки...
[02.08.2020 19:19:57, поток 0] Начинаем работу...
[02.08.2020 19:20:02, поток 0] Не удалось загрузить фото на сервер Instagram!
[02.08.2020 19:20:05, поток 0] Не удалось загрузить фото на сервер Instagram!
[02.08.2020 19:20:05, поток 0] Парсим куки...
[02.08.2020 19:20:05, поток 0] Спарсили куки
[02.08.2020 19:20:05, поток 0] Получили куки...
[02.08.2020 19:20:05, поток 0] Начинаем работу...
[02.08.2020 19:20:10, поток 0] Не удалось загрузить фото на сервер Instagram!
[02.08.2020 19:20:13, поток 0] Не удалось загрузить фото на сервер Instagram!
[02.08.2020 19:20:13, поток 0] Парсим куки...
[02.08.2020 19:20:14, поток 0] Спарсили куки
[02.08.2020 19:20:14, поток 0] Получили куки...
[02.08.2020 19:20:14, поток 0] Начинаем работу...
[02.08.2020 19:20:18, поток 0] Не удалось загрузить фото на сервер Instagram!
[02.08.2020 19:20:21, поток 0] Не удалось загрузить фото на сервер Instagram!
[02.08.2020 19:20:21, поток 0] Парсим куки...
[02.08.2020 19:20:22, поток 0] Спарсили куки
[02.08.2020 19:20:22, поток 0] Получили куки...
[02.08.2020 19:20:22, поток 0] Начинаем работу...
[02.08.2020 19:20:26, поток 0] Не удалось загрузить фото на сервер Instagram!
[02.08.2020 19:20:29, поток 0] Не удалось загрузить фото на сервер Instagram!
[02.08.2020 19:20:29, поток 0] Парсим куки...
[02.08.2020 19:20:30, поток 0] Спарсили куки
[02.08.2020 19:20:30, поток 0] Получили куки...
[02.08.2020 19:20:30, поток 0] Начинаем работу...
[02.08.2020 19:20:34, поток 0] Не удалось загрузить фото на сервер Instagram!
[02.08.2020 19:20:37, поток 0] Не удалось загрузить фото на сервер Instagram!
[02.08.2020 19:20:37, поток 0] Парсим куки...
[02.08.2020 19:20:37, поток 0] Спарсили куки
[02.08.2020 19:20:37, поток 0] Получили куки...
[02.08.2020 19:20:37, поток 0] Начинаем работу...
[02.08.2020 19:20:42, поток 0] Не удалось загрузить фото на сервер Instagram!
[02.08.2020 19:20:45, поток 0] Не удалось загрузить фото на сервер Instagram!
[02.08.2020 19:20:45, поток 0] Парсим куки...
[02.08.2020 19:20:45, поток 0] Спарсили куки
[02.08.2020 19:20:45, поток 0] Получили куки...
[02.08.2020 19:20:45, поток 0] Начинаем работу...
[02.08.2020 19:20:50, поток 0] Не удалось загрузить фото на сервер Instagram!
[02.08.2020 19:20:53, поток 0] Не удалось загрузить фото на сервер Instagram!
[02.08.2020 19:20:53, поток 0] Парсим куки...
[02.08.2020 19:20:54, поток 0] Спарсили куки
[02.08.2020 19:20:54, поток 0] Получили куки...
[02.08.2020 19:20:54, поток 0] Начинаем работу...
[02.08.2020 19:20:59, поток 0] Не удалось загрузить фото на сервер Instagram!
[02.08.2020 19:21:02, поток 0] Не удалось загрузить фото на сервер Instagram!
[02.08.2020 19:21:02, поток 0] Парсим куки...
[02.08.2020 19:21:02, поток 0] Спарсили куки
[02.08.2020 19:21:02, поток 0] Получили куки...
[02.08.2020 19:21:02, поток 0] Начинаем работу...
[02.08.2020 19:21:03, поток 0] Не удалось загрузить фото на сервер Instagram!
[02.08.2020 19:21:04, поток 0] Не удалось загрузить фото на сервер Instagram!
[02.08.2020 19:21:04, поток 0] Парсим куки...
[02.08.2020 19:21:04, поток 0] Спарсили куки
[02.08.2020 19:21:04, поток 0] Получили куки...
[02.08.2020 19:21:04, поток 0] Начинаем работу...
[02.08.2020 19:21:05, поток 0] Не удалось загрузить фото на сервер Instagram!
[02.08.2020 19:21:05, поток 0] Не удалось загрузить фото на сервер Instagram!
[02.08.2020 19:21:05, поток 0] Парсим куки...
[02.08.2020 19:21:06, поток 0] Спарсили куки
[02.08.2020 19:21:06, поток 0] Получили куки...
[02.08.2020 19:21:06, поток 0] Начинаем работу...
[02.08.2020 19:21:07, поток 0] Не удалось загрузить фото на сервер Instagram!
[02.08.2020 19:21:07, поток 0] Не удалось загрузить фото на сервер Instagram!
[02.08.2020 19:21:07, поток 0] Парсим куки...
[02.08.2020 19:21:08, поток 0] Спарсили куки
[02.08.2020 19:21:08, поток 0] Получили куки...
[02.08.2020 19:21:08, поток 0] Начинаем работу...
[02.08.2020 19:21:10, поток 0] Не удалось загрузить фото на сервер Instagram!
[02.08.2020 19:21:10, поток 0] (Ошибка) Текст ошибки: System.ArgumentOutOfRangeException: Значение StartIndex не может быть меньше нуля.
Имя параметра: startIndex
   в System.String.Remove(Int32 startIndex)
   в InstaDirectMessage_ButDev.InstagramPhotoWebPosting.PostPhoto(String cookie) в D:\MaXiMAA\MaXiMAAOld\C#Готово\KWORK\InstaDirectMessage_ButDev\InstaDirectMessage_ButDev\InstagramPhotoWebPosting.cs:строка 274
[02.08.2020 19:22:10, поток 0] Парсим куки...
[02.08.2020 19:22:10, поток 0] Спарсили куки
[02.08.2020 19:22:10, поток 0] Получили куки...
[02.08.2020 19:22:10, поток 0] Начинаем работу...
[02.08.2020 19:22:11, поток 0] Не удалось загрузить фото на сервер Instagram!
[02.08.2020 19:22:12, поток 0] Не удалось загрузить фото на сервер Instagram!
[02.08.2020 19:22:12, поток 0] Парсим куки...
[02.08.2020 19:22:12, поток 0] Спарсили куки
[02.08.2020 19:22:12, поток 0] Получили куки...
[02.08.2020 19:22:12, поток 0] Начинаем работу...
[02.08.2020 19:22:13, поток 0] Не удалось загрузить фото на сервер Instagram!
[02.08.2020 19:22:14, поток 0] Не удалось загрузить фото на сервер Instagram!
[02.08.2020 19:22:14, поток 0] Парсим куки...
[02.08.2020 19:22:14, поток 0] Спарсили куки
[02.08.2020 19:22:14, поток 0] Получили куки...
[02.08.2020 19:22:14, поток 0] Начинаем работу...
[02.08.2020 19:22:15, поток 0] Не удалось загрузить фото на сервер Instagram!
[02.08.2020 19:22:15, поток 0] Не удалось загрузить фото на сервер Instagram!
[02.08.2020 19:22:15, поток 0] Парсим куки...
[02.08.2020 19:22:16, поток 0] Спарсили куки
[02.08.2020 19:22:16, поток 0] Получили куки...
[02.08.2020 19:22:16, поток 0] Начинаем работу...
[02.08.2020 19:22:17, поток 0] Не удалось загрузить фото на сервер Instagram!
[02.08.2020 19:22:17, поток 0] Не удалось загрузить фото на сервер Instagram!
[02.08.2020 19:22:17, поток 0] Парсим куки...
[02.08.2020 19:22:18, поток 0] Спарсили куки
[02.08.2020 19:22:18, поток 0] Получили куки...
[02.08.2020 19:22:18, поток 0] Начинаем работу...
[02.08.2020 19:22:19, поток 0] Не удалось загрузить фото на сервер Instagram!
[02.08.2020 19:22:19, поток 0] Не удалось загрузить фото на сервер Instagram!
[02.08.2020 19:22:19, поток 0] Парсим куки...
[02.08.2020 19:22:20, поток 0] Спарсили куки
[02.08.2020 19:22:20, поток 0] Получили куки...
[02.08.2020 19:22:20, поток 0] Начинаем работу...
[02.08.2020 19:22:20, поток 0] Не удалось загрузить фото на сервер Instagram!
[02.08.2020 19:22:21, поток 0] Не удалось загрузить фото на сервер Instagram!
[02.08.2020 19:22:21, поток 0] Парсим куки...
[02.08.2020 19:22:21, поток 0] Спарсили куки
[02.08.2020 19:22:21, поток 0] Получили куки...
[02.08.2020 19:22:21, поток 0] Начинаем работу...
[02.08.2020 19:22:22, поток 0] Не удалось загрузить фото на сервер Instagram!
[02.08.2020 19:22:23, поток 0] Не удалось загрузить фото на сервер Instagram!
[02.08.2020 19:22:23, поток 0] Парсим куки...
[02.08.2020 19:22:23, поток 0] Спарсили куки
[02.08.2020 19:22:23, поток 0] Получили куки...
[02.08.2020 19:22:23, поток 0] Начинаем работу...
[02.08.2020 19:22:24, поток 0] Не удалось загрузить фото на сервер Instagram!
[02.08.2020 19:22:25, поток 0] Не удалось загрузить фото на сервер Instagram!
[02.08.2020 19:22:25, поток 0] Парсим куки...
[02.08.2020 19:22:25, поток 0] Спарсили куки
[02.08.2020 19:22:25, поток 0] Получили куки...
[02.08.2020 19:22:25, поток 0] Начинаем работу...
[02.08.2020 19:22:26, поток 0] Не удалось загрузить фото на сервер Instagram!
[02.08.2020 19:22:26, поток 0] Не удалось загрузить фото на сервер Instagram!
[02.08.2020 19:22:26, поток 0] Парсим куки...
[02.08.2020 19:22:27, поток 0] Спарсили куки
[02.08.2020 19:22:27, поток 0] Получили куки...
[02.08.2020 19:22:27, поток 0] Начинаем работу...
[02.08.2020 19:22:28, поток 0] Не удалось загрузить фото на сервер Instagram!
[02.08.2020 19:22:28, поток 0] Не удалось загрузить фото на сервер Instagram!
[02.08.2020 19:22:28, поток 0] Парсим куки...
[02.08.2020 19:22:29, поток 0] Спарсили куки
[02.08.2020 19:22:29, поток 0] Получили куки...
[02.08.2020 19:22:29, поток 0] Начинаем работу...
[02.08.2020 19:22:30, поток 0] Не удалось загрузить фото на сервер Instagram!
[02.08.2020 19:22:30, поток 0] Не удалось загрузить фото на сервер Instagram!
[02.08.2020 19:22:30, поток 0] Парсим куки...
[02.08.2020 19:22:30, поток 0] Спарсили куки
[02.08.2020 19:22:30, поток 0] Получили куки...
[02.08.2020 19:22:30, поток 0] Начинаем работу...
[02.08.2020 19:22:31, поток 0] Не удалось загрузить фото на сервер Instagram!
[02.08.2020 19:22:32, поток 0] Не удалось загрузить фото на сервер Instagram!
[02.08.2020 19:22:32, поток 0] Парсим куки...
[02.08.2020 19:22:32, поток 0] Спарсили куки
[02.08.2020 19:22:32, поток 0] Получили куки...
[02.08.2020 19:22:32, поток 0] Начинаем работу...
[02.08.2020 19:22:33, поток 0] Не удалось загрузить фото на сервер Instagram!
[02.08.2020 19:22:34, поток 0] Не удалось загрузить фото на сервер Instagram!
[02.08.2020 19:22:34, поток 0] Парсим куки...
[02.08.2020 19:22:34, поток 0] Спарсили куки
[02.08.2020 19:22:34, поток 0] Получили куки...
[02.08.2020 19:22:34, поток 0] Начинаем работу...
[02.08.2020 19:22:35, поток 0] Не удалось загрузить фото на сервер Instagram!
[02.08.2020 19:22:36, поток 0] Не удалось загрузить фото на сервер Instagram!
[02.08.2020 19:22:36, поток 0] Парсим куки...
[02.08.2020 19:22:36, поток 0] Спарсили куки
[02.08.2020 19:22:36, поток 0] Получили куки...
[02.08.2020 19:22:36, поток 0] Начинаем работу...
[02.08.2020 19:22:37, поток 0] Не удалось загрузить фото на сервер Instagram!
[02.08.2020 19:22:38, поток 0] Не удалось загрузить фото на сервер Instagram!
[02.08.2020 19:22:38, поток 0] Парсим куки...
[02.08.2020 19:22:38, поток 0] Спарсили куки
[02.08.2020 19:22:38, поток 0] Получили куки...
[02.08.2020 19:22:38, поток 0] Начинаем работу...
[02.08.2020 19:22:39, поток 0] Не удалось загрузить фото на сервер Instagram!
[02.08.2020 19:22:39, поток 0] Не удалось загрузить фото на сервер Instagram!
[02.08.2020 19:22:39, поток 0] Парсим куки...
[02.08.2020 19:22:40, поток 0] Спарсили куки
[02.08.2020 19:22:40, поток 0] Получили куки...
[02.08.2020 19:22:40, поток 0] Начинаем работу...
[02.08.2020 19:22:40, поток 0] Не удалось загрузить фото на сервер Instagram!
[02.08.2020 19:22:41, поток 0] Не удалось загрузить фото на сервер Instagram!
[02.08.2020 19:22:41, поток 0] Парсим куки...
[02.08.2020 19:22:41, поток 0] Спарсили куки
[02.08.2020 19:22:41, поток 0] Получили куки...
[02.08.2020 19:22:41, поток 0] Начинаем работу...
[02.08.2020 19:22:42, поток 0] Не удалось загрузить фото на сервер Instagram!
[02.08.2020 19:22:43, поток 0] Не удалось загрузить фото на сервер Instagram!
[02.08.2020 19:22:43, поток 0] Парсим куки...
[02.08.2020 19:22:43, поток 0] Спарсили куки
[02.08.2020 19:22:43, поток 0] Получили куки...
[02.08.2020 19:22:43, поток 0] Начинаем работу...
[02.08.2020 19:22:44, поток 0] Не удалось загрузить фото на сервер Instagram!
[02.08.2020 19:22:44, поток 0] Не удалось загрузить фото на сервер Instagram!
[02.08.2020 19:22:44, поток 0] Парсим куки...
[02.08.2020 19:22:45, поток 0] Спарсили куки
[02.08.2020 19:22:45, поток 0] Получили куки...
[02.08.2020 19:22:45, поток 0] Начинаем работу...
[02.08.2020 19:22:46, поток 0] Не удалось загрузить фото на сервер Instagram!
[02.08.2020 19:22:46, поток 0] Не удалось загрузить фото на сервер Instagram!
[02.08.2020 19:22:46, поток 0] Парсим куки...
[02.08.2020 19:22:46, поток 0] Спарсили куки
[02.08.2020 19:22:46, поток 0] Получили куки...
[02.08.2020 19:22:46, поток 0] Начинаем работу...
[02.08.2020 19:22:47, поток 0] Не удалось загрузить фото на сервер Instagram!
[02.08.2020 19:22:48, поток 0] Не удалось загрузить фото на сервер Instagram!
[02.08.2020 19:22:48, поток 0] Парсим куки...
[02.08.2020 19:22:48, поток 0] Спарсили куки
[02.08.2020 19:22:48, поток 0] Получили куки...
[02.08.2020 19:22:48, поток 0] Начинаем работу...
[02.08.2020 19:22:49, поток 0] Не удалось загрузить фото на сервер Instagram!
[02.08.2020 19:22:50, поток 0] Не удалось загрузить фото на сервер Instagram!
[02.08.2020 19:22:50, поток 0] Парсим куки...
[02.08.2020 19:22:50, поток 0] Спарсили куки
[02.08.2020 19:22:50, поток 0] Получили куки...
[02.08.2020 19:22:50, поток 0] Начинаем работу...
[02.08.2020 19:22:51, поток 0] Не удалось загрузить фото на сервер Instagram!
[02.08.2020 19:22:51, поток 0] Не удалось загрузить фото на сервер Instagram!
[02.08.2020 19:22:51, поток 0] Парсим куки...
[02.08.2020 19:22:51, поток 0] Спарсили куки
[02.08.2020 19:22:51, поток 0] Получили куки...
[02.08.2020 19:22:51, поток 0] Начинаем работу...
[02.08.2020 19:22:52, поток 0] Не удалось загрузить фото на сервер Instagram!
[02.08.2020 19:22:53, поток 0] Не удалось загрузить фото на сервер Instagram!
[02.08.2020 19:22:53, поток 0] Парсим куки...
[02.08.2020 19:22:53, поток 0] Спарсили куки
[02.08.2020 19:22:53, поток 0] Получили куки...
[02.08.2020 19:22:53, поток 0] Начинаем работу...
[02.08.2020 19:22:54, поток 0] Не удалось загрузить фото на сервер Instagram!
[02.08.2020 19:22:55, поток 0] Не удалось загрузить фото на сервер Instagram!
[02.08.2020 19:22:55, поток 0] Парсим куки...
[02.08.2020 19:22:55, поток 0] Спарсили куки
[02.08.2020 19:22:55, поток 0] Получили куки...
[02.08.2020 19:22:55, поток 0] Начинаем работу...
[02.08.2020 19:22:56, поток 0] Не удалось загрузить фото на сервер Instagram!
[02.08.2020 19:22:56, поток 0] Не удалось загрузить фото на сервер Instagram!
[02.08.2020 19:22:56, поток 0] Парсим куки...
[02.08.2020 19:22:57, поток 0] Спарсили куки
[02.08.2020 19:22:57, поток 0] Получили куки...
[02.08.2020 19:22:57, поток 0] Начинаем работу...
[02.08.2020 19:22:58, поток 0] Не удалось загрузить фото на сервер Instagram!
[02.08.2020 19:22:58, поток 0] Не удалось загрузить фото на сервер Instagram!
[02.08.2020 19:22:58, поток 0] Парсим куки...
[02.08.2020 19:22:58, поток 0] Спарсили куки
[02.08.2020 19:22:58, поток 0] Получили куки...
[02.08.2020 19:22:58, поток 0] Начинаем работу...
[02.08.2020 19:22:59, поток 0] Не удалось загрузить фото на сервер Instagram!
[02.08.2020 19:22:59, поток 0] Не удалось загрузить фото на сервер Instagram!
[02.08.2020 19:22:59, поток 0] Парсим куки...
[02.08.2020 19:23:00, поток 0] Спарсили куки
[02.08.2020 19:23:00, поток 0] Получили куки...
[02.08.2020 19:23:00, поток 0] Начинаем работу...
[02.08.2020 19:23:01, поток 0] Не удалось загрузить фото на сервер Instagram!
[02.08.2020 19:23:01, поток 0] Не удалось загрузить фото на сервер Instagram!
[02.08.2020 19:23:01, поток 0] Парсим куки...
[02.08.2020 19:23:01, поток 0] Спарсили куки
[02.08.2020 19:23:01, поток 0] Получили куки...
[02.08.2020 19:23:01, поток 0] Начинаем работу...
[02.08.2020 19:23:02, поток 0] Не удалось загрузить фото на сервер Instagram!
[02.08.2020 19:23:03, поток 0] Не удалось загрузить фото на сервер Instagram!
[02.08.2020 19:23:03, поток 0] Парсим куки...
[02.08.2020 19:23:03, поток 0] Спарсили куки
[02.08.2020 19:23:03, поток 0] Получили куки...
[02.08.2020 19:23:03, поток 0] Начинаем работу...
[02.08.2020 19:23:04, поток 0] Не удалось загрузить фото на сервер Instagram!
[02.08.2020 19:23:05, поток 0] Не удалось загрузить фото на сервер Instagram!
[02.08.2020 19:23:05, поток 0] Парсим куки...
[02.08.2020 19:23:05, поток 0] Спарсили куки
[02.08.2020 19:23:05, поток 0] Получили куки...
[02.08.2020 19:23:05, поток 0] Начинаем работу...
[02.08.2020 19:23:06, поток 0] Не удалось загрузить фото на сервер Instagram!
[02.08.2020 19:23:07, поток 0] Не удалось загрузить фото на сервер Instagram!
[02.08.2020 19:23:07, поток 0] Парсим куки...
[02.08.2020 19:23:07, поток 0] Спарсили куки
[02.08.2020 19:23:07, поток 0] Получили куки...
[02.08.2020 19:23:07, поток 0] Начинаем работу...
[02.08.2020 19:23:08, поток 0] Не удалось загрузить фото на сервер Instagram!
[02.08.2020 19:23:08, поток 0] Не удалось загрузить фото на сервер Instagram!
[02.08.2020 19:23:08, поток 0] Парсим куки...
[02.08.2020 19:23:09, поток 0] Спарсили куки
[02.08.2020 19:23:09, поток 0] Получили куки...
[02.08.2020 19:23:09, поток 0] Начинаем работу...
[02.08.2020 19:23:09, поток 0] Не удалось загрузить фото на сервер Instagram!
[02.08.2020 19:23:10, поток 0] Не удалось загрузить фото на сервер Instagram!
[02.08.2020 19:23:10, поток 0] Парсим куки...
[02.08.2020 19:23:10, поток 0] Спарсили куки
[02.08.2020 19:23:10, поток 0] Получили куки...
[02.08.2020 19:23:10, поток 0] Начинаем работу...
[02.08.2020 19:23:11, поток 0] Не удалось загрузить фото на сервер Instagram!
[02.08.2020 19:23:12, поток 0] Не удалось загрузить фото на сервер Instagram!
[02.08.2020 19:23:12, поток 0] Парсим куки...
[02.08.2020 19:23:12, поток 0] Спарсили куки
[02.08.2020 19:23:12, поток 0] Получили куки...
[02.08.2020 19:23:12, поток 0] Начинаем работу...
[02.08.2020 19:23:13, поток 0] Не удалось загрузить фото на сервер Instagram!
[02.08.2020 19:23:14, поток 0] Не удалось загрузить фото на сервер Instagram!
[02.08.2020 19:23:14, поток 0] Парсим куки...
[02.08.2020 19:23:14, поток 0] Спарсили куки
[02.08.2020 19:23:14, поток 0] Получили куки...
[02.08.2020 19:23:14, поток 0] Начинаем работу...
[02.08.2020 19:23:15, поток 0] Не удалось загрузить фото на сервер Instagram!
[02.08.2020 19:23:15, поток 0] Не удалось загрузить фото на сервер Instagram!
[02.08.2020 19:23:15, поток 0] Парсим куки...
[02.08.2020 19:23:16, поток 0] Спарсили куки
[02.08.2020 19:23:16, поток 0] Получили куки...
[02.08.2020 19:23:16, поток 0] Начинаем работу...
[02.08.2020 19:23:17, поток 0] Не удалось загрузить фото на сервер Instagram!
[02.08.2020 19:23:17, поток 0] Не удалось загрузить фото на сервер Instagram!
[02.08.2020 19:23:17, поток 0] Парсим куки...
[02.08.2020 19:23:18, поток 0] Спарсили куки
[02.08.2020 19:23:18, поток 0] Получили куки...
[02.08.2020 19:23:18, поток 0] Начинаем работу...
[02.08.2020 19:23:18, поток 0] Не удалось загрузить фото на сервер Instagram!
[02.08.2020 19:23:19, поток 0] Не удалось загрузить фото на сервер Instagram!
[02.08.2020 19:23:19, поток 0] Парсим куки...
[02.08.2020 19:23:19, поток 0] Спарсили куки
[02.08.2020 19:23:19, поток 0] Получили куки...
[02.08.2020 19:23:19, поток 0] Начинаем работу...
[02.08.2020 19:23:20, поток 0] Не удалось загрузить фото на сервер Instagram!
[02.08.2020 19:23:21, поток 0] Не удалось загрузить фото на сервер Instagram!
[02.08.2020 19:23:21, поток 0] Парсим куки...
[02.08.2020 19:23:21, поток 0] Спарсили куки
[02.08.2020 19:23:21, поток 0] Получили куки...
[02.08.2020 19:23:21, поток 0] Начинаем работу...
[02.08.2020 19:23:22, поток 0] Не удалось загрузить фото на сервер Instagram!
[02.08.2020 19:23:22, поток 0] Не удалось загрузить фото на сервер Instagram!
[02.08.2020 19:23:22, поток 0] Парсим куки...
[02.08.2020 19:23:23, поток 0] Спарсили куки
[02.08.2020 19:23:23, поток 0] Получили куки...
[02.08.2020 19:23:23, поток 0] Начинаем работу...
[02.08.2020 19:23:24, поток 0] Не удалось загрузить фото на сервер Instagram!
[02.08.2020 19:23:24, поток 0] Не удалось загрузить фото на сервер Instagram!
[02.08.2020 19:23:24, поток 0] Парсим куки...
[02.08.2020 19:23:24, поток 0] Спарсили куки
[02.08.2020 19:23:24, поток 0] Получили куки...
[02.08.2020 19:23:24, поток 0] Начинаем работу...
[02.08.2020 19:23:25, поток 0] Не удалось загрузить фото на сервер Instagram!
[02.08.2020 19:23:25, поток 0] Не удалось загрузить фото на сервер Instagram!
[02.08.2020 19:23:25, поток 0] Парсим куки...
[02.08.2020 19:23:26, поток 0] Спарсили куки
[02.08.2020 19:23:26, поток 0] Получили куки...
[02.08.2020 19:23:26, поток 0] Начинаем работу...
[02.08.2020 19:23:27, поток 0] Не удалось загрузить фото на сервер Instagram!
[02.08.2020 19:23:27, поток 0] Не удалось загрузить фото на сервер Instagram!
[02.08.2020 19:23:27, поток 0] Парсим куки...
[02.08.2020 19:23:28, поток 0] Спарсили куки
[02.08.2020 19:23:28, поток 0] Получили куки...
[02.08.2020 19:23:28, поток 0] Начинаем работу...
[02.08.2020 19:23:28, поток 0] (Ошибка) Текст ошибки: System.ArgumentOutOfRangeException: Значение StartIndex не может быть меньше нуля.
Имя параметра: startIndex
   в System.String.Remove(Int32 startIndex)
   в InstaDirectMessage_ButDev.InstagramPhotoWebPosting.PostPhoto(String cookie) в D:\MaXiMAA\MaXiMAAOld\C#Готово\KWORK\InstaDirectMessage_ButDev\InstaDirectMessage_ButDev\InstagramPhotoWebPosting.cs:строка 274
[02.08.2020 19:24:29, поток 0] Не удалось загрузить фото на сервер Instagram!
[02.08.2020 19:24:29, поток 0] Парсим куки...
[02.08.2020 19:24:29, поток 0] Спарсили куки
[02.08.2020 19:24:29, поток 0] Получили куки...
[02.08.2020 19:24:29, поток 0] Начинаем работу...
[02.08.2020 19:24:30, поток 0] Не удалось загрузить фото на сервер Instagram!
[02.08.2020 19:24:30, поток 0] Не удалось загрузить фото на сервер Instagram!
[02.08.2020 19:24:30, поток 0] Парсим куки...
[02.08.2020 19:24:31, поток 0] Спарсили куки
[02.08.2020 19:24:31, поток 0] Получили куки...
[02.08.2020 19:24:31, поток 0] Начинаем работу...
[02.08.2020 19:24:31, поток 0] Не удалось загрузить фото на сервер Instagram!
[02.08.2020 19:24:32, поток 0] Не удалось загрузить фото на сервер Instagram!
[02.08.2020 19:24:32, поток 0] Парсим куки...
[02.08.2020 19:24:32, поток 0] Спарсили куки
[02.08.2020 19:24:32, поток 0] Получили куки...
[02.08.2020 19:24:32, поток 0] Начинаем работу...
[02.08.2020 19:24:33, поток 0] Не удалось загрузить фото на сервер Instagram!
[02.08.2020 19:24:34, поток 0] Не удалось загрузить фото на сервер Instagram!
[02.08.2020 19:24:34, поток 0] Парсим куки...
[02.08.2020 19:24:34, поток 0] Спарсили куки
[02.08.2020 19:24:34, поток 0] Получили куки...
[02.08.2020 19:24:34, поток 0] Начинаем работу...
[02.08.2020 19:24:35, поток 0] Не удалось загрузить фото на сервер Instagram!
[02.08.2020 19:24:35, поток 0] Не удалось загрузить фото на сервер Instagram!
[02.08.2020 19:24:35, поток 0] Парсим куки...
[02.08.2020 19:24:36, поток 0] Спарсили куки
[02.08.2020 19:24:36, поток 0] Получили куки...
[02.08.2020 19:24:36, поток 0] Начинаем работу...
[02.08.2020 19:24:37, поток 0] Не удалось загрузить фото на сервер Instagram!
[02.08.2020 19:24:37, поток 0] Не удалось загрузить фото на сервер Instagram!
[02.08.2020 19:24:37, поток 0] Парсим куки...
[02.08.2020 19:24:38, поток 0] Спарсили куки
[02.08.2020 19:24:38, поток 0] Получили куки...
[02.08.2020 19:24:38, поток 0] Начинаем работу...
[02.08.2020 19:24:39, поток 0] Не удалось загрузить фото на сервер Instagram!
[02.08.2020 19:24:39, поток 0] Не удалось загрузить фото на сервер Instagram!
[02.08.2020 19:24:39, поток 0] Парсим куки...
[02.08.2020 19:24:40, поток 0] Спарсили куки
[02.08.2020 19:24:40, поток 0] Получили куки...
[02.08.2020 19:24:40, поток 0] Начинаем работу...
[02.08.2020 19:24:40, поток 0] Не удалось загрузить фото на сервер Instagram!
[02.08.2020 19:24:41, поток 0] Не удалось загрузить фото на сервер Instagram!
[02.08.2020 19:24:41, поток 0] Парсим куки...
[02.08.2020 19:24:41, поток 0] Спарсили куки
[02.08.2020 19:24:41, поток 0] Получили куки...
[02.08.2020 19:24:41, поток 0] Начинаем работу...
[02.08.2020 19:24:42, поток 0] Не удалось загрузить фото на сервер Instagram!
[02.08.2020 19:24:43, поток 0] Не удалось загрузить фото на сервер Instagram!
[02.08.2020 19:24:43, поток 0] Парсим куки...
[02.08.2020 19:24:43, поток 0] Спарсили куки
[02.08.2020 19:24:43, поток 0] Получили куки...
[02.08.2020 19:24:43, поток 0] Начинаем работу...
[02.08.2020 19:24:44, поток 0] Не удалось загрузить фото на сервер Instagram!
[02.08.2020 19:24:45, поток 0] Не удалось загрузить фото на сервер Instagram!
[02.08.2020 19:24:45, поток 0] Парсим куки...
[02.08.2020 19:24:45, поток 0] Спарсили куки
[02.08.2020 19:24:45, поток 0] Получили куки...
[02.08.2020 19:24:45, поток 0] Начинаем работу...
[02.08.2020 19:24:46, поток 0] Не удалось загрузить фото на сервер Instagram!
[02.08.2020 19:24:47, поток 0] Не удалось загрузить фото на сервер Instagram!
[02.08.2020 19:24:47, поток 0] Парсим куки...
[02.08.2020 19:24:47, поток 0] Спарсили куки
[02.08.2020 19:24:47, поток 0] Получили куки...
[02.08.2020 19:24:47, поток 0] Начинаем работу...
[02.08.2020 19:24:48, поток 0] Не удалось загрузить фото на сервер Instagram!
[02.08.2020 19:24:48, поток 0] Не удалось загрузить фото на сервер Instagram!
[02.08.2020 19:24:48, поток 0] Парсим куки...
[02.08.2020 19:24:49, поток 0] Спарсили куки
[02.08.2020 19:24:49, поток 0] Получили куки...
[02.08.2020 19:24:49, поток 0] Начинаем работу...
[02.08.2020 19:24:50, поток 0] Не удалось загрузить фото на сервер Instagram!
[02.08.2020 19:24:50, поток 0] Не удалось загрузить фото на сервер Instagram!
[02.08.2020 19:24:50, поток 0] Парсим куки...
[02.08.2020 19:24:51, поток 0] Спарсили куки
[02.08.2020 19:24:51, поток 0] Получили куки...
[02.08.2020 19:24:51, поток 0] Начинаем работу...
[02.08.2020 19:24:52, поток 0] Не удалось загрузить фото на сервер Instagram!
[02.08.2020 19:24:52, поток 0] Не удалось загрузить фото на сервер Instagram!
[02.08.2020 19:24:52, поток 0] Парсим куки...
[02.08.2020 19:24:53, поток 0] Спарсили куки
[02.08.2020 19:24:53, поток 0] Получили куки...
[02.08.2020 19:24:53, поток 0] Начинаем работу...
[02.08.2020 19:24:54, поток 0] Не удалось загрузить фото на сервер Instagram!
[02.08.2020 19:24:54, поток 0] Не удалось загрузить фото на сервер Instagram!
[02.08.2020 19:24:54, поток 0] Парсим куки...
[02.08.2020 19:24:54, поток 0] Спарсили куки
[02.08.2020 19:24:54, поток 0] Получили куки...
[02.08.2020 19:24:54, поток 0] Начинаем работу...
[02.08.2020 19:24:55, поток 0] Не удалось загрузить фото на сервер Instagram!
[02.08.2020 19:24:56, поток 0] Не удалось загрузить фото на сервер Instagram!
[02.08.2020 19:24:56, поток 0] Парсим куки...
[02.08.2020 19:24:56, поток 0] Спарсили куки
[02.08.2020 19:24:56, поток 0] Получили куки...
[02.08.2020 19:24:56, поток 0] Начинаем работу...
[02.08.2020 19:24:57, поток 0] Не удалось загрузить фото на сервер Instagram!
[02.08.2020 19:24:58, поток 0] Не удалось загрузить фото на сервер Instagram!
[02.08.2020 19:24:58, поток 0] Парсим куки...
[02.08.2020 19:24:58, поток 0] Спарсили куки
[02.08.2020 19:24:58, поток 0] Получили куки...
[02.08.2020 19:24:58, поток 0] Начинаем работу...
[02.08.2020 19:24:59, поток 0] Не удалось загрузить фото на сервер Instagram!
[02.08.2020 19:24:59, поток 0] Не удалось загрузить фото на сервер Instagram!
[02.08.2020 19:24:59, поток 0] Парсим куки...
[02.08.2020 19:24:59, поток 0] Спарсили куки
[02.08.2020 19:24:59, поток 0] Получили куки...
[02.08.2020 19:24:59, поток 0] Начинаем работу...
[02.08.2020 19:25:00, поток 0] Не удалось загрузить фото на сервер Instagram!
[02.08.2020 19:25:01, поток 0] Не удалось загрузить фото на сервер Instagram!
[02.08.2020 19:25:01, поток 0] Парсим куки...
[02.08.2020 19:25:01, поток 0] Спарсили куки
[02.08.2020 19:25:01, поток 0] Получили куки...
[02.08.2020 19:25:01, поток 0] Начинаем работу...
[02.08.2020 19:25:02, поток 0] Не удалось загрузить фото на сервер Instagram!
[02.08.2020 19:25:03, поток 0] Не удалось загрузить фото на сервер Instagram!
[02.08.2020 19:25:03, поток 0] Парсим куки...
[02.08.2020 19:25:03, поток 0] Спарсили куки
[02.08.2020 19:25:03, поток 0] Получили куки...
[02.08.2020 19:25:03, поток 0] Начинаем работу...
[02.08.2020 19:25:04, поток 0] Не удалось загрузить фото на сервер Instagram!
[02.08.2020 19:25:05, поток 0] Не удалось загрузить фото на сервер Instagram!
[02.08.2020 19:25:05, поток 0] Парсим куки...
[02.08.2020 19:25:05, поток 0] Спарсили куки
[02.08.2020 19:25:05, поток 0] Получили куки...
[02.08.2020 19:25:05, поток 0] Начинаем работу...
[02.08.2020 19:25:06, поток 0] Не удалось загрузить фото на сервер Instagram!
[02.08.2020 19:25:06, поток 0] Не удалось загрузить фото на сервер Instagram!
[02.08.2020 19:25:06, поток 0] Парсим куки...
[02.08.2020 19:25:07, поток 0] Спарсили куки
[02.08.2020 19:25:07, поток 0] Получили куки...
[02.08.2020 19:25:07, поток 0] Начинаем работу...
[02.08.2020 19:25:07, поток 0] Не удалось загрузить фото на сервер Instagram!
[02.08.2020 19:25:08, поток 0] Не удалось загрузить фото на сервер Instagram!
[02.08.2020 19:25:08, поток 0] Парсим куки...
[02.08.2020 19:25:08, поток 0] Спарсили куки
[02.08.2020 19:25:08, поток 0] Получили куки...
[02.08.2020 19:25:08, поток 0] Начинаем работу...
[02.08.2020 19:25:09, поток 0] Не удалось загрузить фото на сервер Instagram!
[02.08.2020 19:25:10, поток 0] Не удалось загрузить фото на сервер Instagram!
[02.08.2020 19:25:10, поток 0] Парсим куки...
[02.08.2020 19:25:10, поток 0] Спарсили куки
[02.08.2020 19:25:10, поток 0] Получили куки...
[02.08.2020 19:25:10, поток 0] Начинаем работу...
[02.08.2020 19:25:11, поток 0] Не удалось загрузить фото на сервер Instagram!
[02.08.2020 19:25:11, поток 0] Не удалось загрузить фото на сервер Instagram!
[02.08.2020 19:25:11, поток 0] Парсим куки...
[02.08.2020 19:25:12, поток 0] Спарсили куки
[02.08.2020 19:25:12, поток 0] Получили куки...
[02.08.2020 19:25:12, поток 0] Начинаем работу...
[02.08.2020 19:25:13, поток 0] Не удалось загрузить фото на сервер Instagram!
[02.08.2020 19:25:13, поток 0] Не удалось загрузить фото на сервер Instagram!
[02.08.2020 19:25:13, поток 0] Парсим куки...
[02.08.2020 19:25:13, поток 0] Спарсили куки
[02.08.2020 19:25:13, поток 0] Получили куки...
[02.08.2020 19:25:13, поток 0] Начинаем работу...
[02.08.2020 19:25:14, поток 0] Не удалось загрузить фото на сервер Instagram!
[02.08.2020 19:25:15, поток 0] Не удалось загрузить фото на сервер Instagram!
[02.08.2020 19:25:15, поток 0] Парсим куки...
[02.08.2020 19:25:15, поток 0] Спарсили куки
[02.08.2020 19:25:15, поток 0] Получили куки...
[02.08.2020 19:25:15, поток 0] Начинаем работу...
[02.08.2020 19:25:16, поток 0] Не удалось загрузить фото на сервер Instagram!
[02.08.2020 19:25:17, поток 0] Не удалось загрузить фото на сервер Instagram!
[02.08.2020 19:25:17, поток 0] Парсим куки...
[02.08.2020 19:25:17, поток 0] Спарсили куки
[02.08.2020 19:25:17, поток 0] Получили куки...
[02.08.2020 19:25:17, поток 0] Начинаем работу...
[02.08.2020 19:25:18, поток 0] Не удалось загрузить фото на сервер Instagram!
[02.08.2020 19:25:19, поток 0] Не удалось загрузить фото на сервер Instagram!
[02.08.2020 19:25:19, поток 0] Парсим куки...
[02.08.2020 19:25:19, поток 0] Спарсили куки
[02.08.2020 19:25:19, поток 0] Получили куки...
[02.08.2020 19:25:19, поток 0] Начинаем работу...
[02.08.2020 19:25:20, поток 0] Не удалось загрузить фото на сервер Instagram!
[02.08.2020 19:25:21, поток 0] Не удалось загрузить фото на сервер Instagram!
[02.08.2020 19:25:21, поток 0] Парсим куки...
[02.08.2020 19:25:21, поток 0] Спарсили куки
[02.08.2020 19:25:21, поток 0] Получили куки...
[02.08.2020 19:25:21, поток 0] Начинаем работу...
[02.08.2020 19:25:22, поток 0] Не удалось загрузить фото на сервер Instagram!
[02.08.2020 19:25:22, поток 0] Не удалось загрузить фото на сервер Instagram!
[02.08.2020 19:25:22, поток 0] Парсим куки...
[02.08.2020 19:25:23, поток 0] Спарсили куки
[02.08.2020 19:25:23, поток 0] Получили куки...
[02.08.2020 19:25:23, поток 0] Начинаем работу...
[02.08.2020 19:25:24, поток 0] Не удалось загрузить фото на сервер Instagram!
[02.08.2020 19:25:24, поток 0] Не удалось загрузить фото на сервер Instagram!
[02.08.2020 19:25:24, поток 0] Парсим куки...
[02.08.2020 19:25:24, поток 0] Спарсили куки
[02.08.2020 19:25:24, поток 0] Получили куки...
[02.08.2020 19:25:24, поток 0] Начинаем работу...
[02.08.2020 19:25:25, поток 0] Не удалось загрузить фото на сервер Instagram!
[02.08.2020 19:25:26, поток 0] Не удалось загрузить фото на сервер Instagram!
[02.08.2020 19:25:26, поток 0] Парсим куки...
[02.08.2020 19:25:26, поток 0] Спарсили куки
[02.08.2020 19:25:26, поток 0] Получили куки...
[02.08.2020 19:25:26, поток 0] Начинаем работу...
[02.08.2020 19:25:27, поток 0] Не удалось загрузить фото на сервер Instagram!
[02.08.2020 19:25:28, поток 0] Не удалось загрузить фото на сервер Instagram!
[02.08.2020 19:25:28, поток 0] Парсим куки...
[02.08.2020 19:25:28, поток 0] Спарсили куки
[02.08.2020 19:25:28, поток 0] Получили куки...
[02.08.2020 19:25:28, поток 0] Начинаем работу...
[02.08.2020 19:25:29, поток 0] Не удалось загрузить фото на сервер Instagram!
[02.08.2020 19:25:30, поток 0] Не удалось загрузить фото на сервер Instagram!
[02.08.2020 19:25:30, поток 0] Парсим куки...
[02.08.2020 19:25:30, поток 0] Спарсили куки
[02.08.2020 19:25:30, поток 0] Получили куки...
[02.08.2020 19:25:30, поток 0] Начинаем работу...
[02.08.2020 19:25:31, поток 0] Не удалось загрузить фото на сервер Instagram!
[02.08.2020 19:25:31, поток 0] Не удалось загрузить фото на сервер Instagram!
[02.08.2020 19:25:31, поток 0] Парсим куки...
[02.08.2020 19:25:32, поток 0] Спарсили куки
[02.08.2020 19:25:32, поток 0] Получили куки...
[02.08.2020 19:25:32, поток 0] Начинаем работу...
[02.08.2020 19:25:33, поток 0] Не удалось загрузить фото на сервер Instagram!
[02.08.2020 19:25:33, поток 0] Не удалось загрузить фото на сервер Instagram!
[02.08.2020 19:25:33, поток 0] Парсим куки...
[02.08.2020 19:25:34, поток 0] Спарсили куки
[02.08.2020 19:25:34, поток 0] Получили куки...
[02.08.2020 19:25:34, поток 0] Начинаем работу...
[02.08.2020 19:25:35, поток 0] Не удалось загрузить фото на сервер Instagram!
[02.08.2020 19:25:35, поток 0] Не удалось загрузить фото на сервер Instagram!
[02.08.2020 19:25:35, поток 0] Парсим куки...
[02.08.2020 19:25:35, поток 0] Спарсили куки
[02.08.2020 19:25:35, поток 0] Получили куки...
[02.08.2020 19:25:35, поток 0] Начинаем работу...
[02.08.2020 19:25:36, поток 0] Не удалось загрузить фото на сервер Instagram!
[02.08.2020 19:25:36, поток 0] Не удалось загрузить фото на сервер Instagram!
[02.08.2020 19:25:36, поток 0] Парсим куки...
[02.08.2020 19:25:37, поток 0] Спарсили куки
[02.08.2020 19:25:37, поток 0] Получили куки...
[02.08.2020 19:25:37, поток 0] Начинаем работу...
[02.08.2020 19:25:38, поток 0] Не удалось загрузить фото на сервер Instagram!
[02.08.2020 19:25:38, поток 0] (Ошибка) Текст ошибки: System.ArgumentOutOfRangeException: Значение StartIndex не может быть меньше нуля.
Имя параметра: startIndex
   в System.String.Remove(Int32 startIndex)
   в InstaDirectMessage_ButDev.InstagramPhotoWebPosting.PostPhoto(String cookie) в D:\MaXiMAA\MaXiMAAOld\C#Готово\KWORK\InstaDirectMessage_ButDev\InstaDirectMessage_ButDev\InstagramPhotoWebPosting.cs:строка 274
[02.08.2020 19:26:38, поток 0] Парсим куки...
[02.08.2020 19:26:38, поток 0] Спарсили куки
[02.08.2020 19:26:38, поток 0] Получили куки...
[02.08.2020 19:26:38, поток 0] Начинаем работу...
[02.08.2020 19:26:39, поток 0] Не удалось загрузить фото на сервер Instagram!
[02.08.2020 19:26:40, поток 0] Не удалось загрузить фото на сервер Instagram!
[02.08.2020 19:26:40, поток 0] Парсим куки...
[02.08.2020 19:26:40, поток 0] Спарсили куки
[02.08.2020 19:26:40, поток 0] Получили куки...
[02.08.2020 19:26:40, поток 0] Начинаем работу...
[02.08.2020 19:26:41, поток 0] Не удалось загрузить фото на сервер Instagram!
[02.08.2020 19:26:41, поток 0] Не удалось загрузить фото на сервер Instagram!
[02.08.2020 19:26:41, поток 0] Парсим куки...
[02.08.2020 19:26:42, поток 0] Спарсили куки
[02.08.2020 19:26:42, поток 0] Получили куки...
[02.08.2020 19:26:42, поток 0] Начинаем работу...
[02.08.2020 19:26:43, поток 0] Не удалось загрузить фото на сервер Instagram!
[02.08.2020 19:26:43, поток 0] Не удалось загрузить фото на сервер Instagram!
[02.08.2020 19:26:43, поток 0] Парсим куки...
[02.08.2020 19:26:44, поток 0] Спарсили куки
[02.08.2020 19:26:44, поток 0] Получили куки...
[02.08.2020 19:26:44, поток 0] Начинаем работу...
[02.08.2020 19:26:44, поток 0] Не удалось загрузить фото на сервер Instagram!
[02.08.2020 19:26:45, поток 0] Не удалось загрузить фото на сервер Instagram!
[02.08.2020 19:26:45, поток 0] Парсим куки...
[02.08.2020 19:26:45, поток 0] Спарсили куки
[02.08.2020 19:26:45, поток 0] Получили куки...
[02.08.2020 19:26:45, поток 0] Начинаем работу...
[02.08.2020 19:26:46, поток 0] Не удалось загрузить фото на сервер Instagram!
[02.08.2020 19:26:47, поток 0] Не удалось загрузить фото на сервер Instagram!
[02.08.2020 19:26:47, поток 0] Парсим куки...
[02.08.2020 19:26:47, поток 0] Спарсили куки
[02.08.2020 19:26:47, поток 0] Получили куки...
[02.08.2020 19:26:47, поток 0] Начинаем работу...
[02.08.2020 19:26:47, поток 0] (Ошибка) Текст ошибки: System.ArgumentOutOfRangeException: Значение StartIndex не может быть меньше нуля.
Имя параметра: startIndex
   в System.String.Remove(Int32 startIndex)
   в InstaDirectMessage_ButDev.InstagramPhotoWebPosting.PostPhoto(String cookie) в D:\MaXiMAA\MaXiMAAOld\C#Готово\KWORK\InstaDirectMessage_ButDev\InstaDirectMessage_ButDev\InstagramPhotoWebPosting.cs:строка 274
[02.08.2020 19:27:48, поток 0] Не удалось загрузить фото на сервер Instagram!
[02.08.2020 19:27:48, поток 0] Парсим куки...
[02.08.2020 19:27:48, поток 0] Спарсили куки
[02.08.2020 19:27:48, поток 0] Получили куки...
[02.08.2020 19:27:48, поток 0] Начинаем работу...
[02.08.2020 19:27:49, поток 0] Не удалось загрузить фото на сервер Instagram!
[02.08.2020 19:27:50, поток 0] Не удалось загрузить фото на сервер Instagram!
[02.08.2020 19:27:50, поток 0] Парсим куки...
[02.08.2020 19:27:51, поток 0] Спарсили куки
[02.08.2020 19:27:51, поток 0] Получили куки...
[02.08.2020 19:27:51, поток 0] Начинаем работу...
[02.08.2020 19:27:52, поток 0] Не удалось загрузить фото на сервер Instagram!
[02.08.2020 19:27:52, поток 0] Не удалось загрузить фото на сервер Instagram!
[02.08.2020 19:27:52, поток 0] Парсим куки...
[02.08.2020 19:27:52, поток 0] Спарсили куки
[02.08.2020 19:27:52, поток 0] Получили куки...
[02.08.2020 19:27:52, поток 0] Начинаем работу...
[02.08.2020 19:27:53, поток 0] Не удалось загрузить фото на сервер Instagram!
[02.08.2020 19:27:54, поток 0] Не удалось загрузить фото на сервер Instagram!
[02.08.2020 19:27:54, поток 0] Парсим куки...
[02.08.2020 19:27:54, поток 0] Спарсили куки
[02.08.2020 19:27:54, поток 0] Получили куки...
[02.08.2020 19:27:54, поток 0] Начинаем работу...
[02.08.2020 19:27:55, поток 0] Не удалось загрузить фото на сервер Instagram!
[02.08.2020 19:27:56, поток 0] Не удалось загрузить фото на сервер Instagram!
[02.08.2020 19:27:56, поток 0] Парсим куки...
[02.08.2020 19:27:56, поток 0] Спарсили куки
[02.08.2020 19:27:56, поток 0] Получили куки...
[02.08.2020 19:27:56, поток 0] Начинаем работу...
[02.08.2020 19:27:57, поток 0] Не удалось загрузить фото на сервер Instagram!
[02.08.2020 19:27:58, поток 0] Не удалось загрузить фото на сервер Instagram!
[02.08.2020 19:27:58, поток 0] Парсим куки...
[02.08.2020 19:27:58, поток 0] Спарсили куки
[02.08.2020 19:27:58, поток 0] Получили куки...
[02.08.2020 19:27:58, поток 0] Начинаем работу...
[02.08.2020 19:27:59, поток 0] Не удалось загрузить фото на сервер Instagram!
[02.08.2020 19:28:00, поток 0] Не удалось загрузить фото на сервер Instagram!
[02.08.2020 19:28:00, поток 0] Парсим куки...
[02.08.2020 19:28:00, поток 0] Спарсили куки
[02.08.2020 19:28:00, поток 0] Получили куки...
[02.08.2020 19:28:00, поток 0] Начинаем работу...
[02.08.2020 19:28:01, поток 0] Не удалось загрузить фото на сервер Instagram!
[02.08.2020 19:28:01, поток 0] Не удалось загрузить фото на сервер Instagram!
[02.08.2020 19:28:01, поток 0] Парсим куки...
[02.08.2020 19:28:02, поток 0] Спарсили куки
[02.08.2020 19:28:02, поток 0] Получили куки...
[02.08.2020 19:28:02, поток 0] Начинаем работу...
[02.08.2020 19:28:03, поток 0] Не удалось загрузить фото на сервер Instagram!
[02.08.2020 19:28:03, поток 0] Не удалось загрузить фото на сервер Instagram!
[02.08.2020 19:28:03, поток 0] Парсим куки...
[02.08.2020 19:28:04, поток 0] Спарсили куки
[02.08.2020 19:28:04, поток 0] Получили куки...
[02.08.2020 19:28:04, поток 0] Начинаем работу...
[02.08.2020 19:28:05, поток 0] Не удалось загрузить фото на сервер Instagram!
[02.08.2020 19:28:05, поток 0] Не удалось загрузить фото на сервер Instagram!
[02.08.2020 19:28:05, поток 0] Парсим куки...
[02.08.2020 19:28:06, поток 0] Спарсили куки
[02.08.2020 19:28:06, поток 0] Получили куки...
[02.08.2020 19:28:06, поток 0] Начинаем работу...
[02.08.2020 19:28:07, поток 0] Не удалось загрузить фото на сервер Instagram!
[02.08.2020 19:28:07, поток 0] Не удалось загрузить фото на сервер Instagram!
[02.08.2020 19:28:07, поток 0] Парсим куки...
[02.08.2020 19:28:08, поток 0] Спарсили куки
[02.08.2020 19:28:08, поток 0] Получили куки...
[02.08.2020 19:28:08, поток 0] Начинаем работу...
[02.08.2020 19:28:09, поток 0] Не удалось загрузить фото на сервер Instagram!
[02.08.2020 19:28:09, поток 0] Не удалось загрузить фото на сервер Instagram!
[02.08.2020 19:28:09, поток 0] Парсим куки...
[02.08.2020 19:28:09, поток 0] Спарсили куки
[02.08.2020 19:28:09, поток 0] Получили куки...
[02.08.2020 19:28:09, поток 0] Начинаем работу...
[02.08.2020 19:28:10, поток 0] Не удалось загрузить фото на сервер Instagram!
[02.08.2020 19:28:11, поток 0] Не удалось загрузить фото на сервер Instagram!
[02.08.2020 19:28:11, поток 0] Парсим куки...
[02.08.2020 19:28:11, поток 0] Спарсили куки
[02.08.2020 19:28:11, поток 0] Получили куки...
[02.08.2020 19:28:11, поток 0] Начинаем работу...
[02.08.2020 19:28:12, поток 0] Не удалось загрузить фото на сервер Instagram!
[02.08.2020 19:28:13, поток 0] Не удалось загрузить фото на сервер Instagram!
[02.08.2020 19:28:13, поток 0] Парсим куки...
[02.08.2020 19:28:13, поток 0] Спарсили куки
[02.08.2020 19:28:13, поток 0] Получили куки...
[02.08.2020 19:28:13, поток 0] Начинаем работу...
[02.08.2020 19:28:14, поток 0] Не удалось загрузить фото на сервер Instagram!
[02.08.2020 19:28:14, поток 0] Не удалось загрузить фото на сервер Instagram!
[02.08.2020 19:28:14, поток 0] Парсим куки...
[02.08.2020 19:28:15, поток 0] Спарсили куки
[02.08.2020 19:28:15, поток 0] Получили куки...
[02.08.2020 19:28:15, поток 0] Начинаем работу...
[02.08.2020 19:28:16, поток 0] Не удалось загрузить фото на сервер Instagram!
[02.08.2020 19:28:16, поток 0] Не удалось загрузить фото на сервер Instagram!
[02.08.2020 19:28:16, поток 0] Парсим куки...
[02.08.2020 19:28:17, поток 0] Спарсили куки
[02.08.2020 19:28:17, поток 0] Получили куки...
[02.08.2020 19:28:17, поток 0] Начинаем работу...
[02.08.2020 19:28:18, поток 0] Не удалось загрузить фото на сервер Instagram!
[02.08.2020 19:28:18, поток 0] Не удалось загрузить фото на сервер Instagram!
[02.08.2020 19:28:18, поток 0] Парсим куки...
[02.08.2020 19:28:19, поток 0] Спарсили куки
[02.08.2020 19:28:19, поток 0] Получили куки...
[02.08.2020 19:28:19, поток 0] Начинаем работу...
[02.08.2020 19:28:20, поток 0] Не удалось загрузить фото на сервер Instagram!
[02.08.2020 19:28:20, поток 0] Не удалось загрузить фото на сервер Instagram!
[02.08.2020 19:28:20, поток 0] Парсим куки...
[02.08.2020 19:28:20, поток 0] Спарсили куки
[02.08.2020 19:28:20, поток 0] Получили куки...
[02.08.2020 19:28:20, поток 0] Начинаем работу...
[02.08.2020 19:28:21, поток 0] Не удалось загрузить фото на сервер Instagram!
[02.08.2020 19:28:21, поток 0] Не удалось загрузить фото на сервер Instagram!
[02.08.2020 19:28:21, поток 0] Парсим куки...
[02.08.2020 19:28:22, поток 0] Спарсили куки
[02.08.2020 19:28:22, поток 0] Получили куки...
[02.08.2020 19:28:22, поток 0] Начинаем работу...
[02.08.2020 19:28:23, поток 0] Не удалось загрузить фото на сервер Instagram!
[02.08.2020 19:28:23, поток 0] Не удалось загрузить фото на сервер Instagram!
[02.08.2020 19:28:23, поток 0] Парсим куки...
[02.08.2020 19:28:24, поток 0] Спарсили куки
[02.08.2020 19:28:24, поток 0] Получили куки...
[02.08.2020 19:28:24, поток 0] Начинаем работу...
[02.08.2020 19:28:25, поток 0] Не удалось загрузить фото на сервер Instagram!
[02.08.2020 19:28:25, поток 0] Не удалось загрузить фото на сервер Instagram!
[02.08.2020 19:28:25, поток 0] Парсим куки...
[02.08.2020 19:28:25, поток 0] Спарсили куки
[02.08.2020 19:28:25, поток 0] Получили куки...
[02.08.2020 19:28:25, поток 0] Начинаем работу...
[02.08.2020 19:28:26, поток 0] Не удалось загрузить фото на сервер Instagram!
[02.08.2020 19:28:27, поток 0] Не удалось загрузить фото на сервер Instagram!
[02.08.2020 19:28:27, поток 0] Парсим куки...
[02.08.2020 19:28:27, поток 0] Спарсили куки
[02.08.2020 19:28:27, поток 0] Получили куки...
[02.08.2020 19:28:27, поток 0] Начинаем работу...
[02.08.2020 19:28:28, поток 0] Не удалось загрузить фото на сервер Instagram!
[02.08.2020 19:28:28, поток 0] Не удалось загрузить фото на сервер Instagram!
[02.08.2020 19:28:28, поток 0] Парсим куки...
[02.08.2020 19:28:29, поток 0] Спарсили куки
[02.08.2020 19:28:29, поток 0] Получили куки...
[02.08.2020 19:28:29, поток 0] Начинаем работу...
[02.08.2020 19:28:30, поток 0] Не удалось загрузить фото на сервер Instagram!
[02.08.2020 19:28:30, поток 0] Не удалось загрузить фото на сервер Instagram!
[02.08.2020 19:28:30, поток 0] Парсим куки...
[02.08.2020 19:28:31, поток 0] Спарсили куки
[02.08.2020 19:28:31, поток 0] Получили куки...
[02.08.2020 19:28:31, поток 0] Начинаем работу...
[02.08.2020 19:28:32, поток 0] Не удалось загрузить фото на сервер Instagram!
[02.08.2020 19:28:32, поток 0] Не удалось загрузить фото на сервер Instagram!
[02.08.2020 19:28:32, поток 0] Парсим куки...
[02.08.2020 19:28:33, поток 0] Спарсили куки
[02.08.2020 19:28:33, поток 0] Получили куки...
[02.08.2020 19:28:33, поток 0] Начинаем работу...
[02.08.2020 19:28:34, поток 0] Не удалось загрузить фото на сервер Instagram!
[02.08.2020 19:28:34, поток 0] Не удалось загрузить фото на сервер Instagram!
[02.08.2020 19:28:34, поток 0] Парсим куки...
[02.08.2020 19:28:35, поток 0] Спарсили куки
[02.08.2020 19:28:35, поток 0] Получили куки...
[02.08.2020 19:28:35, поток 0] Начинаем работу...
[02.08.2020 19:28:35, поток 0] Не удалось загрузить фото на сервер Instagram!
[02.08.2020 19:28:36, поток 0] Не удалось загрузить фото на сервер Instagram!
[02.08.2020 19:28:36, поток 0] Парсим куки...
[02.08.2020 19:28:36, поток 0] Спарсили куки
[02.08.2020 19:28:36, поток 0] Получили куки...
[02.08.2020 19:28:36, поток 0] Начинаем работу...
[02.08.2020 19:28:37, поток 0] Не удалось загрузить фото на сервер Instagram!
[02.08.2020 19:28:37, поток 0] Не удалось загрузить фото на сервер Instagram!
[02.08.2020 19:28:37, поток 0] Парсим куки...
[02.08.2020 19:28:38, поток 0] Спарсили куки
[02.08.2020 19:28:38, поток 0] Получили куки...
[02.08.2020 19:28:38, поток 0] Начинаем работу...
[02.08.2020 19:28:38, поток 0] Не удалось загрузить фото на сервер Instagram!
[02.08.2020 19:28:38, поток 0] Не удалось загрузить фото на сервер Instagram!
[02.08.2020 19:28:38, поток 0] Парсим куки...
[02.08.2020 19:28:39, поток 0] Спарсили куки
[02.08.2020 19:28:39, поток 0] Получили куки...
[02.08.2020 19:28:39, поток 0] Начинаем работу...
[02.08.2020 19:28:40, поток 0] Не удалось загрузить фото на сервер Instagram!
[02.08.2020 19:28:40, поток 0] Не удалось загрузить фото на сервер Instagram!
[02.08.2020 19:28:40, поток 0] Парсим куки...
[02.08.2020 19:28:41, поток 0] Спарсили куки
[02.08.2020 19:28:41, поток 0] Получили куки...
[02.08.2020 19:28:41, поток 0] Начинаем работу...
[02.08.2020 19:28:43, поток 0] Не удалось загрузить фото на сервер Instagram!
[02.08.2020 19:28:44, поток 0] Не удалось загрузить фото на сервер Instagram!
[02.08.2020 19:28:44, поток 0] Парсим куки...
[02.08.2020 19:28:44, поток 0] Спарсили куки
[02.08.2020 19:28:44, поток 0] Получили куки...
[02.08.2020 19:28:44, поток 0] Начинаем работу...
[02.08.2020 19:28:45, поток 0] Не удалось загрузить фото на сервер Instagram!
[02.08.2020 19:28:46, поток 0] Не удалось загрузить фото на сервер Instagram!
[02.08.2020 19:28:46, поток 0] Парсим куки...
[02.08.2020 19:28:46, поток 0] Спарсили куки
[02.08.2020 19:28:46, поток 0] Получили куки...
[02.08.2020 19:28:46, поток 0] Начинаем работу...
[02.08.2020 19:28:47, поток 0] Не удалось загрузить фото на сервер Instagram!
[02.08.2020 19:28:47, поток 0] Не удалось загрузить фото на сервер Instagram!
[02.08.2020 19:28:47, поток 0] Парсим куки...
[02.08.2020 19:28:48, поток 0] Спарсили куки
[02.08.2020 19:28:48, поток 0] Получили куки...
[02.08.2020 19:28:48, поток 0] Начинаем работу...
[02.08.2020 19:28:49, поток 0] Не удалось загрузить фото на сервер Instagram!
[02.08.2020 19:28:49, поток 0] Не удалось загрузить фото на сервер Instagram!
[02.08.2020 19:28:49, поток 0] Парсим куки...
[02.08.2020 19:28:50, поток 0] Спарсили куки
[02.08.2020 19:28:50, поток 0] Получили куки...
[02.08.2020 19:28:50, поток 0] Начинаем работу...
[02.08.2020 19:28:51, поток 0] Не удалось загрузить фото на сервер Instagram!
[02.08.2020 19:28:51, поток 0] Не удалось загрузить фото на сервер Instagram!
[02.08.2020 19:28:51, поток 0] Парсим куки...
[02.08.2020 19:28:51, поток 0] Спарсили куки
[02.08.2020 19:28:51, поток 0] Получили куки...
[02.08.2020 19:28:51, поток 0] Начинаем работу...
[02.08.2020 19:28:52, поток 0] Не удалось загрузить фото на сервер Instagram!
[02.08.2020 19:28:53, поток 0] Не удалось загрузить фото на сервер Instagram!
[02.08.2020 19:28:53, поток 0] Парсим куки...
[02.08.2020 19:28:53, поток 0] Спарсили куки
[02.08.2020 19:28:53, поток 0] Получили куки...
[02.08.2020 19:28:53, поток 0] Начинаем работу...
[02.08.2020 19:28:54, поток 0] Не удалось загрузить фото на сервер Instagram!
[02.08.2020 19:28:55, поток 0] Не удалось загрузить фото на сервер Instagram!
[02.08.2020 19:28:55, поток 0] Парсим куки...
[02.08.2020 19:28:55, поток 0] Спарсили куки
[02.08.2020 19:28:55, поток 0] Получили куки...
[02.08.2020 19:28:55, поток 0] Начинаем работу...
[02.08.2020 19:28:56, поток 0] Не удалось загрузить фото на сервер Instagram!
[02.08.2020 19:28:56, поток 0] Не удалось загрузить фото на сервер Instagram!
[02.08.2020 19:28:56, поток 0] Парсим куки...
[02.08.2020 19:28:57, поток 0] Спарсили куки
[02.08.2020 19:28:57, поток 0] Получили куки...
[02.08.2020 19:28:57, поток 0] Начинаем работу...
[02.08.2020 19:28:58, поток 0] Не удалось загрузить фото на сервер Instagram!
[02.08.2020 19:28:58, поток 0] Не удалось загрузить фото на сервер Instagram!
[02.08.2020 19:28:58, поток 0] Парсим куки...
[02.08.2020 19:28:58, поток 0] Спарсили куки
[02.08.2020 19:28:58, поток 0] Получили куки...
[02.08.2020 19:28:58, поток 0] Начинаем работу...
[02.08.2020 19:28:59, поток 0] Не удалось загрузить фото на сервер Instagram!
[02.08.2020 19:29:00, поток 0] Не удалось загрузить фото на сервер Instagram!
[02.08.2020 19:29:00, поток 0] Парсим куки...
[02.08.2020 19:29:00, поток 0] Спарсили куки
[02.08.2020 19:29:00, поток 0] Получили куки...
[02.08.2020 19:29:00, поток 0] Начинаем работу...
[02.08.2020 19:29:01, поток 0] Не удалось загрузить фото на сервер Instagram!
[02.08.2020 19:29:02, поток 0] Не удалось загрузить фото на сервер Instagram!
[02.08.2020 19:29:02, поток 0] Парсим куки...
[02.08.2020 19:29:02, поток 0] Спарсили куки
[02.08.2020 19:29:02, поток 0] Получили куки...
[02.08.2020 19:29:02, поток 0] Начинаем работу...
[02.08.2020 19:29:03, поток 0] Не удалось загрузить фото на сервер Instagram!
[02.08.2020 19:29:04, поток 0] Не удалось загрузить фото на сервер Instagram!
[02.08.2020 19:29:04, поток 0] Парсим куки...
[02.08.2020 19:29:04, поток 0] Спарсили куки
[02.08.2020 19:29:04, поток 0] Получили куки...
[02.08.2020 19:29:04, поток 0] Начинаем работу...
[02.08.2020 19:29:05, поток 0] Не удалось загрузить фото на сервер Instagram!
[02.08.2020 19:29:05, поток 0] Не удалось загрузить фото на сервер Instagram!
[02.08.2020 19:29:05, поток 0] Парсим куки...
[02.08.2020 19:29:06, поток 0] Спарсили куки
[02.08.2020 19:29:06, поток 0] Получили куки...
[02.08.2020 19:29:06, поток 0] Начинаем работу...
[02.08.2020 19:29:07, поток 0] Не удалось загрузить фото на сервер Instagram!
[02.08.2020 19:29:07, поток 0] Не удалось загрузить фото на сервер Instagram!
[02.08.2020 19:29:07, поток 0] Парсим куки...
[02.08.2020 19:29:08, поток 0] Спарсили куки
[02.08.2020 19:29:08, поток 0] Получили куки...
[02.08.2020 19:29:08, поток 0] Начинаем работу...
[02.08.2020 19:29:08, поток 0] Не удалось загрузить фото на сервер Instagram!
[02.08.2020 19:29:09, поток 0] Не удалось загрузить фото на сервер Instagram!
[02.08.2020 19:29:09, поток 0] Парсим куки...
[02.08.2020 19:29:09, поток 0] Спарсили куки
[02.08.2020 19:29:09, поток 0] Получили куки...
[02.08.2020 19:29:09, поток 0] Начинаем работу...
[02.08.2020 19:29:10, поток 0] Не удалось загрузить фото на сервер Instagram!
[02.08.2020 19:29:10, поток 0] Не удалось загрузить фото на сервер Instagram!
[02.08.2020 19:29:10, поток 0] Парсим куки...
[02.08.2020 19:29:11, поток 0] Спарсили куки
[02.08.2020 19:29:11, поток 0] Получили куки...
[02.08.2020 19:29:11, поток 0] Начинаем работу...
[02.08.2020 19:29:12, поток 0] Не удалось загрузить фото на сервер Instagram!
[02.08.2020 19:29:12, поток 0] Не удалось загрузить фото на сервер Instagram!
[02.08.2020 19:29:12, поток 0] Парсим куки...
[02.08.2020 19:29:13, поток 0] Спарсили куки
[02.08.2020 19:29:13, поток 0] Получили куки...
[02.08.2020 19:29:13, поток 0] Начинаем работу...
[02.08.2020 19:29:13, поток 0] Не удалось загрузить фото на сервер Instagram!
[02.08.2020 19:29:14, поток 0] Не удалось загрузить фото на сервер Instagram!
[02.08.2020 19:29:14, поток 0] Парсим куки...
[02.08.2020 19:29:14, поток 0] Спарсили куки
[02.08.2020 19:29:14, поток 0] Получили куки...
[02.08.2020 19:29:14, поток 0] Начинаем работу...
[02.08.2020 19:29:15, поток 0] Не удалось загрузить фото на сервер Instagram!
[02.08.2020 19:29:16, поток 0] Не удалось загрузить фото на сервер Instagram!
[02.08.2020 19:29:16, поток 0] Парсим куки...
[02.08.2020 19:29:16, поток 0] Спарсили куки
[02.08.2020 19:29:16, поток 0] Получили куки...
[02.08.2020 19:29:16, поток 0] Начинаем работу...
[02.08.2020 19:29:17, поток 0] Не удалось загрузить фото на сервер Instagram!
[02.08.2020 19:29:17, поток 0] Не удалось загрузить фото на сервер Instagram!
[02.08.2020 19:29:17, поток 0] Парсим куки...
[02.08.2020 19:29:18, поток 0] Спарсили куки
[02.08.2020 19:29:18, поток 0] Получили куки...
[02.08.2020 19:29:18, поток 0] Начинаем работу...
[02.08.2020 19:29:19, поток 0] Не удалось загрузить фото на сервер Instagram!
[02.08.2020 19:29:19, поток 0] Не удалось загрузить фото на сервер Instagram!
[02.08.2020 19:29:19, поток 0] Парсим куки...
[02.08.2020 19:29:20, поток 0] Спарсили куки
[02.08.2020 19:29:20, поток 0] Получили куки...
[02.08.2020 19:29:20, поток 0] Начинаем работу...
[02.08.2020 19:29:20, поток 0] Не удалось загрузить фото на сервер Instagram!
[02.08.2020 19:29:21, поток 0] Не удалось загрузить фото на сервер Instagram!
[02.08.2020 19:29:21, поток 0] Парсим куки...
[02.08.2020 19:29:21, поток 0] Спарсили куки
[02.08.2020 19:29:21, поток 0] Получили куки...
[02.08.2020 19:29:21, поток 0] Начинаем работу...
[02.08.2020 19:29:22, поток 0] Не удалось загрузить фото на сервер Instagram!
[02.08.2020 19:29:23, поток 0] Не удалось загрузить фото на сервер Instagram!
[02.08.2020 19:29:23, поток 0] Парсим куки...
[02.08.2020 19:29:23, поток 0] Спарсили куки
[02.08.2020 19:29:23, поток 0] Получили куки...
[02.08.2020 19:29:23, поток 0] Начинаем работу...
[02.08.2020 19:29:24, поток 0] Не удалось загрузить фото на сервер Instagram!
[02.08.2020 19:29:24, поток 0] Не удалось загрузить фото на сервер Instagram!
[02.08.2020 19:29:24, поток 0] Парсим куки...
[02.08.2020 19:29:25, поток 0] Спарсили куки
[02.08.2020 19:29:25, поток 0] Получили куки...
[02.08.2020 19:29:25, поток 0] Начинаем работу...
[02.08.2020 19:29:26, поток 0] Не удалось загрузить фото на сервер Instagram!
[02.08.2020 19:29:26, поток 0] Не удалось загрузить фото на сервер Instagram!
[02.08.2020 19:29:26, поток 0] Парсим куки...
[02.08.2020 19:29:27, поток 0] Спарсили куки
[02.08.2020 19:29:27, поток 0] Получили куки...
[02.08.2020 19:29:27, поток 0] Начинаем работу...
[02.08.2020 19:29:27, поток 0] Не удалось загрузить фото на сервер Instagram!
[02.08.2020 19:29:28, поток 0] Не удалось загрузить фото на сервер Instagram!
[02.08.2020 19:29:28, поток 0] Парсим куки...
[02.08.2020 19:29:28, поток 0] Спарсили куки
[02.08.2020 19:29:28, поток 0] Получили куки...
[02.08.2020 19:29:28, поток 0] Начинаем работу...
[02.08.2020 19:29:29, поток 0] Не удалось загрузить фото на сервер Instagram!
[02.08.2020 19:29:29, поток 0] Не удалось загрузить фото на сервер Instagram!
[02.08.2020 19:29:29, поток 0] Парсим куки...
[02.08.2020 19:29:30, поток 0] Спарсили куки
[02.08.2020 19:29:30, поток 0] Получили куки...
[02.08.2020 19:29:30, поток 0] Начинаем работу...
[02.08.2020 19:29:31, поток 0] Не удалось загрузить фото на сервер Instagram!
[02.08.2020 19:29:31, поток 0] Не удалось загрузить фото на сервер Instagram!
[02.08.2020 19:29:31, поток 0] Парсим куки...
[02.08.2020 19:29:32, поток 0] Спарсили куки
[02.08.2020 19:29:32, поток 0] Получили куки...
[02.08.2020 19:29:32, поток 0] Начинаем работу...
[02.08.2020 19:29:32, поток 0] Не удалось загрузить фото на сервер Instagram!
[02.08.2020 19:29:33, поток 0] Не удалось загрузить фото на сервер Instagram!
[02.08.2020 19:29:33, поток 0] Парсим куки...
[02.08.2020 19:29:33, поток 0] Спарсили куки
[02.08.2020 19:29:33, поток 0] Получили куки...
[02.08.2020 19:29:33, поток 0] Начинаем работу...
[02.08.2020 19:29:34, поток 0] Не удалось загрузить фото на сервер Instagram!
[02.08.2020 19:29:35, поток 0] Не удалось загрузить фото на сервер Instagram!
[02.08.2020 19:29:35, поток 0] Парсим куки...
[02.08.2020 19:29:35, поток 0] Спарсили куки
[02.08.2020 19:29:35, поток 0] Получили куки...
[02.08.2020 19:29:35, поток 0] Начинаем работу...
[02.08.2020 19:29:36, поток 0] Не удалось загрузить фото на сервер Instagram!
[02.08.2020 19:29:36, поток 0] Не удалось загрузить фото на сервер Instagram!
[02.08.2020 19:29:36, поток 0] Парсим куки...
[02.08.2020 19:29:37, поток 0] Спарсили куки
[02.08.2020 19:29:37, поток 0] Получили куки...
[02.08.2020 19:29:37, поток 0] Начинаем работу...
[02.08.2020 19:29:38, поток 0] Не удалось загрузить фото на сервер Instagram!
[02.08.2020 19:29:38, поток 0] Не удалось загрузить фото на сервер Instagram!
[02.08.2020 19:29:38, поток 0] Парсим куки...
[02.08.2020 19:29:38, поток 0] Спарсили куки
[02.08.2020 19:29:38, поток 0] Получили куки...
[02.08.2020 19:29:38, поток 0] Начинаем работу...
[02.08.2020 19:29:39, поток 0] Не удалось загрузить фото на сервер Instagram!
[02.08.2020 19:29:39, поток 0] Не удалось загрузить фото на сервер Instagram!
[02.08.2020 19:29:39, поток 0] Парсим куки...
[02.08.2020 19:29:40, поток 0] Спарсили куки
[02.08.2020 19:29:40, поток 0] Получили куки...
[02.08.2020 19:29:40, поток 0] Начинаем работу...
[02.08.2020 19:29:40, поток 0] Не удалось загрузить фото на сервер Instagram!
[02.08.2020 19:29:41, поток 0] Не удалось загрузить фото на сервер Instagram!
[02.08.2020 19:29:41, поток 0] Парсим куки...
[02.08.2020 19:29:41, поток 0] Спарсили куки
[02.08.2020 19:29:41, поток 0] Получили куки...
[02.08.2020 19:29:41, поток 0] Начинаем работу...
[02.08.2020 19:29:42, поток 0] Не удалось загрузить фото на сервер Instagram!
[02.08.2020 19:29:42, поток 0] Не удалось загрузить фото на сервер Instagram!
[02.08.2020 19:29:42, поток 0] Парсим куки...
[02.08.2020 19:29:43, поток 0] Спарсили куки
[02.08.2020 19:29:43, поток 0] Получили куки...
[02.08.2020 19:29:43, поток 0] Начинаем работу...
[02.08.2020 19:29:44, поток 0] Не удалось загрузить фото на сервер Instagram!
[02.08.2020 19:29:44, поток 0] Не удалось загрузить фото на сервер Instagram!
[02.08.2020 19:29:44, поток 0] Парсим куки...
[02.08.2020 19:29:44, поток 0] Спарсили куки
[02.08.2020 19:29:44, поток 0] Получили куки...
[02.08.2020 19:29:44, поток 0] Начинаем работу...
[02.08.2020 19:29:45, поток 0] Не удалось загрузить фото на сервер Instagram!
[02.08.2020 19:29:46, поток 0] Не удалось загрузить фото на сервер Instagram!
[02.08.2020 19:29:46, поток 0] Парсим куки...
[02.08.2020 19:29:46, поток 0] Спарсили куки
[02.08.2020 19:29:46, поток 0] Получили куки...
[02.08.2020 19:29:46, поток 0] Начинаем работу...
[02.08.2020 19:29:47, поток 0] Не удалось загрузить фото на сервер Instagram!
[02.08.2020 19:29:47, поток 0] Не удалось загрузить фото на сервер Instagram!
[02.08.2020 19:29:47, поток 0] Парсим куки...
[02.08.2020 19:29:48, поток 0] Спарсили куки
[02.08.2020 19:29:48, поток 0] Получили куки...
[02.08.2020 19:29:48, поток 0] Начинаем работу...
[02.08.2020 19:29:49, поток 0] Не удалось загрузить фото на сервер Instagram!
[02.08.2020 19:29:49, поток 0] Не удалось загрузить фото на сервер Instagram!
[02.08.2020 19:29:49, поток 0] Парсим куки...
[02.08.2020 19:29:49, поток 0] Спарсили куки
[02.08.2020 19:29:49, поток 0] Получили куки...
[02.08.2020 19:29:49, поток 0] Начинаем работу...
[02.08.2020 19:29:50, поток 0] Не удалось загрузить фото на сервер Instagram!
[02.08.2020 19:29:51, поток 0] Не удалось загрузить фото на сервер Instagram!
[02.08.2020 19:29:51, поток 0] Парсим куки...
[02.08.2020 19:29:52, поток 0] Спарсили куки
[02.08.2020 19:29:52, поток 0] Получили куки...
[02.08.2020 19:29:52, поток 0] Начинаем работу...
[02.08.2020 19:29:53, поток 0] Не удалось загрузить фото на сервер Instagram!
[02.08.2020 19:29:53, поток 0] Не удалось загрузить фото на сервер Instagram!
[02.08.2020 19:29:53, поток 0] Парсим куки...
[02.08.2020 19:29:53, поток 0] Спарсили куки
[02.08.2020 19:29:53, поток 0] Получили куки...
[02.08.2020 19:29:53, поток 0] Начинаем работу...
[02.08.2020 19:29:54, поток 0] Не удалось загрузить фото на сервер Instagram!
[02.08.2020 19:29:54, поток 0] Не удалось загрузить фото на сервер Instagram!
[02.08.2020 19:29:54, поток 0] Парсим куки...
[02.08.2020 19:29:55, поток 0] Спарсили куки
[02.08.2020 19:29:55, поток 0] Получили куки...
[02.08.2020 19:29:55, поток 0] Начинаем работу...
[02.08.2020 19:29:56, поток 0] Не удалось загрузить фото на сервер Instagram!
[02.08.2020 19:29:56, поток 0] Не удалось загрузить фото на сервер Instagram!
[02.08.2020 19:29:56, поток 0] Парсим куки...
[02.08.2020 19:29:57, поток 0] Спарсили куки
[02.08.2020 19:29:57, поток 0] Получили куки...
[02.08.2020 19:29:57, поток 0] Начинаем работу...
[02.08.2020 19:29:57, поток 0] Не удалось загрузить фото на сервер Instagram!
[02.08.2020 19:29:58, поток 0] Не удалось загрузить фото на сервер Instagram!
[02.08.2020 19:29:58, поток 0] Парсим куки...
[02.08.2020 19:29:58, поток 0] Спарсили куки
[02.08.2020 19:29:58, поток 0] Получили куки...
[02.08.2020 19:29:58, поток 0] Начинаем работу...
[02.08.2020 19:29:59, поток 0] Не удалось загрузить фото на сервер Instagram!
[02.08.2020 19:30:00, поток 0] Не удалось загрузить фото на сервер Instagram!
[02.08.2020 19:30:00, поток 0] Парсим куки...
[02.08.2020 19:30:00, поток 0] Спарсили куки
[02.08.2020 19:30:00, поток 0] Получили куки...
[02.08.2020 19:30:00, поток 0] Начинаем работу...
[02.08.2020 19:30:01, поток 0] Не удалось загрузить фото на сервер Instagram!
[02.08.2020 19:30:02, поток 0] Не удалось загрузить фото на сервер Instagram!
[02.08.2020 19:30:02, поток 0] Парсим куки...
[02.08.2020 19:30:02, поток 0] Спарсили куки
[02.08.2020 19:30:02, поток 0] Получили куки...
[02.08.2020 19:30:02, поток 0] Начинаем работу...
[02.08.2020 19:30:03, поток 0] Не удалось загрузить фото на сервер Instagram!
[02.08.2020 19:30:03, поток 0] Не удалось загрузить фото на сервер Instagram!
[02.08.2020 19:30:03, поток 0] Парсим куки...
[02.08.2020 19:30:03, поток 0] Спарсили куки
[02.08.2020 19:30:03, поток 0] Получили куки...
[02.08.2020 19:30:03, поток 0] Начинаем работу...
[02.08.2020 19:30:04, поток 0] Не удалось загрузить фото на сервер Instagram!
[02.08.2020 19:30:04, поток 0] Не удалось загрузить фото на сервер Instagram!
[02.08.2020 19:30:04, поток 0] Парсим куки...
[02.08.2020 19:30:05, поток 0] Спарсили куки
[02.08.2020 19:30:05, поток 0] Получили куки...
[02.08.2020 19:30:05, поток 0] Начинаем работу...
[02.08.2020 19:30:06, поток 0] Не удалось загрузить фото на сервер Instagram!
[02.08.2020 19:30:06, поток 0] Не удалось загрузить фото на сервер Instagram!
[02.08.2020 19:30:06, поток 0] Парсим куки...
[02.08.2020 19:30:07, поток 0] Спарсили куки
[02.08.2020 19:30:07, поток 0] Получили куки...
[02.08.2020 19:30:07, поток 0] Начинаем работу...
[02.08.2020 19:30:07, поток 0] Не удалось загрузить фото на сервер Instagram!
[02.08.2020 19:30:08, поток 0] Не удалось загрузить фото на сервер Instagram!
[02.08.2020 19:30:08, поток 0] Парсим куки...
[02.08.2020 19:30:08, поток 0] Спарсили куки
[02.08.2020 19:30:08, поток 0] Получили куки...
[02.08.2020 19:30:08, поток 0] Начинаем работу...
[02.08.2020 20:14:59, поток 0] Парсим куки...
[02.08.2020 20:14:59, поток 0] Спарсили куки
[02.08.2020 20:14:59, поток 0] Получили куки...
[02.08.2020 20:14:59, поток 0] Начинаем работу...
[02.08.2020 20:15:06, поток 0] Запостили фото! us.us.us.us2020
[02.08.2020 20:15:06, поток 0] Ждём секунд: 60
[02.08.2020 20:16:10, поток 0] Запостили фото! us.us.us.us2020
[02.08.2020 20:29:39, поток 0] Парсим куки...
[02.08.2020 20:29:39, поток 0] Спарсили куки
[02.08.2020 20:29:39, поток 0] Получили куки...
[02.08.2020 20:29:39, поток 0] Начинаем работу...
[02.08.2020 20:29:45, поток 0] Запостили фото! us.us.us.us2020
[02.08.2020 20:29:45, поток 0] Ждём секунд: 60
[02.08.2020 20:30:50, поток 0] Запостили фото! us.us.us.us2020
