[31.08.2020 13:59:56, thread 0] [DEBUG] Start...
[31.08.2020 13:59:56, thread 0] Parsing cookies...
[31.08.2020 13:59:56, thread 0] Cookie parsing
[31.08.2020 13:59:59, thread 0] Logged in to your account.
[31.08.2020 14:00:05, thread 0] Message sent.
[31.08.2020 14:01:55, thread 0] [DEBUG] Start...
[31.08.2020 14:01:55, thread 0] Parsing cookies...
[31.08.2020 14:01:56, thread 0] Cookie parsing
[31.08.2020 14:01:57, thread 0] Logged in to your account.
[31.08.2020 14:01:57, thread 0] 39266152884 - this ID is in the blacklist.
[31.08.2020 14:02:12, thread 0] [DEBUG] Start...
[31.08.2020 14:02:12, thread 0] Parsing cookies...
[31.08.2020 14:02:12, thread 0] Cookie parsing
[31.08.2020 14:02:13, thread 0] Logged in to your account.
[31.08.2020 14:02:19, thread 0] Message sent.
[31.08.2020 17:08:47, thread 0] [DEBUG] Start...
[31.08.2020 17:08:47, thread 0] Parsing cookies...
[31.08.2020 17:08:47, thread 0] Cookie parsing
[31.08.2020 17:08:50, thread 0] Logged in to your account.
[31.08.2020 17:08:50, thread 0] 39266152884 - this ID is in the blacklist.
[31.08.2020 17:09:04, thread 0] [DEBUG] Start...
[31.08.2020 17:09:04, thread 0] Parsing cookies...
[31.08.2020 17:09:04, thread 0] Cookie parsing
[31.08.2020 17:09:05, thread 0] Logged in to your account.
[31.08.2020 17:09:11, thread 0] Message sent.
