[31.08.2020 11:47:18] Parsing cookies...
[31.08.2020 11:47:19] Cookie parsing
[31.08.2020 11:47:19] Got cookies...
[31.08.2020 11:47:19] We start parsing...
[31.08.2020 11:47:33] Parsing cookies...
[31.08.2020 11:47:34] Cookie parsing
[31.08.2020 11:47:34] Got cookies...
[31.08.2020 11:47:34] We start parsing...
[31.08.2020 12:10:07] Parsing cookies...
[31.08.2020 12:10:08] Cookie parsing
[31.08.2020 12:10:08] Got cookies...
[31.08.2020 12:10:08] We start parsing...
[31.08.2020 12:10:21] Parsing cookies...
[31.08.2020 12:10:21] Cookie parsing
[31.08.2020 12:10:21] Got cookies...
[31.08.2020 12:10:21] We start parsing...
[31.08.2020 12:10:33] Parsing cookies...
[31.08.2020 12:10:34] Cookie parsing
[31.08.2020 12:10:34] Got cookies...
[31.08.2020 12:10:34] We start parsing...
[31.08.2020 12:14:51] Parsing cookies...
[31.08.2020 12:14:52] Cookie parsing
[31.08.2020 12:14:52] Got cookies...
[31.08.2020 12:14:52] We start parsing...
[31.08.2020 12:15:05] Parsing cookies...
[31.08.2020 12:15:05] Cookie parsing
[31.08.2020 12:15:05] Got cookies...
[31.08.2020 12:15:05] We start parsing...
[31.08.2020 12:15:17] Parsing cookies...
[31.08.2020 12:15:18] Cookie parsing
[31.08.2020 12:15:18] Got cookies...
[31.08.2020 12:15:18] We start parsing...
[31.08.2020 12:18:16] Parsing cookies...
[31.08.2020 12:18:16] Cookie parsing
[31.08.2020 12:18:16] Got cookies...
[31.08.2020 12:18:16] We start parsing...
[31.08.2020 12:18:20] No new followers have been found yet. za.za.za.za2020
[31.08.2020 12:19:20] Parsing cookies...
[31.08.2020 12:19:20] Cookie parsing
[31.08.2020 12:19:20] Got cookies...
[31.08.2020 12:19:20] We start parsing...
[31.08.2020 12:25:40] Parsing cookies...
[31.08.2020 12:25:41] Cookie parsing
[31.08.2020 12:25:41] Got cookies...
[31.08.2020 12:25:41] We start parsing...
[31.08.2020 12:25:44] No new followers have been found yet. za.za.za.za2020
[31.08.2020 12:26:44] Parsing cookies...
[31.08.2020 12:26:44] Cookie parsing
[31.08.2020 12:26:44] Got cookies...
[31.08.2020 12:26:44] We start parsing...
[31.08.2020 12:42:44] Parsing cookies...
[31.08.2020 12:42:44] Cookie parsing
[31.08.2020 12:42:44] Got cookies...
[31.08.2020 12:42:44] We start parsing...
[31.08.2020 12:42:48] No new followers have been found yet. za.za.za.za2020
[31.08.2020 12:43:48] Parsing cookies...
[31.08.2020 12:43:48] Cookie parsing
[31.08.2020 12:43:48] Got cookies...
[31.08.2020 12:43:48] We start parsing...
[31.08.2020 12:43:50] Failed to send message! za.za.za.za2020
[31.08.2020 14:05:28] Parsing cookies...
[31.08.2020 14:05:29] Cookie parsing
[31.08.2020 14:05:29] Got cookies...
[31.08.2020 14:05:29] We start parsing...
[31.08.2020 14:05:32] No new followers have been found yet. za.za.za.za2020
[31.08.2020 14:06:32] Parsing cookies...
[31.08.2020 14:06:32] Cookie parsing
[31.08.2020 14:06:32] Got cookies...
[31.08.2020 14:06:32] We start parsing...
[31.08.2020 14:06:35] Failed to send message! za.za.za.za2020
[31.08.2020 14:07:36] Parsing cookies...
[31.08.2020 14:07:36] Cookie parsing
[31.08.2020 14:07:36] Got cookies...
[31.08.2020 14:07:36] We start parsing...
[31.08.2020 14:07:39] Failed to send message! za.za.za.za2020
[31.08.2020 14:08:40] Parsing cookies...
[31.08.2020 14:08:40] Cookie parsing
[31.08.2020 14:08:40] Got cookies...
[31.08.2020 14:08:40] We start parsing...
[31.08.2020 14:08:42] No new followers have been found yet. za.za.za.za2020
[31.08.2020 16:58:18] Parsing cookies...
[31.08.2020 16:58:19] Cookie parsing
[31.08.2020 16:58:19] Got cookies...
[31.08.2020 16:58:19] We start parsing...
[31.08.2020 16:58:22] No new followers have been found yet. za.za.za.za2020
[31.08.2020 16:59:22] Parsing cookies...
[31.08.2020 16:59:22] Cookie parsing
[31.08.2020 16:59:22] Got cookies...
[31.08.2020 16:59:22] We start parsing...
[31.08.2020 16:59:25] Failed to send message! za.za.za.za2020
[31.08.2020 17:00:26] Parsing cookies...
[31.08.2020 17:00:26] Cookie parsing
[31.08.2020 17:00:26] Got cookies...
[31.08.2020 17:00:26] We start parsing...
[31.08.2020 17:00:29] Failed to send message! za.za.za.za2020
[31.08.2020 17:01:30] Parsing cookies...
[31.08.2020 17:01:30] Cookie parsing
[31.08.2020 17:01:30] Got cookies...
[31.08.2020 17:01:30] We start parsing...
[31.08.2020 17:01:32] Failed to send message! za.za.za.za2020
[31.08.2020 17:02:33] Parsing cookies...
[31.08.2020 17:02:34] Cookie parsing
[31.08.2020 17:02:34] Got cookies...
[31.08.2020 17:02:34] We start parsing...
[31.08.2020 17:02:36] Failed to send message! za.za.za.za2020
[31.08.2020 17:03:37] Parsing cookies...
[31.08.2020 17:03:37] Cookie parsing
[31.08.2020 17:03:37] Got cookies...
[31.08.2020 17:03:37] We start parsing...
[31.08.2020 17:03:40] Failed to send message! za.za.za.za2020
[31.08.2020 17:04:41] Parsing cookies...
[31.08.2020 17:04:41] Cookie parsing
[31.08.2020 17:04:41] Got cookies...
[31.08.2020 17:04:41] We start parsing...
[31.08.2020 17:04:43] Failed to send message! za.za.za.za2020
[31.08.2020 17:05:44] Parsing cookies...
[31.08.2020 17:05:46] Cookie parsing
[31.08.2020 17:05:46] Got cookies...
[31.08.2020 17:05:46] We start parsing...
[31.08.2020 17:05:48] Failed to send message! za.za.za.za2020
[31.08.2020 17:06:49] Parsing cookies...
[31.08.2020 17:06:49] Cookie parsing
[31.08.2020 17:06:49] Got cookies...
[31.08.2020 17:06:49] We start parsing...
[31.08.2020 17:06:52] Failed to send message! za.za.za.za2020
[31.08.2020 17:21:35] Parsing cookies...
[31.08.2020 17:21:36] Cookie parsing
[31.08.2020 17:21:36] Got cookies...
[31.08.2020 17:21:36] We start parsing...
[31.08.2020 17:21:39] No new followers have been found yet. za.za.za.za2020
[31.08.2020 17:22:39] Parsing cookies...
[31.08.2020 17:22:39] Cookie parsing
[31.08.2020 17:22:39] Got cookies...
[31.08.2020 17:22:39] We start parsing...
[31.08.2020 17:22:41] No new followers have been found yet. za.za.za.za2020
[31.08.2020 17:23:41] Parsing cookies...
[31.08.2020 17:23:42] Cookie parsing
[31.08.2020 17:23:42] Got cookies...
[31.08.2020 17:23:42] We start parsing...
[31.08.2020 17:23:44] No new followers have been found yet. za.za.za.za2020
[31.08.2020 17:24:44] Parsing cookies...
[31.08.2020 17:24:44] Cookie parsing
[31.08.2020 17:24:44] Got cookies...
[31.08.2020 17:24:44] We start parsing...
[31.08.2020 17:24:49] Logged in to your account.
[31.08.2020 17:24:50] Message sent. za.za.za.za2020
[31.08.2020 17:25:51] Parsing cookies...
[31.08.2020 17:25:51] Cookie parsing
[31.08.2020 17:25:51] Got cookies...
[31.08.2020 17:25:51] We start parsing...
[31.08.2020 17:25:55] Logged in to your account.
[31.08.2020 17:25:55] Message sent. za.za.za.za2020
[31.08.2020 17:26:56] Parsing cookies...
[31.08.2020 17:26:57] Cookie parsing
[31.08.2020 17:26:57] Got cookies...
[31.08.2020 17:26:57] We start parsing...
[31.08.2020 17:27:00] Logged in to your account.
[31.08.2020 17:27:01] Message sent. za.za.za.za2020
[31.08.2020 17:44:14] Parsing cookies...
[31.08.2020 17:44:14] Cookie parsing
[31.08.2020 17:44:14] Got cookies...
[31.08.2020 17:44:14] We start parsing...
[31.08.2020 17:44:18] No new followers have been found yet. za.za.za.za2020
[31.08.2020 17:45:18] Parsing cookies...
[31.08.2020 17:45:18] Cookie parsing
[31.08.2020 17:45:18] Got cookies...
[31.08.2020 17:45:18] We start parsing...
[31.08.2020 17:45:22] (Error) Error text: System.ArgumentOutOfRangeException: Index was out of range. Must be non-negative and less than the size of the collection.
Parameter name: index
   at System.ThrowHelper.ThrowArgumentOutOfRangeException(ExceptionArgument argument, ExceptionResource resource)
   at InstaDirectMessage_ButDev.Tools.Translate.Tr(String x) in D:\MaXiMAA\MaXiMAAOld\C#Готово\KWORK\InstaDirectMessage_ButDev\InstaDirectMessage_ButDev\Tools\Translate.cs:line 0
   at InstaDirectMessage_ButDev.InstagramFollowersGreeting.DoLoginMob(String UserAgent, String cookie) in D:\MaXiMAA\MaXiMAAOld\C#Готово\KWORK\InstaDirectMessage_ButDev\InstaDirectMessage_ButDev\InstagramFollowersGreeting.cs:line 541
[31.08.2020 17:45:22] Failed to log into account from mobile version! Let's try again. za.za.za.za2020
[31.08.2020 17:45:22] [DEBUG] Changed proxies.
[31.08.2020 17:46:22] Parsing cookies...
[31.08.2020 17:46:22] Cookie parsing
[31.08.2020 17:46:22] Got cookies...
[31.08.2020 17:46:22] We start parsing...
[31.08.2020 17:46:23] Checkpoint - za.za.za.za2020:facebook_new
[31.08.2020 17:46:23] Stumbled upon checkpoint! za.za.za.za2020
[31.08.2020 18:01:29] Parsing cookies...
[31.08.2020 18:01:29] Cookie parsing
[31.08.2020 18:01:29] Got cookies...
[31.08.2020 18:01:29] We start parsing...
[31.08.2020 18:01:33] No new followers have been found yet. za.za.za.za2020
[31.08.2020 18:02:33] Parsing cookies...
[31.08.2020 18:02:33] Cookie parsing
[31.08.2020 18:02:33] Got cookies...
[31.08.2020 18:02:33] We start parsing...
[31.08.2020 18:02:36] (Error) Error text: System.ArgumentOutOfRangeException: Index was out of range. Must be non-negative and less than the size of the collection.
Parameter name: index
   at System.ThrowHelper.ThrowArgumentOutOfRangeException(ExceptionArgument argument, ExceptionResource resource)
   at InstaDirectMessage_ButDev.Tools.Translate.Tr(String x) in D:\MaXiMAA\MaXiMAAOld\C#Готово\KWORK\InstaDirectMessage_ButDev\InstaDirectMessage_ButDev\Tools\Translate.cs:line 0
   at InstaDirectMessage_ButDev.InstagramFollowersGreeting.DoLoginMob(String UserAgent, String cookie) in D:\MaXiMAA\MaXiMAAOld\C#Готово\KWORK\InstaDirectMessage_ButDev\InstaDirectMessage_ButDev\InstagramFollowersGreeting.cs:line 541
[31.08.2020 18:02:36] Failed to log into account from mobile version! Let's try again. za.za.za.za2020
[31.08.2020 18:02:36] [DEBUG] Changed proxies.
[31.08.2020 18:03:36] Parsing cookies...
[31.08.2020 18:03:37] Cookie parsing
[31.08.2020 18:03:37] Got cookies...
[31.08.2020 18:03:37] We start parsing...
[31.08.2020 18:03:38] Checkpoint - za.za.za.za2020:facebook_new
[31.08.2020 18:03:38] Stumbled upon checkpoint! za.za.za.za2020
[31.08.2020 18:04:38] Parsing cookies...
[31.08.2020 18:04:39] Cookie parsing
[31.08.2020 18:04:39] Got cookies...
[31.08.2020 18:04:39] We start parsing...
[31.08.2020 18:04:43] Logged in to your account.
[31.08.2020 18:04:43] Message sent. za.za.za.za2020
[31.08.2020 18:04:45] Message sent. za.za.za.za2020
[31.08.2020 18:04:47] Message sent. za.za.za.za2020
[31.08.2020 18:05:48] Parsing cookies...
[31.08.2020 18:05:48] Cookie parsing
[31.08.2020 18:05:48] Got cookies...
[31.08.2020 18:05:48] We start parsing...
[31.08.2020 18:05:51] (Error) Error text: System.ArgumentOutOfRangeException: Index was out of range. Must be non-negative and less than the size of the collection.
Parameter name: index
   at System.ThrowHelper.ThrowArgumentOutOfRangeException(ExceptionArgument argument, ExceptionResource resource)
   at InstaDirectMessage_ButDev.Tools.Translate.Tr(String x) in D:\MaXiMAA\MaXiMAAOld\C#Готово\KWORK\InstaDirectMessage_ButDev\InstaDirectMessage_ButDev\Tools\Translate.cs:line 0
   at InstaDirectMessage_ButDev.InstagramFollowersGreeting.DoLoginMob(String UserAgent, String cookie) in D:\MaXiMAA\MaXiMAAOld\C#Готово\KWORK\InstaDirectMessage_ButDev\InstaDirectMessage_ButDev\InstagramFollowersGreeting.cs:line 541
[31.08.2020 18:05:51] Failed to log into account from mobile version! Let's try again. za.za.za.za2020
[31.08.2020 18:05:51] [DEBUG] Changed proxies.
[31.08.2020 18:30:41] Parsing cookies...
[31.08.2020 18:30:42] Cookie parsing
[31.08.2020 18:30:42] Got cookies...
[31.08.2020 18:30:42] We start parsing...
[31.08.2020 18:30:45] No new followers have been found yet. za.za.za.za2020
[31.08.2020 18:31:45] Parsing cookies...
[31.08.2020 18:31:46] Cookie parsing
[31.08.2020 18:31:46] Got cookies...
[31.08.2020 18:31:46] We start parsing...
[31.08.2020 18:31:48] No new followers have been found yet. za.za.za.za2020
[31.08.2020 18:32:48] Parsing cookies...
[31.08.2020 18:32:48] Cookie parsing
[31.08.2020 18:32:48] Got cookies...
[31.08.2020 18:32:48] We start parsing...
[31.08.2020 18:32:52] (Error) Error text: System.ArgumentOutOfRangeException: Index was out of range. Must be non-negative and less than the size of the collection.
Parameter name: index
   at System.ThrowHelper.ThrowArgumentOutOfRangeException(ExceptionArgument argument, ExceptionResource resource)
   at InstaDirectMessage_ButDev.Tools.Translate.Tr(String x) in D:\MaXiMAA\MaXiMAAOld\C#Готово\KWORK\InstaDirectMessage_ButDev\InstaDirectMessage_ButDev\Tools\Translate.cs:line 0
   at InstaDirectMessage_ButDev.InstagramFollowersGreeting.DoLoginMob(String UserAgent, String cookie) in D:\MaXiMAA\MaXiMAAOld\C#Готово\KWORK\InstaDirectMessage_ButDev\InstaDirectMessage_ButDev\InstagramFollowersGreeting.cs:line 541
[31.08.2020 18:32:52] Failed to log into account from mobile version! Let's try again. za.za.za.za2020
[31.08.2020 18:32:52] [DEBUG] Changed proxies.
[31.08.2020 18:33:52] Parsing cookies...
[31.08.2020 18:33:52] Cookie parsing
[31.08.2020 18:33:52] Got cookies...
[31.08.2020 18:33:52] We start parsing...
[31.08.2020 18:33:54] Checkpoint - za.za.za.za2020:facebook_new
[31.08.2020 18:33:54] Stumbled upon checkpoint! za.za.za.za2020
