[29.07.2020 19:20:20, поток 1] [DEBUG] Сменили прокси.
[29.07.2020 19:20:20, поток 3] [DEBUG] Сменили прокси.
[29.07.2020 19:20:20, поток 0] [DEBUG] Сменили прокси.
[29.07.2020 19:20:20, поток 4] [DEBUG] Сменили прокси.
[29.07.2020 19:20:20, поток 5] [DEBUG] Сменили прокси.
[29.07.2020 19:20:20, поток 6] [DEBUG] Сменили прокси.
[29.07.2020 19:20:20, поток 7] [DEBUG] Сменили прокси.
[29.07.2020 19:20:21, поток 5] Спарсили куки
[29.07.2020 19:20:21, поток 4] Спарсили куки
[29.07.2020 19:20:21, поток 1] Спарсили куки
[29.07.2020 19:20:21, поток 0] Спарсили куки
[29.07.2020 19:20:21, поток 7] Спарсили куки
[29.07.2020 19:20:21, поток 6] Спарсили куки
[29.07.2020 19:20:21, поток 3] Спарсили куки
[29.07.2020 19:20:21, поток 8] [DEBUG] Сменили прокси.
[29.07.2020 19:20:22, поток 1] Аккаунт не найден - madison8969_mirabella269
[29.07.2020 19:20:22, поток 5] Аккаунт не найден - fedotov555650_umid917
[29.07.2020 19:20:22, поток 4] Аккаунт не найден - tabitha80665_wilkerson346
[29.07.2020 19:20:22, поток 7] Аккаунт не найден - leona89905_perry947
[29.07.2020 19:20:22, поток 2] Аккаунт не найден - lazarev660_yuliya847
[29.07.2020 19:20:22, поток 0] Аккаунт не найден - posy690695_vilada316
[29.07.2020 19:20:22, поток 6] Аккаунт не найден - marilyn5_bika146
[29.07.2020 19:20:22, поток 8] Спарсили куки
[29.07.2020 19:20:22, поток 3] Аккаунт не найден - suzan809_yuventa814
[29.07.2020 19:20:22, поток 9] [DEBUG] Сменили прокси.
[29.07.2020 19:20:23, поток 8] Аккаунт не найден - grace95506_grasso932
[29.07.2020 19:20:23, поток 9] Спарсили куки
[29.07.2020 19:20:23, поток 10] [DEBUG] Сменили прокси.
[29.07.2020 19:20:23, поток 9] Аккаунт не найден - ann86_fail961
[29.07.2020 19:20:24, поток 10] Спарсили куки
[29.07.2020 19:20:24, поток 11] [DEBUG] Сменили прокси.
[29.07.2020 19:20:25, поток 10] Аккаунт не найден - bogdanova5088_costanzo487
[29.07.2020 19:20:25, поток 11] Спарсили куки
[29.07.2020 19:20:25, поток 12] [DEBUG] Сменили прокси.
[29.07.2020 19:20:26, поток 11] Аккаунт не найден - meghan855958_grimaldi633
[29.07.2020 19:20:26, поток 12] Спарсили куки
[29.07.2020 19:20:26, поток 13] [DEBUG] Сменили прокси.
[29.07.2020 19:20:26, поток 12] Аккаунт не найден - hannah980_berry143
[29.07.2020 19:20:27, поток 1] [DEBUG] Сменили прокси.
[29.07.2020 19:20:27, поток 13] Спарсили куки
[29.07.2020 19:20:27, поток 5] [DEBUG] Сменили прокси.
[29.07.2020 19:20:27, поток 4] [DEBUG] Сменили прокси.
[29.07.2020 19:20:27, поток 7] [DEBUG] Сменили прокси.
[29.07.2020 19:20:27, поток 2] [DEBUG] Сменили прокси.
[29.07.2020 19:20:27, поток 0] [DEBUG] Сменили прокси.
[29.07.2020 19:20:27, поток 6] [DEBUG] Сменили прокси.
[29.07.2020 19:20:27, поток 3] [DEBUG] Сменили прокси.
[29.07.2020 19:20:27, поток 14] [DEBUG] Сменили прокси.
[29.07.2020 19:20:27, поток 1] Спарсили куки
[29.07.2020 19:20:27, поток 2] Спарсили куки
[29.07.2020 19:20:27, поток 4] Спарсили куки
[29.07.2020 19:20:27, поток 5] Спарсили куки
[29.07.2020 19:20:27, поток 6] Спарсили куки
[29.07.2020 19:20:27, поток 7] Спарсили куки
[29.07.2020 19:20:27, поток 0] Спарсили куки
[29.07.2020 19:20:27, поток 3] Спарсили куки
[29.07.2020 19:20:27, поток 13] Аккаунт не найден - cecilia660_virineya308
[29.07.2020 19:20:28, поток 14] Спарсили куки
[29.07.2020 19:20:28, поток 8] [DEBUG] Сменили прокси.
[29.07.2020 19:20:28, поток 2] Аккаунт не найден - stephanie959_florida692
[29.07.2020 19:20:28, поток 1] Аккаунт не найден - ann86_hutchinson879
[29.07.2020 19:20:28, поток 4] Аккаунт не найден - erica95098_harrison413
[29.07.2020 19:20:28, поток 15] [DEBUG] Сменили прокси.
[29.07.2020 19:20:28, поток 5] Аккаунт не найден - petrova50_simone321
[29.07.2020 19:20:28, поток 6] Аккаунт не найден - agnes55559_giannini421
[29.07.2020 19:20:28, поток 8] Спарсили куки
[29.07.2020 19:20:28, поток 0] Аккаунт не найден - bernice680856_clementine985
[29.07.2020 19:20:28, поток 3] Аккаунт не найден - nancy95650_phillips111
[29.07.2020 19:20:28, поток 14] Аккаунт не найден - regina9959_mirdza198
[29.07.2020 19:20:28, поток 9] [DEBUG] Сменили прокси.
[29.07.2020 19:20:29, поток 15] Спарсили куки
[29.07.2020 19:20:29, поток 8] Аккаунт не найден - vanessa88506_hilda465
[29.07.2020 19:20:29, поток 16] [DEBUG] Сменили прокси.
[29.07.2020 19:20:29, поток 9] Спарсили куки
[29.07.2020 19:20:29, поток 15] Аккаунт не найден - ashlynn8860_islam746
[29.07.2020 19:20:30, поток 10] [DEBUG] Сменили прокси.
[29.07.2020 19:20:30, поток 16] Спарсили куки
[29.07.2020 19:20:30, поток 9] Аккаунт не найден - gwenda5656_lubomir877
[29.07.2020 19:20:30, поток 17] [DEBUG] Сменили прокси.
[29.07.2020 19:20:30, поток 10] Спарсили куки
[29.07.2020 19:20:30, поток 16] Аккаунт не найден - mildred866_gaysha879
[29.07.2020 19:20:31, поток 11] [DEBUG] Сменили прокси.
[29.07.2020 19:20:31, поток 17] Спарсили куки
[29.07.2020 19:20:31, поток 10] Аккаунт не найден - bernadette989_evdokia990
[29.07.2020 19:20:31, поток 18] [DEBUG] Сменили прокси.
[29.07.2020 19:20:31, поток 11] Спарсили куки
[29.07.2020 19:20:31, поток 12] [DEBUG] Сменили прокси.
[29.07.2020 19:20:32, поток 17] Аккаунт не найден - eugenia6065_capelli995
[29.07.2020 19:20:32, поток 18] Спарсили куки
[29.07.2020 19:20:32, поток 11] Аккаунт не найден - jody888_west107
[29.07.2020 19:20:32, поток 12] Спарсили куки
[29.07.2020 19:20:32, поток 19] [DEBUG] Сменили прокси.
[29.07.2020 19:20:32, поток 13] [DEBUG] Сменили прокси.
[29.07.2020 19:20:32, поток 18] Аккаунт не найден - sabrina6998956_klimentina223
[29.07.2020 19:20:33, поток 19] Спарсили куки
[29.07.2020 19:20:33, поток 12] Аккаунт не найден - madeline590_turco576
[29.07.2020 19:20:33, поток 2] [DEBUG] Сменили прокси.
[29.07.2020 19:20:33, поток 1] [DEBUG] Сменили прокси.
[29.07.2020 19:20:33, поток 4] [DEBUG] Сменили прокси.
[29.07.2020 19:20:33, поток 13] Спарсили куки
[29.07.2020 19:20:33, поток 5] [DEBUG] Сменили прокси.
[29.07.2020 19:20:33, поток 6] [DEBUG] Сменили прокси.
[29.07.2020 19:20:33, поток 0] [DEBUG] Сменили прокси.
[29.07.2020 19:20:33, поток 3] [DEBUG] Сменили прокси.
[29.07.2020 19:20:33, поток 14] [DEBUG] Сменили прокси.
[29.07.2020 19:20:33, поток 19] Аккаунт не найден - lizbeth80_reeves394
[29.07.2020 19:20:34, поток 1] Спарсили куки
[29.07.2020 19:20:34, поток 2] Спарсили куки
[29.07.2020 19:20:34, поток 6] Спарсили куки
[29.07.2020 19:20:34, поток 4] Спарсили куки
[29.07.2020 19:20:34, поток 7] Спарсили куки
[29.07.2020 19:20:34, поток 0] Спарсили куки
[29.07.2020 19:20:34, поток 5] Спарсили куки
[29.07.2020 19:20:34, поток 3] Спарсили куки
[29.07.2020 19:20:34, поток 13] Аккаунт не найден - philomena65_white342
[29.07.2020 19:20:34, поток 8] [DEBUG] Сменили прокси.
[29.07.2020 19:20:34, поток 14] Спарсили куки
[29.07.2020 19:20:34, поток 15] [DEBUG] Сменили прокси.
[29.07.2020 19:20:34, поток 2] Аккаунт не найден - laurel88_azarov755
[29.07.2020 19:20:34, поток 4] Аккаунт не найден - angelina96859_esmeralda895
[29.07.2020 19:20:34, поток 1] Аккаунт не найден - lorena6058_alpheus436
[29.07.2020 19:20:34, поток 0] Аккаунт не найден - agatha6965_angelina861
[29.07.2020 19:20:34, поток 6] Аккаунт не найден - bathsheba868_carmen796
[29.07.2020 19:20:34, поток 7] Аккаунт не найден - shana598_mavlyuda813
[29.07.2020 19:20:35, поток 8] Спарсили куки
[29.07.2020 19:20:35, поток 3] Аккаунт не найден - jane69_valeria549
[29.07.2020 19:20:35, поток 5] Аккаунт не найден - lebedev605609_higgins511
[29.07.2020 19:20:35, поток 14] Аккаунт не найден - noreen8_agafya864
[29.07.2020 19:20:35, поток 9] [DEBUG] Сменили прокси.
[29.07.2020 19:20:35, поток 15] Спарсили куки
[29.07.2020 19:20:35, поток 16] [DEBUG] Сменили прокси.
[29.07.2020 19:20:35, поток 9] Спарсили куки
[29.07.2020 19:20:36, поток 8] Аккаунт не найден - yershov8885_gertrude994
[29.07.2020 19:20:36, поток 15] Аккаунт не найден - romanova80605_bucci238
[29.07.2020 19:20:36, поток 16] Спарсили куки
[29.07.2020 19:20:36, поток 10] [DEBUG] Сменили прокси.
[29.07.2020 19:20:36, поток 9] Аккаунт не найден - candace8056_johnson906
[29.07.2020 19:20:37, поток 17] [DEBUG] Сменили прокси.
[29.07.2020 19:20:37, поток 10] Спарсили куки
[29.07.2020 19:20:37, поток 16] Аккаунт не найден - konovalova50898_acma213
[29.07.2020 19:20:37, поток 11] [DEBUG] Сменили прокси.
[29.07.2020 19:20:37, поток 17] Спарсили куки
[29.07.2020 19:20:37, поток 10] Аккаунт не найден - ivanova85666_donati858
[29.07.2020 19:20:37, поток 18] [DEBUG] Сменили прокси.
[29.07.2020 19:20:38, поток 11] Спарсили куки
[29.07.2020 19:20:38, поток 17] Аккаунт не найден - hester896_sole395
[29.07.2020 19:20:38, поток 12] [DEBUG] Сменили прокси.
[29.07.2020 19:20:38, поток 18] Спарсили куки
[29.07.2020 19:20:38, поток 11] Аккаунт не найден - iris600808_george400
[29.07.2020 19:20:38, поток 19] [DEBUG] Сменили прокси.
[29.07.2020 19:20:39, поток 12] Спарсили куки
[29.07.2020 19:20:39, поток 13] [DEBUG] Сменили прокси.
[29.07.2020 19:20:39, поток 18] Аккаунт не найден - konovalova50898_svyatoslav120
[29.07.2020 19:20:39, поток 19] Спарсили куки
[29.07.2020 19:20:39, поток 13] Спарсили куки
[29.07.2020 19:20:39, поток 2] [DEBUG] Сменили прокси.
[29.07.2020 19:20:39, поток 4] [DEBUG] Сменили прокси.
[29.07.2020 19:20:39, поток 1] [DEBUG] Сменили прокси.
[29.07.2020 19:20:39, поток 0] [DEBUG] Сменили прокси.
[29.07.2020 19:20:39, поток 7] [DEBUG] Сменили прокси.
[29.07.2020 19:20:40, поток 12] Аккаунт не найден - sara5085_oksana165
[29.07.2020 19:20:40, поток 3] [DEBUG] Сменили прокси.
[29.07.2020 19:20:40, поток 5] [DEBUG] Сменили прокси.
[29.07.2020 19:20:40, поток 14] [DEBUG] Сменили прокси.
[29.07.2020 19:20:40, поток 0] Спарсили куки
[29.07.2020 19:20:40, поток 2] Спарсили куки
[29.07.2020 19:20:40, поток 7] Спарсили куки
[29.07.2020 19:20:40, поток 1] Спарсили куки
[29.07.2020 19:20:40, поток 6] Спарсили куки
[29.07.2020 19:20:40, поток 19] Аккаунт не найден - veronica86696609_santini826
[29.07.2020 19:20:40, поток 4] Спарсили куки
[29.07.2020 19:20:40, поток 3] Спарсили куки
[29.07.2020 19:20:40, поток 13] Аккаунт не найден - amber60_lyubava209
[29.07.2020 19:20:40, поток 5] Спарсили куки
[29.07.2020 19:20:41, поток 14] Спарсили куки
[29.07.2020 19:20:41, поток 8] [DEBUG] Сменили прокси.
[29.07.2020 19:20:41, поток 2] Аккаунт не найден - dortha8895_marfa204
[29.07.2020 19:20:41, поток 15] [DEBUG] Сменили прокси.
[29.07.2020 19:20:41, поток 7] Аккаунт не найден - sidorova9550_bertini612
[29.07.2020 19:20:41, поток 1] Аккаунт не найден - christine69956608_benedetti654
[29.07.2020 19:20:41, поток 4] Аккаунт не найден - alison8665_rachel944
[29.07.2020 19:20:41, поток 0] Аккаунт не найден - kory9688_fail696
[29.07.2020 19:20:41, поток 8] Спарсили куки
[29.07.2020 19:20:41, поток 3] Аккаунт не найден - nora60895_blasi378
[29.07.2020 19:20:41, поток 6] Аккаунт не найден - penelopey550666_nadir914
[29.07.2020 19:20:41, поток 5] Аккаунт не найден - briana6056_napolitano330
[29.07.2020 19:20:41, поток 14] Аккаунт не найден - cori8965_munir823
[29.07.2020 19:20:41, поток 9] [DEBUG] Сменили прокси.
[29.07.2020 19:20:41, поток 15] Спарсили куки
[29.07.2020 19:20:42, поток 16] [DEBUG] Сменили прокси.
[29.07.2020 19:20:42, поток 9] Спарсили куки
[29.07.2020 19:20:42, поток 8] Аккаунт не найден - merryl996965_curtis642
[29.07.2020 19:20:42, поток 16] Спарсили куки
[29.07.2020 19:20:42, поток 15] Аккаунт не найден - katherine6590_inga861
[29.07.2020 19:20:42, поток 10] [DEBUG] Сменили прокси.
[29.07.2020 19:20:43, поток 17] [DEBUG] Сменили прокси.
[29.07.2020 19:20:43, поток 9] Аккаунт не найден - medvedev86_watkins812
[29.07.2020 19:20:43, поток 10] Спарсили куки
[29.07.2020 19:20:43, поток 16] Аккаунт не найден - caroline59550_piccolo559
[29.07.2020 19:20:43, поток 11] [DEBUG] Сменили прокси.
[29.07.2020 19:20:43, поток 17] Спарсили куки
[29.07.2020 19:20:44, поток 10] Аккаунт не найден - bathsheba868_lutfullo629
[29.07.2020 19:20:44, поток 11] Спарсили куки
[29.07.2020 19:20:44, поток 18] [DEBUG] Сменили прокси.
[29.07.2020 19:20:44, поток 17] Аккаунт не найден - judithy65555_camara695
[29.07.2020 19:20:44, поток 18] Спарсили куки
[29.07.2020 19:20:45, поток 12] [DEBUG] Сменили прокси.
[29.07.2020 19:20:45, поток 11] Аккаунт не найден - joanna8_klimentina589
[29.07.2020 19:20:45, поток 19] [DEBUG] Сменили прокси.
[29.07.2020 19:20:45, поток 13] [DEBUG] Сменили прокси.
[29.07.2020 19:20:45, поток 12] Спарсили куки
[29.07.2020 19:20:45, поток 18] Аккаунт не найден - kudryavtseva55_daniel536
[29.07.2020 19:20:46, поток 19] Спарсили куки
[29.07.2020 19:20:46, поток 2] [DEBUG] Сменили прокси.
[29.07.2020 19:20:46, поток 7] [DEBUG] Сменили прокси.
[29.07.2020 19:20:46, поток 1] [DEBUG] Сменили прокси.
[29.07.2020 19:20:46, поток 4] [DEBUG] Сменили прокси.
[29.07.2020 19:20:46, поток 0] [DEBUG] Сменили прокси.
[29.07.2020 19:20:46, поток 3] [DEBUG] Сменили прокси.
[29.07.2020 19:20:46, поток 6] [DEBUG] Сменили прокси.
[29.07.2020 19:20:46, поток 5] [DEBUG] Сменили прокси.
[29.07.2020 19:20:46, поток 14] [DEBUG] Сменили прокси.
[29.07.2020 19:20:46, поток 12] Аккаунт не найден - eleanore95900_fedosov853
[29.07.2020 19:20:46, поток 2] Спарсили куки
[29.07.2020 19:20:47, поток 19] Аккаунт не найден - sylvia809_johan731
[29.07.2020 19:20:47, поток 0] Спарсили куки
[29.07.2020 19:20:47, поток 7] Спарсили куки
[29.07.2020 19:20:47, поток 3] Спарсили куки
[29.07.2020 19:20:47, поток 1] Спарсили куки
[29.07.2020 19:20:47, поток 6] Спарсили куки
[29.07.2020 19:20:47, поток 4] Спарсили куки
[29.07.2020 19:20:47, поток 14] Спарсили куки
[29.07.2020 19:20:47, поток 8] [DEBUG] Сменили прокси.
[29.07.2020 19:20:47, поток 5] Спарсили куки
[29.07.2020 19:20:47, поток 2] Аккаунт не найден - annabelle800609_rocchi224
[29.07.2020 19:20:47, поток 15] [DEBUG] Сменили прокси.
[29.07.2020 19:20:47, поток 0] Аккаунт не найден - darleen65050_bertini628
[29.07.2020 19:20:47, поток 7] Аккаунт не найден - dayna0_shakira506
[29.07.2020 19:20:48, поток 8] Спарсили куки
[29.07.2020 19:20:48, поток 1] Аккаунт не найден - blanche695_gallagher496
[29.07.2020 19:20:48, поток 3] Аккаунт не найден - amber60_castelli688
[29.07.2020 19:20:48, поток 6] Аккаунт не найден - bolshakova69558_sole282
[29.07.2020 19:20:48, поток 4] Аккаунт не найден - linda609_agafya188
[29.07.2020 19:20:48, поток 14] Аккаунт не найден - drusillay5580_pasquali589
[29.07.2020 19:20:48, поток 9] [DEBUG] Сменили прокси.
[29.07.2020 19:20:48, поток 5] Аккаунт не найден - millicent688069_edna905
[29.07.2020 19:20:48, поток 15] Спарсили куки
[29.07.2020 19:20:48, поток 16] [DEBUG] Сменили прокси.
[29.07.2020 19:20:48, поток 8] Аккаунт не найден - dorcas9866_lee405
[29.07.2020 19:20:48, поток 9] Спарсили куки
[29.07.2020 19:20:49, поток 16] Спарсили куки
[29.07.2020 19:20:49, поток 10] [DEBUG] Сменили прокси.
[29.07.2020 19:20:49, поток 13] Спарсили куки
[29.07.2020 19:20:49, поток 15] Аккаунт не найден - beverley668_fields434
[29.07.2020 19:20:49, поток 17] [DEBUG] Сменили прокси.
[29.07.2020 19:20:49, поток 9] Аккаунт не найден - clemence5586_murgia738
[29.07.2020 19:20:49, поток 10] Спарсили куки
[29.07.2020 19:20:50, поток 16] Аккаунт не найден - holly508_yanit113
[29.07.2020 19:20:50, поток 13] Аккаунт не найден - tarasova688065_shepherd838
[29.07.2020 19:20:50, поток 11] [DEBUG] Сменили прокси.
[29.07.2020 19:20:50, поток 10] Аккаунт не найден - madeleine5956_stevenson152
[29.07.2020 19:20:50, поток 18] [DEBUG] Сменили прокси.
[29.07.2020 19:20:50, поток 11] Спарсили куки
[29.07.2020 19:20:51, поток 18] Спарсили куки
[29.07.2020 19:20:51, поток 17] Спарсили куки
[29.07.2020 19:20:51, поток 11] Аккаунт не найден - lorraine99686_lucas400
[29.07.2020 19:20:51, поток 12] [DEBUG] Сменили прокси.
[29.07.2020 19:20:52, поток 19] [DEBUG] Сменили прокси.
[29.07.2020 19:20:52, поток 17] Аккаунт не найден - amy99096_marchese143
[29.07.2020 19:20:52, поток 12] Спарсили куки
[29.07.2020 19:20:52, поток 18] Аккаунт не найден - gerasimov50869_phelps261
[29.07.2020 19:20:52, поток 2] [DEBUG] Сменили прокси.
[29.07.2020 19:20:52, поток 19] Спарсили куки
[29.07.2020 19:20:52, поток 0] [DEBUG] Сменили прокси.
[29.07.2020 19:20:52, поток 7] [DEBUG] Сменили прокси.
[29.07.2020 19:20:53, поток 1] [DEBUG] Сменили прокси.
[29.07.2020 19:20:53, поток 3] [DEBUG] Сменили прокси.
[29.07.2020 19:20:53, поток 6] [DEBUG] Сменили прокси.
[29.07.2020 19:20:53, поток 4] [DEBUG] Сменили прокси.
[29.07.2020 19:20:53, поток 14] [DEBUG] Сменили прокси.
[29.07.2020 19:20:53, поток 2] Спарсили куки
[29.07.2020 19:20:53, поток 12] Аккаунт не найден - blinov595080_capasso700
[29.07.2020 19:20:53, поток 5] [DEBUG] Сменили прокси.
[29.07.2020 19:20:53, поток 0] Спарсили куки
[29.07.2020 19:20:53, поток 7] Спарсили куки
[29.07.2020 19:20:53, поток 3] Спарсили куки
[29.07.2020 19:20:53, поток 1] Спарсили куки
[29.07.2020 19:20:53, поток 6] Спарсили куки
[29.07.2020 19:20:53, поток 4] Спарсили куки
[29.07.2020 19:20:53, поток 14] Спарсили куки
[29.07.2020 19:20:53, поток 19] Аккаунт не найден - lorin6_sharp883
[29.07.2020 19:20:53, поток 8] [DEBUG] Сменили прокси.
[29.07.2020 19:20:53, поток 5] Спарсили куки
[29.07.2020 19:20:54, поток 2] Аккаунт не найден - dortha8895_lambert916
[29.07.2020 19:20:54, поток 15] [DEBUG] Сменили прокси.
[29.07.2020 19:20:54, поток 7] Аккаунт не найден - cordelia88_antonida786
[29.07.2020 19:20:54, поток 3] Аккаунт не найден - cornelia590956_manca370
[29.07.2020 19:20:54, поток 0] Аккаунт не найден - briana6056_mckenzie903
[29.07.2020 19:20:54, поток 6] Аккаунт не найден - katherine6590_hydrangea852
[29.07.2020 19:20:54, поток 1] Аккаунт не найден - margery9908_aref242
[29.07.2020 19:20:54, поток 8] Спарсили куки
[29.07.2020 19:20:54, поток 14] Аккаунт не найден - constance95_zahra365
[29.07.2020 19:20:54, поток 4] Аккаунт не найден - gromova9880_viola334
[29.07.2020 19:20:54, поток 9] [DEBUG] Сменили прокси.
[29.07.2020 19:20:54, поток 5] Аккаунт не найден - tarasova688065_kelley389
[29.07.2020 19:20:54, поток 15] Спарсили куки
[29.07.2020 19:20:55, поток 16] [DEBUG] Сменили прокси.
[29.07.2020 19:20:55, поток 13] [DEBUG] Сменили прокси.
[29.07.2020 19:20:55, поток 9] Спарсили куки
[29.07.2020 19:20:55, поток 8] Аккаунт не найден - meryl609_norton430
[29.07.2020 19:20:55, поток 10] [DEBUG] Сменили прокси.
[29.07.2020 19:20:55, поток 13] Спарсили куки
[29.07.2020 19:20:55, поток 15] Аккаунт не найден - maximova6099_sadia832
[29.07.2020 19:20:55, поток 16] Спарсили куки
[29.07.2020 19:20:56, поток 9] Аккаунт не найден - kozlov8998_noorani832
[29.07.2020 19:20:56, поток 10] Спарсили куки
[29.07.2020 19:20:56, поток 13] Аккаунт не найден - stella588_paul394
[29.07.2020 19:20:56, поток 11] [DEBUG] Сменили прокси.
[29.07.2020 19:20:56, поток 16] Аккаунт не найден - tabitha80665_frigerio954
[29.07.2020 19:20:57, поток 10] Аккаунт не найден - zoe5_evans469
[29.07.2020 19:20:57, поток 17] [DEBUG] Сменили прокси.
[29.07.2020 19:20:57, поток 11] Спарсили куки
[29.07.2020 19:20:57, поток 18] [DEBUG] Сменили прокси.
[29.07.2020 19:20:57, поток 17] Спарсили куки
[29.07.2020 19:20:58, поток 11] Аккаунт не найден - carol9990_anfisa852
[29.07.2020 19:20:58, поток 18] Спарсили куки
[29.07.2020 19:20:58, поток 12] [DEBUG] Сменили прокси.
[29.07.2020 19:20:58, поток 17] Аккаунт не найден - augusta8008_bratislava971
[29.07.2020 19:20:58, поток 19] [DEBUG] Сменили прокси.
[29.07.2020 19:20:58, поток 12] Спарсили куки
[29.07.2020 19:20:59, поток 18] Аккаунт не найден - dora60_perry904
[29.07.2020 19:20:59, поток 14] [DEBUG] Сменили прокси.
[29.07.2020 19:20:59, поток 12] Аккаунт не найден - jemima8508686_camara238
[29.07.2020 19:21:00, поток 19] Спарсили куки
[29.07.2020 19:21:00, поток 14] Спарсили куки
[29.07.2020 19:21:00, поток 15] [DEBUG] Сменили прокси.
[29.07.2020 19:21:01, поток 19] Аккаунт не найден - margery9908_florida799
[29.07.2020 19:21:01, поток 14] Аккаунт не найден - gwen869059_corradi473
[29.07.2020 19:21:01, поток 13] [DEBUG] Сменили прокси.
[29.07.2020 19:21:01, поток 16] [DEBUG] Сменили прокси.
[29.07.2020 19:21:02, поток 15] Спарсили куки
[29.07.2020 19:21:02, поток 13] Спарсили куки
[29.07.2020 19:21:02, поток 16] Спарсили куки
[29.07.2020 19:21:03, поток 15] Аккаунт не найден - ellen66966_paoletti551
[29.07.2020 19:21:03, поток 13] Аккаунт не найден - amice60869_lutfullo275
[29.07.2020 19:21:03, поток 16] Аккаунт не найден - eleanore95900_cocco531
[29.07.2020 19:21:03, поток 17] [DEBUG] Сменили прокси.
[29.07.2020 19:21:04, поток 18] [DEBUG] Сменили прокси.
[29.07.2020 19:21:04, поток 18] Спарсили куки
[29.07.2020 19:21:05, поток 17] Спарсили куки
[29.07.2020 19:21:05, поток 18] Аккаунт не найден - juliay9_hood502
[29.07.2020 19:21:06, поток 17] Аккаунт не найден - rosalind996_costantino485
[29.07.2020 19:21:06, поток 19] [DEBUG] Сменили прокси.
[29.07.2020 19:21:06, поток 19] Спарсили куки
[29.07.2020 19:21:07, поток 19] Аккаунт не найден - kelley896_neri774
[29.07.2020 19:21:34, поток 0] Спарсили куки
[29.07.2020 19:21:34, поток 1] Спарсили куки
[29.07.2020 19:21:35, поток 7] Спарсили куки
[29.07.2020 19:21:36, поток 6] Спарсили куки
[29.07.2020 19:21:36, поток 3] Спарсили куки
[29.07.2020 19:21:37, поток 8] Спарсили куки
[29.07.2020 19:21:37, поток 10] Спарсили куки
[29.07.2020 19:21:37, поток 9] Спарсили куки
[29.07.2020 19:21:38, поток 2] Спарсили куки
[29.07.2020 19:21:38, поток 7] Найден! - leona89905_perry947
[29.07.2020 19:21:38, поток 1] Найден! - madison8969_mirabella269
[29.07.2020 19:21:38, поток 12] Спарсили куки
[29.07.2020 19:21:38, поток 4] Найден! - tabitha80665_wilkerson346
[29.07.2020 19:21:39, поток 3] Найден! - suzan809_yuventa814
[29.07.2020 19:21:39, поток 8] Найден! - grace95506_grasso932
[29.07.2020 19:21:39, поток 10] Найден! - bogdanova5088_costanzo487
[29.07.2020 19:21:39, поток 11] Спарсили куки
[29.07.2020 19:21:40, поток 6] Найден! - marilyn5_bika146
[29.07.2020 19:21:40, поток 2] Найден! - lazarev660_yuliya847
[29.07.2020 19:21:40, поток 13] Спарсили куки
[29.07.2020 19:21:40, поток 0] Найден! - posy690695_vilada316
[29.07.2020 19:21:40, поток 14] Спарсили куки
[29.07.2020 19:21:41, поток 12] Найден! - hannah980_berry143
[29.07.2020 19:21:41, поток 15] Спарсили куки
[29.07.2020 19:21:41, поток 11] Найден! - meghan855958_grimaldi633
[29.07.2020 19:21:41, поток 9] Найден! - ann86_fail961
[29.07.2020 19:21:41, поток 13] Найден! - cecilia660_virineya308
[29.07.2020 19:21:42, поток 16] Спарсили куки
[29.07.2020 19:21:42, поток 14] Найден! - regina9959_mirdza198
[29.07.2020 19:21:42, поток 15] Найден! - ashlynn8860_islam746
[29.07.2020 19:21:42, поток 17] Спарсили куки
[29.07.2020 19:21:43, поток 16] Найден! - mildred866_gaysha879
[29.07.2020 19:21:43, поток 17] Найден! - eugenia6065_capelli995
[29.07.2020 19:21:44, поток 7] Спарсили куки
[29.07.2020 19:21:44, поток 1] Спарсили куки
[29.07.2020 19:21:44, поток 18] Спарсили куки
[29.07.2020 19:21:44, поток 19] Спарсили куки
[29.07.2020 19:21:45, поток 4] Спарсили куки
[29.07.2020 19:21:45, поток 8] Спарсили куки
[29.07.2020 19:21:45, поток 1] Найден! - ann86_hutchinson879
[29.07.2020 19:21:45, поток 3] Спарсили куки
[29.07.2020 19:21:45, поток 7] Найден! - bertha809_galimov497
[29.07.2020 19:21:45, поток 10] Спарсили куки
[29.07.2020 19:21:45, поток 19] Найден! - lizbeth80_reeves394
[29.07.2020 19:21:46, поток 4] Найден! - erica95098_harrison413
[29.07.2020 19:21:46, поток 6] Спарсили куки
[29.07.2020 19:21:46, поток 2] Спарсили куки
[29.07.2020 19:21:46, поток 8] Найден! - vanessa88506_hilda465
[29.07.2020 19:21:46, поток 0] Спарсили куки
[29.07.2020 19:21:46, поток 3] Найден! - nancy95650_phillips111
[29.07.2020 19:21:46, поток 18] Найден! - sabrina6998956_klimentina223
[29.07.2020 19:21:46, поток 10] Найден! - bernadette989_evdokia990
[29.07.2020 19:21:47, поток 6] Найден! - agnes55559_giannini421
[29.07.2020 19:21:47, поток 12] Спарсили куки
[29.07.2020 19:21:47, поток 9] Спарсили куки
[29.07.2020 19:21:47, поток 11] Спарсили куки
[29.07.2020 19:21:47, поток 2] Найден! - stephanie959_florida692
[29.07.2020 19:21:47, поток 0] Найден! - bernice680856_clementine985
[29.07.2020 19:21:47, поток 5] Спарсили куки
[29.07.2020 19:21:47, поток 13] Спарсили куки
[29.07.2020 19:21:48, поток 14] Спарсили куки
[29.07.2020 19:21:48, поток 12] Найден! - madeline590_turco576
[29.07.2020 19:21:48, поток 15] Спарсили куки
[29.07.2020 19:21:48, поток 9] Найден! - gwenda5656_lubomir877
[29.07.2020 19:21:49, поток 11] Найден! - jody888_west107
[29.07.2020 19:21:49, поток 13] Найден! - philomena65_white342
[29.07.2020 19:21:49, поток 5] Найден! - fedotov555650_umid917
[29.07.2020 19:21:49, поток 16] Спарсили куки
[29.07.2020 19:21:49, поток 14] Найден! - noreen8_agafya864
[29.07.2020 19:21:49, поток 17] Спарсили куки
[29.07.2020 19:21:50, поток 15] Найден! - romanova80605_bucci238
[29.07.2020 19:21:50, поток 16] Найден! - konovalova50898_acma213
[29.07.2020 19:21:51, поток 1] Спарсили куки
[29.07.2020 19:21:52, поток 7] Спарсили куки
[29.07.2020 19:21:52, поток 19] Спарсили куки
[29.07.2020 19:21:52, поток 4] Спарсили куки
[29.07.2020 19:21:52, поток 17] Найден! - hester896_sole395
[29.07.2020 19:21:53, поток 8] Спарсили куки
[29.07.2020 19:21:53, поток 1] Найден! - lorena6058_alpheus436
[29.07.2020 19:21:53, поток 3] Спарсили куки
[29.07.2020 19:21:53, поток 18] Спарсили куки
[29.07.2020 19:21:53, поток 10] Спарсили куки
[29.07.2020 19:21:53, поток 19] Найден! - veronica86696609_santini826
[29.07.2020 19:21:53, поток 6] Спарсили куки
[29.07.2020 19:21:53, поток 7] Найден! - shana598_mavlyuda813
[29.07.2020 19:21:53, поток 4] Найден! - angelina96859_esmeralda895
[29.07.2020 19:21:53, поток 2] Спарсили куки
[29.07.2020 19:21:54, поток 0] Спарсили куки
[29.07.2020 19:21:54, поток 8] Найден! - yershov8885_gertrude994
[29.07.2020 19:21:54, поток 18] Найден! - konovalova50898_svyatoslav120
[29.07.2020 19:21:54, поток 12] Спарсили куки
[29.07.2020 19:21:55, поток 3] Найден! - jane69_valeria549
[29.07.2020 19:21:55, поток 10] Найден! - ivanova85666_donati858
[29.07.2020 19:21:55, поток 11] Спарсили куки
[29.07.2020 19:21:55, поток 2] Найден! - laurel88_azarov755
[29.07.2020 19:21:55, поток 0] Найден! - agatha6965_angelina861
[29.07.2020 19:21:55, поток 13] Спарсили куки
[29.07.2020 19:21:55, поток 5] Спарсили куки
[29.07.2020 19:21:55, поток 9] Спарсили куки
[29.07.2020 19:21:56, поток 14] Спарсили куки
[29.07.2020 19:21:56, поток 12] Найден! - sara5085_oksana165
[29.07.2020 19:21:56, поток 6] Найден! - bathsheba868_carmen796
[29.07.2020 19:21:56, поток 15] Спарсили куки
[29.07.2020 19:21:56, поток 11] Найден! - iris600808_george400
[29.07.2020 19:21:56, поток 13] Найден! - amber60_lyubava209
[29.07.2020 19:21:56, поток 5] Найден! - petrova50_simone321
[29.07.2020 19:21:56, поток 16] Спарсили куки
[29.07.2020 19:21:56, поток 9] Найден! - candace8056_johnson906
[29.07.2020 19:21:57, поток 14] Найден! - cori8965_munir823
[29.07.2020 19:21:57, поток 15] Найден! - katherine6590_inga861
[29.07.2020 19:21:58, поток 16] Найден! - caroline59550_piccolo559
[29.07.2020 19:21:58, поток 17] Спарсили куки
[29.07.2020 19:21:59, поток 1] Спарсили куки
[29.07.2020 19:21:59, поток 19] Спарсили куки
[29.07.2020 19:22:00, поток 7] Спарсили куки
[29.07.2020 19:22:00, поток 4] Спарсили куки
[29.07.2020 19:22:00, поток 17] Найден! - judithy65555_camara695
[29.07.2020 19:22:00, поток 8] Спарсили куки
[29.07.2020 19:22:01, поток 10] Спарсили куки
[29.07.2020 19:22:01, поток 18] Спарсили куки
[29.07.2020 19:22:01, поток 1] Найден! - christine69956608_benedetti654
[29.07.2020 19:22:01, поток 19] Найден! - sylvia809_johan731
[29.07.2020 19:22:01, поток 2] Спарсили куки
[29.07.2020 19:22:01, поток 7] Найден! - sidorova9550_bertini612
[29.07.2020 19:22:01, поток 4] Найден! - alison8665_rachel944
[29.07.2020 19:22:01, поток 3] Спарсили куки
[29.07.2020 19:22:02, поток 0] Спарсили куки
[29.07.2020 19:22:02, поток 8] Найден! - merryl996965_curtis642
[29.07.2020 19:22:02, поток 12] Спарсили куки
[29.07.2020 19:22:02, поток 10] Найден! - bathsheba868_lutfullo629
[29.07.2020 19:22:02, поток 6] Спарсили куки
[29.07.2020 19:22:02, поток 18] Найден! - kudryavtseva55_daniel536
[29.07.2020 19:22:02, поток 11] Спарсили куки
[29.07.2020 19:22:02, поток 2] Найден! - dortha8895_marfa204
[29.07.2020 19:22:02, поток 13] Спарсили куки
[29.07.2020 19:22:02, поток 5] Спарсили куки
[29.07.2020 19:22:02, поток 3] Найден! - nora60895_blasi378
[29.07.2020 19:22:03, поток 9] Спарсили куки
[29.07.2020 19:22:03, поток 0] Найден! - kory9688_fail696
[29.07.2020 19:22:03, поток 6] Найден! - penelopey550666_nadir914
[29.07.2020 19:22:03, поток 11] Найден! - joanna8_klimentina589
[29.07.2020 19:22:03, поток 15] Спарсили куки
[29.07.2020 19:22:04, поток 12] Найден! - eleanore95900_fedosov853
[29.07.2020 19:22:04, поток 13] Найден! - tarasova688065_shepherd838
[29.07.2020 19:22:04, поток 5] Найден! - lebedev605609_higgins511
[29.07.2020 19:22:04, поток 16] Спарсили куки
[29.07.2020 19:22:04, поток 9] Найден! - medvedev86_watkins812
[29.07.2020 19:22:04, поток 14] Спарсили куки
[29.07.2020 19:22:05, поток 15] Аккаунт не найден - beverley668_fields434
[29.07.2020 19:22:05, поток 16] Найден! - holly508_yanit113
[29.07.2020 19:22:05, поток 14] Найден! - drusillay5580_pasquali589
[29.07.2020 19:22:07, поток 17] Спарсили куки
[29.07.2020 19:22:08, поток 1] Спарсили куки
[29.07.2020 19:22:08, поток 19] Спарсили куки
[29.07.2020 19:22:09, поток 8] Спарсили куки
[29.07.2020 19:22:09, поток 10] Спарсили куки
[29.07.2020 19:22:10, поток 2] Спарсили куки
[29.07.2020 19:22:10, поток 3] Спарсили куки
[29.07.2020 19:22:10, поток 17] Найден! - amy99096_marchese143
[29.07.2020 19:22:10, поток 4] Спарсили куки
[29.07.2020 19:22:10, поток 18] Спарсили куки
[29.07.2020 19:22:10, поток 7] Спарсили куки
[29.07.2020 19:22:10, поток 19] Найден! - lorin6_sharp883
[29.07.2020 19:22:10, поток 0] Спарсили куки
[29.07.2020 19:22:11, поток 13] Спарсили куки
[29.07.2020 19:22:11, поток 12] Спарсили куки
[29.07.2020 19:22:11, поток 8] Найден! - dorcas9866_lee405
[29.07.2020 19:22:12, поток 15] Спарсили куки
[29.07.2020 19:22:12, поток 5] Спарсили куки
[29.07.2020 19:22:12, поток 6] Спарсили куки
[29.07.2020 19:22:13, поток 4] Найден! - linda609_agafya188
[29.07.2020 19:22:13, поток 3] Найден! - amber60_castelli688
[29.07.2020 19:22:13, поток 18] Найден! - gerasimov50869_phelps261
[29.07.2020 19:22:13, поток 11] Спарсили куки
[29.07.2020 19:22:13, поток 1] Найден! - blanche695_gallagher496
[29.07.2020 19:22:14, поток 2] Найден! - annabelle800609_rocchi224
[29.07.2020 19:22:15, поток 10] Найден! - madeleine5956_stevenson152
[29.07.2020 19:22:15, поток 9] Спарсили куки
[29.07.2020 19:22:15, поток 13] Найден! - stella588_paul394
[29.07.2020 19:22:16, поток 11] Найден! - lorraine99686_lucas400
[29.07.2020 19:22:16, поток 16] Спарсили куки
[29.07.2020 19:22:16, поток 0] Найден! - darleen65050_bertini628
[29.07.2020 19:22:16, поток 15] Найден! - maximova6099_sadia832
[29.07.2020 19:22:16, поток 5] Найден! - briana6056_napolitano330
[29.07.2020 19:22:17, поток 12] Найден! - blinov595080_capasso700
[29.07.2020 19:22:18, поток 6] Найден! - bolshakova69558_sole282
[29.07.2020 19:22:18, поток 17] Спарсили куки
[29.07.2020 19:22:18, поток 9] Найден! - clemence5586_murgia738
[29.07.2020 19:22:18, поток 8] Спарсили куки
[29.07.2020 19:22:18, поток 16] Найден! - tabitha80665_frigerio954
[29.07.2020 19:22:19, поток 19] Спарсили куки
[29.07.2020 19:22:20, поток 7] Найден! - dayna0_shakira506
[29.07.2020 19:22:20, поток 4] Спарсили куки
[29.07.2020 19:22:20, поток 18] Спарсили куки
[29.07.2020 19:22:21, поток 3] Спарсили куки
[29.07.2020 19:22:21, поток 8] Найден! - meryl609_norton430
[29.07.2020 19:22:21, поток 19] Найден! - margery9908_florida799
[29.07.2020 19:22:21, поток 2] Спарсили куки
[29.07.2020 19:22:21, поток 17] Найден! - augusta8008_bratislava971
[29.07.2020 19:22:22, поток 13] Спарсили куки
[29.07.2020 19:22:22, поток 10] Спарсили куки
[29.07.2020 19:22:22, поток 4] Найден! - gromova9880_viola334
[29.07.2020 19:22:22, поток 18] Найден! - dora60_perry904
[29.07.2020 19:22:22, поток 1] Спарсили куки
[29.07.2020 19:22:22, поток 11] Спарсили куки
[29.07.2020 19:22:22, поток 0] Спарсили куки
[29.07.2020 19:22:23, поток 5] Спарсили куки
[29.07.2020 19:22:23, поток 15] Спарсили куки
[29.07.2020 19:22:24, поток 13] Найден! - amice60869_lutfullo275
[29.07.2020 19:22:25, поток 10] Найден! - zoe5_evans469
[29.07.2020 19:22:25, поток 14] Спарсили куки
[29.07.2020 19:22:26, поток 2] Найден! - dortha8895_lambert916
[29.07.2020 19:22:27, поток 12] Спарсили куки
[29.07.2020 19:22:27, поток 9] Спарсили куки
[29.07.2020 19:22:27, поток 16] Спарсили куки
[29.07.2020 19:22:27, поток 15] Найден! - ellen66966_paoletti551
[29.07.2020 19:22:27, поток 1] Найден! - margery9908_aref242
[29.07.2020 19:22:27, поток 6] Спарсили куки
[29.07.2020 19:22:28, поток 7] Спарсили куки
[29.07.2020 19:22:28, поток 14] Найден! - constance95_zahra365
[29.07.2020 19:22:28, поток 5] Найден! - millicent688069_edna905
[29.07.2020 19:22:28, поток 11] Найден! - carol9990_anfisa852
[29.07.2020 19:22:28, поток 17] Спарсили куки
[29.07.2020 19:22:29, поток 18] Спарсили куки
[29.07.2020 19:22:29, поток 3] Найден! - cornelia590956_manca370
[29.07.2020 19:22:29, поток 16] Найден! - eleanore95900_cocco531
[29.07.2020 19:22:29, поток 0] Найден! - briana6056_mckenzie903
[29.07.2020 19:22:29, поток 12] Найден! - jemima8508686_camara238
[29.07.2020 19:22:29, поток 9] Найден! - kozlov8998_noorani832
[29.07.2020 19:22:29, поток 19] Спарсили куки
[29.07.2020 19:22:30, поток 7] Найден! - cordelia88_antonida786
[29.07.2020 19:22:30, поток 6] Найден! - katherine6590_hydrangea852
[29.07.2020 19:22:31, поток 17] Найден! - rosalind996_costantino485
[29.07.2020 19:22:31, поток 18] Найден! - juliay9_hood502
[29.07.2020 19:22:31, поток 19] Найден! - kelley896_neri774
[29.07.2020 19:22:35, поток 14] Спарсили куки
[29.07.2020 19:22:35, поток 5] Спарсили куки
[29.07.2020 19:22:36, поток 14] Найден! - gwen869059_corradi473
[29.07.2020 19:22:36, поток 5] Найден! - tarasova688065_kelley389
