[29.07.2020 18:02:56, поток 0] Парсим куки...
[29.07.2020 18:02:57, поток 1] Парсим куки...
[29.07.2020 18:02:57, поток 2] Парсим куки...
[29.07.2020 18:02:59, поток 1] Спарсили куки
[29.07.2020 18:02:59, поток 1] Получили куки...
[29.07.2020 18:02:59, поток 1] Начинаем парсинг...
[29.07.2020 18:03:02, поток 2] Спарсили куки
[29.07.2020 18:03:02, поток 2] Получили куки...
[29.07.2020 18:03:02, поток 2] Начинаем парсинг...
[29.07.2020 18:03:05, поток 1] Спарсили часть...
[29.07.2020 18:03:06, поток 1] Спарсили часть...
[29.07.2020 18:03:07, поток 0] (Ошибка) Текст ошибки: xNet.HttpException: Не удалось установить SSL-соединение с HTTP-сервером 'www.instagram.com'. ---> System.IO.IOException: Аутентификация не пройдена из-за закрытия транспортного потока удаленной стороной.
   в System.Net.Security.SslState.StartReadFrame(Byte[] buffer, Int32 readBytes, AsyncProtocolRequest asyncRequest)
   в System.Net.Security.SslState.StartReceiveBlob(Byte[] buffer, AsyncProtocolRequest asyncRequest)
   в System.Net.Security.SslState.CheckCompletionBeforeNextReceive(ProtocolToken message, AsyncProtocolRequest asyncRequest)
   в System.Net.Security.SslState.StartSendBlob(Byte[] incoming, Int32 count, AsyncProtocolRequest asyncRequest)
   в System.Net.Security.SslState.ForceAuthentication(Boolean receiveFirst, Byte[] buffer, AsyncProtocolRequest asyncRequest)
   в System.Net.Security.SslState.ProcessAuthentication(LazyAsyncResult lazyResult)
   в System.Net.Security.SslStream.AuthenticateAsClient(String targetHost, X509CertificateCollection clientCertificates, SslProtocols enabledSslProtocols, Boolean checkCertificateRevocation)
   в System.Net.Security.SslStream.AuthenticateAsClient(String targetHost)
   в xNet.HttpRequest.CreateConnection(Uri address)
   --- Конец трассировки внутреннего стека исключений ---
   в xNet.HttpRequest.CreateConnection(Uri address)
   в xNet.HttpRequest.TryCreateConnectionOrUseExisting(Uri address, Uri previousAddress)
   в xNet.HttpRequest.Request(HttpMethod method, Uri address, HttpContent content)
   в xNet.HttpRequest.Raw(HttpMethod method, Uri address, HttpContent content)
   в xNet.HttpRequest.Raw(HttpMethod method, String address, HttpContent content)
   в InstaDirectMessage_ButDev.InstagramFollowersParser.GetCookie() в D:\MaXiMAA\MaXiMAAOld\C#Готово\KWORK\InstaDirectMessage_ButDev\InstaDirectMessage_ButDev\InstagramFollowersParser.cs:строка 200
[29.07.2020 18:03:07, поток 0] [DEBUG] Сменили прокси.
[29.07.2020 18:03:07, поток 0] [DEBUG] Сменили аккаунт.
[29.07.2020 18:03:07, поток 0] Парсим куки...
[29.07.2020 18:03:08, поток 1] Спарсили часть...
[29.07.2020 18:03:10, поток 0] Спарсили куки
[29.07.2020 18:03:10, поток 0] Получили куки...
[29.07.2020 18:03:10, поток 0] Начинаем парсинг...
[29.07.2020 18:03:11, поток 1] Спарсили часть...
[29.07.2020 18:03:13, поток 1] Спарсили часть...
[29.07.2020 18:03:15, поток 1] Спарсили часть...
[29.07.2020 18:03:16, поток 0] Спарсили часть...
[29.07.2020 18:03:17, поток 0] Спарсили часть...
[29.07.2020 18:03:18, поток 1] Спарсили часть...
[29.07.2020 18:03:19, поток 0] Спарсили часть...
[29.07.2020 18:03:20, поток 0] Спарсили часть...
[29.07.2020 18:03:20, поток 1] Спарсили часть...
[29.07.2020 18:03:22, поток 0] Спарсили часть...
[29.07.2020 18:03:22, поток 1] Спарсили часть...
[29.07.2020 18:03:24, поток 0] Спарсили часть...
[29.07.2020 18:03:25, поток 1] Спарсили часть...
[29.07.2020 18:03:26, поток 2] Парсинг конкурента "1558285964" закончен!
[29.07.2020 18:03:26, поток 0] Спарсили часть...
[29.07.2020 18:03:27, поток 2] Парсим куки...
[29.07.2020 18:03:27, поток 1] Спарсили часть...
[29.07.2020 18:03:27, поток 0] Спарсили часть...
[29.07.2020 18:03:29, поток 0] Спарсили часть...
[29.07.2020 18:03:29, поток 1] Спарсили часть...
[29.07.2020 18:03:31, поток 0] Спарсили часть...
[29.07.2020 18:03:33, поток 0] Спарсили часть...
[29.07.2020 18:03:33, поток 1] Спарсили часть...
[29.07.2020 18:03:34, поток 0] Спарсили часть...
[29.07.2020 18:03:36, поток 0] Спарсили часть...
[29.07.2020 18:03:36, поток 1] Спарсили часть...
[29.07.2020 18:03:36, поток 2] Спарсили куки
[29.07.2020 18:03:36, поток 2] Получили куки...
[29.07.2020 18:03:36, поток 2] Начинаем парсинг...
[29.07.2020 18:03:37, поток 0] Спарсили часть...
[29.07.2020 18:03:37, поток 1] Спарсили часть...
[29.07.2020 18:03:39, поток 0] Спарсили часть...
[29.07.2020 18:03:40, поток 1] Спарсили часть...
[29.07.2020 18:03:41, поток 0] Спарсили часть...
[29.07.2020 18:03:42, поток 1] Спарсили часть...
[29.07.2020 18:03:43, поток 0] Спарсили часть...
[29.07.2020 18:03:44, поток 1] Спарсили часть...
[29.07.2020 18:03:45, поток 0] Спарсили часть...
[29.07.2020 18:03:46, поток 0] Спарсили часть...
[29.07.2020 18:03:46, поток 1] Спарсили часть...
[29.07.2020 18:03:47, поток 0] Спарсили часть...
[29.07.2020 18:03:49, поток 1] Спарсили часть...
[29.07.2020 18:03:49, поток 0] Спарсили часть...
[29.07.2020 18:03:50, поток 1] Спарсили часть...
[29.07.2020 18:03:50, поток 0] Спарсили часть...
[29.07.2020 18:03:52, поток 0] Спарсили часть...
[29.07.2020 18:03:53, поток 1] Спарсили часть...
[29.07.2020 18:03:53, поток 0] Спарсили часть...
[29.07.2020 18:03:54, поток 2] (Ошибка) Текст ошибки: System.NullReferenceException: Ссылка на объект не указывает на экземпляр объекта.
   в InstaDirectMessage_ButDev.InstagramFollowersParser.GetFirstData(String cookie) в D:\MaXiMAA\MaXiMAAOld\C#Готово\KWORK\InstaDirectMessage_ButDev\InstaDirectMessage_ButDev\InstagramFollowersParser.cs:строка 342
[29.07.2020 18:03:54, поток 2] [DEBUG] Сменили прокси.
[29.07.2020 18:03:54, поток 2] [DEBUG] Сменили аккаунт.
[29.07.2020 18:03:54, поток 2] Что-то не так, пытаемся спарсить снова.
[29.07.2020 18:03:55, поток 0] Спарсили часть...
[29.07.2020 18:03:55, поток 1] Спарсили часть...
[29.07.2020 18:03:56, поток 1] Спарсили часть...
[29.07.2020 18:03:57, поток 0] Спарсили часть...
[29.07.2020 18:03:58, поток 0] Спарсили часть...
[29.07.2020 18:03:59, поток 1] Спарсили часть...
[29.07.2020 18:03:59, поток 2] [DEBUG] Сменили прокси.
[29.07.2020 18:03:59, поток 2] [DEBUG] Сменили аккаунт.
[29.07.2020 18:03:59, поток 2] Что-то не так, пытаемся спарсить снова.
[29.07.2020 18:04:01, поток 0] Спарсили часть...
[29.07.2020 18:04:02, поток 0] Спарсили часть...
[29.07.2020 18:04:02, поток 1] Спарсили часть...
[29.07.2020 18:04:03, поток 0] Спарсили часть...
[29.07.2020 18:04:04, поток 2] [DEBUG] Сменили прокси.
[29.07.2020 18:04:04, поток 2] [DEBUG] Сменили аккаунт.
[29.07.2020 18:04:04, поток 2] Что-то не так, пытаемся спарсить снова.
[29.07.2020 18:04:05, поток 0] Спарсили часть...
[29.07.2020 18:04:05, поток 1] Спарсили часть...
[29.07.2020 18:04:07, поток 0] Спарсили часть...
[29.07.2020 18:04:07, поток 1] Спарсили часть...
[29.07.2020 18:04:09, поток 0] Спарсили часть...
[29.07.2020 18:04:09, поток 2] [DEBUG] Сменили прокси.
[29.07.2020 18:04:09, поток 2] [DEBUG] Сменили аккаунт.
[29.07.2020 18:04:09, поток 2] Что-то не так, пытаемся спарсить снова.
[29.07.2020 18:04:11, поток 0] Спарсили часть...
[29.07.2020 18:04:11, поток 1] Спарсили часть...
[29.07.2020 18:04:12, поток 0] Спарсили часть...
[29.07.2020 18:04:13, поток 1] Спарсили часть...
[29.07.2020 18:04:13, поток 0] Спарсили часть...
[29.07.2020 18:04:14, поток 2] [DEBUG] Сменили прокси.
[29.07.2020 18:04:14, поток 2] [DEBUG] Сменили аккаунт.
[29.07.2020 18:04:14, поток 2] Что-то не так, пытаемся спарсить снова.
[29.07.2020 18:04:15, поток 0] Спарсили часть...
[29.07.2020 18:04:17, поток 0] Спарсили часть...
[29.07.2020 18:04:18, поток 0] Спарсили часть...
[29.07.2020 18:04:18, поток 1] Спарсили часть...
[29.07.2020 18:04:19, поток 2] [DEBUG] Сменили прокси.
[29.07.2020 18:04:19, поток 2] [DEBUG] Сменили аккаунт.
[29.07.2020 18:04:19, поток 2] Что-то не так, пытаемся спарсить снова.
[29.07.2020 18:04:19, поток 0] Спарсили часть...
[29.07.2020 18:04:21, поток 1] Спарсили часть...
[29.07.2020 18:04:21, поток 0] Спарсили часть...
[29.07.2020 18:04:22, поток 0] Спарсили часть...
[29.07.2020 18:04:23, поток 1] Спарсили часть...
[29.07.2020 18:04:24, поток 2] [DEBUG] Сменили прокси.
[29.07.2020 18:04:24, поток 2] [DEBUG] Сменили аккаунт.
[29.07.2020 18:04:24, поток 2] Что-то не так, пытаемся спарсить снова.
[29.07.2020 18:04:25, поток 0] Спарсили часть...
[29.07.2020 18:04:25, поток 1] Спарсили часть...
[29.07.2020 18:04:26, поток 0] Спарсили часть...
[29.07.2020 18:04:26, поток 1] Спарсили часть...
[29.07.2020 18:04:28, поток 0] Спарсили часть...
[29.07.2020 18:04:29, поток 1] Спарсили часть...
[29.07.2020 18:04:29, поток 2] [DEBUG] Сменили прокси.
[29.07.2020 18:04:29, поток 2] [DEBUG] Сменили аккаунт.
[29.07.2020 18:04:29, поток 2] Что-то не так, пытаемся спарсить снова.
[29.07.2020 18:04:29, поток 0] Спарсили часть...
[29.07.2020 18:04:31, поток 0] Спарсили часть...
[29.07.2020 18:04:31, поток 1] Спарсили часть...
[29.07.2020 18:04:33, поток 0] Спарсили часть...
[29.07.2020 18:04:33, поток 1] Спарсили часть...
[29.07.2020 18:04:34, поток 2] [DEBUG] Сменили прокси.
[29.07.2020 18:04:34, поток 2] [DEBUG] Сменили аккаунт.
[29.07.2020 18:04:34, поток 2] Что-то не так, пытаемся спарсить снова.
[29.07.2020 18:04:34, поток 0] Спарсили часть...
[29.07.2020 18:04:36, поток 0] Спарсили часть...
[29.07.2020 18:04:36, поток 1] Спарсили часть...
[29.07.2020 18:04:37, поток 0] Спарсили часть...
[29.07.2020 18:04:38, поток 0] Спарсили часть...
[29.07.2020 18:04:39, поток 1] Спарсили часть...
[29.07.2020 18:04:39, поток 2] [DEBUG] Сменили прокси.
[29.07.2020 18:04:39, поток 2] [DEBUG] Сменили аккаунт.
[29.07.2020 18:04:39, поток 2] Что-то не так, пытаемся спарсить снова.
[29.07.2020 18:04:40, поток 0] Спарсили часть...
[29.07.2020 18:04:40, поток 1] Спарсили часть...
[29.07.2020 18:04:41, поток 0] Спарсили часть...
[29.07.2020 18:04:42, поток 1] Спарсили часть...
[29.07.2020 18:04:43, поток 0] Спарсили часть...
[29.07.2020 18:04:44, поток 0] Спарсили часть...
[29.07.2020 18:04:45, поток 1] Спарсили часть...
[29.07.2020 18:04:45, поток 0] Спарсили часть...
[29.07.2020 18:04:47, поток 0] Спарсили часть...
[29.07.2020 18:04:49, поток 1] Спарсили часть...
[29.07.2020 18:04:49, поток 0] Спарсили часть...
[29.07.2020 18:04:50, поток 0] Спарсили часть...
[29.07.2020 18:04:51, поток 0] Спарсили часть...
[29.07.2020 18:04:52, поток 1] Спарсили часть...
[29.07.2020 18:04:53, поток 0] Спарсили часть...
[29.07.2020 18:04:55, поток 0] Спарсили часть...
[29.07.2020 18:04:55, поток 1] Спарсили часть...
[29.07.2020 18:04:56, поток 0] Спарсили часть...
[29.07.2020 18:04:57, поток 1] Спарсили часть...
[29.07.2020 18:04:58, поток 0] Спарсили часть...
[29.07.2020 18:04:59, поток 1] Спарсили часть...
[29.07.2020 18:05:00, поток 0] Спарсили часть...
[29.07.2020 18:05:01, поток 0] Спарсили часть...
[29.07.2020 18:05:02, поток 0] Спарсили часть...
[29.07.2020 18:05:04, поток 0] Спарсили часть...
[29.07.2020 18:05:05, поток 0] Спарсили часть...
[29.07.2020 18:05:06, поток 0] Спарсили часть...
[29.07.2020 18:05:07, поток 0] Спарсили часть...
[29.07.2020 18:05:09, поток 1] (Ошибка) Текст ошибки: System.NullReferenceException: Ссылка на объект не указывает на экземпляр объекта.
   в InstaDirectMessage_ButDev.InstagramFollowersParser.GetData(String cookie) в D:\MaXiMAA\MaXiMAAOld\C#Готово\KWORK\InstaDirectMessage_ButDev\InstaDirectMessage_ButDev\InstagramFollowersParser.cs:строка 403
[29.07.2020 18:05:09, поток 1] Спарсили часть...
[29.07.2020 18:05:09, поток 1] [DEBUG] Сменили прокси.
[29.07.2020 18:05:09, поток 1] [DEBUG] Сменили аккаунт.
[29.07.2020 18:05:09, поток 1] Что-то не так, пытаемся спарсить снова.
[29.07.2020 18:05:09, поток 0] Спарсили часть...
[29.07.2020 18:05:12, поток 0] Спарсили часть...
[29.07.2020 18:05:14, поток 1] [DEBUG] Сменили прокси.
[29.07.2020 18:05:14, поток 1] [DEBUG] Сменили аккаунт.
[29.07.2020 18:05:14, поток 1] Что-то не так, пытаемся спарсить снова.
[29.07.2020 18:05:15, поток 0] Спарсили часть...
[29.07.2020 18:05:17, поток 0] Спарсили часть...
[29.07.2020 18:05:19, поток 1] [DEBUG] Сменили прокси.
[29.07.2020 18:05:19, поток 1] [DEBUG] Сменили аккаунт.
[29.07.2020 18:05:19, поток 1] Что-то не так, пытаемся спарсить снова.
[29.07.2020 18:05:20, поток 0] Спарсили часть...
[29.07.2020 18:05:22, поток 0] Спарсили часть...
[29.07.2020 18:05:24, поток 1] [DEBUG] Сменили прокси.
[29.07.2020 18:05:24, поток 1] [DEBUG] Сменили аккаунт.
[29.07.2020 18:05:24, поток 1] Что-то не так, пытаемся спарсить снова.
[29.07.2020 18:05:24, поток 0] Спарсили часть...
[29.07.2020 18:05:26, поток 0] Спарсили часть...
[29.07.2020 18:05:29, поток 1] [DEBUG] Сменили прокси.
[29.07.2020 18:05:29, поток 1] [DEBUG] Сменили аккаунт.
[29.07.2020 18:05:29, поток 1] Что-то не так, пытаемся спарсить снова.
[29.07.2020 18:05:29, поток 0] Спарсили часть...
[29.07.2020 18:05:32, поток 0] Спарсили часть...
[29.07.2020 18:05:34, поток 1] [DEBUG] Сменили прокси.
[29.07.2020 18:05:34, поток 1] [DEBUG] Сменили аккаунт.
[29.07.2020 18:05:34, поток 1] Что-то не так, пытаемся спарсить снова.
[29.07.2020 18:05:34, поток 0] Спарсили часть...
[29.07.2020 18:05:37, поток 0] Спарсили часть...
[29.07.2020 18:05:39, поток 1] [DEBUG] Сменили прокси.
[29.07.2020 18:05:39, поток 1] [DEBUG] Сменили аккаунт.
[29.07.2020 18:05:39, поток 1] Что-то не так, пытаемся спарсить снова.
[29.07.2020 18:05:39, поток 0] Спарсили часть...
[29.07.2020 18:05:42, поток 0] Спарсили часть...
[29.07.2020 18:05:44, поток 0] Спарсили часть...
[29.07.2020 18:05:44, поток 1] [DEBUG] Сменили прокси.
[29.07.2020 18:05:44, поток 1] [DEBUG] Сменили аккаунт.
[29.07.2020 18:05:44, поток 1] Что-то не так, пытаемся спарсить снова.
[29.07.2020 18:05:46, поток 0] Спарсили часть...
[29.07.2020 18:05:48, поток 0] Спарсили часть...
[29.07.2020 18:05:49, поток 1] [DEBUG] Сменили прокси.
[29.07.2020 18:05:49, поток 1] [DEBUG] Сменили аккаунт.
[29.07.2020 18:05:49, поток 1] Что-то не так, пытаемся спарсить снова.
[29.07.2020 18:05:51, поток 0] Спарсили часть...
[29.07.2020 18:05:53, поток 0] Спарсили часть...
[29.07.2020 18:05:54, поток 1] [DEBUG] Сменили прокси.
[29.07.2020 18:05:54, поток 1] [DEBUG] Сменили аккаунт.
[29.07.2020 18:05:54, поток 1] Что-то не так, пытаемся спарсить снова.
[29.07.2020 18:05:55, поток 0] Спарсили часть...
[29.07.2020 18:05:57, поток 0] Спарсили часть...
[29.07.2020 18:05:59, поток 0] Спарсили часть...
[29.07.2020 18:06:00, поток 1] Парсим куки...
[29.07.2020 18:06:02, поток 0] Спарсили часть...
[29.07.2020 18:06:04, поток 0] Спарсили часть...
[29.07.2020 18:06:07, поток 0] Спарсили часть...
[29.07.2020 18:06:09, поток 0] Спарсили часть...
[29.07.2020 18:06:10, поток 1] (Ошибка) Текст ошибки: xNet.HttpException: Не удалось установить SSL-соединение с HTTP-сервером 'www.instagram.com'. ---> System.IO.IOException: Аутентификация не пройдена из-за закрытия транспортного потока удаленной стороной.
   в System.Net.Security.SslState.StartReadFrame(Byte[] buffer, Int32 readBytes, AsyncProtocolRequest asyncRequest)
   в System.Net.Security.SslState.StartReceiveBlob(Byte[] buffer, AsyncProtocolRequest asyncRequest)
   в System.Net.Security.SslState.CheckCompletionBeforeNextReceive(ProtocolToken message, AsyncProtocolRequest asyncRequest)
   в System.Net.Security.SslState.StartSendBlob(Byte[] incoming, Int32 count, AsyncProtocolRequest asyncRequest)
   в System.Net.Security.SslState.ForceAuthentication(Boolean receiveFirst, Byte[] buffer, AsyncProtocolRequest asyncRequest)
   в System.Net.Security.SslState.ProcessAuthentication(LazyAsyncResult lazyResult)
   в System.Net.Security.SslStream.AuthenticateAsClient(String targetHost, X509CertificateCollection clientCertificates, SslProtocols enabledSslProtocols, Boolean checkCertificateRevocation)
   в System.Net.Security.SslStream.AuthenticateAsClient(String targetHost)
   в xNet.HttpRequest.CreateConnection(Uri address)
   --- Конец трассировки внутреннего стека исключений ---
   в xNet.HttpRequest.CreateConnection(Uri address)
   в xNet.HttpRequest.TryCreateConnectionOrUseExisting(Uri address, Uri previousAddress)
   в xNet.HttpRequest.Request(HttpMethod method, Uri address, HttpContent content)
   в xNet.HttpRequest.Raw(HttpMethod method, Uri address, HttpContent content)
   в xNet.HttpRequest.Raw(HttpMethod method, String address, HttpContent content)
   в InstaDirectMessage_ButDev.InstagramFollowersParser.GetCookie() в D:\MaXiMAA\MaXiMAAOld\C#Готово\KWORK\InstaDirectMessage_ButDev\InstaDirectMessage_ButDev\InstagramFollowersParser.cs:строка 200
[29.07.2020 18:06:10, поток 1] [DEBUG] Сменили прокси.
[29.07.2020 18:06:10, поток 1] [DEBUG] Сменили аккаунт.
[29.07.2020 18:06:10, поток 1] Парсим куки...
[29.07.2020 18:06:11, поток 0] Спарсили часть...
[29.07.2020 18:06:15, поток 0] Спарсили часть...
[29.07.2020 18:06:17, поток 0] Спарсили часть...
[29.07.2020 18:06:17, поток 1] Спарсили куки
[29.07.2020 18:06:17, поток 1] Получили куки...
[29.07.2020 18:06:17, поток 1] Начинаем парсинг...
[29.07.2020 18:06:19, поток 0] Спарсили часть...
[29.07.2020 18:06:22, поток 1] Спарсили часть...
[29.07.2020 18:06:23, поток 0] Спарсили часть...
[29.07.2020 18:06:23, поток 1] Спарсили часть...
[29.07.2020 18:06:24, поток 1] Спарсили часть...
[29.07.2020 18:06:26, поток 0] Спарсили часть...
[29.07.2020 18:06:26, поток 1] Спарсили часть...
[29.07.2020 18:06:27, поток 1] Спарсили часть...
[29.07.2020 18:06:28, поток 0] Спарсили часть...
[29.07.2020 18:06:29, поток 1] Спарсили часть...
[29.07.2020 18:06:30, поток 1] Спарсили часть...
[29.07.2020 18:06:31, поток 0] Спарсили часть...
[29.07.2020 18:06:31, поток 1] Спарсили часть...
[29.07.2020 18:06:33, поток 1] Спарсили часть...
[29.07.2020 18:06:33, поток 0] Спарсили часть...
[29.07.2020 18:06:34, поток 1] Спарсили часть...
[29.07.2020 18:06:35, поток 1] Спарсили часть...
[29.07.2020 18:06:36, поток 0] Спарсили часть...
[29.07.2020 18:06:36, поток 1] Спарсили часть...
[29.07.2020 18:06:38, поток 1] Спарсили часть...
[29.07.2020 18:06:39, поток 1] Спарсили часть...
[29.07.2020 18:06:39, поток 0] Спарсили часть...
[29.07.2020 18:06:40, поток 1] Спарсили часть...
[29.07.2020 18:06:42, поток 1] Спарсили часть...
[29.07.2020 18:06:42, поток 0] Спарсили часть...
[29.07.2020 18:06:43, поток 1] Спарсили часть...
[29.07.2020 18:06:44, поток 1] Спарсили часть...
[29.07.2020 18:06:45, поток 1] Спарсили часть...
[29.07.2020 18:06:46, поток 0] Спарсили часть...
[29.07.2020 18:06:47, поток 1] Спарсили часть...
[29.07.2020 18:06:48, поток 1] Спарсили часть...
[29.07.2020 18:06:48, поток 0] Спарсили часть...
[29.07.2020 18:06:49, поток 1] Спарсили часть...
[29.07.2020 18:06:50, поток 1] Спарсили часть...
[29.07.2020 18:06:51, поток 0] Спарсили часть...
[29.07.2020 18:06:52, поток 1] Спарсили часть...
[29.07.2020 18:06:53, поток 1] Спарсили часть...
[29.07.2020 18:06:54, поток 0] Спарсили часть...
[29.07.2020 18:06:54, поток 1] Спарсили часть...
[29.07.2020 18:06:54, поток 1] Парсинг конкурента "30295835435" закончен!
[29.07.2020 18:06:57, поток 0] Спарсили часть...
[29.07.2020 18:06:59, поток 0] Спарсили часть...
[29.07.2020 18:07:02, поток 0] Спарсили часть...
[29.07.2020 18:07:04, поток 0] Спарсили часть...
[29.07.2020 18:07:06, поток 0] Спарсили часть...
[29.07.2020 18:07:08, поток 0] Спарсили часть...
[29.07.2020 18:07:11, поток 0] Спарсили часть...
[29.07.2020 18:07:13, поток 0] Спарсили часть...
[29.07.2020 18:07:14, поток 0] Спарсили часть...
[29.07.2020 18:07:16, поток 0] Спарсили часть...
[29.07.2020 18:07:17, поток 0] Спарсили часть...
[29.07.2020 18:07:18, поток 0] Спарсили часть...
[29.07.2020 18:07:19, поток 0] Спарсили часть...
[29.07.2020 18:07:20, поток 0] Спарсили часть...
[29.07.2020 18:07:22, поток 0] Спарсили часть...
[29.07.2020 18:07:23, поток 0] Спарсили часть...
[29.07.2020 18:07:25, поток 0] Спарсили часть...
[29.07.2020 18:07:26, поток 0] Спарсили часть...
[29.07.2020 18:07:27, поток 0] Спарсили часть...
[29.07.2020 18:07:29, поток 0] Спарсили часть...
[29.07.2020 18:07:30, поток 0] Спарсили часть...
[29.07.2020 18:07:31, поток 0] Спарсили часть...
[29.07.2020 18:07:32, поток 0] Спарсили часть...
[29.07.2020 18:07:34, поток 0] Спарсили часть...
[29.07.2020 18:07:35, поток 0] Спарсили часть...
[29.07.2020 18:07:36, поток 0] Спарсили часть...
[29.07.2020 18:07:37, поток 0] Спарсили часть...
[29.07.2020 18:07:38, поток 0] Спарсили часть...
[29.07.2020 18:07:40, поток 0] Спарсили часть...
[29.07.2020 18:07:41, поток 0] Спарсили часть...
[29.07.2020 18:07:43, поток 0] Спарсили часть...
[29.07.2020 18:07:44, поток 0] Спарсили часть...
[29.07.2020 18:07:45, поток 0] Спарсили часть...
[29.07.2020 18:07:46, поток 0] Спарсили часть...
[29.07.2020 18:07:47, поток 0] Спарсили часть...
[29.07.2020 18:07:49, поток 0] Спарсили часть...
[29.07.2020 18:07:50, поток 0] Спарсили часть...
[29.07.2020 18:07:51, поток 0] Спарсили часть...
[29.07.2020 18:07:52, поток 0] Спарсили часть...
[29.07.2020 18:07:53, поток 0] Спарсили часть...
[29.07.2020 18:07:55, поток 0] Спарсили часть...
[29.07.2020 18:07:56, поток 0] Спарсили часть...
[29.07.2020 18:07:57, поток 0] Спарсили часть...
[29.07.2020 18:07:59, поток 0] Спарсили часть...
[29.07.2020 18:08:00, поток 0] Спарсили часть...
[29.07.2020 18:08:01, поток 0] Спарсили часть...
[29.07.2020 18:08:02, поток 0] Спарсили часть...
[29.07.2020 18:08:03, поток 0] Спарсили часть...
[29.07.2020 18:08:05, поток 0] Спарсили часть...
[29.07.2020 18:08:06, поток 0] Спарсили часть...
[29.07.2020 18:08:07, поток 0] Спарсили часть...
[29.07.2020 18:08:09, поток 0] Спарсили часть...
[29.07.2020 18:08:10, поток 0] Спарсили часть...
[29.07.2020 18:08:11, поток 0] Спарсили часть...
[29.07.2020 18:08:12, поток 0] Спарсили часть...
[29.07.2020 18:08:13, поток 0] Спарсили часть...
[29.07.2020 18:08:15, поток 0] Спарсили часть...
[29.07.2020 18:08:16, поток 0] Спарсили часть...
[29.07.2020 18:08:18, поток 0] Спарсили часть...
[29.07.2020 18:08:19, поток 0] Спарсили часть...
[29.07.2020 18:08:20, поток 0] Спарсили часть...
[29.07.2020 18:08:21, поток 0] Спарсили часть...
[29.07.2020 18:08:23, поток 0] Спарсили часть...
[29.07.2020 18:08:24, поток 0] Спарсили часть...
[29.07.2020 18:08:25, поток 0] Спарсили часть...
[29.07.2020 18:08:26, поток 0] Спарсили часть...
[29.07.2020 18:08:28, поток 0] Спарсили часть...
[29.07.2020 18:08:29, поток 0] Спарсили часть...
[29.07.2020 18:08:30, поток 0] Спарсили часть...
[29.07.2020 18:08:32, поток 0] Спарсили часть...
[29.07.2020 18:08:33, поток 0] Спарсили часть...
[29.07.2020 18:08:34, поток 0] Спарсили часть...
[29.07.2020 18:08:35, поток 0] Спарсили часть...
[29.07.2020 18:08:36, поток 0] Спарсили часть...
[29.07.2020 18:08:38, поток 0] Спарсили часть...
[29.07.2020 18:08:39, поток 0] Спарсили часть...
[29.07.2020 18:08:40, поток 0] Спарсили часть...
[29.07.2020 18:08:41, поток 0] Спарсили часть...
[29.07.2020 18:08:42, поток 0] Спарсили часть...
[29.07.2020 18:08:44, поток 0] Спарсили часть...
[29.07.2020 18:08:45, поток 0] Спарсили часть...
[29.07.2020 18:08:46, поток 0] Спарсили часть...
[29.07.2020 18:08:47, поток 0] Спарсили часть...
[29.07.2020 18:08:48, поток 0] Спарсили часть...
[29.07.2020 18:08:50, поток 0] Достигли лимита, меняем аккаунт
[29.07.2020 18:08:50, поток 0] (Ошибка) Текст ошибки: System.NullReferenceException: Ссылка на объект не указывает на экземпляр объекта.
   в InstaDirectMessage_ButDev.InstagramFollowersParser.GetData(String cookie) в D:\MaXiMAA\MaXiMAAOld\C#Готово\KWORK\InstaDirectMessage_ButDev\InstaDirectMessage_ButDev\InstagramFollowersParser.cs:строка 403
[29.07.2020 18:08:50, поток 0] Спарсили часть...
[29.07.2020 18:08:50, поток 0] [DEBUG] Сменили прокси.
[29.07.2020 18:08:50, поток 0] [DEBUG] Сменили аккаунт.
[29.07.2020 18:08:50, поток 0] Что-то не так, пытаемся спарсить снова.
[29.07.2020 18:08:55, поток 0] [DEBUG] Сменили прокси.
[29.07.2020 18:08:55, поток 0] [DEBUG] Сменили аккаунт.
[29.07.2020 18:08:55, поток 0] Что-то не так, пытаемся спарсить снова.
[29.07.2020 18:09:00, поток 0] [DEBUG] Сменили прокси.
[29.07.2020 18:09:00, поток 0] [DEBUG] Сменили аккаунт.
[29.07.2020 18:09:00, поток 0] Что-то не так, пытаемся спарсить снова.
[29.07.2020 18:09:05, поток 0] [DEBUG] Сменили прокси.
[29.07.2020 18:09:05, поток 0] [DEBUG] Сменили аккаунт.
[29.07.2020 18:09:05, поток 0] Что-то не так, пытаемся спарсить снова.
[29.07.2020 18:09:10, поток 0] [DEBUG] Сменили прокси.
[29.07.2020 18:09:10, поток 0] [DEBUG] Сменили аккаунт.
[29.07.2020 18:09:10, поток 0] Что-то не так, пытаемся спарсить снова.
[29.07.2020 18:09:15, поток 0] [DEBUG] Сменили прокси.
[29.07.2020 18:09:15, поток 0] [DEBUG] Сменили аккаунт.
[29.07.2020 18:09:15, поток 0] Что-то не так, пытаемся спарсить снова.
[29.07.2020 18:09:20, поток 0] [DEBUG] Сменили прокси.
[29.07.2020 18:09:20, поток 0] [DEBUG] Сменили аккаунт.
[29.07.2020 18:09:20, поток 0] Что-то не так, пытаемся спарсить снова.
[29.07.2020 18:09:25, поток 0] [DEBUG] Сменили прокси.
[29.07.2020 18:09:25, поток 0] [DEBUG] Сменили аккаунт.
[29.07.2020 18:09:25, поток 0] Что-то не так, пытаемся спарсить снова.
[29.07.2020 18:09:30, поток 0] [DEBUG] Сменили прокси.
[29.07.2020 18:09:30, поток 0] [DEBUG] Сменили аккаунт.
[29.07.2020 18:09:30, поток 0] Что-то не так, пытаемся спарсить снова.
[29.07.2020 18:09:36, поток 0] Парсим куки...
[29.07.2020 18:09:38, поток 0] Спарсили куки
[29.07.2020 18:09:38, поток 0] Получили куки...
[29.07.2020 18:09:38, поток 0] Начинаем парсинг...
[29.07.2020 18:09:42, поток 0] (Ошибка) Текст ошибки: Newtonsoft.Json.JsonReaderException: Unexpected character encountered while parsing value: <. Path '', line 0, position 0.
   в Newtonsoft.Json.JsonTextReader.ParseValue()
   в Newtonsoft.Json.JsonTextReader.Read()
   в Newtonsoft.Json.JsonReader.ReadForType(JsonContract contract, Boolean hasConverter)
   в Newtonsoft.Json.Serialization.JsonSerializerInternalReader.Deserialize(JsonReader reader, Type objectType, Boolean checkAdditionalContent)
   в Newtonsoft.Json.JsonSerializer.DeserializeInternal(JsonReader reader, Type objectType)
   в Newtonsoft.Json.JsonConvert.DeserializeObject(String value, Type type, JsonSerializerSettings settings)
   в Newtonsoft.Json.JsonConvert.DeserializeObject[T](String value, JsonSerializerSettings settings)
   в InstaDirectMessage_ButDev.InstagramFollowersParser.GetFirstData(String cookie) в D:\MaXiMAA\MaXiMAAOld\C#Готово\KWORK\InstaDirectMessage_ButDev\InstaDirectMessage_ButDev\InstagramFollowersParser.cs:строка 342
[29.07.2020 18:09:45, поток 0] Чекпойнт - Posy690695_Vilada316:37g8Qz93Cn0tSqTnS_uG
[29.07.2020 18:09:45, поток 0] [DEBUG] Сменили аккаунт.
[29.07.2020 18:09:45, поток 0] Парсим куки...
[29.07.2020 18:09:47, поток 0] Спарсили куки
[29.07.2020 18:09:47, поток 0] Получили куки...
[29.07.2020 18:09:47, поток 0] Начинаем парсинг...
[29.07.2020 18:09:48, поток 0] (Ошибка) Текст ошибки: System.NullReferenceException: Ссылка на объект не указывает на экземпляр объекта.
   в InstaDirectMessage_ButDev.InstagramFollowersParser.GetFirstData(String cookie) в D:\MaXiMAA\MaXiMAAOld\C#Готово\KWORK\InstaDirectMessage_ButDev\InstaDirectMessage_ButDev\InstagramFollowersParser.cs:строка 342
[29.07.2020 18:09:51, поток 0] Чекпойнт - Bernice680856_Clementine985:2GLckUXxEsm_xPLxz40H
[29.07.2020 18:09:51, поток 0] [DEBUG] Сменили аккаунт.
[29.07.2020 18:09:51, поток 0] Парсим куки...
[29.07.2020 18:09:52, поток 0] Спарсили куки
[29.07.2020 18:09:52, поток 0] Получили куки...
[29.07.2020 18:09:52, поток 0] Начинаем парсинг...
[29.07.2020 18:09:55, поток 0] (Ошибка) Текст ошибки: Newtonsoft.Json.JsonReaderException: Unexpected character encountered while parsing value: <. Path '', line 0, position 0.
   в Newtonsoft.Json.JsonTextReader.ParseValue()
   в Newtonsoft.Json.JsonTextReader.Read()
   в Newtonsoft.Json.JsonReader.ReadForType(JsonContract contract, Boolean hasConverter)
   в Newtonsoft.Json.Serialization.JsonSerializerInternalReader.Deserialize(JsonReader reader, Type objectType, Boolean checkAdditionalContent)
   в Newtonsoft.Json.JsonSerializer.DeserializeInternal(JsonReader reader, Type objectType)
   в Newtonsoft.Json.JsonConvert.DeserializeObject(String value, Type type, JsonSerializerSettings settings)
   в Newtonsoft.Json.JsonConvert.DeserializeObject[T](String value, JsonSerializerSettings settings)
   в InstaDirectMessage_ButDev.InstagramFollowersParser.GetFirstData(String cookie) в D:\MaXiMAA\MaXiMAAOld\C#Готово\KWORK\InstaDirectMessage_ButDev\InstaDirectMessage_ButDev\InstagramFollowersParser.cs:строка 342
[29.07.2020 18:09:58, поток 0] Чекпойнт - Agatha6965_Angelina861:5jsi0HHSWjohUG5HVHpd
[29.07.2020 18:09:58, поток 0] [DEBUG] Сменили аккаунт.
[29.07.2020 18:09:58, поток 0] Парсим куки...
[29.07.2020 18:10:00, поток 0] Спарсили куки
[29.07.2020 18:10:00, поток 0] Получили куки...
[29.07.2020 18:10:00, поток 0] Начинаем парсинг...
[29.07.2020 18:10:03, поток 0] Парсинг конкурента "8665774009" закончен!
