[02.06.2020 13:10:06, thread 0] Defined proxy region - ru-RU
[02.06.2020 13:10:08, thread 1] Cookie parsing
[02.06.2020 13:10:09, thread 1] Took number in the service - +79067056889, id: 268576182
[02.06.2020 13:10:09, thread 1] Requested SMS from Instagram.
[02.06.2020 13:10:30, thread 1] Received a code 841597 on number +79067056889, id: 268576182
[02.06.2020 13:10:30, thread 1] Starting registration...
[02.06.2020 13:10:33, thread 1] Checkpoint - Darlene_Glycerius595:wRq_LN7oW9o1pa2_xysI:185.86.151.217:8011:l3ntvv:NGJKov:Mozilla/5.0 (Windows NT 10.0; WOW64) AppleWebKit/537.36 (KHTML, like Gecko) Chrome/75.0.3770.100 Safari/537.36:DarleneGlycerius47931@gmail.com:ru-RU
[02.06.2020 13:10:34, thread 1] We are waiting for another SMS to this number.
[02.06.2020 13:10:39, thread 0] Defined proxy region - ru-RU
[02.06.2020 13:10:41, thread 1] Cookie parsing
[02.06.2020 13:10:42, thread 1] Requested SMS from Instagram.
[02.06.2020 13:11:02, thread 1] Received a code 639472 on number +79067056889, id: 268576182
[02.06.2020 13:11:02, thread 1] Starting registration...
[02.06.2020 13:11:06, thread 1] Checkpoint - Phyllis5_Ferrante771:kCSbnMTdUZMwDEmYIRad:185.86.151.217:8010:l3ntvv:NGJKov:Mozilla/5.0 (Windows NT 10.0; WOW64) AppleWebKit/537.36 (KHTML, like Gecko) Chrome/77.0.3865.120 YaBrowser/19.10.2.195 Yowser/2.5 Safari/537.36:Phyllis5Ferrante39271@gmail.com:ru-RU
[02.06.2020 13:11:06, thread 1] We are waiting for another SMS to this number.
[02.06.2020 13:11:12, thread 0] Defined proxy region - ru-RU
[02.06.2020 13:11:14, thread 1] Cookie parsing
[02.06.2020 13:11:16, thread 1] Requested SMS from Instagram.
[02.06.2020 13:11:36, thread 1] Received a code 713294 on number +79067056889, id: 268576182
[02.06.2020 13:11:36, thread 1] Starting registration...
[02.06.2020 13:11:41, thread 1] Checkpoint - Elinor568_Ilzida166:bH57i2UxtkVAUjkRW5Uq:185.86.151.217:8011:l3ntvv:NGJKov:Mozilla/5.0 (Windows NT 10.0; WOW64) AppleWebKit/537.36 (KHTML, like Gecko) Chrome/77.0.3865.92 YaBrowser/19.10.0.1522 Yowser/2.5 Safari/537.36:Elinor568Ilzida74252@gmail.com:ru-RU
[02.06.2020 13:11:41, thread 1] We are waiting for another SMS to this number.
[02.06.2020 13:11:47, thread 0] Defined proxy region - ru-RU
[02.06.2020 13:11:49, thread 1] Cookie parsing
[02.06.2020 13:11:50, thread 1] Requested SMS from Instagram.
[02.06.2020 13:12:10, thread 1] Received a code 623580 on number +79067056889, id: 268576182
[02.06.2020 13:12:10, thread 1] Starting registration...
[02.06.2020 13:12:14, thread 1] Checkpoint - Mariah0_Banu372:_tcsryM5WjvZTAXOtm99:185.86.151.217:8010:l3ntvv:NGJKov:Mozilla/5.0 (Windows NT 10.0; WOW64) AppleWebKit/537.36 (KHTML, like Gecko) Chrome/75.0.3770.143 YaBrowser/19.7.1.114 Yowser/2.5 Safari/537.36:Mariah0Banu95557@gmail.com:ru-RU
[02.06.2020 13:12:14, thread 1] We are waiting for another SMS to this number.
[02.06.2020 13:12:20, thread 0] Defined proxy region - ru-RU
[02.06.2020 13:12:22, thread 1] Cookie parsing
[02.06.2020 13:12:23, thread 1] Requested SMS from Instagram.
[02.06.2020 13:12:44, thread 1] Received a code 342910 on number +79067056889, id: 268576182
[02.06.2020 13:12:44, thread 1] Starting registration...
[02.06.2020 13:12:48, thread 1] Checkpoint - Rachel58_Narim572:vkdN8x63rKRvrhf7FR2R:185.86.151.217:8011:l3ntvv:NGJKov:Mozilla/5.0 (Windows NT 6.1; Win64; x64) AppleWebKit/537.36 (KHTML, like Gecko) Chrome/72.0.3626.119 Safari/537.36:Rachel58Narim72447@gmail.com:ru-RU
[02.06.2020 13:12:48, thread 1] We are waiting for another SMS to this number.
[02.06.2020 13:12:54, thread 0] Defined proxy region - ru-RU
[02.06.2020 13:12:56, thread 1] Cookie parsing
[02.06.2020 13:12:57, thread 1] Requested SMS from Instagram.
[02.06.2020 13:13:17, thread 1] Received a code 852673 on number +79067056889, id: 268576182
[02.06.2020 13:13:17, thread 1] Starting registration...
[02.06.2020 13:13:23, thread 1] Registration successful! - Beverley668_Ferrario664:56sHZcWf_ej687VVg28e:185.86.151.217:8010:l3ntvv:NGJKov:mozilla/5.0 (linux; Android 7.0; TRT-LX1 Build/HUAWEITRT-LX1; wv) AppleWebKit/537.36 (KHTML, like Gecko) Version/4.0 Chrome/57.0.2987.108 Mobile Safari/537.36 [FB_IAB/FB4A;FBAV/165.0.0.53.93;]:Beverley668Ferrario64381@gmail.com:ru-RU
[02.06.2020 13:13:23, thread 1] We are waiting for another SMS to this number.
[02.06.2020 13:13:24, thread 0] Defined proxy region - ru-RU
[02.06.2020 13:13:27, thread 1] Cookie parsing
[02.06.2020 13:13:28, thread 1] Requested SMS from Instagram.
[02.06.2020 13:13:48, thread 1] Received a code 153760 on number +79067056889, id: 268576182
[02.06.2020 13:13:48, thread 1] Starting registration...
[02.06.2020 13:13:51, thread 1] Checkpoint - Samantha606968_Brunei530:3AIqzTQodr6wVlPrkOq_:185.86.151.217:8011:l3ntvv:NGJKov:Mozilla/5.0 (Windows NT 10.0; WOW64; rv:52.0) Gecko/20100101 Firefox/52.0:Samantha606968Brunei99739@gmail.com:ru-RU
[02.06.2020 13:13:52, thread 1] We are waiting for another SMS to this number.
[02.06.2020 13:13:59, thread 0] Defined proxy region - ru-RU
[02.06.2020 13:14:05, thread 1] Cookie parsing
[02.06.2020 13:14:08, thread 1] Requested SMS from Instagram.
[02.06.2020 13:14:28, thread 1] Received a code 086915 on number +79067056889, id: 268576182
[02.06.2020 13:14:28, thread 1] Starting registration...
[02.06.2020 13:14:33, thread 1] Registration successful! - Hilda8655_Napolitano830:TPcwex9clRmOrAh8wDKT:185.86.151.217:8010:l3ntvv:NGJKov:mozilla/5.0 (linux; Android 5.1; ASUS_Z00VD Build/LMY47I; wv) AppleWebKit/537.36 (KHTML, like Gecko) Version/4.0 Chrome/63.0.3239.111 Mobile Safari/537.36 [FB_IAB/FB4A;FBAV/176.0.0.33.87;]:Hilda8655Napolitano61091@gmail.com:ru-RU
[02.06.2020 13:14:33, thread 1] We are waiting for another SMS to this number.
[02.06.2020 13:14:34, thread 0] Defined proxy region - ru-RU
[02.06.2020 13:14:35, thread 1] Cookie parsing
[02.06.2020 13:14:37, thread 1] Requested SMS from Instagram.
[02.06.2020 13:15:17, thread 1] Received a code 073968 on number +79067056889, id: 268576182
[02.06.2020 13:15:17, thread 1] Starting registration...
[02.06.2020 13:15:21, thread 1] Checkpoint - Brenda9008_Bronislaw984:8vfsjVRC8Pu4ZYYiHVAU:185.86.151.217:8011:l3ntvv:NGJKov:Mozilla/5.0 (Windows NT 10.0; Win64; x64; rv:56.0) Gecko/20100101 Firefox/56.0:Brenda9008Bronislaw51004@gmail.com:ru-RU
[02.06.2020 13:15:21, thread 1] We are waiting for another SMS to this number.
[02.06.2020 13:15:28, thread 0] Defined proxy region - ru-RU
[02.06.2020 13:15:31, thread 1] Cookie parsing
[02.06.2020 13:15:31, thread 1] Requested SMS from Instagram.
[02.06.2020 13:16:33, thread 1] Requested another SMS from Instagram.
[02.06.2020 13:17:34, thread 1] Failed to get SMS from Instagram!
[02.06.2020 13:17:40, thread 0] Defined proxy region - ru-RU
[02.06.2020 13:17:42, thread 1] Cookie parsing
[02.06.2020 13:17:42, thread 1] Requested SMS from Instagram.
[02.06.2020 13:18:03, thread 1] Received a code 073968 on number +79067056889, id: 268576182
[02.06.2020 13:18:03, thread 1] Starting registration...
[02.06.2020 13:18:03, thread 1] Error registering - Emma8686_Yasmin412:IvjafZKWSyRxPfSX8Gw7:185.86.151.217:8011:l3ntvv:NGJKov:Mozilla/5.0 (Windows NT 6.1; Win64; x64) AppleWebKit/537.36 (KHTML, like Gecko) Chrome/78.0.3904.87 Safari/537.36:Emma8686Yasmin92108@gmail.com:ru-RU
[02.06.2020 13:18:09, thread 0] Defined proxy region - ru-RU
[02.06.2020 13:18:12, thread 1] Cookie parsing
[02.06.2020 13:18:13, thread 1] Requested SMS from Instagram.
[02.06.2020 13:18:34, thread 1] Received a code 073968 on number +79067056889, id: 268576182
[02.06.2020 13:18:34, thread 1] Starting registration...
[02.06.2020 13:18:34, thread 1] Error registering - Danilova5689_Costantini298:AUtsUTcBQBrZzOwwFlTf:185.86.151.217:8010:l3ntvv:NGJKov:mozilla/5.0 (windows nt 6.1; wow64; trident/7.0; rv:11.0; KTXN B674517283A90230T1297416P1) like Gecko:Danilova5689Costantini36793@gmail.com:ru-RU
[02.06.2020 13:18:40, thread 0] Defined proxy region - ru-RU
[02.06.2020 13:18:42, thread 1] Cookie parsing
[02.06.2020 13:18:42, thread 1] There are no numbers in SMS service!
[02.06.2020 13:18:48, thread 0] Defined proxy region - ru-RU
[02.06.2020 13:18:52, thread 1] Cookie parsing
[02.06.2020 13:18:52, thread 1] There are no numbers in SMS service!
[02.06.2020 13:18:58, thread 0] Defined proxy region - ru-RU
[02.06.2020 13:19:00, thread 1] Cookie parsing
[02.06.2020 13:19:01, thread 1] There are no numbers in SMS service!
[02.06.2020 13:19:06, thread 0] Defined proxy region - ru-RU
[02.06.2020 13:19:09, thread 1] Cookie parsing
[02.06.2020 13:19:09, thread 1] There are no numbers in SMS service!
[02.06.2020 13:19:15, thread 0] Defined proxy region - ru-RU
[02.06.2020 13:19:17, thread 1] Cookie parsing
[02.06.2020 13:19:17, thread 1] There are no numbers in SMS service!
[02.06.2020 13:19:23, thread 0] Defined proxy region - ru-RU
[02.06.2020 13:19:25, thread 1] Cookie parsing
[02.06.2020 13:19:25, thread 1] There are no numbers in SMS service!
[02.06.2020 13:19:31, thread 0] Defined proxy region - ru-RU
[02.06.2020 13:19:33, thread 1] Cookie parsing
[02.06.2020 13:19:33, thread 1] Took number in the service - +79647649852, id: 268580018
[02.06.2020 13:19:35, thread 1] Requested SMS from Instagram.
[02.06.2020 13:19:55, thread 1] Received a code 615824 on number +79647649852, id: 268580018
[02.06.2020 13:19:55, thread 1] Starting registration...
[02.06.2020 13:19:58, thread 1] Checkpoint - Marjory65006_Florida469:dmLSMI6V_DHsse3S94vp:185.86.151.217:8011:l3ntvv:NGJKov:Mozilla/5.0 (Windows NT 6.1; WOW64) AppleWebKit/537.36 (KHTML, like Gecko) Chrome/76.0.3809.132 Safari/537.36:Marjory65006Florida11762@gmail.com:ru-RU
[02.06.2020 13:19:59, thread 1] We are waiting for another SMS to this number.
[02.06.2020 13:20:05, thread 0] Defined proxy region - ru-RU
[02.06.2020 13:20:08, thread 1] Cookie parsing
[02.06.2020 13:20:09, thread 1] Requested SMS from Instagram.
[02.06.2020 13:20:29, thread 1] Received a code 836754 on number +79647649852, id: 268580018
[02.06.2020 13:20:29, thread 1] Starting registration...
[02.06.2020 13:20:35, thread 1] Registration successful! - Shana598_Mavlyuda813:h2JorNmetIZxLoX36O9F:185.86.151.217:8010:l3ntvv:NGJKov:mozilla/5.0 (linux; Android 6.0; Lenovo TB3-710F Build/LRX21M; wv) AppleWebKit/537.36 (KHTML, like Gecko) Version/4.0 Chrome/57.0.2987.108 Safari/537.36 [FB_IAB/FB4A;FBAV/156.0.0.36.100;]:Shana598Mavlyuda11979@gmail.com:ru-RU
[02.06.2020 13:20:35, thread 1] We are waiting for another SMS to this number.
[02.06.2020 13:20:36, thread 0] Defined proxy region - ru-RU
[02.06.2020 13:20:38, thread 1] Cookie parsing
[02.06.2020 13:20:39, thread 1] Requested SMS from Instagram.
[02.06.2020 13:20:59, thread 1] Received a code 345076 on number +79647649852, id: 268580018
[02.06.2020 13:20:59, thread 1] Starting registration...
[02.06.2020 13:21:03, thread 1] Checkpoint - Juliey8898_Diodorus743:GpFRqcSjZAqbDABHJWDn:185.86.151.217:8011:l3ntvv:NGJKov:Mozilla/5.0 (Windows NT 10.0; WOW64) AppleWebKit/537.36 (KHTML, like Gecko) Chrome/53.0.2785.104 Safari/537.36 Core/1.53.2717.400 QQBrowser/9.6.11133.400:Juliey8898Diodorus21473@gmail.com:ru-RU
[02.06.2020 13:21:04, thread 1] We are waiting for another SMS to this number.
[02.06.2020 13:21:10, thread 0] Defined proxy region - ru-RU
[02.06.2020 13:21:13, thread 1] Cookie parsing
[02.06.2020 13:21:15, thread 1] Requested SMS from Instagram.
[02.06.2020 13:21:35, thread 1] Received a code 864209 on number +79647649852, id: 268580018
[02.06.2020 13:21:35, thread 1] Starting registration...
[02.06.2020 13:21:39, thread 1] Checkpoint - Gloria559_Naira166:8oCckXVS3BcYjPo0oHZW:185.86.151.217:8010:l3ntvv:NGJKov:Mozilla/5.0 (Windows NT 6.1; Win64; x64) AppleWebKit/537.36 (KHTML, like Gecko) Chrome/78.0.3904.70 Safari/537.36,gzip(gfe):Gloria559Naira74252@gmail.com:ru-RU
[02.06.2020 13:21:40, thread 1] We are waiting for another SMS to this number.
[02.06.2020 13:21:46, thread 0] Defined proxy region - ru-RU
[02.06.2020 13:21:48, thread 1] Cookie parsing
[02.06.2020 13:21:49, thread 1] Requested SMS from Instagram.
[02.06.2020 13:22:09, thread 1] Received a code 109684 on number +79647649852, id: 268580018
[02.06.2020 13:22:09, thread 1] Starting registration...
[02.06.2020 13:22:14, thread 1] Checkpoint - Zakharova589_Christina134:GGQP_HqV2xJ6_JGt9Tfo:185.86.151.217:8011:l3ntvv:NGJKov:mozilla/5.0 (linux; Android 6.0.1; HUAWEI CUN-L21 Build/HUAWEICUN-L21; wv) AppleWebKit/537.36 (KHTML, like Gecko) Version/4.0 Chrome/62.0.3202.84 Mobile Safari/537.36 [FB_IAB/FB4A;FBAV/153.0.0.53.88;]:Zakharova589Christina42184@gmail.com:ru-RU
[02.06.2020 13:22:14, thread 1] We are waiting for another SMS to this number.
[02.06.2020 13:22:20, thread 0] Defined proxy region - ru-RU
[02.06.2020 13:22:23, thread 1] Cookie parsing
[02.06.2020 13:22:25, thread 1] Requested SMS from Instagram.
[02.06.2020 13:23:05, thread 1] Received a code 239807 on number +79647649852, id: 268580018
[02.06.2020 13:23:05, thread 1] Starting registration...
[02.06.2020 13:23:06, thread 1] Error registering - MargaretMargaret550_Bianchini443:PkBHWa3XhtbBjazTceJo:185.86.151.217:8010:l3ntvv:NGJKov:mozilla/5.0 (linux; Android 7.0; ASUS_Z011D Build/MMB29P; wv) AppleWebKit/537.36 (KHTML, like Gecko) Version/4.0  Chrome/61.0.3163.98 Mobile Safari/537.36 [FB_IAB/FB4A;FBAV/169.0.0.46.94;]:MargaretMargaret550Bianchini60120@gmail.com:ru-RU
[02.06.2020 13:23:06, thread 1] We are waiting for another SMS to this number.
[02.06.2020 13:23:12, thread 0] Defined proxy region - ru-RU
[02.06.2020 13:23:14, thread 1] Cookie parsing
[02.06.2020 13:23:15, thread 1] Requested SMS from Instagram.
[02.06.2020 13:23:35, thread 1] Received a code 791058 on number +79647649852, id: 268580018
[02.06.2020 13:23:35, thread 1] Starting registration...
[02.06.2020 13:23:39, thread 1] Checkpoint - Joleen55680_Calabrese371:UEbNUBLzYxaTJWxlZa2S:185.86.151.217:8011:l3ntvv:NGJKov:Mozilla/5.0 (Windows NT 10.0; WOW64) AppleWebKit/537.36 (KHTML, like Gecko) Chrome/77.0.3865.120 YaBrowser/19.10.2.165 (beta) Yowser/2.5 Safari/537.36:Joleen55680Calabrese93456@gmail.com:ru-RU
[02.06.2020 13:23:39, thread 1] We are waiting for another SMS to this number.
[02.06.2020 13:23:45, thread 0] Defined proxy region - ru-RU
[02.06.2020 13:23:48, thread 1] Cookie parsing
[02.06.2020 13:23:49, thread 1] Requested SMS from Instagram.
[02.06.2020 13:24:29, thread 1] Received a code 632147 on number +79647649852, id: 268580018
[02.06.2020 13:24:29, thread 1] Starting registration...
[02.06.2020 13:24:35, thread 1] Registration successful! - Anna569_Tala762:taCfPRfLvCSYrGiStGX7:185.86.151.217:8010:l3ntvv:NGJKov:mozilla/5.0 (linux; Android 5.1; 6039Y Build/LRX22G; wv) AppleWebKit/537.36 (KHTML, like Gecko) Version/4.0 Chrome/57.0.2987.108 Mobile Safari/537.36 [FB_IAB/FB4A;FBAV/150.0.0.38.138;]:Anna569Tala72686@gmail.com:ru-RU
[02.06.2020 13:24:36, thread 1] We are waiting for another SMS to this number.
[02.06.2020 13:24:36, thread 0] Defined proxy region - ru-RU
[02.06.2020 13:24:38, thread 1] Cookie parsing
[02.06.2020 13:24:39, thread 1] Requested SMS from Instagram.
[02.06.2020 13:25:40, thread 1] Requested another SMS from Instagram.
[02.06.2020 13:26:41, thread 1] Failed to get SMS from Instagram!
[02.06.2020 13:26:47, thread 0] Defined proxy region - ru-RU
[02.06.2020 13:26:50, thread 1] Cookie parsing
[02.06.2020 13:26:50, thread 1] Took number in the service - +79035324549, id: 268583557
[02.06.2020 13:26:51, thread 1] Requested SMS from Instagram.
[02.06.2020 13:27:11, thread 1] Received a code 592816 on number +79035324549, id: 268583557
[02.06.2020 13:27:11, thread 1] Starting registration...
[02.06.2020 13:27:14, thread 1] Checkpoint - Ashlie99_Kamal591:hIW7mOFHa4v2CCzG3Dy4:185.86.151.217:8010:l3ntvv:NGJKov:Mozilla/5.0 (Windows NT 6.1; Win64; x64) AppleWebKit/537.36 (KHTML, like Gecko) Chrome/75.0.3770.100 Safari/537.36:Ashlie99Kamal33662@gmail.com:ru-RU
[02.06.2020 13:27:15, thread 1] We are waiting for another SMS to this number.
[02.06.2020 13:27:20, thread 0] Defined proxy region - ru-RU
[02.06.2020 13:27:22, thread 1] Cookie parsing
[02.06.2020 13:27:23, thread 1] Requested SMS from Instagram.
[02.06.2020 13:27:44, thread 1] Received a code 875213 on number +79035324549, id: 268583557
[02.06.2020 13:27:44, thread 1] Starting registration...
[02.06.2020 13:27:48, thread 1] Checkpoint - Kathleen505_Martini174:VlwkvSLI0WTJ9G61SfY3:185.86.151.217:8011:l3ntvv:NGJKov:Mozilla/5.0 (Windows NT 10.0; WOW64) AppleWebKit/537.36 (KHTML, like Gecko) Chrome/76.0.3809.132 YaBrowser/19.9.3.314 Yowser/2.5 Safari/537.36:Kathleen505Martini38735@gmail.com:ru-RU
[02.06.2020 13:27:49, thread 1] We are waiting for another SMS to this number.
[02.06.2020 13:27:54, thread 0] Defined proxy region - ru-RU
[02.06.2020 13:27:56, thread 1] Cookie parsing
[02.06.2020 13:27:57, thread 1] Requested SMS from Instagram.
[02.06.2020 13:28:17, thread 1] Received a code 583190 on number +79035324549, id: 268583557
[02.06.2020 13:28:17, thread 1] Starting registration...
[02.06.2020 13:28:21, thread 1] Checkpoint - Gillian50_Ilgiz396:D9zK9O1uushxUtP7PNAP:185.86.151.217:8010:l3ntvv:NGJKov:Mozilla/5.0 (Windows NT 6.1) AppleWebKit/537.36 (KHTML, like Gecko) Chrome/77.0.3865.75 Safari/537.36:Gillian50Ilgiz45097@gmail.com:ru-RU
[02.06.2020 13:28:21, thread 1] We are waiting for another SMS to this number.
[02.06.2020 13:28:27, thread 0] Defined proxy region - ru-RU
[02.06.2020 13:28:29, thread 1] Cookie parsing
[02.06.2020 13:28:29, thread 1] Requested SMS from Instagram.
[02.06.2020 13:28:50, thread 1] Received a code 634529 on number +79035324549, id: 268583557
[02.06.2020 13:28:50, thread 1] Starting registration...
[02.06.2020 13:28:54, thread 1] Checkpoint - Christiana689_Malone115:gyCyNUUvNQBSykYaScyJ:185.86.151.217:8011:l3ntvv:NGJKov:Mozilla/5.0 (Windows NT 10.0; Win64; x64) AppleWebKit/537.36 (KHTML, like Gecko) Chrome/68.0.3440.106 Safari/537.36 OPR/55.0.2994.44:Christiana689Malone80970@gmail.com:ru-RU
[02.06.2020 13:28:54, thread 1] We are waiting for another SMS to this number.
[02.06.2020 13:29:00, thread 0] Defined proxy region - ru-RU
[02.06.2020 13:29:02, thread 1] Cookie parsing
[02.06.2020 13:29:03, thread 1] Requested SMS from Instagram.
[02.06.2020 13:29:23, thread 1] Received a code 385097 on number +79035324549, id: 268583557
[02.06.2020 13:29:23, thread 1] Starting registration...
[02.06.2020 13:29:28, thread 1] Checkpoint - Sara5085_Pauline622:TUc49necrRA1aWYsTq51:185.86.151.217:8010:l3ntvv:NGJKov:Mozilla/5.0 (Windows NT 10.0; Win64; x64) AppleWebKit/537.36 (KHTML, like Gecko) Chrome/76.0.3809.100 Safari/537.36:Sara5085Pauline91673@gmail.com:ru-RU
[02.06.2020 13:29:28, thread 1] We are waiting for another SMS to this number.
[02.06.2020 13:29:34, thread 0] Defined proxy region - ru-RU
[02.06.2020 13:29:36, thread 1] Cookie parsing
[02.06.2020 13:29:37, thread 1] Requested SMS from Instagram.
[02.06.2020 13:29:57, thread 1] Received a code 745190 on number +79035324549, id: 268583557
[02.06.2020 13:29:57, thread 1] Starting registration...
[02.06.2020 13:30:02, thread 1] Checkpoint - Pearl58808055_Murshid451:NN1yy1QwXSgZ9jmamHlf:185.86.151.217:8011:l3ntvv:NGJKov:mozilla/5.0 (linux; Android 8.0.0; STARTRAIL 9 Build/NRD90M; wv) AppleWebKit/537.36 (KHTML, like Gecko) Version/4.0 Chrome/62.0.3202.84 Mobile Safari/537.36 [FB_IAB/FB4A;FBAV/157.0.0.38.97;]:Pearl58808055Murshid52649@gmail.com:ru-RU
[02.06.2020 13:30:02, thread 1] We are waiting for another SMS to this number.
[02.06.2020 13:30:09, thread 0] Defined proxy region - ru-RU
[02.06.2020 13:30:11, thread 1] Cookie parsing
[02.06.2020 13:30:13, thread 1] Requested SMS from Instagram.
[02.06.2020 13:30:33, thread 1] Received a code 617839 on number +79035324549, id: 268583557
[02.06.2020 13:30:33, thread 1] Starting registration...
[02.06.2020 13:30:39, thread 1] Checkpoint - Lucy6096_Ford440:2eRb5qWllsPXCqYFN0eT:185.86.151.217:8010:l3ntvv:NGJKov:Mozilla/5.0 (Windows NT 10.0; Win64; x64) AppleWebKit/537.36 (KHTML, like Gecko) Chrome/78.0.3904.87 Safari/537.36,gzip(gfe):Lucy6096Ford19907@gmail.com:ru-RU
[02.06.2020 13:30:39, thread 1] We are waiting for another SMS to this number.
[02.06.2020 13:30:46, thread 0] Defined proxy region - ru-RU
[02.06.2020 13:30:50, thread 1] Cookie parsing
[02.06.2020 13:30:50, thread 1] Requested SMS from Instagram.
[02.06.2020 13:31:11, thread 1] Received a code 402938 on number +79035324549, id: 268583557
[02.06.2020 13:31:11, thread 1] Starting registration...
[02.06.2020 13:31:15, thread 1] Checkpoint - Sergeeva509_Gabriella616:5iAVqZpzV9IEAPhw0Wcj:185.86.151.217:8011:l3ntvv:NGJKov:mozilla/5.0 (linux; Android 5.1; U PULSE LITE Build/NRD90M; wv) AppleWebKit/537.36 (KHTML, like Gecko) Version/4.0  Chrome/61.0.3163.98 Mobile Safari/537.36 [FB_IAB/FB4A;FBAV/166.0.0.66.95;]:Sergeeva509Gabriella47257@gmail.com:ru-RU
[02.06.2020 13:31:15, thread 1] We are waiting for another SMS to this number.
[02.06.2020 13:31:21, thread 0] Defined proxy region - ru-RU
[02.06.2020 13:31:23, thread 1] Cookie parsing
[02.06.2020 13:31:25, thread 1] Requested SMS from Instagram.
[02.06.2020 13:31:45, thread 1] Received a code 935124 on number +79035324549, id: 268583557
[02.06.2020 13:31:45, thread 1] Starting registration...
[02.06.2020 13:31:50, thread 1] Registration successful! - Tsvetkova9895_Conley888:9rJJY83R12MH53MXvHIi:185.86.151.217:8010:l3ntvv:NGJKov:mozilla/5.0 (linux; Android 6.0.1; C6602 Build/10.7.A.0.222; wv) AppleWebKit/537.36 (KHTML, like Gecko) Version/4.0 Chrome/62.0.3202.84 Mobile Safari/537.36 [FB_IAB/FB4A;FBAV/172.0.0.66.93;]:Tsvetkova9895Conley18857@gmail.com:ru-RU
[02.06.2020 13:31:50, thread 1] We are waiting for another SMS to this number.
[02.06.2020 13:31:51, thread 0] Defined proxy region - ru-RU
[02.06.2020 13:31:54, thread 1] Cookie parsing
[02.06.2020 13:31:54, thread 1] Requested SMS from Instagram.
[02.06.2020 13:32:56, thread 1] Requested another SMS from Instagram.
[02.06.2020 13:33:57, thread 1] Failed to get SMS from Instagram!
[02.06.2020 13:34:03, thread 0] Defined proxy region - ru-RU
[02.06.2020 13:34:06, thread 1] Cookie parsing
[02.06.2020 13:34:07, thread 1] Requested SMS from Instagram.
[02.06.2020 13:34:27, thread 1] Received a code 935124 on number +79035324549, id: 268583557
[02.06.2020 13:34:27, thread 1] Starting registration...
[02.06.2020 13:34:28, thread 1] Error registering - Jennifer6600_Rashid949:GTAFUTzgIu5BYh2433Wu:185.86.151.217:8010:l3ntvv:NGJKov:mozilla/5.0 (linux; Android 5.1; ASUS_Z00VD Build/LMY47I; wv) AppleWebKit/537.36 (KHTML, like Gecko) Version/4.0 Chrome/63.0.3239.111 Mobile Safari/537.36 [FB_IAB/FB4A;FBAV/176.0.0.33.87;]:Jennifer6600Rashid42778@gmail.com:ru-RU
[02.06.2020 13:34:34, thread 0] Defined proxy region - ru-RU
[02.06.2020 13:34:36, thread 1] Cookie parsing
[02.06.2020 13:34:36, thread 1] Requested SMS from Instagram.
[02.06.2020 13:34:57, thread 1] Received a code 935124 on number +79035324549, id: 268583557
[02.06.2020 13:34:57, thread 1] Starting registration...
[02.06.2020 13:34:57, thread 1] Error registering - Jemima8508686_Velislava948:VoAM14XXeoLKknMAYyYL:185.86.151.217:8011:l3ntvv:NGJKov:mozilla/5.0 (linux; Android 7.0; TRT-LX1 Build/HUAWEITRT-LX1; wv) AppleWebKit/537.36 (KHTML, like Gecko) Version/4.0 Chrome/57.0.2987.108 Mobile Safari/537.36 [FB_IAB/FB4A;FBAV/165.0.0.53.93;]:Jemima8508686Velislava40677@gmail.com:ru-RU
[02.06.2020 13:35:03, thread 0] Defined proxy region - ru-RU
[02.06.2020 13:35:05, thread 1] Cookie parsing
[02.06.2020 13:35:18, thread 1] Requested SMS from Instagram.
[02.06.2020 13:35:38, thread 1] Received a code 935124 on number +79035324549, id: 268583557
[02.06.2020 13:35:38, thread 1] Starting registration...
[02.06.2020 13:35:42, thread 1] Error registering - Joleen55680_Lyubava805:_6WHY8oYZDtOejxoHmw5:185.86.151.217:8010:l3ntvv:NGJKov:mozilla/5.0 (linux; Android 5.1; 6039Y Build/LRX22G; wv) AppleWebKit/537.36 (KHTML, like Gecko) Version/4.0 Chrome/57.0.2987.108 Mobile Safari/537.36 [FB_IAB/FB4A;FBAV/150.0.0.38.138;]:Joleen55680Lyubava47496@gmail.com:ru-RU
[02.06.2020 13:35:48, thread 0] Defined proxy region - ru-RU
[02.06.2020 13:35:50, thread 1] Cookie parsing
[02.06.2020 13:35:51, thread 1] Requested SMS from Instagram.
[02.06.2020 13:36:11, thread 1] Received a code 935124 on number +79035324549, id: 268583557
[02.06.2020 13:36:11, thread 1] Starting registration...
[02.06.2020 13:36:12, thread 1] Error registering - Sarah5608_Ferraro804:EX82qW7DppLd1xlCImkK:185.86.151.217:8011:l3ntvv:NGJKov:mozilla/5.0 (linux; Android 6.0; Lenovo TB3-710F Build/LRX21M; wv) AppleWebKit/537.36 (KHTML, like Gecko) Version/4.0 Chrome/57.0.2987.108 Safari/537.36 [FB_IAB/FB4A;FBAV/156.0.0.36.100;]:Sarah5608Ferraro45395@gmail.com:ru-RU
[02.06.2020 13:36:18, thread 0] Defined proxy region - ru-RU
[02.06.2020 13:36:20, thread 1] Cookie parsing
[02.06.2020 13:36:20, thread 1] Took number in the service - +79915227623, id: 268588270
[02.06.2020 13:36:21, thread 1] Requested SMS from Instagram.
[02.06.2020 13:37:22, thread 1] Requested another SMS from Instagram.
[02.06.2020 13:38:23, thread 1] Failed to get SMS from Instagram!
[02.06.2020 13:38:40, thread 0] Defined proxy region - ru-RU
[02.06.2020 13:39:09, thread 1] Cookie parsing
[02.06.2020 13:39:12, thread 1] Requested SMS from Instagram.
[02.06.2020 13:40:15, thread 1] Requested another SMS from Instagram.
[02.06.2020 13:41:16, thread 1] Failed to get SMS from Instagram!
[02.06.2020 13:41:23, thread 0] Defined proxy region - ru-RU
[02.06.2020 13:41:29, thread 1] Cookie parsing
[02.06.2020 13:41:31, thread 1] Requested SMS from Instagram.
[02.06.2020 13:42:33, thread 1] Requested another SMS from Instagram.
[02.06.2020 13:43:34, thread 1] Failed to get SMS from Instagram!
[02.06.2020 13:43:40, thread 0] Defined proxy region - ru-RU
[02.06.2020 13:43:41, thread 1] Cookie parsing
[02.06.2020 13:43:42, thread 1] Requested SMS from Instagram.
[02.06.2020 13:44:43, thread 1] Requested another SMS from Instagram.
[02.06.2020 13:45:44, thread 1] Failed to get SMS from Instagram!
[02.06.2020 13:45:51, thread 0] Defined proxy region - ru-RU
[02.06.2020 13:45:53, thread 1] Cookie parsing
[02.06.2020 13:45:53, thread 1] Requested SMS from Instagram.
[02.06.2020 13:46:55, thread 1] Requested another SMS from Instagram.
[02.06.2020 13:47:55, thread 1] Failed to get SMS from Instagram!
[02.06.2020 13:48:01, thread 0] Defined proxy region - ru-RU
[02.06.2020 13:48:03, thread 1] Cookie parsing
[02.06.2020 13:48:04, thread 1] Requested SMS from Instagram.
[02.06.2020 13:49:06, thread 1] Requested another SMS from Instagram.
[02.06.2020 13:50:07, thread 1] Failed to get SMS from Instagram!
[02.06.2020 13:50:13, thread 0] Defined proxy region - ru-RU
[02.06.2020 13:50:15, thread 1] Cookie parsing
[02.06.2020 13:50:16, thread 1] Requested SMS from Instagram.
[02.06.2020 13:51:18, thread 1] Requested another SMS from Instagram.
[02.06.2020 13:52:19, thread 1] Failed to get SMS from Instagram!
[02.06.2020 13:52:25, thread 0] Defined proxy region - ru-RU
[02.06.2020 13:52:26, thread 1] Cookie parsing
[02.06.2020 13:52:27, thread 1] Requested SMS from Instagram.
[02.06.2020 13:53:29, thread 1] Requested another SMS from Instagram.
[02.06.2020 13:54:30, thread 1] Failed to get SMS from Instagram!
[02.06.2020 13:54:40, thread 0] Defined proxy region - ru-RU
[02.06.2020 13:54:47, thread 1] Cookie parsing
[02.06.2020 13:54:51, thread 1] Requested SMS from Instagram.
[02.06.2020 13:55:53, thread 1] Requested another SMS from Instagram.
[02.06.2020 13:56:53, thread 1] Failed to get SMS from Instagram!
[02.06.2020 13:56:59, thread 0] Defined proxy region - ru-RU
[02.06.2020 13:57:01, thread 1] Cookie parsing
[02.06.2020 13:57:02, thread 1] Requested SMS from Instagram.
[02.06.2020 13:58:04, thread 1] Requested another SMS from Instagram.
[02.06.2020 13:59:05, thread 1] Failed to get SMS from Instagram!
[02.06.2020 13:59:10, thread 0] Defined proxy region - ru-RU
[02.06.2020 13:59:13, thread 1] Cookie parsing
[02.06.2020 13:59:13, thread 1] Requested SMS from Instagram.
[02.06.2020 14:00:16, thread 1] Requested another SMS from Instagram.
[02.06.2020 14:01:17, thread 1] Failed to get SMS from Instagram!
[02.06.2020 14:01:23, thread 0] Defined proxy region - ru-RU
[02.06.2020 14:01:25, thread 1] Cookie parsing
[02.06.2020 14:01:25, thread 1] Requested SMS from Instagram.
[02.06.2020 14:02:27, thread 1] Requested another SMS from Instagram.
[02.06.2020 14:03:28, thread 1] Failed to get SMS from Instagram!
[02.06.2020 14:03:36, thread 0] Defined proxy region - ru-RU
[02.06.2020 14:32:48, thread 0] Defined proxy region - ru-RU
[02.06.2020 14:32:54, thread 1] Cookie parsing
[02.06.2020 14:32:54, thread 1] Took number in the service - +79915216732, id: 268614509
[02.06.2020 14:32:55, thread 1] Requested SMS from Instagram.
[02.06.2020 14:33:57, thread 1] Requested another SMS from Instagram.
[02.06.2020 14:34:58, thread 1] Failed to get SMS from Instagram!
[02.06.2020 14:35:08, thread 0] Defined proxy region - ru-RU
[02.06.2020 14:36:25, thread 0] Defined proxy region - ru-RU
[02.06.2020 14:36:27, thread 1] Cookie parsing
[02.06.2020 14:36:28, thread 1] Requested SMS from Instagram.
[02.06.2020 14:37:32, thread 1] Requested another SMS from Instagram.
[02.06.2020 14:38:33, thread 1] Failed to get SMS from Instagram!
[02.06.2020 14:38:50, thread 0] Defined proxy region - ru-RU
[02.06.2020 14:38:57, thread 1] Cookie parsing
[02.06.2020 14:39:00, thread 1] Requested SMS from Instagram.
[02.06.2020 14:40:01, thread 1] Requested another SMS from Instagram.
[02.06.2020 14:43:01, thread 0] Defined proxy region - ru-RU
[02.06.2020 14:43:03, thread 1] Cookie parsing
[02.06.2020 14:43:12, thread 1] Took number in the service - +79641843714, id: 268618470
[02.06.2020 14:43:15, thread 1] Requested SMS from Instagram.
[02.06.2020 14:43:37, thread 1] Received a code 403761 on number +79641843714, id: 268618470
[02.06.2020 14:43:37, thread 1] Starting registration...
[02.06.2020 14:43:42, thread 1] Checkpoint - Rhoda5089_Stokes738:2zJEhmLoE8f1NiBGl4c4:185.86.151.217:8011:l3ntvv:NGJKov:Mozilla/5.0 (Windows NT 6.1; WOW64) SkypeUriPreview Preview/0.5:Rhoda5089Stokes69157@gmail.com:ru-RU
[02.06.2020 14:43:45, thread 1] We are waiting for another SMS to this number.
[02.06.2020 14:43:51, thread 0] Defined proxy region - ru-RU
[02.06.2020 14:43:56, thread 1] Cookie parsing
[02.06.2020 14:43:59, thread 1] Requested SMS from Instagram.
[02.06.2020 14:44:20, thread 1] Received a code 263074 on number +79641843714, id: 268618470
[02.06.2020 14:44:20, thread 1] Starting registration...
[02.06.2020 14:44:27, thread 1] Registration successful! - Sarah5608_West114:EKM7_qHvNJrUMCYJFxiX:185.86.151.217:8010:l3ntvv:NGJKov:mozilla/5.0 (linux; Android 5.1;; Redmi 4A Build/N2G47H; wv) AppleWebKit/537.36 (KHTML, like Gecko) Version/4.0 Chrome/66.0.3359.126 Mobile Safari/537.36 [FB_IAB/FB4A;FBAV/154.0.0.33.385;]:Sarah5608West42858@gmail.com:ru-RU
[02.06.2020 14:44:28, thread 1] We are waiting for another SMS to this number.
[02.06.2020 14:44:28, thread 0] Defined proxy region - ru-RU
[02.06.2020 14:44:31, thread 1] Cookie parsing
[02.06.2020 14:44:34, thread 1] Requested SMS from Instagram.
[02.06.2020 14:44:55, thread 1] Received a code 658793 on number +79641843714, id: 268618470
[02.06.2020 14:44:55, thread 1] Starting registration...
[02.06.2020 14:45:00, thread 1] Checkpoint - Rosey80689_Festa884:SrFhoCI1qrzdNegg4I8B:185.86.151.217:8011:l3ntvv:NGJKov:Mozilla/5.0 (Windows NT 10.0; Win64; x64) AppleWebKit/537.36 (KHTML, like Gecko) Chrome/64.0.3282.140 Safari/537.36 Edge/17.17134:Rosey80689Festa94586@gmail.com:ru-RU
[02.06.2020 14:45:02, thread 1] We are waiting for another SMS to this number.
[02.06.2020 14:45:07, thread 0] Defined proxy region - ru-RU
[02.06.2020 14:45:09, thread 1] Cookie parsing
[02.06.2020 14:45:11, thread 1] Requested SMS from Instagram.
[02.06.2020 14:45:33, thread 1] Received a code 197042 on number +79641843714, id: 268618470
[02.06.2020 14:45:33, thread 1] Starting registration...
[02.06.2020 14:45:39, thread 1] Checkpoint - Mikhailova69699_Bogdan783:gkfQs1eLK6cfVOFE5MkE:185.86.151.217:8010:l3ntvv:NGJKov:Mozilla/5.0 (Windows NT 10.0; WOW64) AppleWebKit/537.36 (KHTML, like Gecko) Chrome/55.0.2883.87 UBrowser/7.0.185.1002 Safari/537.36:Mikhailova69699Bogdan46068@gmail.com:ru-RU
[02.06.2020 14:45:40, thread 1] We are waiting for another SMS to this number.
[02.06.2020 14:45:45, thread 0] Defined proxy region - ru-RU
[02.06.2020 14:45:47, thread 1] Cookie parsing
[02.06.2020 14:45:50, thread 1] Requested SMS from Instagram.
[02.06.2020 14:46:12, thread 1] Received a code 931042 on number +79641843714, id: 268618470
[02.06.2020 14:46:12, thread 1] Starting registration...
[02.06.2020 14:46:17, thread 1] Checkpoint - Elinor568_Sima658:wuWSoaalYcjGSRnaq1D2:185.86.151.217:8011:l3ntvv:NGJKov:Mozilla/5.0 (Windows NT 6.1) AppleWebKit/537.36 (KHTML, like Gecko) Chrome/76.0.3809.132 Safari/537.36:Elinor568Sima73954@gmail.com:ru-RU
[02.06.2020 14:46:19, thread 1] We are waiting for another SMS to this number.
[02.06.2020 14:46:24, thread 0] Defined proxy region - ru-RU
[02.06.2020 14:46:26, thread 1] Cookie parsing
[02.06.2020 14:46:29, thread 1] Requested SMS from Instagram.
[02.06.2020 14:46:50, thread 1] Received a code 945708 on number +79641843714, id: 268618470
[02.06.2020 14:46:50, thread 1] Starting registration...
[02.06.2020 14:46:56, thread 1] Checkpoint - Janis50_Manzi952:_X_8AyISOn8EeRxChZEu:185.86.151.217:8010:l3ntvv:NGJKov:Mozilla/5.0 (Windows NT 6.1) AppleWebKit/537.36 (KHTML, like Gecko) Chrome/76.0.3809.132 Safari/537.36 OPR/63.0.3368.57388:Janis50Manzi18936@gmail.com:ru-RU
[02.06.2020 14:46:57, thread 1] We are waiting for another SMS to this number.
[02.06.2020 14:47:03, thread 0] Defined proxy region - ru-RU
[02.06.2020 14:47:04, thread 1] Cookie parsing
[02.06.2020 14:47:11, thread 1] Requested SMS from Instagram.
[02.06.2020 14:50:29, thread 1] Requested another SMS from Instagram.
[02.06.2020 14:56:18, thread 0] Defined proxy region - ru-RU
[02.06.2020 14:56:20, thread 1] Cookie parsing
[02.06.2020 14:56:30, thread 1] Took number in the service - +79199807556, id: 268623273
[02.06.2020 14:56:33, thread 1] Requested SMS from Instagram.
[02.06.2020 14:56:55, thread 1] Received a code 413807 on number +79199807556, id: 268623273
[02.06.2020 14:56:55, thread 1] Starting registration...
[02.06.2020 14:57:03, thread 1] Registration successful! - Laurel88_Salvatori239:ymKUY9u7MKUZZ1txLrGH:185.86.151.217:8011:l3ntvv:NGJKov:mozilla/5.0 (linux; Android 6.0; LG-K350 Build/MRA58K; wv) AppleWebKit/537.36 (KHTML, like Gecko) Version/4.0 Chrome/53.0.2785.124 Mobile Safari/537.36 [FB_IAB/FB4A;FBAV/171.0.0.49.92;]:Laurel88Salvatori14972@gmail.com:ru-RU
[02.06.2020 14:57:06, thread 1] We are waiting for another SMS to this number.
[02.06.2020 14:57:07, thread 0] Defined proxy region - ru-RU
[02.06.2020 14:57:09, thread 1] Cookie parsing
[02.06.2020 14:57:12, thread 1] Took number in the service - +79298696099, id: 268623554
[02.06.2020 14:57:15, thread 1] Requested SMS from Instagram.
[02.06.2020 14:58:23, thread 1] Requested another SMS from Instagram.
[02.06.2020 14:59:29, thread 1] Failed to get SMS from Instagram!
[02.06.2020 14:59:36, thread 0] Defined proxy region - ru-RU
[02.06.2020 14:59:38, thread 1] Cookie parsing
[02.06.2020 15:00:05, thread 1] Requested SMS from Instagram.
[02.06.2020 15:01:38, thread 1] Requested another SMS from Instagram.
[02.06.2020 15:40:29, thread 0] Defined proxy region - ru-RU
[02.06.2020 15:40:31, thread 1] Cookie parsing
[02.06.2020 15:40:34, thread 1] Took number in the service - +79096034075, id: 268641687
[02.06.2020 15:40:37, thread 1] Requested SMS from Instagram.
[02.06.2020 15:41:01, thread 1] Received a code 175496 on number +79096034075, id: 268641687
[02.06.2020 15:41:01, thread 1] Starting registration...
[02.06.2020 15:41:14, thread 1] Error registering - CharityЧ58980_Victoria915:cmDKxyaqHa25HoiKNQZI:185.86.151.217:8011:l3ntvv:NGJKov:mozilla/5.0 (linux; Android 8.0.0; SAMSUNG-SM-N910A Build/LMY47X; wv) AppleWebKit/537.36 (KHTML, like Gecko) Version/4.0 Chrome/57.0.2987.108 Mobile Safari/537.36 [FB_IAB/FB4A;FBAV/153.0.0.54.88;]:CharityЧ58980Victoria34553@gmail.com:ru-RU
[02.06.2020 15:41:20, thread 1] We are waiting for another SMS to this number.
[02.06.2020 15:41:26, thread 0] Defined proxy region - ru-RU
[02.06.2020 15:41:28, thread 1] Cookie parsing
[02.06.2020 15:41:30, thread 1] Requested SMS from Instagram.
[02.06.2020 15:41:53, thread 1] Received a code 175496 on number +79096034075, id: 268641687
[02.06.2020 15:41:53, thread 1] Starting registration...
[02.06.2020 15:42:41, thread 1] Error registering - Carmella5086_Stephanie119:S1NAi3YVh5sdyg92xRsJ:185.86.151.217:8010:l3ntvv:NGJKov:Mozilla/5.0 (Windows NT 10.0; Win64; x64) AppleWebKit/537.36 (KHTML, like Gecko) Chrome/62.0.3202.94 Safari/537.36:Carmella5086Stephanie31184@gmail.com:ru-RU
[02.06.2020 15:42:42, thread 1] We are waiting for another SMS to this number.
[02.06.2020 15:42:48, thread 0] Defined proxy region - ru-RU
[02.06.2020 15:42:51, thread 1] Cookie parsing
[02.06.2020 15:42:53, thread 1] Requested SMS from Instagram.
[02.06.2020 15:43:16, thread 1] Received a code 812403 on number +79096034075, id: 268641687
[02.06.2020 15:43:16, thread 1] Starting registration...
[02.06.2020 15:43:22, thread 1] Checkpoint - Fedorov9956_Pierce916:p1xstI0pcyQPicXEKPqQ:185.86.151.217:8011:l3ntvv:NGJKov:Mozilla/5.0 (Windows NT 10.0) AppleWebKit/537.36 (KHTML, like Gecko) Chrome/77.0.3865.92 YaBrowser/19.10.0.1522 Yowser/2.5 Safari/537.36:Fedorov9956Pierce98609@gmail.com:ru-RU
[02.06.2020 15:43:23, thread 1] We are waiting for another SMS to this number.
[02.06.2020 15:43:31, thread 0] Defined proxy region - ru-RU
[02.06.2020 15:43:35, thread 1] Cookie parsing
[02.06.2020 15:43:44, thread 1] Requested SMS from Instagram.
[02.06.2020 15:44:06, thread 1] Received a code 084963 on number +79096034075, id: 268641687
[02.06.2020 15:44:06, thread 1] Starting registration...
[02.06.2020 15:44:13, thread 1] Checkpoint - Belyaeva5896_Victoria292:pIwB5DAZmSrkH1AupWFF:185.86.151.217:8010:l3ntvv:NGJKov:Mozilla/5.0 (Windows NT 10.0; WOW64) AppleWebKit/537.36 (KHTML, like Gecko) Chrome/77.0.3865.90 Safari/537.36 OPR/64.0.3417.61 (Edition Yx):Belyaeva5896Victoria46366@gmail.com:ru-RU
[02.06.2020 15:44:15, thread 1] We are waiting for another SMS to this number.
[02.06.2020 15:44:21, thread 0] Defined proxy region - ru-RU
[02.06.2020 15:44:25, thread 1] Cookie parsing
[02.06.2020 15:44:28, thread 1] Requested SMS from Instagram.
[02.06.2020 15:44:50, thread 1] Received a code 684753 on number +79096034075, id: 268641687
[02.06.2020 15:44:50, thread 1] Starting registration...
[02.06.2020 15:44:59, thread 1] Registration successful! - Komarova5990_Bernardini815:h0tJx_tB8cLt5H7uINif:185.86.151.217:8011:l3ntvv:NGJKov:Mozilla/5.0 (Windows NT 10.0; WOW64) AppleWebKit/537.36 (KHTML, like Gecko) Chrome/77.0.3865.92 YaBrowser/19.10.0.1522 Yowser/2.5 Safari/537.36:Komarova5990Bernardini78136@gmail.com:ru-RU
[02.06.2020 15:45:00, thread 1] We are waiting for another SMS to this number.
[02.06.2020 15:45:01, thread 0] Defined proxy region - ru-RU
[02.06.2020 15:45:04, thread 1] Cookie parsing
[02.06.2020 15:45:05, thread 1] Requested SMS from Instagram.
[02.06.2020 15:45:27, thread 1] Received a code 482195 on number +79096034075, id: 268641687
[02.06.2020 15:45:27, thread 1] Starting registration...
[02.06.2020 15:45:33, thread 1] Checkpoint - Janice69_Blagin341:xsQjNOc_40T35925wztb:185.86.151.217:8011:l3ntvv:NGJKov:Mozilla/5.0 (Windows NT 10.0; WOW64) AppleWebKit/537.36 (KHTML, like Gecko) Chrome/76.0.3809.132 Safari/537.36 OPR/63.0.3368.107:Janice69Blagin37546@gmail.com:ru-RU
[02.06.2020 15:45:35, thread 1] We are waiting for another SMS to this number.
[02.06.2020 15:45:40, thread 0] Defined proxy region - ru-RU
[02.06.2020 15:45:42, thread 1] Cookie parsing
[02.06.2020 15:45:46, thread 1] Requested SMS from Instagram.
[02.06.2020 15:46:08, thread 1] Received a code 482195 on number +79096034075, id: 268641687
[02.06.2020 15:46:08, thread 1] Starting registration...
[02.06.2020 15:46:22, thread 1] Error registering - Sophia6550_Raffia638:tjYZuHhCbQB0N6PbuIuT:185.86.151.217:8010:l3ntvv:NGJKov:Mozilla/5.0 (Windows NT 6.1; Win64; x64) AppleWebKit/537.36 (KHTML, like Gecko) Chrome/67.0.3396.99 Safari/537.36:Sophia6550Raffia48685@gmail.com:ru-RU
[02.06.2020 15:46:24, thread 1] We are waiting for another SMS to this number.
[02.06.2020 15:46:29, thread 0] Defined proxy region - ru-RU
[02.06.2020 15:46:32, thread 1] Cookie parsing
[02.06.2020 15:46:34, thread 1] Requested SMS from Instagram.
[02.06.2020 15:46:56, thread 1] Received a code 482195 on number +79096034075, id: 268641687
[02.06.2020 15:46:56, thread 1] Starting registration...
[02.06.2020 15:47:02, thread 1] Error registering - Gwenda5656_Mason912:ClUoumqlxVOCp17UonfS:185.86.151.217:8011:l3ntvv:NGJKov:Mozilla/5.0 (Windows NT 10.0) AppleWebKit/537.36 (KHTML, like Gecko) Chrome/77.0.3865.120 YaBrowser/19.10.1.238 Yowser/2.5 Safari/537.36:Gwenda5656Mason58396@gmail.com:ru-RU
[02.06.2020 15:47:04, thread 1] We are waiting for another SMS to this number.
[02.06.2020 16:01:56, thread 0] Defined proxy region - ru-RU
[02.06.2020 16:02:00, thread 1] Cookie parsing
[02.06.2020 16:02:12, thread 1] Took number in the service - +79020685826, id: 268649517
[02.06.2020 16:02:14, thread 1] Requested SMS from Instagram.
[02.06.2020 16:02:36, thread 1] Received a code 418659 on number +79020685826, id: 268649517
[02.06.2020 16:02:36, thread 1] Starting registration...
[02.06.2020 16:02:46, thread 1] Checkpoint - Leona89905_Renata688:zc8Tve6zfefl7SkXg0kW:185.86.151.217:8011:l3ntvv:NGJKov:Mozilla/5.0 (Windows NT 10.0) AppleWebKit/537.36 (KHTML, like Gecko) Chrome/76.0.3809.132 Safari/537.36 OPR/63.0.3368.107:Leona89905Renata13921@gmail.com:ru-RU
[02.06.2020 16:02:47, thread 1] We are waiting for another SMS to this number.
[02.06.2020 16:02:53, thread 0] Defined proxy region - ru-RU
[02.06.2020 16:02:55, thread 1] Cookie parsing
[02.06.2020 16:02:57, thread 1] Requested SMS from Instagram.
[02.06.2020 16:03:19, thread 1] Received a code 074856 on number +79020685826, id: 268649517
[02.06.2020 16:03:19, thread 1] Starting registration...
[02.06.2020 16:03:23, thread 1] Checkpoint - Morozova8_Umila653:kSMdXYyiWhKpniX1_Ega:185.86.151.217:8010:l3ntvv:NGJKov:mozilla/5.0 (linux; Android 8.0.0; S Build/NRD90M; wv) AppleWebKit/537.36 (KHTML, like Gecko) Version/4.0 Chrome/51.0.2704.91 Mobile Safari/537.36 [FB_IAB/FB4A;FBAV/180.0.0.35.82;]:Morozova8Umila95695@gmail.com:ru-RU
[02.06.2020 16:03:25, thread 1] We are waiting for another SMS to this number.
[02.06.2020 16:03:31, thread 0] Defined proxy region - ru-RU
[02.06.2020 16:03:40, thread 1] Cookie parsing
[02.06.2020 16:03:42, thread 1] Requested SMS from Instagram.
[02.06.2020 16:04:04, thread 1] Received a code 708495 on number +79020685826, id: 268649517
[02.06.2020 16:04:04, thread 1] Starting registration...
[02.06.2020 16:04:15, thread 1] Checkpoint - Loren95_Muniz990:BbaakItIkzmuzzctLPQE:185.86.151.217:8011:l3ntvv:NGJKov:Mozilla/5.0 (Windows NT 6.1; WOW64) AppleWebKit/537.36 (KHTML, like Gecko) Chrome/77.0.3865.90 Safari/537.36:Loren95Muniz41431@gmail.com:ru-RU
[02.06.2020 16:04:18, thread 1] We are waiting for another SMS to this number.
[02.06.2020 16:04:24, thread 0] Defined proxy region - ru-RU
[02.06.2020 16:04:26, thread 1] Cookie parsing
[02.06.2020 16:04:28, thread 1] Requested SMS from Instagram.
[02.06.2020 16:04:50, thread 1] Received a code 472350 on number +79020685826, id: 268649517
[02.06.2020 16:04:50, thread 1] Starting registration...
[02.06.2020 16:04:54, thread 1] Checkpoint - Alekseeva55856008_Quarta127:UhEF9qt4S3sd6gHY0yQA:185.86.151.217:8010:l3ntvv:NGJKov:Mozilla/5.0 (Windows NT 6.1) AppleWebKit/537.36 (KHTML, like Gecko) Chrome/55.0.2883.75 Safari/537.36:Alekseeva55856008Quarta23712@gmail.com:ru-RU
[02.06.2020 16:04:56, thread 1] We are waiting for another SMS to this number.
[02.06.2020 16:05:02, thread 0] Defined proxy region - ru-RU
[02.06.2020 16:05:05, thread 1] Cookie parsing
[02.06.2020 16:05:07, thread 1] Requested SMS from Instagram.
[02.06.2020 16:05:30, thread 1] Received a code 214967 on number +79020685826, id: 268649517
[02.06.2020 16:05:30, thread 1] Starting registration...
[02.06.2020 16:05:38, thread 1] Registration successful! - Ivanova85666_Good208:GfSMzFJvA2qGiH3tjZQo:185.86.151.217:8011:l3ntvv:NGJKov:Mozilla/5.0 (Windows NT 10.0; Win64; x64) AppleWebKit/537.36 (KHTML, like Gecko) Chrome/79.0.3945.16 Safari/537.36 Edg/79.0.309.7:Ivanova85666Good46960@gmail.com:ru-RU
[02.06.2020 16:05:40, thread 1] We are waiting for another SMS to this number.
[02.06.2020 16:05:44, thread 0] Defined proxy region - ru-RU
[02.06.2020 16:06:06, thread 1] Cookie parsing
[02.06.2020 16:06:12, thread 1] Requested SMS from Instagram.
[02.06.2020 16:06:35, thread 1] Received a code 702143 on number +79020685826, id: 268649517
[02.06.2020 16:06:35, thread 1] Starting registration...
[02.06.2020 16:06:48, thread 1] Checkpoint - Cornelia590956_Olvia954:YyaVJfCV4BZBgBR_Aohx:185.86.151.217:8011:l3ntvv:NGJKov:Mozilla/5.0 (Windows NT 10.0; WOW64) AppleWebKit/537.36 (KHTML, like Gecko) Chrome/77.0.3865.120 YaBrowser/19.10.2.165 (beta) Yowser/2.5 Safari/537.36:Cornelia590956Olvia85093@gmail.com:ru-RU
[02.06.2020 16:06:49, thread 1] We are waiting for another SMS to this number.
[02.06.2020 16:06:57, thread 0] Defined proxy region - ru-RU
[02.06.2020 16:07:09, thread 1] Cookie parsing
[02.06.2020 16:07:15, thread 1] Requested SMS from Instagram.
[02.06.2020 16:07:37, thread 1] Received a code 410268 on number +79020685826, id: 268649517
[02.06.2020 16:07:37, thread 1] Starting registration...
[02.06.2020 16:07:46, thread 1] Registration successful! - Marcia50095_Morgan280:WvnNZyywB8LCtZLcDQVm:185.86.151.217:8010:l3ntvv:NGJKov:Mozilla/5.0 (Windows NT 10.0; Win64; x64; rv:68.0) Gecko/20100101 Firefox/68.0:Marcia50095Morgan39568@gmail.com:ru-RU
[02.06.2020 16:07:47, thread 1] We are waiting for another SMS to this number.
[02.06.2020 16:07:48, thread 0] Defined proxy region - ru-RU
[02.06.2020 16:07:50, thread 1] Cookie parsing
[02.06.2020 16:07:53, thread 1] Requested SMS from Instagram.
[02.06.2020 16:08:17, thread 1] Received a code 410268 on number +79020685826, id: 268649517
[02.06.2020 16:08:17, thread 1] Starting registration...
[02.06.2020 16:08:23, thread 1] Error registering - Darlene_Castellani551:Oka1udd7SvhQTjnrosnx:185.86.151.217:8011:l3ntvv:NGJKov:Mozilla/5.0 (Windows NT 10.0; Win64; x64) AppleWebKit/537.36 (KHTML, like Gecko) Chrome/62.0.3202.94 Safari/537.36:DarleneCastellani99065@gmail.com:ru-RU
[02.06.2020 16:08:27, thread 1] We are waiting for another SMS to this number.
[02.06.2020 16:08:41, thread 0] Defined proxy region - ru-RU
[02.06.2020 16:08:51, thread 1] Cookie parsing
[02.06.2020 16:08:57, thread 1] Requested SMS from Instagram.
[02.06.2020 16:09:18, thread 1] Received a code 410268 on number +79020685826, id: 268649517
[02.06.2020 16:09:18, thread 1] Starting registration...
[02.06.2020 16:10:05, thread 1] Error registering - Kolesnikova95_Masi384:XNQWp79Jc5OP0Wub1IIO:185.86.151.217:8010:l3ntvv:NGJKov:mozilla/5.0 (linux; Android 6.0; LG-K350 Build/MRA58K; wv) AppleWebKit/537.36 (KHTML, like Gecko) Version/4.0 Chrome/53.0.2785.124 Mobile Safari/537.36 [FB_IAB/FB4A;FBAV/171.0.0.49.92;]:Kolesnikova95Masi38300@gmail.com:ru-RU
[02.06.2020 16:10:06, thread 1] We are waiting for another SMS to this number.
[02.06.2020 16:10:12, thread 0] Defined proxy region - ru-RU
[02.06.2020 16:10:14, thread 1] Cookie parsing
[02.06.2020 16:10:16, thread 1] Requested SMS from Instagram.
[02.06.2020 16:10:39, thread 1] Received a code 410268 on number +79020685826, id: 268649517
[02.06.2020 16:10:39, thread 1] Starting registration...
[02.06.2020 16:10:41, thread 1] Error registering - Jodie99506_Olivieri123:pOafzMqckj9hGPGbsDHZ:185.86.151.217:8011:l3ntvv:NGJKov:Mozilla/5.0 (Windows NT 6.1) AppleWebKit/537.36 (KHTML, like Gecko) Chrome/76.0.3809.132 Safari/537.36 OPR/63.0.3368.57388:Jodie99506Olivieri99442@gmail.com:ru-RU
[02.06.2020 16:10:43, thread 1] We are waiting for another SMS to this number.
[02.06.2020 16:10:48, thread 0] Defined proxy region - ru-RU
[02.06.2020 16:10:51, thread 1] Cookie parsing
[02.06.2020 16:10:53, thread 1] Requested SMS from Instagram.
[02.06.2020 16:11:15, thread 1] Received a code 410268 on number +79020685826, id: 268649517
[02.06.2020 16:11:15, thread 1] Starting registration...
[02.06.2020 16:11:17, thread 1] Error registering - Aubrie9800_Hoover853:BspVf9OvlD_6HLAOcxVl:185.86.151.217:8010:l3ntvv:NGJKov:mozilla/5.0 (linux; Android 6.0; LG-K350 Build/MRA58K; wv) AppleWebKit/537.36 (KHTML, like Gecko) Version/4.0 Chrome/53.0.2785.124 Mobile Safari/537.36 [FB_IAB/FB4A;FBAV/171.0.0.49.92;]:Aubrie9800Hoover36575@gmail.com:ru-RU
[02.06.2020 16:11:19, thread 1] We are waiting for another SMS to this number.
[02.06.2020 16:11:25, thread 0] Defined proxy region - ru-RU
[02.06.2020 16:11:27, thread 1] Cookie parsing
[02.06.2020 16:11:29, thread 1] Requested SMS from Instagram.
[02.06.2020 16:11:51, thread 1] Received a code 549372 on number +79020685826, id: 268649517
[02.06.2020 16:11:51, thread 1] Starting registration...
[02.06.2020 16:11:55, thread 1] Error registering - Prudencey90_Czeslaw444:5QOUmTOlIKxDVvDmujtN:185.86.151.217:8011:l3ntvv:NGJKov:Mozilla/5.0 (Windows NT 10.0; WOW64) AppleWebKit/537.36 (KHTML, like Gecko) Chrome/45.0.2454.101 Safari/537.36 QIHU 360SE/Nutch-1.13:Prudencey90Czeslaw34177@gmail.com:ru-RU
[02.06.2020 16:13:49, thread 1] We are waiting for another SMS to this number.
[02.06.2020 16:13:54, thread 0] Defined proxy region - ru-RU
[02.06.2020 16:13:57, thread 1] Cookie parsing
[02.06.2020 16:14:00, thread 1] Requested SMS from Instagram.
[02.06.2020 16:14:28, thread 1] Received a code 549372 on number +79020685826, id: 268649517
[02.06.2020 16:14:28, thread 1] Starting registration...
[02.06.2020 16:14:34, thread 1] Error registering - Kory9688_Chiari684:7OUkqjoOa_ouR91bvDF_:185.86.151.217:8010:l3ntvv:NGJKov:Mozilla/5.0 (Windows NT 10.0; Win64; x64) AppleWebKit/537.36 (KHTML, like Gecko) Chrome/78.0.3904.70 Safari/537.36:Kory9688Chiari89651@gmail.com:ru-RU
[02.06.2020 16:14:35, thread 1] We are waiting for another SMS to this number.
[02.06.2020 16:14:45, thread 0] Defined proxy region - ru-RU
[02.06.2020 16:15:00, thread 1] Cookie parsing
[02.06.2020 16:15:05, thread 1] Requested SMS from Instagram.
[02.06.2020 16:15:27, thread 1] Received a code 584290 on number +79020685826, id: 268649517
[02.06.2020 16:15:27, thread 1] Starting registration...
[02.06.2020 16:15:31, thread 1] Error registering - Jean5_Radomir710:cg6MhzlTWNQXsArnKohy:185.86.151.217:8011:l3ntvv:NGJKov:Mozilla/5.0 (Windows NT 6.1) AppleWebKit/537.36 (KHTML, like Gecko) Chrome/77.0.3865.75 Safari/537.36:Jean5Radomir15349@gmail.com:ru-RU
[02.06.2020 16:15:32, thread 1] We are waiting for another SMS to this number.
[02.06.2020 16:15:38, thread 0] Defined proxy region - ru-RU
[02.06.2020 16:15:40, thread 1] Cookie parsing
[02.06.2020 16:15:41, thread 1] Took number in the service - +79035927593, id: 268654289
[02.06.2020 16:15:43, thread 1] Requested SMS from Instagram.
[02.06.2020 16:16:05, thread 1] Received a code 825413 on number +79035927593, id: 268654289
[02.06.2020 16:16:05, thread 1] Starting registration...
[02.06.2020 16:16:10, thread 1] Checkpoint - Kathleen505_Marra993:pi_lkbUWKlNoZX7O4jZb:185.86.151.217:8010:l3ntvv:NGJKov:Mozilla/5.0 (Windows NT 10.0; Win64; x64) AppleWebKit/537.36 (KHTML, like Gecko) Chrome/76.0.3809.100 Safari/537.36:Kathleen505Marra17588@gmail.com:ru-RU
[02.06.2020 16:16:12, thread 1] We are waiting for another SMS to this number.
[02.06.2020 16:16:19, thread 0] Defined proxy region - ru-RU
[02.06.2020 16:16:27, thread 1] Cookie parsing
[02.06.2020 16:16:30, thread 1] Requested SMS from Instagram.
[02.06.2020 16:16:51, thread 1] Received a code 825413 on number +79035927593, id: 268654289
[02.06.2020 16:16:51, thread 1] Starting registration...
[02.06.2020 16:16:55, thread 1] Error registering - Nikitin989_Bello509:5hWCTOYjzQPopx7qS8ZP:185.86.151.217:8011:l3ntvv:NGJKov:Mozilla/5.0 (Windows NT 10.0; WOW64) AppleWebKit/537.36 (KHTML, like Gecko) Chrome/76.0.3809.132 Safari/537.36 OPR/63.0.3368.107:Nikitin989Bello36357@gmail.com:ru-RU
[02.06.2020 16:16:56, thread 1] We are waiting for another SMS to this number.
[02.06.2020 16:17:02, thread 0] Defined proxy region - ru-RU
[02.06.2020 16:17:04, thread 1] Cookie parsing
[02.06.2020 16:17:06, thread 1] Requested SMS from Instagram.
[02.06.2020 16:17:28, thread 1] Received a code 852604 on number +79035927593, id: 268654289
[02.06.2020 16:17:28, thread 1] Starting registration...
[02.06.2020 16:17:29, thread 1] Error registering - Novikov55965_Salvi912:04Zq3tWFns5KTsh2Wj4u:185.86.151.217:8010:l3ntvv:NGJKov:Mozilla/5.0 (Windows NT 6.3; Win64; x64; rv:68.0) Gecko/20100101 Firefox/68.0:Novikov55965Salvi58396@gmail.com:ru-RU
[02.06.2020 16:17:31, thread 1] We are waiting for another SMS to this number.
[02.06.2020 16:17:37, thread 0] Defined proxy region - ru-RU
[02.06.2020 16:17:40, thread 1] Cookie parsing
[02.06.2020 16:17:43, thread 1] Requested SMS from Instagram.
[02.06.2020 16:18:05, thread 1] Received a code 358607 on number +79035927593, id: 268654289
[02.06.2020 16:18:05, thread 1] Starting registration...
[02.06.2020 16:18:07, thread 1] Error registering - Bathsheba868_Owl798:jCnlHSS625QJU0lqfajH:185.86.151.217:8011:l3ntvv:NGJKov:Mozilla/5.0 (Windows NT 10.0) AppleWebKit/537.36 (KHTML, like Gecko) Chrome/76.0.3809.132 Safari/537.36 OPR/63.0.3368.107:Bathsheba868Owl29024@gmail.com:ru-RU
[02.06.2020 16:18:09, thread 1] We are waiting for another SMS to this number.
[02.06.2020 16:18:14, thread 0] Defined proxy region - ru-RU
[02.06.2020 16:18:16, thread 1] Cookie parsing
[02.06.2020 16:18:19, thread 1] Requested SMS from Instagram.
[02.06.2020 16:18:40, thread 1] Received a code 628957 on number +79035927593, id: 268654289
[02.06.2020 16:18:40, thread 1] Starting registration...
[02.06.2020 16:18:43, thread 1] Error registering - Annabelle800609_Richard867:gjSIfOSWltoFSEbvCiA2:185.86.151.217:8010:l3ntvv:NGJKov:Mozilla/5.0 (Windows NT 6.1; Win64; x64; rv:47.0) Gecko/20100101 Firefox/62.0:Annabelle800609Richard45474@gmail.com:ru-RU
[02.06.2020 16:18:45, thread 1] We are waiting for another SMS to this number.
[02.06.2020 16:18:51, thread 0] Defined proxy region - ru-RU
[02.06.2020 16:18:58, thread 1] Cookie parsing
[02.06.2020 16:19:01, thread 1] Requested SMS from Instagram.
[02.06.2020 16:19:23, thread 1] Received a code 134298 on number +79035927593, id: 268654289
[02.06.2020 16:19:23, thread 1] Starting registration...
[02.06.2020 16:19:27, thread 1] Error registering - Cora599_Weaver272:BYZUT825e87rKY7u4Tb1:185.86.151.217:8011:l3ntvv:NGJKov:Mozilla/5.0 (Windows NT 10.0; Win64; x64) AppleWebKit/537.36 (KHTML, like Gecko) Chrome/69.0.3497.100 Safari/537.36:Cora599Weaver21096@gmail.com:ru-RU
[02.06.2020 16:19:29, thread 1] We are waiting for another SMS to this number.
[02.06.2020 16:19:35, thread 0] Defined proxy region - ru-RU
[02.06.2020 16:19:37, thread 1] Cookie parsing
[02.06.2020 16:19:39, thread 1] Requested SMS from Instagram.
[02.06.2020 16:20:01, thread 1] Received a code 103874 on number +79035927593, id: 268654289
[02.06.2020 16:20:01, thread 1] Starting registration...
[02.06.2020 16:20:03, thread 1] Error registering - Shanon96059_Calo208:YrVKsuq2gZpZNFasYUjw:185.86.151.217:8010:l3ntvv:NGJKov:mozilla/5.0 (linux; Android 6.0.1; STARTRAIL 8 Build/MRA58K; wv) AppleWebKit/537.36 (KHTML, like Gecko) Version/4.0 Chrome/57.0.2987.108 Mobile Safari/537.36 [FB_IAB/FB4A;FBAV/153.0.0.54.88;]:Shanon96059Calo46960@gmail.com:ru-RU
[02.06.2020 16:20:05, thread 1] We are waiting for another SMS to this number.
[02.06.2020 16:20:10, thread 0] Defined proxy region - ru-RU
[02.06.2020 16:20:12, thread 1] Cookie parsing
[02.06.2020 16:20:14, thread 1] Requested SMS from Instagram.
[02.06.2020 16:20:49, thread 1] Received a code 431067 on number +79035927593, id: 268654289
[02.06.2020 16:20:49, thread 1] Starting registration...
[02.06.2020 16:20:52, thread 1] Error registering - Laurel88_Rhea910:3yBU9hlAtL73cRsi_h63:185.86.151.217:8011:l3ntvv:NGJKov:Mozilla/5.0 (Windows NT 10.0; Win64; x64) AppleWebKit/537.36 (KHTML, like Gecko) Chrome/78.0.3904.87 Safari/537.36:Laurel88Rhea82238@gmail.com:ru-RU
[02.06.2020 16:20:56, thread 1] We are waiting for another SMS to this number.
[02.06.2020 16:32:48, thread 0] Defined proxy region - ru-RU
[02.06.2020 16:32:51, thread 1] Cookie parsing
[02.06.2020 16:32:53, thread 1] Took number in the service - +79020676907, id: 268660287
[02.06.2020 16:32:55, thread 1] Requested SMS from Instagram.
[02.06.2020 16:33:16, thread 1] Received a code 165392 on number +79020676907, id: 268660287
[02.06.2020 16:33:16, thread 1] Starting registration...
[02.06.2020 16:33:24, thread 1] Registration successful! - Marion885_Bassi638:ReWmWAjhFrwa1VGNX5Mg:185.86.151.217:8011:l3ntvv:NGJKov:Mozilla/5.0 (Windows NT 10.0) AppleWebKit/537.36 (KHTML, like Gecko) Chrome/70.0.3538.102 Safari/537.36 Edge/18.18362:Marion885Bassi48685@gmail.com:ru-RU
[02.06.2020 16:33:25, thread 1] We are waiting for another SMS to this number.
[02.06.2020 16:33:26, thread 0] Defined proxy region - ru-RU
[02.06.2020 16:33:28, thread 1] Cookie parsing
[02.06.2020 16:33:49, thread 1] Took number in the service - +79382060266, id: 268660468
[02.06.2020 16:33:51, thread 1] Requested SMS from Instagram.
[02.06.2020 16:41:22, thread 0] Defined proxy region - ru-RU
[02.06.2020 16:41:24, thread 0] Cookie parsing
[02.06.2020 16:41:26, thread 0] Took number in the service - +79256569000, id: 268663550
[02.06.2020 16:41:28, thread 0] Requested SMS from Instagram.
[02.06.2020 16:41:52, thread 0] Received a code 436819 on number +79256569000, id: 268663550
[02.06.2020 16:41:52, thread 0] Starting registration...
[02.06.2020 16:42:01, thread 0] Checkpoint - Brooky58_Virineya824:HVOF1DiW6vhdpbREP6ko:185.86.151.217:8010:l3ntvv:NGJKov:Mozilla/5.0 (Windows NT 10.0; Win64; x64) AppleWebKit/537.36 (KHTML, like Gecko) Chrome/62.0.3202.94 Safari/537.36:Brooky58Virineya44721@gmail.com:ru-RU
[02.06.2020 16:42:03, thread 0] We are waiting for another SMS to this number.
[02.06.2020 16:42:08, thread 0] Defined proxy region - ru-RU
[02.06.2020 16:42:10, thread 0] Cookie parsing
[02.06.2020 16:42:12, thread 0] Requested SMS from Instagram.
[02.06.2020 16:42:34, thread 0] Received a code 539860 on number +79256569000, id: 268663550
[02.06.2020 16:42:34, thread 0] Starting registration...
[02.06.2020 16:42:40, thread 0] Registration successful! - Ellen66966_Stone555:wRkRPEX8hOyHYJwmwBvI:185.86.151.217:8011:l3ntvv:NGJKov:Mozilla/5.0 (Windows NT 10.0; WOW64) AppleWebKit/537.36 (KHTML, like Gecko) Chrome/78.0.3904.87 Safari/537.36:Ellen66966Stone23335@gmail.com:ru-RU
[02.06.2020 16:42:41, thread 0] We are waiting for another SMS to this number.
[02.06.2020 16:42:42, thread 0] Defined proxy region - ru-RU
[02.06.2020 16:42:44, thread 0] Cookie parsing
[02.06.2020 16:42:47, thread 0] Requested SMS from Instagram.
[02.06.2020 16:43:09, thread 0] Received a code 539860 on number +79256569000, id: 268663550
[02.06.2020 16:43:09, thread 0] Starting registration...
[02.06.2020 16:43:12, thread 0] Error registering - Anne58069_Lika709:4vtCSzBMcxnA_FaveMtY:185.86.151.217:8010:l3ntvv:NGJKov:Mozilla/5.0 (Windows NT 10.0; Win64; x64) AppleWebKit/537.36 (KHTML, like Gecko) Chrome/75.0.3770.100 Safari/537.36:Anne58069Lika13248@gmail.com:ru-RU
[02.06.2020 16:43:14, thread 0] We are waiting for another SMS to this number.
[02.06.2020 16:43:19, thread 0] Defined proxy region - ru-RU
[02.06.2020 16:43:21, thread 0] Cookie parsing
[02.06.2020 16:43:31, thread 0] Requested SMS from Instagram.
[02.06.2020 16:44:04, thread 0] Received a code 562917 on number +79256569000, id: 268663550
[02.06.2020 16:44:04, thread 0] Starting registration...
[02.06.2020 16:44:09, thread 0] Error registering - Belova6999_Venturini805:k0Fz5innR5KKYqDekmEN:185.86.151.217:8011:l3ntvv:NGJKov:Mozilla/5.0 (Windows NT 6.1; WOW64; Trident/7.0; rv:11.0) like Gecko:Belova6999Venturini47496@gmail.com:ru-RU
[02.06.2020 16:44:10, thread 0] We are waiting for another SMS to this number.
[02.06.2020 16:44:16, thread 0] Defined proxy region - ru-RU
[02.06.2020 16:44:18, thread 0] Cookie parsing
[02.06.2020 16:44:20, thread 0] Requested SMS from Instagram.
[02.06.2020 16:44:49, thread 0] Received a code 962734 on number +79256569000, id: 268663550
[02.06.2020 16:44:49, thread 0] Starting registration...
[02.06.2020 16:44:53, thread 0] Error registering - Mary50968_Alevtina350:OOw07ejOB57iR8MpVkeA:185.86.151.217:8010:l3ntvv:NGJKov:mozilla/5.0 (linux; Android 7.0; SAMSUNG SM-A510F/A510FXXU2APC4 Build/LMY47X) AppleWebKit/537.36 (KHTML, like Gecko) SamsungBrowser/4.0 Chrome/44.0.2403.133 Mobile Safari/537.36:Mary50968Alevtina94130@gmail.com:ru-RU
[02.06.2020 16:44:57, thread 0] We are waiting for another SMS to this number.
[02.06.2020 16:45:02, thread 0] Defined proxy region - ru-RU
[02.06.2020 16:45:04, thread 0] Cookie parsing
[02.06.2020 16:45:06, thread 0] Requested SMS from Instagram.
[02.06.2020 16:45:28, thread 0] Received a code 416278 on number +79256569000, id: 268663550
[02.06.2020 16:45:28, thread 0] Starting registration...
[02.06.2020 16:45:36, thread 0] Error registering - Martina899860_Mihailin275:f9nDrqdMTzINyzMWAbCr:185.86.151.217:8011:l3ntvv:NGJKov:mozilla/5.0 (linux; Android 6.0; Lenovo TB3-710F Build/LRX21M; wv) AppleWebKit/537.36 (KHTML, like Gecko) Version/4.0 Chrome/57.0.2987.108 Safari/537.36 [FB_IAB/FB4A;FBAV/156.0.0.36.100;]:Martina899860Mihailin87253@gmail.com:ru-RU
[02.06.2020 16:45:48, thread 0] We are waiting for another SMS to this number.
[02.06.2020 16:45:53, thread 0] Defined proxy region - ru-RU
[02.06.2020 16:45:55, thread 0] Cookie parsing
[02.06.2020 16:45:58, thread 0] Requested SMS from Instagram.
[02.06.2020 16:46:20, thread 0] Received a code 906321 on number +79256569000, id: 268663550
[02.06.2020 16:46:20, thread 0] Starting registration...
[02.06.2020 16:48:23, thread 0] Error registering - 89_Dominical921:FioK79BInGhFxX1gX60D:185.86.151.217:8010:l3ntvv:NGJKov:Mozilla/5.0 (Windows NT 10.0; Win64; x64) AppleWebKit/537.36 (KHTML, like Gecko) Chrome/77.0.3865.120 Safari/537.36:89Dominical24980@gmail.com:ru-RU
[02.06.2020 16:48:24, thread 0] We are waiting for another SMS to this number.
[02.06.2020 16:48:29, thread 0] Defined proxy region - ru-RU
[02.06.2020 16:48:31, thread 0] Cookie parsing
[02.06.2020 16:48:34, thread 0] Requested SMS from Instagram.
[02.06.2020 16:48:56, thread 0] Received a code 761592 on number +79256569000, id: 268663550
[02.06.2020 16:48:56, thread 0] Starting registration...
[02.06.2020 16:48:59, thread 0] Error registering - Maud9999_Ferguson383:FH2V1ena_VxzJ2Ikelbi:185.86.151.217:8011:l3ntvv:NGJKov:mozilla/5.0 (linux; Android 8.0.0; SAMSUNG-SM-N910A Build/LMY47X; wv) AppleWebKit/537.36 (KHTML, like Gecko) Version/4.0 Chrome/57.0.2987.108 Mobile Safari/537.36 [FB_IAB/FB4A;FBAV/153.0.0.54.88;]:Maud9999Ferguson10255@gmail.com:ru-RU
[02.06.2020 16:49:00, thread 0] We are waiting for another SMS to this number.
[02.06.2020 16:49:06, thread 0] Defined proxy region - ru-RU
[02.06.2020 16:49:08, thread 0] Cookie parsing
[02.06.2020 16:49:11, thread 0] Requested SMS from Instagram.
[02.06.2020 16:49:33, thread 0] Received a code 761592 on number +79256569000, id: 268663550
[02.06.2020 16:49:33, thread 0] Starting registration...
[02.06.2020 16:49:35, thread 0] Error registering - Shauna58_Wade409:6zbONm4WuSYbwvsBP1l0:185.86.151.217:8010:l3ntvv:NGJKov:Mozilla/5.0 (Windows NT 10.0; Win64; x64) AppleWebKit/537.36 (KHTML, like Gecko) Chrome/76.0.3809.132 Safari/537.36 OPR/63.0.3368.107 (Edition Yx 02):Shauna58Wade25951@gmail.com:ru-RU
[02.06.2020 16:49:36, thread 0] We are waiting for another SMS to this number.
[02.06.2020 16:49:42, thread 0] Defined proxy region - ru-RU
[02.06.2020 16:49:45, thread 0] Cookie parsing
[02.06.2020 16:49:48, thread 0] Requested SMS from Instagram.
[02.06.2020 16:50:12, thread 0] Received a code 761592 on number +79256569000, id: 268663550
[02.06.2020 16:50:12, thread 0] Starting registration...
[02.06.2020 16:50:14, thread 0] Error registering - Fedotov555650_Novella289:DlnHR_gWEwV7c8j4Nhht:185.86.151.217:8011:l3ntvv:NGJKov:Mozilla/5.0 (Windows NT 10.0) AppleWebKit/537.36 (KHTML, like Gecko) Chrome/76.0.3809.132 YaBrowser/19.9.1.237 Yowser/2.5 Safari/537.36:Fedotov555650Novella70208@gmail.com:ru-RU
[02.06.2020 16:50:15, thread 0] We are waiting for another SMS to this number.
[02.06.2020 16:50:21, thread 0] Defined proxy region - ru-RU
[02.06.2020 16:50:23, thread 0] Cookie parsing
[02.06.2020 16:50:25, thread 0] Requested SMS from Instagram.
[02.06.2020 16:50:50, thread 0] Received a code 761592 on number +79256569000, id: 268663550
[02.06.2020 16:50:50, thread 0] Starting registration...
[02.06.2020 16:50:52, thread 0] Error registering - Louisay88886_Martelli226:A2oN34wUQEBpDibuoXA5:185.86.151.217:8010:l3ntvv:NGJKov:Mozilla/5.0 (Windows NT 10.0; WOW64) AppleWebKit/537.36 (KHTML, like Gecko) Chrome/63.0.3239.26 Safari/537.36 Core/1.63.5478.400 QQBrowser/10.1.1550.400:Louisay88886Martelli70128@gmail.com:ru-RU
[02.06.2020 16:50:53, thread 0] We are waiting for another SMS to this number.
[02.06.2020 16:50:59, thread 0] Defined proxy region - ru-RU
[02.06.2020 16:51:01, thread 0] Cookie parsing
[02.06.2020 16:51:03, thread 0] Requested SMS from Instagram.
[02.06.2020 16:51:25, thread 0] Received a code 761592 on number +79256569000, id: 268663550
[02.06.2020 16:51:25, thread 0] Starting registration...
[02.06.2020 16:51:29, thread 0] Error registering - Kolesnikova95_Bettini709:bOaYb_ijdvCkAnSUD7Ta:185.86.151.217:8011:l3ntvv:NGJKov:Mozilla/5.0 (Windows NT 6.1) AppleWebKit/537.36 (KHTML, like Gecko) Chrome/77.0.3865.120 Safari/537.36 OPR/64.0.3417.73:Kolesnikova95Bettini13248@gmail.com:ru-RU
[02.06.2020 16:51:31, thread 0] We are waiting for another SMS to this number.
[02.06.2020 16:51:36, thread 0] Defined proxy region - ru-RU
[02.06.2020 16:51:38, thread 0] Cookie parsing
[02.06.2020 16:51:40, thread 0] Requested SMS from Instagram.
[02.06.2020 16:52:01, thread 0] Received a code 761592 on number +79256569000, id: 268663550
[02.06.2020 16:52:01, thread 0] Starting registration...
[02.06.2020 16:52:04, thread 0] Error registering - Harriet565_Amanullah160:__jjx5MDCILgG4Ao1VVG:185.86.151.217:8010:l3ntvv:NGJKov:Mozilla/5.0 (Windows NT 10.0; Win64; x64) AppleWebKit/537.36 (KHTML, like Gecko) Chrome/72.0.3626.64 Safari/537.36:Harriet565Amanullah83825@gmail.com:ru-RU
[02.06.2020 16:52:05, thread 0] We are waiting for another SMS to this number.
[02.06.2020 16:52:11, thread 0] Defined proxy region - ru-RU
[02.06.2020 16:52:13, thread 0] Cookie parsing
[02.06.2020 16:52:21, thread 0] Took number in the service - +79252656999, id: 268667905
[02.06.2020 16:52:23, thread 0] Requested SMS from Instagram.
[02.06.2020 16:53:32, thread 0] Requested another SMS from Instagram.
[02.06.2020 16:53:53, thread 0] Received a code 613920 on number +79252656999, id: 268667905
[02.06.2020 16:53:53, thread 0] Starting registration...
[02.06.2020 16:54:01, thread 0] Registration successful! - Hollie6858_Grace713:80ysfNFn9QLuWQGjGllI:185.86.151.217:8011:l3ntvv:NGJKov:Mozilla/5.0 (Windows NT 10.0; Win64; x64) AppleWebKit/537.36 (KHTML, like Gecko) Chrome/72.0.3626.121 Safari/537.36:Hollie6858Grace81506@gmail.com:ru-RU
[02.06.2020 16:54:02, thread 0] We are waiting for another SMS to this number.
[02.06.2020 16:54:03, thread 0] Defined proxy region - ru-RU
[02.06.2020 16:54:05, thread 0] Cookie parsing
[02.06.2020 16:54:14, thread 0] Took number in the service - +79037410964, id: 268668663
[02.06.2020 16:54:16, thread 0] Requested SMS from Instagram.
[02.06.2020 16:54:38, thread 0] Received a code 051928 on number +79037410964, id: 268668663
[02.06.2020 16:54:38, thread 0] Starting registration...
[02.06.2020 16:54:43, thread 0] Registration successful! - Bethany6088_Deluca663:u9nWu4QoHxXGyjGWkDfe:185.86.151.217:8010:l3ntvv:NGJKov:Mozilla/5.0 (Windows NT 10.0) AppleWebKit/537.36 (KHTML, like Gecko) Chrome/76.0.3809.132 YaBrowser/19.9.1.237 Yowser/2.5 Safari/537.36:Bethany6088Deluca62280@gmail.com:ru-RU
[02.06.2020 16:54:44, thread 0] We are waiting for another SMS to this number.
[02.06.2020 16:54:45, thread 0] Defined proxy region - ru-RU
[02.06.2020 16:54:47, thread 0] Cookie parsing
[02.06.2020 18:25:55, thread 0] Defined proxy region - ru-RU
[02.06.2020 18:26:13, thread 0] Cookie parsing
[02.06.2020 18:26:15, thread 0] Took number in the service - +79020684396, id: 268703790
[02.06.2020 18:26:18, thread 0] Requested SMS from Instagram.
[02.06.2020 18:26:40, thread 0] Received a code 620831 on number +79020684396, id: 268703790
[02.06.2020 18:26:40, thread 0] Starting registration...
[02.06.2020 18:26:46, thread 0] Checkpoint - Annice_Mccarthy441:MMrP1Ievzc8o3rGtGElM:185.86.151.217:8010:l3ntvv:NGJKov:Mozilla/5.0 (Windows NT 6.1) AppleWebKit/537.36 (KHTML, like Gecko) Chrome/66.0.3359.181 Safari/537.36 Kinza/4.7.2:AnniceMccarthy83963@gmail.com:ru-RU
[02.06.2020 18:27:23, thread 0] We are waiting for another SMS to this number.
[02.06.2020 18:27:47, thread 0] Defined proxy region - ru-RU
[02.06.2020 18:28:12, thread 0] Cookie parsing
[02.06.2020 18:28:18, thread 0] Requested SMS from Instagram.
[02.06.2020 18:28:44, thread 0] Received a code 703294 on number +79020684396, id: 268703790
[02.06.2020 18:28:44, thread 0] Starting registration...
[02.06.2020 18:28:56, thread 0] Checkpoint - Maximova6099_Cara791:6fJsRErLIvfy61NdnzNN:185.86.151.217:8011:l3ntvv:NGJKov:mozilla/5.0 (linux; Android 6.0.1; Plus E Build/MMB29U; wv) AppleWebKit/537.36 (KHTML, like Gecko) Version/4.0 Chrome/57.0.2987.108 Mobile Safari/537.36 [FB_IAB/FB4A;FBAV/161.0.0.35.93;]:Maximova6099Cara38597@gmail.com:ru-RU
[02.06.2020 18:28:58, thread 0] We are waiting for another SMS to this number.
[02.06.2020 18:29:03, thread 0] Defined proxy region - ru-RU
[02.06.2020 18:29:06, thread 0] Cookie parsing
[02.06.2020 18:29:09, thread 0] Requested SMS from Instagram.
[02.06.2020 18:31:02, thread 0] Received a code 165083 on number +79020684396, id: 268703790
[02.06.2020 18:31:02, thread 0] Starting registration...
[02.06.2020 18:31:08, thread 0] Checkpoint - Brittany5909_Toscano304:xPjPaNGaI1vbDd2jUTrq:185.86.151.217:8010:l3ntvv:NGJKov:Mozilla/5.0 (Windows NT 10.0; Win64; x64) AppleWebKit/537.36 (KHTML, like Gecko) Chrome/76.0.3809.132 Safari/537.36 OPR/63.0.3368.107 (Edition Campaign 34):Brittany5909Toscano53163@gmail.com:ru-RU
[02.06.2020 18:31:09, thread 0] We are waiting for another SMS to this number.
[02.06.2020 18:31:14, thread 0] Defined proxy region - ru-RU
[02.06.2020 18:31:16, thread 0] Cookie parsing
[02.06.2020 18:31:19, thread 0] Requested SMS from Instagram.
[02.06.2020 18:31:41, thread 0] Received a code 046815 on number +79020684396, id: 268703790
[02.06.2020 18:31:41, thread 0] Starting registration...
[02.06.2020 18:31:52, thread 0] Registration successful! - Kuznetsova9_Raffia696:CB9wlQKAZwLw8Y5jTb9o:185.86.151.217:8011:l3ntvv:NGJKov:Mozilla/5.0 (Windows NT 10.0; Win64; x64) AppleWebKit/537.36 (KHTML, like Gecko) Chrome/76.0.3809.100 Safari/537.36:Kuznetsova9Raffia96449@gmail.com:ru-RU
[02.06.2020 18:31:54, thread 0] We are waiting for another SMS to this number.
[02.06.2020 18:31:54, thread 0] Defined proxy region - ru-RU
[02.06.2020 18:31:56, thread 0] Cookie parsing
[02.06.2020 18:31:59, thread 0] Requested SMS from Instagram.
[02.06.2020 18:32:20, thread 0] Received a code 298576 on number +79020684396, id: 268703790
[02.06.2020 18:32:20, thread 0] Starting registration...
[02.06.2020 18:32:26, thread 0] Checkpoint - Orlov5666_Carlini934:0yzKNSNm_g7Kkp2lEKgR:185.86.151.217:8010:l3ntvv:NGJKov:Mozilla/5.0 (Windows NT 10.0; WOW64) AppleWebKit/537.36 (KHTML, like Gecko) Chrome/78.0.3904.87 Safari/537.36:Orlov5666Carlini59823@gmail.com:ru-RU
[02.06.2020 18:32:27, thread 0] We are waiting for another SMS to this number.
[02.06.2020 18:32:35, thread 0] Defined proxy region - ru-RU
[02.06.2020 18:32:39, thread 0] Cookie parsing
[02.06.2020 18:32:47, thread 0] Requested SMS from Instagram.
[02.06.2020 18:33:08, thread 0] Received a code 839761 on number +79020684396, id: 268703790
[02.06.2020 18:33:08, thread 0] Starting registration...
[02.06.2020 18:33:17, thread 0] Registration successful! - Suzan809_Sartori914:9hL_lLBNw7kqKB_q0PYY:185.86.151.217:8011:l3ntvv:NGJKov:mozilla/5.0 (linux; Android 5.1; U PULSE LITE Build/NRD90M; wv) AppleWebKit/537.36 (KHTML, like Gecko) Version/4.0  Chrome/61.0.3163.98 Mobile Safari/537.36 [FB_IAB/FB4A;FBAV/166.0.0.66.95;]:Suzan809Sartori60497@gmail.com:ru-RU
[02.06.2020 18:33:18, thread 0] We are waiting for another SMS to this number.
[02.06.2020 18:33:19, thread 0] Defined proxy region - ru-RU
[02.06.2020 18:33:21, thread 0] Cookie parsing
[02.06.2020 18:33:25, thread 0] Requested SMS from Instagram.
[02.06.2020 18:33:46, thread 0] Received a code 540928 on number +79020684396, id: 268703790
[02.06.2020 18:33:46, thread 0] Starting registration...
[02.06.2020 18:33:51, thread 0] Checkpoint - Angel506_Hawkins416:7HIiY_uKfXepbPnRp2C7:185.86.151.217:8010:l3ntvv:NGJKov:Mozilla/5.0 (Windows NT 10.0; Win64; x64) AppleWebKit/537.36 (KHTML, like Gecko) Chrome/79.0.3945.16 Safari/537.36 Edg/79.0.309.7:Angel506Hawkins70367@gmail.com:ru-RU
[02.06.2020 18:33:52, thread 0] We are waiting for another SMS to this number.
[02.06.2020 18:33:59, thread 0] Defined proxy region - ru-RU
[02.06.2020 18:34:07, thread 0] Cookie parsing
[02.06.2020 18:34:10, thread 0] Requested SMS from Instagram.
[02.06.2020 18:34:32, thread 0] Received a code 520361 on number +79020684396, id: 268703790
[02.06.2020 18:34:32, thread 0] Starting registration...
[02.06.2020 18:34:37, thread 0] Checkpoint - Sylvia809_Pavone104:o9E69VBDHFKkusONE2sn:185.86.151.217:8011:l3ntvv:NGJKov:Mozilla/5.0 (Windows NT 10.0; WOW64) AppleWebKit/537.36 (KHTML, like Gecko) Chrome/76.0.3809.132 YaBrowser/19.9.3.314 Yowser/2.5 Safari/537.36:Sylvia809Pavone48228@gmail.com:ru-RU
[02.06.2020 18:34:40, thread 0] We are waiting for another SMS to this number.
[02.06.2020 18:34:46, thread 0] Defined proxy region - ru-RU
[02.06.2020 18:34:48, thread 0] Cookie parsing
[02.06.2020 18:36:02, thread 0] Requested SMS from Instagram.
[02.06.2020 18:36:57, thread 0] Received a code 126384 on number +79020684396, id: 268703790
[02.06.2020 18:36:57, thread 0] Starting registration...
[02.06.2020 18:37:11, thread 0] Checkpoint - Jemimah60096_Safa865:FDjfqU3PFJ3irNIa4rX4:185.86.151.217:8010:l3ntvv:NGJKov:Mozilla/5.0 (Windows NT 10.0; Win64; x64) AppleWebKit/537.36 (KHTML, like Gecko) Chrome/76.0.3809.132 Safari/537.36 OPR/63.0.3368.57388:Jemimah60096Safa69316@gmail.com:ru-RU
[02.06.2020 18:37:12, thread 0] We are waiting for another SMS to this number.
[02.06.2020 18:37:17, thread 0] Defined proxy region - ru-RU
[02.06.2020 18:37:20, thread 0] Cookie parsing
[02.06.2020 18:37:22, thread 0] Requested SMS from Instagram.
[02.06.2020 18:37:44, thread 0] Received a code 126384 on number +79020684396, id: 268703790
[02.06.2020 18:37:44, thread 0] Starting registration...
[02.06.2020 18:38:02, thread 0] Error registering - Maria69_Rossi668:siA6lTEOYnradhUIyZBl:185.86.151.217:8011:l3ntvv:NGJKov:Mozilla/5.0 (Windows NT 10.0; Win64; x64) AppleWebKit/537.36 (KHTML, like Gecko) Chrome/73.0.3683.86 Safari/537.36:Maria69Rossi78651@gmail.com:ru-RU
[02.06.2020 18:38:03, thread 0] We are waiting for another SMS to this number.
[02.06.2020 18:38:09, thread 0] Defined proxy region - ru-RU
[02.06.2020 18:38:11, thread 0] Cookie parsing
[02.06.2020 18:38:15, thread 0] Requested SMS from Instagram.
[02.06.2020 18:38:36, thread 0] Received a code 612754 on number +79020684396, id: 268703790
[02.06.2020 18:38:36, thread 0] Starting registration...
[02.06.2020 18:41:12, thread 0] Error registering - Magdalen605506_Kafil229:LdYSs7TjTig4ZPjGsMbl:185.86.151.217:8010:l3ntvv:NGJKov:mozilla/5.0 (linux; Android 6.0.1; STARTRAIL 8 Build/MRA58K; wv) AppleWebKit/537.36 (KHTML, like Gecko) Version/4.0 Chrome/57.0.2987.108 Mobile Safari/537.36 [FB_IAB/FB4A;FBAV/153.0.0.54.88;]:Magdalen605506Kafil46286@gmail.com:ru-RU
[02.06.2020 18:41:13, thread 0] We are waiting for another SMS to this number.
[02.06.2020 18:41:18, thread 0] Defined proxy region - ru-RU
[02.06.2020 18:41:20, thread 0] Cookie parsing
[02.06.2020 18:41:23, thread 0] Requested SMS from Instagram.
[02.06.2020 18:42:07, thread 0] Received a code 612754 on number +79020684396, id: 268703790
[02.06.2020 18:42:07, thread 0] Starting registration...
[02.06.2020 18:42:23, thread 0] Error registering - Philippa9_Fevronia355:oBwCuokpye2S3Vdtsp82:185.86.151.217:8011:l3ntvv:NGJKov:Mozilla/5.0 (Windows NT 10.0; WOW64) AppleWebKit/537.36 (KHTML, like Gecko) Chrome/63.0.3239.132 YaBrowser/18.2.0.284 Yowser/2.5 Safari/537.36:Philippa9Fevronia46445@gmail.com:ru-RU
[02.06.2020 18:42:24, thread 0] We are waiting for another SMS to this number.
[02.06.2020 18:42:30, thread 0] Defined proxy region - ru-RU
[02.06.2020 18:42:32, thread 0] Cookie parsing
[02.06.2020 18:42:34, thread 0] Requested SMS from Instagram.
[02.06.2020 18:43:10, thread 0] Received a code 302954 on number +79020684396, id: 268703790
[02.06.2020 18:43:10, thread 0] Starting registration...
[02.06.2020 18:43:19, thread 0] Error registering - Kuznetsova9_Axinite487:OikNxJonPKH_StG44NbI:185.86.151.217:8010:l3ntvv:NGJKov:Mozilla/5.0 (Windows NT 6.1) AppleWebKit/537.36 (KHTML, like Gecko) Chrome/77.0.3865.120 Safari/537.36 OPR/64.0.3417.73:Kuznetsova9Axinite34930@gmail.com:ru-RU
[02.06.2020 18:43:20, thread 0] We are waiting for another SMS to this number.
[02.06.2020 18:43:26, thread 0] Defined proxy region - ru-RU
[02.06.2020 18:43:28, thread 0] Cookie parsing
[02.06.2020 18:43:31, thread 0] Requested SMS from Instagram.
[02.06.2020 18:44:01, thread 0] Received a code 302954 on number +79020684396, id: 268703790
[02.06.2020 18:44:01, thread 0] Starting registration...
[02.06.2020 18:44:04, thread 0] Error registering - Darlene_Wenceslas273:ykclNHT5Zs_5b3e5dzcQ:185.86.151.217:8011:l3ntvv:NGJKov:mozilla/5.0 (linux; Android 8.0.0; STARTRAIL 9 Build/NRD90M; wv) AppleWebKit/537.36 (KHTML, like Gecko) Version/4.0 Chrome/62.0.3202.84 Mobile Safari/537.36 [FB_IAB/FB4A;FBAV/157.0.0.38.97;]:DarleneWenceslas49141@gmail.com:ru-RU
[02.06.2020 18:46:10, thread 0] We are waiting for another SMS to this number.
[02.06.2020 18:46:16, thread 0] Defined proxy region - ru-RU
[02.06.2020 18:46:20, thread 0] Cookie parsing
[02.06.2020 18:54:43, thread 0] Requested SMS from Instagram.
[02.06.2020 20:14:06, thread 0] Defined proxy region - ru-RU
[02.06.2020 20:14:08, thread 0] Cookie parsing
[02.06.2020 20:14:10, thread 0] Took number in the service - +79959958466, id: 268746501
[02.06.2020 20:14:13, thread 0] Requested SMS from Instagram.
[02.06.2020 20:15:19, thread 0] Requested another SMS from Instagram.
[02.06.2020 20:16:25, thread 0] Failed to get SMS from Instagram!
[02.06.2020 20:16:34, thread 0] Defined proxy region - ru-RU
[02.06.2020 20:16:36, thread 0] Cookie parsing
[02.06.2020 20:16:39, thread 0] Requested SMS from Instagram.
[02.06.2020 21:26:38, thread 0] Defined proxy region - ru-RU
[02.06.2020 21:26:40, thread 0] Cookie parsing
[02.06.2020 21:26:40, thread 0] Took number in the service - +79889674158, id: 268774457
[02.06.2020 21:26:41, thread 0] Requested SMS from Instagram.
[02.06.2020 21:27:02, thread 0] Received a code 042816 on number +79889674158, id: 268774457
[02.06.2020 21:27:02, thread 0] Starting registration...
[02.06.2020 21:27:07, thread 0] Registration successful! - Adelia8_Solveig848:7QAbi_EorFbmREy1MBwe:185.86.151.217:8010:l3ntvv:NGJKov:mozilla/5.0 (linux; Android 7.0; Z899VL Build/NMF26V; wv) AppleWebKit/537.36 (KHTML, like Gecko) Version/4.0 Chrome/62.0.3202.84 Mobile Safari/537.36 [FB_IAB/FB4A;FBAV/165.0.0.53.93;]:Adelia8Solveig84260@gmail.com:ru-RU
[02.06.2020 21:27:07, thread 0] We are waiting for another SMS to this number.
[02.06.2020 21:27:07, thread 0] Defined proxy region - ru-RU
[02.06.2020 21:27:11, thread 0] Cookie parsing
[02.06.2020 21:27:11, thread 0] Took number in the service - +79645815269, id: 268774630
[02.06.2020 21:27:12, thread 0] Requested SMS from Instagram.
[02.06.2020 21:27:52, thread 0] Phone number canceled!
[02.06.2020 21:27:58, thread 0] Defined proxy region - ru-RU
[02.06.2020 21:28:00, thread 0] Cookie parsing
[02.06.2020 21:28:00, thread 0] Took number in the service - +79111609728, id: 268774907
[02.06.2020 21:28:01, thread 0] Requested SMS from Instagram.
[02.06.2020 21:28:42, thread 0] Received a code 497325 on number +79111609728, id: 268774907
[02.06.2020 21:28:42, thread 0] Starting registration...
[02.06.2020 21:28:46, thread 0] Checkpoint - Maude85_Conte374:t4F6tObynyYzC7Q0BPm9:185.86.151.217:8010:l3ntvv:NGJKov:Mozilla/5.0 (Windows NT 6.1; WOW64) AppleWebKit/537.36 (KHTML, like Gecko) Chrome/75.0.3770.143 YaBrowser/19.7.2.516 Yowser/2.5 Safari/537.36:Maude85Conte43670@gmail.com:ru-RU
[02.06.2020 21:28:46, thread 0] We are waiting for another SMS to this number.
[02.06.2020 21:28:52, thread 0] Defined proxy region - ru-RU
[02.06.2020 21:28:55, thread 0] Cookie parsing
[02.06.2020 21:28:56, thread 0] Requested SMS from Instagram.
[02.06.2020 21:29:16, thread 0] Received a code 072589 on number +79111609728, id: 268774907
[02.06.2020 21:29:16, thread 0] Starting registration...
[02.06.2020 21:29:22, thread 0] Checkpoint - Avis858_Harrell777:2qfAgdhR8_Cqju3DWLPJ:185.86.151.217:8011:l3ntvv:NGJKov:Mozilla/5.0 (Windows NT 6.1) AppleWebKit/537.36 (KHTML, like Gecko) Chrome/66.0.3359.181 Safari/537.36:Avis858Harrell55641@gmail.com:ru-RU
[02.06.2020 21:29:22, thread 0] We are waiting for another SMS to this number.
[02.06.2020 21:29:28, thread 0] Defined proxy region - ru-RU
[02.06.2020 21:29:30, thread 0] Cookie parsing
[02.06.2020 21:29:31, thread 0] Requested SMS from Instagram.
[02.06.2020 21:29:51, thread 0] Received a code 160547 on number +79111609728, id: 268774907
[02.06.2020 21:29:51, thread 0] Starting registration...
[02.06.2020 21:29:56, thread 0] Checkpoint - Zaitseva5968_Bratislava394:S8Rjp2nl6dpuCRbzqsCL:185.86.151.217:8010:l3ntvv:NGJKov:Mozilla/5.0 (Windows NT 10.0; rv:66.0) Gecko/20100101 Firefox/66.0:Zaitseva5968Bratislava68940@gmail.com:ru-RU
[02.06.2020 21:29:56, thread 0] We are waiting for another SMS to this number.
[02.06.2020 21:30:02, thread 0] Defined proxy region - ru-RU
[02.06.2020 21:30:04, thread 0] Cookie parsing
[02.06.2020 21:30:05, thread 0] Requested SMS from Instagram.
[02.06.2020 21:30:25, thread 0] Received a code 160547 on number +79111609728, id: 268774907
[02.06.2020 21:30:25, thread 0] Starting registration...
[02.06.2020 21:30:26, thread 0] Error registering - Tarasova688065_Marchi888:hslYX1YAPBLURzQqleBw:185.86.151.217:8011:l3ntvv:NGJKov:Mozilla/5.0 (Windows NT 10.0; WOW64) AppleWebKit/537.36 (KHTML, like Gecko) Chrome/78.0.3904.70 Safari/537.36:Tarasova688065Marchi18857@gmail.com:ru-RU
[02.06.2020 21:30:26, thread 0] We are waiting for another SMS to this number.
[02.06.2020 21:30:45, thread 0] Defined proxy region - ru-RU
[02.06.2020 21:30:55, thread 0] Cookie parsing
[02.06.2020 21:30:58, thread 0] Requested SMS from Instagram.
[02.06.2020 21:31:18, thread 0] Received a code 396870 on number +79111609728, id: 268774907
[02.06.2020 21:31:18, thread 0] Starting registration...
[02.06.2020 21:31:19, thread 0] Error registering - Debra98069_Borrelli135:0kZM2t8zZivIYrdcq10Z:185.86.151.217:8010:l3ntvv:NGJKov:Mozilla/5.0 (Windows NT 10.0; WOW64) AppleWebKit/537.36 (KHTML, like Gecko) Chrome/65.0.3325.181 Safari/537.36:Debra98069Borrelli16240@gmail.com:ru-RU
[02.06.2020 21:31:20, thread 0] We are waiting for another SMS to this number.
[02.06.2020 21:31:25, thread 0] Defined proxy region - ru-RU
[02.06.2020 21:31:28, thread 0] Cookie parsing
[02.06.2020 21:31:29, thread 0] Requested SMS from Instagram.
[02.06.2020 21:31:50, thread 0] Received a code 154802 on number +79111609728, id: 268774907
[02.06.2020 21:31:50, thread 0] Starting registration...
[02.06.2020 21:31:50, thread 0] Error registering - Diana58088_Cordelia249:DMtlpqW6G6Odp52Zdw8K:185.86.151.217:8011:l3ntvv:NGJKov:Mozilla/5.0 (Windows NT 10.0; WOW64) AppleWebKit/537.36 (KHTML, like Gecko) Chrome/45.0.2454.101 Safari/537.36 QIHU 360SE/Nutch-1.13:Diana58088Cordelia45612@gmail.com:ru-RU
[02.06.2020 21:31:51, thread 0] We are waiting for another SMS to this number.
[02.06.2020 21:31:56, thread 0] Defined proxy region - ru-RU
[02.06.2020 21:31:58, thread 0] Cookie parsing
[02.06.2020 21:31:59, thread 0] Requested SMS from Instagram.
[02.06.2020 21:32:19, thread 0] Received a code 735169 on number +79111609728, id: 268774907
[02.06.2020 21:32:19, thread 0] Starting registration...
[02.06.2020 21:32:20, thread 0] Error registering - Delphia980_Perri663:sR3aLqG0qTqz3WeEQxou:185.86.151.217:8010:l3ntvv:NGJKov:Mozilla/5.0 (Windows NT 10.0; WOW64) AppleWebKit/537.36 (KHTML, like Gecko) Chrome/77.0.3865.92 YaBrowser/19.10.1.87 (beta) Yowser/2.5 Safari/537.36:Delphia980Perri90325@gmail.com:ru-RU
[02.06.2020 21:32:20, thread 0] We are waiting for another SMS to this number.
[02.06.2020 21:32:29, thread 0] Defined proxy region - ru-RU
[02.06.2020 21:32:32, thread 0] Cookie parsing
[02.06.2020 21:32:33, thread 0] Requested SMS from Instagram.
[02.06.2020 21:32:53, thread 0] Received a code 709534 on number +79111609728, id: 268774907
[02.06.2020 21:32:53, thread 0] Starting registration...
[02.06.2020 21:32:54, thread 0] Error registering - Annabella65698_Solomon871:k8ulMMCDGqgLxwA29W_L:185.86.151.217:8011:l3ntvv:NGJKov:Mozilla/5.0 (Windows NT 10.0; WOW64) AppleWebKit/537.36 (KHTML, like Gecko) Chrome/76.0.3809.132 YaBrowser/19.9.3.314 Yowser/2.5 Safari/537.36:Annabella65698Solomon59743@gmail.com:ru-RU
[02.06.2020 21:32:54, thread 0] We are waiting for another SMS to this number.
[02.06.2020 21:32:59, thread 0] Defined proxy region - ru-RU
[02.06.2020 21:33:01, thread 0] Cookie parsing
[02.06.2020 21:33:02, thread 0] Requested SMS from Instagram.
[02.06.2020 21:33:22, thread 0] Received a code 685041 on number +79111609728, id: 268774907
[02.06.2020 21:33:22, thread 0] Starting registration...
[02.06.2020 21:33:24, thread 0] Error registering - Emily98856965_Gordon934:a_52wDnhXdRq59bUPSGn:185.86.151.217:8010:l3ntvv:NGJKov:Mozilla/5.0 (Windows NT 6.1) AppleWebKit/537.36 (KHTML, like Gecko) Chrome/74.0.3729.169 YaBrowser/19.6.2.599 Yowser/2.5 Safari/537.36:Emily98856965Gordon85767@gmail.com:ru-RU
[02.06.2020 21:33:24, thread 0] We are waiting for another SMS to this number.
[02.06.2020 21:33:30, thread 0] Defined proxy region - ru-RU
[02.06.2020 21:33:32, thread 0] Cookie parsing
[02.06.2020 21:33:33, thread 0] Requested SMS from Instagram.
[02.06.2020 21:33:53, thread 0] Received a code 540218 on number +79111609728, id: 268774907
[02.06.2020 21:33:53, thread 0] Starting registration...
[02.06.2020 21:33:56, thread 0] Error registering - Melina65_Gigli443:saRVoUbgAYLojWOPSRAM:185.86.151.217:8011:l3ntvv:NGJKov:Mozilla/5.0 (Windows NT 10.0; WOW64) AppleWebKit/537.36 (KHTML, like Gecko) Chrome/75.0.3770.100 Safari/537.36:Melina65Gigli60120@gmail.com:ru-RU
[02.06.2020 21:33:56, thread 0] We are waiting for another SMS to this number.
[02.06.2020 21:34:02, thread 0] Defined proxy region - ru-RU
[02.06.2020 21:34:04, thread 0] Cookie parsing
[02.06.2020 21:34:05, thread 0] Requested SMS from Instagram.
[02.06.2020 21:34:25, thread 0] Received a code 236490 on number +79111609728, id: 268774907
[02.06.2020 21:34:25, thread 0] Starting registration...
[02.06.2020 21:34:27, thread 0] Error registering - Lorena6058_Lombardi908:ppB8zKiBd7bqEG1FJ1M6:185.86.151.217:8010:l3ntvv:NGJKov:Mozilla/5.0 (Windows NT 10.0; WOW64) AppleWebKit/537.36 (KHTML, like Gecko) Chrome/77.0.3865.120 YaBrowser/19.10.2.195 Yowser/2.5 Safari/537.36:Lorena6058Lombardi44126@gmail.com:ru-RU
[02.06.2020 21:34:27, thread 0] We are waiting for another SMS to this number.
[02.06.2020 21:34:35, thread 0] Defined proxy region - ru-RU
[02.06.2020 21:34:43, thread 0] Cookie parsing
[02.06.2020 21:34:45, thread 0] Requested SMS from Instagram.
[02.06.2020 21:35:06, thread 0] Received a code 098673 on number +79111609728, id: 268774907
[02.06.2020 21:35:06, thread 0] Starting registration...
[02.06.2020 21:35:08, thread 0] Error registering - Posy690695_Aurica255:RMi0OW75vJniFXZsHXwj:185.86.151.217:8011:l3ntvv:NGJKov:Mozilla/5.0 (Windows NT 10.0; WOW64) AppleWebKit/537.36 (KHTML, like Gecko) Chrome/78.0.3904.87 Safari/537.36:Posy690695Aurica61983@gmail.com:ru-RU
[02.06.2020 21:35:08, thread 0] We are waiting for another SMS to this number.
[02.06.2020 21:35:14, thread 0] Defined proxy region - ru-RU
[02.06.2020 21:35:16, thread 0] Cookie parsing
[02.06.2020 21:35:16, thread 0] Requested SMS from Instagram.
[02.06.2020 21:35:37, thread 0] Received a code 098673 on number +79111609728, id: 268774907
[02.06.2020 21:35:37, thread 0] Starting registration...
[02.06.2020 21:35:38, thread 0] Error registering - Lee60880_Larissa871:1jPweGBh2oOjreUPEAkS:185.86.151.217:8010:l3ntvv:NGJKov:Mozilla/5.0 (Windows NT 6.1; WOW64) AppleWebKit/537.36 (KHTML, like Gecko) Chrome/76.0.3809.132 Safari/537.36:Lee60880Larissa59743@gmail.com:ru-RU
[02.06.2020 21:35:40, thread 0] We are waiting for another SMS to this number.
[02.06.2020 21:35:46, thread 0] Defined proxy region - ru-RU
[02.06.2020 21:35:49, thread 0] Cookie parsing
[02.06.2020 21:35:49, thread 0] Took number in the service - +79915216789, id: 268777711
[02.06.2020 21:35:50, thread 0] Requested SMS from Instagram.
[02.06.2020 21:36:51, thread 0] Requested another SMS from Instagram.
[02.06.2020 21:37:52, thread 0] Failed to get SMS from Instagram!
[02.06.2020 21:37:58, thread 0] Defined proxy region - ru-RU
[02.06.2020 21:38:00, thread 0] Cookie parsing
[02.06.2020 21:38:01, thread 0] Requested SMS from Instagram.
[02.06.2020 21:38:21, thread 0] Phone number canceled!
[02.06.2020 21:38:27, thread 0] Defined proxy region - ru-RU
[02.06.2020 21:38:28, thread 0] Cookie parsing
[02.06.2020 21:38:29, thread 0] Took number in the service - +79959959246, id: 268778632
[02.06.2020 21:38:30, thread 0] Requested SMS from Instagram.
[02.06.2020 21:39:51, thread 0] Phone number canceled!
[02.06.2020 21:40:01, thread 0] Defined proxy region - ru-RU
[02.06.2020 21:40:06, thread 0] Cookie parsing
[02.06.2020 21:40:07, thread 0] Took number in the service - +79020684636, id: 268779218
[02.06.2020 21:40:09, thread 0] Requested SMS from Instagram.
