[14.07.2020 21:29:15, поток 0] Определили регион прокси - ru-UA
[14.07.2020 21:29:15, поток 0] Определили регион прокси - ru-UA
[14.07.2020 21:29:16, поток 0] Определили регион прокси - ru-UA
[14.07.2020 21:29:16, поток 0] Определили регион прокси - ru-UA
[14.07.2020 21:29:17, поток 0] Спарсили куки
[14.07.2020 21:29:17, поток 0] Начинаем регистрацию...
[14.07.2020 21:29:18, поток 4] Спарсили куки
[14.07.2020 21:29:18, поток 4] Начинаем регистрацию...
[14.07.2020 21:29:18, поток 0] Определили регион прокси - ru-UA
[14.07.2020 21:29:19, поток 0] Instagram отправил письмо на на почту - seb-hubert@orange.fr
[14.07.2020 21:29:19, поток 4] Instagram отправил письмо на на почту - ltbois@orange.fr
[14.07.2020 21:29:19, поток 0] Определили регион прокси - ru-UA
[14.07.2020 21:29:21, поток 2] Спарсили куки
[14.07.2020 21:29:21, поток 2] Начинаем регистрацию...
[14.07.2020 21:29:22, поток 6] Спарсили куки
[14.07.2020 21:29:22, поток 6] Начинаем регистрацию...
[14.07.2020 21:29:23, поток 5] Спарсили куки
[14.07.2020 21:29:23, поток 5] Начинаем регистрацию...
[14.07.2020 21:29:23, поток 2] Instagram отправил письмо на на почту - y.douet@orange.fr
[14.07.2020 21:29:24, поток 6] Instagram отправил письмо на на почту - marie-ange.arrighi@wanadoo.fr
[14.07.2020 21:29:24, поток 8] Спарсили куки
[14.07.2020 21:29:24, поток 8] Начинаем регистрацию...
[14.07.2020 21:29:25, поток 5] Instagram отправил письмо на на почту - c.biole@orange.fr
[14.07.2020 21:29:26, поток 0] Определили регион прокси - ru-RU
[14.07.2020 21:29:27, поток 0] Определили регион прокси - ru-UA
[14.07.2020 21:29:27, поток 8] Instagram отправил письмо на на почту - alain_cres@orange.fr
[14.07.2020 21:29:27, поток 0] Определили регион прокси - ru-UA
[14.07.2020 21:29:29, поток 0] Определили регион прокси - ru-UA
[14.07.2020 21:29:30, поток 1] Спарсили куки
[14.07.2020 21:29:30, поток 1] Начинаем регистрацию...
[14.07.2020 21:29:30, поток 7] Спарсили куки
[14.07.2020 21:29:30, поток 7] Начинаем регистрацию...
[14.07.2020 21:29:31, поток 1] Instagram отправил письмо на на почту - carineeee@wanadoo.fr
[14.07.2020 21:29:32, поток 3] Спарсили куки
[14.07.2020 21:29:32, поток 3] Начинаем регистрацию...
[14.07.2020 21:29:32, поток 7] Instagram отправил письмо на на почту - thierry.bernard0533@orange.fr
[14.07.2020 21:29:33, поток 3] Instagram отправил письмо на на почту - didyollivier@wanadoo.fr
[14.07.2020 21:29:35, поток 9] Спарсили куки
[14.07.2020 21:29:35, поток 9] Начинаем регистрацию...
[14.07.2020 21:29:58, поток 7] Что-то не так с IMAP - thierry.bernard0533@orange.fr:Capucine04
[14.07.2020 21:29:58, поток 7] (Ошибка) Данные от почты не подошли! - thierry.bernard0533@orange.fr:Capucine04
[14.07.2020 21:30:23, поток 0] Определили регион прокси - ru-UA
[14.07.2020 21:30:24, поток 0] Определили регион прокси - ru-UA
[14.07.2020 21:30:27, поток 9] Спарсили куки
[14.07.2020 21:30:27, поток 9] Начинаем регистрацию...
[14.07.2020 21:30:29, поток 7] Спарсили куки
[14.07.2020 21:30:29, поток 7] Начинаем регистрацию...
[14.07.2020 21:30:30, поток 9] Instagram отправил письмо на на почту - chartier-jean-philippe@wanadoo.fr
[14.07.2020 21:30:30, поток 7] Instagram отправил письмо на на почту - boulabiza.habiba@orange.fr
[14.07.2020 21:31:01, поток 0] Определили регион прокси - ru-UA
[14.07.2020 21:31:03, поток 0] Определили регион прокси - ru-UA
[14.07.2020 21:31:04, поток 0] Определили регион прокси - ru-UA
[14.07.2020 21:31:05, поток 0] Спарсили куки
[14.07.2020 21:31:05, поток 0] Начинаем регистрацию...
[14.07.2020 21:31:06, поток 5] Спарсили куки
[14.07.2020 21:31:06, поток 5] Начинаем регистрацию...
[14.07.2020 21:31:07, поток 6] Спарсили куки
[14.07.2020 21:31:07, поток 6] Начинаем регистрацию...
[14.07.2020 21:31:07, поток 0] Instagram отправил письмо на на почту - fabienne.vernizeau@sfr.fr
[14.07.2020 21:31:07, поток 5] Instagram отправил письмо на на почту - dgpeinture@orange.fr
[14.07.2020 21:31:09, поток 6] Instagram отправил письмо на на почту - margotderquenne@wanadoo.fr
[14.07.2020 21:31:12, поток 0] Определили регион прокси - ru-UA
[14.07.2020 21:31:12, поток 0] Определили регион прокси - ru-UA
[14.07.2020 21:31:14, поток 0] Определили регион прокси - ru-UA
[14.07.2020 21:31:16, поток 3] Спарсили куки
[14.07.2020 21:31:16, поток 3] Начинаем регистрацию...
[14.07.2020 21:31:17, поток 0] Определили регион прокси - ru-UA
[14.07.2020 21:31:18, поток 3] Instagram отправил письмо на на почту - enjalbert.thomas@orange.fr
[14.07.2020 21:31:18, поток 1] Спарсили куки
[14.07.2020 21:31:18, поток 1] Начинаем регистрацию...
[14.07.2020 21:31:21, поток 1] Instagram отправил письмо на на почту - jeuxkif@orange.fr
[14.07.2020 21:31:22, поток 8] Спарсили куки
[14.07.2020 21:31:22, поток 8] Начинаем регистрацию...
[14.07.2020 21:31:24, поток 8] Instagram отправил письмо на на почту - contact-gites-saumur@orange.fr
[14.07.2020 21:31:30, поток 2] Спарсили куки
[14.07.2020 21:31:30, поток 2] Начинаем регистрацию...
[14.07.2020 21:31:32, поток 0] Что-то не так с IMAP - fabienne.vernizeau@sfr.fr:vmef71
[14.07.2020 21:31:32, поток 0] (Ошибка) Данные от почты не подошли! - fabienne.vernizeau@sfr.fr:vmef71
[14.07.2020 21:31:32, поток 2] Instagram отправил письмо на на почту - seb.guerive@wanadoo.fr
[14.07.2020 21:32:00, поток 0] Определили регион прокси - ru-UA
[14.07.2020 21:32:05, поток 4] Спарсили куки
[14.07.2020 21:32:05, поток 4] Начинаем регистрацию...
[14.07.2020 21:32:07, поток 4] Instagram отправил письмо на на почту - nadiaelgourch@orange.fr
[14.07.2020 21:32:09, поток 0] Определили регион прокси - ru-UA
[14.07.2020 21:32:11, поток 0] Определили регион прокси - ru-UA
[14.07.2020 21:32:14, поток 9] Спарсили куки
[14.07.2020 21:32:14, поток 9] Начинаем регистрацию...
[14.07.2020 21:32:16, поток 9] Instagram отправил письмо на на почту - benoist.katy@wanadoo.fr
[14.07.2020 21:32:18, поток 0] Определили регион прокси - ru-UA
[14.07.2020 21:32:20, поток 0] Спарсили куки
[14.07.2020 21:32:20, поток 0] Начинаем регистрацию...
[14.07.2020 21:32:21, поток 7] Спарсили куки
[14.07.2020 21:32:21, поток 7] Начинаем регистрацию...
[14.07.2020 21:32:21, поток 0] Instagram отправил письмо на на почту - medinafernandez@orange.fr
[14.07.2020 21:32:24, поток 7] Instagram отправил письмо на на почту - brunetaud.antoine@orange.fr
[14.07.2020 21:32:57, поток 0] Определили регион прокси - ru-UA
[14.07.2020 21:33:00, поток 3] Спарсили куки
[14.07.2020 21:33:00, поток 3] Начинаем регистрацию...
[14.07.2020 21:33:07, поток 0] Определили регион прокси - ru-UA
[14.07.2020 21:33:07, поток 0] Определили регион прокси - ru-UA
[14.07.2020 21:33:10, поток 2] Спарсили куки
[14.07.2020 21:33:10, поток 2] Начинаем регистрацию...
[14.07.2020 21:33:11, поток 0] Определили регион прокси - ru-UA
[14.07.2020 21:33:11, поток 2] Instagram отправил письмо на на почту - antoyejeremy@wanadoo.fr
[14.07.2020 21:33:15, поток 5] Спарсили куки
[14.07.2020 21:33:15, поток 5] Начинаем регистрацию...
[14.07.2020 21:33:15, поток 6] Спарсили куки
[14.07.2020 21:33:15, поток 6] Начинаем регистрацию...
[14.07.2020 21:33:18, поток 3] Instagram отправил письмо на на почту - gescassut@wanadoo.fr
[14.07.2020 21:33:18, поток 6] Instagram отправил письмо на на почту - valcorr@wanadoo.fr
[14.07.2020 21:33:19, поток 0] Определили регион прокси - ru-UA
[14.07.2020 21:33:22, поток 0] Определили регион прокси - ru-UA
[14.07.2020 21:33:22, поток 1] Спарсили куки
[14.07.2020 21:33:22, поток 1] Начинаем регистрацию...
[14.07.2020 21:33:24, поток 1] Instagram отправил письмо на на почту - cabrioletdumonde@wanadoo.fr
[14.07.2020 21:33:25, поток 8] Спарсили куки
[14.07.2020 21:33:25, поток 8] Начинаем регистрацию...
[14.07.2020 21:33:27, поток 8] Instagram отправил письмо на на почту - eveline.tuille2@orange.fr
[14.07.2020 21:33:30, поток 0] Определили регион прокси - ru-UA
[14.07.2020 21:33:34, поток 5] Спарсили куки
[14.07.2020 21:33:34, поток 5] Начинаем регистрацию...
[14.07.2020 21:33:37, поток 5] Instagram отправил письмо на на почту - bouvin.catherine@wanadoo.fr
[14.07.2020 21:33:55, поток 0] Определили регион прокси - ru-UA
[14.07.2020 21:33:58, поток 9] Спарсили куки
[14.07.2020 21:33:58, поток 9] Начинаем регистрацию...
[14.07.2020 21:33:59, поток 9] Instagram отправил письмо на на почту - chartier.lemaitre@orange.fr
[14.07.2020 21:34:02, поток 0] Определили регион прокси - ru-UA
[14.07.2020 21:34:04, поток 7] Спарсили куки
[14.07.2020 21:34:04, поток 7] Начинаем регистрацию...
[14.07.2020 21:34:04, поток 0] Определили регион прокси - ru-UA
[14.07.2020 21:34:05, поток 7] Instagram отправил письмо на на почту - capizzi.louis@orange.fr
[14.07.2020 21:34:09, поток 0] Спарсили куки
[14.07.2020 21:34:09, поток 0] Начинаем регистрацию...
[14.07.2020 21:34:11, поток 0] Instagram отправил письмо на на почту - aurelie-sejourne@wanadoo.fr
[14.07.2020 21:34:17, поток 0] Определили регион прокси - ru-UA
[14.07.2020 21:34:20, поток 4] Спарсили куки
[14.07.2020 21:34:20, поток 4] Начинаем регистрацию...
[14.07.2020 21:34:21, поток 4] Instagram отправил письмо на на почту - mmarien28@wanadoo.fr
[14.07.2020 21:34:56, поток 0] Определили регион прокси - ru-UA
[14.07.2020 21:35:01, поток 3] Спарсили куки
[14.07.2020 21:35:01, поток 3] Начинаем регистрацию...
[14.07.2020 21:35:02, поток 3] Instagram отправил письмо на на почту - charrifa@wanadoo.fr
[14.07.2020 21:35:08, поток 0] Определили регион прокси - ru-UA
[14.07.2020 21:35:09, поток 0] Определили регион прокси - ru-UA
[14.07.2020 21:35:11, поток 2] Спарсили куки
[14.07.2020 21:35:11, поток 2] Начинаем регистрацию...
[14.07.2020 21:35:12, поток 6] Спарсили куки
[14.07.2020 21:35:12, поток 6] Начинаем регистрацию...
[14.07.2020 21:35:12, поток 2] Instagram отправил письмо на на почту - michael.hamelin@wanadoo.fr
[14.07.2020 21:35:15, поток 0] Определили регион прокси - ru-UA
[14.07.2020 21:35:15, поток 6] Instagram отправил письмо на на почту - sanpat4@wanadoo.fr
[14.07.2020 21:35:17, поток 5] Спарсили куки
[14.07.2020 21:35:17, поток 5] Начинаем регистрацию...
[14.07.2020 21:35:18, поток 0] Определили регион прокси - ru-UA
[14.07.2020 21:35:18, поток 5] Instagram отправил письмо на на почту - maion.nadege@wanadoo.fr
[14.07.2020 21:35:20, поток 9] Спарсили куки
[14.07.2020 21:35:20, поток 9] Начинаем регистрацию...
[14.07.2020 21:35:22, поток 9] Instagram отправил письмо на на почту - benoist.loscul@orange.fr
[14.07.2020 21:35:25, поток 0] Определили регион прокси - ru-UA
[14.07.2020 21:35:29, поток 0] Определили регион прокси - ru-UA
[14.07.2020 21:35:30, поток 8] Спарсили куки
[14.07.2020 21:35:30, поток 8] Начинаем регистрацию...
[14.07.2020 21:35:32, поток 8] Instagram отправил письмо на на почту - jean-michel.lallement@wanadoo.fr
[14.07.2020 21:35:37, поток 1] Спарсили куки
[14.07.2020 21:35:37, поток 1] Начинаем регистрацию...
[14.07.2020 21:35:40, поток 1] Instagram отправил письмо на на почту - shirley.page@wanadoo.fr
[14.07.2020 21:35:43, поток 0] Определили регион прокси - ru-UA
[14.07.2020 21:35:46, поток 7] Спарсили куки
[14.07.2020 21:35:46, поток 7] Начинаем регистрацию...
[14.07.2020 21:35:48, поток 7] Instagram отправил письмо на на почту - charlotte.catier@choryphee-danse.fr
[14.07.2020 21:36:09, поток 0] Определили регион прокси - ru-UA
[14.07.2020 21:36:11, поток 0] Определили регион прокси - ru-UA
[14.07.2020 21:36:16, поток 4] Спарсили куки
[14.07.2020 21:36:16, поток 4] Начинаем регистрацию...
[14.07.2020 21:36:16, поток 0] Спарсили куки
[14.07.2020 21:36:16, поток 0] Начинаем регистрацию...
[14.07.2020 21:36:17, поток 4] Instagram отправил письмо на на почту - d.laroussinie@wanadoo.fr
[14.07.2020 21:36:19, поток 0] Instagram отправил письмо на на почту - lalanne.florian@orange.fr
[14.07.2020 21:36:55, поток 0] Определили регион прокси - ru-UA
[14.07.2020 21:36:57, поток 0] Определили регион прокси - ru-UA
[14.07.2020 21:37:03, поток 5] Спарсили куки
[14.07.2020 21:37:03, поток 5] Начинаем регистрацию...
[14.07.2020 21:37:05, поток 5] Instagram отправил письмо на на почту - chaigneau_marie@orange.fr
[14.07.2020 21:37:06, поток 2] Спарсили куки
[14.07.2020 21:37:06, поток 2] Начинаем регистрацию...
[14.07.2020 21:37:10, поток 2] Instagram отправил письмо на на почту - joseph.bicchieray@orange.fr
[14.07.2020 21:37:12, поток 0] Определили регион прокси - ru-UA
[14.07.2020 21:37:13, поток 0] Определили регион прокси - ru-UA
[14.07.2020 21:37:13, поток 0] Определили регион прокси - ru-UA
[14.07.2020 21:37:16, поток 0] Определили регион прокси - ru-UA
[14.07.2020 21:37:16, поток 7] Спарсили куки
[14.07.2020 21:37:16, поток 7] Начинаем регистрацию...
[14.07.2020 21:37:17, поток 8] Спарсили куки
[14.07.2020 21:37:17, поток 8] Начинаем регистрацию...
[14.07.2020 21:37:17, поток 7] Instagram отправил письмо на на почту - dorianteste@orange.fr
[14.07.2020 21:37:19, поток 8] Instagram отправил письмо на на почту - boborykine.mikael@wanadoo.fr
[14.07.2020 21:37:21, поток 6] Спарсили куки
[14.07.2020 21:37:21, поток 6] Начинаем регистрацию...
[14.07.2020 21:37:23, поток 6] Instagram отправил письмо на на почту - sandrine.baillet0925@wanadoo.fr
[14.07.2020 21:37:24, поток 0] Определили регион прокси - ru-UA
[14.07.2020 21:37:25, поток 3] Спарсили куки
[14.07.2020 21:37:25, поток 3] Начинаем регистрацию...
[14.07.2020 21:37:27, поток 3] Instagram отправил письмо на на почту - fossegilbert@wanadoo.fr
[14.07.2020 21:37:28, поток 1] Спарсили куки
[14.07.2020 21:37:28, поток 1] Начинаем регистрацию...
[14.07.2020 21:37:30, поток 1] Instagram отправил письмо на на почту - haron.amrouche@wanadoo.fr
[14.07.2020 21:37:54, поток 0] Определили регион прокси - ru-UA
[14.07.2020 21:37:55, поток 0] Определили регион прокси - ru-UA
[14.07.2020 21:37:58, поток 9] Спарсили куки
[14.07.2020 21:37:58, поток 9] Начинаем регистрацию...
[14.07.2020 21:37:58, поток 0] Спарсили куки
[14.07.2020 21:37:58, поток 0] Начинаем регистрацию...
[14.07.2020 21:37:59, поток 9] Instagram отправил письмо на на почту - cocopri@orange.fr
[14.07.2020 21:38:00, поток 0] Instagram отправил письмо на на почту - estelle.rol@orange.fr
[14.07.2020 21:38:22, поток 0] Определили регион прокси - ru-UA
[14.07.2020 21:38:26, поток 4] Спарсили куки
[14.07.2020 21:38:26, поток 4] Начинаем регистрацию...
[14.07.2020 21:38:29, поток 4] Instagram отправил письмо на на почту - marina.lipinski@wanadoo.fr
[14.07.2020 21:38:54, поток 0] Определили регион прокси - ru-UA
[14.07.2020 21:38:56, поток 0] Определили регион прокси - ru-UA
[14.07.2020 21:38:57, поток 0] Определили регион прокси - ru-UA
[14.07.2020 21:38:57, поток 5] Спарсили куки
[14.07.2020 21:38:57, поток 5] Начинаем регистрацию...
[14.07.2020 21:38:58, поток 5] Instagram отправил письмо на на почту - c.caritey@wanadoo.fr
[14.07.2020 21:39:00, поток 7] Спарсили куки
[14.07.2020 21:39:00, поток 7] Начинаем регистрацию...
[14.07.2020 21:39:00, поток 8] Спарсили куки
[14.07.2020 21:39:00, поток 8] Начинаем регистрацию...
[14.07.2020 21:39:00, поток 0] Определили регион прокси - ru-UA
[14.07.2020 21:39:01, поток 8] Instagram отправил письмо на на почту - alain.chevaux@orange.fr
[14.07.2020 21:39:01, поток 7] Instagram отправил письмо на на почту - eric.molinet@orange.fr
[14.07.2020 21:39:05, поток 2] Спарсили куки
[14.07.2020 21:39:05, поток 2] Начинаем регистрацию...
[14.07.2020 21:39:07, поток 2] Instagram отправил письмо на на почту - jean-michelconstans@wanadoo.fr
[14.07.2020 21:39:07, поток 0] Определили регион прокси - ru-UA
[14.07.2020 21:39:08, поток 6] Спарсили куки
[14.07.2020 21:39:08, поток 6] Начинаем регистрацию...
[14.07.2020 21:39:09, поток 0] Определили регион прокси - ru-UA
[14.07.2020 21:39:09, поток 6] Instagram отправил письмо на на почту - cristina.delume@wanadoo.fr
[14.07.2020 21:39:15, поток 1] Спарсили куки
[14.07.2020 21:39:15, поток 1] Начинаем регистрацию...
[14.07.2020 21:39:18, поток 1] Instagram отправил письмо на на почту - cecile.bertide@wanadoo.fr
[14.07.2020 21:39:20, поток 0] Определили регион прокси - ru-UA
[14.07.2020 21:39:23, поток 3] Спарсили куки
[14.07.2020 21:39:23, поток 3] Начинаем регистрацию...
[14.07.2020 21:39:23, поток 0] Определили регион прокси - ru-UA
[14.07.2020 21:39:24, поток 5] Что-то не так с IMAP - c.caritey@wanadoo.fr:Theocece6870
[14.07.2020 21:39:24, поток 5] (Ошибка) Данные от почты не подошли! - c.caritey@wanadoo.fr:Theocece6870
[14.07.2020 21:39:25, поток 3] Instagram отправил письмо на на почту - antoniniflorence@wanadoo.fr
[14.07.2020 21:39:30, поток 9] Спарсили куки
[14.07.2020 21:39:30, поток 9] Начинаем регистрацию...
[14.07.2020 21:39:32, поток 9] Instagram отправил письмо на на почту - degand.eve@orange.fr
[14.07.2020 21:39:39, поток 0] Определили регион прокси - ru-UA
[14.07.2020 21:39:43, поток 0] Спарсили куки
[14.07.2020 21:39:43, поток 0] Начинаем регистрацию...
[14.07.2020 21:39:45, поток 0] Instagram отправил письмо на на почту - achour.armelle@orange.fr
[14.07.2020 21:39:50, поток 0] Определили регион прокси - ru-UA
[14.07.2020 21:39:54, поток 5] Спарсили куки
[14.07.2020 21:39:54, поток 5] Начинаем регистрацию...
[14.07.2020 21:39:56, поток 5] Instagram отправил письмо на на почту - nellygelhaye@orange.fr
[14.07.2020 21:40:34, поток 0] Определили регион прокси - ru-UA
[14.07.2020 21:40:38, поток 4] Спарсили куки
[14.07.2020 21:40:38, поток 4] Начинаем регистрацию...
[14.07.2020 21:40:39, поток 0] Определили регион прокси - ru-UA
[14.07.2020 21:40:40, поток 4] Instagram отправил письмо на на почту - jeanmarcseverine@wanadoo.fr
[14.07.2020 21:40:44, поток 7] Спарсили куки
[14.07.2020 21:40:44, поток 7] Начинаем регистрацию...
[14.07.2020 21:40:46, поток 0] Определили регион прокси - ru-UA
[14.07.2020 21:40:46, поток 7] Instagram отправил письмо на на почту - jeancharles.guilcher@orange.fr
[14.07.2020 21:40:48, поток 2] Спарсили куки
[14.07.2020 21:40:48, поток 2] Начинаем регистрацию...
[14.07.2020 21:40:50, поток 2] Instagram отправил письмо на на почту - cathystsever@wanadoo.fr
[14.07.2020 21:40:50, поток 0] Определили регион прокси - ru-UA
[14.07.2020 21:40:51, поток 0] Определили регион прокси - ru-UA
[14.07.2020 21:40:53, поток 9] Спарсили куки
[14.07.2020 21:40:53, поток 9] Начинаем регистрацию...
[14.07.2020 21:40:54, поток 8] Спарсили куки
[14.07.2020 21:40:54, поток 8] Начинаем регистрацию...
[14.07.2020 21:40:55, поток 9] Instagram отправил письмо на на почту - benoit-sylvie43@wanadoo.fr
[14.07.2020 21:40:55, поток 8] Instagram отправил письмо на на почту - janas.cedric@orange.fr
[14.07.2020 21:40:56, поток 0] Определили регион прокси - ru-UA
[14.07.2020 21:40:59, поток 0] Определили регион прокси - ru-UA
[14.07.2020 21:40:59, поток 1] Спарсили куки
[14.07.2020 21:40:59, поток 1] Начинаем регистрацию...
[14.07.2020 21:41:01, поток 1] Instagram отправил письмо на на почту - pierrick.pele@orange.fr
[14.07.2020 21:41:01, поток 6] Спарсили куки
[14.07.2020 21:41:01, поток 6] Начинаем регистрацию...
[14.07.2020 21:41:02, поток 6] Instagram отправил письмо на на почту - valentin.acebes@wanadoo.fr
[14.07.2020 21:41:12, поток 7] Что-то не так с IMAP - jeancharles.guilcher@orange.fr:Corentin35
[14.07.2020 21:41:12, поток 7] (Ошибка) Данные от почты не подошли! - jeancharles.guilcher@orange.fr:Corentin35
[14.07.2020 21:41:23, поток 0] Определили регион прокси - ru-UA
[14.07.2020 21:41:25, поток 0] Спарсили куки
[14.07.2020 21:41:25, поток 0] Начинаем регистрацию...
[14.07.2020 21:41:26, поток 0] Instagram отправил письмо на на почту - a.hermet@orange.fr
[14.07.2020 21:41:32, поток 0] Определили регион прокси - ru-UA
[14.07.2020 21:41:34, поток 3] Спарсили куки
[14.07.2020 21:41:34, поток 3] Начинаем регистрацию...
[14.07.2020 21:41:36, поток 3] Instagram отправил письмо на на почту - dolle1@orange.fr
[14.07.2020 21:41:38, поток 0] Определили регион прокси - ru-UA
[14.07.2020 21:41:42, поток 7] Спарсили куки
[14.07.2020 21:41:42, поток 7] Начинаем регистрацию...
[14.07.2020 21:41:44, поток 7] Instagram отправил письмо на на почту - flopoinsot@wanadoo.fr
[14.07.2020 21:41:52, поток 0] Определили регион прокси - ru-UA
[14.07.2020 21:42:10, поток 5] Спарсили куки
[14.07.2020 21:42:10, поток 5] Начинаем регистрацию...
[14.07.2020 21:42:22, поток 5] Instagram отправил письмо на на почту - jean.erceau07@orange.fr
[14.07.2020 21:42:33, поток 0] Определили регион прокси - ru-UA
[14.07.2020 21:42:34, поток 0] Определили регион прокси - ru-UA
[14.07.2020 21:42:35, поток 0] Определили регион прокси - ru-UA
[14.07.2020 21:42:36, поток 8] Спарсили куки
[14.07.2020 21:42:36, поток 8] Начинаем регистрацию...
[14.07.2020 21:42:38, поток 4] Спарсили куки
[14.07.2020 21:42:38, поток 4] Начинаем регистрацию...
[14.07.2020 21:42:39, поток 9] Спарсили куки
[14.07.2020 21:42:39, поток 9] Начинаем регистрацию...
[14.07.2020 21:42:39, поток 4] Instagram отправил письмо на на почту - dapvril.rene@orange.fr
[14.07.2020 21:42:40, поток 8] Instagram отправил письмо на на почту - jmhourlier@orange.fr
[14.07.2020 21:42:41, поток 0] Определили регион прокси - ru-UA
[14.07.2020 21:42:42, поток 0] Определили регион прокси - ru-UA
[14.07.2020 21:42:43, поток 9] Instagram отправил письмо на на почту - cocoraoul@orange.fr
[14.07.2020 21:42:46, поток 2] Спарсили куки
[14.07.2020 21:42:46, поток 2] Начинаем регистрацию...
[14.07.2020 21:42:48, поток 2] Instagram отправил письмо на на почту - estelle.valy@orange.fr
[14.07.2020 21:42:49, поток 0] Определили регион прокси - ru-UA
[14.07.2020 21:42:49, поток 0] Определили регион прокси - ru-UA
[14.07.2020 21:42:50, поток 6] Спарсили куки
[14.07.2020 21:42:50, поток 6] Начинаем регистрацию...
[14.07.2020 21:42:53, поток 6] Instagram отправил письмо на на почту - celinepothier@wanadoo.fr
[14.07.2020 21:42:53, поток 1] Спарсили куки
[14.07.2020 21:42:53, поток 1] Начинаем регистрацию...
[14.07.2020 21:42:55, поток 0] Определили регион прокси - ru-UA
[14.07.2020 21:42:55, поток 1] Instagram отправил письмо на на почту - tzot@orange.fr
[14.07.2020 21:42:57, поток 3] Спарсили куки
[14.07.2020 21:42:57, поток 3] Начинаем регистрацию...
[14.07.2020 21:42:59, поток 3] Instagram отправил письмо на на почту - auriane.galop.gaudin@wanadoo.fr
[14.07.2020 21:43:02, поток 0] Спарсили куки
[14.07.2020 21:43:02, поток 0] Начинаем регистрацию...
[14.07.2020 21:43:06, поток 0] Instagram отправил письмо на на почту - scarpeta29@wanadoo.fr
[14.07.2020 21:43:25, поток 0] Определили регион прокси - ru-UA
[14.07.2020 21:43:29, поток 7] Спарсили куки
[14.07.2020 21:43:29, поток 7] Начинаем регистрацию...
[14.07.2020 21:43:31, поток 7] Instagram отправил письмо на на почту - jlcolin@orange.fr
[14.07.2020 21:44:23, поток 0] Определили регион прокси - ru-UA
[14.07.2020 21:44:25, поток 0] Определили регион прокси - ru-UA
[14.07.2020 21:44:26, поток 9] Спарсили куки
[14.07.2020 21:44:26, поток 9] Начинаем регистрацию...
[14.07.2020 21:44:28, поток 9] Instagram отправил письмо на на почту - degay.christophe@orange.fr
[14.07.2020 21:44:31, поток 0] Определили регион прокси - ru-UA
[14.07.2020 21:44:32, поток 2] Спарсили куки
[14.07.2020 21:44:32, поток 2] Начинаем регистрацию...
[14.07.2020 21:44:33, поток 0] Определили регион прокси - ru-UA
[14.07.2020 21:44:35, поток 0] Определили регион прокси - ru-UA
[14.07.2020 21:44:37, поток 2] Instagram отправил письмо на на почту - guillaumecassagne@wanadoo.fr
[14.07.2020 21:44:39, поток 1] Спарсили куки
[14.07.2020 21:44:39, поток 1] Начинаем регистрацию...
[14.07.2020 21:44:40, поток 1] Instagram отправил письмо на на почту - lebretonloic@wanadoo.fr
[14.07.2020 21:44:40, поток 0] Определили регион прокси - ru-UA
[14.07.2020 21:44:41, поток 4] Спарсили куки
[14.07.2020 21:44:41, поток 4] Начинаем регистрацию...
[14.07.2020 21:44:43, поток 0] Определили регион прокси - ru-UA
[14.07.2020 21:44:44, поток 5] Спарсили куки
[14.07.2020 21:44:44, поток 5] Начинаем регистрацию...
[14.07.2020 21:44:44, поток 4] Instagram отправил письмо на на почту - mimi.lasaygues@wanadoo.fr
[14.07.2020 21:44:47, поток 3] Спарсили куки
[14.07.2020 21:44:47, поток 3] Начинаем регистрацию...
[14.07.2020 21:44:47, поток 0] Определили регион прокси - ru-UA
[14.07.2020 21:44:47, поток 5] Instagram отправил письмо на на почту - m.lebrasyves@wanadoo.fr
[14.07.2020 21:44:48, поток 6] Спарсили куки
[14.07.2020 21:44:48, поток 6] Начинаем регистрацию...
[14.07.2020 21:44:48, поток 0] Определили регион прокси - ru-UA
[14.07.2020 21:44:48, поток 3] Instagram отправил письмо на на почту - evelyne.sauren@orange.fr
[14.07.2020 21:44:51, поток 0] Спарсили куки
[14.07.2020 21:44:51, поток 0] Начинаем регистрацию...
[14.07.2020 21:44:51, поток 8] Спарсили куки
[14.07.2020 21:44:51, поток 8] Начинаем регистрацию...
[14.07.2020 21:44:53, поток 0] Instagram отправил письмо на на почту - toia.roberto@wanadoo.fr
[14.07.2020 21:44:53, поток 8] Instagram отправил письмо на на почту - oublin.catherine@orange.fr
[14.07.2020 21:45:03, поток 6] Instagram отправил письмо на на почту - rohrbach.anthony@orange.fr
[14.07.2020 21:45:33, поток 0] Определили регион прокси - ru-UA
[14.07.2020 21:45:37, поток 7] Спарсили куки
[14.07.2020 21:45:37, поток 7] Начинаем регистрацию...
[14.07.2020 21:45:38, поток 7] Instagram отправил письмо на на почту - ulmeier@orange.fr
[14.07.2020 21:46:08, поток 0] Определили регион прокси - ru-UA
[14.07.2020 21:46:11, поток 0] Определили регион прокси - ru-UA
[14.07.2020 21:46:12, поток 9] Спарсили куки
[14.07.2020 21:46:12, поток 9] Начинаем регистрацию...
[14.07.2020 21:46:14, поток 9] Instagram отправил письмо на на почту - benoit.7@orange.fr
[14.07.2020 21:46:15, поток 0] Определили регион прокси - ru-UA
[14.07.2020 21:46:16, поток 0] Определили регион прокси - ru-UA
[14.07.2020 21:46:19, поток 2] Спарсили куки
[14.07.2020 21:46:19, поток 2] Начинаем регистрацию...
[14.07.2020 21:46:19, поток 0] Спарсили куки
[14.07.2020 21:46:19, поток 0] Начинаем регистрацию...
[14.07.2020 21:46:21, поток 2] Instagram отправил письмо на на почту - anthony-monaco@orange.fr
[14.07.2020 21:46:21, поток 1] Спарсили куки
[14.07.2020 21:46:21, поток 1] Начинаем регистрацию...
[14.07.2020 21:46:23, поток 0] Instagram отправил письмо на на почту - hautaplain.didier2@orange.fr
[14.07.2020 21:46:23, поток 1] Instagram отправил письмо на на почту - mure.kevin@wanadoo.fr
[14.07.2020 21:46:41, поток 0] Определили регион прокси - ru-UA
[14.07.2020 21:46:42, поток 0] Определили регион прокси - ru-UA
[14.07.2020 21:46:45, поток 6] Спарсили куки
[14.07.2020 21:46:45, поток 6] Начинаем регистрацию...
[14.07.2020 21:46:46, поток 4] Спарсили куки
[14.07.2020 21:46:46, поток 4] Начинаем регистрацию...
[14.07.2020 21:46:47, поток 6] Instagram отправил письмо на на почту - jackyb.avallon@orange.fr
[14.07.2020 21:46:47, поток 0] Определили регион прокси - ru-UA
[14.07.2020 21:46:48, поток 4] Instagram отправил письмо на на почту - tony.girard10@wanadoo.fr
[14.07.2020 21:46:49, поток 0] Определили регион прокси - ru-UA
[14.07.2020 21:46:51, поток 5] Спарсили куки
[14.07.2020 21:46:51, поток 5] Начинаем регистрацию...
[14.07.2020 21:46:51, поток 0] Определили регион прокси - ru-UA
[14.07.2020 21:46:53, поток 8] Спарсили куки
[14.07.2020 21:46:53, поток 8] Начинаем регистрацию...
[14.07.2020 21:46:53, поток 5] Instagram отправил письмо на на почту - scierie-roy890@wanadoo.fr
[14.07.2020 21:46:55, поток 8] Instagram отправил письмо на на почту - desvois.thibaut@orange.fr
[14.07.2020 21:46:56, поток 3] Спарсили куки
[14.07.2020 21:46:56, поток 3] Начинаем регистрацию...
[14.07.2020 21:46:58, поток 3] Instagram отправил письмо на на почту - loic.angibaud@orange.fr
[14.07.2020 21:47:43, поток 0] Определили регион прокси - ru-UA
[14.07.2020 21:47:49, поток 7] Спарсили куки
[14.07.2020 21:47:49, поток 7] Начинаем регистрацию...
[14.07.2020 21:47:54, поток 0] Определили регион прокси - ru-UA
[14.07.2020 21:47:56, поток 0] Определили регион прокси - ru-UA
[14.07.2020 21:47:58, поток 2] Спарсили куки
[14.07.2020 21:47:58, поток 2] Начинаем регистрацию...
[14.07.2020 21:47:59, поток 2] Instagram отправил письмо на на почту - baptiste.girin@orange.fr
[14.07.2020 21:47:59, поток 7] Instagram отправил письмо на на почту - dimathro@orange.fr
[14.07.2020 21:48:01, поток 9] Спарсили куки
[14.07.2020 21:48:01, поток 9] Начинаем регистрацию...
[14.07.2020 21:48:01, поток 0] Определили регион прокси - ru-UA
[14.07.2020 21:48:03, поток 9] Instagram отправил письмо на на почту - degay.christophe@wanadoo.fr
[14.07.2020 21:48:05, поток 0] Спарсили куки
[14.07.2020 21:48:05, поток 0] Начинаем регистрацию...
[14.07.2020 21:48:07, поток 0] Instagram отправил письмо на на почту - nathalie.le-mentec-01@orange.fr
[14.07.2020 21:48:12, поток 0] Определили регион прокси - ru-UA
[14.07.2020 21:48:15, поток 1] [DEBUG] Не удалось спарсить Cookie. Плохие прокси?
[14.07.2020 21:48:18, поток 0] Определили регион прокси - ru-UA
[14.07.2020 21:48:25, поток 3] Спарсили куки
[14.07.2020 21:48:25, поток 3] Начинаем регистрацию...
[14.07.2020 21:48:25, поток 2] Что-то не так с IMAP - baptiste.girin@orange.fr:ib12TKib
[14.07.2020 21:48:25, поток 2] (Ошибка) Данные от почты не подошли! - baptiste.girin@orange.fr:ib12TKib
[14.07.2020 21:48:27, поток 3] Instagram отправил письмо на на почту - picot.jacki@wanadoo.fr
[14.07.2020 21:48:33, поток 0] Что-то не так с IMAP - nathalie.le-mentec-01@orange.fr:Nath0212.
[14.07.2020 21:48:33, поток 0] (Ошибка) Данные от почты не подошли! - nathalie.le-mentec-01@orange.fr:Nath0212.
[14.07.2020 21:48:34, поток 0] Определили регион прокси - ru-UA
[14.07.2020 21:48:37, поток 8] Спарсили куки
[14.07.2020 21:48:37, поток 8] Начинаем регистрацию...
[14.07.2020 21:48:39, поток 8] Instagram отправил письмо на на почту - desgranges0591@wanadoo.fr
[14.07.2020 21:48:45, поток 0] Определили регион прокси - ru-UA
[14.07.2020 21:48:47, поток 5] Спарсили куки
[14.07.2020 21:48:47, поток 5] Начинаем регистрацию...
[14.07.2020 21:48:49, поток 5] Instagram отправил письмо на на почту - tricotpierrick@orange.fr
[14.07.2020 21:48:51, поток 0] Определили регион прокси - ru-UA
[14.07.2020 21:48:51, поток 0] Определили регион прокси - ru-UA
[14.07.2020 21:48:53, поток 2] Спарсили куки
[14.07.2020 21:48:53, поток 2] Начинаем регистрацию...
[14.07.2020 21:48:55, поток 2] Instagram отправил письмо на на почту - sylvaine.charriere36200@wanadoo.fr
[14.07.2020 21:48:57, поток 6] Спарсили куки
[14.07.2020 21:48:57, поток 6] Начинаем регистрацию...
[14.07.2020 21:48:59, поток 6] Instagram отправил письмо на на почту - marionscannapieco@orange.fr
[14.07.2020 21:48:59, поток 0] Определили регион прокси - ru-UA
[14.07.2020 21:49:03, поток 0] [DEBUG] Не удалось спарсить Cookie. Плохие прокси?
[14.07.2020 21:49:24, поток 0] Определили регион прокси - ru-UA
[14.07.2020 21:49:24, поток 0] [DEBUG] Сменили прокси.
[14.07.2020 21:49:29, поток 0] Спарсили куки
[14.07.2020 21:49:29, поток 0] Начинаем регистрацию...
[14.07.2020 21:49:31, поток 0] Instagram отправил письмо на на почту - gchatelier@wanadoo.fr
[14.07.2020 21:49:37, поток 0] Определили регион прокси - ru-UA
[14.07.2020 21:49:40, поток 0] Определили регион прокси - ru-UA
[14.07.2020 21:49:41, поток 7] Спарсили куки
[14.07.2020 21:49:41, поток 7] Начинаем регистрацию...
[14.07.2020 21:49:42, поток 0] Определили регион прокси - ru-UA
[14.07.2020 21:49:44, поток 7] Instagram отправил письмо на на почту - damienetplus@wanadoo.fr
[14.07.2020 21:49:45, поток 9] Спарсили куки
[14.07.2020 21:49:45, поток 9] Начинаем регистрацию...
[14.07.2020 21:49:47, поток 9] Instagram отправил письмо на на почту - benoit.7@wanadoo.fr
[14.07.2020 21:49:47, поток 4] Спарсили куки
[14.07.2020 21:49:47, поток 4] Начинаем регистрацию...
[14.07.2020 21:49:50, поток 4] Instagram отправил письмо на на почту - laurence.villain3@orange.fr
[14.07.2020 21:49:56, поток 0] Что-то не так с IMAP - gchatelier@wanadoo.fr:Guillaume79@
[14.07.2020 21:49:56, поток 0] (Ошибка) Данные от почты не подошли! - gchatelier@wanadoo.fr:Guillaume79@
[14.07.2020 21:49:57, поток 0] Определили регион прокси - ru-UA
[14.07.2020 21:49:57, поток 0] Определили регион прокси - ru-UA
[14.07.2020 21:50:00, поток 1] Спарсили куки
[14.07.2020 21:50:00, поток 1] Начинаем регистрацию...
[14.07.2020 21:50:02, поток 1] Instagram отправил письмо на на почту - nicolas.free@wanadoo.fr
[14.07.2020 21:50:02, поток 0] Определили регион прокси - ru-UA
[14.07.2020 21:50:04, поток 3] Спарсили куки
[14.07.2020 21:50:04, поток 3] Начинаем регистрацию...
[14.07.2020 21:50:07, поток 0] Спарсили куки
[14.07.2020 21:50:07, поток 0] Начинаем регистрацию...
[14.07.2020 21:50:09, поток 3] Instagram отправил письмо на на почту - marie-chanelle.deverite@orange.fr
[14.07.2020 21:50:09, поток 0] Instagram отправил письмо на на почту - marie.cailliet@orange.fr
[14.07.2020 21:50:19, поток 0] Определили регион прокси - ru-UA
[14.07.2020 21:50:22, поток 8] Спарсили куки
[14.07.2020 21:50:22, поток 8] Начинаем регистрацию...
[14.07.2020 21:50:24, поток 8] Instagram отправил письмо на на почту - denis.lebrun0228@orange.fr
[14.07.2020 21:50:28, поток 0] Определили регион прокси - ru-UA
[14.07.2020 21:50:33, поток 5] Спарсили куки
[14.07.2020 21:50:33, поток 5] Начинаем регистрацию...
[14.07.2020 21:50:35, поток 5] Instagram отправил письмо на на почту - matthiasbayout@wanadoo.fr
[14.07.2020 21:50:35, поток 0] Определили регион прокси - ru-UA
[14.07.2020 21:50:38, поток 0] Определили регион прокси - ru-UA
[14.07.2020 21:50:42, поток 6] Спарсили куки
[14.07.2020 21:50:42, поток 6] Начинаем регистрацию...
[14.07.2020 21:50:47, поток 6] Instagram отправил письмо на на почту - renepetanque@wanadoo.fr
[14.07.2020 21:50:53, поток 2] Спарсили куки
[14.07.2020 21:50:53, поток 2] Начинаем регистрацию...
[14.07.2020 21:51:10, поток 2] Instagram отправил письмо на на почту - saintmarcmarielaure@orange.fr
[14.07.2020 21:51:24, поток 0] Определили регион прокси - ru-UA
[14.07.2020 21:51:25, поток 0] Определили регион прокси - ru-UA
[14.07.2020 21:51:27, поток 9] Спарсили куки
[14.07.2020 21:51:27, поток 9] Начинаем регистрацию...
[14.07.2020 21:51:29, поток 9] Instagram отправил письмо на на почту - degelder.johan@wanadoo.fr
[14.07.2020 21:51:29, поток 7] Спарсили куки
[14.07.2020 21:51:29, поток 7] Начинаем регистрацию...
[14.07.2020 21:51:31, поток 7] Instagram отправил письмо на на почту - briss2@wanadoo.fr
[14.07.2020 21:51:33, поток 0] Определили регион прокси - ru-UA
[14.07.2020 21:51:43, поток 4] Спарсили куки
[14.07.2020 21:51:43, поток 4] Начинаем регистрацию...
[14.07.2020 21:51:47, поток 4] Instagram отправил письмо на на почту - balltrap59@orange.fr
[14.07.2020 21:52:01, поток 0] Определили регион прокси - ru-UA
[14.07.2020 21:52:06, поток 1] Спарсили куки
[14.07.2020 21:52:06, поток 1] Начинаем регистрацию...
[14.07.2020 21:52:07, поток 1] Instagram отправил письмо на на почту - dubois.giovanny@orange.fr
[14.07.2020 21:52:08, поток 0] Определили регион прокси - ru-UA
[14.07.2020 21:52:12, поток 8] Спарсили куки
[14.07.2020 21:52:12, поток 8] Начинаем регистрацию...
[14.07.2020 21:52:12, поток 0] Определили регион прокси - ru-UA
[14.07.2020 21:52:14, поток 8] Instagram отправил письмо на на почту - seulgi@wanadoo.fr
[14.07.2020 21:52:15, поток 5] Спарсили куки
[14.07.2020 21:52:15, поток 5] Начинаем регистрацию...
[14.07.2020 21:52:16, поток 5] Instagram отправил письмо на на почту - gaetan.thomasdelapintiere@orange.fr
[14.07.2020 21:52:18, поток 0] Определили регион прокси - ru-UA
[14.07.2020 21:52:22, поток 0] Спарсили куки
[14.07.2020 21:52:22, поток 0] Начинаем регистрацию...
[14.07.2020 21:52:25, поток 0] Instagram отправил письмо на на почту - so.faps@orange.fr
[14.07.2020 21:52:26, поток 0] Определили регион прокси - ru-UA
[14.07.2020 21:52:29, поток 6] Спарсили куки
[14.07.2020 21:52:29, поток 6] Начинаем регистрацию...
[14.07.2020 21:52:30, поток 6] Instagram отправил письмо на на почту - stephanecalvet@orange.fr
[14.07.2020 21:52:48, поток 0] Определили регион прокси - ru-UA
[14.07.2020 21:52:50, поток 0] Определили регион прокси - ru-UA
[14.07.2020 21:52:56, поток 3] Спарсили куки
[14.07.2020 21:52:56, поток 3] Начинаем регистрацию...
[14.07.2020 21:52:59, поток 3] Instagram отправил письмо на на почту - transwatt@orange.fr
[14.07.2020 21:53:03, поток 7] Спарсили куки
[14.07.2020 21:53:03, поток 7] Начинаем регистрацию...
[14.07.2020 21:53:05, поток 7] Instagram отправил письмо на на почту - oublin.catherine@wanadoo.fr
[14.07.2020 21:53:11, поток 0] Определили регион прокси - ru-UA
[14.07.2020 21:53:16, поток 2] Спарсили куки
[14.07.2020 21:53:16, поток 2] Начинаем регистрацию...
[14.07.2020 21:53:19, поток 2] Instagram отправил письмо на на почту - sabarthes.severine@orange.fr
[14.07.2020 21:53:23, поток 0] Определили регион прокси - ru-UA
[14.07.2020 21:53:26, поток 9] Спарсили куки
[14.07.2020 21:53:26, поток 9] Начинаем регистрацию...
