[01.09.2020 16:26:27] Parsing cookies...
[01.09.2020 16:26:28] Cookie parsing
[01.09.2020 16:26:28] Got cookies...
[01.09.2020 16:26:28] We start parsing...
[01.09.2020 16:26:31] No new followers have been found yet. a3.a3.a3.a32020
[01.09.2020 16:27:31] Parsing cookies...
[01.09.2020 16:27:32] Cookie parsing
[01.09.2020 16:27:32] Got cookies...
[01.09.2020 16:27:32] We start parsing...
[01.09.2020 16:27:34] No new followers have been found yet. a3.a3.a3.a32020
[01.09.2020 16:28:34] Parsing cookies...
[01.09.2020 16:28:34] Cookie parsing
[01.09.2020 16:28:34] Got cookies...
[01.09.2020 16:28:34] We start parsing...
[01.09.2020 16:28:36] No new followers have been found yet. a3.a3.a3.a32020
[01.09.2020 16:29:36] Parsing cookies...
[01.09.2020 16:29:36] Cookie parsing
[01.09.2020 16:29:36] Got cookies...
[01.09.2020 16:29:36] We start parsing...
[01.09.2020 16:29:39] No new followers have been found yet. a3.a3.a3.a32020
[01.09.2020 16:31:08] Parsing cookies...
[01.09.2020 16:31:09] Cookie parsing
[01.09.2020 16:31:09] Got cookies...
[01.09.2020 16:31:09] We start parsing...
[01.09.2020 16:31:12] No new followers have been found yet. a3.a3.a3.a32020
[01.09.2020 16:32:12] Parsing cookies...
[01.09.2020 16:32:12] Cookie parsing
[01.09.2020 16:32:12] Got cookies...
[01.09.2020 16:32:12] We start parsing...
[01.09.2020 16:32:14] No new followers have been found yet. a3.a3.a3.a32020
[01.09.2020 16:33:14] Parsing cookies...
[01.09.2020 16:33:15] Cookie parsing
[01.09.2020 16:33:15] Got cookies...
[01.09.2020 16:33:15] We start parsing...
[01.09.2020 16:33:18] No new followers have been found yet. a3.a3.a3.a32020
[01.09.2020 16:34:18] Parsing cookies...
[01.09.2020 16:34:18] Cookie parsing
[01.09.2020 16:34:18] Got cookies...
[01.09.2020 16:34:18] We start parsing...
[01.09.2020 16:34:20] No new followers have been found yet. a3.a3.a3.a32020
[01.09.2020 16:35:20] Parsing cookies...
[01.09.2020 16:35:20] Cookie parsing
[01.09.2020 16:35:20] Got cookies...
[01.09.2020 16:35:20] We start parsing...
[01.09.2020 16:35:22] No new followers have been found yet. a3.a3.a3.a32020
[01.09.2020 16:36:22] Parsing cookies...
[01.09.2020 16:36:22] Cookie parsing
[01.09.2020 16:36:22] Got cookies...
[01.09.2020 16:36:22] We start parsing...
[01.09.2020 16:36:23] Stumbled upon checkpoint! a3.a3.a3.a32020
[01.09.2020 17:57:08] Parsing cookies...
[01.09.2020 17:57:08] Cookie parsing
[01.09.2020 17:57:08] Got cookies...
[01.09.2020 17:57:08] We start parsing...
[01.09.2020 17:57:11] No new followers have been found yet. a3.a3.a3.a32020
[01.09.2020 17:58:11] Parsing cookies...
[01.09.2020 17:58:12] Cookie parsing
[01.09.2020 17:58:12] Got cookies...
[01.09.2020 17:58:12] We start parsing...
[01.09.2020 17:58:15] Logged in to your account.
[01.09.2020 17:58:16] Message sent. a3.a3.a3.a32020
[01.09.2020 17:59:17] Parsing cookies...
[01.09.2020 17:59:18] Cookie parsing
[01.09.2020 17:59:18] Got cookies...
[01.09.2020 17:59:18] We start parsing...
[01.09.2020 17:59:19] No new followers have been found yet. a3.a3.a3.a32020
[01.09.2020 20:41:44] Parsing cookies...
[01.09.2020 20:41:46] Cookie parsing
[01.09.2020 20:41:46] Got cookies...
[01.09.2020 20:41:46] We start parsing...
[01.09.2020 20:41:47] Failed to get account ID! a3.a3.a3.a32020
[01.09.2020 20:42:47] Parsing cookies...
[01.09.2020 20:42:47] Cookie parsing
[01.09.2020 20:42:47] Got cookies...
[01.09.2020 20:42:47] We start parsing...
[01.09.2020 20:42:48] Failed to get account ID! a3.a3.a3.a32020
