[27.08.2020 21:16:36, поток 0] Parsing cookies...
[27.08.2020 21:16:38, поток 0] Cookie parsing
[27.08.2020 21:16:38, поток 0] Got cookies...
[27.08.2020 21:16:38, поток 0] We start parsing...
[27.08.2020 21:16:50, поток 0] The competitor parsing "39266152884" is over!
[27.08.2020 21:23:56, поток 0] Parsing cookies...
[27.08.2020 21:23:56, поток 0] Cookie parsing
[27.08.2020 21:23:56, поток 0] Got cookies...
[27.08.2020 21:23:56, поток 0] We start parsing...
[27.08.2020 21:23:59, поток 0] The part was parsed...
[27.08.2020 21:23:59, поток 0] The part was parsed...
[27.08.2020 21:23:59, поток 0] The part was parsed...
[27.08.2020 21:24:00, поток 0] The part was parsed...
[27.08.2020 21:24:00, поток 0] The part was parsed...
[27.08.2020 21:24:01, поток 0] The part was parsed...
[27.08.2020 21:24:01, поток 0] The part was parsed...
[27.08.2020 21:24:01, поток 0] The part was parsed...
[27.08.2020 21:24:02, поток 0] The part was parsed...
[27.08.2020 21:24:02, поток 0] The part was parsed...
[27.08.2020 21:24:02, поток 0] The part was parsed...
[27.08.2020 21:24:03, поток 0] The part was parsed...
[27.08.2020 21:24:03, поток 0] The part was parsed...
[27.08.2020 21:24:04, поток 0] The part was parsed...
[27.08.2020 21:24:04, поток 0] The part was parsed...
[27.08.2020 21:24:04, поток 0] The part was parsed...
[27.08.2020 21:24:05, поток 0] The part was parsed...
[27.08.2020 21:24:05, поток 0] The part was parsed...
[27.08.2020 21:24:05, поток 0] The part was parsed...
[27.08.2020 21:24:06, поток 0] The part was parsed...
[27.08.2020 21:24:06, поток 0] The part was parsed...
[27.08.2020 21:24:07, поток 0] The part was parsed...
[27.08.2020 21:24:07, поток 0] The part was parsed...
[27.08.2020 21:24:07, поток 0] The part was parsed...
[27.08.2020 21:24:08, поток 0] The part was parsed...
[27.08.2020 21:24:08, поток 0] The part was parsed...
[27.08.2020 21:24:08, поток 0] The part was parsed...
[27.08.2020 21:24:09, поток 0] The part was parsed...
[27.08.2020 21:24:09, поток 0] The part was parsed...
[27.08.2020 21:24:10, поток 0] The part was parsed...
[27.08.2020 21:24:10, поток 0] The part was parsed...
[27.08.2020 21:24:10, поток 0] The part was parsed...
[27.08.2020 21:24:11, поток 0] The part was parsed...
[27.08.2020 21:24:11, поток 0] The part was parsed...
[27.08.2020 21:24:12, поток 0] The part was parsed...
[27.08.2020 21:24:12, поток 0] The part was parsed...
[27.08.2020 21:24:12, поток 0] The part was parsed...
[27.08.2020 21:24:13, поток 0] The part was parsed...
[27.08.2020 21:24:13, поток 0] The part was parsed...
[27.08.2020 21:24:14, поток 0] The part was parsed...
[27.08.2020 21:24:14, поток 0] The part was parsed...
[27.08.2020 21:24:14, поток 0] The part was parsed...
[27.08.2020 21:24:15, поток 0] The part was parsed...
[27.08.2020 21:24:15, поток 0] The part was parsed...
[27.08.2020 21:24:15, поток 0] The part was parsed...
[27.08.2020 21:24:16, поток 0] The part was parsed...
[27.08.2020 21:24:16, поток 0] The part was parsed...
[27.08.2020 21:24:17, поток 0] The part was parsed...
[27.08.2020 21:24:17, поток 0] The part was parsed...
[27.08.2020 21:24:17, поток 0] The part was parsed...
[27.08.2020 21:24:18, поток 0] The part was parsed...
[27.08.2020 21:24:18, поток 0] The part was parsed...
