[26.06.2020 10:44:24, поток 0] [DEBUG] Start...
[26.06.2020 10:44:24, поток 0] Берём заданные куки...
[26.06.2020 10:44:27, поток 0] [Ошибка] Что-то не так. Переделываем.
[26.06.2020 10:44:29, поток 0] [DEBUG, ERROR] xNet.HttpException: Не удалось соединиться с HTTP-сервером 'www.instagram.com'. ---> xNet.ProxyException: Не удалось соединиться с прокси-сервером '127.0.0.1:8888'. ---> System.Net.Sockets.SocketException: Подключение не установлено, т.к. конечный компьютер отверг запрос на подключение 127.0.0.1:8888
   в System.Net.Sockets.Socket.InternalEndConnect(IAsyncResult asyncResult)
   в System.Net.Sockets.Socket.EndConnect(IAsyncResult asyncResult)
   в System.Net.Sockets.TcpClient.EndConnect(IAsyncResult asyncResult)
   в xNet.ProxyClient.<>c__DisplayClass38_0.<CreateConnectionToProxy>b__0(IAsyncResult ar)
   --- Конец трассировки внутреннего стека исключений ---
   в xNet.ProxyClient.CreateConnectionToProxy()
   в xNet.HttpProxyClient.CreateConnection(String destinationHost, Int32 destinationPort, TcpClient tcpClient)
   в xNet.HttpRequest.CreateTcpConnection(String host, Int32 port)
   --- Конец трассировки внутреннего стека исключений ---
   в xNet.HttpRequest.CreateTcpConnection(String host, Int32 port)
   в xNet.HttpRequest.CreateConnection(Uri address)
   в xNet.HttpRequest.TryCreateConnectionOrUseExisting(Uri address, Uri previousAddress)
   в xNet.HttpRequest.Request(HttpMethod method, Uri address, HttpContent content)
   в xNet.HttpRequest.Raw(HttpMethod method, Uri address, HttpContent content)
   в xNet.HttpRequest.Raw(HttpMethod method, String address, HttpContent content)
   в InstaDirectMessage_ButDev.InstagramDirectMessage.GetCookie() в D:\MaXiMAA\MaXiMAAOld\C#Готово\KWORK\InstaDirectMessage_ButDev\InstaDirectMessage_ButDev\InstagramDirectMessage.cs:строка 66
   в InstaDirectMessage_ButDev.InstagramDirectMessage..ctor(String Mail, String password, String id, String cookies, String DEVICEID, String ADID, String GUID, String PHONE_ID, Int32 Index, String Time, Int32 tt, String type, String text, Int32 delay, String link, String ua) в D:\MaXiMAA\MaXiMAAOld\C#Готово\KWORK\InstaDirectMessage_ButDev\InstaDirectMessage_ButDev\InstagramDirectMessage.cs:строка 191
[26.06.2020 10:44:29, поток 0] [DEBUG] Сменили прокси.
[26.06.2020 10:44:34, поток 0] [DEBUG] Start...
[26.06.2020 10:44:34, поток 0] Берём заданные куки...
[26.06.2020 10:44:34, поток 0] 24872342822 - это ID в чёрном списке.
[26.06.2020 10:45:01, поток 0] [DEBUG] Start...
[26.06.2020 10:45:01, поток 0] Берём заданные куки...
[26.06.2020 10:45:08, поток 0] Сообщение отправлено.
[26.06.2020 11:11:24, поток 0] [DEBUG] Start...
[26.06.2020 11:11:24, поток 0] Берём заданные куки...
[26.06.2020 11:11:26, поток 0] [Ошибка] Что-то не так. Переделываем.
[26.06.2020 11:11:28, поток 0] [DEBUG, ERROR] xNet.HttpException: Не удалось соединиться с HTTP-сервером 'www.instagram.com'. ---> xNet.ProxyException: Не удалось соединиться с прокси-сервером '127.0.0.1:8888'. ---> System.Net.Sockets.SocketException: Подключение не установлено, т.к. конечный компьютер отверг запрос на подключение 127.0.0.1:8888
   в System.Net.Sockets.Socket.InternalEndConnect(IAsyncResult asyncResult)
   в System.Net.Sockets.Socket.EndConnect(IAsyncResult asyncResult)
   в System.Net.Sockets.TcpClient.EndConnect(IAsyncResult asyncResult)
   в xNet.ProxyClient.<>c__DisplayClass38_0.<CreateConnectionToProxy>b__0(IAsyncResult ar)
   --- Конец трассировки внутреннего стека исключений ---
   в xNet.ProxyClient.CreateConnectionToProxy()
   в xNet.HttpProxyClient.CreateConnection(String destinationHost, Int32 destinationPort, TcpClient tcpClient)
   в xNet.HttpRequest.CreateTcpConnection(String host, Int32 port)
   --- Конец трассировки внутреннего стека исключений ---
   в xNet.HttpRequest.CreateTcpConnection(String host, Int32 port)
   в xNet.HttpRequest.CreateConnection(Uri address)
   в xNet.HttpRequest.TryCreateConnectionOrUseExisting(Uri address, Uri previousAddress)
   в xNet.HttpRequest.Request(HttpMethod method, Uri address, HttpContent content)
   в xNet.HttpRequest.Raw(HttpMethod method, Uri address, HttpContent content)
   в xNet.HttpRequest.Raw(HttpMethod method, String address, HttpContent content)
   в InstaDirectMessage_ButDev.InstagramDirectMessage.GetCookie() в D:\MaXiMAA\MaXiMAAOld\C#Готово\KWORK\InstaDirectMessage_ButDev\InstaDirectMessage_ButDev\InstagramDirectMessage.cs:строка 66
   в InstaDirectMessage_ButDev.InstagramDirectMessage..ctor(String Mail, String password, String id, String cookies, String DEVICEID, String ADID, String GUID, String PHONE_ID, Int32 Index, String Time, Int32 tt, String type, String text, Int32 delay, String link, String ua) в D:\MaXiMAA\MaXiMAAOld\C#Готово\KWORK\InstaDirectMessage_ButDev\InstaDirectMessage_ButDev\InstagramDirectMessage.cs:строка 191
[26.06.2020 11:11:28, поток 0] [DEBUG] Сменили прокси.
[26.06.2020 11:11:33, поток 0] [DEBUG] Start...
[26.06.2020 11:11:33, поток 0] Берём заданные куки...
[26.06.2020 11:11:33, поток 0] 37037785865 - это ID в чёрном списке.
[26.06.2020 11:14:07, поток 0] [DEBUG] Start...
[26.06.2020 11:14:07, поток 0] Берём заданные куки...
[26.06.2020 11:14:07, поток 0] 24872342822 - это ID в чёрном списке.
[26.06.2020 11:14:08, поток 0] [DEBUG] Start...
[26.06.2020 11:14:08, поток 0] Берём заданные куки...
[26.06.2020 11:14:08, поток 0] 37037785865 - это ID в чёрном списке.
[26.06.2020 11:14:31, поток 0] [DEBUG] Start...
[26.06.2020 11:14:31, поток 0] Берём заданные куки...
[26.06.2020 11:14:38, поток 0] Сообщение отправлено.
[26.06.2020 11:14:39, поток 0] [DEBUG] Start...
[26.06.2020 11:14:39, поток 0] Берём заданные куки...
[26.06.2020 11:14:45, поток 0] Сообщение отправлено.
[26.06.2020 11:49:37, поток 0] [DEBUG] Start...
[26.06.2020 11:49:37, поток 0] Берём заданные куки...
[26.06.2020 11:49:43, поток 0] Сообщение отправлено.
[26.06.2020 11:49:43, поток 0] [DEBUG] Start...
[26.06.2020 11:49:43, поток 0] Берём заданные куки...
[26.06.2020 11:49:49, поток 0] Сообщение отправлено.
[26.06.2020 12:48:25, поток 0] [DEBUG] Start...
[26.06.2020 12:48:25, поток 0] Берём заданные куки...
[26.06.2020 12:48:31, поток 0] Сообщение отправлено.
[26.06.2020 12:48:31, поток 0] [DEBUG] Start...
[26.06.2020 12:48:31, поток 0] Берём заданные куки...
[26.06.2020 12:48:37, поток 0] Сообщение отправлено.
[26.06.2020 13:04:23, поток 0] [DEBUG] Start...
[26.06.2020 13:04:23, поток 0] Берём заданные куки...
[26.06.2020 13:04:24, поток 0] [Ошибка] Что-то не так. Переделываем.
[26.06.2020 13:04:25, поток 0] Спарсили куки
[26.06.2020 13:04:27, поток 0] Вошли в аккаунт.
[26.06.2020 13:04:27, поток 0] 24872342822 - это ID в чёрном списке.
[26.06.2020 13:04:27, поток 0] [DEBUG] Start...
[26.06.2020 13:04:27, поток 0] Берём заданные куки...
[26.06.2020 13:04:27, поток 0] [Ошибка] Что-то не так. Переделываем.
[26.06.2020 13:04:28, поток 0] Спарсили куки
[26.06.2020 13:04:29, поток 0] Вошли в аккаунт.
[26.06.2020 13:04:29, поток 0] 37037785865 - это ID в чёрном списке.
