[17.10.2022 17:04:14] Parsing cookies...
[17.10.2022 17:04:16] Cookie parsing
[17.10.2022 17:04:16] Got cookies...
[17.10.2022 17:04:16] We start parsing...
[17.10.2022 17:04:25] No new followers have been found yet. marina.lyutikova
[17.10.2022 17:05:25] Parsing cookies...
[17.10.2022 17:05:25] Cookie parsing
[17.10.2022 17:05:25] Got cookies...
[17.10.2022 17:05:25] We start parsing...
[17.10.2022 17:05:38] Logged in to your account.
[17.10.2022 17:05:39] Failed to send message! marina.lyutikova
[17.10.2022 17:11:41] Parsing cookies...
[17.10.2022 17:11:42] Cookie parsing
[17.10.2022 17:11:42] Got cookies...
[17.10.2022 17:11:42] We start parsing...
[17.10.2022 17:11:51] No new followers have been found yet. marina.lyutikova
[17.10.2022 17:12:51] Parsing cookies...
[17.10.2022 17:12:52] Cookie parsing
[17.10.2022 17:12:52] Got cookies...
[17.10.2022 17:12:52] We start parsing...
[17.10.2022 17:13:03] Logged in to your account.
[17.10.2022 17:13:15] Failed to send message! marina.lyutikova
[17.10.2022 17:22:23] Parsing cookies...
[17.10.2022 17:22:23] Cookie parsing
[17.10.2022 17:22:23] Got cookies...
[17.10.2022 17:22:23] We start parsing...
[17.10.2022 17:22:32] No new followers have been found yet. marina.lyutikova
[17.10.2022 17:26:12] Parsing cookies...
[17.10.2022 17:26:12] Cookie parsing
[17.10.2022 17:26:12] Got cookies...
[17.10.2022 17:26:12] We start parsing...
[17.10.2022 17:26:18] No new followers have been found yet. marina.lyutikova
[17.10.2022 17:27:18] Parsing cookies...
[17.10.2022 17:27:18] Cookie parsing
[17.10.2022 17:27:18] Got cookies...
[17.10.2022 17:27:18] We start parsing...
[17.10.2022 17:27:24] Logged in to your account.
[17.10.2022 17:27:25] Message sent. marina.lyutikova
[17.10.2022 17:29:30] Parsing cookies...
[17.10.2022 17:29:31] Cookie parsing
[17.10.2022 17:29:31] Got cookies...
[17.10.2022 17:29:31] We start parsing...
[17.10.2022 17:29:38] No new followers have been found yet. marina.lyutikova
[17.10.2022 17:30:38] Parsing cookies...
[17.10.2022 17:30:39] Cookie parsing
[17.10.2022 17:30:39] Got cookies...
[17.10.2022 17:30:39] We start parsing...
[17.10.2022 17:30:50] Logged in to your account.
[17.10.2022 17:30:51] (Error) Error text: Newtonsoft.Json.JsonReaderException: Unexpected character encountered while parsing value: <. Path '', line 0, position 0.
   at Newtonsoft.Json.JsonTextReader.ParseValue()
   at Newtonsoft.Json.JsonTextReader.Read()
   at Newtonsoft.Json.JsonReader.ReadForType(JsonContract contract, Boolean hasConverter)
   at Newtonsoft.Json.Serialization.JsonSerializerInternalReader.Deserialize(JsonReader reader, Type objectType, Boolean checkAdditionalContent)
   at Newtonsoft.Json.JsonSerializer.DeserializeInternal(JsonReader reader, Type objectType)
   at Newtonsoft.Json.JsonConvert.DeserializeObject(String value, Type type, JsonSerializerSettings settings)
   at Newtonsoft.Json.JsonConvert.DeserializeObject[T](String value, JsonSerializerSettings settings)
   at InstaDirectMessage_ButDev.InstagramFollowersGreeting.DoWorkPost(String id, String postlink, String UserAgent, String cookie) in D:\MaXiMAA\MaXiMAAOld\C#Готово\KWORK\InstaDirectMessage_ButDev\InstaDirectMessage_ButDev\InstagramFollowersGreeting.cs:line 723
[17.10.2022 17:30:51] Failed to send message! marina.lyutikova
[17.10.2022 17:55:47] Parsing cookies...
[17.10.2022 17:55:47] Cookie parsing
[17.10.2022 17:55:47] Got cookies...
[17.10.2022 17:55:47] We start parsing...
[17.10.2022 17:55:54] No new followers have been found yet. marina.lyutikova
[17.10.2022 17:56:54] Parsing cookies...
[17.10.2022 17:56:55] Cookie parsing
[17.10.2022 17:56:55] Got cookies...
[17.10.2022 17:56:55] We start parsing...
[17.10.2022 17:57:05] Logged in to your account.
[17.10.2022 17:57:05] Message sent. marina.lyutikova
[17.10.2022 17:57:37] Parsing cookies...
[17.10.2022 17:57:38] Cookie parsing
[17.10.2022 17:57:38] Got cookies...
[17.10.2022 17:57:38] We start parsing...
[17.10.2022 17:57:43] No new followers have been found yet. marina.lyutikova
[17.10.2022 17:58:06] Parsing cookies...
[17.10.2022 17:58:07] Cookie parsing
[17.10.2022 17:58:07] Got cookies...
[17.10.2022 17:58:07] We start parsing...
[17.10.2022 17:58:16] No new followers have been found yet. marina.lyutikova
[17.10.2022 17:58:43] Parsing cookies...
[17.10.2022 17:58:44] Cookie parsing
[17.10.2022 17:58:44] Got cookies...
[17.10.2022 17:58:44] We start parsing...
[17.10.2022 17:58:50] No new followers have been found yet. marina.lyutikova
[17.10.2022 17:59:16] Parsing cookies...
[17.10.2022 17:59:16] Cookie parsing
[17.10.2022 17:59:16] Got cookies...
[17.10.2022 17:59:16] We start parsing...
[17.10.2022 17:59:21] No new followers have been found yet. marina.lyutikova
[17.10.2022 17:59:50] Parsing cookies...
[17.10.2022 17:59:51] Cookie parsing
[17.10.2022 17:59:51] Got cookies...
[17.10.2022 17:59:51] We start parsing...
[17.10.2022 17:59:59] Logged in to your account.
[17.10.2022 17:59:59] Failed to load post! We try again.
[17.10.2022 17:59:59] Failed to send message! marina.lyutikova
[17.10.2022 18:03:15] Parsing cookies...
[17.10.2022 18:03:16] Cookie parsing
[17.10.2022 18:03:16] Got cookies...
[17.10.2022 18:03:16] We start parsing...
[17.10.2022 18:03:17] Stumbled upon checkpoint! marina.lyutikova
[17.10.2022 18:11:49] Parsing cookies...
[17.10.2022 18:11:49] Cookie parsing
[17.10.2022 18:11:49] Got cookies...
[17.10.2022 18:11:49] We start parsing...
[17.10.2022 18:11:56] No new followers have been found yet. marina.lyutikova
[17.10.2022 18:12:56] Parsing cookies...
[17.10.2022 18:12:56] Cookie parsing
[17.10.2022 18:12:56] Got cookies...
[17.10.2022 18:12:56] We start parsing...
[17.10.2022 18:12:59] No new followers have been found yet. marina.lyutikova
[17.10.2022 18:13:59] Parsing cookies...
[17.10.2022 18:14:00] Cookie parsing
[17.10.2022 18:14:00] Got cookies...
[17.10.2022 18:14:00] We start parsing...
[17.10.2022 18:14:04] No new followers have been found yet. marina.lyutikova
[17.10.2022 18:15:04] Parsing cookies...
[17.10.2022 18:15:05] Cookie parsing
[17.10.2022 18:15:05] Got cookies...
[17.10.2022 18:15:05] We start parsing...
[17.10.2022 18:15:08] No new followers have been found yet. marina.lyutikova
[17.10.2022 18:18:28] Parsing cookies...
[17.10.2022 18:18:28] Cookie parsing
[17.10.2022 18:18:28] Got cookies...
[17.10.2022 18:18:28] We start parsing...
[17.10.2022 18:18:36] No new followers have been found yet. marina.lyutikova
[17.10.2022 18:19:36] Parsing cookies...
[17.10.2022 18:19:36] Cookie parsing
[17.10.2022 18:19:36] Got cookies...
[17.10.2022 18:19:36] We start parsing...
[17.10.2022 18:19:44] Logged in to your account.
[17.10.2022 18:19:45] Failed to load post! We try again.
[17.10.2022 18:19:45] Failed to send message! marina.lyutikova
[17.10.2022 18:20:46] Parsing cookies...
[17.10.2022 18:20:47] Cookie parsing
[17.10.2022 18:20:47] Got cookies...
[17.10.2022 18:20:47] We start parsing...
[17.10.2022 18:20:50] No new followers have been found yet. marina.lyutikova
[17.10.2022 18:34:01] Parsing cookies...
[17.10.2022 18:34:02] Cookie parsing
[17.10.2022 18:34:02] Got cookies...
[17.10.2022 18:34:03] We start parsing...
[17.10.2022 18:34:10] No new followers have been found yet. marina.lyutikova
[17.10.2022 18:35:10] Parsing cookies...
[17.10.2022 18:35:10] Cookie parsing
[17.10.2022 18:35:10] Got cookies...
[17.10.2022 18:35:10] We start parsing...
[17.10.2022 18:35:22] Logged in to your account.
[17.10.2022 18:35:23] Failed to load post! We try again.
[17.10.2022 18:35:23] Failed to send message! marina.lyutikova
[17.10.2022 20:03:38] Parsing cookies...
[17.10.2022 20:03:39] Cookie parsing
[17.10.2022 20:03:39] Got cookies...
[17.10.2022 20:03:39] We start parsing...
[17.10.2022 20:03:46] No new followers have been found yet. marina.lyutikova
[17.10.2022 20:04:40] Parsing cookies...
[17.10.2022 20:04:40] Cookie parsing
[17.10.2022 20:04:40] Got cookies...
[17.10.2022 20:04:40] We start parsing...
[17.10.2022 20:04:49] No new followers have been found yet. marina.lyutikova
[17.10.2022 20:05:49] Parsing cookies...
[17.10.2022 20:05:49] Cookie parsing
[17.10.2022 20:05:49] Got cookies...
[17.10.2022 20:05:49] We start parsing...
[17.10.2022 20:06:04] Logged in to your account.
[17.10.2022 20:06:05] Failed to load post! We try again.
[17.10.2022 20:06:05] Failed to send message! marina.lyutikova
[17.10.2022 20:06:06] Message sent. marina.lyutikova
[17.10.2022 20:07:07] Parsing cookies...
[17.10.2022 20:07:07] Cookie parsing
[17.10.2022 20:07:07] Got cookies...
[17.10.2022 20:07:07] We start parsing...
[17.10.2022 20:07:17] Logged in to your account.
[17.10.2022 20:07:17] Failed to load post! We try again.
[17.10.2022 20:07:17] Failed to send message! marina.lyutikova
[17.10.2022 20:07:18] Message sent. marina.lyutikova
[17.10.2022 20:12:20] Parsing cookies...
[17.10.2022 20:12:21] Cookie parsing
[17.10.2022 20:12:21] Got cookies...
[17.10.2022 20:12:21] We start parsing...
[17.10.2022 20:12:27] No new followers have been found yet. marina.lyutikova
[17.10.2022 20:13:27] Parsing cookies...
[17.10.2022 20:13:28] Cookie parsing
[17.10.2022 20:13:28] Got cookies...
[17.10.2022 20:13:28] We start parsing...
[17.10.2022 20:13:40] Logged in to your account.
[17.10.2022 20:13:41] Message sent. marina.lyutikova
[17.10.2022 20:13:42] Message sent. marina.lyutikova
[17.10.2022 20:21:09] Parsing cookies...
[17.10.2022 20:21:10] Cookie parsing
[17.10.2022 20:21:10] Got cookies...
[17.10.2022 20:21:10] We start parsing...
[17.10.2022 20:21:20] No new followers have been found yet. marina.lyutikova
[17.10.2022 20:22:20] Parsing cookies...
[17.10.2022 20:22:20] Cookie parsing
[17.10.2022 20:22:20] Got cookies...
[17.10.2022 20:22:20] We start parsing...
[17.10.2022 20:22:33] Logged in to your account.
[17.10.2022 20:23:01] Message sent. marina.lyutikova
[17.10.2022 20:23:02] Message sent. marina.lyutikova
[17.10.2022 20:24:05] Parsing cookies...
[17.10.2022 20:24:06] Cookie parsing
[17.10.2022 20:24:06] Got cookies...
[17.10.2022 20:24:06] We start parsing...
[17.10.2022 20:24:13] No new followers have been found yet. marina.lyutikova
[17.10.2022 20:25:13] Parsing cookies...
[17.10.2022 20:25:14] Cookie parsing
[17.10.2022 20:25:14] Got cookies...
[17.10.2022 20:25:14] We start parsing...
[17.10.2022 20:25:25] Logged in to your account.
[17.10.2022 20:25:25] Message sent. marina.lyutikova
[17.10.2022 20:25:26] Message sent. marina.lyutikova
[17.10.2022 21:55:41] Parsing cookies...
[17.10.2022 21:55:42] Cookie parsing
[17.10.2022 21:55:42] Got cookies...
[17.10.2022 21:55:42] We start parsing...
[17.10.2022 21:55:53] No new followers have been found yet. marina.lyutikova
[17.10.2022 21:56:53] Parsing cookies...
[17.10.2022 21:56:54] Cookie parsing
[17.10.2022 21:56:54] Got cookies...
[17.10.2022 21:56:54] We start parsing...
[17.10.2022 21:57:01] Logged in to your account.
[17.10.2022 21:57:02] Message sent. marina.lyutikova
[17.10.2022 21:57:03] Message sent. marina.lyutikova
[17.10.2022 21:57:04] Message sent. marina.lyutikova
[17.10.2022 21:57:05] Message sent. marina.lyutikova
[17.10.2022 21:58:06] Parsing cookies...
[17.10.2022 21:58:07] Cookie parsing
[17.10.2022 21:58:07] Got cookies...
[17.10.2022 21:58:07] We start parsing...
[17.10.2022 21:58:12] Logged in to your account.
[17.10.2022 21:58:12] Message sent. marina.lyutikova
[17.10.2022 21:58:13] Message sent. marina.lyutikova
[17.10.2022 21:58:14] Message sent. marina.lyutikova
[17.10.2022 21:58:15] Message sent. marina.lyutikova
[17.10.2022 22:06:56] Parsing cookies...
[17.10.2022 22:06:57] Cookie parsing
[17.10.2022 22:06:57] Got cookies...
[17.10.2022 22:06:57] We start parsing...
[17.10.2022 22:07:02] No new followers have been found yet. marina.lyutikova
[17.10.2022 22:08:02] Parsing cookies...
[17.10.2022 22:08:03] Cookie parsing
[17.10.2022 22:08:03] Got cookies...
[17.10.2022 22:08:03] We start parsing...
[17.10.2022 22:08:08] Logged in to your account.
[17.10.2022 22:08:08] Message sent. marina.lyutikova
[17.10.2022 22:08:09] Message sent. marina.lyutikova
[17.10.2022 22:08:10] Message sent. marina.lyutikova
[17.10.2022 22:08:11] Message sent. marina.lyutikova
[17.10.2022 22:56:00] Parsing cookies...
[17.10.2022 22:56:01] Cookie parsing
[17.10.2022 22:56:01] Got cookies...
[17.10.2022 22:56:01] We start parsing...
[17.10.2022 22:56:43] No new followers have been found yet. marina.lyutikova
[17.10.2022 22:57:43] Parsing cookies...
[17.10.2022 22:57:43] Cookie parsing
[17.10.2022 22:57:43] Got cookies...
[17.10.2022 22:57:43] We start parsing...
[17.10.2022 22:58:11] Logged in to your account.
[17.10.2022 22:58:11] Message sent. marina.lyutikova
[17.10.2022 22:58:12] Message sent. marina.lyutikova
[17.10.2022 22:58:14] Message sent. marina.lyutikova
[17.10.2022 22:58:15] Message sent. marina.lyutikova
[17.10.2022 23:02:35] Parsing cookies...
[17.10.2022 23:02:36] Cookie parsing
[17.10.2022 23:02:36] Got cookies...
[17.10.2022 23:02:36] We start parsing...
[17.10.2022 23:02:49] No new followers have been found yet. marina.lyutikova
[17.10.2022 23:03:49] Parsing cookies...
[17.10.2022 23:03:49] Cookie parsing
[17.10.2022 23:03:49] Got cookies...
[17.10.2022 23:03:49] We start parsing...
[17.10.2022 23:03:54] Logged in to your account.
[17.10.2022 23:07:19] Parsing cookies...
[17.10.2022 23:07:19] Cookie parsing
[17.10.2022 23:07:19] Got cookies...
[17.10.2022 23:07:19] We start parsing...
[17.10.2022 23:07:23] Stumbled upon checkpoint! marina.lyutikova
[17.10.2022 23:13:14] Parsing cookies...
[17.10.2022 23:13:15] Cookie parsing
[17.10.2022 23:13:15] Got cookies...
[17.10.2022 23:13:15] We start parsing...
[17.10.2022 23:13:21] Stumbled upon checkpoint! marina.lyutikova
[17.10.2022 23:14:21] Parsing cookies...
[17.10.2022 23:14:21] Cookie parsing
[17.10.2022 23:14:21] Got cookies...
[17.10.2022 23:14:21] We start parsing...
[17.10.2022 23:14:23] Stumbled upon checkpoint! marina.lyutikova
[17.10.2022 23:30:29] Parsing cookies...
[17.10.2022 23:30:30] Cookie parsing
[17.10.2022 23:30:30] Got cookies...
[17.10.2022 23:30:30] We start parsing...
[17.10.2022 23:30:37] Stumbled upon checkpoint! marina.lyutikova
[17.10.2022 23:31:37] Parsing cookies...
[17.10.2022 23:31:38] Cookie parsing
[17.10.2022 23:31:38] Got cookies...
[17.10.2022 23:31:38] We start parsing...
[17.10.2022 23:31:40] Stumbled upon checkpoint! marina.lyutikova
[17.10.2022 23:32:40] Parsing cookies...
[17.10.2022 23:32:40] Cookie parsing
[17.10.2022 23:32:40] Got cookies...
[17.10.2022 23:32:40] We start parsing...
[17.10.2022 23:32:41] Stumbled upon checkpoint! marina.lyutikova
[17.10.2022 23:33:41] Parsing cookies...
[17.10.2022 23:33:41] Cookie parsing
[17.10.2022 23:33:41] Got cookies...
[17.10.2022 23:33:41] We start parsing...
[17.10.2022 23:33:42] Stumbled upon checkpoint! marina.lyutikova
[17.10.2022 23:34:42] Parsing cookies...
[17.10.2022 23:34:42] Cookie parsing
[17.10.2022 23:34:42] Got cookies...
[17.10.2022 23:34:42] We start parsing...
[17.10.2022 23:34:43] Stumbled upon checkpoint! marina.lyutikova
[17.10.2022 23:35:43] Parsing cookies...
[17.10.2022 23:35:43] Cookie parsing
[17.10.2022 23:35:43] Got cookies...
[17.10.2022 23:35:43] We start parsing...
[17.10.2022 23:35:44] Stumbled upon checkpoint! marina.lyutikova
[17.10.2022 23:40:06] Parsing cookies...
[17.10.2022 23:40:07] Cookie parsing
[17.10.2022 23:40:07] Got cookies...
[17.10.2022 23:40:07] We start parsing...
[17.10.2022 23:40:10] No new followers have been found yet. marina.lyutikova
[17.10.2022 23:41:10] Parsing cookies...
[17.10.2022 23:41:11] Cookie parsing
[17.10.2022 23:41:11] Got cookies...
[17.10.2022 23:41:11] We start parsing...
[17.10.2022 23:41:18] Login failed!
[17.10.2022 23:41:18] Failed to log into account from mobile version! Let's try again. marina.lyutikova
[17.10.2022 23:41:18] [DEBUG] Changed proxies.
[17.10.2022 23:42:42] Parsing cookies...
[17.10.2022 23:42:43] Cookie parsing
[17.10.2022 23:42:43] Got cookies...
[17.10.2022 23:42:43] We start parsing...
[17.10.2022 23:42:45] No new followers have been found yet. marina.lyutikova
[17.10.2022 23:43:45] Parsing cookies...
[17.10.2022 23:43:46] Cookie parsing
[17.10.2022 23:43:46] Got cookies...
[17.10.2022 23:43:46] We start parsing...
[17.10.2022 23:44:13] Failed to send message! marina.lyutikova
[17.10.2022 23:44:14] Message sent. marina.lyutikova
[17.10.2022 23:44:15] Failed to send message! marina.lyutikova
[17.10.2022 23:44:17] Message sent. marina.lyutikova
[17.10.2022 23:46:16] Parsing cookies...
[17.10.2022 23:46:16] Cookie parsing
[17.10.2022 23:46:16] Got cookies...
[17.10.2022 23:46:16] We start parsing...
[17.10.2022 23:46:19] No new followers have been found yet. marina.lyutikova
[17.10.2022 23:47:01] Parsing cookies...
[17.10.2022 23:47:02] Cookie parsing
[17.10.2022 23:47:02] Got cookies...
[17.10.2022 23:47:02] We start parsing...
[17.10.2022 23:47:04] No new followers have been found yet. marina.lyutikova
[17.10.2022 23:48:04] Parsing cookies...
[17.10.2022 23:48:05] Cookie parsing
[17.10.2022 23:48:05] Got cookies...
[17.10.2022 23:48:05] We start parsing...
[17.10.2022 23:48:05] No new followers have been found yet. marina.lyutikova
[17.10.2022 23:49:12] Parsing cookies...
[17.10.2022 23:49:13] Cookie parsing
[17.10.2022 23:49:13] Got cookies...
[17.10.2022 23:49:13] We start parsing...
[17.10.2022 23:49:15] No new followers have been found yet. marina.lyutikova
[17.10.2022 23:50:15] Parsing cookies...
[17.10.2022 23:50:16] Cookie parsing
[17.10.2022 23:50:16] Got cookies...
[17.10.2022 23:50:16] We start parsing...
[17.10.2022 23:50:16] No new followers have been found yet. marina.lyutikova
[17.10.2022 23:51:38] Parsing cookies...
[17.10.2022 23:51:39] Cookie parsing
[17.10.2022 23:51:39] Got cookies...
[17.10.2022 23:51:39] We start parsing...
[17.10.2022 23:51:41] No new followers have been found yet. marina.lyutikova
[17.10.2022 23:52:41] Parsing cookies...
[17.10.2022 23:52:41] Cookie parsing
[17.10.2022 23:52:41] Got cookies...
[17.10.2022 23:52:41] We start parsing...
[17.10.2022 23:52:42] No new followers have been found yet. marina.lyutikova
[17.10.2022 23:53:42] Parsing cookies...
[17.10.2022 23:53:42] Cookie parsing
[17.10.2022 23:53:42] Got cookies...
[17.10.2022 23:53:42] We start parsing...
[17.10.2022 23:53:43] No new followers have been found yet. marina.lyutikova
[17.10.2022 23:54:43] Parsing cookies...
[17.10.2022 23:54:44] Cookie parsing
[17.10.2022 23:54:44] Got cookies...
[17.10.2022 23:54:44] We start parsing...
[17.10.2022 23:54:44] No new followers have been found yet. marina.lyutikova
[17.10.2022 23:59:08] Parsing cookies...
[17.10.2022 23:59:09] Cookie parsing
[17.10.2022 23:59:09] Got cookies...
[17.10.2022 23:59:09] We start parsing...
[18.10.2022 0:00:08] No new followers have been found yet. marina.lyutikova
[18.10.2022 0:01:08] Parsing cookies...
[18.10.2022 0:01:09] Cookie parsing
[18.10.2022 0:01:09] Got cookies...
[18.10.2022 0:01:09] We start parsing...
[18.10.2022 0:01:12] No new followers have been found yet. marina.lyutikova
