[17.10.2022 12:47:40] Parsing cookies...
[17.10.2022 12:47:41] Cookie parsing
[17.10.2022 12:47:41] Got cookies...
[17.10.2022 12:47:41] We start parsing...
[17.10.2022 12:47:43] Failed to get account ID! marinalyutikova2022
[17.10.2022 12:48:43] Parsing cookies...
[17.10.2022 12:48:43] Cookie parsing
[17.10.2022 12:48:43] Got cookies...
[17.10.2022 12:48:43] We start parsing...
[17.10.2022 12:48:44] Failed to get account ID! marinalyutikova2022
[17.10.2022 12:55:49] Parsing cookies...
[17.10.2022 12:55:50] Cookie parsing
[17.10.2022 12:55:50] Got cookies...
[17.10.2022 12:55:50] We start parsing...
[17.10.2022 12:55:59] Stumbled upon checkpoint! marinalyutikova2022
[17.10.2022 13:01:20] Parsing cookies...
[17.10.2022 13:01:21] Cookie parsing
[17.10.2022 13:01:21] Got cookies...
[17.10.2022 13:01:21] We start parsing...
[17.10.2022 13:01:27] No new followers have been found yet. marinalyutikova2022
[17.10.2022 13:02:27] Parsing cookies...
[17.10.2022 13:02:27] Cookie parsing
[17.10.2022 13:02:27] Got cookies...
[17.10.2022 13:02:27] We start parsing...
[17.10.2022 13:02:42] (Error) Error text: System.ArgumentOutOfRangeException: Index was out of range. Must be non-negative and less than the size of the collection.
Parameter name: index
   at System.ThrowHelper.ThrowArgumentOutOfRangeException(ExceptionArgument argument, ExceptionResource resource)
   at InstaDirectMessage_ButDev.Tools.Translate.Tr(String x) in D:\MaXiMAA\MaXiMAAOld\C#Готово\KWORK\InstaDirectMessage_ButDev\InstaDirectMessage_ButDev\Tools\Translate.cs:line 0
   at InstaDirectMessage_ButDev.InstagramFollowersGreeting.DoLoginMob(String UserAgent, String cookie) in D:\MaXiMAA\MaXiMAAOld\C#Готово\KWORK\InstaDirectMessage_ButDev\InstaDirectMessage_ButDev\InstagramFollowersGreeting.cs:line 546
[17.10.2022 13:02:42] Failed to log into account from mobile version! Let's try again. marinalyutikova2022
[17.10.2022 13:02:42] [DEBUG] Changed proxies.
[17.10.2022 13:13:29] Parsing cookies...
[17.10.2022 13:13:30] Cookie parsing
[17.10.2022 13:13:30] Got cookies...
[17.10.2022 13:13:30] We start parsing...
[17.10.2022 13:13:40] No new followers have been found yet. marinalyutikova2022
[17.10.2022 13:14:40] Parsing cookies...
[17.10.2022 13:14:40] Cookie parsing
[17.10.2022 13:14:40] Got cookies...
[17.10.2022 13:14:40] We start parsing...
[17.10.2022 13:14:55] Logged in to your account.
[17.10.2022 13:14:56] Failed to send message! marinalyutikova2022
[17.10.2022 13:14:57] Failed to send message! marinalyutikova2022
[17.10.2022 13:15:00] Failed to send message! marinalyutikova2022
[17.10.2022 13:15:02] Failed to send message! marinalyutikova2022
[17.10.2022 13:15:04] Failed to send message! marinalyutikova2022
[17.10.2022 13:15:06] Failed to send message! marinalyutikova2022
[17.10.2022 13:15:08] Failed to send message! marinalyutikova2022
[17.10.2022 13:15:09] Failed to send message! marinalyutikova2022
[17.10.2022 13:15:11] Failed to send message! marinalyutikova2022
[17.10.2022 13:15:14] Failed to send message! marinalyutikova2022
[17.10.2022 13:15:16] Failed to send message! marinalyutikova2022
[17.10.2022 13:15:18] Failed to send message! marinalyutikova2022
[17.10.2022 13:18:44] Parsing cookies...
[17.10.2022 13:18:45] Cookie parsing
[17.10.2022 13:18:45] Got cookies...
[17.10.2022 13:18:45] We start parsing...
[17.10.2022 13:18:54] No new followers have been found yet. marinalyutikova2022
[17.10.2022 13:19:54] Parsing cookies...
[17.10.2022 13:19:55] Cookie parsing
[17.10.2022 13:19:55] Got cookies...
[17.10.2022 13:19:55] We start parsing...
[17.10.2022 13:20:07] Logged in to your account.
[17.10.2022 13:20:08] Failed to send message! marinalyutikova2022
[17.10.2022 13:20:09] Failed to send message! marinalyutikova2022
[17.10.2022 13:20:10] Failed to send message! marinalyutikova2022
[17.10.2022 13:20:12] Failed to send message! marinalyutikova2022
[17.10.2022 13:20:13] Failed to send message! marinalyutikova2022
[17.10.2022 13:20:14] Failed to send message! marinalyutikova2022
[17.10.2022 13:20:16] Failed to send message! marinalyutikova2022
[17.10.2022 13:20:17] Failed to send message! marinalyutikova2022
[17.10.2022 13:20:18] Failed to send message! marinalyutikova2022
[17.10.2022 13:20:20] Failed to send message! marinalyutikova2022
[17.10.2022 13:20:21] Failed to send message! marinalyutikova2022
[17.10.2022 13:20:22] Failed to send message! marinalyutikova2022
[17.10.2022 13:20:24] Failed to send message! marinalyutikova2022
[17.10.2022 13:47:33] Parsing cookies...
[17.10.2022 13:47:34] Cookie parsing
[17.10.2022 13:47:34] Got cookies...
[17.10.2022 13:47:34] We start parsing...
[17.10.2022 13:47:39] Checkpoint - marinalyutikova2022:арбуз2022
[17.10.2022 13:47:39] Stumbled upon checkpoint! marinalyutikova2022
