[17.10.2022 12:10:51, поток 0] Parsing cookies...
[17.10.2022 12:10:51, поток 0] Cookie parsing
[17.10.2022 12:10:51, поток 0] Got cookies...
[17.10.2022 12:10:51, поток 0] Getting started...
[17.10.2022 12:10:57, поток 0] Successfully followed from account 375295301344 to ID 55133904291
[17.10.2022 12:11:59, поток 0] Parsing cookies...
[17.10.2022 12:11:59, поток 0] Cookie parsing
[17.10.2022 12:11:59, поток 0] Got cookies...
[17.10.2022 12:11:59, поток 0] Getting started...
[17.10.2022 12:12:08, поток 0] Successfully followed from account 375295301344 to ID 55133904291
[17.10.2022 12:12:08, поток 0] Waiting seconds: 180
[17.10.2022 12:15:24, поток 0] Parsing cookies...
[17.10.2022 12:15:25, поток 0] Cookie parsing
[17.10.2022 12:15:25, поток 0] Got cookies...
[17.10.2022 12:15:25, поток 0] Getting started...
[17.10.2022 12:15:29, поток 0] Successfully followed from account 375295301344 to ID 55133904291
[17.10.2022 12:15:37, поток 0] Parsing cookies...
[17.10.2022 12:15:37, поток 0] Cookie parsing
[17.10.2022 12:15:37, поток 0] Got cookies...
[17.10.2022 12:15:37, поток 0] Getting started...
[17.10.2022 12:15:46, поток 0] Successfully followed from account 375295301344 to ID 55133904291
[17.10.2022 12:15:46, поток 0] Waiting seconds: 180
