[07.06.2020 0:02:14, thread 0] Defined proxy region - be-BY
[07.06.2020 0:02:14, thread 0] Defined proxy region - be-BY
[07.06.2020 0:02:15, thread 0] Cookie parsing
[07.06.2020 0:02:15, thread 0] Took number in the service - +79111713435, id: 270544708
[07.06.2020 0:02:18, thread 0] Requested SMS from Instagram.
[07.06.2020 0:02:38, thread 0] Received a code 730156 on number +79111713435, id: 270544708
[07.06.2020 0:02:38, thread 0] Starting registration...
[07.06.2020 0:04:16, thread 0] Defined proxy region - ru-RU
[07.06.2020 0:04:17, thread 0] Defined proxy region - ru-RU
[07.06.2020 0:04:19, thread 0] Cookie parsing
[07.06.2020 0:04:19, thread 0] Took number in the service - +79818323065, id: 270545187
[07.06.2020 0:04:23, thread 0] Requested SMS from Instagram.
[07.06.2020 0:05:26, thread 0] Requested another SMS from Instagram.
[07.06.2020 0:06:27, thread 0] Failed to get SMS from Instagram!
[07.06.2020 0:06:32, thread 0] Defined proxy region - ru-RU
[07.06.2020 0:06:33, thread 0] Defined proxy region - ru-RU
[07.06.2020 0:06:35, thread 0] Cookie parsing
[07.06.2020 0:06:37, thread 0] Requested SMS from Instagram.
[07.06.2020 0:06:57, thread 0] Phone number canceled!
[07.06.2020 0:07:03, thread 0] Defined proxy region - ru-RU
[07.06.2020 0:07:04, thread 0] Defined proxy region - ru-RU
[07.06.2020 0:07:10, thread 0] Cookie parsing
[07.06.2020 0:07:10, thread 0] Took number in the service - +79600365154, id: 270545898
[07.06.2020 0:07:14, thread 0] Requested SMS from Instagram.
[07.06.2020 0:07:34, thread 0] Received a code 452601 on number +79600365154, id: 270545898
[07.06.2020 0:07:34, thread 0] Starting registration...
[07.06.2020 0:07:38, thread 0] Error registering - Coleen6086_Zamin388:IfBvqN6b80jjuRrYkHMX:185.86.151.217:8010:l3ntvv:NGJKov:Instagram 138.0.0.28.117 Android (21/6.1; 480dpi; 480x320; samsung; sm-a520f; a5y17lte; samsungexy; en_US):Coleen6086Zamin52569@gmail.com:
[07.06.2020 0:07:38, thread 0] We are waiting for another SMS to this number.
[07.06.2020 14:37:33, thread 0] Defined proxy region - be-BY
[07.06.2020 14:37:34, thread 0] Defined proxy region - be-BY
[07.06.2020 14:37:35, thread 0] Cookie parsing
[07.06.2020 14:37:35, thread 0] In SMS service your balance has ended!
[07.06.2020 14:37:40, thread 0] Defined proxy region - be-BY
[07.06.2020 14:37:40, thread 0] Defined proxy region - be-BY
[07.06.2020 14:37:41, thread 0] Cookie parsing
[07.06.2020 14:37:42, thread 0] In SMS service your balance has ended!
[07.06.2020 14:40:45, thread 0] Defined proxy region - be-BY
[07.06.2020 14:40:46, thread 0] Defined proxy region - be-BY
[07.06.2020 14:40:47, thread 0] Cookie parsing
[07.06.2020 14:40:47, thread 0] Took number in the service - +79060249932, id: 270781883
[07.06.2020 14:40:58, thread 0] Requested SMS from Instagram.
[07.06.2020 14:41:40, thread 0] Received a code 936284 on number +79060249932, id: 270781883
[07.06.2020 14:41:40, thread 0] Starting registration...
[07.06.2020 14:41:43, thread 0] Checkpoint - Bathsheba868_Miranda688:lNcyKXX8ptpeC8d8qPyM:127.0.0.1:8888:Instagram 86.0.0.24.87 Android (24/5.1; 480dpi; 1080x1792; samsung; sm-j500fn; j5nlte; qcom; en_US):Bathsheba868Miranda13921@gmail.com:
[07.06.2020 14:41:43, thread 0] We are waiting for another SMS to this number.
[07.06.2020 14:41:49, thread 0] Defined proxy region - be-BY
[07.06.2020 14:41:49, thread 0] Defined proxy region - be-BY
[07.06.2020 14:41:50, thread 0] Cookie parsing
[07.06.2020 14:41:51, thread 0] Requested SMS from Instagram.
[07.06.2020 14:42:11, thread 0] Received a code 387621 on number +79060249932, id: 270781883
[07.06.2020 14:42:11, thread 0] Starting registration...
[07.06.2020 14:42:15, thread 0] Checkpoint - Opal6058_Acculinna303:MkeEvMPyCe70zaF1S_O1:127.0.0.1:8888:Instagram 86.0.0.24.87 Android (28/6.0.1; 480dpi; 480x320; samsung; sm-a520f; a5y17lte; samsungexy; en_US):Opal6058Acculinna15052@gmail.com:
[07.06.2020 14:42:15, thread 0] We are waiting for another SMS to this number.
[07.06.2020 14:42:20, thread 0] Defined proxy region - be-BY
[07.06.2020 14:42:21, thread 0] Defined proxy region - be-BY
[07.06.2020 14:42:21, thread 0] Cookie parsing
[07.06.2020 14:42:22, thread 0] Requested SMS from Instagram.
[07.06.2020 14:42:42, thread 0] Received a code 986140 on number +79060249932, id: 270781883
[07.06.2020 14:42:42, thread 0] Starting registration...
[07.06.2020 14:42:46, thread 0] Checkpoint - Roxanne669960_Farid433:rMRnYXX3nzK90hQ84wWC:127.0.0.1:8888:Instagram 86.0.0.24.87 Android (20/9.0; 480dpi; 480x320; samsung; sm-a520f; a5y17lte; samsungexy; en_US):Roxanne669960Farid29480@gmail.com:
[07.06.2020 14:42:46, thread 0] We are waiting for another SMS to this number.
[07.06.2020 14:42:51, thread 0] Defined proxy region - be-BY
[07.06.2020 14:42:52, thread 0] Defined proxy region - be-BY
[07.06.2020 14:42:53, thread 0] Cookie parsing
[07.06.2020 14:42:54, thread 0] Requested SMS from Instagram.
[07.06.2020 14:43:14, thread 0] Received a code 530861 on number +79060249932, id: 270781883
[07.06.2020 14:43:14, thread 0] Starting registration...
[07.06.2020 14:43:21, thread 0] Checkpoint - Valerie68566_Short635:Fh7xdWH93GwP0WYkbMyD:127.0.0.1:8888:Instagram 86.0.0.24.87 Android (22/8.1; 480dpi; 480x854; samsung; SAMSUNG-SM-N910A; trlteatt; qcom; en_US):Valerie68566Short72527@gmail.com:
[07.06.2020 14:43:21, thread 0] We are waiting for another SMS to this number.
[07.06.2020 14:43:27, thread 0] Defined proxy region - be-BY
[07.06.2020 14:43:27, thread 0] Defined proxy region - be-BY
[07.06.2020 14:43:28, thread 0] Cookie parsing
[07.06.2020 14:43:28, thread 0] Requested SMS from Instagram.
[07.06.2020 14:43:49, thread 0] Received a code 530861 on number +79060249932, id: 270781883
[07.06.2020 14:43:49, thread 0] Starting registration...
[07.06.2020 14:43:49, thread 0] Error registering - Jasmine9550_Cannon275:lPM1Fbo5FOumCKdu3IVr:127.0.0.1:8888:Instagram 86.0.0.24.87 Android (23/9.0; 480dpi; 720x1198; LGE/MetroPCS; LGMS631; g4stylusn; g4stylusn; en_US):Jasmine9550Cannon61309@gmail.com:
[07.06.2020 14:43:49, thread 0] We are waiting for another SMS to this number.
[07.06.2020 14:43:55, thread 0] Defined proxy region - be-BY
[07.06.2020 14:43:55, thread 0] Defined proxy region - be-BY
[07.06.2020 14:43:56, thread 0] Cookie parsing
[07.06.2020 14:43:56, thread 0] Requested SMS from Instagram.
[07.06.2020 14:44:16, thread 0] Received a code 530861 on number +79060249932, id: 270781883
[07.06.2020 14:44:16, thread 0] Starting registration...
[07.06.2020 14:44:17, thread 0] Error registering - Lucy6096_Erika745:zowl37YJOPNPzbABkMqS:127.0.0.1:8888:Instagram 86.0.0.24.87 Android (26/8.0.0; 480dpi; 480x854; samsung; SAMSUNG-SM-N910A; trlteatt; qcom; en_US):Lucy6096Erika23574@gmail.com:
[07.06.2020 14:44:17, thread 0] We are waiting for another SMS to this number.
[07.06.2020 14:44:22, thread 0] Defined proxy region - be-BY
[07.06.2020 14:44:23, thread 0] Defined proxy region - be-BY
[07.06.2020 14:44:24, thread 0] Cookie parsing
[07.06.2020 14:44:24, thread 0] Requested SMS from Instagram.
[07.06.2020 14:44:44, thread 0] Received a code 530861 on number +79060249932, id: 270781883
[07.06.2020 14:44:44, thread 0] Starting registration...
[07.06.2020 14:44:44, thread 0] Error registering - Jessica59_Mcdaniel428:WeD9tHsXozxFMR96RA2p:127.0.0.1:8888:Instagram 86.0.0.24.87 Android (25/6.1; 480dpi; 720x1198; LGE/MetroPCS; LGMS631; g4stylusn; g4stylusn; en_US):Jessica59Mcdaniel77165@gmail.com:
[07.06.2020 14:44:45, thread 0] We are waiting for another SMS to this number.
[07.06.2020 14:44:50, thread 0] Defined proxy region - be-BY
[07.06.2020 14:44:50, thread 0] Defined proxy region - be-BY
[07.06.2020 14:44:51, thread 0] Cookie parsing
[07.06.2020 14:44:52, thread 0] Requested SMS from Instagram.
[07.06.2020 14:45:12, thread 0] Received a code 530861 on number +79060249932, id: 270781883
[07.06.2020 14:45:12, thread 0] Starting registration...
[07.06.2020 14:45:12, thread 0] Error registering - Dorofeeva956058_Karina109:n3q_1ElQS_4K9MxmiaJ_:127.0.0.1:8888:Instagram 86.0.0.24.87 Android (27/8.0; 480dpi; 480x320; samsung; sm-a520f; a5y17lte; samsungexy; en_US):Dorofeeva956058Karina90543@gmail.com:
[07.06.2020 14:45:13, thread 0] We are waiting for another SMS to this number.
[07.06.2020 14:45:18, thread 0] Defined proxy region - be-BY
[07.06.2020 14:45:18, thread 0] Defined proxy region - be-BY
[07.06.2020 14:45:19, thread 0] Cookie parsing
[07.06.2020 14:45:20, thread 0] Requested SMS from Instagram.
[07.06.2020 14:45:40, thread 0] Received a code 530861 on number +79060249932, id: 270781883
[07.06.2020 14:45:40, thread 0] Starting registration...
[07.06.2020 14:45:41, thread 0] Error registering - Katherine6590_Zanetti621:nRnfRKF6AqhmvfVKFktx:127.0.0.1:8888:Instagram 86.0.0.24.87 Android (25/10.0; 480dpi; 480x854; samsung; SAMSUNG-SM-N910A; trlteatt; qcom; en_US):Katherine6590Zanetti89572@gmail.com:
[07.06.2020 14:45:41, thread 0] We are waiting for another SMS to this number.
[07.06.2020 15:28:31, thread 0] Defined proxy region - ru-UA
[07.06.2020 15:28:32, thread 0] Defined proxy region - ru-UA
[07.06.2020 15:28:33, thread 0] Cookie parsing
[07.06.2020 15:28:34, thread 0] Took number in the service - +79912285019, id: 270797819
[07.06.2020 15:28:35, thread 0] Requested SMS from Instagram.
[07.06.2020 15:28:55, thread 0] Received a code 182043 on number +79912285019, id: 270797819
[07.06.2020 15:28:55, thread 0] Starting registration...
[07.06.2020 15:28:58, thread 0] Checkpoint - Kulikova55_Albanese422:R8QSNTmbdY6XISaDmL1T:194.183.168.4:23028:user6018:ieWeeb3M:Instagram 86.0.0.24.87 Android (19/9; 480dpi; 480x854; samsung; SAMSUNG-SM-N910A; trlteatt; qcom; en_US):Kulikova55Albanese86738@gmail.com:
[07.06.2020 15:28:59, thread 0] We are waiting for another SMS to this number.
[07.06.2020 15:29:04, thread 0] Defined proxy region - ru-UA
[07.06.2020 15:29:31, thread 0] Defined proxy region - ru-UA
[07.06.2020 15:29:32, thread 0] Defined proxy region - ru-UA
[07.06.2020 15:29:34, thread 0] Cookie parsing
[07.06.2020 15:29:35, thread 0] Requested SMS from Instagram.
[07.06.2020 15:29:55, thread 0] Received a code 941852 on number +79912285019, id: 270797819
[07.06.2020 15:29:55, thread 0] Starting registration...
[07.06.2020 15:29:59, thread 0] Checkpoint - Virginia688_Digiovanni489:iBu3QfODs0M7BzlbE2d7:194.183.168.4:23028:user6018:ieWeeb3M:Instagram 86.0.0.24.87 Android (27/10.0; 480dpi; 480x854; samsung; SAMSUNG-SM-N910A; trlteatt; qcom; en_US):Virginia688Digiovanni11088@gmail.com:
[07.06.2020 15:29:59, thread 0] We are waiting for another SMS to this number.
[07.06.2020 15:30:06, thread 0] Defined proxy region - ru-UA
[07.06.2020 15:30:07, thread 0] Defined proxy region - ru-UA
[07.06.2020 15:30:09, thread 0] Cookie parsing
[07.06.2020 15:30:10, thread 0] Requested SMS from Instagram.
[07.06.2020 15:30:30, thread 0] Received a code 625031 on number +79912285019, id: 270797819
[07.06.2020 15:30:30, thread 0] Starting registration...
[07.06.2020 15:30:34, thread 0] Checkpoint - Evangeline958_Nanni966:fotl4v3DLNI_SESgJ8ne:194.183.168.4:23023:user6013:Aishie9k:Instagram 86.0.0.24.87 Android (27/7.1; 480dpi; 480x854; samsung; SAMSUNG-SM-N910A; trlteatt; qcom; en_US):Evangeline958Nanni27835@gmail.com:
[07.06.2020 15:30:34, thread 0] We are waiting for another SMS to this number.
[07.06.2020 15:30:39, thread 0] Defined proxy region - ru-UA
[07.06.2020 15:30:40, thread 0] Defined proxy region - ru-UA
[07.06.2020 15:30:42, thread 0] Cookie parsing
[07.06.2020 15:30:43, thread 0] Requested SMS from Instagram.
[07.06.2020 15:31:04, thread 0] Received a code 625031 on number +79912285019, id: 270797819
[07.06.2020 15:31:04, thread 0] Starting registration...
[07.06.2020 15:31:04, thread 0] Error registering - Ann86_Romagnoli642:2VSUF2ObtvAnJLPw2rfn:194.183.168.4:23028:user6018:ieWeeb3M:Instagram 86.0.0.24.87 Android (19/8.0; 480dpi; 480x854; samsung; SAMSUNG-SM-N910A; trlteatt; qcom; en_US):Ann86Romagnoli62954@gmail.com:
[07.06.2020 15:31:05, thread 0] We are waiting for another SMS to this number.
[07.06.2020 15:31:10, thread 0] Defined proxy region - ru-UA
[07.06.2020 15:31:11, thread 0] Defined proxy region - ru-UA
[07.06.2020 15:31:12, thread 0] Cookie parsing
[07.06.2020 15:31:14, thread 0] Requested SMS from Instagram.
[07.06.2020 15:31:34, thread 0] Received a code 064127 on number +79912285019, id: 270797819
[07.06.2020 15:31:34, thread 0] Starting registration...
[07.06.2020 15:31:35, thread 0] Error registering - Cynthia6856_Dipietro114:_ijusHwvtE66VaEKU5L5:194.183.168.4:23023:user6013:Aishie9k:Instagram 86.0.0.24.87 Android (26/6.1; 480dpi; 480x320; samsung; sm-a520f; a5y17lte; samsungexy; en_US):Cynthia6856Dipietro16914@gmail.com:
[07.06.2020 15:31:35, thread 0] We are waiting for another SMS to this number.
[07.06.2020 15:31:40, thread 0] Defined proxy region - ru-UA
[07.06.2020 15:31:41, thread 0] Defined proxy region - ru-UA
[07.06.2020 15:31:43, thread 0] Cookie parsing
[07.06.2020 15:31:44, thread 0] Requested SMS from Instagram.
[07.06.2020 15:32:04, thread 0] Received a code 014362 on number +79912285019, id: 270797819
[07.06.2020 15:32:04, thread 0] Starting registration...
[07.06.2020 15:32:05, thread 0] Error registering - Timofeev85_Lyabiba229:WKMBDZb1gxtDUlHWWy2w:194.183.168.4:23028:user6018:ieWeeb3M:Instagram 86.0.0.24.87 Android (28/6.1; 480dpi; 720x1198; LGE/MetroPCS; LGMS631; g4stylusn; g4stylusn; en_US):Timofeev85Lyabiba74331@gmail.com:ru-UA
[07.06.2020 15:32:05, thread 0] We are waiting for another SMS to this number.
[07.06.2020 15:32:11, thread 0] Defined proxy region - ru-UA
[07.06.2020 15:32:11, thread 0] Defined proxy region - ru-UA
[07.06.2020 15:32:13, thread 0] Cookie parsing
[07.06.2020 15:32:14, thread 0] Requested SMS from Instagram.
[07.06.2020 15:32:34, thread 0] Received a code 470925 on number +79912285019, id: 270797819
[07.06.2020 15:32:34, thread 0] Starting registration...
[07.06.2020 15:32:35, thread 0] Error registering - Nikolaev56906500_Johan852:J3lWcW1RxTRSh_xH4Yw2:194.183.168.4:23023:user6013:Aishie9k:Instagram 86.0.0.24.87 Android (25/8.1; 480dpi; 1080x1792; samsung; sm-j500fn; j5nlte; qcom; en_US):Nikolaev56906500Johan62519@gmail.com:
[07.06.2020 15:32:35, thread 0] We are waiting for another SMS to this number.
[07.06.2020 15:32:41, thread 0] Defined proxy region - ru-UA
[07.06.2020 15:32:41, thread 0] Defined proxy region - ru-UA
[07.06.2020 15:32:43, thread 0] Cookie parsing
[07.06.2020 15:32:44, thread 0] Requested SMS from Instagram.
[07.06.2020 15:33:04, thread 0] Received a code 143578 on number +79912285019, id: 270797819
[07.06.2020 15:33:04, thread 0] Starting registration...
[07.06.2020 15:33:04, thread 0] Error registering - Bertina898_Graziano118:HgO2BzD9iHeoDeOnUNU5:194.183.168.4:23028:user6018:ieWeeb3M:Instagram 86.0.0.24.87 Android (19/6.0.1; 480dpi; 480x854; samsung; SAMSUNG-SM-N910A; trlteatt; qcom; en_US):Bertina898Graziano57127@gmail.com:
[07.06.2020 15:33:05, thread 0] We are waiting for another SMS to this number.
[07.06.2020 15:33:10, thread 0] Defined proxy region - ru-UA
[07.06.2020 15:33:11, thread 0] Defined proxy region - ru-UA
[07.06.2020 15:33:12, thread 0] Cookie parsing
[07.06.2020 15:33:14, thread 0] Requested SMS from Instagram.
[07.06.2020 15:33:34, thread 0] Received a code 869241 on number +79912285019, id: 270797819
[07.06.2020 15:33:34, thread 0] Starting registration...
[07.06.2020 15:33:37, thread 0] Checkpoint - Poppy696_Perry277:aLSG89PknfkFLWoOn20Q:194.183.168.4:23023:user6013:Aishie9k:Instagram 86.0.0.24.87 Android (20/9; 480dpi; 1080x1792; samsung; sm-j500fn; j5nlte; qcom; en_US):Poppy696Perry63410@gmail.com:
[07.06.2020 15:33:38, thread 0] We are waiting for another SMS to this number.
[07.06.2020 15:33:43, thread 0] Defined proxy region - ru-UA
[07.06.2020 15:33:44, thread 0] Defined proxy region - ru-UA
[07.06.2020 15:33:46, thread 0] Cookie parsing
[07.06.2020 15:33:46, thread 0] Requested SMS from Instagram.
[07.06.2020 15:34:06, thread 0] Received a code 869241 on number +79912285019, id: 270797819
[07.06.2020 15:34:06, thread 0] Starting registration...
[07.06.2020 15:34:07, thread 0] Error registering - Martina899860_Angelina450:0bt60e_FabQ_rS30uG_5:194.183.168.4:23028:user6018:ieWeeb3M:Instagram 86.0.0.24.87 Android (21/5.1.1; 480dpi; 720x1198; LGE/MetroPCS; LGMS631; g4stylusn; g4stylusn; en_US):Martina899860Angelina78592@gmail.com:
[07.06.2020 15:34:08, thread 0] We are waiting for another SMS to this number.
[07.06.2020 15:34:13, thread 0] Defined proxy region - ru-UA
[07.06.2020 15:34:14, thread 0] Defined proxy region - ru-UA
[07.06.2020 15:34:15, thread 0] Cookie parsing
[07.06.2020 15:34:16, thread 0] Requested SMS from Instagram.
[07.06.2020 15:34:36, thread 0] Received a code 869241 on number +79912285019, id: 270797819
[07.06.2020 15:34:36, thread 0] Starting registration...
[07.06.2020 15:34:37, thread 0] Error registering - Beverley668_Fantoni274:wYJsyWMHnU5yzbuBhf6D:194.183.168.4:23023:user6013:Aishie9k:Instagram 86.0.0.24.87 Android (27/5.1.1; 480dpi; 480x320; samsung; sm-a520f; a5y17lte; samsungexy; en_US):Beverley668Fantoni23197@gmail.com:
[07.06.2020 15:34:37, thread 0] We are waiting for another SMS to this number.
[07.06.2020 15:34:43, thread 0] Defined proxy region - ru-UA
[07.06.2020 15:34:43, thread 0] Defined proxy region - ru-UA
[07.06.2020 15:34:45, thread 0] Cookie parsing
[07.06.2020 15:34:46, thread 0] Requested SMS from Instagram.
[07.06.2020 15:35:07, thread 0] Received a code 792461 on number +79912285019, id: 270797819
[07.06.2020 15:35:07, thread 0] Starting registration...
[07.06.2020 15:35:11, thread 0] Checkpoint - Clemence5586_Marlene368:EKVVuRRSlMokIVY8FWn4:194.183.168.4:23028:user6018:ieWeeb3M:Instagram 86.0.0.24.87 Android (19/6.0; 480dpi; 720x1198; LGE/MetroPCS; LGMS631; g4stylusn; g4stylusn; en_US):Clemence5586Marlene27299@gmail.com:
[07.06.2020 15:35:11, thread 0] We are waiting for another SMS to this number.
[07.06.2020 15:35:16, thread 0] Defined proxy region - ru-UA
[07.06.2020 15:35:17, thread 0] Defined proxy region - ru-UA
[07.06.2020 15:35:30, thread 0] Cookie parsing
[07.06.2020 15:35:31, thread 0] Requested SMS from Instagram.
[07.06.2020 15:35:51, thread 0] Received a code 792461 on number +79912285019, id: 270797819
[07.06.2020 15:35:51, thread 0] Starting registration...
[07.06.2020 15:35:52, thread 0] Error registering - Annice_Mladen620:8h5WoIIfAjnoceDeM5q6:194.183.168.4:23023:user6013:Aishie9k:Instagram 86.0.0.24.87 Android (21/8.0; 480dpi; 1080x1792; samsung; sm-j500fn; j5nlte; qcom; en_US):AnniceMladen25516@gmail.com:
[07.06.2020 15:35:52, thread 0] We are waiting for another SMS to this number.
[07.06.2020 15:35:58, thread 0] Defined proxy region - ru-UA
[07.06.2020 15:35:58, thread 0] Defined proxy region - ru-UA
[07.06.2020 15:36:00, thread 0] Cookie parsing
[07.06.2020 15:36:22, thread 0] (Error) Error text: xNet.HttpException: Получен пустой ответ от HTTP-сервера 'i.instagram.com'.
   at xNet.HttpResponse.ReceiveStartingLine()
   at xNet.HttpResponse.LoadResponse(HttpMethod method)
   at xNet.HttpRequest.Request(HttpMethod method, Uri address, HttpContent content)
   at xNet.HttpRequest.Raw(HttpMethod method, Uri address, HttpContent content)
   at xNet.HttpRequest.Raw(HttpMethod method, String address, HttpContent content)
   at xNet.HttpRequest.Post(String address, RequestParams reqParams, Boolean dontEscape)
   at InstaDirectMessage_ButDev.InstagramSMSApiRegistrator.SendSMS(String cookie) in D:\MaXiMAA\MaXiMAAOld\C#Готово\KWORK\InstaDirectMessage_ButDev\InstaDirectMessage_ButDev\InstagramSMSApiRegistrator.cs:line 604
[07.06.2020 15:36:22, thread 0] Failed to send SMS to the number, asking for one more!
[07.06.2020 15:36:27, thread 0] Defined proxy region - ru-UA
[07.06.2020 15:36:28, thread 0] Defined proxy region - ru-UA
[07.06.2020 15:36:30, thread 0] Cookie parsing
[07.06.2020 15:36:31, thread 0] Requested SMS from Instagram.
[07.06.2020 15:36:51, thread 0] Received a code 028357 on number +79912285019, id: 270797819
[07.06.2020 15:36:51, thread 0] Starting registration...
[07.06.2020 15:36:52, thread 0] Error registering - Mavis8059_Amina423:1VtremWbzIbvGl4Uet2P:194.183.168.4:23023:user6013:Aishie9k:Instagram 86.0.0.24.87 Android (28/7.0; 480dpi; 1080x1792; samsung; sm-j500fn; j5nlte; qcom; en_US):Mavis8059Amina60794@gmail.com:
[07.06.2020 15:36:52, thread 0] We are waiting for another SMS to this number.
[07.06.2020 15:36:57, thread 0] Defined proxy region - ru-UA
[07.06.2020 15:36:58, thread 0] Defined proxy region - ru-UA
[07.06.2020 15:37:01, thread 0] Cookie parsing
[07.06.2020 15:37:01, thread 0] Requested SMS from Instagram.
[07.06.2020 15:37:22, thread 0] Received a code 167092 on number +79912285019, id: 270797819
[07.06.2020 15:37:22, thread 0] Starting registration...
[07.06.2020 15:37:22, thread 0] Error registering - Andra9666_Maxwell130:lK0P6Y7ZPI2cEnGdQvdM:194.183.168.4:23028:user6018:ieWeeb3M:Instagram 86.0.0.24.87 Android (22/7.0; 480dpi; 1080x1792; samsung; sm-j500fn; j5nlte; qcom; en_US):Andra9666Maxwell63925@gmail.com:
[07.06.2020 15:37:23, thread 0] We are waiting for another SMS to this number.
[07.06.2020 15:37:28, thread 0] Defined proxy region - ru-UA
[07.06.2020 15:37:29, thread 0] Defined proxy region - ru-UA
[07.06.2020 15:37:30, thread 0] Cookie parsing
[07.06.2020 15:37:31, thread 0] Requested SMS from Instagram.
[07.06.2020 15:37:51, thread 0] Received a code 167092 on number +79912285019, id: 270797819
[07.06.2020 15:37:51, thread 0] Starting registration...
[07.06.2020 15:37:52, thread 0] Error registering - Sabrina6998956_Madina280:cRBdon2HrC5aIlLtb0zb:194.183.168.4:23023:user6013:Aishie9k:Instagram 86.0.0.24.87 Android (22/6.1; 480dpi; 1080x1792; samsung; sm-j500fn; j5nlte; qcom; en_US):Sabrina6998956Madina39568@gmail.com:
[07.06.2020 15:37:52, thread 0] We are waiting for another SMS to this number.
[07.06.2020 15:37:58, thread 0] Defined proxy region - ru-UA
[07.06.2020 15:37:58, thread 0] Defined proxy region - ru-UA
[07.06.2020 15:38:00, thread 0] Cookie parsing
[07.06.2020 15:38:00, thread 0] Requested SMS from Instagram.
[07.06.2020 15:38:21, thread 0] Received a code 167092 on number +79912285019, id: 270797819
[07.06.2020 15:38:21, thread 0] Starting registration...
[07.06.2020 15:38:21, thread 0] Error registering - Gillian50_Romano595:mgavcoK1Jfc6lJFkAb5K:194.183.168.4:23028:user6018:ieWeeb3M:Instagram 86.0.0.24.87 Android (21/5.1; 480dpi; 1080x1792; samsung; sm-j500fn; j5nlte; qcom; en_US):Gillian50Romano47931@gmail.com:
[07.06.2020 15:38:22, thread 0] We are waiting for another SMS to this number.
[07.06.2020 15:38:45, thread 0] Defined proxy region - ru-UA
[07.06.2020 15:38:46, thread 0] Defined proxy region - ru-UA
[07.06.2020 15:38:47, thread 0] Cookie parsing
[07.06.2020 15:38:48, thread 0] Requested SMS from Instagram.
[07.06.2020 15:39:09, thread 0] Received a code 167092 on number +79912285019, id: 270797819
[07.06.2020 15:39:09, thread 0] Starting registration...
[07.06.2020 15:39:09, thread 0] Error registering - Smirnova585_Qahira668:JArcEN_7Zn2KvqHeg5Fd:194.183.168.4:23023:user6013:Aishie9k:Instagram 86.0.0.24.87 Android (26/8.0; 480dpi; 480x854; samsung; SAMSUNG-SM-N910A; trlteatt; qcom; en_US):Smirnova585Qahira78651@gmail.com:
[07.06.2020 15:39:10, thread 0] We are waiting for another SMS to this number.
[07.06.2020 15:39:15, thread 0] Defined proxy region - ru-UA
[07.06.2020 15:39:16, thread 0] Defined proxy region - ru-UA
[07.06.2020 15:39:17, thread 0] Cookie parsing
[07.06.2020 15:39:18, thread 0] Requested SMS from Instagram.
[07.06.2020 15:39:39, thread 0] Received a code 167092 on number +79912285019, id: 270797819
[07.06.2020 15:39:39, thread 0] Starting registration...
[07.06.2020 15:39:39, thread 0] Error registering - Stephanie959_Marra552:x78g0DSeIohX1TltSgPC:194.183.168.4:23028:user6018:ieWeeb3M:Instagram 86.0.0.24.87 Android (21/8.1; 480dpi; 720x1198; LGE/MetroPCS; LGMS631; g4stylusn; g4stylusn; en_US):Stephanie959Marra73121@gmail.com:
[07.06.2020 15:39:40, thread 0] We are waiting for another SMS to this number.
[07.06.2020 15:39:45, thread 0] Defined proxy region - ru-UA
[07.06.2020 15:39:46, thread 0] Defined proxy region - ru-UA
[07.06.2020 15:39:47, thread 0] Cookie parsing
[07.06.2020 15:39:48, thread 0] Requested SMS from Instagram.
[07.06.2020 15:40:09, thread 0] Received a code 167092 on number +79912285019, id: 270797819
[07.06.2020 15:40:09, thread 0] Starting registration...
[07.06.2020 15:40:09, thread 0] Error registering - Jessica59_Ferretti357:7L9jd0tp32IlFpEKYV5e:194.183.168.4:23023:user6013:Aishie9k:Instagram 86.0.0.24.87 Android (25/9; 480dpi; 480x320; samsung; sm-a520f; a5y17lte; samsungexy; en_US):Jessica59Ferretti84557@gmail.com:
[07.06.2020 15:40:10, thread 0] We are waiting for another SMS to this number.
[07.06.2020 15:40:15, thread 0] Defined proxy region - ru-UA
[07.06.2020 15:40:16, thread 0] Defined proxy region - ru-UA
[07.06.2020 15:40:17, thread 0] Cookie parsing
[07.06.2020 15:40:18, thread 0] Requested SMS from Instagram.
[07.06.2020 15:40:39, thread 0] Received a code 167092 on number +79912285019, id: 270797819
[07.06.2020 15:40:39, thread 0] Starting registration...
[07.06.2020 15:40:39, thread 0] Error registering - Lorin6_Taliga875:b7coDRiIx3G0R60L9uXP:194.183.168.4:23028:user6018:ieWeeb3M:Instagram 86.0.0.24.87 Android (21/7.1.2; 480dpi; 720x1198; LGE/MetroPCS; LGMS631; g4stylusn; g4stylusn; en_US):Lorin6Taliga99956@gmail.com:
[07.06.2020 15:40:40, thread 0] We are waiting for another SMS to this number.
[07.06.2020 15:40:45, thread 0] Defined proxy region - ru-UA
[07.06.2020 15:40:46, thread 0] Defined proxy region - ru-UA
[07.06.2020 15:40:47, thread 0] Cookie parsing
[07.06.2020 15:40:49, thread 0] Requested SMS from Instagram.
[07.06.2020 15:41:10, thread 0] Received a code 167092 on number +79912285019, id: 270797819
[07.06.2020 15:41:10, thread 0] Starting registration...
[07.06.2020 15:41:10, thread 0] Error registering - Nikolaev56906500_Bini810:hFFgeoxwGMc1rkA_cA99:194.183.168.4:23023:user6013:Aishie9k:Instagram 86.0.0.24.87 Android (22/5.1.1; 480dpi; 1080x1792; samsung; sm-j500fn; j5nlte; qcom; en_US):Nikolaev56906500Bini35822@gmail.com:
[07.06.2020 15:41:11, thread 0] We are waiting for another SMS to this number.
[07.06.2020 15:41:16, thread 0] Defined proxy region - ru-UA
[07.06.2020 15:41:17, thread 0] Defined proxy region - ru-UA
[07.06.2020 15:41:19, thread 0] Cookie parsing
[07.06.2020 15:41:20, thread 0] Requested SMS from Instagram.
[07.06.2020 15:41:40, thread 0] Received a code 167092 on number +79912285019, id: 270797819
[07.06.2020 15:41:40, thread 0] Starting registration...
[07.06.2020 15:41:41, thread 0] Error registering - Daisy65080_Eaton842:hO_SEEqWj7wWFRl7C3cH:194.183.168.4:23028:user6018:ieWeeb3M:Instagram 86.0.0.24.87 Android (19/7.1.2; 480dpi; 720x1198; LGE/MetroPCS; LGMS631; g4stylusn; g4stylusn; en_US):Daisy65080Eaton93833@gmail.com:
[07.06.2020 15:41:41, thread 0] We are waiting for another SMS to this number.
[07.06.2020 15:41:46, thread 0] Defined proxy region - ru-UA
[07.06.2020 15:41:47, thread 0] Defined proxy region - ru-UA
[07.06.2020 15:41:49, thread 0] Cookie parsing
[07.06.2020 15:41:50, thread 0] Requested SMS from Instagram.
[07.06.2020 15:42:10, thread 0] Received a code 167092 on number +79912285019, id: 270797819
[07.06.2020 15:42:10, thread 0] Starting registration...
[07.06.2020 15:42:11, thread 0] Error registering - Belyaeva5896_Newman188:HQQr4x2MSTVUeuhFQKRa:194.183.168.4:23023:user6013:Aishie9k:Instagram 86.0.0.24.87 Android (25/8.0.0; 480dpi; 720x1198; LGE/MetroPCS; LGMS631; g4stylusn; g4stylusn; en_US):Belyaeva5896Newman47634@gmail.com:
[07.06.2020 15:42:11, thread 0] We are waiting for another SMS to this number.
[07.06.2020 15:42:16, thread 0] Defined proxy region - ru-UA
[07.06.2020 15:42:17, thread 0] Defined proxy region - ru-UA
[07.06.2020 15:42:19, thread 0] Cookie parsing
[07.06.2020 15:42:20, thread 0] Requested SMS from Instagram.
[07.06.2020 15:42:40, thread 0] Received a code 167092 on number +79912285019, id: 270797819
[07.06.2020 15:42:40, thread 0] Starting registration...
[07.06.2020 15:42:41, thread 0] Error registering - Marilynn58095_Fleming560:NAJTTuNIst8ZO8LEn9BK:194.183.168.4:23028:user6018:ieWeeb3M:Instagram 86.0.0.24.87 Android (23/9; 480dpi; 1080x1792; samsung; sm-j500fn; j5nlte; qcom; en_US):Marilynn58095Fleming65650@gmail.com:
[07.06.2020 15:42:41, thread 0] We are waiting for another SMS to this number.
[07.06.2020 15:42:46, thread 0] Defined proxy region - ru-UA
[07.06.2020 15:42:47, thread 0] Defined proxy region - ru-UA
[07.06.2020 15:42:49, thread 0] Cookie parsing
[07.06.2020 15:42:49, thread 0] Requested SMS from Instagram.
[07.06.2020 15:43:10, thread 0] Received a code 167092 on number +79912285019, id: 270797819
[07.06.2020 15:43:10, thread 0] Starting registration...
[07.06.2020 15:43:10, thread 0] Error registering - Kellie50_Mora773:uyUJj5FzjY3wPhRSNWN_:194.183.168.4:23023:user6013:Aishie9k:Instagram 86.0.0.24.87 Android (28/6.1; 480dpi; 1080x1792; samsung; sm-j500fn; j5nlte; qcom; en_US):Kellie50Mora77382@gmail.com:
[07.06.2020 15:43:11, thread 0] We are waiting for another SMS to this number.
[07.06.2020 15:43:16, thread 0] Defined proxy region - ru-UA
[07.06.2020 15:43:17, thread 0] Defined proxy region - ru-UA
[07.06.2020 15:43:18, thread 0] Cookie parsing
[07.06.2020 15:43:19, thread 0] Requested SMS from Instagram.
[07.06.2020 15:43:39, thread 0] Received a code 167092 on number +79912285019, id: 270797819
[07.06.2020 15:43:39, thread 0] Starting registration...
[07.06.2020 15:43:40, thread 0] Error registering - Hilary60_Lolli399:FX5xbWrp2NhCnxNf6WpM:194.183.168.4:23028:user6018:ieWeeb3M:Instagram 86.0.0.24.87 Android (25/8.0.0; 480dpi; 720x1198; LGE/MetroPCS; LGMS631; g4stylusn; g4stylusn; en_US):Hilary60Lolli21255@gmail.com:
[07.06.2020 15:43:40, thread 0] We are waiting for another SMS to this number.
[07.06.2020 15:43:46, thread 0] Defined proxy region - ru-UA
[07.06.2020 15:43:46, thread 0] Defined proxy region - ru-UA
[07.06.2020 15:43:48, thread 0] Cookie parsing
[07.06.2020 15:43:49, thread 0] Requested SMS from Instagram.
[07.06.2020 15:44:09, thread 0] Received a code 167092 on number +79912285019, id: 270797819
[07.06.2020 15:44:09, thread 0] Starting registration...
[07.06.2020 15:44:10, thread 0] Error registering - Coral986_Bella338:JkKitDAupAIH8QA1XohK:194.183.168.4:23023:user6013:Aishie9k:Instagram 86.0.0.24.87 Android (28/5.1; 480dpi; 480x854; samsung; SAMSUNG-SM-N910A; trlteatt; qcom; en_US):Coral986Bella87332@gmail.com:
[07.06.2020 15:44:10, thread 0] We are waiting for another SMS to this number.
[07.06.2020 15:44:16, thread 0] Defined proxy region - ru-UA
[07.06.2020 15:44:16, thread 0] Defined proxy region - ru-UA
[07.06.2020 15:44:18, thread 0] Cookie parsing
[07.06.2020 15:44:19, thread 0] Requested SMS from Instagram.
[07.06.2020 15:44:39, thread 0] Received a code 167092 on number +79912285019, id: 270797819
[07.06.2020 15:44:39, thread 0] Starting registration...
[07.06.2020 15:44:40, thread 0] Error registering - Phoebe69_Wilson205:Nfv7kjyKaYW2f6zwE5Cr:194.183.168.4:23028:user6018:ieWeeb3M:Instagram 86.0.0.24.87 Android (28/8.0; 480dpi; 480x854; samsung; SAMSUNG-SM-N910A; trlteatt; qcom; en_US):Phoebe69Wilson96746@gmail.com:
[07.06.2020 15:44:40, thread 0] We are waiting for another SMS to this number.
[07.06.2020 15:44:45, thread 0] Defined proxy region - ru-UA
[07.06.2020 15:44:46, thread 0] Defined proxy region - ru-UA
[07.06.2020 15:44:48, thread 0] Cookie parsing
[07.06.2020 15:44:48, thread 0] Requested SMS from Instagram.
[07.06.2020 15:45:09, thread 0] Received a code 167092 on number +79912285019, id: 270797819
[07.06.2020 15:45:09, thread 0] Starting registration...
[07.06.2020 15:45:10, thread 0] Error registering - Allison5955_Antonella610:ApeYQS_j5L5eaYOZbKjj:194.183.168.4:23023:user6013:Aishie9k:Instagram 86.0.0.24.87 Android (20/8.0; 480dpi; 480x854; samsung; SAMSUNG-SM-N910A; trlteatt; qcom; en_US):Allison5955Antonella30887@gmail.com:
[07.06.2020 15:45:10, thread 0] We are waiting for another SMS to this number.
[07.06.2020 15:45:15, thread 0] Defined proxy region - ru-UA
[07.06.2020 15:45:16, thread 0] Defined proxy region - ru-UA
[07.06.2020 15:45:18, thread 0] Cookie parsing
[07.06.2020 15:45:19, thread 0] Requested SMS from Instagram.
[07.06.2020 15:45:39, thread 0] Received a code 167092 on number +79912285019, id: 270797819
[07.06.2020 15:45:39, thread 0] Starting registration...
[07.06.2020 15:45:40, thread 0] Error registering - Shana598_Joy888:x_GfpAbQmul3dIZ8MswJ:194.183.168.4:23028:user6018:ieWeeb3M:Instagram 86.0.0.24.87 Android (25/5.1.1; 480dpi; 480x854; samsung; SAMSUNG-SM-N910A; trlteatt; qcom; en_US):Shana598Joy18857@gmail.com:
[07.06.2020 15:45:40, thread 0] We are waiting for another SMS to this number.
[07.06.2020 15:45:45, thread 0] Defined proxy region - ru-UA
[07.06.2020 15:45:46, thread 0] Defined proxy region - ru-UA
[07.06.2020 15:45:48, thread 0] Cookie parsing
[07.06.2020 15:45:49, thread 0] Requested SMS from Instagram.
[07.06.2020 15:46:09, thread 0] Received a code 167092 on number +79912285019, id: 270797819
[07.06.2020 15:46:09, thread 0] Starting registration...
[07.06.2020 15:46:10, thread 0] Error registering - Lydia8965_Elia575:IC0y_RxUgWW7Hwgf7aZF:194.183.168.4:23023:user6013:Aishie9k:Instagram 86.0.0.24.87 Android (24/7.1.1; 480dpi; 480x854; samsung; SAMSUNG-SM-N910A; trlteatt; qcom; en_US):Lydia8965Elia48605@gmail.com:
[07.06.2020 15:46:10, thread 0] We are waiting for another SMS to this number.
