[07.06.2020 20:26:07, thread 0] Parsing cookies...
[07.06.2020 20:26:28, thread 0] (Error) Error text: xNet.HttpException: Не удалось соединиться с HTTP-сервером 'www.instagram.com'. ---> xNet.ProxyException: Вышло время ожидания подключения к прокси-серверу '185.86.151.217:8010'.
   at xNet.ProxyClient.CreateConnectionToProxy()
   at xNet.HttpProxyClient.CreateConnection(String destinationHost, Int32 destinationPort, TcpClient tcpClient)
   at xNet.HttpRequest.CreateTcpConnection(String host, Int32 port)
   --- End of inner exception stack trace ---
   at xNet.HttpRequest.CreateTcpConnection(String host, Int32 port)
   at xNet.HttpRequest.CreateConnection(Uri address)
   at xNet.HttpRequest.TryCreateConnectionOrUseExisting(Uri address, Uri previousAddress)
   at xNet.HttpRequest.Request(HttpMethod method, Uri address, HttpContent content)
   at xNet.HttpRequest.Raw(HttpMethod method, Uri address, HttpContent content)
   at xNet.HttpRequest.Raw(HttpMethod method, String address, HttpContent content)
   at InstaDirectMessage_ButDev.InstagramHashtagsParser.GetCookie() in D:\MaXiMAA\MaXiMAAOld\C#Готово\KWORK\InstaDirectMessage_ButDev\InstaDirectMessage_ButDev\InstagramHashtagsParser.cs:line 167
[07.06.2020 20:26:28, thread 0] [DEBUG] Changed proxies.
[07.06.2020 20:26:28, thread 0] Parsing cookies...
[07.06.2020 20:26:50, thread 0] (Error) Error text: xNet.HttpException: Не удалось соединиться с HTTP-сервером 'www.instagram.com'. ---> xNet.ProxyException: Вышло время ожидания подключения к прокси-серверу '185.86.151.217:8011'.
   at xNet.ProxyClient.CreateConnectionToProxy()
   at xNet.HttpProxyClient.CreateConnection(String destinationHost, Int32 destinationPort, TcpClient tcpClient)
   at xNet.HttpRequest.CreateTcpConnection(String host, Int32 port)
   --- End of inner exception stack trace ---
   at xNet.HttpRequest.CreateTcpConnection(String host, Int32 port)
   at xNet.HttpRequest.CreateConnection(Uri address)
   at xNet.HttpRequest.TryCreateConnectionOrUseExisting(Uri address, Uri previousAddress)
   at xNet.HttpRequest.Request(HttpMethod method, Uri address, HttpContent content)
   at xNet.HttpRequest.Raw(HttpMethod method, Uri address, HttpContent content)
   at xNet.HttpRequest.Raw(HttpMethod method, String address, HttpContent content)
   at InstaDirectMessage_ButDev.InstagramHashtagsParser.GetCookie() in D:\MaXiMAA\MaXiMAAOld\C#Готово\KWORK\InstaDirectMessage_ButDev\InstaDirectMessage_ButDev\InstagramHashtagsParser.cs:line 167
[07.06.2020 20:26:50, thread 0] [DEBUG] Changed proxies.
[07.06.2020 20:26:50, thread 0] Parsing cookies...
[07.06.2020 20:26:51, thread 0] Cookie parsing
[07.06.2020 20:26:51, thread 0] Got cookies...
[07.06.2020 20:26:51, thread 0] We start parsing...
[07.06.2020 20:26:56, thread 0] The part was parsed...
[07.06.2020 20:26:58, thread 0] The part was parsed...
[07.06.2020 20:27:01, thread 0] The part was parsed...
[07.06.2020 20:27:04, thread 0] The part was parsed...
[07.06.2020 20:27:07, thread 0] The part was parsed...
[07.06.2020 20:27:09, thread 0] The part was parsed...
[07.06.2020 20:27:12, thread 0] The part was parsed...
[07.06.2020 20:27:15, thread 0] The part was parsed...
[07.06.2020 20:27:17, thread 0] The part was parsed...
[07.06.2020 20:27:20, thread 0] The part was parsed...
[07.06.2020 20:27:23, thread 0] The part was parsed...
[07.06.2020 20:27:25, thread 0] The part was parsed...
[07.06.2020 20:27:28, thread 0] The part was parsed...
[07.06.2020 20:27:31, thread 0] The part was parsed...
[07.06.2020 20:27:33, thread 0] The part was parsed...
[07.06.2020 20:27:36, thread 0] The part was parsed...
[07.06.2020 20:27:39, thread 0] The part was parsed...
[07.06.2020 20:27:41, thread 0] The part was parsed...
[07.06.2020 20:27:44, thread 0] The part was parsed...
[07.06.2020 20:27:46, thread 0] The part was parsed...
[07.06.2020 20:27:49, thread 0] The part was parsed...
[07.06.2020 20:27:52, thread 0] The part was parsed...
[07.06.2020 20:27:55, thread 0] The part was parsed...
[07.06.2020 20:27:58, thread 0] The part was parsed...
[07.06.2020 20:28:00, thread 0] The part was parsed...
[07.06.2020 20:28:03, thread 0] The part was parsed...
[07.06.2020 20:28:06, thread 0] The part was parsed...
[07.06.2020 20:28:09, thread 0] The part was parsed...
[07.06.2020 20:28:11, thread 0] The part was parsed...
[07.06.2020 20:28:14, thread 0] The part was parsed...
[07.06.2020 20:28:18, thread 0] The part was parsed...
[07.06.2020 20:28:23, thread 0] The part was parsed...
[07.06.2020 20:28:34, thread 0] The part was parsed...
[07.06.2020 20:28:37, thread 0] The part was parsed...
[07.06.2020 20:28:40, thread 0] The part was parsed...
[07.06.2020 20:28:43, thread 0] The part was parsed...
[07.06.2020 20:28:46, thread 0] The part was parsed...
[07.06.2020 20:28:49, thread 0] The part was parsed...
[07.06.2020 20:28:52, thread 0] The part was parsed...
[07.06.2020 20:28:55, thread 0] The part was parsed...
[07.06.2020 20:28:58, thread 0] The part was parsed...
[07.06.2020 20:29:01, thread 0] The part was parsed...
[07.06.2020 20:29:03, thread 0] The part was parsed...
[07.06.2020 20:29:06, thread 0] The part was parsed...
[07.06.2020 20:29:09, thread 0] The part was parsed...
[07.06.2020 20:29:12, thread 0] The part was parsed...
[07.06.2020 20:29:15, thread 0] The part was parsed...
[07.06.2020 20:29:18, thread 0] The part was parsed...
[07.06.2020 20:29:21, thread 0] The part was parsed...
[07.06.2020 20:29:24, thread 0] The part was parsed...
[07.06.2020 20:29:26, thread 0] The part was parsed...
[07.06.2020 20:29:29, thread 0] The part was parsed...
[07.06.2020 20:29:31, thread 0] The part was parsed...
[07.06.2020 20:29:34, thread 0] The part was parsed...
[07.06.2020 20:29:37, thread 0] The part was parsed...
[07.06.2020 20:29:40, thread 0] The part was parsed...
[07.06.2020 20:29:43, thread 0] The part was parsed...
[07.06.2020 20:29:46, thread 0] The part was parsed...
[07.06.2020 20:29:48, thread 0] The part was parsed...
[07.06.2020 20:29:51, thread 0] The part was parsed...
[07.06.2020 20:29:55, thread 0] The part was parsed...
[07.06.2020 20:29:57, thread 0] The part was parsed...
[07.06.2020 20:30:00, thread 0] The part was parsed...
[07.06.2020 20:30:03, thread 0] The part was parsed...
[07.06.2020 20:30:06, thread 0] The part was parsed...
[07.06.2020 20:30:09, thread 0] The part was parsed...
[07.06.2020 20:30:11, thread 0] The part was parsed...
[07.06.2020 20:30:14, thread 0] The part was parsed...
[07.06.2020 20:30:17, thread 0] The part was parsed...
[07.06.2020 20:30:20, thread 0] (Error) Error text: System.NullReferenceException: Object reference not set to an instance of an object.
   at InstaDirectMessage_ButDev.InstagramHashtagsParser.GetData(String cookie) in D:\MaXiMAA\MaXiMAAOld\C#Готово\KWORK\InstaDirectMessage_ButDev\InstaDirectMessage_ButDev\InstagramHashtagsParser.cs:line 298
[07.06.2020 20:30:20, thread 0] The part was parsed...
[07.06.2020 20:30:22, thread 0] The part was parsed...
[07.06.2020 20:30:25, thread 0] The part was parsed...
[07.06.2020 20:30:28, thread 0] The part was parsed...
[07.06.2020 20:30:33, thread 0] The part was parsed...
[07.06.2020 20:30:37, thread 0] The part was parsed...
[07.06.2020 20:30:40, thread 0] The part was parsed...
[07.06.2020 20:30:45, thread 0] The part was parsed...
[07.06.2020 20:30:49, thread 0] The part was parsed...
[07.06.2020 20:30:53, thread 0] The part was parsed...
[07.06.2020 20:30:58, thread 0] The part was parsed...
[07.06.2020 20:31:03, thread 0] The part was parsed...
[07.06.2020 20:31:07, thread 0] The part was parsed...
[07.06.2020 20:31:12, thread 0] The part was parsed...
[07.06.2020 20:31:20, thread 0] The part was parsed...
[07.06.2020 20:31:25, thread 0] The part was parsed...
[07.06.2020 20:31:29, thread 0] The part was parsed...
[07.06.2020 20:31:34, thread 0] The part was parsed...
[07.06.2020 20:31:39, thread 0] The part was parsed...
[07.06.2020 20:31:47, thread 0] The part was parsed...
[07.06.2020 20:31:51, thread 0] The part was parsed...
[07.06.2020 20:31:56, thread 0] The part was parsed...
[07.06.2020 20:31:59, thread 0] The part was parsed...
[07.06.2020 20:32:04, thread 0] The part was parsed...
[07.06.2020 20:32:09, thread 0] The part was parsed...
[07.06.2020 20:32:15, thread 0] The part was parsed...
[07.06.2020 20:32:19, thread 0] The part was parsed...
[07.06.2020 20:32:23, thread 0] The part was parsed...
[07.06.2020 20:32:29, thread 0] The part was parsed...
[07.06.2020 20:32:32, thread 0] The part was parsed...
[07.06.2020 20:32:34, thread 0] The part was parsed...
[07.06.2020 20:32:37, thread 0] The part was parsed...
[07.06.2020 20:32:40, thread 0] The part was parsed...
[07.06.2020 20:32:43, thread 0] The part was parsed...
[07.06.2020 20:32:46, thread 0] The part was parsed...
[07.06.2020 20:32:49, thread 0] The part was parsed...
[07.06.2020 20:32:52, thread 0] The part was parsed...
[07.06.2020 20:32:55, thread 0] The part was parsed...
[07.06.2020 20:32:57, thread 0] The part was parsed...
[07.06.2020 20:33:00, thread 0] The part was parsed...
[07.06.2020 20:33:03, thread 0] The part was parsed...
[07.06.2020 20:33:06, thread 0] The part was parsed...
[07.06.2020 20:33:09, thread 0] The part was parsed...
[07.06.2020 20:33:11, thread 0] The part was parsed...
[07.06.2020 20:33:14, thread 0] The part was parsed...
[07.06.2020 20:33:17, thread 0] The part was parsed...
[07.06.2020 20:33:20, thread 0] The part was parsed...
[07.06.2020 20:33:23, thread 0] The part was parsed...
[07.06.2020 20:33:26, thread 0] The part was parsed...
[07.06.2020 20:33:29, thread 0] The part was parsed...
[07.06.2020 20:33:31, thread 0] The part was parsed...
[07.06.2020 20:33:35, thread 0] The part was parsed...
[07.06.2020 20:33:38, thread 0] The part was parsed...
[07.06.2020 20:33:41, thread 0] The part was parsed...
[07.06.2020 20:33:44, thread 0] The part was parsed...
[07.06.2020 20:33:47, thread 0] The part was parsed...
[07.06.2020 20:33:50, thread 0] The part was parsed...
[07.06.2020 20:33:53, thread 0] The part was parsed...
[07.06.2020 20:33:56, thread 0] The part was parsed...
[07.06.2020 20:33:59, thread 0] The part was parsed...
[07.06.2020 20:34:02, thread 0] The part was parsed...
[07.06.2020 20:34:04, thread 0] The part was parsed...
[07.06.2020 20:34:08, thread 0] The part was parsed...
[07.06.2020 20:34:10, thread 0] The part was parsed...
[07.06.2020 20:34:13, thread 0] The part was parsed...
[07.06.2020 20:34:16, thread 0] The part was parsed...
[07.06.2020 20:34:19, thread 0] The part was parsed...
[07.06.2020 20:34:22, thread 0] The part was parsed...
[07.06.2020 20:34:24, thread 0] The part was parsed...
[07.06.2020 20:34:27, thread 0] The part was parsed...
[07.06.2020 20:34:30, thread 0] The part was parsed...
[07.06.2020 20:34:34, thread 0] The part was parsed...
[07.06.2020 20:34:37, thread 0] The part was parsed...
[07.06.2020 20:34:40, thread 0] The part was parsed...
[07.06.2020 20:34:44, thread 0] The part was parsed...
[07.06.2020 20:34:48, thread 0] The part was parsed...
[07.06.2020 20:34:51, thread 0] The part was parsed...
[07.06.2020 20:34:54, thread 0] The part was parsed...
[07.06.2020 20:34:58, thread 0] The part was parsed...
[07.06.2020 20:35:02, thread 0] The part was parsed...
[07.06.2020 20:35:04, thread 0] The part was parsed...
[07.06.2020 20:35:07, thread 0] The part was parsed...
[07.06.2020 20:35:10, thread 0] The part was parsed...
[07.06.2020 20:35:14, thread 0] The part was parsed...
[07.06.2020 20:35:17, thread 0] The part was parsed...
[07.06.2020 20:35:20, thread 0] The part was parsed...
[07.06.2020 20:35:26, thread 0] The part was parsed...
[07.06.2020 20:35:31, thread 0] The part was parsed...
[07.06.2020 20:35:35, thread 0] The part was parsed...
[07.06.2020 20:35:39, thread 0] The part was parsed...
[07.06.2020 20:35:42, thread 0] The part was parsed...
[07.06.2020 20:35:45, thread 0] The part was parsed...
[07.06.2020 20:35:48, thread 0] The part was parsed...
[07.06.2020 20:35:51, thread 0] The part was parsed...
[07.06.2020 20:35:54, thread 0] The part was parsed...
[07.06.2020 20:35:57, thread 0] The part was parsed...
[07.06.2020 20:36:00, thread 0] The part was parsed...
[07.06.2020 20:36:04, thread 0] The part was parsed...
[07.06.2020 20:36:07, thread 0] The part was parsed...
[07.06.2020 20:36:10, thread 0] The part was parsed...
[07.06.2020 20:36:13, thread 0] The part was parsed...
[07.06.2020 20:36:16, thread 0] The part was parsed...
[07.06.2020 20:36:19, thread 0] The part was parsed...
[07.06.2020 20:36:22, thread 0] The part was parsed...
[07.06.2020 20:36:25, thread 0] The part was parsed...
[07.06.2020 20:36:28, thread 0] The part was parsed...
[07.06.2020 20:36:31, thread 0] The part was parsed...
[07.06.2020 20:36:34, thread 0] The part was parsed...
[07.06.2020 20:36:37, thread 0] The part was parsed...
[07.06.2020 20:36:40, thread 0] The part was parsed...
[07.06.2020 20:36:43, thread 0] The part was parsed...
[07.06.2020 20:36:46, thread 0] The part was parsed...
[07.06.2020 20:36:48, thread 0] The part was parsed...
[07.06.2020 20:36:51, thread 0] The part was parsed...
[07.06.2020 20:36:54, thread 0] The part was parsed...
[07.06.2020 20:36:57, thread 0] The part was parsed...
[07.06.2020 20:37:00, thread 0] The part was parsed...
[07.06.2020 20:37:04, thread 0] The part was parsed...
[07.06.2020 20:37:07, thread 0] The part was parsed...
[07.06.2020 20:37:10, thread 0] The part was parsed...
[07.06.2020 20:37:13, thread 0] The part was parsed...
[07.06.2020 20:37:16, thread 0] The part was parsed...
[07.06.2020 20:37:19, thread 0] The part was parsed...
[07.06.2020 20:37:22, thread 0] The part was parsed...
