[12.05.2020 21:41:02, поток 1] Спарсили куки
[12.05.2020 21:41:10, поток 1] Взяли в сервисе номер - 380984685301, id: 259284186
[12.05.2020 21:50:39, поток 1] Спарсили куки
[12.05.2020 21:50:43, поток 1] Взяли в сервисе номер - 380967021843, id: 259287521
[12.05.2020 21:52:11, поток 1] Спарсили куки
[12.05.2020 21:52:16, поток 1] Взяли в сервисе номер - 380983737546, id: 259288176
[12.05.2020 21:54:17, поток 1] Спарсили куки
[12.05.2020 21:54:22, поток 1] В смс сервисе нет свободных номеров!
[12.05.2020 21:54:29, поток 1] Спарсили куки
[12.05.2020 21:54:32, поток 1] Взяли в сервисе номер - +380688585835, id: 259288890
[12.05.2020 22:02:18, поток 1] Спарсили куки
[12.05.2020 22:02:20, поток 1] В смс сервисе нет свободных номеров!
[12.05.2020 22:02:25, поток 1] Спарсили куки
[12.05.2020 22:02:28, поток 1] Взяли в сервисе номер - +380974971750, id: 259292027
[12.05.2020 22:07:12, поток 1] Спарсили куки
[12.05.2020 22:07:15, поток 1] В смс сервисе нет свободных номеров!
[12.05.2020 22:07:20, поток 1] Спарсили куки
[12.05.2020 22:07:23, поток 1] В смс сервисе нет свободных номеров!
[12.05.2020 22:07:28, поток 1] Спарсили куки
[12.05.2020 22:07:31, поток 1] Взяли в сервисе номер - +79630301832, id: 259293923
[12.05.2020 22:07:57, поток 1] Получили код  на номер +79630301832, id: 259293923
[12.05.2020 22:12:27, поток 1] Спарсили куки
[12.05.2020 22:12:29, поток 1] В смс сервисе нет свободных номеров!
[12.05.2020 22:12:39, поток 1] Спарсили куки
[12.05.2020 22:12:41, поток 1] В смс сервисе нет свободных номеров!
[12.05.2020 22:12:51, поток 1] Спарсили куки
[12.05.2020 22:12:52, поток 1] В смс сервисе нет свободных номеров!
[12.05.2020 22:13:03, поток 1] Спарсили куки
[12.05.2020 22:13:04, поток 1] В смс сервисе нет свободных номеров!
[12.05.2020 22:13:14, поток 1] Спарсили куки
[12.05.2020 22:13:31, поток 1] В смс сервисе нет свободных номеров!
[12.05.2020 22:13:42, поток 1] Спарсили куки
[12.05.2020 22:13:45, поток 1] В смс сервисе нет свободных номеров!
[12.05.2020 22:13:56, поток 1] Спарсили куки
[12.05.2020 22:13:57, поток 1] В смс сервисе нет свободных номеров!
[12.05.2020 22:14:07, поток 1] Спарсили куки
[12.05.2020 22:14:10, поток 1] Взяли в сервисе номер - +79064928964, id: 259296560
[12.05.2020 22:14:48, поток 1] Получили код -1 на номер +79064928964, id: 259296560
[12.05.2020 22:34:28, поток 1] Спарсили куки
[12.05.2020 22:34:30, поток 1] В смс сервисе нет свободных номеров!
[12.05.2020 22:34:41, поток 1] Спарсили куки
[12.05.2020 22:34:42, поток 1] В смс сервисе нет свободных номеров!
[12.05.2020 22:34:52, поток 1] Спарсили куки
[12.05.2020 22:34:57, поток 1] Взяли в сервисе номер - +380502883858, id: 259304222
[12.05.2020 22:35:33, поток 1] Получили код -1 на номер +380502883858, id: 259304222
[12.05.2020 22:35:35, поток 1] Ошибка при регистрации - Blanche695_Feofania812:O6Nqgu17fga4I_pthOa1:185.86.151.217:8011:l3ntvv:NGJKov:Mozilla/5.0 (Windows NT 10.0; Win64; x64) AppleWebKit/537.36 (KHTML, like Gecko) Chrome/67.0.3396.87 Safari/537.36:Blanche695Feofania37923@gmail.com:en-US
[12.05.2020 22:41:19, поток 1] Спарсили куки
[12.05.2020 22:41:27, поток 1] Взяли в сервисе номер - +79534957968, id: 259306507
[12.05.2020 22:42:57, поток 1] Спарсили куки
[12.05.2020 22:42:59, поток 1] В смс сервисе нет свободных номеров!
[12.05.2020 22:43:09, поток 1] Спарсили куки
[12.05.2020 22:43:11, поток 1] Взяли в сервисе номер - +79064929301, id: 259307163
[12.05.2020 22:43:47, поток 1] Получили код -1 на номер +79064929301, id: 259307163
[12.05.2020 22:44:01, поток 1] Чекпойнт - Alexandrina508658_Ruslan712:PFIjfS5MrHtixaMqP8Tj:185.86.151.217:8011:l3ntvv:NGJKov:Mozilla/5.0 (Windows NT 6.1; Win64; x64) AppleWebKit/537.36 (KHTML, like Gecko) Chrome/57.0.2987.133 Safari/537.36:Alexandrina508658Ruslan53461@gmail.com:en-US
[12.05.2020 22:44:11, поток 1] Спарсили куки
[12.05.2020 22:57:49, поток 1] Спарсили куки
[12.05.2020 23:01:24, поток 1] В смс сервисе нет свободных номеров!
[12.05.2020 23:02:48, поток 1] Спарсили куки
[12.05.2020 23:02:51, поток 1] В смс сервисе нет свободных номеров!
[12.05.2020 23:04:17, поток 1] Спарсили куки
[12.05.2020 23:04:20, поток 1] В смс сервисе нет свободных номеров!
[12.05.2020 23:05:49, поток 1] Спарсили куки
[12.05.2020 23:05:54, поток 1] В смс сервисе нет свободных номеров!
[12.05.2020 23:07:20, поток 1] Спарсили куки
[12.05.2020 23:07:23, поток 1] Взяли в сервисе номер - +380956182274, id: 259315515
[12.05.2020 23:07:50, поток 1] Получили код  на номер +380956182274, id: 259315515
[12.05.2020 23:37:41, поток 1] Спарсили куки
[12.05.2020 23:37:47, поток 1] В смс сервисе нет свободных номеров!
[12.05.2020 23:39:16, поток 1] Спарсили куки
[12.05.2020 23:39:19, поток 1] Взяли в сервисе номер - +380999509563, id: 259326143
[12.05.2020 23:39:47, поток 1] Получили код  на номер +380999509563, id: 259326143
[12.05.2020 23:39:55, поток 1] Чекпойнт - Komarova5990_Capasso976:xrTQf6GcIXbQE2LSAAOq:185.86.151.217:8010:l3ntvv:NGJKov:Mozilla/5.0 (Windows NT 6.2; Win64; x64) AppleWebKit/537.36 (KHTML, like Gecko) Chrome/77.0.3865.120 Safari/537.36:Komarova5990Capasso58475@gmail.com:en-US
[12.05.2020 23:39:58, поток 1] Отменили номер. Деньги возвращены.
[12.05.2020 23:41:22, поток 1] Спарсили куки
[12.05.2020 23:41:28, поток 1] В смс сервисе нет свободных номеров!
[12.05.2020 23:42:54, поток 1] Спарсили куки
[12.05.2020 23:42:57, поток 1] В смс сервисе нет свободных номеров!
[12.05.2020 23:44:24, поток 1] Спарсили куки
[12.05.2020 23:44:28, поток 1] В смс сервисе нет свободных номеров!
[12.05.2020 23:45:54, поток 1] Спарсили куки
[12.05.2020 23:45:56, поток 1] В смс сервисе нет свободных номеров!
[12.05.2020 23:47:22, поток 1] Спарсили куки
[12.05.2020 23:47:24, поток 1] В смс сервисе нет свободных номеров!
[12.05.2020 23:48:49, поток 1] Спарсили куки
[12.05.2020 23:48:51, поток 1] В смс сервисе нет свободных номеров!
[12.05.2020 23:50:16, поток 1] Спарсили куки
[12.05.2020 23:50:18, поток 1] Взяли в сервисе номер - +380937290488, id: 259330045
[12.05.2020 23:50:44, поток 1] Получили код  на номер +380937290488, id: 259330045
[12.05.2020 23:50:53, поток 1] Ошибка при регистрации - Kimberly56909_Lucien615:T_hSO5Fy0a8sdOQ0xjit:185.86.151.217:8010:l3ntvv:NGJKov:Mozilla/5.0 (Windows NT 10.0; Win64; x64) AppleWebKit/537.36 (KHTML, like Gecko) Chrome/61.0.3163.100 Safari/537.36:Kimberly56909Lucien73201@gmail.com:en-US
[12.05.2020 23:50:56, поток 1] Отменили номер. Деньги возвращены.
[12.05.2020 23:52:22, поток 1] Спарсили куки
[12.05.2020 23:52:24, поток 1] В смс сервисе нет свободных номеров!
[12.05.2020 23:53:49, поток 1] Спарсили куки
[12.05.2020 23:53:51, поток 1] В смс сервисе нет свободных номеров!
[12.05.2020 23:55:18, поток 1] Спарсили куки
[12.05.2020 23:55:21, поток 1] В смс сервисе нет свободных номеров!
[12.05.2020 23:58:28, поток 1] Спарсили куки
[12.05.2020 23:58:31, поток 1] В смс сервисе нет свободных номеров!
[12.05.2020 23:59:56, поток 1] Спарсили куки
[12.05.2020 23:59:59, поток 1] В смс сервисе нет свободных номеров!
[13.05.2020 0:01:24, поток 1] Спарсили куки
[13.05.2020 0:01:28, поток 1] В смс сервисе нет свободных номеров!
[13.05.2020 0:02:55, поток 1] Спарсили куки
[13.05.2020 0:03:01, поток 1] В смс сервисе нет свободных номеров!
[13.05.2020 0:04:26, поток 1] Спарсили куки
[13.05.2020 0:04:29, поток 1] В смс сервисе нет свободных номеров!
[13.05.2020 0:05:54, поток 1] Спарсили куки
[13.05.2020 0:05:57, поток 1] В смс сервисе нет свободных номеров!
[13.05.2020 0:07:23, поток 1] Спарсили куки
[13.05.2020 0:07:26, поток 1] В смс сервисе нет свободных номеров!
[13.05.2020 0:08:53, поток 1] Спарсили куки
[13.05.2020 0:09:01, поток 1] В смс сервисе нет свободных номеров!
[13.05.2020 0:10:26, поток 1] Спарсили куки
[13.05.2020 0:10:28, поток 1] В смс сервисе нет свободных номеров!
[13.05.2020 0:11:56, поток 1] Спарсили куки
[13.05.2020 0:11:58, поток 1] В смс сервисе нет свободных номеров!
[13.05.2020 0:13:23, поток 1] Спарсили куки
[13.05.2020 0:13:25, поток 1] В смс сервисе нет свободных номеров!
[13.05.2020 0:14:50, поток 1] Спарсили куки
[13.05.2020 0:14:52, поток 1] В смс сервисе нет свободных номеров!
[13.05.2020 0:16:17, поток 1] Спарсили куки
[13.05.2020 0:16:20, поток 1] В смс сервисе нет свободных номеров!
[13.05.2020 0:17:54, поток 1] Спарсили куки
[13.05.2020 0:18:00, поток 1] В смс сервисе нет свободных номеров!
[13.05.2020 0:19:31, поток 1] Спарсили куки
[13.05.2020 0:19:37, поток 1] В смс сервисе нет свободных номеров!
[13.05.2020 0:21:02, поток 1] Спарсили куки
[13.05.2020 0:21:10, поток 1] В смс сервисе нет свободных номеров!
[13.05.2020 0:22:36, поток 1] Спарсили куки
[13.05.2020 0:22:38, поток 1] В смс сервисе нет свободных номеров!
[13.05.2020 0:24:04, поток 1] Спарсили куки
[13.05.2020 0:24:09, поток 1] В смс сервисе нет свободных номеров!
[13.05.2020 0:25:34, поток 1] Спарсили куки
[13.05.2020 0:25:36, поток 1] В смс сервисе нет свободных номеров!
[13.05.2020 0:27:01, поток 1] Спарсили куки
[13.05.2020 0:27:03, поток 1] В смс сервисе нет свободных номеров!
[13.05.2020 0:28:28, поток 1] Спарсили куки
[13.05.2020 0:28:30, поток 1] Взяли в сервисе номер - +79826575402, id: 259344227
[13.05.2020 0:31:10, поток 1] Спарсили куки
[13.05.2020 0:31:12, поток 1] Взяли в сервисе номер - +79826606164, id: 259345118
[13.05.2020 0:32:00, поток 1] Получили код -1 на номер +79826606164, id: 259345118
[13.05.2020 0:32:03, поток 1] Ошибка при регистрации - Naomi595_Saifi159:IHs_zg_q2kJtLdkuuO_N:185.86.151.217:8010:l3ntvv:NGJKov:Mozilla/5.0 (Windows NT 6.1; WOW64; rv:8.0.1) Gecko/20100101 Firefox/8.0.1:Naomi595Saifi55780@gmail.com:en-US
[13.05.2020 0:32:05, поток 1] Отменили номер. Деньги возвращены.
