[16.05.2020 20:25:02, поток 1] Спарсили куки
[16.05.2020 20:25:36, поток 1] Взяли в сервисе номер - +6283188804502, id: 261031015
[16.05.2020 20:25:57, поток 1] Получили код  на номер +6283188804502, id: 261031015
[16.05.2020 20:25:58, поток 1] Ошибка при регистрации - Heather8560998_Marianne713:1M9Kolmw2fYIVnFYshaz:185.86.151.217:8011:l3ntvv:NGJKov:Mozilla/5.0 (Windows NT 10.0; WOW64) AppleWebKit/537.36 (KHTML, like Gecko) Chrome/65.0.3325.183 Safari/537.36 Vivaldi/1.96.1147.47:Heather8560998Marianne55562@gmail.com:id-ID
[16.05.2020 20:25:58, поток 1] Приняли номер телефона.
[16.05.2020 20:26:08, поток 1] Спарсили куки
[16.05.2020 20:26:09, поток 1] Взяли в сервисе номер - +6283188804249, id: 261031207
[16.05.2020 20:26:30, поток 1] Получили код  на номер +6283188804249, id: 261031207
[16.05.2020 20:26:30, поток 1] Ошибка при регистрации - Meredith9608_Rukia383:nrjCV1GI2w7QTaFllxMn:185.86.151.217:8010:l3ntvv:NGJKov:Mozilla/5.0 (Windows NT 6.1; WOW64) AppleWebKit/537.36 (KHTML like Gecko) Chrome/30.0.1599.12785 YaBrowser/13.12.1599.12785 Safari/537.36:Meredith9608Rukia10255@gmail.com:id-ID
[16.05.2020 20:26:30, поток 1] Приняли номер телефона.
[16.05.2020 20:26:41, поток 1] Спарсили куки
[16.05.2020 20:26:42, поток 1] Взяли в сервисе номер - +6283188323164, id: 261031403
[16.05.2020 21:00:11, поток 1] Спарсили куки
[16.05.2020 21:00:12, поток 1] Взяли в сервисе номер - +6283188804187, id: 261042837
[16.05.2020 21:00:53, поток 1] Получили код -1 на номер +6283188804187, id: 261042837
[16.05.2020 21:00:53, поток 1] Ошибка при регистрации - Tracey55_Little920:4B7NGXNkOtttZC3lCFAF:185.86.151.217:8011:l3ntvv:NGJKov:Mozilla/5.0 (Windows NT 10.0; rv:68.0) Gecko/20100101 Firefox/68.0:Tracey55Little76868@gmail.com:id-ID
[16.05.2020 21:00:54, поток 1] Приняли номер телефона.
[16.05.2020 21:01:04, поток 1] Спарсили куки
[16.05.2020 21:01:04, поток 1] Взяли в сервисе номер - +6283188803930, id: 261043037
[16.05.2020 21:01:25, поток 1] Получили код  на номер +6283188803930, id: 261043037
[16.05.2020 21:01:27, поток 1] Ошибка при регистрации - Marylouy95085_Zita116:uq4lFxfqAnNxRQPxiOTU:185.86.151.217:8010:l3ntvv:NGJKov:Mozilla/5.0 (Windows NT 10.0; WOW64) AppleWebKit/537.36 (KHTML, like Gecko) Chrome/65.0.3325.183 Safari/537.36 Vivaldi/1.96.1147.47:Marylouy95085Zita19016@gmail.com:id-ID
[16.05.2020 21:01:27, поток 1] Приняли номер телефона.
[16.05.2020 21:01:38, поток 1] Спарсили куки
[16.05.2020 21:01:38, поток 1] Взяли в сервисе номер - +6283188320347, id: 261043209
[16.05.2020 21:01:59, поток 1] Получили код  на номер +6283188320347, id: 261043209
[16.05.2020 21:01:59, поток 1] Ошибка при регистрации - medvedev86_Falco650:InQaQAFDZb00LmcrGL1X:185.86.151.217:8011:l3ntvv:NGJKov:Mozilla/5.0 (Windows NT 6.3; Win64; x64; rv:69.0) Gecko/20100101 Firefox/69.0:medvedev86Falco55482@gmail.com:id-ID
[16.05.2020 21:02:00, поток 1] Приняли номер телефона.
[16.05.2020 21:02:10, поток 1] Спарсили куки
[16.05.2020 21:02:10, поток 1] Взяли в сервисе номер - +6283188211328, id: 261043302
[16.05.2020 21:02:31, поток 1] Получили код  на номер +6283188211328, id: 261043302
[16.05.2020 21:02:31, поток 1] Ошибка при регистрации - Rosey80689_Lamb353:djZRKVwh6czkVesxyur7:185.86.151.217:8010:l3ntvv:NGJKov:Mozilla/5.0 (Windows NT 10.0; WOW64) AppleWebKit/537.36 (KHTML, like Gecko) Chrome/77.0.3865.92 YaBrowser/19.10.1.87 (beta) Yowser/2.5 Safari/537.36:Rosey80689Lamb70288@gmail.com:id-ID
[16.05.2020 21:02:32, поток 1] Приняли номер телефона.
[16.05.2020 21:02:42, поток 1] Спарсили куки
[16.05.2020 21:02:42, поток 1] Взяли в сервисе номер - +6283188212640, id: 261043419
[16.05.2020 21:03:24, поток 1] Получили код -1 на номер +6283188212640, id: 261043419
[16.05.2020 21:03:25, поток 1] Ошибка при регистрации - Rosanna9068_Kafil154:OI6cdjMu7Wtrp9lMG8uI:185.86.151.217:8011:l3ntvv:NGJKov:Mozilla/5.0 (Windows NT 6.2; WOW64) AppleWebKit/537.36 (KHTML, like Gecko) Chrome/49.0.2623.110 Safari/537.36:Rosanna9068Kafil67454@gmail.com:id-ID
[16.05.2020 21:03:26, поток 1] Приняли номер телефона.
[16.05.2020 22:27:33, поток 1] Спарсили куки
[16.05.2020 22:27:33, поток 1] В смс сервисе нет свободных номеров!
[16.05.2020 22:27:44, поток 1] Спарсили куки
[16.05.2020 22:27:44, поток 1] В смс сервисе нет свободных номеров!
[16.05.2020 22:27:54, поток 1] Спарсили куки
[16.05.2020 22:27:55, поток 1] В смс сервисе нет свободных номеров!
[16.05.2020 22:28:05, поток 1] Спарсили куки
[16.05.2020 22:28:06, поток 1] В смс сервисе нет свободных номеров!
[16.05.2020 22:28:16, поток 1] Спарсили куки
[16.05.2020 22:28:16, поток 1] В смс сервисе нет свободных номеров!
[16.05.2020 22:28:26, поток 1] Спарсили куки
[16.05.2020 22:28:27, поток 1] В смс сервисе нет свободных номеров!
[16.05.2020 22:28:37, поток 1] Спарсили куки
[16.05.2020 22:28:37, поток 1] В смс сервисе нет свободных номеров!
[16.05.2020 22:28:48, поток 1] Спарсили куки
[16.05.2020 22:28:48, поток 1] В смс сервисе нет свободных номеров!
[16.05.2020 22:28:59, поток 1] Спарсили куки
[16.05.2020 22:29:02, поток 1] В смс сервисе нет свободных номеров!
[16.05.2020 22:29:13, поток 1] Спарсили куки
[16.05.2020 22:29:13, поток 1] В смс сервисе нет свободных номеров!
[16.05.2020 22:29:23, поток 1] Спарсили куки
[16.05.2020 22:29:24, поток 1] В смс сервисе нет свободных номеров!
[16.05.2020 22:29:34, поток 1] Спарсили куки
[16.05.2020 22:29:34, поток 1] В смс сервисе нет свободных номеров!
[16.05.2020 22:29:45, поток 1] Спарсили куки
[16.05.2020 22:29:45, поток 1] В смс сервисе нет свободных номеров!
[16.05.2020 22:29:56, поток 1] Спарсили куки
[16.05.2020 22:29:56, поток 1] В смс сервисе нет свободных номеров!
[16.05.2020 22:30:06, поток 1] Спарсили куки
[16.05.2020 22:30:07, поток 1] В смс сервисе нет свободных номеров!
[16.05.2020 22:30:17, поток 1] Спарсили куки
[16.05.2020 22:30:18, поток 1] В смс сервисе нет свободных номеров!
[16.05.2020 22:30:28, поток 1] Спарсили куки
[16.05.2020 22:30:29, поток 1] В смс сервисе нет свободных номеров!
[16.05.2020 22:30:39, поток 1] Спарсили куки
[16.05.2020 22:30:39, поток 1] В смс сервисе нет свободных номеров!
[16.05.2020 22:30:50, поток 1] Спарсили куки
[16.05.2020 22:30:50, поток 1] В смс сервисе нет свободных номеров!
[16.05.2020 22:31:00, поток 1] Спарсили куки
[16.05.2020 22:31:00, поток 1] В смс сервисе нет свободных номеров!
[16.05.2020 22:31:11, поток 1] Спарсили куки
[16.05.2020 22:31:11, поток 1] В смс сервисе нет свободных номеров!
[16.05.2020 22:31:21, поток 1] Спарсили куки
[16.05.2020 22:31:21, поток 1] В смс сервисе нет свободных номеров!
[16.05.2020 22:31:32, поток 1] Спарсили куки
[16.05.2020 22:31:32, поток 1] В смс сервисе нет свободных номеров!
[16.05.2020 22:31:42, поток 1] Спарсили куки
[16.05.2020 22:31:43, поток 1] В смс сервисе нет свободных номеров!
[16.05.2020 23:06:52, поток 1] Спарсили куки
[16.05.2020 23:06:52, поток 1] Взяли в сервисе номер - +13185457453, id: 261085202
[16.05.2020 23:08:04, поток 1] Спарсили куки
[16.05.2020 23:08:04, поток 1] Взяли в сервисе номер - +13185457503, id: 261085640
[16.05.2020 23:09:16, поток 1] Спарсили куки
[16.05.2020 23:09:16, поток 1] Взяли в сервисе номер - +13185457449, id: 261086051
[16.05.2020 23:10:27, поток 1] Спарсили куки
[16.05.2020 23:10:28, поток 1] Взяли в сервисе номер - +12605642186, id: 261086417
[16.05.2020 23:11:39, поток 1] Спарсили куки
[16.05.2020 23:11:40, поток 1] Взяли в сервисе номер - +18285375121, id: 261086837
[16.05.2020 23:12:51, поток 1] Спарсили куки
[16.05.2020 23:12:52, поток 1] Взяли в сервисе номер - +16627275418, id: 261087332
[16.05.2020 23:17:22, поток 1] Спарсили куки
[16.05.2020 23:17:22, поток 1] Взяли в сервисе номер - +16626852562, id: 261088931
[16.05.2020 23:18:33, поток 1] Спарсили куки
[16.05.2020 23:18:34, поток 1] Взяли в сервисе номер - +16626852580, id: 261089269
[16.05.2020 23:22:10, поток 1] Спарсили куки
[16.05.2020 23:22:11, поток 1] Взяли в сервисе номер - +12029815908, id: 261090585
[16.05.2020 23:25:44, поток 1] Спарсили куки
[16.05.2020 23:25:45, поток 1] Взяли в сервисе номер - +16627275418, id: 261091918
[16.05.2020 23:32:10, поток 1] Спарсили куки
[16.05.2020 23:32:10, поток 1] Взяли в сервисе номер - +6283188804524, id: 261094029
[16.05.2020 23:32:33, поток 1] Получили код  на номер +6283188804524, id: 261094029
[16.05.2020 23:32:38, поток 1] Ошибка при регистрации - Theresa689985_Baroni375:BWoRFl_QfZWKflHYEROb:185.86.151.217:8011:l3ntvv:NGJKov:Mozilla/5.0 (Windows NT 10.0; Win64; x64) AppleWebKit/537.36 (KHTML, like Gecko) Chrome/70.0.3538.77 Safari/537.36:Theresa689985Baroni71715@gmail.com:id-ID
[16.05.2020 23:32:38, поток 1] Приняли номер телефона.
