[25.07.2020 12:57:04, поток 4] Спарсили куки
[25.07.2020 12:57:05, поток 2] Спарсили куки
[25.07.2020 12:57:06, поток 3] Спарсили куки
[25.07.2020 12:57:06, поток 0] Спарсили куки
[25.07.2020 12:57:06, поток 1] Спарсили куки
[25.07.2020 12:57:08, поток 2] Найден! - konovalova50898_acma213
[25.07.2020 12:57:09, поток 1] Аккаунт не найден - anna569_margarita418
[25.07.2020 12:57:09, поток 4] Аккаунт не найден - amie506_severina803
[25.07.2020 12:57:10, поток 0] Аккаунт не найден - coral986_nigro851
[25.07.2020 12:57:11, поток 3] Аккаунт не найден - beatrice85908_muhsin363
[25.07.2020 12:57:22, поток 1] Спарсили куки
[25.07.2020 12:57:22, поток 4] Спарсили куки
[25.07.2020 12:57:23, поток 2] Спарсили куки
[25.07.2020 12:57:24, поток 3] Спарсили куки
[25.07.2020 12:57:25, поток 0] Спарсили куки
[25.07.2020 12:57:27, поток 4] Аккаунт не найден - mavis8059_lolita466
[25.07.2020 12:57:27, поток 0] Аккаунт не найден - loren95_vesta835
[25.07.2020 12:57:27, поток 2] Аккаунт не найден - marion885_amelia821
[25.07.2020 12:57:27, поток 3] Найден! - caroline59550_piccolo559
[25.07.2020 12:57:29, поток 1] Найден! - holly508_yanit113
[25.07.2020 12:57:39, поток 4] Спарсили куки
[25.07.2020 12:57:40, поток 3] Спарсили куки
[25.07.2020 12:57:40, поток 0] Спарсили куки
[25.07.2020 12:57:40, поток 2] Спарсили куки
[25.07.2020 12:57:41, поток 1] Спарсили куки
[25.07.2020 12:57:43, поток 4] Найден! - tabitha80665_frigerio954
[25.07.2020 12:57:43, поток 2] Аккаунт не найден - shavonne60698_preston395
[25.07.2020 12:57:43, поток 3] Найден! - eleanore95900_cocco531
[25.07.2020 12:57:45, поток 1] Аккаунт не найден - suzan809_ruggiero649
[25.07.2020 12:57:45, поток 0] Аккаунт не найден - darleen65050_laura257
[25.07.2020 12:57:55, поток 2] Спарсили куки
[25.07.2020 12:57:55, поток 3] Спарсили куки
[25.07.2020 12:57:58, поток 4] Спарсили куки
[25.07.2020 12:57:58, поток 1] Спарсили куки
[25.07.2020 12:57:58, поток 0] Спарсили куки
[25.07.2020 12:57:59, поток 3] Найден! - eugenia6065_capelli995
[25.07.2020 12:58:00, поток 2] Аккаунт не найден - danilova5689_aisylu142
[25.07.2020 12:58:01, поток 1] Аккаунт не найден - stella588_pepe959
[25.07.2020 12:58:03, поток 4] Аккаунт не найден - jewely6608_fortunato983
[25.07.2020 12:58:05, поток 0] Аккаунт не найден - cleopatra599_bevilacqua664
[25.07.2020 12:58:12, поток 3] Спарсили куки
[25.07.2020 12:58:12, поток 2] Спарсили куки
[25.07.2020 12:58:15, поток 3] Найден! - hester896_sole395
[25.07.2020 12:58:15, поток 1] Спарсили куки
[25.07.2020 12:58:17, поток 2] Аккаунт не найден - bertha809_gayane799
[25.07.2020 12:58:19, поток 4] Спарсили куки
[25.07.2020 12:58:19, поток 0] Спарсили куки
[25.07.2020 12:58:19, поток 1] Аккаунт не найден - zoe5_lucas341
[25.07.2020 12:58:22, поток 0] Аккаунт не найден - anne58069_gregory598
[25.07.2020 12:58:22, поток 4] Аккаунт не найден - letitia8956_agdal798
[25.07.2020 12:58:27, поток 3] Спарсили куки
[25.07.2020 12:58:29, поток 2] Спарсили куки
[25.07.2020 12:58:29, поток 3] Найден! - judithy65555_camara695
[25.07.2020 12:58:31, поток 1] Спарсили куки
[25.07.2020 12:58:32, поток 2] Аккаунт не найден - isabel555995_euphrasinia966
[25.07.2020 12:58:34, поток 1] Аккаунт не найден - antonia686_haynes256
[25.07.2020 12:58:34, поток 0] Спарсили куки
[25.07.2020 12:58:35, поток 4] Спарсили куки
[25.07.2020 12:58:37, поток 0] Аккаунт не найден - alexis98_righi957
[25.07.2020 12:58:39, поток 4] Найден! - amy99096_marchese143
[25.07.2020 12:58:47, поток 2] Спарсили куки
[25.07.2020 12:58:47, поток 1] Спарсили куки
[25.07.2020 12:58:49, поток 0] Спарсили куки
[25.07.2020 12:58:49, поток 2] Аккаунт не найден - suzan809_blair224
[25.07.2020 12:58:50, поток 3] Спарсили куки
[25.07.2020 12:58:50, поток 1] Найден! - augusta8008_bratislava971
[25.07.2020 12:58:52, поток 4] Спарсили куки
[25.07.2020 12:58:52, поток 0] Найден! - rosalind996_costantino485
[25.07.2020 12:58:52, поток 3] Найден! - sabrina6998956_klimentina223
[25.07.2020 12:58:54, поток 4] Аккаунт не найден - candace8056_good889
[25.07.2020 12:59:05, поток 1] Спарсили куки
[25.07.2020 12:59:05, поток 2] Спарсили куки
[25.07.2020 12:59:06, поток 0] Спарсили куки
[25.07.2020 12:59:06, поток 3] Спарсили куки
[25.07.2020 12:59:07, поток 4] Спарсили куки
[25.07.2020 12:59:08, поток 2] Аккаунт не найден - juliay9_maggio958
[25.07.2020 12:59:09, поток 1] Аккаунт не найден - agatha6965_tala175
[25.07.2020 12:59:11, поток 4] Найден! - konovalova50898_svyatoslav120
[25.07.2020 12:59:13, поток 3] Найден! - kudryavtseva55_daniel536
[25.07.2020 12:59:15, поток 0] Аккаунт не найден - andra9666_gagliardi619
[25.07.2020 12:59:22, поток 1] Спарсили куки
[25.07.2020 12:59:24, поток 4] Спарсили куки
[25.07.2020 12:59:26, поток 2] Спарсили куки
[25.07.2020 12:59:27, поток 4] Аккаунт не найден - blanche695_franceschini274
[25.07.2020 12:59:28, поток 3] Спарсили куки
[25.07.2020 12:59:29, поток 1] Аккаунт не найден - ryabov69068_oliva873
[25.07.2020 12:59:30, поток 2] Найден! - gerasimov50869_phelps261
[25.07.2020 12:59:32, поток 0] Спарсили куки
[25.07.2020 12:59:35, поток 0] Найден! - dora60_perry904
[25.07.2020 12:59:43, поток 4] Спарсили куки
[25.07.2020 12:59:43, поток 1] Спарсили куки
[25.07.2020 12:59:45, поток 2] Спарсили куки
[25.07.2020 12:59:45, поток 2] Аккаунт не найден - hollie6858_shafiya197
[25.07.2020 12:59:46, поток 1] Найден! - juliay9_hood502
[25.07.2020 12:59:46, поток 0] Спарсили куки
[25.07.2020 12:59:47, поток 0] Аккаунт не найден - stephany988_juliana804
[25.07.2020 12:59:49, поток 3] Аккаунт не найден - rebecca59855_sania474
[25.07.2020 12:59:50, поток 4] Найден! - lizbeth80_reeves394
[25.07.2020 12:59:56, поток 2] Спарсили куки
[25.07.2020 12:59:57, поток 1] Спарсили куки
[25.07.2020 12:59:57, поток 2] Аккаунт не найден - iris600808_stafford221
[25.07.2020 12:59:57, поток 1] Найден! - veronica86696609_santini826
[25.07.2020 12:59:58, поток 0] Спарсили куки
[25.07.2020 12:59:59, поток 0] Аккаунт не найден - helen5908_juliana244
[25.07.2020 13:00:01, поток 3] Спарсили куки
[25.07.2020 13:00:01, поток 4] Спарсили куки
[25.07.2020 13:00:02, поток 3] Аккаунт не найден - dora60_morandi668
[25.07.2020 13:00:02, поток 4] Аккаунт не найден - drusillay5580_aglaida880
[25.07.2020 13:00:08, поток 2] Спарсили куки
[25.07.2020 13:00:08, поток 1] Спарсили куки
[25.07.2020 13:00:09, поток 2] Аккаунт не найден - delilah9806_neri998
[25.07.2020 13:00:09, поток 1] Аккаунт не найден - marianna50659_scheid934
[25.07.2020 13:00:10, поток 0] Спарсили куки
[25.07.2020 13:00:11, поток 0] Найден! - sylvia809_johan731
[25.07.2020 13:00:13, поток 3] Спарсили куки
[25.07.2020 13:00:13, поток 4] Спарсили куки
[25.07.2020 13:00:14, поток 4] Аккаунт не найден - orlov5666_zlata767
[25.07.2020 13:00:14, поток 3] Найден! - lorin6_sharp883
[25.07.2020 13:00:20, поток 2] Спарсили куки
[25.07.2020 13:00:20, поток 1] Спарсили куки
[25.07.2020 13:00:20, поток 2] Аккаунт не найден - bridget9680_golden623
[25.07.2020 13:00:21, поток 1] Аккаунт не найден - holly508_grace871
[25.07.2020 13:00:22, поток 0] Спарсили куки
[25.07.2020 13:00:23, поток 0] Аккаунт не найден - sabrina6998956_rizzo422
[25.07.2020 13:00:25, поток 4] Спарсили куки
[25.07.2020 13:00:26, поток 3] Спарсили куки
[25.07.2020 13:00:26, поток 4] Найден! - margery9908_florida799
[25.07.2020 13:00:27, поток 3] Аккаунт не найден - jemima8508686_aurica319
[25.07.2020 13:00:32, поток 1] Спарсили куки
[25.07.2020 13:00:32, поток 2] Спарсили куки
[25.07.2020 13:00:33, поток 1] Аккаунт не найден - charlotte658668_severina743
[25.07.2020 13:00:33, поток 2] Аккаунт не найден - sibyl96665_shahada757
[25.07.2020 13:00:34, поток 0] Спарсили куки
[25.07.2020 13:00:35, поток 0] Аккаунт не найден - clara858_cavallaro543
[25.07.2020 13:00:37, поток 4] Спарсили куки
[25.07.2020 13:00:38, поток 3] Спарсили куки
[25.07.2020 13:00:38, поток 4] Аккаунт не найден - emmeline56969_fevronia818
[25.07.2020 13:00:38, поток 3] Найден! - kelley896_neri774
[25.07.2020 13:00:43, поток 1] Спарсили куки
[25.07.2020 13:00:44, поток 2] Спарсили куки
[25.07.2020 13:00:44, поток 1] Аккаунт не найден - dorofeeva956058_gradislava248
[25.07.2020 13:00:45, поток 2] Аккаунт не найден - gladys96_vinci192
[25.07.2020 13:00:45, поток 0] Спарсили куки
[25.07.2020 13:00:46, поток 0] Найден! - daniella588_battaglia722
[25.07.2020 13:00:49, поток 4] Спарсили куки
[25.07.2020 13:00:49, поток 3] Спарсили куки
[25.07.2020 13:00:50, поток 4] Аккаунт не найден - marjorie906_harris255
[25.07.2020 13:00:50, поток 3] Аккаунт не найден - lynette865_karim116
[25.07.2020 13:00:55, поток 1] Спарсили куки
[25.07.2020 13:00:56, поток 2] Спарсили куки
[25.07.2020 13:00:56, поток 1] Аккаунт не найден - brittney595006_aigul400
[25.07.2020 13:00:56, поток 2] Аккаунт не найден - christiana689_clemente110
[25.07.2020 13:00:57, поток 0] Спарсили куки
[25.07.2020 13:00:58, поток 0] Найден! - sharyl80665_irena351
[25.07.2020 13:01:00, поток 4] Спарсили куки
[25.07.2020 13:01:01, поток 3] Спарсили куки
[25.07.2020 13:01:01, поток 4] Аккаунт не найден - volkova9859_tonelli990
[25.07.2020 13:01:02, поток 3] Найден! - dana96800_simone298
[25.07.2020 13:01:07, поток 1] Спарсили куки
[25.07.2020 13:01:07, поток 2] Спарсили куки
[25.07.2020 13:01:08, поток 2] Аккаунт не найден - maryann888_sims971
[25.07.2020 13:01:08, поток 1] Аккаунт не найден - tsvetkova9895_lloyd148
[25.07.2020 13:01:09, поток 0] Спарсили куки
[25.07.2020 13:01:10, поток 0] Найден! - posy690695_vilada316
[25.07.2020 13:01:12, поток 4] Спарсили куки
[25.07.2020 13:01:13, поток 3] Спарсили куки
[25.07.2020 13:01:13, поток 4] Аккаунт не найден - kellie50_raviya384
[25.07.2020 13:01:14, поток 3] Аккаунт не найден - elinor568_tonelli566
[25.07.2020 13:01:19, поток 2] Спарсили куки
[25.07.2020 13:01:19, поток 1] Спарсили куки
[25.07.2020 13:01:20, поток 2] Аккаунт не найден - tamsyn58_valentino170
[25.07.2020 13:01:20, поток 1] Найден! - bernice680856_clementine985
[25.07.2020 13:01:20, поток 0] Спарсили куки
[25.07.2020 13:01:21, поток 0] Найден! - agatha6965_angelina861
[25.07.2020 13:01:24, поток 4] Спарсили куки
[25.07.2020 13:01:24, поток 3] Спарсили куки
[25.07.2020 13:01:25, поток 4] Аккаунт не найден - joella5696_osborne833
[25.07.2020 13:01:25, поток 3] Найден! - kory9688_fail696
[25.07.2020 13:01:30, поток 2] Спарсили куки
[25.07.2020 13:01:31, поток 1] Спарсили куки
[25.07.2020 13:01:31, поток 2] Найден! - darleen65050_bertini628
[25.07.2020 13:01:32, поток 1] Найден! - briana6056_mckenzie903
[25.07.2020 13:01:32, поток 0] Спарсили куки
[25.07.2020 13:01:33, поток 0] Найден! - madison8969_mirabella269
[25.07.2020 13:01:36, поток 4] Спарсили куки
[25.07.2020 13:01:36, поток 3] Спарсили куки
[25.07.2020 13:01:37, поток 4] Аккаунт не найден - melnikova505998_volpe848
[25.07.2020 13:01:38, поток 3] Аккаунт не найден - brenda9008_sadr944
[25.07.2020 13:01:42, поток 2] Спарсили куки
[25.07.2020 13:01:43, поток 1] Спарсили куки
[25.07.2020 13:01:43, поток 2] Аккаунт не найден - lee60880_inna929
[25.07.2020 13:01:43, поток 1] Найден! - ann86_hutchinson879
[25.07.2020 13:01:44, поток 0] Спарсили куки
[25.07.2020 13:01:45, поток 0] Найден! - lorena6058_alpheus436
[25.07.2020 13:01:47, поток 4] Спарсили куки
[25.07.2020 13:01:48, поток 4] Аккаунт не найден - brookey9888686_carbone119
[25.07.2020 13:01:48, поток 3] Спарсили куки
[25.07.2020 13:01:49, поток 3] Аккаунт не найден - sibyl96665_amanda558
[25.07.2020 13:01:54, поток 2] Спарсили куки
[25.07.2020 13:01:55, поток 1] Спарсили куки
[25.07.2020 13:01:57, поток 2] Найден! - christine69956608_benedetti654
[25.07.2020 13:01:59, поток 1] Найден! - blanche695_gallagher496
[25.07.2020 13:01:59, поток 0] Спарсили куки
[25.07.2020 13:02:00, поток 4] Спарсили куки
[25.07.2020 13:02:00, поток 3] Спарсили куки
[25.07.2020 13:02:00, поток 0] Аккаунт не найден - nancy95650_granislava546
[25.07.2020 13:02:01, поток 4] Аккаунт не найден - gladys96_leonardi923
[25.07.2020 13:02:01, поток 3] Аккаунт не найден - frolova9085_nadir881
[25.07.2020 13:02:11, поток 2] Спарсили куки
[25.07.2020 13:02:12, поток 1] Спарсили куки
[25.07.2020 13:02:13, поток 0] Спарсили куки
[25.07.2020 13:02:14, поток 2] Найден! - margery9908_aref242
[25.07.2020 13:02:14, поток 3] Спарсили куки
[25.07.2020 13:02:14, поток 4] Спарсили куки
[25.07.2020 13:02:16, поток 1] Найден! - lazarev660_yuliya847
[25.07.2020 13:02:16, поток 0] Аккаунт не найден - merryl996965_corsini610
[25.07.2020 13:02:16, поток 3] Аккаунт не найден - brenda9008_newton967
[25.07.2020 13:02:19, поток 4] Аккаунт не найден - donna8656_nora442
[25.07.2020 13:02:27, поток 2] Спарсили куки
[25.07.2020 13:02:29, поток 3] Спарсили куки
[25.07.2020 13:02:29, поток 1] Спарсили куки
[25.07.2020 13:02:30, поток 2] Аккаунт не найден - avice998055_mosca389
[25.07.2020 13:02:30, поток 0] Спарсили куки
[25.07.2020 13:02:32, поток 3] Аккаунт не найден - morgan89_viviani984
[25.07.2020 13:02:32, поток 4] Спарсили куки
[25.07.2020 13:02:32, поток 1] Аккаунт не найден - adela90_vanni308
[25.07.2020 13:02:32, поток 0] Аккаунт не найден - kulikova55_gori434
[25.07.2020 13:02:34, поток 4] Найден! - stephanie959_florida692
[25.07.2020 13:02:42, поток 2] Спарсили куки
[25.07.2020 13:02:44, поток 3] Спарсили куки
[25.07.2020 13:02:45, поток 0] Спарсили куки
[25.07.2020 13:02:45, поток 2] Найден! - laurel88_azarov755
[25.07.2020 13:02:45, поток 1] Спарсили куки
[25.07.2020 13:02:46, поток 4] Спарсили куки
[25.07.2020 13:02:46, поток 3] Аккаунт не найден - loraine80589_ceccarelli620
[25.07.2020 13:02:46, поток 0] Найден! - dortha8895_marfa204
[25.07.2020 13:02:46, поток 1] Аккаунт не найден - meryl609_agrippina446
[25.07.2020 13:02:48, поток 4] Аккаунт не найден - delphia980_pierce774
[25.07.2020 13:02:57, поток 2] Спарсили куки
[25.07.2020 13:02:58, поток 0] Спарсили куки
[25.07.2020 13:02:58, поток 3] Спарсили куки
[25.07.2020 13:02:59, поток 1] Спарсили куки
[25.07.2020 13:03:00, поток 2] Аккаунт не найден - poppy696_montanari234
[25.07.2020 13:03:01, поток 4] Спарсили куки
[25.07.2020 13:03:02, поток 3] Аккаунт не найден - jodie99506_inga897
[25.07.2020 13:03:02, поток 0] Аккаунт не найден - bertina898_alice450
[25.07.2020 13:03:03, поток 1] Аккаунт не найден - isabel555995_romagnoli883
[25.07.2020 13:03:04, поток 4] Аккаунт не найден - melanie586_owen894
[25.07.2020 13:03:13, поток 2] Спарсили куки
[25.07.2020 13:03:16, поток 0] Спарсили куки
[25.07.2020 13:03:17, поток 2] Аккаунт не найден - imogene9059_palmieri561
[25.07.2020 13:03:18, поток 1] Спарсили куки
[25.07.2020 13:03:19, поток 4] Спарсили куки
[25.07.2020 13:03:20, поток 1] Аккаунт не найден - lynn55_sungatov971
[25.07.2020 13:03:21, поток 3] Спарсили куки
[25.07.2020 13:03:23, поток 0] Аккаунт не найден - alexandrov9958_susanna558
[25.07.2020 13:03:24, поток 3] Аккаунт не найден - easter8585_rumia425
[25.07.2020 13:03:26, поток 4] Найден! - annabelle800609_rocchi224
[25.07.2020 13:03:30, поток 2] Спарсили куки
[25.07.2020 13:03:33, поток 1] Спарсили куки
[25.07.2020 13:03:34, поток 2] Аккаунт не найден - jemimah60096_pierce588
[25.07.2020 13:03:36, поток 1] Аккаунт не найден - lillian598_poletti315
[25.07.2020 13:03:36, поток 0] Спарсили куки
[25.07.2020 13:03:39, поток 3] Спарсили куки
[25.07.2020 13:03:39, поток 0] Аккаунт не найден - juliety6055_booth382
[25.07.2020 13:03:40, поток 4] Спарсили куки
[25.07.2020 13:03:42, поток 4] Найден! - dortha8895_lambert916
[25.07.2020 13:03:43, поток 3] Аккаунт не найден - alexina880_rizzo317
[25.07.2020 13:03:46, поток 2] Спарсили куки
[25.07.2020 13:03:48, поток 1] Спарсили куки
[25.07.2020 13:03:50, поток 2] Найден! - suzan809_yuventa814
[25.07.2020 13:03:51, поток 1] Аккаунт не найден - kimberly56909_black725
[25.07.2020 13:03:51, поток 0] Спарсили куки
[25.07.2020 13:03:55, поток 4] Спарсили куки
[25.07.2020 13:03:55, поток 0] Аккаунт не найден - harriet565_walid812
[25.07.2020 13:03:56, поток 3] Спарсили куки
[25.07.2020 13:03:56, поток 4] Аккаунт не найден - hollie6858_isabel440
[25.07.2020 13:03:58, поток 3] Аккаунт не найден - janice69_ruth976
[25.07.2020 13:04:01, поток 2] Спарсили куки
[25.07.2020 13:04:02, поток 1] Спарсили куки
[25.07.2020 13:04:03, поток 2] Аккаунт не найден - kellie50_zahina415
[25.07.2020 13:04:05, поток 1] Аккаунт не найден - ariel5_rouse920
[25.07.2020 13:04:06, поток 0] Спарсили куки
[25.07.2020 13:04:08, поток 0] Аккаунт не найден - marian5598588_bonfanti390
[25.07.2020 13:04:08, поток 4] Спарсили куки
[25.07.2020 13:04:10, поток 3] Спарсили куки
[25.07.2020 13:04:10, поток 4] Аккаунт не найден - marcia50095_miller868
[25.07.2020 13:04:11, поток 3] Аккаунт не найден - egorova558_willis420
[25.07.2020 13:04:14, поток 2] Спарсили куки
[25.07.2020 13:04:15, поток 2] Аккаунт не найден - kellie50_cornelia505
[25.07.2020 13:04:16, поток 1] Спарсили куки
[25.07.2020 13:04:17, поток 1] Аккаунт не найден - adelia8_mills361
[25.07.2020 13:04:19, поток 0] Спарсили куки
[25.07.2020 13:04:21, поток 4] Спарсили куки
[25.07.2020 13:04:22, поток 0] Аккаунт не найден - deirdre9008_dora388
[25.07.2020 13:04:23, поток 3] Спарсили куки
[25.07.2020 13:04:24, поток 4] Аккаунт не найден - kuzmina6658_townsend563
[25.07.2020 13:04:25, поток 3] Найден! - nancy95650_phillips111
[25.07.2020 13:04:26, поток 2] Спарсили куки
[25.07.2020 13:04:28, поток 2] Найден! - jane69_valeria549
[25.07.2020 13:04:29, поток 1] Спарсили куки
[25.07.2020 13:04:30, поток 1] Аккаунт не найден - myrtle568_atkinson343
[25.07.2020 13:04:34, поток 0] Спарсили куки
[25.07.2020 13:04:36, поток 4] Спарсили куки
[25.07.2020 13:04:36, поток 0] Найден! - nora60895_blasi378
[25.07.2020 13:04:37, поток 3] Спарсили куки
[25.07.2020 13:04:37, поток 4] Найден! - amber60_castelli688
[25.07.2020 13:04:38, поток 3] Аккаунт не найден - lucinda5098_mattioli697
[25.07.2020 13:04:39, поток 2] Спарсили куки
[25.07.2020 13:04:40, поток 2] Аккаунт не найден - regina9959_walton563
[25.07.2020 13:04:42, поток 1] Спарсили куки
[25.07.2020 13:04:44, поток 1] Найден! - cornelia590956_manca370
[25.07.2020 13:04:47, поток 0] Спарсили куки
[25.07.2020 13:04:48, поток 0] Аккаунт не найден - valerie68566_hunter241
[25.07.2020 13:04:48, поток 4] Спарсили куки
[25.07.2020 13:04:49, поток 3] Спарсили куки
[25.07.2020 13:04:49, поток 4] Найден! - tabitha80665_wilkerson346
[25.07.2020 13:04:50, поток 3] Аккаунт не найден - madeleine5956_ferguson835
[25.07.2020 13:04:51, поток 2] Спарсили куки
[25.07.2020 13:04:52, поток 2] Аккаунт не найден - vanessa88506_ferro176
[25.07.2020 13:04:55, поток 1] Спарсили куки
[25.07.2020 13:04:56, поток 1] Найден! - erica95098_harrison413
[25.07.2020 13:04:59, поток 0] Спарсили куки
[25.07.2020 13:04:59, поток 0] Аккаунт не найден - komarova5990_kadir627
[25.07.2020 13:05:00, поток 4] Спарсили куки
[25.07.2020 13:05:01, поток 3] Спарсили куки
[25.07.2020 13:05:01, поток 4] Аккаунт не найден - ellen66966_valli426
[25.07.2020 13:05:01, поток 3] Аккаунт не найден - octavia8905_hilda957
[25.07.2020 13:05:03, поток 2] Спарсили куки
[25.07.2020 13:05:04, поток 2] Аккаунт не найден - ryabov69068_bertolini385
[25.07.2020 13:05:06, поток 1] Спарсили куки
[25.07.2020 13:05:08, поток 1] Найден! - angelina96859_esmeralda895
[25.07.2020 13:05:11, поток 0] Спарсили куки
[25.07.2020 13:05:12, поток 0] Аккаунт не найден - andra9666_helium490
[25.07.2020 13:05:12, поток 4] Спарсили куки
[25.07.2020 13:05:12, поток 3] Спарсили куки
[25.07.2020 13:05:13, поток 4] Аккаунт не найден - annabelle800609_scott545
[25.07.2020 13:05:13, поток 3] Аккаунт не найден - makarova969996_felice271
[25.07.2020 13:05:15, поток 2] Спарсили куки
[25.07.2020 13:05:16, поток 2] Аккаунт не найден - janice69_zainulla531
[25.07.2020 13:05:18, поток 1] Спарсили куки
[25.07.2020 13:05:19, поток 1] Аккаунт не найден - doreen655_lucretius104
[25.07.2020 13:05:23, поток 0] Спарсили куки
[25.07.2020 13:05:25, поток 4] Спарсили куки
[25.07.2020 13:05:25, поток 3] Спарсили куки
[25.07.2020 13:05:25, поток 0] Аккаунт не найден - caren65695_zamfir679
[25.07.2020 13:05:26, поток 4] Аккаунт не найден - laurel88_magnani552
[25.07.2020 13:05:26, поток 3] Аккаунт не найден - sheena5985_miele750
[25.07.2020 13:05:27, поток 2] Спарсили куки
[25.07.2020 13:05:28, поток 2] Аккаунт не найден - tiffany9809_young658
[25.07.2020 13:05:30, поток 1] Спарсили куки
[25.07.2020 13:05:31, поток 1] Аккаунт не найден - chrystal986_ruggiero777
[25.07.2020 13:05:36, поток 0] Спарсили куки
[25.07.2020 13:05:36, поток 4] Спарсили куки
[25.07.2020 13:05:36, поток 3] Спарсили куки
[25.07.2020 13:05:37, поток 0] Аккаунт не найден - juliey8898_durante691
[25.07.2020 13:05:37, поток 4] Аккаунт не найден - ivanova85666_natali370
[25.07.2020 13:05:37, поток 3] Аккаунт не найден - marsha806965_magdalene618
[25.07.2020 13:05:40, поток 2] Спарсили куки
[25.07.2020 13:05:41, поток 2] Найден! - alison8665_rachel944
[25.07.2020 13:05:42, поток 1] Спарсили куки
[25.07.2020 13:05:44, поток 1] Аккаунт не найден - della0_sevilla873
[25.07.2020 13:05:48, поток 0] Спарсили куки
[25.07.2020 13:05:49, поток 3] Спарсили куки
[25.07.2020 13:05:50, поток 4] Спарсили куки
[25.07.2020 13:05:52, поток 0] Аккаунт не найден - sharyl80665_zahra898
[25.07.2020 13:05:52, поток 3] Аккаунт не найден - jessica59_ruzi737
[25.07.2020 13:05:53, поток 4] Найден! - linda609_agafya188
[25.07.2020 13:05:53, поток 2] Спарсили куки
[25.07.2020 13:05:55, поток 2] Аккаунт не найден - cordelia88_powers196
[25.07.2020 13:05:56, поток 1] Спарсили куки
[25.07.2020 13:05:58, поток 1] Найден! - gromova9880_viola334
[25.07.2020 13:06:04, поток 0] Спарсили куки
[25.07.2020 13:06:05, поток 3] Спарсили куки
[25.07.2020 13:06:06, поток 0] Найден! - fedotov555650_umid917
[25.07.2020 13:06:07, поток 3] Аккаунт не найден - lillian598_lubomir440
[25.07.2020 13:06:08, поток 2] Спарсили куки
[25.07.2020 13:06:08, поток 4] Спарсили куки
[25.07.2020 13:06:09, поток 2] Аккаунт не найден - blanche695_olympics783
[25.07.2020 13:06:10, поток 4] Аккаунт не найден - magdalene6096_gentili224
[25.07.2020 13:06:10, поток 1] Спарсили куки
[25.07.2020 13:06:11, поток 1] Аккаунт не найден - letitia8956_anfisa824
[25.07.2020 13:06:18, поток 0] Спарсили куки
[25.07.2020 13:06:18, поток 3] Спарсили куки
[25.07.2020 13:06:18, поток 0] Аккаунт не найден - lynn55_moore543
[25.07.2020 13:06:19, поток 3] Аккаунт не найден - imogen85995_parker307
[25.07.2020 13:06:21, поток 2] Спарсили куки
[25.07.2020 13:06:21, поток 4] Спарсили куки
[25.07.2020 13:06:22, поток 2] Аккаунт не найден - colleen5899_conley687
[25.07.2020 13:06:22, поток 1] Спарсили куки
[25.07.2020 13:06:23, поток 4] Аккаунт не найден - annabel5890599_iphigenia612
[25.07.2020 13:06:25, поток 1] Аккаунт не найден - ilene898_roberti149
[25.07.2020 13:06:31, поток 0] Спарсили куки
[25.07.2020 13:06:32, поток 3] Спарсили куки
[25.07.2020 13:06:34, поток 3] Найден! - petrova50_simone321
[25.07.2020 13:06:34, поток 0] Найден! - lebedev605609_higgins511
[25.07.2020 13:06:34, поток 2] Спарсили куки
[25.07.2020 13:06:35, поток 4] Спарсили куки
[25.07.2020 13:06:36, поток 2] Аккаунт не найден - sidorova9550_bartoli530
[25.07.2020 13:06:36, поток 1] Спарсили куки
[25.07.2020 13:06:37, поток 4] Аккаунт не найден - davydova695956_nargiza406
[25.07.2020 13:06:39, поток 1] Аккаунт не найден - opal6058_gloria965
[25.07.2020 13:06:45, поток 3] Спарсили куки
[25.07.2020 13:06:45, поток 0] Спарсили куки
[25.07.2020 13:06:46, поток 3] Найден! - briana6056_napolitano330
[25.07.2020 13:06:47, поток 0] Аккаунт не найден - betty6590_franklin992
[25.07.2020 13:06:47, поток 2] Спарсили куки
[25.07.2020 13:06:48, поток 4] Спарсили куки
[25.07.2020 13:06:49, поток 2] Аккаунт не найден - helena9_ferrara229
[25.07.2020 13:06:49, поток 4] Аккаунт не найден - alicia609_miller566
[25.07.2020 13:06:50, поток 1] Спарсили куки
[25.07.2020 13:06:51, поток 1] Аккаунт не найден - deborah6068889_ilnur459
[25.07.2020 13:06:58, поток 3] Спарсили куки
[25.07.2020 13:06:59, поток 0] Спарсили куки
[25.07.2020 13:07:01, поток 3] Найден! - millicent688069_edna905
[25.07.2020 13:07:01, поток 2] Спарсили куки
[25.07.2020 13:07:01, поток 0] Аккаунт не найден - margaret5660_neal766
[25.07.2020 13:07:01, поток 4] Спарсили куки
[25.07.2020 13:07:02, поток 1] Спарсили куки
[25.07.2020 13:07:02, поток 4] Найден! - tarasova688065_kelley389
[25.07.2020 13:07:03, поток 2] Аккаунт не найден - jewely6608_owens804
[25.07.2020 13:07:03, поток 1] Аккаунт не найден - arabella68569_inga383
[25.07.2020 13:07:12, поток 3] Спарсили куки
[25.07.2020 13:07:12, поток 0] Спарсили куки
[25.07.2020 13:07:13, поток 3] Аккаунт не найден - eugenia6065_waters266
[25.07.2020 13:07:14, поток 0] Найден! - marilyn5_bika146
[25.07.2020 13:07:15, поток 2] Спарсили куки
[25.07.2020 13:07:15, поток 1] Спарсили куки
[25.07.2020 13:07:15, поток 4] Спарсили куки
[25.07.2020 13:07:16, поток 2] Аккаунт не найден - chrystal986_bernasconi848
[25.07.2020 13:07:17, поток 4] Аккаунт не найден - lora9069_manfredi598
[25.07.2020 13:07:18, поток 1] Аккаунт не найден - lindsey9660_kennedy902
[25.07.2020 13:07:25, поток 3] Спарсили куки
[25.07.2020 13:07:26, поток 0] Спарсили куки
[25.07.2020 13:07:27, поток 3] Найден! - agnes55559_giannini421
[25.07.2020 13:07:28, поток 0] Найден! - bathsheba868_carmen796
[25.07.2020 13:07:28, поток 2] Спарсили куки
[25.07.2020 13:07:29, поток 4] Спарсили куки
[25.07.2020 13:07:29, поток 1] Спарсили куки
[25.07.2020 13:07:30, поток 2] Аккаунт не найден - kory9688_harvey323
[25.07.2020 13:07:31, поток 4] Аккаунт не найден - tracey55_martino223
[25.07.2020 13:07:33, поток 1] Аккаунт не найден - dortha8895_salvi529
[25.07.2020 13:07:38, поток 3] Спарсили куки
[25.07.2020 13:07:39, поток 0] Спарсили куки
[25.07.2020 13:07:40, поток 3] Найден! - penelopey550666_nadir914
[25.07.2020 13:07:41, поток 0] Аккаунт не найден - amice60869_booker942
[25.07.2020 13:07:43, поток 2] Спарсили куки
[25.07.2020 13:07:44, поток 4] Спарсили куки
[25.07.2020 13:07:46, поток 1] Спарсили куки
[25.07.2020 13:07:47, поток 2] Аккаунт не найден - monica69980_costantini517
[25.07.2020 13:07:48, поток 1] Аккаунт не найден - arlene660_norton320
[25.07.2020 13:07:48, поток 4] Аккаунт не найден - victoria8_salih718
[25.07.2020 13:07:52, поток 3] Спарсили куки
[25.07.2020 13:07:54, поток 0] Спарсили куки
[25.07.2020 13:07:54, поток 3] Аккаунт не найден - erica95098_salia390
[25.07.2020 13:07:56, поток 0] Аккаунт не найден - lynn55_stafford718
[25.07.2020 13:07:59, поток 2] Спарсили куки
[25.07.2020 13:08:00, поток 1] Спарсили куки
[25.07.2020 13:08:00, поток 4] Спарсили куки
[25.07.2020 13:08:00, поток 2] Аккаунт не найден - adele898_durante423
[25.07.2020 13:08:04, поток 4] Аккаунт не найден - marlene505_mccoy234
[25.07.2020 13:08:07, поток 1] Аккаунт не найден - marylouy95085_ophelia574
[25.07.2020 13:08:09, поток 3] Спарсили куки
[25.07.2020 13:08:09, поток 0] Спарсили куки
[25.07.2020 13:08:14, поток 3] Найден! - bolshakova69558_sole282
[25.07.2020 13:08:15, поток 2] Спарсили куки
[25.07.2020 13:08:17, поток 0] Аккаунт не найден - komarova5990_calabrese367
[25.07.2020 13:08:18, поток 4] Спарсили куки
[25.07.2020 13:08:24, поток 2] Аккаунт не найден - annice_alan194
[25.07.2020 13:08:24, поток 4] Аккаунт не найден - petukhova595688_radosvet759
[25.07.2020 13:08:33, поток 3] Спарсили куки
[25.07.2020 13:08:33, поток 1] Спарсили куки
[25.07.2020 13:08:39, поток 4] Спарсили куки
[25.07.2020 13:08:39, поток 3] Найден! - katherine6590_hydrangea852
[25.07.2020 13:08:43, поток 2] Спарсили куки
[25.07.2020 13:08:43, поток 0] Спарсили куки
[25.07.2020 13:08:44, поток 4] Аккаунт не найден - nora60895_galateya571
[25.07.2020 13:08:46, поток 0] Аккаунт не найден - alberta86_danaya767
[25.07.2020 13:08:47, поток 1] Аккаунт не найден - shannon699_valeria797
[25.07.2020 13:08:50, поток 2] Аккаунт не найден - paulina50_lime337
[25.07.2020 13:08:57, поток 3] Спарсили куки
[25.07.2020 13:08:57, поток 4] Спарсили куки
[25.07.2020 13:09:00, поток 3] Аккаунт не найден - zakharova589_magnani864
[25.07.2020 13:09:00, поток 0] Спарсили куки
[25.07.2020 13:09:01, поток 4] Аккаунт не найден - megan55690_archelaus224
[25.07.2020 13:09:01, поток 1] Спарсили куки
[25.07.2020 13:09:03, поток 0] Аккаунт не найден - barbara565_rogneda847
[25.07.2020 13:09:03, поток 2] Спарсили куки
[25.07.2020 13:09:04, поток 1] Найден! - leona89905_perry947
[25.07.2020 13:09:06, поток 2] Аккаунт не найден - anabel888_pandora883
[25.07.2020 13:09:14, поток 4] Спарсили куки
[25.07.2020 13:09:14, поток 3] Спарсили куки
[25.07.2020 13:09:16, поток 1] Спарсили куки
[25.07.2020 13:09:16, поток 0] Спарсили куки
[25.07.2020 13:09:17, поток 4] Аккаунт не найден - beverley668_ferrario664
[25.07.2020 13:09:17, поток 3] Аккаунт не найден - sherilyn695_waters422
[25.07.2020 13:09:17, поток 2] Спарсили куки
[25.07.2020 13:09:18, поток 1] Аккаунт не найден - juliety6055_elena234
[25.07.2020 13:09:18, поток 0] Аккаунт не найден - kazakova569_hava904
[25.07.2020 13:09:19, поток 2] Аккаунт не найден - myrtle568_elisa314
[25.07.2020 13:09:30, поток 3] Спарсили куки
[25.07.2020 13:09:32, поток 2] Спарсили куки
[25.07.2020 13:09:32, поток 4] Спарсили куки
[25.07.2020 13:09:34, поток 0] Спарсили куки
[25.07.2020 13:09:34, поток 1] Спарсили куки
[25.07.2020 13:09:34, поток 3] Найден! - bertha809_galimov497
[25.07.2020 13:09:35, поток 2] Аккаунт не найден - janice69_vojislav120
[25.07.2020 13:09:35, поток 4] Аккаунт не найден - hilda8655_napolitano830
[25.07.2020 13:09:37, поток 0] Аккаунт не найден - jocelin5858_gylfi135
[25.07.2020 13:09:37, поток 1] Аккаунт не найден - loraine80589_grassi624
[25.07.2020 13:09:47, поток 3] Спарсили куки
[25.07.2020 13:09:47, поток 2] Спарсили куки
[25.07.2020 13:09:48, поток 4] Спарсили куки
[25.07.2020 13:09:49, поток 1] Спарсили куки
[25.07.2020 13:09:50, поток 2] Аккаунт не найден - marjorie906_emerald644
[25.07.2020 13:09:50, поток 4] Найден! - shana598_mavlyuda813
[25.07.2020 13:09:51, поток 3] Найден! - sidorova9550_bertini612
[25.07.2020 13:09:51, поток 0] Спарсили куки
[25.07.2020 13:09:54, поток 0] Аккаунт не найден - elizabeth96_aurora808
[25.07.2020 13:10:00, поток 1] Аккаунт не найден - zhuravlev906859_hydrangea950
[25.07.2020 13:10:02, поток 2] Спарсили куки
[25.07.2020 13:10:03, поток 3] Спарсили куки
[25.07.2020 13:10:03, поток 4] Спарсили куки
[25.07.2020 13:10:04, поток 2] Аккаунт не найден - imogen85995_domenico967
[25.07.2020 13:10:05, поток 4] Аккаунт не найден - anna569_tala762
[25.07.2020 13:10:05, поток 3] Найден! - dayna0_shakira506
[25.07.2020 13:10:07, поток 0] Спарсили куки
[25.07.2020 13:10:09, поток 0] Найден! - cordelia88_antonida786
[25.07.2020 13:10:11, поток 1] Спарсили куки
[25.07.2020 13:10:12, поток 1] Аккаунт не найден - smirnova585_rusal330
[25.07.2020 13:10:15, поток 2] Спарсили куки
[25.07.2020 13:10:16, поток 4] Спарсили куки
[25.07.2020 13:10:16, поток 2] Найден! - grace95506_grasso932
[25.07.2020 13:10:17, поток 4] Аккаунт не найден - tsvetkova9895_conley888
[25.07.2020 13:10:20, поток 0] Спарсили куки
[25.07.2020 13:10:20, поток 3] Спарсили куки
[25.07.2020 13:10:21, поток 0] Аккаунт не найден - loreen986_wood529
[25.07.2020 13:10:21, поток 3] Аккаунт не найден - april585086_crippa119
[25.07.2020 13:10:23, поток 1] Спарсили куки
[25.07.2020 13:10:26, поток 1] Аккаунт не найден - sophie8568_mirabella799
[25.07.2020 13:10:27, поток 2] Спарсили куки
[25.07.2020 13:10:28, поток 4] Спарсили куки
[25.07.2020 13:10:28, поток 2] Найден! - vanessa88506_hilda465
[25.07.2020 13:10:29, поток 4] Аккаунт не найден - sarah5608_west114
[25.07.2020 13:10:32, поток 3] Спарсили куки
[25.07.2020 13:10:32, поток 0] Спарсили куки
[25.07.2020 13:10:33, поток 3] Аккаунт не найден - beverly9506_silvestri423
[25.07.2020 13:10:33, поток 0] Аккаунт не найден - semenova96_khamis338
[25.07.2020 13:10:37, поток 1] Спарсили куки
[25.07.2020 13:10:38, поток 1] Аккаунт не найден - felicia506900_dicarlo229
[25.07.2020 13:10:39, поток 2] Спарсили куки
[25.07.2020 13:10:40, поток 2] Аккаунт не найден - zakharova589_yasir894
[25.07.2020 13:10:40, поток 4] Спарсили куки
[25.07.2020 13:10:41, поток 4] Аккаунт не найден - laurel88_salvatori239
[25.07.2020 13:10:44, поток 3] Спарсили куки
[25.07.2020 13:10:44, поток 0] Спарсили куки
[25.07.2020 13:10:45, поток 3] Найден! - yershov8885_gertrude994
[25.07.2020 13:10:49, поток 1] Спарсили куки
[25.07.2020 13:10:50, поток 1] Аккаунт не найден - brenda9008_gasparini119
[25.07.2020 13:10:52, поток 2] Спарсили куки
[25.07.2020 13:10:52, поток 0] Аккаунт не найден - zakharova589_aurora121
[25.07.2020 13:10:53, поток 4] Спарсили куки
[25.07.2020 13:10:53, поток 2] Аккаунт не найден - merilyn5565_costanzo367
[25.07.2020 13:10:53, поток 4] Аккаунт не найден - komarova5990_bernardini815
[25.07.2020 13:10:57, поток 3] Спарсили куки
[25.07.2020 13:10:58, поток 3] Аккаунт не найден - brenda9008_melissa540
[25.07.2020 13:11:01, поток 1] Спарсили куки
[25.07.2020 13:11:02, поток 1] Аккаунт не найден - caren65695_zakir515
[25.07.2020 13:11:03, поток 0] Спарсили куки
[25.07.2020 13:11:04, поток 0] Аккаунт не найден - maximova6099_mariotti817
[25.07.2020 13:11:04, поток 2] Спарсили куки
[25.07.2020 13:11:04, поток 4] Спарсили куки
[25.07.2020 13:11:05, поток 2] Найден! - merryl996965_curtis642
[25.07.2020 13:11:05, поток 4] Аккаунт не найден - ivanova85666_good208
[25.07.2020 13:11:09, поток 3] Спарсили куки
[25.07.2020 13:11:10, поток 3] Найден! - dorcas9866_lee405
[25.07.2020 13:11:13, поток 1] Спарсили куки
[25.07.2020 13:11:14, поток 1] Аккаунт не найден - patience656_pelageya399
[25.07.2020 13:11:15, поток 0] Спарсили куки
[25.07.2020 13:11:15, поток 0] Найден! - meryl609_norton430
[25.07.2020 13:11:16, поток 2] Спарсили куки
[25.07.2020 13:11:16, поток 4] Спарсили куки
[25.07.2020 13:11:17, поток 2] Аккаунт не найден - philippa9_laura743
[25.07.2020 13:11:18, поток 4] Аккаунт не найден - marcia50095_morgan280
[25.07.2020 13:11:21, поток 3] Спарсили куки
[25.07.2020 13:11:22, поток 3] Аккаунт не найден - pavlova90_quaranta995
[25.07.2020 13:11:25, поток 1] Спарсили куки
[25.07.2020 13:11:26, поток 1] Найден! - ann86_fail961
[25.07.2020 13:11:26, поток 0] Спарсили куки
[25.07.2020 13:11:27, поток 0] Аккаунт не найден - letitia8956_blake448
[25.07.2020 13:11:28, поток 2] Спарсили куки
[25.07.2020 13:11:29, поток 4] Спарсили куки
[25.07.2020 13:11:29, поток 2] Найден! - gwenda5656_lubomir877
[25.07.2020 13:11:30, поток 4] Аккаунт не найден - marion885_bassi638
[25.07.2020 13:11:32, поток 3] Спарсили куки
[25.07.2020 13:11:33, поток 3] Аккаунт не найден - delilah9806_leonardi574
[25.07.2020 13:11:37, поток 1] Спарсили куки
[25.07.2020 13:11:37, поток 1] Аккаунт не найден - belousov806_perrone787
[25.07.2020 13:11:38, поток 0] Спарсили куки
[25.07.2020 13:11:39, поток 0] Найден! - candace8056_johnson906
[25.07.2020 13:11:40, поток 2] Спарсили куки
[25.07.2020 13:11:41, поток 2] Аккаунт не найден - christal6650_lolly497
[25.07.2020 13:11:41, поток 4] Спарсили куки
[25.07.2020 13:11:42, поток 4] Аккаунт не найден - ellen66966_stone555
[25.07.2020 13:11:44, поток 3] Спарсили куки
[25.07.2020 13:11:45, поток 3] Найден! - medvedev86_watkins812
[25.07.2020 13:11:48, поток 1] Спарсили куки
[25.07.2020 13:11:49, поток 1] Аккаунт не найден - belousov806_york484
[25.07.2020 13:11:49, поток 0] Спарсили куки
[25.07.2020 13:11:50, поток 0] Найден! - clemence5586_murgia738
[25.07.2020 13:11:51, поток 2] Спарсили куки
[25.07.2020 13:11:52, поток 2] Аккаунт не найден - mildred866_giordani884
[25.07.2020 13:11:53, поток 4] Спарсили куки
[25.07.2020 13:11:54, поток 4] Аккаунт не найден - hollie6858_grace713
[25.07.2020 13:11:56, поток 3] Спарсили куки
[25.07.2020 13:11:57, поток 3] Аккаунт не найден - kristin99_yamin331
[25.07.2020 13:12:00, поток 1] Спарсили куки
[25.07.2020 13:12:01, поток 1] Аккаунт не найден - jasmine9550_camellia971
[25.07.2020 13:12:01, поток 0] Спарсили куки
[25.07.2020 13:12:02, поток 0] Аккаунт не найден - aubrey9905_maxwell234
[25.07.2020 13:12:03, поток 2] Спарсили куки
[25.07.2020 13:12:05, поток 4] Спарсили куки
[25.07.2020 13:12:05, поток 2] Аккаунт не найден - anis9_bonelli150
[25.07.2020 13:12:06, поток 4] Аккаунт не найден - bethany6088_deluca663
[25.07.2020 13:12:07, поток 3] Спарсили куки
[25.07.2020 13:12:08, поток 3] Аккаунт не найден - phebe9650_valeria874
[25.07.2020 13:12:12, поток 1] Спарсили куки
[25.07.2020 13:12:12, поток 1] Аккаунт не найден - gloria559_patti837
[25.07.2020 13:12:13, поток 0] Спарсили куки
[25.07.2020 13:12:14, поток 0] Аккаунт не найден - shona9_mitchell516
[25.07.2020 13:12:17, поток 2] Спарсили куки
[25.07.2020 13:12:17, поток 4] Спарсили куки
[25.07.2020 13:12:18, поток 2] Аккаунт не найден - kerrie8555_lutfullo261
[25.07.2020 13:12:18, поток 4] Аккаунт не найден - kuznetsova9_raffia696
[25.07.2020 13:12:19, поток 3] Спарсили куки
[25.07.2020 13:12:20, поток 3] Аккаунт не найден - volkova9859_vitalina373
[25.07.2020 13:12:25, поток 1] Спарсили куки
[25.07.2020 13:12:26, поток 0] Спарсили куки
[25.07.2020 13:12:27, поток 1] Аккаунт не найден - martha80669_fun238
[25.07.2020 13:12:29, поток 2] Спарсили куки
[25.07.2020 13:12:30, поток 4] Спарсили куки
[25.07.2020 13:12:31, поток 0] Найден! - kozlov8998_noorani832
[25.07.2020 13:12:31, поток 2] Аккаунт не найден - andra9666_agostini943
[25.07.2020 13:12:32, поток 4] Аккаунт не найден - suzan809_sartori914
[25.07.2020 13:12:32, поток 3] Спарсили куки
[25.07.2020 13:12:37, поток 3] Аккаунт не найден - alison8665_amelia403
[25.07.2020 13:12:38, поток 1] Спарсили куки
[25.07.2020 13:12:40, поток 1] Найден! - bogdanova5088_costanzo487
[25.07.2020 13:12:42, поток 0] Спарсили куки
[25.07.2020 13:12:44, поток 4] Спарсили куки
[25.07.2020 13:12:44, поток 2] Спарсили куки
[25.07.2020 13:12:45, поток 0] Аккаунт не найден - hannah980_raid850
[25.07.2020 13:12:46, поток 2] Найден! - bernadette989_evdokia990
[25.07.2020 13:12:46, поток 4] Аккаунт не найден - adelia8_solveig848
[25.07.2020 13:12:49, поток 3] Спарсили куки
[25.07.2020 13:12:51, поток 3] Аккаунт не найден - deirdre9008_zita184
[25.07.2020 13:12:54, поток 1] Спарсили куки
[25.07.2020 13:12:58, поток 0] Спарсили куки
[25.07.2020 13:12:58, поток 1] Найден! - ivanova85666_donati858
[25.07.2020 13:12:58, поток 2] Спарсили куки
[25.07.2020 13:12:59, поток 4] Спарсили куки
[25.07.2020 13:13:00, поток 0] Найден! - bathsheba868_lutfullo629
[25.07.2020 13:13:01, поток 2] Аккаунт не найден - stephanie959_costantino547
[25.07.2020 13:13:04, поток 3] Спарсили куки
[25.07.2020 13:13:07, поток 3] Аккаунт не найден - imogene9059_gatto886
[25.07.2020 13:13:08, поток 4] Аккаунт не найден - kozlov8998_edwards509
[25.07.2020 13:13:10, поток 1] Спарсили куки
[25.07.2020 13:13:13, поток 1] Аккаунт не найден - megan55690_isolde615
[25.07.2020 13:13:13, поток 2] Спарсили куки
[25.07.2020 13:13:13, поток 0] Спарсили куки
[25.07.2020 13:13:15, поток 2] Найден! - madeleine5956_stevenson152
[25.07.2020 13:13:15, поток 0] Аккаунт не найден - hortense6590_villani374
[25.07.2020 13:13:18, поток 3] Спарсили куки
[25.07.2020 13:13:19, поток 4] Спарсили куки
[25.07.2020 13:13:19, поток 3] Аккаунт не найден - hester896_volpe409
[25.07.2020 13:13:20, поток 4] Аккаунт не найден - jasmin985088_milano737
[25.07.2020 13:13:24, поток 1] Спарсили куки
[25.07.2020 13:13:25, поток 1] Аккаунт не найден - kathlyn9998_robinson395
[25.07.2020 13:13:26, поток 0] Спарсили куки
[25.07.2020 13:13:26, поток 2] Спарсили куки
[25.07.2020 13:13:27, поток 2] Аккаунт не найден - juliay9_gibbs352
[25.07.2020 13:13:27, поток 0] Найден! - zoe5_evans469
[25.07.2020 13:13:30, поток 3] Спарсили куки
[25.07.2020 13:13:31, поток 4] Спарсили куки
[25.07.2020 13:13:31, поток 3] Аккаунт не найден - dora60_olivieri176
[25.07.2020 13:13:33, поток 4] Аккаунт не найден - rosalyn85665_caruso593
[25.07.2020 13:13:37, поток 1] Спарсили куки
[25.07.2020 13:13:38, поток 1] Аккаунт не найден - lizbeth80_tucker705
[25.07.2020 13:13:38, поток 0] Спарсили куки
[25.07.2020 13:13:38, поток 2] Спарсили куки
[25.07.2020 13:13:39, поток 0] Аккаунт не найден - brittney595006_andrews378
[25.07.2020 13:13:39, поток 2] Аккаунт не найден - mae966_robbins300
[25.07.2020 13:13:42, поток 3] Спарсили куки
[25.07.2020 13:13:43, поток 3] Аккаунт не найден - millicent688069_novella899
[25.07.2020 13:13:43, поток 4] Спарсили куки
[25.07.2020 13:13:44, поток 4] Аккаунт не найден - petukhova595688_bevilacqua928
[25.07.2020 13:13:49, поток 1] Спарсили куки
[25.07.2020 13:13:50, поток 0] Спарсили куки
[25.07.2020 13:13:50, поток 1] Аккаунт не найден - pauline95909_camilla881
[25.07.2020 13:13:50, поток 2] Спарсили куки
[25.07.2020 13:13:51, поток 0] Аккаунт не найден - tamsin6955_fleur440
[25.07.2020 13:13:51, поток 2] Аккаунт не найден - carmel9_hampton277
[25.07.2020 13:13:54, поток 3] Спарсили куки
[25.07.2020 13:13:59, поток 3] Аккаунт не найден - ruthy9969_rashid646
[25.07.2020 13:14:00, поток 4] Спарсили куки
[25.07.2020 13:14:02, поток 1] Спарсили куки
[25.07.2020 13:14:02, поток 4] Аккаунт не найден - sheryl598696_bereslava756
[25.07.2020 13:14:03, поток 0] Спарсили куки
[25.07.2020 13:14:03, поток 2] Спарсили куки
[25.07.2020 13:14:04, поток 1] Аккаунт не найден - yershov8885_valenti481
[25.07.2020 13:14:04, поток 0] Аккаунт не найден - ginger56668896_pulcheria316
[25.07.2020 13:14:04, поток 2] Найден! - meghan855958_grimaldi633
[25.07.2020 13:14:11, поток 3] Спарсили куки
[25.07.2020 13:14:15, поток 1] Спарсили куки
[25.07.2020 13:14:15, поток 0] Спарсили куки
[25.07.2020 13:14:16, поток 2] Спарсили куки
[25.07.2020 13:14:16, поток 1] Аккаунт не найден - sandra5595_astrid441
[25.07.2020 13:14:16, поток 0] Найден! - jody888_west107
[25.07.2020 13:14:17, поток 2] Аккаунт не найден - evangeline958_alfieri459
[25.07.2020 13:14:19, поток 3] Аккаунт не найден - ami8_judith562
[25.07.2020 13:14:20, поток 4] Спарсили куки
[25.07.2020 13:14:21, поток 4] Аккаунт не найден - berenice8899_hodges316
[25.07.2020 13:14:27, поток 1] Спарсили куки
[25.07.2020 13:14:27, поток 0] Спарсили куки
[25.07.2020 13:14:28, поток 1] Аккаунт не найден - lynn55_flight234
[25.07.2020 13:14:28, поток 2] Спарсили куки
[25.07.2020 13:14:29, поток 0] Аккаунт не найден - sophia6550_mckenzie769
[25.07.2020 13:14:30, поток 2] Найден! - iris600808_george400
[25.07.2020 13:14:30, поток 3] Спарсили куки
[25.07.2020 13:14:31, поток 3] Аккаунт не найден - agatha6965_nora872
[25.07.2020 13:14:32, поток 4] Спарсили куки
[25.07.2020 13:14:33, поток 4] Аккаунт не найден - scarlett6696_gulnura577
[25.07.2020 13:14:40, поток 1] Спарсили куки
[25.07.2020 13:14:40, поток 0] Спарсили куки
[25.07.2020 13:14:41, поток 2] Спарсили куки
[25.07.2020 13:14:41, поток 1] Найден! - joanna8_klimentina589
[25.07.2020 13:14:42, поток 0] Аккаунт не найден - antonia686_tabib734
[25.07.2020 13:14:42, поток 2] Аккаунт не найден - hilda8655_copeland557
[25.07.2020 13:14:43, поток 3] Спарсили куки
[25.07.2020 13:14:44, поток 3] Аккаунт не найден - erica95098_dorofei298
[25.07.2020 13:14:45, поток 4] Спарсили куки
[25.07.2020 13:14:46, поток 4] Аккаунт не найден - cecilia660_rashid115
[25.07.2020 13:14:53, поток 1] Спарсили куки
[25.07.2020 13:14:54, поток 2] Спарсили куки
[25.07.2020 13:14:54, поток 0] Спарсили куки
[25.07.2020 13:14:54, поток 1] Аккаунт не найден - cora599_holmes799
[25.07.2020 13:14:55, поток 2] Аккаунт не найден - anna569_dilorenzo264
[25.07.2020 13:14:55, поток 0] Аккаунт не найден - anne58069_pesce946
[25.07.2020 13:14:56, поток 3] Спарсили куки
[25.07.2020 13:14:58, поток 4] Спарсили куки
[25.07.2020 13:14:58, поток 3] Найден! - lorraine99686_lucas400
[25.07.2020 13:14:59, поток 4] Аккаунт не найден - margaret5660_rakia692
[25.07.2020 13:15:05, поток 1] Спарсили куки
[25.07.2020 13:15:06, поток 2] Спарсили куки
[25.07.2020 13:15:07, поток 1] Найден! - carol9990_anfisa852
[25.07.2020 13:15:07, поток 0] Спарсили куки
[25.07.2020 13:15:08, поток 2] Аккаунт не найден - doris9_cavallaro399
[25.07.2020 13:15:08, поток 0] Аккаунт не найден - rubyy9995_katib493
[25.07.2020 13:15:09, поток 3] Спарсили куки
[25.07.2020 13:15:10, поток 3] Аккаунт не найден - myra606_rania463
[25.07.2020 13:15:11, поток 4] Спарсили куки
[25.07.2020 13:15:12, поток 4] Аккаунт не найден - flora660_grossi160
[25.07.2020 13:15:17, поток 1] Спарсили куки
[25.07.2020 13:15:19, поток 1] Аккаунт не найден - lillian598_grandi822
[25.07.2020 13:15:19, поток 2] Спарсили куки
[25.07.2020 13:15:19, поток 0] Спарсили куки
[25.07.2020 13:15:20, поток 2] Аккаунт не найден - mariah0_fedele408
[25.07.2020 13:15:20, поток 0] Аккаунт не найден - betty6590_gianni439
[25.07.2020 13:15:21, поток 3] Спарсили куки
[25.07.2020 13:15:23, поток 3] Аккаунт не найден - cecilia660_dimauro810
[25.07.2020 13:15:24, поток 4] Спарсили куки
[25.07.2020 13:15:24, поток 4] Аккаунт не найден - claire98590_elmira489
[25.07.2020 13:15:30, поток 1] Спарсили куки
[25.07.2020 13:15:31, поток 1] Аккаунт не найден - fay566_fletcher363
[25.07.2020 13:15:31, поток 2] Спарсили куки
[25.07.2020 13:15:31, поток 0] Спарсили куки
[25.07.2020 13:15:33, поток 2] Аккаунт не найден - doris9_casali119
[25.07.2020 13:15:33, поток 0] Аккаунт не найден - rosamundy56658_rabi266
[25.07.2020 13:15:34, поток 3] Спарсили куки
[25.07.2020 13:15:34, поток 3] Аккаунт не найден - shanna558885_merritt658
[25.07.2020 13:15:35, поток 4] Спарсили куки
[25.07.2020 13:15:36, поток 4] Аккаунт не найден - shauna58_calo502
[25.07.2020 13:15:42, поток 1] Спарсили куки
[25.07.2020 13:15:44, поток 0] Спарсили куки
[25.07.2020 13:15:44, поток 2] Спарсили куки
[25.07.2020 13:15:44, поток 1] Аккаунт не найден - grace95506_greco852
[25.07.2020 13:15:45, поток 2] Аккаунт не найден - geraldine5000_taking875
[25.07.2020 13:15:45, поток 3] Спарсили куки
[25.07.2020 13:15:46, поток 0] Аккаунт не найден - iris600808_valeri751
[25.07.2020 13:15:46, поток 3] Аккаунт не найден - brittany5909_alice509
[25.07.2020 13:15:47, поток 4] Спарсили куки
[25.07.2020 13:15:48, поток 4] Аккаунт не найден - gromova9880_guidi678
[25.07.2020 13:15:55, поток 1] Спарсили куки
[25.07.2020 13:15:56, поток 1] Аккаунт не найден - ann86_lokmanya692
[25.07.2020 13:15:56, поток 2] Спарсили куки
[25.07.2020 13:15:57, поток 0] Спарсили куки
[25.07.2020 13:15:57, поток 3] Спарсили куки
[25.07.2020 13:15:57, поток 2] Аккаунт не найден - meredith9608_leonora584
[25.07.2020 13:15:58, поток 3] Аккаунт не найден - kelley896_bettini905
[25.07.2020 13:15:59, поток 4] Спарсили куки
[25.07.2020 13:16:01, поток 4] Аккаунт не найден - amice60869_durante240
[25.07.2020 13:16:07, поток 1] Спарсили куки
[25.07.2020 13:16:08, поток 1] Аккаунт не найден - popova55806889_fede335
[25.07.2020 13:16:08, поток 0] Аккаунт не найден - belyaeva5896_hilda160
[25.07.2020 13:16:09, поток 2] Спарсили куки
[25.07.2020 13:16:09, поток 3] Спарсили куки
[25.07.2020 13:16:11, поток 3] Аккаунт не найден - theodora566066_shelton192
[25.07.2020 13:16:11, поток 2] Аккаунт не найден - jean5_walters593
[25.07.2020 13:16:12, поток 4] Спарсили куки
[25.07.2020 13:16:14, поток 4] Аккаунт не найден - gabriella95_pesce378
[25.07.2020 13:16:19, поток 1] Спарсили куки
[25.07.2020 13:16:19, поток 0] Спарсили куки
[25.07.2020 13:16:20, поток 1] Аккаунт не найден - romanova80605_biondi506
[25.07.2020 13:16:20, поток 0] Найден! - hannah980_berry143
[25.07.2020 13:16:22, поток 3] Спарсили куки
[25.07.2020 13:16:22, поток 2] Спарсили куки
[25.07.2020 13:16:23, поток 3] Аккаунт не найден - ellen66966_badir745
[25.07.2020 13:16:23, поток 2] Аккаунт не найден - lynn55_aqeedah793
[25.07.2020 13:16:26, поток 4] Спарсили куки
[25.07.2020 13:16:28, поток 4] Аккаунт не найден - cornelia590956_maysara180
[25.07.2020 13:16:30, поток 1] Спарсили куки
[25.07.2020 13:16:31, поток 0] Спарсили куки
[25.07.2020 13:16:31, поток 1] Найден! - madeline590_turco576
[25.07.2020 13:16:32, поток 0] Найден! - sara5085_oksana165
[25.07.2020 13:16:34, поток 2] Спарсили куки
[25.07.2020 13:16:34, поток 3] Спарсили куки
[25.07.2020 13:16:35, поток 2] Найден! - eleanore95900_fedosov853
[25.07.2020 13:16:35, поток 3] Аккаунт не найден - hester896_greene882
[25.07.2020 13:16:39, поток 4] Спарсили куки
[25.07.2020 13:16:40, поток 4] Аккаунт не найден - stephany988_jefferson531
[25.07.2020 13:16:42, поток 1] Спарсили куки
[25.07.2020 13:16:43, поток 0] Спарсили куки
[25.07.2020 13:16:43, поток 1] Аккаунт не найден - josephine598_flowers806
[25.07.2020 13:16:44, поток 0] Найден! - blinov595080_capasso700
[25.07.2020 13:16:46, поток 2] Спарсили куки
[25.07.2020 13:16:46, поток 3] Спарсили куки
[25.07.2020 13:16:47, поток 2] Аккаунт не найден - polyakova8908_ferro701
[25.07.2020 13:16:47, поток 3] Аккаунт не найден - millicent688069_louise675
[25.07.2020 13:16:51, поток 4] Спарсили куки
[25.07.2020 13:16:52, поток 4] Аккаунт не найден - francine99596_all692
[25.07.2020 13:16:54, поток 1] Спарсили куки
[25.07.2020 13:16:55, поток 0] Спарсили куки
[25.07.2020 13:16:55, поток 1] Аккаунт не найден - debra98069_ricci535
[25.07.2020 13:16:57, поток 0] Аккаунт не найден - marcia50095_zita316
[25.07.2020 13:16:58, поток 3] Спарсили куки
[25.07.2020 13:16:58, поток 2] Спарсили куки
[25.07.2020 13:17:00, поток 2] Аккаунт не найден - sherilyn695_aliyah924
[25.07.2020 13:17:00, поток 3] Найден! - jemima8508686_camara238
[25.07.2020 13:17:03, поток 4] Спарсили куки
[25.07.2020 13:17:05, поток 4] Аккаунт не найден - posy690695_shafiya797
[25.07.2020 13:17:08, поток 1] Спарсили куки
[25.07.2020 13:17:09, поток 0] Спарсили куки
[25.07.2020 13:17:10, поток 1] Аккаунт не найден - rubyy9995_mcdaniel944
[25.07.2020 13:17:12, поток 0] Аккаунт не найден - rosamundy56658_yuventa185
[25.07.2020 13:17:12, поток 2] Спарсили куки
[25.07.2020 13:17:13, поток 2] Найден! - cecilia660_virineya308
[25.07.2020 13:17:16, поток 4] Спарсили куки
[25.07.2020 13:17:18, поток 4] Аккаунт не найден - thomasina6589_gatto467
[25.07.2020 13:17:18, поток 3] Спарсили куки
[25.07.2020 13:17:20, поток 3] Найден! - philomena65_white342
[25.07.2020 13:17:22, поток 1] Спарсили куки
[25.07.2020 13:17:23, поток 1] Аккаунт не найден - konovalova50898_thomas452
[25.07.2020 13:17:23, поток 0] Спарсили куки
[25.07.2020 13:17:24, поток 2] Спарсили куки
[25.07.2020 13:17:24, поток 0] Аккаунт не найден - deirdre9008_radomir924
[25.07.2020 13:17:25, поток 2] Аккаунт не найден - amy99096_rema552
[25.07.2020 13:17:30, поток 4] Спарсили куки
[25.07.2020 13:17:31, поток 4] Аккаунт не найден - orlov5666_gentili518
[25.07.2020 13:17:32, поток 3] Спарсили куки
[25.07.2020 13:17:37, поток 1] Спарсили куки
[25.07.2020 13:17:37, поток 0] Спарсили куки
[25.07.2020 13:17:37, поток 3] Аккаунт не найден - berenice8899_pitts134
[25.07.2020 13:17:39, поток 2] Спарсили куки
[25.07.2020 13:17:39, поток 1] Аккаунт не найден - ashley69986800_masi116
[25.07.2020 13:17:41, поток 0] Найден! - amber60_lyubava209
[25.07.2020 13:17:41, поток 2] Аккаунт не найден - jewely6608_aurora616
[25.07.2020 13:17:43, поток 4] Спарсили куки
[25.07.2020 13:17:46, поток 4] Аккаунт не найден - vorobyov99_dilara125
[25.07.2020 13:17:50, поток 3] Спарсили куки
[25.07.2020 13:17:54, поток 0] Спарсили куки
[25.07.2020 13:17:54, поток 3] Аккаунт не найден - carol9990_shelton713
[25.07.2020 13:17:55, поток 1] Спарсили куки
[25.07.2020 13:17:55, поток 2] Спарсили куки
[25.07.2020 13:17:56, поток 0] Аккаунт не найден - sara5085_ilgiz369
[25.07.2020 13:17:57, поток 2] Аккаунт не найден - patricia8686_francis102
[25.07.2020 13:17:57, поток 1] Аккаунт не найден - beryl9880_umid630
[25.07.2020 13:18:01, поток 4] Спарсили куки
[25.07.2020 13:18:03, поток 4] Аккаунт не найден - ginger56668896_lanza319
[25.07.2020 13:18:08, поток 0] Спарсили куки
[25.07.2020 13:18:10, поток 1] Спарсили куки
[25.07.2020 13:18:10, поток 3] Спарсили куки
[25.07.2020 13:18:10, поток 0] Найден! - tarasova688065_shepherd838
[25.07.2020 13:18:11, поток 2] Спарсили куки
[25.07.2020 13:18:11, поток 1] Аккаунт не найден - clemence5586_ruslan770
[25.07.2020 13:18:13, поток 3] Аккаунт не найден - marianna50659_barber911
[25.07.2020 13:18:15, поток 2] Аккаунт не найден - rosalyn85665_fantini503
[25.07.2020 13:18:15, поток 4] Спарсили куки
[25.07.2020 13:18:16, поток 4] Аккаунт не найден - penelopey550666_zainulla568
[25.07.2020 13:18:23, поток 0] Спарсили куки
[25.07.2020 13:18:24, поток 1] Спарсили куки
[25.07.2020 13:18:25, поток 3] Спарсили куки
[25.07.2020 13:18:25, поток 0] Аккаунт не найден - osipova69909_anthony457
[25.07.2020 13:18:27, поток 2] Спарсили куки
[25.07.2020 13:18:28, поток 3] Найден! - stella588_paul394
[25.07.2020 13:18:30, поток 4] Спарсили куки
[25.07.2020 13:18:30, поток 1] Аккаунт не найден - golubev960_firaya156
[25.07.2020 13:18:30, поток 2] Аккаунт не найден - jocelyn606_wells980
[25.07.2020 13:18:32, поток 4] Аккаунт не найден - semenova96_niall405
[25.07.2020 13:18:36, поток 0] Спарсили куки
[25.07.2020 13:18:37, поток 0] Аккаунт не найден - shanna558885_riva819
[25.07.2020 13:18:40, поток 3] Спарсили куки
[25.07.2020 13:18:41, поток 1] Спарсили куки
[25.07.2020 13:18:41, поток 3] Аккаунт не найден - brianne685559_fiori984
[25.07.2020 13:18:42, поток 2] Спарсили куки
[25.07.2020 13:18:42, поток 1] Аккаунт не найден - sharyl80665_milad579
[25.07.2020 13:18:43, поток 2] Аккаунт не найден - francine99596_molinari450
[25.07.2020 13:18:43, поток 4] Спарсили куки
[25.07.2020 13:18:44, поток 4] Аккаунт не найден - patricia8686_nicholson695
[25.07.2020 13:18:49, поток 0] Спарсили куки
[25.07.2020 13:18:51, поток 0] Аккаунт не найден - shauna58_anastasia245
[25.07.2020 13:18:54, поток 3] Спарсили куки
[25.07.2020 13:18:55, поток 1] Спарсили куки
[25.07.2020 13:18:55, поток 2] Спарсили куки
[25.07.2020 13:18:56, поток 3] Аккаунт не найден - adelia8_hampton830
[25.07.2020 13:18:56, поток 4] Спарсили куки
[25.07.2020 13:18:57, поток 1] Аккаунт не найден - millicent688069_rema381
[25.07.2020 13:18:57, поток 2] Аккаунт не найден - nikolaev56906500_massa148
[25.07.2020 13:18:58, поток 4] Аккаунт не найден - lynette865_chapman279
[25.07.2020 13:19:05, поток 0] Спарсили куки
[25.07.2020 13:19:08, поток 0] Аккаунт не найден - della0_beauty488
[25.07.2020 13:19:08, поток 3] Спарсили куки
[25.07.2020 13:19:08, поток 1] Спарсили куки
[25.07.2020 13:19:09, поток 2] Спарсили куки
[25.07.2020 13:19:11, поток 1] Аккаунт не найден - kristin99_joy439
[25.07.2020 13:19:11, поток 4] Спарсили куки
[25.07.2020 13:19:11, поток 3] Аккаунт не найден - maud9999_feofania175
[25.07.2020 13:19:11, поток 2] Аккаунт не найден - cora599_colli650
[25.07.2020 13:19:12, поток 4] Аккаунт не найден - elaine5555856_hensley905
[25.07.2020 13:19:19, поток 0] Спарсили куки
[25.07.2020 13:19:20, поток 0] Аккаунт не найден - alexina880_almira842
[25.07.2020 13:19:23, поток 1] Спарсили куки
[25.07.2020 13:19:24, поток 2] Спарсили куки
[25.07.2020 13:19:25, поток 3] Спарсили куки
[25.07.2020 13:19:25, поток 4] Спарсили куки
[25.07.2020 13:19:26, поток 1] Аккаунт не найден - ashlee0_claudius925
[25.07.2020 13:19:26, поток 3] Аккаунт не найден - jane69_diodorus726
[25.07.2020 13:19:26, поток 2] Аккаунт не найден - kelley896_ippolito718
[25.07.2020 13:19:26, поток 4] Аккаунт не найден - cori8965_kara352
[25.07.2020 13:19:32, поток 0] Спарсили куки
[25.07.2020 13:19:34, поток 0] Аккаунт не найден - sukhanov8955_vela673
[25.07.2020 13:19:38, поток 4] Спарсили куки
[25.07.2020 13:19:39, поток 3] Спарсили куки
[25.07.2020 13:19:40, поток 1] Спарсили куки
[25.07.2020 13:19:40, поток 2] Спарсили куки
[25.07.2020 13:19:40, поток 4] Аккаунт не найден - heather8560998_warren169
[25.07.2020 13:19:42, поток 1] Аккаунт не найден - ginger56668896_lily699
[25.07.2020 13:19:42, поток 3] Аккаунт не найден - flora660_dragomir875
[25.07.2020 13:19:46, поток 0] Спарсили куки
[25.07.2020 13:19:46, поток 2] Найден! - amice60869_lutfullo275
[25.07.2020 13:19:47, поток 0] Аккаунт не найден - tiffany9809_patti355
[25.07.2020 13:19:52, поток 4] Спарсили куки
[25.07.2020 13:19:54, поток 1] Спарсили куки
[25.07.2020 13:19:55, поток 4] Аккаунт не найден - ella66689_ida570
[25.07.2020 13:19:58, поток 3] Спарсили куки
[25.07.2020 13:19:58, поток 2] Спарсили куки
[25.07.2020 13:19:59, поток 1] Аккаунт не найден - paulina50_conte687
[25.07.2020 13:20:01, поток 3] Найден! - regina9959_mirdza198
[25.07.2020 13:20:01, поток 0] Спарсили куки
[25.07.2020 13:20:02, поток 2] Найден! - noreen8_agafya864
[25.07.2020 13:20:05, поток 0] Найден! - cori8965_munir823
[25.07.2020 13:20:07, поток 4] Спарсили куки
[25.07.2020 13:20:08, поток 4] Аккаунт не найден - holly508_dennis785
[25.07.2020 13:20:10, поток 1] Спарсили куки
[25.07.2020 13:20:11, поток 1] Аккаунт не найден - suzan809_rostagno669
[25.07.2020 13:20:12, поток 3] Спарсили куки
[25.07.2020 13:20:14, поток 3] Найден! - drusillay5580_pasquali589
[25.07.2020 13:20:14, поток 2] Спарсили куки
[25.07.2020 13:20:16, поток 2] Аккаунт не найден - matilda6_rota248
[25.07.2020 13:20:17, поток 0] Спарсили куки
[25.07.2020 13:20:18, поток 0] Найден! - constance95_zahra365
[25.07.2020 13:20:19, поток 4] Спарсили куки
[25.07.2020 13:20:22, поток 4] Аккаунт не найден - candace8056_russell372
[25.07.2020 13:20:24, поток 1] Спарсили куки
[25.07.2020 13:20:25, поток 3] Спарсили куки
[25.07.2020 13:20:25, поток 1] Найден! - gwen869059_corradi473
[25.07.2020 13:20:27, поток 3] Аккаунт не найден - romanova80605_riccio344
[25.07.2020 13:20:28, поток 2] Спарсили куки
[25.07.2020 13:20:30, поток 0] Спарсили куки
[25.07.2020 13:20:31, поток 2] Аккаунт не найден - rebecca59855_damiano522
[25.07.2020 13:20:32, поток 0] Найден! - ashlynn8860_islam746
[25.07.2020 13:20:33, поток 4] Спарсили куки
[25.07.2020 13:20:35, поток 4] Аккаунт не найден - felicia506900_mosley147
[25.07.2020 13:20:36, поток 1] Спарсили куки
[25.07.2020 13:20:37, поток 1] Аккаунт не найден - philippa9_colli706
[25.07.2020 13:20:37, поток 3] Спарсили куки
[25.07.2020 13:20:38, поток 3] Аккаунт не найден - vanessa88506_sarim265
[25.07.2020 13:20:43, поток 2] Спарсили куки
[25.07.2020 13:20:43, поток 0] Спарсили куки
[25.07.2020 13:20:45, поток 0] Аккаунт не найден - gromova9880_byrd976
[25.07.2020 13:20:47, поток 4] Спарсили куки
[25.07.2020 13:20:48, поток 2] Найден! - romanova80605_bucci238
[25.07.2020 13:20:50, поток 1] Спарсили куки
[25.07.2020 13:20:51, поток 4] Аккаунт не найден - sergeeva509_velislava734
[25.07.2020 13:20:51, поток 3] Спарсили куки
[25.07.2020 13:20:52, поток 1] Аккаунт не найден - clarissa8_young844
[25.07.2020 13:20:53, поток 3] Аккаунт не найден - sukhanov8955_owen223
[25.07.2020 13:20:56, поток 0] Спарсили куки
[25.07.2020 13:20:57, поток 0] Аккаунт не найден - shauna58_zilya197
[25.07.2020 13:20:59, поток 2] Спарсили куки
[25.07.2020 13:21:00, поток 2] Найден! - katherine6590_inga861
[25.07.2020 13:21:02, поток 4] Спарсили куки
[25.07.2020 13:21:03, поток 1] Спарсили куки
[25.07.2020 13:21:03, поток 4] Найден! - beverley668_fields434
[25.07.2020 13:21:05, поток 3] Спарсили куки
[25.07.2020 13:21:06, поток 1] Аккаунт не найден - davydova695956_lupi280
[25.07.2020 13:21:08, поток 3] Аккаунт не найден - virginia688_mayan852
[25.07.2020 13:21:08, поток 0] Спарсили куки
[25.07.2020 13:21:10, поток 0] Найден! - maximova6099_sadia832
[25.07.2020 13:21:11, поток 2] Спарсили куки
[25.07.2020 13:21:13, поток 2] Аккаунт не найден - karin9588_rossetti766
[25.07.2020 13:21:16, поток 4] Спарсили куки
[25.07.2020 13:21:18, поток 1] Спарсили куки
[25.07.2020 13:21:18, поток 4] Аккаунт не найден - efimova89_kamal800
[25.07.2020 13:21:20, поток 3] Спарсили куки
[25.07.2020 13:21:20, поток 1] Найден! - ellen66966_paoletti551
[25.07.2020 13:21:21, поток 3] Аккаунт не найден - allison5955_wood342
[25.07.2020 13:21:21, поток 0] Спарсили куки
[25.07.2020 13:21:22, поток 0] Аккаунт не найден - imogene9059_ramil498
[25.07.2020 13:21:29, поток 4] Спарсили куки
[25.07.2020 13:21:30, поток 4] Аккаунт не найден - daniella588_higgins977
[25.07.2020 13:21:31, поток 1] Спарсили куки
[25.07.2020 13:21:33, поток 1] Аккаунт не найден - antonia686_gayane811
[25.07.2020 13:21:34, поток 0] Спарсили куки
[25.07.2020 13:21:34, поток 3] Спарсили куки
[25.07.2020 13:21:35, поток 0] Аккаунт не найден - marjory65006_aella477
[25.07.2020 13:21:36, поток 3] Аккаунт не найден - primrosey6600_charles775
[25.07.2020 13:21:47, поток 3] Спарсили куки
[25.07.2020 13:21:49, поток 3] Найден! - mildred866_gaysha879
[25.07.2020 13:22:01, поток 3] Спарсили куки
[25.07.2020 13:22:02, поток 3] Аккаунт не найден - vorobyov99_aglaida726
