[01.04.2020 11:57:08, поток 5] Спарсили куки
[01.04.2020 11:57:08, поток 4] Спарсили куки
[01.04.2020 11:57:08, поток 2] Спарсили куки
[01.04.2020 11:57:09, поток 3] Спарсили куки
[01.04.2020 11:57:09, поток 2] Ошибка при регистрации - Georgiana886_Esposito342:VkwqP842YolIiDAboYUz
[01.04.2020 11:57:09, поток 4] Ошибка при регистрации - Georgiana886_Esposito342:VkwqP842YolIiDAboYUz
[01.04.2020 11:57:09, поток 5] Ошибка при регистрации - Georgiana886_Esposito757:VkwqP842YolIiDAboYUz
[01.04.2020 11:57:10, поток 5] Спарсили куки
[01.04.2020 11:57:11, поток 3] Ошибка при регистрации - Georgiana886_Esposito365:02d4q0XYfBW5PjrFEAWO
[01.04.2020 11:57:12, поток 5] Ошибка при регистрации - Georgiana886_Esposito252:XLLHJsy2nYFr5GZremXl
[01.04.2020 11:59:45, поток 3] Спарсили куки
[01.04.2020 11:59:45, поток 3] Спарсили куки
[01.04.2020 11:59:45, поток 3] Спарсили куки
[01.04.2020 11:59:48, поток 3] Чекпойнт - Frederica69_Andrews799:obok6Teb8S2B9T4iNUUK
[01.04.2020 11:59:48, поток 3] Чекпойнт - Frederica69_Andrews354:obok6Teb8S2B9T4iNUUK
[01.04.2020 11:59:49, поток 3] Чекпойнт - Frederica69_Andrews349:obok6Teb8S2B9T4iNUUK
[01.04.2020 11:59:57, поток 3] Спарсили куки
[01.04.2020 11:59:59, поток 3] Спарсили куки
[01.04.2020 12:00:01, поток 3] Спарсили куки
[01.04.2020 12:00:01, поток 3] Чекпойнт - Jodie99506_Wikia638:58CJXx2cbsrYPhTDPvny
[01.04.2020 12:00:04, поток 3] Чекпойнт - Jewely6608_Lucretius757:8iajRhvcrbL7mkrTFArk
[01.04.2020 12:00:06, поток 3] Чекпойнт - Avis858_Clemente456:pg3MF1wXgEbpu_GFrCII
[01.04.2020 12:00:11, поток 3] Спарсили куки
[01.04.2020 12:00:13, поток 3] Спарсили куки
[01.04.2020 12:00:16, поток 3] Спарсили куки
[01.04.2020 12:00:17, поток 3] Чекпойнт - Angelica5009_Lolli278:3c2VkkQYvuydmmGU4PZA
[01.04.2020 12:00:19, поток 3] Чекпойнт - Veselova589_Marcel173:6DRueVKYAeSC9ofjudbv
[01.04.2020 12:00:21, поток 3] Ошибка при регистрации - Sandra5595_Natalia419:f6XZ18e3YkfYDNlbBVg6
[01.04.2020 12:00:25, поток 3] Спарсили куки
[01.04.2020 12:00:25, поток 3] Спарсили куки
[01.04.2020 12:00:26, поток 3] Ошибка при регистрации - Anisimova6566_Wenceslas645:NjpU5zg_e5I_P34Ex5w_
[01.04.2020 12:00:27, поток 3] Ошибка при регистрации - Alexandrina508658_Predslava964:NjpU5zg_e5I_P34Ex5w_
[01.04.2020 12:00:28, поток 3] Спарсили куки
[01.04.2020 12:00:31, поток 3] Чекпойнт - Kimberly56909_Dilara257:wcv7Rb241BVuTcA6Dw1j
[01.04.2020 12:00:35, поток 3] Спарсили куки
[01.04.2020 12:00:36, поток 3] Спарсили куки
[01.04.2020 12:02:25, поток 3] Спарсили куки
[01.04.2020 12:02:25, поток 3] Спарсили куки
[01.04.2020 12:02:28, поток 3] Чекпойнт - Sheryl598696_Sima158:NjpU5zg_e5I_P34Ex5w_
[01.04.2020 12:02:28, поток 3] Чекпойнт - Sheryl598696_Sima540:NjpU5zg_e5I_P34Ex5w_
[01.04.2020 12:02:33, поток 2] Спарсили куки
[01.04.2020 12:02:35, поток 2] Ошибка при регистрации - Sheryl598696_Sima237:Y5QBgzH_d1CouEfEK29f
[01.04.2020 12:02:40, поток 3] Спарсили куки
[01.04.2020 12:02:49, поток 3] Спарсили куки
[01.04.2020 12:02:56, поток 3] Чекпойнт - Dayna0_Barbieri594:umbbuxSbcvyJuYrD2xas
[01.04.2020 12:03:06, поток 3] Ошибка при регистрации - April585086_Madina387:D8Jgq6Q6WbLHirZaGOLO
[01.04.2020 12:55:52, поток 2] Спарсили куки
[01.04.2020 12:55:52, поток 3] Спарсили куки
[01.04.2020 12:55:52, поток 2] Спарсили куки
[01.04.2020 12:55:53, поток 2] Ошибка при регистрации - Meagan5985_Tamara234:UehFHam7z2Bex6x5Jof2
[01.04.2020 13:00:33, поток 2] Спарсили куки
[01.04.2020 13:00:34, поток 2] Ошибка при регистрации - Grace95506_Lane538:Y5QBgzH_d1CouEfEK29f
[01.04.2020 13:00:40, поток 3] Спарсили куки
[01.04.2020 13:00:41, поток 3] Спарсили куки
[01.04.2020 13:00:42, поток 3] Ошибка при регистрации - Grace95506_Lane154:D8Jgq6Q6WbLHirZaGOLO
[01.04.2020 13:00:42, поток 3] Ошибка при регистрации - Zhuravlev906859_Angelica410:jR0tJyrady54POGEg0Nl
[01.04.2020 13:03:15, поток 1] Спарсили куки
[01.04.2020 13:03:16, поток 1] Ошибка при регистрации - Martina899860_Wilkerson720:9npLZGDYQOvlXr4zksfh
[01.04.2020 13:03:21, поток 1] Спарсили куки
[01.04.2020 13:03:25, поток 1] Чекпойнт - Dmitrieva6999_Castelli190:HZ2cHVtZAbMSeyGjHap2
[01.04.2020 13:03:36, поток 1] Спарсили куки
[01.04.2020 13:03:41, поток 1] Чекпойнт - Sophie8568_Maggio629:7xWp2bc518PAxml6_tFp
[01.04.2020 13:03:52, поток 1] Спарсили куки
[01.04.2020 13:04:02, поток 1] Чекпойнт - Lorena6058_Locatelli325:UehFHam7z2Bex6x5Jof2
[01.04.2020 13:04:09, поток 1] Спарсили куки
[01.04.2020 13:04:13, поток 1] Чекпойнт - Marcia50095_Maysara114:02d4q0XYfBW5PjrFEAWO
[01.04.2020 13:04:19, поток 1] Спарсили куки
[01.04.2020 13:04:20, поток 1] Ошибка при регистрации - Emily98856965_Ilan848:FydCNk0ZurssHwrURMmG
[01.04.2020 13:04:26, поток 1] Спарсили куки
[01.04.2020 13:04:28, поток 1] Чекпойнт - Ashley69986800_Felicia384:t2XgXr84mS2M5_lqNhyy
[01.04.2020 13:04:39, поток 1] Спарсили куки
[01.04.2020 13:04:47, поток 1] Чекпойнт - Erika8590_Bartolini372:gqbTPExaOFbV1LryqlK0
[01.04.2020 13:04:53, поток 1] Спарсили куки
[01.04.2020 13:04:56, поток 1] Чекпойнт - Hilda8655_Mercedes607:0xPSiTFb7PvRecfiiRhQ
[01.04.2020 13:05:03, поток 1] Спарсили куки
[01.04.2020 13:05:08, поток 1] Ошибка при регистрации - Cordelia88_Bell408:sHSm9lpXvx5OHbfUhRL4
[01.04.2020 13:05:14, поток 1] Спарсили куки
[01.04.2020 13:05:15, поток 1] Ошибка при регистрации - Sheila98995_Contini704:cW887Nl3I1CzqLNMLGdK
[01.04.2020 13:05:20, поток 1] Спарсили куки
[01.04.2020 13:05:26, поток 1] Чекпойнт - Berenice8899_Alevtina219:lHLQocS32EbfyTZ6qynd
[01.04.2020 13:05:35, поток 1] Спарсили куки
[01.04.2020 13:05:44, поток 1] Чекпойнт - Alexina880_Berry464:afobajBatleNHG4TAHDS
[01.04.2020 13:05:50, поток 1] Спарсили куки
[01.04.2020 13:05:51, поток 1] Ошибка при регистрации - Gromova9880_Larissa679:R4JoNpt7kIi5a4ZqT_bG
[01.04.2020 13:20:00, поток 3] Спарсили куки
[01.04.2020 13:20:01, поток 2] Спарсили куки
[01.04.2020 13:20:01, поток 2] Спарсили куки
[01.04.2020 13:20:02, поток 2] Ошибка при регистрации - Grace95506_Vasily298:pg3MF1wXgEbpu_GFrCII
[01.04.2020 13:20:03, поток 2] Чекпойнт - Grace95506_Vasily308:pg3MF1wXgEbpu_GFrCII
[01.04.2020 13:20:05, поток 3] Чекпойнт - Grace95506_Vasily370:JPM9m9V1Zrs3D3ZbS_Gt
[01.04.2020 13:20:10, поток 2] Спарсили куки
[01.04.2020 13:20:12, поток 2] Спарсили куки
[01.04.2020 13:20:12, поток 3] Спарсили куки
[01.04.2020 13:20:17, поток 2] Чекпойнт - Frolova9085_Yuventa582:XLLHJsy2nYFr5GZremXl
[01.04.2020 13:20:17, поток 3] Чекпойнт - Magdalene6096_Malan152:_vjhDcr33IiQTIy7V1aY
[01.04.2020 13:20:24, поток 2] Спарсили куки
[01.04.2020 13:20:24, поток 3] Спарсили куки
[01.04.2020 13:20:25, поток 2] Ошибка при регистрации - Meredith9608_Paula622:qS8Gc7F4XhZmiYNbXTuC
[01.04.2020 13:20:25, поток 3] Ошибка при регистрации - Dortha8895_Vanda867:qS8Gc7F4XhZmiYNbXTuC
[01.04.2020 13:20:26, поток 2] Ошибка при регистрации - Sandra5595_Belloni884:_vjhDcr33IiQTIy7V1aY
[01.04.2020 13:20:31, поток 2] Спарсили куки
[01.04.2020 13:20:32, поток 2] Спарсили куки
[01.04.2020 13:20:32, поток 3] Спарсили куки
[01.04.2020 13:20:35, поток 2] Чекпойнт - Christal6650_Neal600:WV1lmEO_PIiGXBGyUn6u
[01.04.2020 13:20:35, поток 2] Чекпойнт - Beryl9880_Nazir172:1niyF6p5WeS2DhyatQ8I
[01.04.2020 13:20:36, поток 3] Чекпойнт - Ruthy9969_Rebekah142:1niyF6p5WeS2DhyatQ8I
[01.04.2020 14:06:23, поток 1] Спарсили куки
[01.04.2020 14:06:26, поток 1] Чекпойнт - Francine99596_Haniyeh619:K9R3BFnZPLo011fy7qsn
[01.04.2020 14:06:38, поток 1] Спарсили куки
[01.04.2020 14:06:42, поток 1] Чекпойнт - Dorothy68095_Elmira113:AYuGwMW5GssiLpAMQ8Ib
[01.04.2020 14:06:49, поток 1] Спарсили куки
[01.04.2020 14:06:54, поток 1] Чекпойнт - Laura88889_Richardson641:umbbuxSbcvyJuYrD2xas
[01.04.2020 14:07:00, поток 1] Спарсили куки
[01.04.2020 14:07:02, поток 1] Ошибка при регистрации - Ethel580_Nile902:JPM9m9V1Zrs3D3ZbS_Gt
[01.04.2020 14:07:08, поток 1] Спарсили куки
[01.04.2020 14:07:12, поток 1] Чекпойнт - Merry996_Carboni214:VkwqP842YolIiDAboYUz
[01.04.2020 14:07:18, поток 1] Спарсили куки
[01.04.2020 14:07:20, поток 1] Ошибка при регистрации - Georgiana886_Piazza123:igwzusZ3mV86aQAr1jkr
[01.04.2020 14:07:27, поток 1] Спарсили куки
[01.04.2020 14:07:31, поток 1] Ошибка при регистрации - Meredith9608_Burns558:QKEuyja_uol8m6TUnKzM
[01.04.2020 14:07:39, поток 1] Спарсили куки
[01.04.2020 14:07:42, поток 1] Ошибка при регистрации - Evangeline958_Bettini568:gqbTPExaOFbV1LryqlK0
[01.04.2020 14:07:49, поток 1] Спарсили куки
[01.04.2020 14:07:53, поток 1] Чекпойнт - Shona9_Viviani913:umbbuxSbcvyJuYrD2xas
[01.04.2020 14:08:00, поток 1] Спарсили куки
[01.04.2020 14:08:04, поток 1] Чекпойнт - Meredith9608_Ryan553:JPM9m9V1Zrs3D3ZbS_Gt
[01.04.2020 14:08:10, поток 1] Спарсили куки
[01.04.2020 14:08:11, поток 1] Ошибка при регистрации - Molchanov609_Asilah393:XLLHJsy2nYFr5GZremXl
[01.04.2020 14:08:17, поток 1] Спарсили куки
[01.04.2020 14:08:19, поток 1] Ошибка при регистрации - Fedotov555650_Emma968:COFlT06Zf8PKutTEa7iU
[01.04.2020 14:08:30, поток 1] Спарсили куки
[01.04.2020 14:08:31, поток 1] Ошибка при регистрации - Ryabov69068_Holt795:zDKYLMv5HvyTqeZM3B4W
[01.04.2020 14:08:37, поток 1] Спарсили куки
[01.04.2020 14:08:41, поток 1] Чекпойнт - Frederica69_Carli837:dGD2VU4a8V8weJTi0WGE
[01.04.2020 14:08:48, поток 1] Спарсили куки
[01.04.2020 14:08:50, поток 1] Ошибка при регистрации - Millicent688069_Ella352:OUuOT506VZFXD1AacLZU
[01.04.2020 14:08:56, поток 1] Спарсили куки
[01.04.2020 14:08:57, поток 1] Ошибка при регистрации - Cynthia6856_Mansour250:ZpV645_7VW8liClazJm_
[01.04.2020 14:09:03, поток 1] Спарсили куки
[01.04.2020 14:09:06, поток 1] Чекпойнт - Sobolev99_Spano541:sHSm9lpXvx5OHbfUhRL4
[01.04.2020 14:09:18, поток 1] Спарсили куки
[01.04.2020 14:09:21, поток 1] Ошибка при регистрации - Amie506_Salome767:igwzusZ3mV86aQAr1jkr
[01.04.2020 14:09:28, поток 1] Спарсили куки
[01.04.2020 14:09:31, поток 1] Чекпойнт - Donna8656_Veronica527:wcv7Rb241BVuTcA6Dw1j
[01.04.2020 14:09:37, поток 1] Спарсили куки
[01.04.2020 14:09:38, поток 1] Ошибка при регистрации - ChastityЧ50550_Atkinson503:dGD2VU4a8V8weJTi0WGE
[01.04.2020 14:09:45, поток 1] Спарсили куки
[01.04.2020 14:09:46, поток 1] Ошибка при регистрации - Deirdre9008_Salvatore210:obok6Teb8S2B9T4iNUUK
[01.04.2020 14:09:52, поток 1] Спарсили куки
[01.04.2020 14:09:55, поток 1] Чекпойнт - Zakharova589_Angelina256:UehFHam7z2Bex6x5Jof2
[01.04.2020 14:14:58, поток 1] Спарсили куки
[01.04.2020 14:14:59, поток 1] Ошибка при регистрации - Philomena65_Samia770:bQtXypU8jFbL5EAppYpM
[01.04.2020 14:15:05, поток 1] Спарсили куки
[01.04.2020 14:15:09, поток 1] Чекпойнт - Andreeva8508_Hera499:vrqD3WjXBhZxee4jYgPp
[01.04.2020 14:15:19, поток 1] Спарсили куки
[01.04.2020 14:15:24, поток 1] Чекпойнт - Adelia8_Tina180:FydCNk0ZurssHwrURMmG
[01.04.2020 14:29:17, поток 5] Спарсили куки
[01.04.2020 14:29:17, поток 3] Спарсили куки
[01.04.2020 14:29:17, поток 4] Спарсили куки
[01.04.2020 14:29:17, поток 4] Спарсили куки
[01.04.2020 14:29:17, поток 4] Спарсили куки
[01.04.2020 14:29:18, поток 3] Ошибка при регистрации - Denisov66_Motta286:COFlT06Zf8PKutTEa7iU
[01.04.2020 14:29:20, поток 4] Чекпойнт - Denisov66_Motta623:COFlT06Zf8PKutTEa7iU
[01.04.2020 14:29:20, поток 5] Чекпойнт - Denisov66_Motta554:COFlT06Zf8PKutTEa7iU
[01.04.2020 14:29:21, поток 4] Чекпойнт - Denisov66_Motta655:COFlT06Zf8PKutTEa7iU
[01.04.2020 14:29:21, поток 4] Чекпойнт - Denisov66_Motta286:COFlT06Zf8PKutTEa7iU
[01.04.2020 14:29:25, поток 3] Спарсили куки
[01.04.2020 14:29:26, поток 3] Ошибка при регистрации - 89_Greene230:NjpU5zg_e5I_P34Ex5w_
[01.04.2020 14:29:26, поток 5] Спарсили куки
[01.04.2020 14:29:27, поток 4] Спарсили куки
[01.04.2020 14:29:27, поток 4] Спарсили куки
[01.04.2020 14:29:28, поток 4] Спарсили куки
[01.04.2020 14:29:29, поток 4] Ошибка при регистрации - Millicent688069_Sabina278:QKEuyja_uol8m6TUnKzM
[01.04.2020 14:29:31, поток 4] Чекпойнт - Lizbeth80_Tate277:QKEuyja_uol8m6TUnKzM
[01.04.2020 14:29:31, поток 4] Чекпойнт - Sharleen8650_Theresa331:wcv7Rb241BVuTcA6Dw1j
[01.04.2020 14:29:32, поток 5] Чекпойнт - Ilina96985_Theresa915:t2XgXr84mS2M5_lqNhyy
[01.04.2020 14:29:35, поток 3] Спарсили куки
[01.04.2020 14:29:35, поток 4] Спарсили куки
[01.04.2020 14:29:36, поток 3] Ошибка при регистрации - Melissa555695_Elina998:afobajBatleNHG4TAHDS
[01.04.2020 14:29:37, поток 4] Спарсили куки
[01.04.2020 14:29:37, поток 5] Спарсили куки
[01.04.2020 14:29:38, поток 4] Спарсили куки
[01.04.2020 14:29:39, поток 4] Ошибка при регистрации - Maryann888_Zara861:AYuGwMW5GssiLpAMQ8Ib
[01.04.2020 14:29:40, поток 4] Чекпойнт - Ponomareva6896_Zahra780:afobajBatleNHG4TAHDS
[01.04.2020 14:29:41, поток 5] Чекпойнт - Erica95098_Ferri199:dGD2VU4a8V8weJTi0WGE
[01.04.2020 14:29:42, поток 3] Спарсили куки
[01.04.2020 14:29:43, поток 4] Чекпойнт - Eugenia6065_Ayla346:dGD2VU4a8V8weJTi0WGE
[01.04.2020 14:29:45, поток 3] Чекпойнт - Amber60_Corso903:Gih6kqJ6kLoq5uyq6cPA
[01.04.2020 14:29:46, поток 5] Спарсили куки
[01.04.2020 14:29:50, поток 5] Чекпойнт - Ilene898_Rogers147:LtWxZL66GolxqzlLm6Wh
[01.04.2020 14:29:53, поток 4] Спарсили куки
[01.04.2020 14:29:55, поток 3] Спарсили куки
[01.04.2020 14:29:58, поток 5] Спарсили куки
[01.04.2020 14:30:01, поток 4] Чекпойнт - Kathlyn9998_Dorofei355:0xPSiTFb7PvRecfiiRhQ
[01.04.2020 14:30:01, поток 3] Чекпойнт - Christal6650_Battaglia544:2YnscD8cN8Pz1f4xZgkC
[01.04.2020 14:30:07, поток 5] Чекпойнт - Vivian95005868_Magni239:bQtXypU8jFbL5EAppYpM
[01.04.2020 14:30:07, поток 3] Спарсили куки
[01.04.2020 14:30:08, поток 4] Спарсили куки
[01.04.2020 14:30:09, поток 3] Ошибка при регистрации - Beverley668_Tonelli811:ySFdxGcYRR2W2hTzOvSb
[01.04.2020 14:30:12, поток 4] Чекпойнт - Sharlene590_Charlotte467:VkwqP842YolIiDAboYUz
[01.04.2020 18:14:36, поток 1] Спарсили куки
[01.04.2020 18:20:10, поток 1] Спарсили куки
[01.04.2020 18:21:02, поток 1] Чекпойнт - Merilyn5565_Veda602:fe2OCsiKgaUlLmRSO8zc
[01.04.2020 18:21:11, поток 1] Спарсили куки
[01.04.2020 18:21:19, поток 1] Чекпойнт - Belyaeva5896_Campana137:Dvex0AZPTDF9ApfDZjYj
[01.04.2020 18:26:49, поток 2] Спарсили куки
[01.04.2020 18:26:54, поток 2] Чекпойнт - Jasmine9550_Cara788:qaZt7fTpRRcct029dvvI
[01.04.2020 18:26:55, поток 4] Спарсили куки
[01.04.2020 18:26:56, поток 3] Спарсили куки
[01.04.2020 18:27:00, поток 5] Спарсили куки
[01.04.2020 18:27:03, поток 2] Спарсили куки
[01.04.2020 18:27:09, поток 2] Чекпойнт - Linette6808660_Waters957:onqosDOyY8rTrNaBVuOO
[01.04.2020 18:27:09, поток 4] Ошибка при регистрации - Annabella65698_Aster219:WtyZgGArXtBN7Veus04C
[01.04.2020 18:27:10, поток 5] Чекпойнт - Rachel58_Melton123:keb2DbBEVPyCdlIPUTfL
[01.04.2020 18:27:10, поток 5] Спарсили куки
[01.04.2020 18:27:10, поток 3] Чекпойнт - Kudryavtseva55_Cara879:VIV97pFUosPhYApNmcxJ
[01.04.2020 18:27:13, поток 5] Ошибка при регистрации - Kristina9658_Waters183:plI5ZPkKoKZxKlLuqIsH
[01.04.2020 18:27:16, поток 4] Спарсили куки
[01.04.2020 18:27:17, поток 3] Спарсили куки
[01.04.2020 18:27:22, поток 4] Чекпойнт - Janel50906_Orkiya762:knLxUCScKa7saLTM461q
[01.04.2020 18:27:23, поток 3] Чекпойнт - Antonova8959_Glafira192:JYbSxgytYLv9I1Dfcqra
[01.04.2020 18:27:25, поток 2] Спарсили куки
[01.04.2020 18:27:28, поток 2] Чекпойнт - Irene59066_Shams227:IdNnUszbJHoi_pIJzo2z
[01.04.2020 18:27:29, поток 5] Спарсили куки
[01.04.2020 18:27:35, поток 5] Спарсили куки
[01.04.2020 18:27:36, поток 2] Спарсили куки
[01.04.2020 18:27:38, поток 5] Чекпойнт - Mariah0_Birute271:3D5GQR2VU7s3mNn1RTv1
[01.04.2020 18:27:38, поток 4] Спарсили куки
[01.04.2020 18:27:38, поток 3] Спарсили куки
[01.04.2020 18:27:40, поток 2] Ошибка при регистрации - Sharlene590_Ruggiero597:ENnwpKATelfotBuNEuiP
[01.04.2020 18:27:40, поток 5] Ошибка при регистрации - Polyakova8908_Cara284:ehOEfTZAQjXfHHPPhrJj
[01.04.2020 18:27:41, поток 4] Чекпойнт - Delphia980_Aspasia354:G0fuW2nRpixF_ujvVVB_
[01.04.2020 18:27:42, поток 3] Чекпойнт - Darleen65050_Pisano231:DIbsvpFUNIhhka2EH_ow
[01.04.2020 18:27:47, поток 5] Спарсили куки
[01.04.2020 18:27:48, поток 2] Спарсили куки
[01.04.2020 18:27:52, поток 5] Спарсили куки
[01.04.2020 18:27:53, поток 5] Чекпойнт - Phebe9650_Dilara469:HUkDn2lVRDCUXyiWbaRL
[01.04.2020 18:27:55, поток 5] Чекпойнт - Lynette865_Niall861:cMHi5QmpBrLkhN2Ym_hR
[01.04.2020 18:27:57, поток 4] Спарсили куки
[01.04.2020 18:27:58, поток 5] Спарсили куки
[01.04.2020 18:27:59, поток 4] Ошибка при регистрации - Roberta5888988_Marfa176:tE1wPrnJ4T0X14pmyoaM
[01.04.2020 18:28:00, поток 2] Чекпойнт - Merilyn5565_Molteni741:pQLUgg6w6o0tGqfA1Uoi
[01.04.2020 18:28:02, поток 5] Чекпойнт - Loren95_Erika216:s7m2QQz8P_5ThKGqCZp_
[01.04.2020 18:36:30, поток 3] Спарсили куки
[01.04.2020 18:36:30, поток 3] Спарсили куки
[01.04.2020 18:36:30, поток 6] Спарсили куки
[01.04.2020 18:36:30, поток 2] Спарсили куки
[01.04.2020 18:36:30, поток 5] Спарсили куки
[01.04.2020 18:36:30, поток 10] Спарсили куки
[01.04.2020 18:36:31, поток 8] Спарсили куки
[01.04.2020 18:36:32, поток 5] Спарсили куки
[01.04.2020 18:36:32, поток 2] Ошибка при регистрации - Lynn55_Parker189:ITylYjwRhvFxZlnANkLG
[01.04.2020 18:36:33, поток 6] Ошибка при регистрации - Letitia8956_Gaziyan750:uJEymrR0OG1rlqhpm88j
[01.04.2020 18:36:33, поток 8] Ошибка при регистрации - Theodora566066_Simoni146:EpMu99EWWaJbHwMIugBQ
[01.04.2020 18:36:33, поток 5] Ошибка при регистрации - Erica95098_Ball405:gq2jksc_6Js6MM26XDoQ
[01.04.2020 18:36:34, поток 3] Ошибка при регистрации - Felicity598_Casagrande390:zXUFUE0kLhZSZ1cWt3Dd
[01.04.2020 18:36:35, поток 3] Чекпойнт - Brianna985_Hunter118:bsiw74_gEjGHdh_NB4iF
[01.04.2020 18:36:36, поток 5] Чекпойнт - Christina886_Barone449:uk1_2Ofbq5xh_00iUH5U
[01.04.2020 18:36:38, поток 10] Чекпойнт - Bertha809_Stewart163:qMRSXf39wZS5StERMTV6
[01.04.2020 18:36:39, поток 2] Спарсили куки
[01.04.2020 18:36:39, поток 6] Спарсили куки
[01.04.2020 18:36:39, поток 8] Спарсили куки
[01.04.2020 18:36:41, поток 8] Ошибка при регистрации - Kazakova569_Lazzari329:GAPHM4vw5wCSfp4lVHal
[01.04.2020 18:36:43, поток 2] Чекпойнт - Egorova558_Magda286:7KOrB9wGQe7_xv4NDmH8
[01.04.2020 18:36:44, поток 6] Чекпойнт - Tamsyn58_Lambert603:xBNDFDcBGNZziWTdy_L8
[01.04.2020 18:36:44, поток 10] Спарсили куки
[01.04.2020 18:36:49, поток 10] Чекпойнт - Lucy6096_Gusel467:wXxfSke3nijrrpVRyZ1r
[01.04.2020 18:36:55, поток 9] Спарсили куки
[01.04.2020 18:36:55, поток 5] Спарсили куки
[01.04.2020 18:36:56, поток 8] Спарсили куки
[01.04.2020 18:36:58, поток 2] Спарсили куки
[01.04.2020 18:36:59, поток 9] Чекпойнт - Bertina898_Khamis652:EoEBr6cbcGKeIMkIg7qd
[01.04.2020 18:36:59, поток 8] Чекпойнт - Loren95_Emma543:fNLHJq6MEuaZV6l4Ksns
[01.04.2020 18:37:00, поток 6] Спарсили куки
[01.04.2020 18:37:01, поток 5] Спарсили куки
[01.04.2020 18:37:01, поток 2] Чекпойнт - Angelica5009_Distefano755:rHTSazZcANEnmAhZNIP6
[01.04.2020 18:37:03, поток 6] Чекпойнт - Heather8560998_Agnes295:WJ4XlwHM2wLMZsNo3OW3
[01.04.2020 18:37:03, поток 3] Спарсили куки
[01.04.2020 18:37:04, поток 3] Спарсили куки
[01.04.2020 18:37:05, поток 10] Спарсили куки
[01.04.2020 18:37:08, поток 5] Чекпойнт - Mercy69_Gloria239:UpE2tuGBr3nSg81eQzqi
[01.04.2020 18:37:08, поток 10] Чекпойнт - Berniece0_Margarita371:usdbSotOu4RGxIHFGjo1
[01.04.2020 18:37:08, поток 8] Спарсили куки
[01.04.2020 18:37:10, поток 8] Спарсили куки
[01.04.2020 18:37:12, поток 5] Чекпойнт - Alberta86_Zulfiya865:mJxDqr35sq7cUQjy77xY
[01.04.2020 18:37:12, поток 2] Спарсили куки
[01.04.2020 18:37:12, поток 3] Чекпойнт - Hillary5805_Heath929:TNYN6mIt0NK5J1rrCn2u
[01.04.2020 18:37:14, поток 5] Спарсили куки
[01.04.2020 18:37:14, поток 9] Спарсили куки
[01.04.2020 18:37:18, поток 5] Спарсили куки
[01.04.2020 18:37:18, поток 9] Чекпойнт - Ashlie99_Bini791:TQ8lUCZhRMs59KKgkTyj
[01.04.2020 18:37:18, поток 10] Спарсили куки
[01.04.2020 18:37:18, поток 8] Ошибка при регистрации - Alexandrina508658_Mclaughlin627:ANuG0rnDwwqIGayrWVIq
[01.04.2020 18:37:18, поток 5] Чекпойнт - Ruthy9969_Taking267:q6ioBy7MVyIHfoZM4OcW
[01.04.2020 18:37:19, поток 3] Спарсили куки
[01.04.2020 18:37:19, поток 2] Чекпойнт - Georgina9088_Feodosiya139:uHF50sI9lq7CmFhC8Okn
[01.04.2020 18:37:21, поток 6] Спарсили куки
[01.04.2020 18:37:22, поток 5] Чекпойнт - Davydova695956_Lyailya247:ZyiFoQSsqrV3xBmWo2rZ
[01.04.2020 18:37:23, поток 8] Ошибка при регистрации - CharleenЧ88_Speranza621:KoK3zKkBE76QoglNLwrz
[01.04.2020 18:37:24, поток 6] Ошибка при регистрации - Paulina50_Oliva305:p3T7mR4KRpFagXfC6Vzz
[01.04.2020 18:37:24, поток 5] Спарсили куки
[01.04.2020 18:37:25, поток 10] Чекпойнт - Golubev960_Santoro375:N3_KTNxXvbWxvF0KLZPl
[01.04.2020 18:37:25, поток 8] Спарсили куки
[01.04.2020 18:37:28, поток 5] Чекпойнт - Colleen5899_Newton333:qQbGLslI4JZvM8GgVcwW
[01.04.2020 18:37:28, поток 5] Спарсили куки
[01.04.2020 18:37:28, поток 2] Спарсили куки
[01.04.2020 18:37:29, поток 8] Чекпойнт - Sylvia809_Griffith966:0px5Y7zBrXbsAcmbYavI
[01.04.2020 18:37:31, поток 5] Чекпойнт - Davydova695956_Tortora171:jAb_2wzvhgwP2m5qOXaO
[01.04.2020 18:37:31, поток 9] Спарсили куки
[01.04.2020 18:37:32, поток 3] Ошибка при регистрации - Shanon96059_Rose Flower218:jBWsLFxOsVyczcwp4x8t
[01.04.2020 18:37:32, поток 10] Спарсили куки
[01.04.2020 18:39:05, поток 8] Спарсили куки
[01.04.2020 18:39:05, поток 6] Спарсили куки
[01.04.2020 18:39:05, поток 3] Спарсили куки
[01.04.2020 18:39:05, поток 2] Спарсили куки
[01.04.2020 18:39:05, поток 5] Спарсили куки
[01.04.2020 18:39:05, поток 3] Спарсили куки
[01.04.2020 18:39:05, поток 10] Спарсили куки
[01.04.2020 18:39:05, поток 9] Спарсили куки
[01.04.2020 18:39:06, поток 6] Спарсили куки
[01.04.2020 18:39:06, поток 8] Спарсили куки
[01.04.2020 18:39:06, поток 8] Ошибка при регистрации - Solovaeva85888_Inga576:DeYfH40kjYkx3syBe8PV
[01.04.2020 18:39:06, поток 3] Ошибка при регистрации - Rosamundy56658_Vecchio867:m6sdnUh_KQYLgaKG4Sq6
[01.04.2020 18:39:06, поток 2] Ошибка при регистрации - Barbara565_Jennings109:jpUARDnM5YlK6KC5Ew1i
[01.04.2020 18:39:06, поток 10] Ошибка при регистрации - Shannon699_Mahfouz129:sPNsQrsDZUq8onr3biCT
[01.04.2020 18:39:07, поток 9] Ошибка при регистрации - Anisimova6566_Simoni297:J22Tb2hWHCwOrZ79gD6c
[01.04.2020 18:39:07, поток 5] Ошибка при регистрации - Ruthy9969_Roberts204:As_ORJqsp8DlnjntvFo6
[01.04.2020 18:39:08, поток 8] Ошибка при регистрации - Sophie8568_Nicoletti346:mXZnV4W_UfoDyekRxSu2
[01.04.2020 18:39:08, поток 6] Ошибка при регистрации - Egorova558_Darren797:TK7KMyi3sP9PQgGLF8H6
[01.04.2020 18:39:09, поток 6] Чекпойнт - Briana6056_Blessings308:ZunwPGoiG47MAKurCRRW
[01.04.2020 18:39:09, поток 3] Чекпойнт - Amber60_Fields818:WPREYOqcgVusMJ5oSqur
[01.04.2020 18:39:13, поток 10] Спарсили куки
[01.04.2020 18:39:13, поток 2] Спарсили куки
[01.04.2020 18:39:13, поток 9] Спарсили куки
[01.04.2020 18:39:13, поток 5] Спарсили куки
[01.04.2020 18:39:16, поток 2] Чекпойнт - Diane89_Dilorenzo870:s3Ci6HknNsjNPb820DO1
[01.04.2020 18:39:17, поток 9] Чекпойнт - Frolova9085_Arina104:JhVW4xRSAnqhhGYMb2nG
[01.04.2020 18:39:17, поток 5] Чекпойнт - Amber60_Lily646:Uj9qNOKM1j0iPUt03mWz
[01.04.2020 18:39:17, поток 10] Чекпойнт - Kulikova55_Zani266:dy8jgtn4z0cTMIJu0nDu
[01.04.2020 18:39:26, поток 8] Спарсили куки
[01.04.2020 18:39:27, поток 6] Спарсили куки
[01.04.2020 18:39:27, поток 6] Спарсили куки
[01.04.2020 18:39:27, поток 8] Спарсили куки
[01.04.2020 18:39:29, поток 3] Спарсили куки
[01.04.2020 18:39:30, поток 6] Ошибка при регистрации - Katherine6590_Banks526:w4Zd8u0dXCnoJwXY6hFM
[01.04.2020 18:39:31, поток 6] Чекпойнт - Merry996_Hristina408:wcZ6sJ4ehsHOJnQ7BDqE
[01.04.2020 18:39:32, поток 8] Чекпойнт - Amelia850_Marfa856:eZSyiNQP6WeuzgqcBg7g
[01.04.2020 18:39:33, поток 8] Чекпойнт - Eileen0_Chandler469:87Gtgt0CCbB4tEaFN6kT
[01.04.2020 18:39:33, поток 3] Чекпойнт - Osipova69909_Ella711:EpWD2Rq0YODonX4A7jw6
[01.04.2020 18:50:25, поток 4] Спарсили куки
[01.04.2020 18:50:26, поток 5] Спарсили куки
[01.04.2020 18:50:26, поток 4] Спарсили куки
[01.04.2020 18:50:26, поток 3] Спарсили куки
[01.04.2020 18:50:32, поток 4] Ошибка при регистрации - Lora9069_Torre925:p1pob5ejt5eB6PmxgUgf
[01.04.2020 18:50:32, поток 3] Чекпойнт - Anne58069_Tommasi605:FRoZNNlrOW2l8vuJ3mz4
[01.04.2020 18:50:34, поток 4] Спарсили куки
[01.04.2020 18:50:34, поток 5] Чекпойнт - Candice6885056_Simmons151:Zxk6mirrMAxcuBC8hr7N
[01.04.2020 18:50:35, поток 4] Чекпойнт - Poppy696_Osborne224:3T6yiLwzF9iWAqfKfnAu
[01.04.2020 18:50:39, поток 4] Спарсили куки
[01.04.2020 18:50:39, поток 4] Чекпойнт - Andreeva8508_Arena408:QQiKiodtbNZUx2L4hHPK
[01.04.2020 18:50:40, поток 4] Ошибка при регистрации - Molly9556_Azalea164:ccXtzzpcPL5IJBC8cle0
[01.04.2020 18:50:40, поток 4] Спарсили куки
[01.04.2020 18:50:45, поток 4] Чекпойнт - Crystal6500609_Zarima114:BwMjksnMsZfdpY8zgo4O
[01.04.2020 18:50:47, поток 4] Спарсили куки
[01.04.2020 18:50:52, поток 4] Чекпойнт - Andrea690_Bernardi655:G2H4g99PzbuXC3dYRiTZ
[01.04.2020 18:50:52, поток 4] Спарсили куки
[01.04.2020 18:50:57, поток 4] Чекпойнт - Ponomareva6896_Manning872:63BLCOJhHek_HmxJys4K
[01.04.2020 18:50:58, поток 4] Спарсили куки
[01.04.2020 18:50:59, поток 5] Спарсили куки
[01.04.2020 18:50:59, поток 3] Спарсили куки
[01.04.2020 18:51:00, поток 4] Ошибка при регистрации - Drusillay5580_Visconti104:idKFtx_u5xFIeYxSeIyj
[01.04.2020 18:51:01, поток 3] Ошибка при регистрации - Allyson56859560_Regina907:iZ4aJjrciC3pEx_5entq
[01.04.2020 18:51:02, поток 4] Спарсили куки
[01.04.2020 18:51:03, поток 5] Чекпойнт - Joan55_Lentini985:GpRWZpiotONBtJxCUsUs
[01.04.2020 18:51:06, поток 4] Спарсили куки
[01.04.2020 18:51:06, поток 3] Спарсили куки
[01.04.2020 18:51:07, поток 4] Ошибка при регистрации - Lily56896_Poletti407:xFPTjLb4k3OciElSgbyT
[01.04.2020 18:51:07, поток 4] Чекпойнт - Suzanna6088_Murphy693:1bZtjieUsjtIAxMQ_W3h
[01.04.2020 18:57:08, поток 1] Спарсили куки
[01.04.2020 18:57:12, поток 1] Чекпойнт - Danilova5689_Asia318:UQqbQUkPBgEl6YcyP5L9
[01.04.2020 18:57:18, поток 1] Спарсили куки
[01.04.2020 18:57:22, поток 1] Чекпойнт - Smirnova585_Romeo239:KSMIqGtsj0qtIgH4j1hB
[01.04.2020 18:57:31, поток 1] Спарсили куки
[01.04.2020 18:57:39, поток 1] Чекпойнт - Loraine80589_Taj431:tPoenU2M0agbVoM_7tmv
[01.04.2020 18:57:47, поток 1] Спарсили куки
[01.04.2020 18:57:50, поток 1] Ошибка при регистрации - Dulcie5658_Cummings279:p9GVMW802syoFntScUCZ
[01.04.2020 18:57:57, поток 1] Спарсили куки
[01.04.2020 18:58:02, поток 1] Чекпойнт - Mavis8059_Diana195:GSTXTgdZn6LxXH7XZtky
[01.04.2020 18:58:08, поток 1] Спарсили куки
[01.04.2020 18:58:13, поток 1] Чекпойнт - Marion885_Rusal884:cquSJpHiVutNeQavmlRL
[01.04.2020 18:58:19, поток 1] Спарсили куки
[01.04.2020 18:58:23, поток 1] Чекпойнт - Alekseeva55856008_Mansour507:wBlNOIleXlqYKPPsXruW
[01.04.2020 18:58:31, поток 1] Спарсили куки
[01.04.2020 18:58:40, поток 1] Чекпойнт - Fay566_Elena642:gnWF4eQs8TY24jOOjjRa
[01.04.2020 18:58:51, поток 1] Спарсили куки
[01.04.2020 18:59:01, поток 3] Спарсили куки
[01.04.2020 18:59:01, поток 5] Спарсили куки
[01.04.2020 18:59:02, поток 3] Спарсили куки
[01.04.2020 18:59:04, поток 3] Ошибка при регистрации - Liliana80_Shahada227:_vNd96ApxVcgrdJ3S6vy
[01.04.2020 18:59:04, поток 3] Ошибка при регистрации - Sandra5595_Cenci722:zuzKaNO3CkWzrfAdDMPr
[01.04.2020 18:59:06, поток 5] Чекпойнт - Violet850_Thompson268:nUMHJmm0zVVVtYVJEhNJ
[01.04.2020 18:59:10, поток 4] Спарсили куки
[01.04.2020 18:59:10, поток 3] Спарсили куки
[01.04.2020 18:59:10, поток 3] Спарсили куки
[01.04.2020 18:59:11, поток 3] Ошибка при регистрации - Brookey9888686_Elia590:cj6_1aCeE4zVlelHwTFJ
[01.04.2020 18:59:15, поток 3] Чекпойнт - Nora60895_Tair882:_IwTU5WVc1jmqXKZIDyb
[01.04.2020 18:59:16, поток 4] Ошибка при регистрации - Berniece0_Phelps159:rknjBMt2ZtH614k7IbkI
[01.04.2020 18:59:18, поток 5] Спарсили куки
[01.04.2020 18:59:20, поток 3] Спарсили куки
[01.04.2020 18:59:22, поток 3] Спарсили куки
[01.04.2020 18:59:22, поток 4] Спарсили куки
[01.04.2020 18:59:23, поток 2] Спарсили куки
[01.04.2020 18:59:26, поток 4] Чекпойнт - Shavonne60698_Salerno156:f10xxE5XvHRWgjBQaWf7
[01.04.2020 18:59:27, поток 3] Чекпойнт - Gwen869059_Inna372:_vf4xOlpoUQAFE9rwjCw
[01.04.2020 18:59:29, поток 3] Чекпойнт - Beatrix6566_Faiz953:Po2B_hbkaLJ7kI14bTR6
[01.04.2020 18:59:30, поток 5] Чекпойнт - Candice6885056_Stewart753:XuvRmjpJ748CyM87nUSq
[01.04.2020 18:59:33, поток 2] Чекпойнт - Pearl58808055_Alina343:e2O2hkBFuui8xTGHkfJu
[01.04.2020 18:59:35, поток 3] Спарсили куки
[01.04.2020 18:59:37, поток 3] Спарсили куки
[01.04.2020 18:59:38, поток 5] Спарсили куки
[01.04.2020 18:59:38, поток 4] Спарсили куки
[01.04.2020 18:59:39, поток 5] Ошибка при регистрации - Brianne685559_Evlampiev936:uwvWDvbrlYbiZuFXzRvo
[01.04.2020 18:59:39, поток 3] Чекпойнт - Sorokin58_York411:31TFFT3r6M81KDHHYHPK
[01.04.2020 18:59:40, поток 2] Спарсили куки
[01.04.2020 18:59:41, поток 3] Чекпойнт - Myrtle568_Rich432:tWxVmdFF7rmQ7qVolAfh
[01.04.2020 18:59:41, поток 2] Ошибка при регистрации - Sandra5595_Ramsay266:eUAoepd9gV_85ZzvdNzb
[01.04.2020 18:59:43, поток 4] Чекпойнт - Avice998055_Violetta437:W0e_Ra0ahnlUBsbIAFhW
[01.04.2020 19:00:32, поток 1] Ошибка при регистрации - Shona9_Velislava240:ZV11w0MTPZEtCyT7Uz6C
[01.04.2020 19:13:23, поток 3] Спарсили куки
[01.04.2020 19:13:23, поток 5] Спарсили куки
[01.04.2020 19:13:24, поток 4] Спарсили куки
[01.04.2020 19:13:24, поток 3] Спарсили куки
[01.04.2020 19:13:26, поток 3] Спарсили куки
[01.04.2020 19:13:29, поток 4] Чекпойнт - Belousov806_Pozzi437:2JTnFufQMJgLZgyocZh2
[01.04.2020 19:13:29, поток 5] Чекпойнт - Marjory65006_French944:DDarFPeXERq5z4EP1oSV
[01.04.2020 19:13:31, поток 3] Чекпойнт - Daisy65080_Papi788:kmf_Qzj5p2uPywWwaVCt
[01.04.2020 19:13:32, поток 3] Чекпойнт - Laurel88_Daniel679:_yRlYgpmSzIy8nnlXmEf
[01.04.2020 19:13:34, поток 3] Чекпойнт - Clare65890_Olivieri385:tZZ68T7R8qNJVnB4HxBA
[01.04.2020 19:13:35, поток 5] Спарсили куки
[01.04.2020 19:13:36, поток 4] Спарсили куки
[01.04.2020 19:13:37, поток 3] Спарсили куки
[01.04.2020 19:13:38, поток 3] Спарсили куки
[01.04.2020 19:13:40, поток 3] Спарсили куки
[01.04.2020 19:13:41, поток 3] Ошибка при регистрации - Rosa988009_Vassa822:EV4FIadhxTPgjlo4h4gk
[01.04.2020 19:13:42, поток 4] Чекпойнт - Elfreda5556_Celestine342:nno4chIYxCpGons5pEzO
[01.04.2020 19:13:42, поток 3] Чекпойнт - Coral986_Stella143:XCrNRZusNCzlEc2i10IC
[01.04.2020 19:13:42, поток 3] Чекпойнт - Martina899860_Irada249:8dBPTiD_SJw0WoyqWb_a
[01.04.2020 19:13:45, поток 5] Ошибка при регистрации - Philomena65_Pinto585:CBlx78mh52wqKX7jwrGr
[01.04.2020 19:13:48, поток 4] Спарсили куки
[01.04.2020 19:13:48, поток 3] Спарсили куки
[01.04.2020 19:13:49, поток 3] Спарсили куки
[01.04.2020 19:13:51, поток 5] Спарсили куки
[01.04.2020 19:13:53, поток 4] Чекпойнт - Brianne685559_Chiari822:wGHRvgO2y_uuie7Loztm
[01.04.2020 19:13:55, поток 5] Чекпойнт - Filippova9_Razia316:ELqdkJ2ayS3tXtZ1x0HG
[01.04.2020 19:13:58, поток 3] Чекпойнт - Kuzmina6658_Pauline918:6g3u5CwXlsQ9Hzh8tTmC
[01.04.2020 19:13:59, поток 4] Спарсили куки
[01.04.2020 19:14:01, поток 5] Спарсили куки
[01.04.2020 19:14:02, поток 3] Ошибка при регистрации - Shcherbakova5_Aida492:Lt1BC0QtkhcH7_OFmriA
[01.04.2020 19:14:03, поток 4] Чекпойнт - Rosamond69_Amore502:CDKUVxb5ucxNjoqTz5O8
[01.04.2020 19:14:05, поток 5] Чекпойнт - Phebe9650_Pepe351:zSlFGOSaFGeoexF2_u4v
[01.04.2020 19:14:06, поток 3] Спарсили куки
[01.04.2020 19:14:09, поток 3] Ошибка при регистрации - Madlyn895_Belloni918:qRwo5DpXjDGGO7GVC03C
[01.04.2020 19:14:10, поток 4] Спарсили куки
[01.04.2020 19:14:10, поток 3] Спарсили куки
[01.04.2020 19:14:10, поток 3] Спарсили куки
[01.04.2020 19:14:12, поток 5] Спарсили куки
[01.04.2020 19:14:13, поток 3] Ошибка при регистрации - Panina685_Nanni520:Y1VaJY1ZMgyGqw4U_Syc
[01.04.2020 19:14:14, поток 3] Чекпойнт - Solovaeva85888_Yuliya966:8dRSu3j5QfEeuB0ATtaa
[01.04.2020 19:14:15, поток 4] Чекпойнт - Shanon96059_Agostini175:kamGcgfrTJ0PbyL3FEXo
[01.04.2020 19:14:15, поток 3] Спарсили куки
[01.04.2020 19:14:16, поток 3] Ошибка при регистрации - Lucinda5098_Nursi750:TKA7QIdpRr7Qm0VFo9Jh
[01.04.2020 19:14:18, поток 5] Чекпойнт - Lauren6_Sibyl794:yikeNdXWRge0ajrNYjQA
[01.04.2020 19:14:23, поток 3] Спарсили куки
[01.04.2020 19:14:24, поток 4] Спарсили куки
[01.04.2020 19:14:26, поток 5] Спарсили куки
[01.04.2020 19:14:29, поток 3] Чекпойнт - Margaret5660_Carrara815:pmvyFG5evd04L94ha5lf
[01.04.2020 19:14:31, поток 4] Чекпойнт - Bethany6088_Rakia885:iUrWxVTSCrx0upTOABFz
[01.04.2020 19:14:34, поток 5] Чекпойнт - Sheila98995_Pepe785:30THTkzNIaizp5EoYND1
[01.04.2020 19:14:37, поток 3] Спарсили куки
[01.04.2020 19:14:38, поток 4] Спарсили куки
[01.04.2020 19:14:41, поток 5] Спарсили куки
[01.04.2020 19:14:44, поток 3] Ошибка при регистрации - Debra98069_Fatima413:jEonvnOECbXRGeS_ciQR
[01.04.2020 19:14:45, поток 4] Чекпойнт - Kelley896_Paul823:ZVcXDZZQi1O91Eo1K77g
[01.04.2020 19:14:48, поток 5] Чекпойнт - Erica95098_Conte472:IZSxI2ecfLj1sNphzeva
[01.04.2020 19:34:36, поток 1] Спарсили куки
[01.04.2020 19:34:38, поток 1] Ошибка при регистрации - Melinda58_Adriana624:i27kierwl3cFDkWOS1Ia
[01.04.2020 19:34:41, поток 5] Спарсили куки
[01.04.2020 19:34:42, поток 9] Спарсили куки
[01.04.2020 19:34:42, поток 9] Спарсили куки
[01.04.2020 19:34:43, поток 9] Спарсили куки
[01.04.2020 19:34:44, поток 10] Спарсили куки
[01.04.2020 19:34:45, поток 1] Спарсили куки
[01.04.2020 19:34:47, поток 4] Спарсили куки
[01.04.2020 19:34:47, поток 2] Спарсили куки
[01.04.2020 19:34:47, поток 5] Чекпойнт - Merry996_Ludwig368:b1uqMfbQ_wVTL1l_8zR_
[01.04.2020 19:34:48, поток 9] Чекпойнт - Golubev960_Ryan251:PDeevnarllK9cbpQGcQE
[01.04.2020 19:34:49, поток 9] Чекпойнт - Norah656_Lyalya483:JLg6b5e1bby_bLD710mL
[01.04.2020 19:34:49, поток 4] Спарсили куки
[01.04.2020 19:34:50, поток 9] Ошибка при регистрации - Verity50850_Underwood669:9h42GHEwWGBvf8JU7i7j
[01.04.2020 19:34:51, поток 3] Спарсили куки
[01.04.2020 19:34:51, поток 4] Ошибка при регистрации - Lauren6_Messina410:v3nfQVQe0IJCiZq9UUsa
[01.04.2020 19:34:51, поток 4] Ошибка при регистрации - Rachel58_Scala231:1nSyvd9XZTRrYIwBBarO
[01.04.2020 19:34:52, поток 2] Чекпойнт - Gerasimov50869_Darius401:rEOwUyzPdTo9nMoM1_la
[01.04.2020 19:34:52, поток 1] Чекпойнт - Kuzmina6658_Dilara168:YN1NdThONCqSdHE9x_Us
[01.04.2020 19:34:56, поток 10] Чекпойнт - Coleen6086_Papi327:GRjfSA8KfdlCNVM_ivXe
[01.04.2020 19:34:56, поток 9] Спарсили куки
[01.04.2020 19:34:56, поток 3] Чекпойнт - Patience656_Vidana673:ASMXsyBHFNVQGWIR9cW0
[01.04.2020 19:34:58, поток 4] Спарсили куки
[01.04.2020 19:34:58, поток 4] Спарсили куки
[01.04.2020 19:34:59, поток 5] Спарсили куки
[01.04.2020 19:34:59, поток 9] Спарсили куки
[01.04.2020 19:34:59, поток 9] Спарсили куки
[01.04.2020 19:35:00, поток 2] Спарсили куки
[01.04.2020 19:35:00, поток 9] Ошибка при регистрации - Hannah980_Lombardo983:wK4j3OWUuNQaAwsmJzzo
[01.04.2020 19:35:01, поток 5] Ошибка при регистрации - Mercy69_Gambino534:usvu9cO9UoAcPBvb8l4x
[01.04.2020 19:35:02, поток 6] Спарсили куки
[01.04.2020 19:35:02, поток 2] Ошибка при регистрации - Colleen5899_Nazif964:akrRXZ5LdnAtEnLIFBqO
[01.04.2020 19:35:02, поток 10] Спарсили куки
[01.04.2020 19:35:03, поток 4] Чекпойнт - Alexandrov9958_Mora283:KkITn75LXEqvDt2uxhIG
[01.04.2020 19:35:03, поток 9] Чекпойнт - Virginia688_Zamboni110:A62qU9VwGlpIM71QxWS0
[01.04.2020 19:35:04, поток 4] Чекпойнт - Flora660_Thompson349:P2tNNicP90B7SucPEOQD
[01.04.2020 19:35:06, поток 6] Чекпойнт - Gwendolyn0_Marchesi551:tGjQp0DODZuN4no1ICsI
[01.04.2020 19:35:06, поток 9] Чекпойнт - Merry996_Harrison536:LzyX6GaNbd3c_pGDSeRm
[01.04.2020 19:35:06, поток 1] Спарсили куки
[01.04.2020 19:35:07, поток 5] Спарсили куки
[01.04.2020 19:35:08, поток 10] Чекпойнт - Lynn55_Yanit500:P5yv5i5lRFqm0lNxgAoB
[01.04.2020 19:35:09, поток 2] Спарсили куки
[01.04.2020 19:35:10, поток 9] Спарсили куки
[01.04.2020 19:35:11, поток 9] Ошибка при регистрации - Jocelyn606_Khadija717:hZZIJXCs73gCyRyHFIVQ
[01.04.2020 19:35:12, поток 1] Чекпойнт - Blinov595080_Quaranta183:iJkHi3lh1jggUKPjlJIT
[01.04.2020 19:35:12, поток 9] Спарсили куки
[01.04.2020 19:35:12, поток 4] Спарсили куки
[01.04.2020 19:35:12, поток 5] Чекпойнт - Christal6650_Agape131:5W1_ftXVZBohowmjo2pd
[01.04.2020 19:35:13, поток 2] Чекпойнт - Adela90_Simone726:P6h4TUaxPNIxQHFJpq8_
[01.04.2020 19:35:14, поток 4] Спарсили куки
[01.04.2020 19:35:14, поток 10] Спарсили куки
[01.04.2020 19:35:15, поток 6] Спарсили куки
[01.04.2020 19:35:16, поток 10] Ошибка при регистрации - Golubev960_Mazzoni372:DTUSumwBCqlL6JkgInh5
[01.04.2020 19:35:17, поток 9] Чекпойнт - Maximova6099_Watkins281:npvXobw_iWWwiiCvKO3w
[01.04.2020 19:35:17, поток 9] Спарсили куки
[01.04.2020 19:35:17, поток 4] Чекпойнт - Eugenia6065_Craig738:Hpc7OPd3rbacl6WPmWda
[01.04.2020 19:35:18, поток 6] Ошибка при регистрации - Markov58690_Fletcher131:yMdBVYWSbkwT_5zwyLvY
[01.04.2020 19:35:18, поток 4] Чекпойнт - Cordelia88_Gloria769:5HVE7PtBdYP7FiHN12Un
[01.04.2020 19:35:19, поток 1] Спарсили куки
[01.04.2020 19:35:22, поток 5] Спарсили куки
[01.04.2020 19:35:22, поток 2] Спарсили куки
[01.04.2020 19:35:23, поток 9] Чекпойнт - Daniela506550_Hera296:EHnTldVln6Cz9Fcarj3n
[01.04.2020 19:35:27, поток 5] Чекпойнт - Beverly9506_Grace930:79gBmuWzfuVVK8u2nJkp
[01.04.2020 19:35:27, поток 1] Ошибка при регистрации - Linda609_Nadiya472:yM9PZwhHk7xpFERrcKxE
[01.04.2020 19:35:28, поток 2] Чекпойнт - Judithy65555_Leo535:vBaNx417C49nkP8uyidZ
