[16.10.2022 18:09:30, поток 0] Parsing cookies...
[16.10.2022 18:09:31, поток 0] Cookie parsing
[16.10.2022 18:09:31, поток 0] Got cookies...
[16.10.2022 18:09:31, поток 0] We start parsing...
[16.10.2022 18:09:42, поток 0] The part was parsed...
[16.10.2022 18:09:42, поток 0] The part was parsed...
[16.10.2022 18:09:42, поток 0] The part was parsed...
[16.10.2022 18:09:42, поток 0] The competitor parsing "7794975366" is over!
[16.10.2022 18:09:43, поток 0] Parsing cookies...
[16.10.2022 18:09:44, поток 0] Cookie parsing
[16.10.2022 18:09:44, поток 0] Got cookies...
[16.10.2022 18:09:44, поток 0] We start parsing...
[16.10.2022 18:09:53, поток 0] The part was parsed...
[16.10.2022 18:09:53, поток 0] The part was parsed...
[16.10.2022 18:09:53, поток 0] The competitor parsing "7591602816" is over!
[16.10.2022 18:09:54, поток 0] Parsing cookies...
[16.10.2022 18:09:55, поток 0] Cookie parsing
[16.10.2022 18:09:55, поток 0] Got cookies...
[16.10.2022 18:09:55, поток 0] We start parsing...
[16.10.2022 18:10:01, поток 0] Checkpoint - diagnost.gomel:ananaS2022
[16.10.2022 18:10:01, поток 0] [DEBUG] Change account.
[16.10.2022 18:10:01, поток 0] Parsing cookies...
[16.10.2022 18:10:01, поток 0] Cookie parsing
[16.10.2022 18:10:01, поток 0] Got cookies...
[16.10.2022 18:10:01, поток 0] We start parsing...
[16.10.2022 18:10:04, поток 0] Checkpoint - diagnost.gomel:ananaS2022
[16.10.2022 18:10:04, поток 0] [DEBUG] Change account.
[16.10.2022 18:10:04, поток 0] Parsing cookies...
[16.10.2022 18:10:05, поток 0] Cookie parsing
[16.10.2022 18:10:05, поток 0] Got cookies...
[16.10.2022 18:10:05, поток 0] We start parsing...
